
. tab age mother_5 if woman

  Age in 5 |
      year |       mother_5
    groups |         0          1 |     Total
-----------+----------------------+----------
         0 |   243,273          0 |   243,273 
         5 |   278,029          0 |   278,029 
        10 |   349,201          0 |   349,201 
        16 |   238,433          0 |   238,433 
        20 |   280,570     19,358 |   299,928 
        25 |   228,719     61,919 |   290,638 
        30 |   173,564    155,251 |   328,815 
        35 |   160,601    244,252 |   404,853 
        40 |   258,662    196,346 |   455,008 
        45 |   394,389     65,733 |   460,122 
        50 |   435,667      7,797 |   443,464 
        55 |   411,936        683 |   412,619 
        60 |   377,936          0 |   377,936 
        65 | 1,368,218          0 | 1,368,218 
-----------+----------------------+----------
     Total | 5,199,198    751,339 | 5,950,537 

. tab age mother_10 if woman

  Age in 5 |
      year |       mother_10
    groups |         0          1 |     Total
-----------+----------------------+----------
         0 |   243,273          0 |   243,273 
         5 |   278,029          0 |   278,029 
        10 |   349,201          0 |   349,201 
        16 |   238,433          0 |   238,433 
        20 |   281,125     18,803 |   299,928 
        25 |   227,898     62,740 |   290,638 
        30 |   162,405    166,410 |   328,815 
        35 |   120,731    284,122 |   404,853 
        40 |   143,064    311,944 |   455,008 
        45 |   255,000    205,122 |   460,122 
        50 |   375,852     67,612 |   443,464 
        55 |   403,103      9,516 |   412,619 
        60 |   377,936          0 |   377,936 
        65 | 1,368,218          0 | 1,368,218 
-----------+----------------------+----------
     Total | 4,824,268  1,126,269 | 5,950,537 

. tab age mother_15 if woman

  Age in 5 |
      year |       mother_15
    groups |         0          1 |     Total
-----------+----------------------+----------
         0 |   243,273          0 |   243,273 
         5 |   278,029          0 |   278,029 
        10 |   349,201          0 |   349,201 
        16 |   238,433          0 |   238,433 
        20 |   281,884     18,044 |   299,928 
        25 |   228,353     62,285 |   290,638 
        30 |   161,938    166,877 |   328,815 
        35 |   112,344    292,509 |   404,853 
        40 |   108,881    346,127 |   455,008 
        45 |   168,965    291,157 |   460,122 
        50 |   294,398    149,066 |   443,464 
        55 |   374,043     38,576 |   412,619 
        60 |   377,936          0 |   377,936 
        65 | 1,368,218          0 | 1,368,218 
-----------+----------------------+----------
     Total | 4,585,896  1,364,641 | 5,950,537 

. log close
