
. tab rznotb inactive [fweight=facexp] if sexo1==0&yd>=2015&yd<=2018

           |       inactive
    rznotb |         0          1 |     Total
-----------+----------------------+----------
         0 |    231408      98632 |    330040 
         1 | 585434854          0 | 585434854 
         2 |  16054599          0 |  16054599 
         3 |   1030923     800149 |   1831072 
         4 | 214267477          0 | 214267477 
         5 |   8501578     178457 |   8680035 
         6 |     44587      16763 |     61350 
         7 |   5567082    1413454 |   6980536 
         8 |  11873326   17542244 |  29415570 
         9 |   3572436      18347 |   3590783 
        10 |  16155665     592366 |  16748031 
        11 |   1774550    1271891 |   3046441 
        12 |    269470     186653 |    456123 
        13 |   1010759     118727 |   1129486 
        14 |   3753903    1033875 |   4787778 
        15 |  11358291    2901952 |  14260243 
-----------+----------------------+----------
     Total | 880900908   26173510 | 907074418 

. log close
