
     variable |           mean      n        semean
---------------------------------------------------
     employed |    .7496902107  8,877   .0045980235
    permanent |    .6039202433  8,877   .0051912563
    temporary |    .1457699673  8,877   .0037455259
     self_emp |    .1401374338  8,877   .0036845373
         erte |    .0090120536  8,877   .0010030843
   unemployed |     .071758477  8,877   .0027394189
     inactive |    .0384138786  8,877    .002039997
        occ_0 |    .0193759153  8,877   .0014630991
        occ_1 |    .0390897826  8,877   .0020571425
        occ_2 |    .1159175397  8,877   .0033979135
        occ_3 |    .1082572941  8,877    .003297917
        occ_4 |    .0434831587  8,877   .0021647024
        occ_5 |    .1330404416  8,877   .0036048119
        occ_6 |     .032105441  8,877   .0018710901
        occ_7 |    .2287935113  8,877   .0044586003
        occ_8 |    .1354061057  8,877   .0036317551
        occ_9 |    .1007096992  8,877   .0031943092
        act_0 |    .0683789569  8,877    .002678997
        act_1 |    .0575644925  8,877   .0024722621
        act_2 |    .0956404191  8,877   .0031216389
        act_3 |    .0662385941  8,877   .0026397626
        act_4 |    .1212121212  8,877   .0034642275
        act_5 |    .1952236116  8,877   .0042072192
        act_6 |    .1026247606  8,877    .003221102
        act_7 |    .0941759603  8,877   .0031001543
        act_8 |    .1302241748  8,877   .0035722416
        act_9 |    .0248957981  8,877   .0016537882
       tenure |    92.79908849  7,899   .7947802152
---------------------------------------------------
