
     variable |           mean       n        semean
----------------------------------------------------
     employed |    .7386995183  10,796   .0042285619
    permanent |     .598925528  10,796   .0047172359
    temporary |    .1397739904  10,796   .0033373991
     self_emp |    .1468136347  10,796   .0034063857
         erte |    .0282512041  10,796    .001594719
   unemployed |    .0726194887  10,796   .0024977229
     inactive |    .0418673583  10,796   .0019276992
        occ_0 |    .0194516488  10,796   .0013292339
        occ_1 |    .0333456836  10,796   .0017280014
        occ_2 |    .1202297147  10,796   .0031302515
        occ_3 |    .1106891441  10,796   .0030197291
        occ_4 |    .0422378659  10,796   .0019358357
        occ_5 |      .15292701  10,796   .0034641062
        occ_6 |    .0298258614  10,796   .0016372312
        occ_7 |    .2276769174  10,796   .0040359677
        occ_8 |     .130974435  10,796   .0032471191
        occ_9 |    .0987402742  10,796   .0028711827
        act_0 |    .0617821415  10,796   .0023172453
        act_1 |    .0580770656  10,796   .0022511203
        act_2 |    .0956835865  10,796   .0028311808
        act_3 |    .0675250093  10,796   .0024151249
        act_4 |    .1201370878  10,796   .0031292102
        act_5 |    .2071137458  10,796   .0039003051
        act_6 |    .1014264542  10,796   .0029056354
        act_7 |    .0948499444  10,796   .0028201195
        act_8 |    .1316228233  10,796    .003253932
        act_9 |    .0278806966  10,796   .0015845293
       tenure |    90.99225941   9,560     .71107712
----------------------------------------------------
