
     variable |           mean      n        semean
---------------------------------------------------
     employed |    .7383357383  8,316   .0048202329
    permanent |    .6248196248  8,316   .0053096545
    temporary |    .1135161135  8,316   .0034788288
     self_emp |    .1533189033  8,316   .0039511786
         erte |    .0003607504  8,316   .0002082543
   unemployed |    .0674603175  8,316   .0027505955
     inactive |    .0408850409  8,316    .002171633
        occ_0 |    .0171957672  8,316   .0014256508
        occ_1 |    .0392015392  8,316   .0021283183
        occ_2 |    .1024531025  8,316   .0033255234
        occ_3 |    .1035353535  8,316   .0033410255
        occ_4 |    .0407647908  8,316    .002168573
        occ_5 |    .1445406445  8,316   .0038562356
        occ_6 |    .0329485329  8,316   .0019575448
        occ_7 |    .2346079846  8,316   .0046471023
        occ_8 |    .1376863877  8,316   .0037787399
        occ_9 |    .0986050986  8,316   .0032694606
        act_0 |    .0602453102  8,316   .0026093825
        act_1 |    .0621693122  8,316    .002648007
        act_2 |    .0887445887  8,316   .0031186014
        act_3 |    .0652958153  8,316   .0027092472
        act_4 |    .1279461279  8,316    .003663145
        act_5 |    .2046657047  8,316   .0044245211
        act_6 |    .1053391053  8,316   .0033666108
        act_7 |    .0841750842  8,316   .0030448569
        act_8 |    .1250601251  8,316   .0036275834
        act_9 |    .0278980279  8,316   .0018059742
       tenure |    90.07188132  7,415    .809349338
---------------------------------------------------
