
     variable |           mean      n        semean
---------------------------------------------------
     employed |     .774735532  4,821   .0060172709
    permanent |    .6092097075  4,821   .0070280003
    temporary |    .1655258245  4,821   .0053532289
     self_emp |    .1055797552  4,821   .0044262671
         erte |    .0360920971  4,821   .0026865833
   unemployed |    .0794440987  4,821   .0038952235
     inactive |     .040240614  4,821   .0028306747
        occ_0 |    .0219871396  4,821   .0021121907
        occ_1 |    .0275876374  4,821   .0023591686
        occ_2 |     .168844638  4,821   .0053958668
        occ_3 |    .1549471064  4,821   .0052120691
        occ_4 |    .0645094379  4,821   .0035384072
        occ_5 |    .1489317569  4,821   .0051280509
        occ_6 |    .0151420867  4,821   .0017589607
        occ_7 |    .1885500933  4,821   .0056340502
        occ_8 |    .1101431238  4,821   .0045093636
        occ_9 |    .0738436009  4,821   .0037668218
        act_0 |    .0431445758  4,821   .0029265958
        act_1 |    .0533084422  4,821   .0032357781
        act_2 |    .0742584526  4,821   .0037765419
        act_3 |     .087118855  4,821   .0040619978
        act_4 |    .0798589504  4,821   .0039045005
        act_5 |    .2005807924  4,821   .0057677767
        act_6 |    .1302634308  4,821    .004848212
        act_7 |    .1149139183  4,821   .0045936252
        act_8 |    .1510060153  4,821   .0051573418
        act_9 |    .0400331881  4,821   .0028236748
       tenure |    73.52049953  4,244   .9786426361
---------------------------------------------------
