
     variable |           mean      n        semean
---------------------------------------------------
     employed |    .7864983535  3,644   .0067892209
    permanent |    .6616355653  3,644    .007839208
    temporary |    .1248627881  3,644   .0054767763
     self_emp |     .108946213  3,644   .0051621241
         erte |    .0005488474  3,644   .0003880405
   unemployed |    .0562568606  3,644   .0038175529
     inactive |     .048298573  3,644   .0035521224
        occ_0 |    .0225027442  3,644   .0024572307
        occ_1 |    .0321075741  3,644   .0029207051
        occ_2 |    .1753567508  3,644   .0063003505
        occ_3 |    .1501097695  3,644   .0059177459
        occ_4 |     .056805708  3,644   .0038350143
        occ_5 |    .1374862788  3,644   .0057053606
        occ_6 |     .020856202  3,644    .002367616
        occ_7 |    .1679473106  3,644    .006193446
        occ_8 |    .1232162459  3,644   .0054456616
        occ_9 |    .0765642151  3,644   .0044054135
        act_0 |    .0370472009  3,644   .0031293246
        act_1 |    .0537870472  3,644   .0037376937
        act_2 |    .0809549945  3,644   .0045191903
        act_3 |     .067233809  3,644   .0041490691
        act_4 |     .088090011  3,644   .0046958015
        act_5 |    .1934687157  3,644   .0065446496
        act_6 |    .1185510428  3,644   .0053557672
        act_7 |    .1245883644  3,644   .0054716123
        act_8 |    .1564215148  3,644   .0060184049
        act_9 |    .0428100988  3,644   .0033538419
       tenure |    73.37205026  3,263   1.102631057
---------------------------------------------------
