
     variable |           mean      n        semean
---------------------------------------------------
     employed |    .7643277986  3,734   .0069464836
    permanent |    .6100696304  3,734   .0079827814
    temporary |    .1542581682  3,734   .0059117219
     self_emp |    .1245313337  3,734   .0054041902
         erte |    .0120514194  3,734   .0017859006
   unemployed |    .0664167113  3,734     .00407555
     inactive |    .0447241564  3,734   .0033830349
        occ_0 |    .0227637922  3,734   .0024411422
        occ_1 |    .0283877879  3,734   .0027182116
        occ_2 |     .170862346  3,734   .0061603801
        occ_3 |     .151580075  3,734   .0058694512
        occ_4 |    .0640064274  3,734   .0040060764
        occ_5 |    .1430101768  3,734   .0057298375
        occ_6 |    .0149973219  3,734    .001989283
        occ_7 |     .176754151  3,734   .0062433918
        occ_8 |    .1173004821  3,734   .0052665638
        occ_9 |    .0715050884  3,734    .004217249
        act_0 |    .0372254954  3,734   .0030985145
        act_1 |    .0431173005  3,734   .0033244985
        act_2 |    .0811462239  3,734   .0044691853
        act_3 |    .0776647027  3,734   .0043805361
        act_4 |    .0867702196  3,734   .0046072989
        act_5 |    .2062131762  3,734   .0066218777
        act_6 |    .1197107659  3,734   .0053131283
        act_7 |    .1207820032  3,734   .0053335995
        act_8 |    .1467595072  3,734   .0057917507
        act_9 |    .0417782539  3,734   .0032747576
       tenure |    77.15396204  3,319    1.09499258
---------------------------------------------------
