
     variable |           mean       n        semean
----------------------------------------------------
     employed |    .6044795784  15,180   .0039687495
    permanent |    .4454545455  15,180   .0040341189
    temporary |    .1590250329  15,180   .0029682652
     self_emp |    .0735177866  15,180   .0021183278
         erte |    .0367588933  15,180   .0015273098
   unemployed |    .1189064559  15,180    .002627194
     inactive |    .2030961792  15,180   .0032653689
        occ_0 |    .0027667984  15,180   .0004263493
        occ_1 |    .0223320158  15,180   .0011993283
        occ_2 |    .1947957839  15,180   .0032145576
        occ_3 |    .0704216074  15,180    .002076703
        occ_4 |    .1193675889  15,180   .0026315945
        occ_5 |    .2308300395  15,180   .0034200759
        occ_6 |    .0058629776  15,180   .0006196703
        occ_7 |    .0188405797  15,180   .0011035584
        occ_8 |    .0227272727  15,180   .0012096507
        occ_9 |    .1212121212  15,180   .0026490702
        act_0 |    .0277997365  15,180   .0013343711
        act_1 |    .0368247694  15,180   .0015286255
        act_2 |    .0252964427  15,180   .0012745134
        act_3 |     .017259552  15,180   .0010570915
        act_4 |     .009486166  15,180   .0007867813
        act_5 |     .236627141  15,180   .0034496819
        act_6 |    .0355072464  15,180    .001502057
        act_7 |    .1071805007  15,180   .0025108348
        act_8 |    .2398550725  15,180   .0034657807
        act_9 |    .0733201581  15,180   .0021157043
       tenure |    88.89554994  10,292   .6654960296
----------------------------------------------------
