
     variable |           mean       n        semean
----------------------------------------------------
     employed |    .6145850986  17,703   .0036580033
    permanent |    .4466474609  17,703   .0037365622
    temporary |    .1679376377  17,703    .002809576
     self_emp |    .0786872282  17,703   .0020236924
         erte |              0  17,703             0
   unemployed |    .1204880529  17,703   .0024467055
     inactive |    .1862396204  17,703    .002925992
        occ_0 |    .0031068181  17,703   .0004182838
        occ_1 |    .0185279331  17,703   .0010135409
        occ_2 |    .1945432977  17,703    .002975213
        occ_3 |    .0577868158  17,703   .0017537909
        occ_4 |    .1168728464  17,703   .0024146671
        occ_5 |    .2432356098  17,703   .0032246513
        occ_6 |    .0060441733  17,703   .0005825602
        occ_7 |    .0172287183  17,703   .0009780061
        occ_8 |    .0211828504  17,703   .0010822605
        occ_9 |    .1316161103  17,703   .0025409682
        act_0 |    .0294300401  17,703   .0012702748
        act_1 |     .035248263  17,703   .0013860072
        act_2 |    .0224255776  17,703   .0011128473
        act_3 |    .0176806191  17,703   .0009905215
        act_4 |    .0107326442  17,703   .0007744601
        act_5 |     .243913461  17,703   .0032276948
        act_6 |    .0283002881  17,703   .0012463795
        act_7 |    .1069875162  17,703   .0023231869
        act_8 |     .242501271  17,703   .0032213417
        act_9 |    .0729254929  17,703   .0019542757
       tenure |    87.65957794  12,273   .6012222314
----------------------------------------------------
