     ciclo |         0          1          2          3          4          5          6 |     Total
-----------+-----------------------------------------------------------------------------+----------
       130 |   2746978   10559372   14648291   11530317   17204168   24256906   11743161 | 131196403 
       131 |   2437484   10282540   13564673   11272894   16912789   24220160   11327125 | 128544502 
       132 |   2365484    9565270   13564248   12476830   17218908   23856266   11466638 | 129659903 
       133 |   2936208   10645048   14897865   11039099   18238537   23913827   12078937 | 132965343 
       134 |   3178562   10329136   15084303   10518832   17240085   25182717   10014493 | 130275452 
       135 |   2716207   10219212   15167742   11081654   17210046   24438267    9672285 | 128789880 
       136 |   2914358    9263664   15361767   11171231   16660910   24071013   11936017 | 127739534 
       137 |   2343673   10498194   15745650   11205877   18079329   24015493   11133027 | 129389535 
       138 |   2771706   10421118   15923093   11497663   18107624   24437231   12412148 | 133259230 
       139 |   3278831    9543073   14571812   12833338   18913601   24996142   12483732 | 136031898 
       140 |   2918351    9390785   15972094   12414084   18893292   25496532   11613232 | 137404142 
       141 |   3060501    9103961   16204089   12959063   19480260   25755393   11886247 | 140434107 
       142 |   2078127    8976909   17304503   13552013   19751296   26274660   16528215 | 140710158 
       143 |   2332420    8911277   16433566   12643601   19399623   26239542   16679997 | 138641382 
       144 |   2240142    8715586   16481503   12442229   19692173   27095231   16693340 | 140373287 
       145 |   2577223    8157431   16981153   11608190   19072585   25984968   17228408 | 139132534 
       146 |   2571308    7553596   15006941   11116877   20153114   25163586   16264374 | 136519487 
       147 |   2123944    8353853   14849174   11040634   18542886   25365368   15623733 | 134229815 
       148 |   1934608    7599392   14678974   11784721   17548280   25734167   16833399 | 134208997 
       149 |   2156233    7793014   14880058   12404868   16755866   25818737   17753360 | 136663116 
       150 |   2523382    7313234   14895512   12404340   15085454   25460408   17722580 | 134770088 
       151 |   2415503    7246674   14980699   12310862   15320064   24486720   17683364 | 134295027 
       152 |   2799605    6938575   15103494   11954046   15467810   25837956   17108165 | 135203594 
       153 |   2727983    7234538   15282390   12401061   15014574   26746021   17039812 | 136235614 
       154 |   2681404    7927904   14175747   10991216   14857003   27437759   16755017 | 134785377 
       155 |   2848273    7902591   14377143   11217902   14392326   26884465   16918000 | 133818755 
       156 |   2580010    8273374   14772127   11792087   13890545   26608842   16704493 | 133617105 
       157 |   2900411    8550523   14621027   11246356   12229171   25425634   16434692 | 130510937 
       158 |   2425592    8377140   14750779   10679722   10450281   26479370   16353198 | 128187833 
       159 |   2162007    7248761   13298541   10344987   10899954   25294120   15772486 | 123632185 
       160 |   2480686    7752595   13834523   11334102   10364737   24584232   15985606 | 123350633 
       161 |   2057744    7186082   12348160   11822811    9477084   24370531   15888584 | 121958347 
       162 |   2231369    7460898   12107388   11248812   10237684   23939099   15502072 | 121521317 
       163 |   2279627    7194730   12150194   11561065    9223341   24171973   15647111 | 119341706 
       164 |   2011568    7525028   11318516   11708112    9967451   22517918   15883788 | 118032754 
       165 |   1964614    7695974   11503715   11302363    9242143   22728429   16301792 | 118144945 
       166 |   2416785    6755866   10705257   11150337    9154831   21987963   15126073 | 117055930 
       167 |   2487994    6967576   10634249   11125468    9069800   23056758   14808513 | 117019248 
       168 |   2112300    7005850   10442990   10922678    9099486   22487090   14718396 | 115144012 
       169 |   1976807    7386603   11133884    9792062    9184294   22575129   14805716 | 113634042 
       170 |   2264547    6565632   11307247    9992526    9719272   22099647   15084643 | 112180638 
       171 |   2360432    6590644   11414476   10426749    9217814   21995705   15014172 | 112552969 
       172 |   2482638    6932950   11145822   10055250    8154194   24242271   15068645 | 111840757 
       173 |   2969238    6920877   11838911    8966114    8575761   22896797   13974479 | 111690986 
       174 |   2794681    6889708   11995487    9532314    8383889   23258845   14378139 | 113170053 
       175 |   2792476    7409499   11788540    8984824    8812376   24937721   14177451 | 113196622 
       176 |   2691975    6823389   11580394    8623220    8858315   26094940   12887284 | 111394449 
       177 |   2863586    6669663   11604231    8548894    8119068   24273592   13717595 | 108468820 
       178 |   2736771    6841230   11887626    8949123    8339733   22574734   13352346 | 106773548 
       179 |   2073874    6872020   11237447    9821059    8517599   22427266   13255378 | 106073856 
       180 |   2620336    6740591   10401900    9260183    8452921   22963629   14423970 | 106263966 
       181 |   2613428    6099822   10514462   10491796    8065817   22125134   14574866 | 106186566 
       182 |   2889904    5709911   10215196    9716912    8539833   22005081   16376306 | 106361788 
       183 |   2961636    5782231    9933935    9838924    8519558   23270836   15391565 | 105204208 
       184 |   2989767    5536931   10482798    9027359    7907086   23562863   13390076 | 103483399 
       185 |   2662216    5461612   10351662    7711468    7663596   22376538   12377964 |  99284158 
       186 |   2413875    5294027   10501056    7581793    8040744   22632858   13267327 |  99547531 
       187 |   2267514    5212585   11468829    8012323    7493472   23552522   14404280 | 101904968 
       188 |   2371091    5180449   11865541    8421015    7112406   23249515   13590006 | 100094857 
       189 |   2762214    5439402   10455131    7970941    8012176   21217161   14593612 |  99317909 
       190 |   2738887    5343544   10133316    8420458    7486155   21843124   14147006 |  98892213 
       191 |   2717360    5521639    9490248    8736282    7844503   20457429   12322718 |  95363222 
       192 |   3056753    5112140    9279301    8345121    8131763   21629886   11740311 |  95743562 
       193 |   3229079    5040110    8666465    8919034    9362986   21847066   11192573 |  96372965 
       194 |   2706803    4526916    9514421    7791241    8601851   20195071   12565644 |  93754137 
       195 |   2619474    4257344    9151834    7625974    7806692   20437071   12596433 |  93565612 
       196 |   2322361    4184880    8640651    8273604    7497277   19917383   12049756 |  91127319 
       197 |   1919039    5031112    8631792    7701512    7809890   19055183   12862012 |  91170780 
       198 |   2276322    5707552    8897351    6925892    7247126   19342381   12870038 |  91191146 
       199 |   2250443    5790567    8873945    7550648    8507256   20583118   13535891 |  95884539 
       200 |   2660651    6528990    8235383    7584272    9055548   21101500   13927163 |  98328464 
       201 |   3161505    6192390    9124588    8095958    8937618   21318497   14623511 |  98967053 
-----------+-----------------------------------------------------------------------------+----------
     Total | 184006888  524037304  900387820  741807187  862497700 1704881987 1032264486 |8471781214 
