
. tab rznotb inactive [fweight=facexp] if sexo1==0&yd>=2019

           |       inactive
    rznotb |         0          1 |     Total
-----------+----------------------+----------
         0 |   1209660      74269 |   1283929 
         1 | 671032143          0 | 671032143 
         2 |  62394394          0 |  62394394 
         3 |   2698171    1029414 |   3727585 
         4 | 322143114          0 | 322143114 
         5 |  10537633      17031 |  10554664 
         6 |     50472      14349 |     64821 
         7 |   9012594    1812221 |  10824815 
         8 |  19221661   15749965 |  34971626 
         9 |   3344206          0 |   3344206 
        10 | 110775599    9636587 | 120412186 
        11 | 149940001   44038545 | 193978546 
        12 |   1223071     152777 |   1375848 
        13 |   1295316     118396 |   1413712 
        14 |   4016544    1832340 |   5848884 
        15 |  16066496    5918778 |  21985274 
-----------+----------------------+----------
     Total |1384961075   80394672 |1465355747 

. log close
