
. tab ciclo rznotb if age3040&woman [fweight=facexp]

           |                                    rznotb
     ciclo |         0          1          2          3          4          5          6 |     Total
-----------+-----------------------------------------------------------------------------+----------
       130 |         0   10284250    3103128    2502995    6669225     216749          0 |  24412845 
       131 |         0    3307175    3448442    2568949    7186888     207146          0 |  18095939 
       132 |         0   38420894    4543038    2401617    6581356      76908          0 |  53329955 
       133 |      8811    8544532    4693800    3016258    6981493     343105          0 |  25077586 
       134 |         0    5194325    4118224    2582654    8783282     122650          0 |  22537358 
       135 |         0    6242561    4638705    3250611    7283077      80355          0 |  22738705 
       136 |     94144   32611089    4111552    2950050    6068650      39095          0 |  47681748 
       137 |         0    9040474    3670771    2132057    7644703     204662          0 |  24294895 
       138 |         0    5911340    4402517    2008014    8343548      75782          0 |  22721045 
       139 |         0    6704469    6047443    1956565    8186116      45815          0 |  24525595 
       140 |     34052   37157774    4724555    2381470    8057046      75923          0 |  54656079 
       141 |     17561   10953261    4798088    2918628    8510993      43776          0 |  28608631 
       142 |         0   10113932    5286778    2498716    8281301     192625          0 |  27956613 
       143 |         0    4902818    5522239    3292469    8303931     120417          0 |  23370266 
       144 |         0   40036332    5914123    3376977    7805741     135279          0 |  59219982 
       145 |         0    9158725    4909372    2877808    8838900     171100          0 |  27698232 
       146 |         0    7881642    4795764    2704284    7306103     252397          0 |  25226314 
       147 |         0    6133060    4785669    2681670    8647313     179820      60515 |  23656961 
       148 |         0   36769950    4494525    3001315    6628108     175298          0 |  53720433 
       149 |     40181    8956856    4773770    2903359    7381167     145044          0 |  26142859 
       150 |         0    6265098    5103769    2745158    7307039     194097          0 |  23631795 
       151 |         0    5126823    5058318    2673182    7004470     111696      53597 |  21394316 
       152 |         0   38033711    5688237    2853457    6656192     121714      11151 |  55842602 
       153 |         0    9800976    5355572    2527574    7516940      85387      46265 |  27083234 
       154 |         0    5914983    4476118    2292987    7137773     100337          0 |  21516687 
       155 |         0    5989234    4137346    2606701    7893380      55005          0 |  22938292 
       156 |         0   32950850    5526672    2459003    6372830     246838          0 |  50949301 
       157 |         0    8401472    6152198    2205105    7608558     112163          0 |  26600638 
       158 |         0    6006737    7432675    2232231    6108045     329574          0 |  23569109 
       159 |         0    5434725    4940908    1715828    6485983      38735          0 |  20014530 
       160 |         0   32542589    5462891    2227731    5515346     441325          0 |  48720847 
       161 |         0    7967349    6354262    1636547    5748075     129820          0 |  24107334 
       162 |         0    6964806    5366934    2087633    7126430     333607          0 |  24005769 
       163 |         0    3826143    5820307    2267746    6276571     256454      20251 |  20490664 
       164 |         0   32921243    4638995    2323529    6023395     142103          0 |  49064146 
       165 |         0    7828589    4714370    1564798    5562676     306668          0 |  21872408 
       166 |         0    5146588    6299443    1577381    5763165     263201          0 |  20887158 
       167 |     19757    5180883    4573128    2051561    6938568          0       9201 |  20793952 
       168 |         0   30752249    5470270    2478842    6856604     160230          0 |  48165681 
       169 |         0    6579470    5820336    2190929    5784088      41910          0 |  22645357 
       170 |         0    6799961    5452045    2167446    6132363     383647          0 |  23244708 
       171 |         0    4839442    5466244    2882752    7540264     171718          0 |  22242086 
       172 |         0   27245870    4680751    2513741    6336833      52985          0 |  43583517 
       173 |     36487    6379496    5244199    1956786    6255898     184592          0 |  21374489 
       174 |         0    6402889    4632878    1896822    6204086          0          0 |  20757533 
       175 |         0    3525194    4900666    2103639    6788474      26235          0 |  18740921 
       176 |         0   30036519    5304034    1999927    7086916     131894          0 |  47312458 
       177 |         0    8017870    4885108    1695971    5811497      46539          0 |  22096610 
       178 |         0    5279890    5532852    1966879    6909846      23058          0 |  21840048 
       179 |     26276    5205981    5485444    2547398    6417044      12506          0 |  21148877 
       180 |     12185   30391359    5644739    2348978    7351247      44645          0 |  48667668 
       181 |         0    8375074    5259591    1805831    6935780     114318          0 |  24305757 
       182 |         0    6842448    4170952    1817889    6432493     204232          0 |  21997395 
       183 |         0    4689226    4992791    1846749    6395397     105924          0 |  19312367 
       184 |         0   28513573    4468374    2331450    6024361     145434          0 |  43801643 
       185 |         0    9374611    3994812    1275781    6288811     164319          0 |  22492843 
       186 |         0    5971947    4822885    1472927    6721919     120462          0 |  20961847 
       187 |         0    5519606    4832437    2123600    6288162      27427          0 |  19964261 
       188 |         0   27833607    4677776    2044826    6625638      51285          0 |  42830799 
       189 |         0    8548273    4937782    1891927    7703345          0          0 |  24781568 
       190 |     37289    6419758    4985781    1754359    7471708      42419          0 |  30304225 
       191 |         0    2987045    4686992    1701410   10156912      67195          0 |  66597016 
       192 |         0   23824518    4170554    1515111    7708482          0          0 |  50143061 
       193 |         0    4749608    4391730    1646050    9585725      12606          0 |  31759978 
       194 |     30229    6315837    4857985     880738    8905381     232956          0 |  33457384 
       195 |         0    4342506    5751224    1227895    8427621      91629          0 |  26299379 
       196 |         0   31072961    5679106    1464375    7789159     231235          0 |  50100652 
       197 |         0   10171757    4874013    1296773   10164554     110818          0 |  29378692 
       198 |         0    5962781    4469208    1129296   10960711      46414          0 |  25722338 
       199 |         0    7000605    3584324    1279472    9167567     265974          0 |  22914622 
       200 |         0   33927828    3887585    1610042    7783679     256862          0 |  50836689 
       201 |         0   10300082    5281804    1642230    8890134     210887          0 |  29010163 
-----------+-----------------------------------------------------------------------------+----------
     Total |    356972  948828099  357181918  156563459  524437076    9955025     200980 |2227947455 


           |                                    rznotb
     ciclo |         7          8          9         10         11         12         13 |     Total
-----------+-----------------------------------------------------------------------------+----------
       130 |    350367     327764      19762     124154          0          0          0 |  24412845 
       131 |    171103     431069          0      44958          0          0          0 |  18095939 
       132 |     99793     451928          0     106603       3708       7422          0 |  53329955 
       133 |    183598     579282      19292      95760          0      55349      41780 |  25077586 
       134 |    208094     770363      16070      95490          0      14307          0 |  22537358 
       135 |    188602     384307          0      93245          0          0      16561 |  22738705 
       136 |    214543    1001387          0          0      30556          0          0 |  47681748 
       137 |    236035     600719          0      58583      22077          0     116082 |  24294895 
       138 |    131416     637833      12974      62767          0          0      63430 |  22721045 
       139 |    184812     495500      13627      44914          0          0      24415 |  24525595 
       140 |    243662     872682          0      30846          0          0          0 |  54656079 
       141 |     81707     284553      11086      21801      21307          0          0 |  28608631 
       142 |    113883     466633          0     153876      26783      15569          0 |  27956613 
       143 |     64170     359715          0      73643          0      13454          0 |  23370266 
       144 |    245342     810550          0      63094          0          0          0 |  59219982 
       145 |    109276     700497          0      78633      13803      67058      35611 |  27698232 
       146 |    229851     755652      59836     305322     107964      69221      88167 |  25226314 
       147 |    118090     185020          0     152903     197442      12499      97736 |  23656961 
       148 |    251281    1050918      30770     196130     177654          0          0 |  53720433 
       149 |    103818     744661      90194     190747     112371          0     139269 |  26142859 
       150 |    197605     564696     308577     152578      94901          0      76089 |  23631795 
       151 |     42199     473174      66283     185452     131112      20553      16207 |  21394316 
       152 |      7322    1214642      71976     432201     210885          0          0 |  55842602 
       153 |         0     672544      19145     450657     108107          0      64146 |  27083234 
       154 |    132399     774274      59430     102299      79224          0          0 |  21516687 
       155 |    108035     819523      31255     148133     255334      83957          0 |  22938292 
       156 |    567792    1673697          0     218553     133735      61421      31167 |  50949301 
       157 |     94044     918049      99541     388969      91623          0          0 |  26600638 
       158 |     97567     724881      45606     206038      23647          0          0 |  23569109 
       159 |    185845     344726          0     393362     126858          0          0 |  20014530 
       160 |    217683    1428656          0     204623     180555      39870          0 |  48720847 
       161 |    100304     723808      23819     650544     306607          0          0 |  24107334 
       162 |    154165     794932      36999     403435     217275      50811      18889 |  24005769 
       163 |    129092     681667          0     204508     210753          0      10418 |  20490664 
       164 |         0    1767417          0     281982     418177          0          0 |  49064146 
       165 |    231615     855139          0     117625     180456          0      27848 |  21872408 
       166 |    140458     763588      12866     244847     121200          0      26413 |  20887158 
       167 |     35706    1002502          0     405797      52332          0          0 |  20793952 
       168 |    111412    1657162          0     123990     113661          0          0 |  48165681 
       169 |    248890     893770      16962     235525     113017          0          0 |  22645357 
       170 |     14978    1029579          0     260765     175967          0          0 |  23244708 
       171 |     57096     686936          0     171709      15062          0      13519 |  22242086 
       172 |     76396    1565537          0     198807      46629          0          0 |  43583517 
       173 |         0     413991          0     170553      28003          0     140957 |  21374489 
       174 |     63650     834831          0     118068      21673      28352          0 |  20757533 
       175 |     73721     694197      17462      54504          0          0      27149 |  18740921 
       176 |    253019    1761133          0     203415      21797          0          0 |  47312458 
       177 |    124262     514161      20039     256042          0          0          0 |  22096610 
       178 |    234198    1119536      29637     215201          0          0          0 |  21840048 
       179 |     45914     542739          0      53294          0          0          0 |  21148877 
       180 |    264055    1630049          0     187306          0          0          0 |  48667668 
       181 |    197151     729143          0      84216      72090          0      17713 |  24305757 
       182 |     95579    1367511      99371      75690      66808          0      52877 |  21997395 
       183 |    240075     372557          0     147727          0          0          0 |  19312367 
       184 |     77155    1336391          0     285643          0          0          0 |  43801643 
       185 |         0     498563      46530     198573          0          0          0 |  22492843 
       186 |     61786    1117592          0     161531          0      42011      10238 |  20961847 
       187 |    277552     403632          0      29534      24699          0          0 |  19964261 
       188 |    152790     567705          0      86339      24370      15577          0 |  42830799 
       189 |    100362    1082466          0      94539          0          0          0 |  24781568 
       190 |    156578    1646800          0    3893649    3059788          0      53529 |  30304225 
       191 |    114205     506546          0   15890500   29130442          0          0 |  66597016 
       192 |    383747     784033          0    2002035    8636242          0      47050 |  50143061 
       193 |    158402     568111          0    1805451    7991152          0      66597 |  31759978 
       194 |     36167     635130     140271    1709599    8031602          0          0 |  33457384 
       195 |    158918     859651          0     549119    4065815          0          0 |  26299379 
       196 |    122212    1086610          0     308284    1769648          0          0 |  50100652 
       197 |         0     439518      56365     225095    1412194          0      34811 |  29378692 
       198 |    321735     916240          0     209865     958616          0          0 |  25722338 
       199 |     33449     385592          0      86900     561791          0          0 |  22914622 
       200 |    321471    1255860          0     196272     354223          0      40540 |  50836689 
       201 |    124080    1633845          0     153296          0          0      28641 |  29010163 
-----------+-----------------------------------------------------------------------------+----------
     Total |  10672279   59646065    1475745   37628108   70351735     597431    1427849 |2227947455 


           |        rznotb
     ciclo |        14         15 |     Total
-----------+----------------------+----------
       130 |    217063     597388 |  24412845 
       131 |    333021     397188 |  18095939 
       132 |    242939     393749 |  53329955 
       133 |    118828     395698 |  25077586 
       134 |    341156     290743 |  22537358 
       135 |    203001     357680 |  22738705 
       136 |    253940     306742 |  47681748 
       137 |    260012     308720 |  24294895 
       138 |    587414     484010 |  22721045 
       139 |    422353     399566 |  24525595 
       140 |    508994     569075 |  54656079 
       141 |    507047     438823 |  28608631 
       142 |    321157     485360 |  27956613 
       143 |    285264     432146 |  23370266 
       144 |    327361     505183 |  59219982 
       145 |    236998     500451 |  27698232 
       146 |    333398     336713 |  25226314 
       147 |    172864     232360 |  23656961 
       148 |    464019     480465 |  53720433 
       149 |    100787     460635 |  26142859 
       150 |    333901     288287 |  23631795 
       151 |    300004     131246 |  21394316 
       152 |    180318     360796 |  55842602 
       153 |    163412     272509 |  27083234 
       154 |     68137     378726 |  21516687 
       155 |    351673     458716 |  22938292 
       156 |    201861     504882 |  50949301 
       157 |    287935     240981 |  26600638 
       158 |    187381     174727 |  23569109 
       159 |         0     347560 |  20014530 
       160 |    124822     334756 |  48720847 
       161 |     56686     409513 |  24107334 
       162 |    134141     315712 |  24005769 
       163 |    395832     390922 |  20490664 
       164 |    239156     308149 |  49064146 
       165 |     35566     447058 |  21872408 
       166 |    119815     408193 |  20887158 
       167 |    322003     202514 |  20793952 
       168 |    278654     162607 |  48165681 
       169 |    540012     180448 |  22645357 
       170 |    292685     535272 |  23244708 
       171 |    133193     264151 |  22242086 
       172 |    269126     596842 |  43583517 
       173 |    281795     281732 |  21374489 
       174 |    191636     362648 |  20757533 
       175 |    245643     284037 |  18740921 
       176 |    369994     143810 |  47312458 
       177 |    269350     455771 |  22096610 
       178 |    332090     196861 |  21840048 
       179 |    414754     397527 |  21148877 
       180 |    307005     486100 |  48667668 
       181 |    267301     447549 |  24305757 
       182 |    378740     392805 |  21997395 
       183 |    255396     266525 |  19312367 
       184 |    110799     508463 |  43801643 
       185 |    214139     436704 |  22492843 
       186 |     51000     407549 |  20961847 
       187 |    185786     251826 |  19964261 
       188 |    292183     458703 |  42830799 
       189 |    131816     291058 |  24781568 
       190 |    152787     629780 |  30304225 
       191 |    600705     755064 |  66597016 
       192 |    286994     784295 |  50143061 
       193 |    268904     515642 |  31759978 
       194 |    455578    1225911 |  33457384 
       195 |    348264     476737 |  26299379 
       196 |    175323     401739 |  50100652 
       197 |    352463     240331 |  29378692 
       198 |    341380     406092 |  25722338 
       199 |    240669     308279 |  22914622 
       200 |    505024     697303 |  50836689 
       201 |    271980     473184 |  29010163 
-----------+----------------------+----------
     Total |  19553427   29071287 |2227947455 

. log close
