
. tab ciclo ocup1 if state=="P"|state=="T" [fweight=facexp]

           |                               ocup1
     ciclo |         0          1          2          3          4          5 |     Total
-----------+------------------------------------------------------------------+----------
       130 |   8922843   33384080  209144760  181754186  165071951  241371720 |1521132904 
       131 |   8887281   35344237  213094501  189476324  166330938  253582451 |1568973825 
       132 |   8850504   35793842  210161377  191886704  172059630  267196451 |1596930315 
       133 |   9492580   37298943  213579751  196873380  169594483  261221553 |1602523195 
       134 |   8828359   37618043  212962369  198565943  170555547  266369458 |1606850039 
       135 |   8901356   37179659  210168103  197417702  174971397  276201496 |1630017283 
       136 |   8170205   37917280  206362491  197958907  183153975  285150128 |1654870918 
       137 |   8646791   38489127  216712479  203963196  178479940  276735845 |1664493292 
       138 |   9289248   39153766  218506223  209186823  178907555  269942728 |1670127421 
       139 |   8759977   41465107  222232844  216148216  179776455  280775052 |1698140089 
       140 |   8834586   41549442  217634637  216480889  184855804  291548455 |1709463284 
       141 |   8632267   42748398  225442315  213691250  183923452  282897821 |1709496171 
       142 |   9171049   43497467  224095502  216398587  176148798  284350398 |1701006348 
       143 |   9686897   43287078  228946081  217497315  178937569  296617419 |1703753508 
       144 |   9595098   42745532  225846593  216398067  183408862  302158696 |1692009541 
       145 |  10398066   41977607  230973388  213731778  178618895  293577625 |1647723490 
       146 |  10868392   41895817  233334176  213331337  169228609  285853450 |1601304220 
       147 |  11018839   43835607  230899468  211603654  169400129  290872612 |1592314213 
       148 |  10760864   42549592  226888085  208508274  173917802  300575032 |1586375876 
       149 |  10258536   41788936  234690485  207718017  171525581  292072094 |1572458127 
       150 |  10622038   40626722  239286512  211581160  165572555  287833814 |1548960261 
       151 |  10436876   41086097  240150400  211133058  165940685  296091164 |1561986722 
       152 |  10264604   40900267  235756471  211289484  172500392  303161841 |1570511132 
       153 |  10919396   40572974  240867319  216154033  167962064  292009813 |1555470531 
       154 |  10854989   43196381  262421434  173843680  176024662  314553341 |1536740519 
       155 |  10219309   44993173  264195146  170665366  180454960  322690136 |1557953758 
       156 |   9637859   43925102  255547158  170301058  185223972  332184409 |1547933089 
       157 |   9608320   46673924  260719471  165521058  180002954  315370958 |1515053155 
       158 |  10637782   43780405  261502213  160575943  178044824  308295320 |1472371788 
       159 |  10069122   44913909  263827089  162503195  173197264  313010889 |1464146224 
       160 |   9179965   43996050  255720837  157889229  171055306  319737057 |1456086229 
       161 |   8947798   42960308  257776171  154458404  170494820  304314546 |1428866845 
       162 |   8830846   43331506  258351635  153400725  165033999  296871437 |1398698266 
       163 |   8548881   40722569  262673298  152378065  161686946  302550308 |1407218098 
       164 |   8624590   41067283  255840060  153259217  164694968  312457906 |1412385227 
       165 |   8860151   39524001  259304712  154799187  166123367  300250304 |1409343308 
       166 |   9403086   40129157  255946887  154523817  164788343  296353308 |1392946752 
       167 |   9442598   40214376  258388394  160379762  168552336  311178617 |1431746011 
       168 |   9836898   41174777  250784167  159234204  172457429  325326008 |1441314329 
       169 |   9549361   40619793  259854575  161062711  171062675  317540548 |1448308910 
       170 |   9223698   39741430  257303244  160591705  173411915  310397654 |1439389127 
       171 |   8947032   38926373  264335453  161960081  174608567  321503592 |1476228133 
       172 |   8655759   37627524  263227957  162785340  176911450  337407905 |1494893251 
       173 |   9086669   37122583  273963093  163281883  181937126  322540714 |1498878776 
       174 |   8852404   36712066  277581167  165118427  176930037  316962372 |1493514138 
       175 |   8288280   36065629  280644764  165370458  174991385  328949850 |1518779353 
       176 |   8757613   36704110  275851045  164892627  177496226  345129470 |1540460954 
       177 |   9214952   38412959  280793043  168394327  172866271  329410877 |1538540997 
       178 |   8812445   38451005  280537141  170367405  174125397  326997711 |1534078210 
       179 |   8297059   40383322  284733131  171699248  179843322  337035140 |1569025179 
       180 |   8779558   40715558  283777370  173231937  188130894  348189265 |1590665214 
       181 |   9780562   39348414  289045498  174276633  189689849  334955316 |1592255448 
       182 |  10477444   40797476  287881687  174343492  188980369  329360545 |1579224441 
       183 |  10829595   41429813  292543159  176222752  194537024  350069436 |1625729723 
       184 |  11271981   41149231  293855751  175539329  197920077  365630099 |1643358614 
       185 |  11445035   41197488  305872221  178585364  193198043  349072451 |1645359038 
       186 |  11572533   41198845  309135635  176530099  190225840  345354528 |1635774906 
       187 |  11418750   42744639  311770358  179553347  197113555  355581515 |1668828229 
       188 |  11005709   40925523  307363026  181172676  199553070  368753244 |1678997992 
       189 |  10914499   39624103  316883962  188725975  200719365  358223480 |1684613900 
       190 |  11231749   38368387  318149774  186826949  196852746  343753573 |1656012589 
       191 |  10752610   38760054  307367168  182187017  187878882  310860900 |1552684926 
       192 |  11777711   42625876  306569013  184192379  197784667  332609940 |1610804861 
       193 |  11904973   42447854  316210569  185864284  195632250  326890152 |1624152006 
       194 |  10458919   45784745  319205643  191366326  196787026  313289864 |1610425445 
       195 |  11192741   45675638  326998507  191270452  196082604  329955419 |1650740974 
       196 |  10624426   45764382  323023756  198127103  203793404  349106425 |1691655067 
       197 |  10662689   45655718  338930737  198211077  205493653  335086064 |1697424089 
       198 |  10672800   47345720  336466071  197462780  204799888  332603248 |1692849085 
       199 |  11654550   50243422  340921254  203616626  200437254  353025121 |1730392752 
       200 |  10840435   50800617  338694573  204475697  204558951  362973945 |1740320316 
       201 |  10084395   49070826  337052176  208586473  205391840  353003177 |1737150945 
-----------+------------------------------------------------------------------+----------
     Total | 709957782 2975749664  1.916e+10  1.330e+10  1.303e+10  2.260e+10 | 1.137e+11 


           |                    ocup1
     ciclo |         6          7          8          9 |     Total
-----------+--------------------------------------------+----------
       130 |  16420946  254383434  149500737  261178247 |1521132904 
       131 |  19148213  260173480  150919774  272016626 |1568973825 
       132 |  18338225  266678479  152346294  273618809 |1596930315 
       133 |  16704622  268655812  156847657  272254414 |1602523195 
       134 |  16666657  266278015  152673915  276331733 |1606850039 
       135 |  17529412  267256641  155321236  285070281 |1630017283 
       136 |  18079130  272790139  158731709  286556954 |1654870918 
       137 |  16767263  272338794  162895704  289464153 |1664493292 
       138 |  16759742  271360334  161817257  295203745 |1670127421 
       139 |  16405299  275020443  163674919  293881777 |1698140089 
       140 |  16665801  276754206  163214191  291925273 |1709463284 
       141 |  16103584  277460272  168142707  290454105 |1709496171 
       142 |  15583593  272536078  170715157  288509719 |1701006348 
       143 |  15155909  267107155  167466852  279051233 |1703753508 
       144 |  16293866  255282698  165746566  274533563 |1692009541 
       145 |  16249092  231643255  156881988  273671796 |1647723490 
       146 |  16230967  218664566  150617716  261279190 |1601304220 
       147 |  18011064  217031471  145353024  254288345 |1592314213 
       148 |  17334823  207109699  140192806  258538899 |1586375876 
       149 |  17523796  200352838  138855999  257671845 |1572458127 
       150 |  17108752  186334170  137896758  252097780 |1548960261 
       151 |  18126593  191712711  141596714  245712424 |1561986722 
       152 |  17233676  189141528  142750814  247512055 |1570511132 
       153 |  15847842  183373684  140189362  247574044 |1555470531 
       154 |  16432683  179277220  126240179  233895950 |1536740519 
       155 |  17733366  179978845  128695134  238328323 |1557953758 
       156 |  17607371  175905620  125605863  231994677 |1547933089 
       157 |  15714138  169465201  122691309  229285822 |1515053155 
       158 |  15408970  156869445  117886453  219370433 |1472371788 
       159 |  15090192  154750753  114911218  211872593 |1464146224 
       160 |  16894032  150905767  114460946  216247040 |1456086229 
       161 |  14732787  142118692  110907740  222155579 |1428866845 
       162 |  14258424  138974747  108843006  210801941 |1398698266 
       163 |  14525888  138680072  109731776  215720295 |1407218098 
       164 |  14623916  138381466  109345446  214090375 |1412385227 
       165 |  13920253  140512636  106436758  219611939 |1409343308 
       166 |  14586745  137859678  105446886  213908845 |1392946752 
       167 |  15239882  141155853  111767814  215426379 |1431746011 
       168 |  15184669  143243082  111203578  212869517 |1441314329 
       169 |  15460909  145843401  110557449  216757488 |1448308910 
       170 |  15558135  147132790  111205558  214822998 |1439389127 
       171 |  17243689  149854588  116153303  222695455 |1476228133 
       172 |  17480355  151155028  115455991  224185942 |1494893251 
       173 |  17061542  150674363  112790771  230420032 |1498878776 
       174 |  16726149  154154431  114024386  226452699 |1493514138 
       175 |  14891059  157192742  119002385  233382801 |1518779353 
       176 |  15698816  159840980  120469945  235620122 |1540460954 
       177 |  16130102  160120624  123013664  240184178 |1538540997 
       178 |  17997495  158269668  125204061  233315882 |1534078210 
       179 |  18291199  165294565  126783865  236664328 |1569025179 
       180 |  17538315  165069943  126113245  239119129 |1590665214 
       181 |  17635369  167446226  126886086  243191495 |1592255448 
       182 |  16316300  166110460  127512337  237444331 |1579224441 
       183 |  17548866  170978494  127969667  243600917 |1625729723 
       184 |  16833508  169626282  129141738  242390618 |1643358614 
       185 |  15607580  169156843  131612568  249611445 |1645359038 
       186 |  15434793  168571729  133272945  244477959 |1635774906 
       187 |  16730564  171573950  136770786  245570765 |1668828229 
       188 |  15772297  172809935  139298110  242344402 |1678997992 
       189 |  15178117  172758755  136795234  244790410 |1684613900 
       190 |  15025951  171012951  133907520  240882989 |1656012589 
       191 |  15284681  160131135  125535234  213927245 |1552684926 
       192 |  15181574  169605328  127294623  223163750 |1610804861 
       193 |  16313036  171301265  130845439  226742184 |1624152006 
       194 |  16396607  162274307  130196253  224665755 |1610425445 
       195 |  16949490  166507053  132855981  233253089 |1650740974 
       196 |  19446772  166368101  136765011  238635687 |1691655067 
       197 |  16611220  165198549  137032253  244542129 |1697424089 
       198 |  15617573  164853773  138197377  244829855 |1692849085 
       199 |  18158756  166937963  142835208  242562598 |1730392752 
       200 |  18587155  170026624  145117093  234245226 |1740320316 
       201 |  18035217  170328455  146141613  239456773 |1737150945 
-----------+--------------------------------------------+----------
     Total |1186985374  1.354e+10 9655281661  1.759e+10 | 1.137e+11 

. log close
