
. tab ciclo ocup1 if state=="P"|state=="T"

           |                               ocup1
     ciclo |         0          1          2          3          4          5 |     Total
-----------+------------------------------------------------------------------+----------
       130 |       377      1,117      7,091      5,973      5,228      7,990 |    49,892 
       131 |       355      1,164      7,079      6,029      5,275      8,206 |    50,377 
       132 |       340      1,154      6,773      5,939      5,380      8,398 |    49,833 
       133 |       333      1,173      6,957      6,104      5,324      8,115 |    49,951 
       134 |       332      1,213      7,134      6,325      5,388      8,433 |    51,254 
       135 |       355      1,237      7,316      6,598      5,691      9,064 |    53,960 
       136 |       337      1,233      7,154      6,543      5,835      9,257 |    54,000 
       137 |       352      1,241      7,523      6,788      5,666      8,976 |    54,251 
       138 |       379      1,320      7,682      7,073      5,859      9,096 |    55,678 
       139 |       361      1,368      7,850      7,298      5,961      9,516 |    57,120 
       140 |       372      1,340      7,680      7,259      6,159      9,831 |    57,179 
       141 |       363      1,368      7,879      7,119      6,100      9,510 |    56,751 
       142 |       368      1,381      7,898      7,245      5,906      9,603 |    56,743 
       143 |       381      1,372      7,974      7,271      5,953      9,936 |    56,819 
       144 |       374      1,369      7,801      7,096      6,050     10,016 |    56,003 
       145 |       397      1,368      7,926      7,089      5,836      9,632 |    54,217 
       146 |       394      1,395      8,000      7,120      5,552      9,467 |    52,965 
       147 |       411      1,385      7,949      7,103      5,522      9,617 |    52,566 
       148 |       420      1,403      8,164      7,367      6,003     10,463 |    55,313 
       149 |       407      1,381      8,439      7,370      5,801     10,236 |    54,735 
       150 |       410      1,351      8,454      7,415      5,613     10,050 |    53,700 
       151 |       392      1,347      8,367      7,312      5,527     10,177 |    53,274 
       152 |       388      1,349      8,175      7,248      5,630     10,342 |    53,185 
       153 |       408      1,318      8,294      7,340      5,488     10,009 |    52,500 
       154 |       410      1,406      9,174      5,972      5,926     10,826 |    52,248 
       155 |       385      1,425      9,155      5,868      6,036     10,958 |    52,599 
       156 |       341      1,402      8,769      5,661      6,033     11,180 |    51,765 
       157 |       334      1,434      8,795      5,395      5,805     10,485 |    49,841 
       158 |       359      1,383      8,953      5,376      5,943     10,515 |    49,631 
       159 |       329      1,406      8,986      5,357      5,806     10,636 |    49,371 
       160 |       302      1,350      8,549      5,144      5,764     10,855 |    48,772 
       161 |       307      1,309      8,539      5,065      5,743     10,281 |    47,790 
       162 |       308      1,302      8,505      5,047      5,607     10,014 |    46,720 
       163 |       312      1,267      8,688      5,163      5,623     10,236 |    47,537 
       164 |       320      1,258      8,458      5,059      5,627     10,585 |    47,676 
       165 |       320      1,225      8,648      5,073      5,638     10,176 |    47,462 
       166 |       340      1,237      8,636      5,072      5,557     10,072 |    47,212 
       167 |       335      1,236      8,739      5,178      5,616     10,508 |    48,079 
       168 |       342      1,211      8,435      5,030      5,651     10,859 |    47,916 
       169 |       338      1,188      8,590      5,081      5,587     10,524 |    47,836 
       170 |       331      1,159      8,621      5,154      5,643     10,238 |    47,404 
       171 |       311      1,153      8,793      5,068      5,676     10,566 |    48,237 
       172 |       290      1,136      8,532      4,982      5,710     10,957 |    48,186 
       173 |       304      1,135      8,870      5,023      5,752     10,430 |    48,157 
       174 |       309      1,110      8,872      5,067      5,656     10,149 |    47,428 
       175 |       292      1,116      8,961      5,036      5,588     10,423 |    48,036 
       176 |       292      1,131      8,771      4,986      5,690     10,847 |    48,702 
       177 |       302      1,155      8,932      5,050      5,596     10,307 |    48,282 
       178 |       302      1,174      9,017      5,133      5,643     10,373 |    48,388 
       179 |       305      1,241      9,155      5,228      5,779     10,675 |    49,538 
       180 |       326      1,233      9,054      5,250      5,956     11,047 |    50,201 
       181 |       337      1,206      9,301      5,345      5,972     10,626 |    50,345 
       182 |       359      1,262      9,354      5,406      6,058     10,548 |    50,458 
       183 |       371      1,271      9,545      5,478      6,254     11,172 |    52,051 
       184 |       381      1,259      9,482      5,491      6,335     11,588 |    52,500 
       185 |       383      1,255      9,939      5,600      6,348     11,205 |    52,934 
       186 |       390      1,307     10,132      5,593      6,296     11,142 |    53,020 
       187 |       393      1,326     10,218      5,652      6,474     11,403 |    53,786 
       188 |       375      1,283      9,971      5,677      6,423     11,690 |    53,760 
       189 |       363      1,275     10,276      5,847      6,404     11,275 |    53,578 
       190 |       371      1,223      9,945      5,717      6,090     10,433 |    51,031 
       191 |       352      1,192      9,307      5,249      5,581      8,998 |    45,854 
       192 |       365      1,244      9,191      5,331      5,793      9,531 |    47,058 
       193 |       372      1,248      9,459      5,413      5,726      9,422 |    47,561 
       194 |       334      1,219      9,163      5,280      5,493      8,764 |    45,397 
       195 |       331      1,173      8,909      5,139      5,364      8,875 |    44,767 
       196 |       303      1,126      8,357      5,029      5,296      9,035 |    43,730 
       197 |       302      1,113      8,580      5,113      5,314      8,791 |    43,873 
       198 |       303      1,117      8,573      5,067      5,258      8,739 |    43,688 
       199 |       312      1,166      8,664      5,054      5,208      9,173 |    44,289 
       200 |       290      1,191      8,510      5,025      5,232      9,217 |    43,845 
       201 |       284      1,148      8,526      5,020      5,173      8,791 |    43,228 
-----------+------------------------------------------------------------------+----------
     Total |    25,023     90,733    618,158    419,068    413,490    721,080 | 3,624,033 


           |                    ocup1
     ciclo |         6          7          8          9 |     Total
-----------+--------------------------------------------+----------
       130 |       541      8,297      5,190      8,088 |    49,892 
       131 |       578      8,364      5,161      8,166 |    50,377 
       132 |       553      8,300      4,988      8,008 |    49,833 
       133 |       518      8,299      5,110      8,018 |    49,951 
       134 |       531      8,467      5,163      8,268 |    51,254 
       135 |       562      8,878      5,373      8,886 |    53,960 
       136 |       566      8,870      5,394      8,811 |    54,000 
       137 |       543      8,819      5,479      8,864 |    54,251 
       138 |       534      8,967      5,610      9,158 |    55,678 
       139 |       550      9,190      5,720      9,306 |    57,120 
       140 |       552      9,242      5,669      9,075 |    57,179 
       141 |       524      9,159      5,766      8,963 |    56,751 
       142 |       520      9,009      5,818      8,995 |    56,743 
       143 |       545      8,798      5,790      8,799 |    56,819 
       144 |       572      8,462      5,625      8,638 |    56,003 
       145 |       540      7,689      5,299      8,441 |    54,217 
       146 |       545      7,276      5,112      8,104 |    52,965 
       147 |       596      7,122      4,993      7,868 |    52,566 
       148 |       613      7,389      5,173      8,318 |    55,313 
       149 |       602      7,166      5,085      8,248 |    54,735 
       150 |       616      6,706      5,029      8,056 |    53,700 
       151 |       616      6,760      5,056      7,720 |    53,274 
       152 |       599      6,665      5,050      7,739 |    53,185 
       153 |       552      6,394      4,950      7,747 |    52,500 
       154 |       571      6,140      4,493      7,330 |    52,248 
       155 |       612      6,212      4,585      7,363 |    52,599 
       156 |       624      6,090      4,439      7,226 |    51,765 
       157 |       566      5,710      4,243      7,074 |    49,841 
       158 |       560      5,461      4,222      6,859 |    49,631 
       159 |       567      5,416      4,185      6,683 |    49,371 
       160 |       550      5,325      4,112      6,821 |    48,772 
       161 |       536      5,090      3,961      6,959 |    47,790 
       162 |       527      4,879      3,855      6,676 |    46,720 
       163 |       533      4,902      3,955      6,858 |    47,537 
       164 |       552      4,940      3,869      7,008 |    47,676 
       165 |       510      4,923      3,798      7,151 |    47,462 
       166 |       539      4,893      3,769      7,097 |    47,212 
       167 |       538      4,970      3,955      7,004 |    48,079 
       168 |       529      5,021      3,888      6,950 |    47,916 
       169 |       525      5,069      3,854      7,080 |    47,836 
       170 |       517      4,994      3,916      6,831 |    47,404 
       171 |       566      5,095      4,048      6,961 |    48,237 
       172 |       552      5,037      3,981      7,009 |    48,186 
       173 |       544      5,036      3,907      7,156 |    48,157 
       174 |       535      4,982      3,851      6,897 |    47,428 
       175 |       513      5,040      3,972      7,095 |    48,036 
       176 |       548      5,185      4,050      7,202 |    48,702 
       177 |       532      5,138      4,053      7,217 |    48,282 
       178 |       559      5,047      4,092      7,048 |    48,388 
       179 |       568      5,242      4,199      7,146 |    49,538 
       180 |       571      5,272      4,207      7,285 |    50,201 
       181 |       560      5,399      4,218      7,381 |    50,345 
       182 |       509      5,441      4,262      7,259 |    50,458 
       183 |       563      5,597      4,317      7,483 |    52,051 
       184 |       541      5,513      4,394      7,516 |    52,500 
       185 |       519      5,526      4,466      7,693 |    52,934 
       186 |       524      5,560      4,480      7,596 |    53,020 
       187 |       554      5,631      4,558      7,577 |    53,786 
       188 |       546      5,625      4,614      7,556 |    53,760 
       189 |       513      5,554      4,526      7,545 |    53,578 
       190 |       499      5,333      4,286      7,134 |    51,031 
       191 |       452      4,787      3,909      6,027 |    45,854 
       192 |       475      4,952      3,931      6,245 |    47,058 
       193 |       499      5,004      4,051      6,367 |    47,561 
       194 |       485      4,693      3,926      6,040 |    45,397 
       195 |       471      4,670      3,831      6,004 |    44,767 
       196 |       465      4,441      3,797      5,881 |    43,730 
       197 |       445      4,426      3,800      5,989 |    43,873 
       198 |       439      4,417      3,872      5,903 |    43,688 
       199 |       476      4,472      3,856      5,908 |    44,289 
       200 |       498      4,386      3,861      5,635 |    43,845 
       201 |       459      4,320      3,847      5,660 |    43,228 
-----------+--------------------------------------------+----------
     Total |    38,804    441,144    323,864    532,669 | 3,624,033 

. log close
