
     variable |           mean      n        semean
---------------------------------------------------
     employed |    .7483769082  5,699   .0057487605
    permanent |    .5271100193  5,699   .0066140804
    temporary |    .2212668889  5,699   .0054990961
     self_emp |    .0740480786  5,699   .0034688849
         erte |              0  5,699             0
   unemployed |    .0938761186  5,699   .0038637599
     inactive |    .0836988945  5,699   .0036687468
        occ_0 |    .0029829795  5,699   .0007224623
        occ_1 |    .0185997543  5,699   .0017898452
        occ_2 |    .3018073346  5,699   .0060812284
        occ_3 |    .1052816284  5,699   .0040659146
        occ_4 |    .1435339533  5,699   .0046448445
        occ_5 |    .2375855413  5,699   .0056382502
        occ_6 |    .0024565713  5,699   .0006557969
        occ_7 |     .014739428  5,699   .0015964475
        occ_8 |    .0171959993  5,699   .0017222094
        occ_9 |    .0759782418  5,699   .0035101405
        act_0 |    .0154413055  5,699    .001633434
        act_1 |    .0357957536  5,699   .0024611555
        act_2 |    .0352693455  5,699   .0024436585
        act_3 |    .0242147745  5,699   .0020363673
        act_4 |    .0098262853  5,699   .0013067399
        act_5 |    .2510966836  5,699   .0057447633
        act_6 |    .0464993859  5,699   .0027894776
        act_7 |    .1379189331  5,699   .0045679861
        act_8 |    .2775925601  5,699    .005932446
        act_9 |    .0865064046  5,699   .0037240514
       tenure |    66.02709622  4,687   .8326784851
---------------------------------------------------
