
     variable |           mean      n        semean
---------------------------------------------------
     employed |    .7487786063  3,889   .0069557169
    permanent |    .5726407817  3,889   .0079336776
    temporary |    .1761378246  3,889   .0061092862
     self_emp |    .0701979943  3,889   .0040972689
         erte |     .001028542  3,889   .0005140726
   unemployed |    .0930830548  3,889   .0046596784
     inactive |    .0879403446  3,889   .0045419524
        occ_0 |    .0028284906  3,889   .0008517246
        occ_1 |    .0213422474  3,889   .0023177808
        occ_2 |    .2869632296  3,889   .0072544745
        occ_3 |    .1005399846  3,889   .0048227773
        occ_4 |    .1298534328  3,889   .0053908816
        occ_5 |    .2517356647  3,889   .0069604412
        occ_6 |    .0028284906  3,889   .0008517246
        occ_7 |    .0192851633  3,889   .0022055652
        occ_8 |    .0179994857  3,889   .0021321747
        occ_9 |    .0773977886  3,889    .004285568
        act_0 |      .01259964  3,889   .0017888033
        act_1 |    .0408845462  3,889    .003175791
        act_2 |    .0233993314  3,889     .00242436
        act_3 |    .0262278221  3,889   .0025629886
        act_4 |    .0159424016  3,889   .0020087413
        act_5 |    .2401645667  3,889   .0068509549
        act_6 |     .049884289  3,889   .0034914596
        act_7 |    .1311391103  3,889   .0054134996
        act_8 |    .3023913602  3,889   .0073659283
        act_9 |    .0681409103  3,889   .0040412523
       tenure |    60.57205651  3,185   .9601772362
---------------------------------------------------
