
     variable |           mean      n        semean
---------------------------------------------------
     employed |    .7363518758  3,865   .0070882085
    permanent |    .5107373868  3,865   .0080417632
    temporary |     .225614489  3,865   .0067242452
     self_emp |    .0750323415  3,865   .0042380782
         erte |    .0108667529  3,865   .0016678567
   unemployed |    .1003880983  3,865   .0048344843
     inactive |    .0882276843  3,865   .0045627543
        occ_0 |    .0031047865  3,865    .000894998
        occ_1 |    .0160413972  3,865   .0020211147
        occ_2 |     .302457956  3,865   .0073892293
        occ_3 |    .1034928849  3,865   .0049001972
        occ_4 |    .1342820181  3,865   .0054850247
        occ_5 |    .2369987063  3,865   .0068409602
        occ_6 |    .0028460543  3,865   .0008570065
        occ_7 |    .0113842173  3,865   .0017066592
        occ_8 |     .020698577  3,865   .0022903923
        occ_9 |    .0786545925  3,865   .0043306663
        act_0 |    .0142302717  3,865   .0019053544
        act_1 |    .0302716688  3,865   .0027562884
        act_2 |    .0333764554  3,865   .0028895501
        act_3 |    .0279430789  3,865   .0026513339
        act_4 |    .0116429495  3,865   .0017257182
        act_5 |    .2113842173  3,865   .0065682618
        act_6 |     .047606727  3,865   .0034254984
        act_7 |    .1355756792  3,865   .0055072631
        act_8 |    .3104786546  3,865   .0074433968
        act_9 |    .0874514877  3,865   .0045445724
       tenure |    64.48628827  3,136   .9915659725
---------------------------------------------------
