(fitting base model)

Bootstrap replications (20)
----+--- 1 ---+--- 2 ---+--- 3 ---+--- 4 ---+--- 5 
....................

Simultaneous quantile regression                    Number of obs =    136,192
  bootstrap(20) SEs                                 .25 Pseudo R2 =     0.0355
                                                    .50 Pseudo R2 =     0.0446
                                                    .75 Pseudo R2 =     0.0306

--------------------------------------------------------------------------------------
                     |              Bootstrap
               ten_y | Coefficient  std. err.      t    P>|t|     [95% conf. interval]
---------------------+----------------------------------------------------------------
q25                  |
              ttrend |  -.0080004   .0008125    -9.85   0.000    -.0095929   -.0064078
                     |
      sexo1#c.ttrend |
                  1  |   .0047521   .0012388     3.84   0.000     .0023241      .00718
                     |
       sexo1#c.urate |
                  0  |   .0352483   .0034572    10.20   0.000     .0284723    .0420244
                  1  |   .0609927   .0026649    22.89   0.000     .0557695    .0662159
                     |
            occgroup |
                  2  |  -.2084284   .1033028    -2.02   0.044       -.4109   -.0059568
                  3  |  -.6680318   .0852457    -7.84   0.000    -.8351117   -.5009519
                  4  |  -1.430249   .0698023   -20.49   0.000     -1.56706   -1.293438
                  5  |  -2.322842   .0809206   -28.71   0.000    -2.481444   -2.164239
                     |
      covid#occgroup |
                1 1  |  -.2492882   .1951888    -1.28   0.202    -.6318545    .1332782
                1 2  |   .0899198   .2882028     0.31   0.755    -.4749524     .654792
                1 3  |   .6924668   .2500256     2.77   0.006     .2024212    1.182512
                1 4  |   .5976277   .1777798     3.36   0.001     .2491825    .9460729
                1 5  |   .2639433    .070075     3.77   0.000     .1265976    .4012889
                2 1  |  -.1078804    .375389    -0.29   0.774    -.8436359     .627875
                2 2  |  -.3161187      .4317    -0.73   0.464    -1.162243    .5300054
                2 3  |   .7763022   .2957918     2.62   0.009     .1965558    1.356049
                2 4  |   .8550431    .284133     3.01   0.003     .2981478    1.411938
                2 5  |   .4657754   .1712154     2.72   0.007     .1301965    .8013544
                3 1  |   .6894831    .173723     3.97   0.000     .3489892    1.029977
                3 2  |  -.3523128    .459431    -0.77   0.443    -1.252789    .5481633
                3 3  |   .1405499   .3054238     0.46   0.645    -.4580752    .7391749
                3 4  |   .2030657   .1536456     1.32   0.186    -.0980769    .5042082
                3 5  |   .5121004   .1047099     4.89   0.000     .3068709    .7173299
                     |
      sexo1#occgroup |
                1 1  |  -.0781408   .0975873    -0.80   0.423    -.2694101    .1131285
                1 2  |  -.7688992   .0913105    -8.42   0.000    -.9478661   -.5899323
                1 3  |  -1.386997   .0721239   -19.23   0.000    -1.528359   -1.245636
                1 4  |   -.729636   .0538689   -13.54   0.000    -.8352181   -.6240539
                1 5  |   -.472396   .0449017   -10.52   0.000    -.5604024   -.3843895
                     |
covid#sexo1#occgroup |
              1 1 1  |  -.9677385   .2340254    -4.14   0.000    -1.426424   -.5090532
              1 1 2  |  -.2317456   .3365939    -0.69   0.491    -.8914634    .4279723
              1 1 3  |  -.4232576   .2936207    -1.44   0.149    -.9987487    .1522335
              1 1 4  |  -.5462863   .3792903    -1.44   0.150    -1.289688    .1971157
              1 1 5  |  -.1288946   .0894427    -1.44   0.150    -.3042006    .0464113
              2 1 1  |  -.6660259   .3967138    -1.68   0.093    -1.443578    .1115258
              2 1 2  |  -.1370737   .4960677    -0.28   0.782    -1.109357    .8352099
              2 1 3  |  -.4957124   .3738119    -1.33   0.185    -1.228377    .2369521
              2 1 4  |  -1.130539   .3451795    -3.28   0.001    -1.807084   -.4539931
              2 1 5  |  -.4449771   .1743026    -2.55   0.011     -.786607   -.1033473
              3 1 1  |    -1.0073   .2776719    -3.63   0.000    -1.551531   -.4630679
              3 1 2  |  -.5663169   .4889772    -1.16   0.247    -1.524703    .3920692
              3 1 3  |   .0384556   .3489722     0.11   0.912    -.6455234    .7224346
              3 1 4  |  -.4192042   .2195208    -1.91   0.056    -.8494609    .0110526
              3 1 5  |  -.3428865   .0932508    -3.68   0.000    -.5256563   -.1601167
                     |
               _cons |   2.423112   .0822434    29.46   0.000     2.261916    2.584308
---------------------+----------------------------------------------------------------
q50                  |
              ttrend |  -.0087383   .0020462    -4.27   0.000    -.0127489   -.0047277
                     |
      sexo1#c.ttrend |
                  1  |   .0281238   .0036503     7.70   0.000     .0209692    .0352784
                     |
       sexo1#c.urate |
                  0  |   .0743523   .0073831    10.07   0.000     .0598816     .088823
                  1  |   .0648068    .007426     8.73   0.000     .0502519    .0793617
                     |
            occgroup |
                  2  |   .5787468   .0680968     8.50   0.000     .4452783    .7122153
                  3  |    .416667   .1075868     3.87   0.000     .2057989    .6275351
                  4  |  -1.034455   .0927969   -11.15   0.000    -1.216335   -.8525746
                  5  |  -3.402844   .1197256   -28.42   0.000    -3.637504   -3.168184
                     |
      covid#occgroup |
                1 1  |  -.2772243   .1671503    -1.66   0.097    -.6048358    .0503872
                1 2  |  -.4231311   .4317774    -0.98   0.327    -1.269407    .4231446
                1 3  |   .3061087     .48959     0.63   0.532    -.6534785    1.265696
                1 4  |   .6487428   .2280868     2.84   0.004     .2016969    1.095789
                1 5  |  -.0248737   .2550329    -0.10   0.922    -.5247335     .474986
                2 1  |    .154198   .3850365     0.40   0.689    -.6004663    .9088623
                2 2  |  -.1544791   .3956586    -0.39   0.696    -.9299626    .6210043
                2 3  |   .4649824   .4650766     1.00   0.317     -.446559    1.376524
                2 4  |   1.355319    .442347     3.06   0.002     .4883274    2.222311
                2 5  |   1.160445   .1686198     6.88   0.000     .8299531    1.490937
                3 1  |   .8140041    .305819     2.66   0.008     .2146047    1.413404
                3 2  |  -.5233533   .3411553    -1.53   0.125    -1.192011    .1453048
                3 3  |  -.3526629   .3340544    -1.06   0.291    -1.007403    .3020775
                3 4  |   .1731819   .2664554     0.65   0.516    -.3490658    .6954296
                3 5  |   1.452105   .5766849     2.52   0.012     .3218133    2.582397
                     |
      sexo1#occgroup |
                1 1  |   .1195367   .1436597     0.83   0.405    -.1620337     .401107
                1 2  |  -.8782322    .177105    -4.96   0.000    -1.225355   -.5311097
                1 3  |  -2.172146   .1721829   -12.62   0.000    -2.509621    -1.83467
                1 4  |  -.4516949   .2352361    -1.92   0.055    -.9127532    .0093634
                1 5  |  -.7445773   .1573156    -4.73   0.000    -1.052913   -.4362417
                     |
covid#sexo1#occgroup |
              1 1 1  |  -1.554494   .2773048    -5.61   0.000    -2.098006   -1.010982
              1 1 2  |  -1.572898   .4466666    -3.52   0.000    -2.448356   -.6974397
              1 1 3  |  -.4278166   .6592614    -0.65   0.516    -1.719957    .8643235
              1 1 4  |  -1.873113   .8629445    -2.17   0.030    -3.564468   -.1817579
              1 1 5  |  -.3715586   .4039152    -0.92   0.358    -1.163225    .4201076
              2 1 1  |  -1.413327   .5533217    -2.55   0.011    -2.497827    -.328827
              2 1 2  |  -1.935628   .5583811    -3.47   0.001    -3.030045   -.8412114
              2 1 3  |  -1.320957    .533269    -2.48   0.013    -2.366154   -.2757595
              2 1 4  |  -3.980623    .495778    -8.03   0.000    -4.952338   -3.008907
              2 1 5  |  -2.515164   .2887713    -8.71   0.000    -3.081151   -1.949178
              3 1 1  |  -2.725584   .4706388    -5.79   0.000    -3.648027    -1.80314
              3 1 2  |  -1.584884   .5470357    -2.90   0.004    -2.657064   -.5127047
              3 1 3  |  -.7162481   .4324208    -1.66   0.098    -1.563785    .1312886
              3 1 4  |  -2.428088   .7376788    -3.29   0.001    -3.873925   -.9822517
              3 1 5  |  -2.870603   .5508692    -5.21   0.000    -3.950296   -1.790909
                     |
               _cons |   4.612014   .1080079    42.70   0.000      4.40032    4.823707
---------------------+----------------------------------------------------------------
q75                  |
              ttrend |    .019552   .0019964     9.79   0.000      .015639     .023465
                     |
      sexo1#c.ttrend |
                  1  |   .0168804   .0025459     6.63   0.000     .0118905    .0218702
                     |
       sexo1#c.urate |
                  0  |   .0170843   .0055753     3.06   0.002     .0061568    .0280118
                  1  |   .0196916   .0064532     3.05   0.002     .0070435    .0323398
                     |
            occgroup |
                  2  |   1.492217   .0709931    21.02   0.000     1.353072    1.631362
                  3  |   1.788724   .1242093    14.40   0.000     1.545276    2.032172
                  4  |   1.106871   .0916106    12.08   0.000     .9273163    1.286426
                  5  |  -2.117312   .1259977   -16.80   0.000    -2.364265   -1.870359
                     |
      covid#occgroup |
                1 1  |    -1.5317   .5092787    -3.01   0.003    -2.529877   -.5335236
                1 2  |  -.8572506   .4476328    -1.92   0.055    -1.734603    .0201013
                1 3  |   .1311702   .4709385     0.28   0.781    -.7918606    1.054201
                1 4  |   .8479511   .1908652     4.44   0.000     .4738589    1.222043
                1 5  |  -1.765565   .4861779    -3.63   0.000    -2.718465   -.8126656
                2 1  |  -1.066818   .3586908    -2.97   0.003    -1.769845   -.3637907
                2 2  |    .427867   .6833449     0.63   0.531    -.9114763     1.76721
                2 3  |   1.137434   .7359713     1.55   0.122    -.3050558    2.579924
                2 4  |   .6465459   .3789355     1.71   0.088    -.0961607    1.389252
                2 5  |  -1.532839   .3681466    -4.16   0.000      -2.2544   -.8112788
                3 1  |  -.2944188   .3061905    -0.96   0.336    -.8945465     .305709
                3 2  |  -2.596431   .6653553    -3.90   0.000    -3.900515   -1.292347
                3 3  |  -.1061119   .2674777    -0.40   0.692    -.6303632    .4181394
                3 4  |  -2.007592   .5877444    -3.42   0.001     -3.15956   -.8556238
                3 5  |   -1.98785   .3071725    -6.47   0.000    -2.589903   -1.385798
                     |
      sexo1#occgroup |
                1 1  |   .0710672   .1412288     0.50   0.615    -.2057386     .347873
                1 2  |  -1.191302   .1439905    -8.27   0.000    -1.473521   -.9090831
                1 3  |  -1.787734   .2074741    -8.62   0.000    -2.194379   -1.381089
                1 4  |  -.7334901   .2436165    -3.01   0.003    -1.210974   -.2560063
                1 5  |  -1.125684   .2053966    -5.48   0.000    -1.528257     -.72311
                     |
covid#sexo1#occgroup |
              1 1 1  |   .7816664   .5720448     1.37   0.172    -.3395307    1.902864
              1 1 2  |   .4898807   .6483135     0.76   0.450    -.7808018    1.760563
              1 1 3  |   .4388728   .5346977     0.82   0.412    -.6091247     1.48687
              1 1 4  |  -2.543072   1.504353    -1.69   0.091    -5.491576    .4054319
              1 1 5  |   .2754399   .5798328     0.48   0.635    -.8610217    1.411901
              2 1 1  |   .7500852   .5014426     1.50   0.135     -.232733    1.732903
              2 1 2  |  -1.834329   .6183464    -2.97   0.003    -3.046276   -.6223813
              2 1 3  |  -2.015963   .7681239    -2.62   0.009    -3.521471   -.5104541
              2 1 4  |  -5.208807   .8752647    -5.95   0.000    -6.924309   -3.493304
              2 1 5  |   -.374351   .7440697    -0.50   0.615    -1.832714    1.084012
              3 1 1  |   -1.99478   .4187176    -4.76   0.000    -2.815458   -1.174101
              3 1 2  |   -.005949   .6741141    -0.01   0.993      -1.3272    1.315302
              3 1 3  |  -3.111074   .4460803    -6.97   0.000    -3.985383   -2.236765
              3 1 4  |  -2.571118   .9520734    -2.70   0.007    -4.437164   -.7050714
              3 1 5  |  -1.111645   .5157668    -2.16   0.031    -2.122539   -.1007518
                     |
               _cons |   7.542141   .0983478    76.69   0.000     7.349381    7.734901
--------------------------------------------------------------------------------------
