(fitting base model)

Bootstrap replications (20)
----+--- 1 ---+--- 2 ---+--- 3 ---+--- 4 ---+--- 5 
....................

Simultaneous quantile regression                    Number of obs =    410,043
  bootstrap(20) SEs                                 .25 Pseudo R2 =     0.0417
                                                    .50 Pseudo R2 =     0.0490
                                                    .75 Pseudo R2 =     0.0295

--------------------------------------------------------------------------------------
                     |              Bootstrap
               ten_y | Coefficient  std. err.      t    P>|t|     [95% conf. interval]
---------------------+----------------------------------------------------------------
q25                  |
              ttrend |  -.0095875   .0007533   -12.73   0.000     -.011064    -.008111
                     |
      sexo1#c.ttrend |
                  1  |   .0107153   .0008955    11.97   0.000     .0089602    .0124704
                     |
       sexo1#c.urate |
                  0  |   .0370123   .0022949    16.13   0.000     .0325143    .0415102
                  1  |   .0573174   .0021903    26.17   0.000     .0530244    .0616104
                     |
            occgroup |
                  2  |  -.4763768   .0637701    -7.47   0.000    -.6013643   -.3513892
                  3  |  -.7556001   .0757758    -9.97   0.000    -.9041185   -.6070818
                  4  |  -2.224192   .0545694   -40.76   0.000    -2.331146   -2.117237
                  5  |  -3.405381    .045929   -74.14   0.000      -3.4954   -3.315361
                     |
      covid#occgroup |
                1 1  |  -.6888702   .1802395    -3.82   0.000    -1.042134   -.3356063
                1 2  |   .0849536   .1130902     0.75   0.453    -.1366998     .306607
                1 3  |   .9475102   .2146576     4.41   0.000     .5267878    1.368233
                1 4  |   .5486101   .1055732     5.20   0.000     .3416898    .7555304
                1 5  |   .4069007   .0691145     5.89   0.000     .2714385     .542363
                2 1  |   -.661059   .1531335    -4.32   0.000     -.961196    -.360922
                2 2  |   .3875437   .2504345     1.55   0.122    -.1033004    .8783877
                2 3  |   .8334335   .2459963     3.39   0.001     .3512882    1.315579
                2 4  |    .766529   .1141609     6.71   0.000      .542777     .990281
                2 5  |   .6217837   .1331134     4.67   0.000     .3608855    .8826819
                3 1  |  -.1458751   .1256361    -1.16   0.246     -.392118    .1003677
                3 2  |   .4971684   .1589015     3.13   0.002     .1857262    .8086105
                3 3  |   .0525863   .1941751     0.27   0.787    -.3279909    .4331636
                3 4  |   .5751802   .1352399     4.25   0.000      .310114    .8402464
                3 5  |    .592839   .1123801     5.28   0.000     .3725774    .8131007
                     |
      sexo1#occgroup |
                1 1  |  -.1323339   .0833665    -1.59   0.112    -.2957298     .031062
                1 2  |  -.9835167   .0929252   -10.58   0.000    -1.165647   -.8013862
                1 3  |   -2.27655   .0878045   -25.93   0.000    -2.448645   -2.104456
                1 4  |  -1.038003   .0806202   -12.88   0.000    -1.196016   -.8799897
                1 5  |  -.5493616   .0491111   -11.19   0.000    -.6456178   -.4531054
                     |
covid#sexo1#occgroup |
              1 1 1  |  -.0589246   .2269018    -0.26   0.795    -.5036453    .3857961
              1 1 2  |  -.4745691   .2162002    -2.20   0.028     -.898315   -.0508232
              1 1 3  |   -.742775   .2766036    -2.69   0.007     -1.28491   -.2006404
              1 1 4  |   -.214654   .2999108    -0.72   0.474    -.8024701    .3731621
              1 1 5  |  -.4462402   .0812058    -5.50   0.000    -.6054011   -.2870793
              2 1 1  |   -.337426   .2427357    -1.39   0.165    -.8131806    .1383286
              2 1 2  |  -.8493741   .3096661    -2.74   0.006     -1.45631   -.2424379
              2 1 3  |  -.7264409   .3031822    -2.40   0.017    -1.320669   -.1322129
              2 1 4  |  -.3851535    .339434    -1.13   0.257    -1.050434    .2801268
              2 1 5  |  -.7726355   .1674212    -4.61   0.000    -1.100776   -.4444951
              3 1 1  |  -.8070591   .1907534    -4.23   0.000     -1.18093   -.4331881
              3 1 2  |  -.9432849   .2889801    -3.26   0.001    -1.509677   -.3768927
              3 1 3  |   .3109628    .204583     1.52   0.129    -.0900137    .7119392
              3 1 4  |  -.8711605   .1802349    -4.83   0.000    -1.224415   -.5179055
              3 1 5  |  -.6400313   .1121972    -5.70   0.000    -.8599344   -.4201281
                     |
               _cons |    3.59913   .0526482    68.36   0.000     3.495941    3.702319
---------------------+----------------------------------------------------------------
q50                  |
              ttrend |   .0009371   .0015307     0.61   0.540    -.0020631    .0039372
                     |
      sexo1#c.ttrend |
                  1  |   .0365455   .0018826    19.41   0.000     .0328556    .0402353
                     |
       sexo1#c.urate |
                  0  |   .0400854   .0040967     9.78   0.000     .0320559    .0481149
                  1  |   .0192955    .002572     7.50   0.000     .0142545    .0243366
                     |
            occgroup |
                  2  |   .2053201   .0378917     5.42   0.000     .1310535    .2795866
                  3  |   .4887726   .0709486     6.89   0.000     .3497154    .6278298
                  4  |  -2.053634   .0432186   -47.52   0.000    -2.138341   -1.968927
                  5  |  -4.975585   .0467299  -106.48   0.000    -5.067174   -4.883995
                     |
      covid#occgroup |
                1 1  |  -1.433165   .2661796    -5.38   0.000    -1.954869   -.9114613
                1 2  |  -.3791802   .4541995    -0.83   0.404    -1.269397    .5110371
                1 3  |   1.170701   .2892078     4.05   0.000     .6038623    1.737539
                1 4  |   -.617155   .1232286    -5.01   0.000    -.8586793   -.3756307
                1 5  |  -.3742474   .2186204    -1.71   0.087    -.8027369     .054242
                2 1  |  -1.471255   .2096514    -7.02   0.000    -1.882166   -1.060345
                2 2  |  -.9342845   .2947537    -3.17   0.002    -1.511993   -.3565762
                2 3  |   .7337615   .3866705     1.90   0.058     -.024101    1.491624
                2 4  |  -.2586643   .2283425    -1.13   0.257    -.7062088    .1888802
                2 5  |    .420996   .1616802     2.60   0.009     .1041077    .7378843
                3 1  |  -.8627644   .2806325    -3.07   0.002    -1.412796   -.3127332
                3 2  |  -.8652498    .213197    -4.06   0.000    -1.283109   -.4473902
                3 3  |  -1.120781   .3508711    -3.19   0.001    -1.808478   -.4330847
                3 4  |  -.1896296   .2081872    -0.91   0.362    -.5976703     .218411
                3 5  |    1.10253   .3093055     3.56   0.000     .4963002    1.708759
                     |
      sexo1#occgroup |
                1 1  |  -.3507131   .1211415    -2.90   0.004    -.5881468   -.1132795
                1 2  |  -1.091477   .1315112    -8.30   0.000    -1.349235    -.833719
                1 3  |   -3.72025   .1389175   -26.78   0.000    -3.992525   -3.447976
                1 4  |  -.9139131   .1765506    -5.18   0.000    -1.259947   -.5678793
                1 5  |  -.9919621   .1013078    -9.79   0.000    -1.190522   -.7934019
                     |
covid#sexo1#occgroup |
              1 1 1  |   .8128008   .2913182     2.79   0.005     .2418259    1.383776
              1 1 2  |  -1.253521   .6606205    -1.90   0.058    -2.548317    .0412756
              1 1 3  |   -1.26505   .3906453    -3.24   0.001    -2.030703    -.499397
              1 1 4  |  -.3030423   1.134194    -0.27   0.789    -2.526027    1.919943
              1 1 5  |  -.8722149   .3508802    -2.49   0.013     -1.55993   -.1845003
              2 1 1  |   .0659808   .2446634     0.27   0.787     -.413552    .5455137
              2 1 2  |  -1.316187   .4439142    -2.96   0.003    -2.186246   -.4461289
              2 1 3  |  -2.258271   .4854644    -4.65   0.000    -3.209766   -1.306775
              2 1 4  |  -1.613109   .5447037    -2.96   0.003    -2.680712   -.5455067
              2 1 5  |  -1.982769    .252789    -7.84   0.000    -2.478228    -1.48731
              3 1 1  |  -1.787063   .3786433    -4.72   0.000    -2.529192   -1.044934
              3 1 2  |  -1.249134   .5418454    -2.31   0.021    -2.311135   -.1871333
              3 1 3  |  -.2729628   .4173948    -0.65   0.513    -1.091044    .5451183
              3 1 4  |  -2.787051   .4867983    -5.73   0.000    -3.741161   -1.832941
              3 1 5  |  -2.995877   .3316313    -9.03   0.000    -3.645865    -2.34589
                     |
               _cons |   7.131709   .0793193    89.91   0.000     6.976245    7.287172
---------------------+----------------------------------------------------------------
q75                  |
              ttrend |   .0035086   .0014691     2.39   0.017     .0006293    .0063879
                     |
      sexo1#c.ttrend |
                  1  |   .0302158   .0019749    15.30   0.000     .0263451    .0340865
                     |
       sexo1#c.urate |
                  0  |   .0010908   .0039474     0.28   0.782    -.0066461    .0088277
                  1  |  -.0268528   .0047505    -5.65   0.000    -.0361636    -.017542
                     |
            occgroup |
                  2  |   1.259326    .057084    22.06   0.000     1.147443    1.371209
                  3  |   2.095422   .0717191    29.22   0.000     1.954855     2.23599
                  4  |   .0120892   .0596385     0.20   0.839    -.1048005    .1289789
                  5  |  -3.364929   .1089269   -30.89   0.000    -3.578423   -3.151436
                     |
      covid#occgroup |
                1 1  |  -.1159283   .2455811    -0.47   0.637    -.5972599    .3654032
                1 2  |   .4546793   .2682786     1.69   0.090    -.0711385    .9804972
                1 3  |    -.20237   .2505385    -0.81   0.419    -.6934179     .288678
                1 4  |   1.047629   .2673943     3.92   0.000     .5235443    1.571714
                1 5  |  -1.579842   .5212373    -3.03   0.002    -2.601452   -.5582332
                2 1  |  -.0469749   .4406452    -0.11   0.915    -.9106261    .8166763
                2 2  |   1.945862   .2736886     7.11   0.000     1.409441    2.482284
                2 3  |  -.1423972   .2023113    -0.70   0.482    -.5389213     .254127
                2 4  |   .6985528   .2258382     3.09   0.002     .2559167    1.141189
                2 5  |   .0679542   .4726782     0.14   0.886    -.8584809    .9943892
                3 1  |   .0324859   .2708302     0.12   0.905     -.498333    .5633049
                3 2  |   .6801376   .4777761     1.42   0.155    -.2562891    1.616564
                3 3  |  -.3962693   .3561581    -1.11   0.266    -1.094328    .3017897
                3 4  |  -.2318029   .2636023    -0.88   0.379    -.7484555    .2848496
                3 5  |   .0543925   .7723539     0.07   0.944    -1.459398    1.568183
                     |
      sexo1#occgroup |
                1 1  |  -.0031105    .114667    -0.03   0.978    -.2278544    .2216335
                1 2  |  -1.099894   .1365495    -8.05   0.000    -1.367527   -.8322612
                1 3  |  -3.122122   .1224662   -25.49   0.000    -3.362152   -2.882092
                1 4  |  -.4503745   .1677271    -2.69   0.007    -.7791145   -.1216345
                1 5  |   -1.61199   .1446085   -11.15   0.000    -1.895419   -1.328562
                     |
covid#sexo1#occgroup |
              1 1 1  |  -.1475386   .2168488    -0.68   0.496    -.5725556    .2774785
              1 1 2  |   -.436212    .344119    -1.27   0.205    -1.110675    .2382509
              1 1 3  |   1.369601    .330884     4.14   0.000     .7210788    2.018124
              1 1 4  |   .4852214    .301048     1.61   0.107    -.1048236    1.075267
              1 1 5  |   .8735174   .5595766     1.56   0.119    -.2232358    1.970271
              2 1 1  |  -.3093202   .4524397    -0.68   0.494    -1.196088    .5774479
              2 1 2  |  -2.298034   .4149237    -5.54   0.000    -3.111272   -1.484796
              2 1 3  |   .0370865   .3962126     0.09   0.925    -.7394783    .8136512
              2 1 4  |  -1.203007   1.316346    -0.91   0.361    -3.783005    1.376991
              2 1 5  |  -1.700441   .6034113    -2.82   0.005    -2.883109    -.517773
              3 1 1  |   -1.06895   .3051792    -3.50   0.000    -1.667092   -.4708079
              3 1 2  |  -1.156603   .4422419    -2.62   0.009    -2.023383   -.2898219
              3 1 3  |    .327582   .4233115     0.77   0.439    -.5020957     1.15726
              3 1 4  |  -2.369486   1.218364    -1.94   0.052    -4.757444    .0184712
              3 1 5  |  -1.506194   .8277466    -1.82   0.069    -3.128552    .1161646
                     |
               _cons |   11.04736   .0763516   144.69   0.000     10.89771      11.197
--------------------------------------------------------------------------------------
