(fitting base model)

Bootstrap replications (20)
----+--- 1 ---+--- 2 ---+--- 3 ---+--- 4 ---+--- 5 
....................

Simultaneous quantile regression                    Number of obs =    134,861
  bootstrap(20) SEs                                 .25 Pseudo R2 =     0.0356
                                                    .50 Pseudo R2 =     0.0446
                                                    .75 Pseudo R2 =     0.0303

--------------------------------------------------------------------------------------
                     |              Bootstrap
               ten_y | Coefficient  std. err.      t    P>|t|     [95% conf. interval]
---------------------+----------------------------------------------------------------
q25                  |
              ttrend |  -.0080004   .0011134    -7.19   0.000    -.0101826   -.0058181
                     |
      sexo1#c.ttrend |
                  1  |   .0046626    .001471     3.17   0.002     .0017795    .0075456
                     |
       sexo1#c.urate |
                  0  |   .0352483   .0039063     9.02   0.000     .0275921    .0429046
                  1  |   .0610967   .0030359    20.12   0.000     .0551463    .0670471
                     |
            occgroup |
                  2  |  -.2117436   .1197065    -1.77   0.077    -.4463662    .0228791
                  3  |  -.6551952   .1371057    -4.78   0.000    -.9239199   -.3864705
                  4  |  -1.430249   .0650878   -21.97   0.000     -1.55782   -1.302678
                  5  |  -2.321862   .0750603   -30.93   0.000    -2.468979   -2.174745
                     |
      covid#occgroup |
                1 1  |  -.2492882   .1920919    -1.30   0.194    -.6257847    .1272084
                1 2  |    .093235   .3336117     0.28   0.780    -.5606379    .7471078
                1 3  |   .6796302   .2252146     3.02   0.003     .2382138    1.121047
                1 4  |   .5976277    .169296     3.53   0.000     .2658107    .9294447
                1 5  |   .2629635    .079674     3.30   0.001      .106804     .419123
                2 1  |  -.1078804     .32425    -0.33   0.739    -.7434044    .5276435
                2 2  |  -.3128035   .5749217    -0.54   0.586    -1.439639    .8140324
                2 3  |   .7634656   .3064126     2.49   0.013     .1629025    1.364029
                2 4  |   .8550431   .2685686     3.18   0.001     .3286536    1.381433
                2 5  |   .4647957   .1356278     3.43   0.001     .1989677    .7306236
                3 1  |   .8561498   .5035933     1.70   0.089    -.1308837    1.843183
                3 2  |  -.1490717   .6149974    -0.24   0.808    -1.354455    1.056312
                3 3  |   .1277133    .632783     0.20   0.840     -1.11253    1.367956
                3 4  |   .2030657   .2046373     0.99   0.321    -.1980197     .604151
                3 5  |   .5946782   .2362633     2.52   0.012     .1316066     1.05775
                     |
      sexo1#occgroup |
                1 1  |  -.0784601   .1325561    -0.59   0.554    -.3382676    .1813474
                1 2  |  -.7654891   .1289715    -5.94   0.000    -1.018271   -.5127074
                1 3  |  -1.394318   .1133168   -12.30   0.000    -1.616417   -1.172219
                1 4  |  -.7295423   .0466469   -15.64   0.000    -.8209694   -.6381153
                1 5  |  -.4733127   .0750255    -6.31   0.000    -.6203612   -.3262641
                     |
covid#sexo1#occgroup |
              1 1 1  |  -.9635573    .246542    -3.91   0.000    -1.446775   -.4803396
              1 1 2  |  -.2311938     .35886    -0.64   0.519    -.9345527    .4721652
              1 1 3  |   -.411975   .2726498    -1.51   0.131    -.9463636    .1224137
              1 1 4  |  -.5425098    .333587    -1.63   0.104    -1.196334    .1113145
              1 1 5  |  -.1241119   .0819983    -1.51   0.130     -.284827    .0366032
              2 1 1  |  -.6610954   .4329477    -1.53   0.127    -1.509665    .1874741
              2 1 2  |  -.0636711   .6244204    -0.10   0.919    -1.287524    1.160181
              2 1 3  |  -.4843264    .277661    -1.74   0.081    -1.028537     .059884
              2 1 4  |  -1.126021   .4920418    -2.29   0.022    -2.090414    -.161628
              2 1 5  |  -.4399952   .1543675    -2.85   0.004    -.7425527   -.1374377
              3 1 1  |   -.898833    .590598    -1.52   0.128    -2.056394    .2587281
              3 1 2  |  -.9115055   .6504991    -1.40   0.161    -2.186472    .3634609
              3 1 3  |  -.0259971   .6726193    -0.04   0.969    -1.344319    1.292324
              3 1 4  |  -.4144174   .3255271    -1.27   0.203    -1.052445    .2236098
              3 1 5  |  -.4973008   .2427925    -2.05   0.041    -.9731696    -.021432
                     |
               _cons |   2.423112   .0998681    24.26   0.000     2.227372    2.618852
---------------------+----------------------------------------------------------------
q50                  |
              ttrend |  -.0090807   .0025373    -3.58   0.000    -.0140536   -.0041077
                     |
      sexo1#c.ttrend |
                  1  |    .028586   .0034138     8.37   0.000      .021895    .0352769
                     |
       sexo1#c.urate |
                  0  |   .0747348   .0063547    11.76   0.000     .0622796      .08719
                  1  |   .0645287   .0061803    10.44   0.000     .0524155     .076642
                     |
            occgroup |
                  2  |   .5758602   .0691599     8.33   0.000     .4403082    .7114123
                  3  |   .3951303    .094219     4.19   0.000     .2104627    .5797978
                  4  |  -1.026278   .0674303   -15.22   0.000     -1.15844   -.8941154
                  5  |  -3.384844   .1017276   -33.27   0.000    -3.584228    -3.18546
                     |
      covid#occgroup |
                1 1  |  -.2625363   .1828818    -1.44   0.151    -.6209813    .0959087
                1 2  |  -.4051759   .4053122    -1.00   0.317     -1.19958    .3892286
                1 3  |   .3423334   .4093638     0.84   0.403    -.4600122    1.144679
                1 4  |   .6552554   .3261311     2.01   0.045     .0160445    1.294466
                1 5  |  -.0278046    .278703    -0.10   0.921    -.5740573    .5184481
                2 1  |   .1702829   .2209638     0.77   0.441    -.2628021    .6033679
                2 2  |  -.1361306   .3864525    -0.35   0.725    -.8935704    .6213093
                2 3  |   .5032141   .7875411     0.64   0.523    -1.040352     2.04678
                2 4  |   1.363227   .3836938     3.55   0.000     .6111942     2.11526
                2 5  |   1.157907   .3005278     3.85   0.000     .5688784    1.746936
                3 1  |   1.415863    .594416     2.38   0.017     .2508185    2.580908
                3 2  |  -.4933307   .6782672    -0.73   0.467    -1.822722    .8360605
                3 3  |  -.2292672   1.278163    -0.18   0.858    -2.734444     2.27591
                3 4  |   .2754736   .3861808     0.71   0.476    -.4814337    1.032381
                3 5  |   1.201944   .6702509     1.79   0.073     -.111735    2.515624
                     |
      sexo1#occgroup |
                1 1  |   .1203027   .1571088     0.77   0.444    -.1876276    .4282331
                1 2  |  -.8754344   .1193706    -7.33   0.000    -1.109399   -.6414702
                1 3  |  -2.128758    .144502   -14.73   0.000    -2.411979   -1.845537
                1 4  |  -.4698975   .2107986    -2.23   0.026    -.8830589   -.0567361
                1 5  |  -.7610342   .1124113    -6.77   0.000    -.9813584   -.5407101
                     |
covid#sexo1#occgroup |
              1 1 1  |  -1.573339   .1984569    -7.93   0.000    -1.962311   -1.184367
              1 1 2  |  -1.594156   .4943819    -3.22   0.001    -2.563135   -.6251764
              1 1 3  |  -.4893969   .6417184    -0.76   0.446    -1.747153    .7683593
              1 1 4  |  -1.873105   .7246033    -2.59   0.010    -3.293314   -.4528959
              1 1 5  |  -.3736749   .4222921    -0.88   0.376     -1.20136    .4540098
              2 1 1  |  -1.433726   .3745002    -3.83   0.000     -2.16774   -.6997128
              2 1 2  |  -1.957436   .4250979    -4.60   0.000     -2.79062   -1.124252
              2 1 3  |  -1.359247    .739147    -1.84   0.066    -2.807961     .089468
              2 1 4  |  -3.982377   .6266677    -6.35   0.000    -5.210634    -2.75412
              2 1 5  |   -2.40517    .374137    -6.43   0.000    -3.138471   -1.671868
              3 1 1  |  -3.132165    .696616    -4.50   0.000    -4.497519    -1.76681
              3 1 2  |  -1.969761   .6705931    -2.94   0.003    -3.284111   -.6554108
              3 1 3  |  -.7997707    1.31495    -0.61   0.543    -3.377048    1.777507
              3 1 4  |  -2.541964   .8457598    -3.01   0.003    -4.199638   -.8842905
              3 1 5  |  -2.876661   .6357848    -4.52   0.000    -4.122787   -1.630534
                     |
               _cons |   4.612343   .1113049    41.44   0.000     4.394188    4.830498
---------------------+----------------------------------------------------------------
q75                  |
              ttrend |   .0196663   .0020315     9.68   0.000     .0156846    .0236479
                     |
      sexo1#c.ttrend |
                  1  |   .0167505   .0035046     4.78   0.000     .0098816    .0236195
                     |
       sexo1#c.urate |
                  0  |   .0163886   .0060575     2.71   0.007      .004516    .0282612
                  1  |   .0189394   .0047453     3.99   0.000     .0096387    .0282401
                     |
            occgroup |
                  2  |        1.5   .0794776    18.87   0.000     1.344225    1.655775
                  3  |   1.778506   .0810141    21.95   0.000      1.61972    1.937292
                  4  |   1.104489   .0679886    16.25   0.000     .9712329    1.237746
                  5  |  -2.113279   .1664634   -12.70   0.000    -2.439544   -1.787014
                     |
      covid#occgroup |
                1 1  |  -1.538091   .5385412    -2.86   0.004    -2.593622   -.4825604
                1 2  |  -.8714242   .4868716    -1.79   0.073    -1.825684    .0828352
                1 3  |   .1344861   .4654505     0.29   0.773    -.7777883     1.04676
                1 4  |   .8393921    .299018     2.81   0.005     .2533223    1.425462
                1 5  |  -1.776173   .7102619    -2.50   0.012    -3.168273   -.3840725
                2 1  |    -1.0736   .5010795    -2.14   0.032    -2.055706   -.0914931
                2 2  |   .4111043   .8095659     0.51   0.612     -1.17563    1.997839
                2 3  |   1.140247   .7531436     1.51   0.130     -.335901    2.616394
                2 4  |   .8060687    .392386     2.05   0.040     .0369993    1.575138
                2 5  |  -1.543654   .4918206    -3.14   0.002    -2.507613   -.5796945
                3 1  |   .8859752   .4679288     1.89   0.058    -.0311566    1.803107
                3 2  |  -2.614025   .8634002    -3.03   0.002    -4.306273   -.9217763
                3 3  |   .1074694   .3325608     0.32   0.747    -.5443436    .7592825
                3 4  |  -1.385181   .5933437    -2.33   0.020    -2.548124   -.2222384
                3 5  |  -2.000745   .3353335    -5.97   0.000    -2.657993   -1.343498
                     |
      sexo1#occgroup |
                1 1  |   .0718275   .0910094     0.79   0.430    -.1065492    .2502043
                1 2  |  -1.197412   .0995731   -12.03   0.000    -1.392573    -1.00225
                1 3  |  -1.781672   .1426319   -12.49   0.000    -2.061228   -1.502116
                1 4  |  -.7611977    .178912    -4.25   0.000    -1.111862   -.4105334
                1 5  |  -1.144705   .1865516    -6.14   0.000    -1.510343   -.7790675
                     |
covid#sexo1#occgroup |
              1 1 1  |   .7884896   .6528956     1.21   0.227    -.4911738    2.068153
              1 1 2  |   .5042666   .7930989     0.64   0.525    -1.050193    2.058726
              1 1 3  |    .387444   .5780324     0.67   0.503    -.7454889    1.520377
              1 1 4  |  -2.501905   1.200391    -2.08   0.037     -4.85465   -.1491599
              1 1 5  |   .3029214   .7346954     0.41   0.680    -1.137068    1.742911
              2 1 1  |    .756581   .6271333     1.21   0.228    -.4725887    1.985751
              2 1 2  |  -1.839333   .9531592    -1.93   0.054    -3.707508    .0288411
              2 1 3  |  -1.990193   .8569171    -2.32   0.020    -3.669735   -.3106514
              2 1 4  |  -5.335806    .684775    -7.79   0.000    -6.677953    -3.99366
              2 1 5  |  -.1804947   .7562352    -0.24   0.811    -1.662702    1.301712
              3 1 1  |  -1.759413   .7416342    -2.37   0.018    -3.213003    -.305824
              3 1 2  |   .0098259   .9806529     0.01   0.992    -1.912236    1.931888
              3 1 3  |  -3.058891    .834427    -3.67   0.000    -4.694352   -1.423429
              3 1 4  |  -4.246032    1.22506    -3.47   0.001    -6.647126   -1.844937
              3 1 5  |  -1.876214   .6426939    -2.92   0.004    -3.135882   -.6165457
                     |
               _cons |   7.552741   .0890275    84.84   0.000     7.378249    7.727233
--------------------------------------------------------------------------------------
