(fitting base model)

Bootstrap replications (20)
----+--- 1 ---+--- 2 ---+--- 3 ---+--- 4 ---+--- 5 
....................

Simultaneous quantile regression                    Number of obs =    134,556
  bootstrap(20) SEs                                 .25 Pseudo R2 =     0.0357
                                                    .50 Pseudo R2 =     0.0447
                                                    .75 Pseudo R2 =     0.0303

--------------------------------------------------------------------------------------
                     |              Bootstrap
               ten_y | Coefficient  std. err.      t    P>|t|     [95% conf. interval]
---------------------+----------------------------------------------------------------
q25                  |
              ttrend |  -.0080004    .000937    -8.54   0.000    -.0098368   -.0061639
                     |
      sexo1#c.ttrend |
                  1  |   .0047521    .000949     5.01   0.000      .002892    .0066121
                     |
       sexo1#c.urate |
                  0  |   .0352483   .0026514    13.29   0.000     .0300517     .040445
                  1  |   .0609927    .002146    28.42   0.000     .0567865    .0651989
                     |
            occgroup |
                  2  |  -.2084284   .0840062    -2.48   0.013    -.3730791   -.0437777
                  3  |  -.6680318    .091549    -7.30   0.000    -.8474661   -.4885975
                  4  |  -1.430249   .0516682   -27.68   0.000    -1.531518    -1.32898
                  5  |  -2.322842   .0551297   -42.13   0.000    -2.430895   -2.214788
                     |
      covid#occgroup |
                1 1  |  -.2492882   .1877188    -1.33   0.184    -.6172136    .1186373
                1 2  |   .0899198   .2905007     0.31   0.757    -.4794562    .6592959
                1 3  |   .6924668   .2203394     3.14   0.002     .2606057    1.124328
                1 4  |   .5976277   .1997432     2.99   0.003     .2061346    .9891208
                1 5  |   .2639433   .0657221     4.02   0.000     .1351291    .3927575
                2 1  |  -.1078804   .4911138    -0.22   0.826    -1.070454    .8546936
                2 2  |  -.3161187    .411003    -0.77   0.442    -1.121677    .4894396
                2 3  |   .7763022   .3370046     2.30   0.021     .1157795    1.436825
                2 4  |   .8550431   .1954576     4.37   0.000     .4719498    1.238136
                2 5  |   .4657754   .1190276     3.91   0.000     .2324836    .6990673
                3 1  |   .8561498   .7290897     1.17   0.240    -.5728527    2.285152
                3 2  |  -.1523869   .5644055    -0.27   0.787    -1.258611    .9538376
                3 3  |   .1405499   .5619517     0.25   0.803    -.9608652    1.241965
                3 4  |   .2030657   .2131291     0.95   0.341    -.2146634    .6207947
                3 5  |    .595658   .1595632     3.73   0.000     .2829171    .9083989
                     |
      sexo1#occgroup |
                1 1  |  -.0765519   .0868187    -0.88   0.378    -.2467149    .0936111
                1 2  |  -.7688992   .0934906    -8.22   0.000    -.9521391   -.5856593
                1 3  |  -1.386997   .1013695   -13.68   0.000     -1.58568   -1.188315
                1 4  |  -.7409932   .0748129    -9.90   0.000    -.8876252   -.5943612
                1 5  |   -.472396   .0452393   -10.44   0.000    -.5610642   -.3837278
                     |
covid#sexo1#occgroup |
              1 1 1  |  -.9693274   .3069911    -3.16   0.002    -1.571024   -.3676305
              1 1 2  |  -.2317456   .2410145    -0.96   0.336    -.7041295    .2406383
              1 1 3  |  -.4232576   .2407155    -1.76   0.079    -.8950555    .0485403
              1 1 4  |   -.534929    .456855    -1.17   0.242    -1.430356    .3604983
              1 1 5  |  -.1288946    .111882    -1.15   0.249    -.3481812    .0903919
              2 1 1  |  -.6676148   .4775735    -1.40   0.162     -1.60365    .2684206
              2 1 2  |  -.1370737   .5153355    -0.27   0.790    -1.147122    .8729744
              2 1 3  |  -.4957124   .3809611    -1.30   0.193    -1.242389    .2509643
              2 1 4  |  -1.119181    .324082    -3.45   0.001    -1.754376   -.4839865
              2 1 5  |  -.4449771    .132944    -3.35   0.001     -.705545   -.1844092
              3 1 1  |  -.9056217   .8106521    -1.12   0.264    -2.494485    .6832415
              3 1 2  |  -.9129759   .5485575    -1.66   0.096    -1.988139    .1621867
              3 1 3  |  -.0379839   .6238507    -0.06   0.951     -1.26072    1.184752
              3 1 4  |  -.4078469   .2942257    -1.39   0.166    -.9845238      .16883
              3 1 5  |  -.5028836   .1720178    -2.92   0.003    -.8400353   -.1657319
                     |
               _cons |   2.423112    .065144    37.20   0.000     2.295431    2.550793
---------------------+----------------------------------------------------------------
q50                  |
              ttrend |  -.0086878   .0027577    -3.15   0.002    -.0140928   -.0032828
                     |
      sexo1#c.ttrend |
                  1  |   .0280612   .0030856     9.09   0.000     .0220136    .0341089
                     |
       sexo1#c.urate |
                  0  |   .0742286   .0058989    12.58   0.000     .0626668    .0857904
                  1  |   .0648751   .0049517    13.10   0.000     .0551699    .0745803
                     |
            occgroup |
                  2  |   .5770648   .1051258     5.49   0.000     .3710201    .7831096
                  3  |    .416667   .1114151     3.74   0.000     .1982954    .6350386
                  4  |  -1.034695   .0615506   -16.81   0.000    -1.155333   -.9140571
                  5  |  -3.403919   .1259811   -27.02   0.000     -3.65084   -3.156998
                     |
      covid#occgroup |
                1 1  |  -.2799266   .1826806    -1.53   0.125    -.6379773    .0781241
                1 2  |  -.4242143   .3875452    -1.09   0.274    -1.183796    .3353672
                1 3  |   .3034064   .3877427     0.78   0.434    -.4565621    1.063375
                1 4  |     .64622   .1703836     3.79   0.000     .3122713    .9801686
                1 5  |  -.0265636   .3094901    -0.09   0.932    -.6331584    .5800313
                2 1  |   .1512246    .452699     0.33   0.738    -.7360572    1.038506
                2 2  |  -.1556293   .5150658    -0.30   0.763    -1.165149    .8538901
                2 3  |    .461872   .5047696     0.92   0.360    -.5274672    1.451211
                2 4  |   1.352586   .3912209     3.46   0.001     .5858005    2.119372
                2 5  |   1.158688    .237376     4.88   0.000     .6934353    1.623941
                3 1  |   1.393816   .7412389     1.88   0.060    -.0589988    2.846631
                3 2  |  -.5165824   .2877742    -1.80   0.073    -1.080615    .0474497
                3 3  |  -.2728511   .9385067    -0.29   0.771    -2.112307    1.566605
                3 4  |   .2618441   .4387195     0.60   0.551    -.5980381    1.121726
                3 5  |   1.199973   .6712234     1.79   0.074     -.115613    2.515558
                     |
      sexo1#occgroup |
                1 1  |   .1171953   .1386155     0.85   0.398    -.1544885    .3888792
                1 2  |  -.8795162   .1475622    -5.96   0.000    -1.168735    -.590297
                1 3  |  -2.174241   .1610802   -13.50   0.000    -2.489955   -1.858526
                1 4  |   -.457498   .2437537    -1.88   0.061    -.9352508    .0202547
                1 5  |  -.7458211    .123096    -6.06   0.000     -.987087   -.5045552
                     |
covid#sexo1#occgroup |
              1 1 1  |  -1.551374   .2956867    -5.25   0.000    -2.130914   -.9718332
              1 1 2  |  -1.570772   .4085612    -3.84   0.000    -2.371545   -.7700001
              1 1 3  |  -.4248627   .3848948    -1.10   0.270    -1.179249    .3295241
              1 1 4  |   -1.86639    .729042    -2.56   0.010    -3.295299   -.4374814
              1 1 5  |  -.3693932   .4796782    -0.77   0.441    -1.309554    .5707673
              2 1 1  |  -1.409915   .5631071    -2.50   0.012    -2.513594   -.3062354
              2 1 2  |  -1.933414   .6368921    -3.04   0.002    -3.181711   -.6851176
              2 1 3  |  -1.317592   .5423375    -2.43   0.015    -2.380563     -.25462
              2 1 4  |  -3.973686   .4840437    -8.21   0.000    -4.922403    -3.02497
              2 1 5  |  -2.512869   .3456579    -7.27   0.000    -3.190352   -1.835386
              3 1 1  |  -3.103482   .8987926    -3.45   0.001    -4.865098   -1.341865
              3 1 2  |  -1.940103   .5641767    -3.44   0.001    -3.045879   -.8343271
              3 1 3  |   -.728712   1.182466    -0.62   0.538    -3.046324      1.5889
              3 1 4  |  -2.528788   .7836462    -3.23   0.001     -4.06472   -.9928556
              3 1 5  |  -2.951179   .7243823    -4.07   0.000    -4.370955   -1.531403
                     |
               _cons |   4.613593   .0910505    50.67   0.000     4.435136    4.792051
---------------------+----------------------------------------------------------------
q75                  |
              ttrend |   .0196191   .0019813     9.90   0.000     .0157358    .0235024
                     |
      sexo1#c.ttrend |
                  1  |   .0168152   .0029861     5.63   0.000     .0109625    .0226679
                     |
       sexo1#c.urate |
                  0  |   .0169583   .0071988     2.36   0.018     .0028489    .0310678
                  1  |   .0196886   .0052548     3.75   0.000     .0093894    .0299879
                     |
            occgroup |
                  2  |   1.491794     .08928    16.71   0.000     1.316807    1.666782
                  3  |    1.78671   .1427286    12.52   0.000     1.506965    2.066455
                  4  |   1.106045     .09236    11.98   0.000     .9250207    1.287068
                  5  |  -2.127594     .19155   -11.11   0.000    -2.503029    -1.75216
                     |
      covid#occgroup |
                1 1  |  -1.534713   .5770986    -2.66   0.008    -2.665815   -.4036101
                1 2  |  -.8598401   .4604196    -1.87   0.062    -1.762254    .0425739
                1 3  |   .1301259   .4237898     0.31   0.759    -.7004943    .9607461
                1 4  |   .8456728   .3616111     2.34   0.019     .1369216    1.554424
                1 5  |  -1.758375    .732388    -2.40   0.016    -3.193842   -.3229078
                2 1  |  -1.069994   .5688279    -1.88   0.060    -2.184886    .0448983
                2 2  |   .4245767    .520399     0.82   0.415    -.5953958    1.444549
                2 3  |   1.136113   .7393057     1.54   0.124    -.3129124    2.585139
                2 4  |   .6436595   .3358369     1.92   0.055    -.0145746    1.301894
                2 5  |  -1.525733   .3942916    -3.87   0.000    -2.298537   -.7529285
                3 1  |   .8910992   .8045066     1.11   0.268    -.6857189    2.467917
                3 2  |  -2.599964    .626646    -4.15   0.000    -3.828179    -1.37175
                3 3  |   .1043893   .3700335     0.28   0.778    -.6208695    .8296481
                3 4  |  -1.380881   .6473389    -2.13   0.033    -2.649654   -.1121091
                3 5  |  -1.980575   .3907834    -5.07   0.000    -2.746504   -1.214647
                     |
      sexo1#occgroup |
                1 1  |   .0700984    .124071     0.56   0.572    -.1730784    .3132752
                1 2  |  -1.191759   .1629972    -7.31   0.000     -1.51123   -.8722873
                1 3  |  -1.786609   .2008058    -8.90   0.000    -2.180185   -1.393033
                1 4  |  -.7290182   .2036424    -3.58   0.000    -1.128154   -.3298828
                1 5  |  -1.117957   .1968161    -5.68   0.000    -1.503713   -.7322007
                     |
covid#sexo1#occgroup |
              1 1 1  |   .7846765   .6236417     1.26   0.208    -.4376498    2.007003
              1 1 2  |   .4923796   .7752547     0.64   0.525    -1.027105    2.011865
              1 1 3  |   .4398354   .3568437     1.23   0.218    -.2595716    1.139242
              1 1 4  |  -2.545411   1.640391    -1.55   0.121    -5.760547    .6697258
              1 1 5  |   .2698346   .6904194     0.39   0.696    -1.083375    1.623044
              2 1 1  |   .7532421    .603053     1.25   0.212    -.4287306    1.935215
              2 1 2  |  -1.831133   .7245831    -2.53   0.012    -3.251302   -.4109632
              2 1 3  |  -2.014731   .8408287    -2.40   0.017    -3.662739   -.3667218
              2 1 4  |   -5.21054   1.043757    -4.99   0.000    -7.256284   -3.164795
              2 1 5  |  -.3798843   .6306173    -0.60   0.547    -1.615883     .856114
              3 1 1  |  -1.763656   1.068156    -1.65   0.099    -3.857222    .3299095
              3 1 2  |  -.0025298    .917983    -0.00   0.998     -1.80176      1.7967
              3 1 3  |  -3.060807   1.071651    -2.86   0.004    -5.161223   -.9603918
              3 1 4  |  -4.285796   1.152518    -3.72   0.000    -6.544709   -2.026882
              3 1 5  |  -2.076332   .6927929    -3.00   0.003    -3.434193   -.7184707
                     |
               _cons |    7.54304   .0941755    80.10   0.000     7.358458    7.727622
--------------------------------------------------------------------------------------
