(fitting base model)

Bootstrap replications (20)
----+--- 1 ---+--- 2 ---+--- 3 ---+--- 4 ---+--- 5 
....................

Simultaneous quantile regression                    Number of obs =    408,244
  bootstrap(20) SEs                                 .25 Pseudo R2 =     0.0418
                                                    .50 Pseudo R2 =     0.0496
                                                    .75 Pseudo R2 =     0.0301

--------------------------------------------------------------------------------------
                     |              Bootstrap
               ten_y | Coefficient  std. err.      t    P>|t|     [95% conf. interval]
---------------------+----------------------------------------------------------------
q25                  |
              ttrend |  -.0095899   .0008566   -11.20   0.000    -.0112688   -.0079111
                     |
      sexo1#c.ttrend |
                  1  |    .010626   .0011139     9.54   0.000     .0084428    .0128092
                     |
       sexo1#c.urate |
                  0  |    .037037   .0024571    15.07   0.000     .0322213    .0418528
                  1  |   .0566473   .0022286    25.42   0.000     .0522793    .0610153
                     |
            occgroup |
                  2  |  -.4694003   .0541384    -8.67   0.000    -.5755098   -.3632907
                  3  |  -.7599867   .0523229   -14.52   0.000    -.8625381   -.6574353
                  4  |  -2.216887   .0435494   -50.91   0.000    -2.302243   -2.131532
                  5  |  -3.398082   .0449666   -75.57   0.000    -3.486215   -3.309949
                     |
      covid#occgroup |
                1 1  |  -.6816137   .1887991    -3.61   0.000    -1.051654   -.3115732
                1 2  |   .0852734   .1412099     0.60   0.546    -.1914937    .3620404
                1 3  |   .9591931   .2266936     4.23   0.000     .5148805    1.403506
                1 4  |   .5352733   .0782534     6.84   0.000     .3818991    .6886475
                1 5  |   .4068783   .0595548     6.83   0.000     .2901527    .5236039
                2 1  |  -.6537918   .1089566    -6.00   0.000    -.8673435   -.4402401
                2 2  |   .3878748   .2224937     1.74   0.081    -.0482061    .8239556
                2 3  |   .7728614   .2411961     3.20   0.001     .3001244    1.245598
                2 4  |   .7665122   .1368195     5.60   0.000     .4983502    1.034674
                2 5  |   .6218254   .1402438     4.43   0.000     .3469518     .896699
                3 1  |  -.1416446   .2494689    -0.57   0.570    -.6305961    .3473069
                3 2  |   .5237212   .2277125     2.30   0.021     .0774116    .9700308
                3 3  |  -.1856923   .4180617    -0.44   0.657    -1.005081    .6336961
                3 4  |   .5212081   .1689597     3.08   0.002     .1900521    .8523641
                3 5  |   .7857363    .196163     4.01   0.000     .4012627     1.17021
                     |
      sexo1#occgroup |
                1 1  |  -.1108889   .0787309    -1.41   0.159     -.265199    .0434212
                1 2  |  -.9787488   .0812678   -12.04   0.000    -1.138031   -.8194664
                1 3  |  -2.255938     .06472   -34.86   0.000    -2.382788   -2.129089
                1 4  |  -1.060669   .0538958   -19.68   0.000    -1.166303   -.9550345
                1 5  |  -.5235483   .0436443   -12.00   0.000    -.6090899   -.4380068
                     |
covid#sexo1#occgroup |
              1 1 1  |  -.0955568   .3444927    -0.28   0.781    -.7707521    .5796386
              1 1 2  |   -.462554   .2554614    -1.81   0.070    -.9632507    .0381426
              1 1 3  |   -.747994   .2210198    -3.38   0.001    -1.181186   -.3148018
              1 1 4  |  -.1977954   .3136191    -0.63   0.528    -.8124793    .4168885
              1 1 5  |  -.4566405   .0754475    -6.05   0.000    -.6045154   -.3087657
              2 1 1  |  -.3424313   .1958054    -1.75   0.080    -.7262041    .0413414
              2 1 2  |   -.837343   .2585689    -3.24   0.001     -1.34413   -.3305558
              2 1 3  |  -.6587646   .2822588    -2.33   0.020    -1.211983    -.105546
              2 1 4  |  -.5719559   .3240138    -1.77   0.078    -1.207013    .0631014
              2 1 5  |  -.7686901   .1579874    -4.87   0.000    -1.078341   -.4590396
              3 1 1  |  -.6003844   .3732506    -1.61   0.108    -1.331944    .1311754
              3 1 2  |  -.6948827   .4640756    -1.50   0.134    -1.604457    .2146916
              3 1 3  |   .3486996    .470278     0.74   0.458    -.5730312     1.27043
              3 1 4  |  -.8629628   .3613315    -2.39   0.017    -1.571162   -.1547639
              3 1 5  |  -.8836905   .1871045    -4.72   0.000     -1.25041   -.5169713
                     |
               _cons |   3.591623   .0489495    73.37   0.000     3.495683    3.687562
---------------------+----------------------------------------------------------------
q50                  |
              ttrend |   .0010511   .0014597     0.72   0.471    -.0018098    .0039119
                     |
      sexo1#c.ttrend |
                  1  |   .0360696   .0024078    14.98   0.000     .0313504    .0407888
                     |
       sexo1#c.urate |
                  0  |   .0394144   .0042933     9.18   0.000     .0309996    .0478292
                  1  |   .0203266   .0035272     5.76   0.000     .0134134    .0272398
                     |
            occgroup |
                  2  |   .2120119   .0469747     4.51   0.000     .1199429     .304081
                  3  |   .4861112    .085593     5.68   0.000     .3183516    .6538708
                  4  |  -2.052478   .0391884   -52.37   0.000    -2.129286    -1.97567
                  5  |  -4.972523   .0564191   -88.14   0.000    -5.083102   -4.861943
                     |
      covid#occgroup |
                1 1  |  -1.471096   .2326983    -6.32   0.000    -1.927178   -1.015014
                1 2  |   -.349775   .3773602    -0.93   0.354     -1.08939    .3898396
                1 3  |   1.172935   .2881602     4.07   0.000     .6081498     1.73772
                1 4  |   -.618919    .187173    -3.31   0.001    -.9857724   -.2520657
                1 5  |  -.3684309   .1909071    -1.93   0.054     -.742603    .0057412
                2 1  |  -1.472673   .2296343    -6.41   0.000    -1.922749   -1.022596
                2 2  |   -.943919   .5351033    -1.76   0.078    -1.992705    .1048672
                2 3  |   .7344216   .5459405     1.35   0.179    -.3356053    1.804449
                2 4  |  -.2627628    .251501    -1.04   0.296    -.7556972    .2301716
                2 5  |   .3886637   .2435445     1.60   0.111    -.0886762    .8660035
                3 1  |  -.7460962   .2882278    -2.59   0.010    -1.311014   -.1811784
                3 2  |  -.8747747   .2576746    -3.39   0.001    -1.379809   -.3697402
                3 3  |  -.9359612   .8678667    -1.08   0.281    -2.636954    .7650313
                3 4  |  -.3973723   .2254583    -1.76   0.078    -.8392638    .0445192
                3 5  |   1.106006   .4311768     2.57   0.010     .2609125    1.951099
                     |
      sexo1#occgroup |
                1 1  |  -.3605557   .1009114    -3.57   0.000     -.558339   -.1627724
                1 2  |  -1.131793   .1064171   -10.64   0.000    -1.340367   -.9232183
                1 3  |  -3.765575   .1286808   -29.26   0.000    -4.017785   -3.513364
                1 4  |  -1.004134   .1818032    -5.52   0.000    -1.360463   -.6478056
                1 5  |  -.9736075   .1034828    -9.41   0.000    -1.176431   -.7707844
                     |
covid#sexo1#occgroup |
              1 1 1  |   .8417364   .3535533     2.38   0.017     .1487827     1.53469
              1 1 2  |  -1.282944   .4850987    -2.64   0.008    -2.233723   -.3321651
              1 1 3  |  -1.216721   .3655971    -3.33   0.001     -1.93328   -.5001614
              1 1 4  |  -.6477179   1.439151    -0.45   0.653    -3.468411    2.172975
              1 1 5  |   -.758688   .2668822    -2.84   0.004    -1.281769   -.2356069
              2 1 1  |   .0796512   .3142687     0.25   0.800    -.5363059    .6956084
              2 1 2  |  -1.280368   .6916565    -1.85   0.064    -2.635994    .0752577
              2 1 3  |  -2.208535   .6039348    -3.66   0.000    -3.392229   -1.024841
              2 1 4  |  -1.706416   .5468162    -3.12   0.002    -2.778159   -.6346731
              2 1 5  |   -1.94611   .3638986    -5.35   0.000    -2.659341    -1.23288
              3 1 1  |  -1.414646   .5166834    -2.74   0.006    -2.427329   -.4019617
              3 1 2  |  -.9894709   .3722718    -2.66   0.008    -1.719112   -.2598293
              3 1 3  |   -.555873   .9385396    -0.59   0.554    -2.395382    1.283636
              3 1 4  |  -2.496708   .9542295    -2.62   0.009    -4.366969   -.6264474
              3 1 5  |  -3.110569   .5027239    -6.19   0.000    -4.095892   -2.125245
                     |
               _cons |   7.135961   .0694468   102.75   0.000     6.999847    7.272075
---------------------+----------------------------------------------------------------
q75                  |
              ttrend |   .0036729    .001248     2.94   0.003     .0012268     .006119
                     |
      sexo1#c.ttrend |
                  1  |    .030201    .001918    15.75   0.000     .0264417    .0339603
                     |
       sexo1#c.urate |
                  0  |  -.0009855   .0050781    -0.19   0.846    -.0109385    .0089675
                  1  |  -.0268756   .0048329    -5.56   0.000     -.036348   -.0174032
                     |
            occgroup |
                  2  |   1.263995   .0601144    21.03   0.000     1.146173    1.381818
                  3  |   2.089398     .08372    24.96   0.000     1.925309    2.253487
                  4  |    .021111   .0524811     0.40   0.687    -.0817504    .1239724
                  5  |  -3.330613   .1283963   -25.94   0.000    -3.582266    -3.07896
                     |
      covid#occgroup |
                1 1  |  -.1232549   .2550069    -0.48   0.629    -.6230607    .3765509
                1 2  |   .4460829    .173837     2.57   0.010     .1053677    .7867982
                1 3  |    -.12932   .1900532    -0.68   0.496    -.5018185    .2431786
                1 4  |   1.027872   .2837488     3.62   0.000     .4717329    1.584011
                1 5  |  -1.706523   .6553878    -2.60   0.009    -2.991063   -.4219825
                2 1  |  -.0611444   .2252665    -0.27   0.786      -.50266    .3803712
                2 2  |   1.929749   .2482594     7.77   0.000     1.443168     2.41633
                2 3  |  -.1505425   .2227278    -0.68   0.499    -.5870822    .2859973
                2 4  |   .6813914   .1595461     4.27   0.000     .3686859    .9940969
                2 5  |   .0194689   .5998166     0.03   0.974    -1.156154    1.195091
                3 1  |   .2639887   .3286967     0.80   0.422    -.3802469    .9082243
                3 2  |   1.588183   .6003753     2.65   0.008     .4114657      2.7649
                3 3  |  -.8254093   .6120644    -1.35   0.177    -2.025037    .3742183
                3 4  |  -.3355998   .3786798    -0.89   0.375    -1.077801    .4066012
                3 5  |   .0994575   1.031801     0.10   0.923    -1.922842    2.121757
                     |
      sexo1#occgroup |
                1 1  |  -.0401044   .1204706    -0.33   0.739    -.2762231    .1960143
                1 2  |  -1.146088   .1478471    -7.75   0.000    -1.435864   -.8563124
                1 3  |  -3.212836   .1706823   -18.82   0.000    -3.547369   -2.878304
                1 4  |   -.609172   .2020416    -3.02   0.003    -1.005168   -.2131764
                1 5  |  -1.663972   .1798054    -9.25   0.000    -2.016385   -1.311559
                     |
covid#sexo1#occgroup |
              1 1 1  |  -.1427019   .2661394    -0.54   0.592    -.6643271    .3789234
              1 1 2  |   -.425984   .2323387    -1.83   0.067    -.8813609    .0293928
              1 1 3  |    1.28003   .2034527     6.29   0.000     .8812691    1.678791
              1 1 4  |   .5680893   .3862747     1.47   0.141    -.1889973    1.325176
              1 1 5  |   1.061713   .6776439     1.57   0.117     -.266448    2.389875
              2 1 1  |  -.2982027   .3660204    -0.81   0.415    -1.015592    .4191862
              2 1 2  |  -2.280441   .4157185    -5.49   0.000    -3.095237   -1.465645
              2 1 3  |   .0345725   .3793071     0.09   0.927    -.7088579     .778003
              2 1 4  |  -1.666072   1.006501    -1.66   0.098    -3.638782     .306639
              2 1 5  |  -1.613938   .5865829    -2.75   0.006    -2.763623   -.4642531
              3 1 1  |  -.8876655   .4413846    -2.01   0.044    -1.752766   -.0225651
              3 1 2  |  -1.869871   .7008477    -2.67   0.008    -3.243512   -.4962308
              3 1 3  |   .5178571   .7190387     0.72   0.471    -.8914371    1.927151
              3 1 4  |  -2.090663   1.924414    -1.09   0.277    -5.862455     1.68113
              3 1 5  |  -1.619196   1.146988    -1.41   0.158    -3.867257    .6288659
                     |
               _cons |    11.0782   .1012111   109.46   0.000     10.87983    11.27657
--------------------------------------------------------------------------------------
