
. forvalues i=170/201{
  2.         eststo m`i': logistic inactive parent_10 i.age if ciclo==`i'&mili==0&age3040==1&woman==0&husband=
> =1&(parent_10==1|(parent_10==0&parent_15==0&parent_5==0))&act!=. [pw=factorel], vce(robust)
  3. }

Logistic regression                                     Number of obs =  5,385
                                                        Wald chi2(2)  =   4.54
                                                        Prob > chi2   = 0.1034
Log pseudolikelihood = -135077.33                       Pseudo R2     = 0.0092

------------------------------------------------------------------------------
             |               Robust
    inactive | Odds ratio   std. err.      z    P>|z|     [95% conf. interval]
-------------+----------------------------------------------------------------
   parent_10 |   .8083537   .2629329    -0.65   0.513     .4272985    1.529225
      35.age |    .574269   .1781421    -1.79   0.074     .3126561    1.054785
       _cons |   .0203568   .0057568   -13.77   0.000     .0116949    .0354342
------------------------------------------------------------------------------
Note: _cons estimates baseline odds.

Logistic regression                                     Number of obs =  5,272
                                                        Wald chi2(2)  =   0.16
                                                        Prob > chi2   = 0.9216
Log pseudolikelihood = -122583.68                       Pseudo R2     = 0.0008

------------------------------------------------------------------------------
             |               Robust
    inactive | Odds ratio   std. err.      z    P>|z|     [95% conf. interval]
-------------+----------------------------------------------------------------
   parent_10 |   .8311281   .3968568    -0.39   0.698     .3260065    2.118896
      35.age |   1.101583   .4797389     0.22   0.824     .4691582    2.586516
       _cons |   .0122772   .0037677   -14.34   0.000     .0067279    .0224037
------------------------------------------------------------------------------
Note: _cons estimates baseline odds.

Logistic regression                                     Number of obs =  5,105
                                                        Wald chi2(2)  =   2.87
                                                        Prob > chi2   = 0.2377
Log pseudolikelihood = -165667.32                       Pseudo R2     = 0.0037

------------------------------------------------------------------------------
             |               Robust
    inactive | Odds ratio   std. err.      z    P>|z|     [95% conf. interval]
-------------+----------------------------------------------------------------
   parent_10 |   .6929936   .2084824    -1.22   0.223     .3842829    1.249705
      35.age |     .89503   .2638299    -0.38   0.707     .5022583    1.594954
       _cons |   .0231428   .0051212   -17.02   0.000     .0149988    .0357088
------------------------------------------------------------------------------
Note: _cons estimates baseline odds.

Logistic regression                                     Number of obs =  5,072
                                                        Wald chi2(2)  =   2.81
                                                        Prob > chi2   = 0.2452
Log pseudolikelihood = -140319.42                       Pseudo R2     = 0.0049

------------------------------------------------------------------------------
             |               Robust
    inactive | Odds ratio   std. err.      z    P>|z|     [95% conf. interval]
-------------+----------------------------------------------------------------
   parent_10 |   .6518631     .21217    -1.31   0.189     .3444333    1.233694
      35.age |   .8811273   .2814351    -0.40   0.692      .471153    1.647841
       _cons |    .020151   .0051671   -15.23   0.000     .0121908     .033309
------------------------------------------------------------------------------
Note: _cons estimates baseline odds.

Logistic regression                                     Number of obs =  5,019
                                                        Wald chi2(2)  =   1.64
                                                        Prob > chi2   = 0.4395
Log pseudolikelihood = -111927.93                       Pseudo R2     = 0.0038

------------------------------------------------------------------------------
             |               Robust
    inactive | Odds ratio   std. err.      z    P>|z|     [95% conf. interval]
-------------+----------------------------------------------------------------
   parent_10 |   .6493501    .224903    -1.25   0.213     .3293551    1.280246
      35.age |   1.029704   .3452159     0.09   0.930     .5337539     1.98648
       _cons |   .0139442   .0041531   -14.35   0.000      .007778    .0249986
------------------------------------------------------------------------------
Note: _cons estimates baseline odds.

Logistic regression                                     Number of obs =  4,958
                                                        Wald chi2(2)  =   1.22
                                                        Prob > chi2   = 0.5437
Log pseudolikelihood = -144849.2                        Pseudo R2     = 0.0021

------------------------------------------------------------------------------
             |               Robust
    inactive | Odds ratio   std. err.      z    P>|z|     [95% conf. interval]
-------------+----------------------------------------------------------------
   parent_10 |   .8583516   .2616891    -0.50   0.616     .4722326    1.560179
      35.age |   .7891892   .2288669    -0.82   0.414     .4470237    1.393259
       _cons |   .0191223   .0051042   -14.82   0.000     .0113327     .032266
------------------------------------------------------------------------------
Note: _cons estimates baseline odds.

Logistic regression                                     Number of obs =  4,888
                                                        Wald chi2(2)  =   4.59
                                                        Prob > chi2   = 0.1007
Log pseudolikelihood = -119269.21                       Pseudo R2     = 0.0112

------------------------------------------------------------------------------
             |               Robust
    inactive | Odds ratio   std. err.      z    P>|z|     [95% conf. interval]
-------------+----------------------------------------------------------------
   parent_10 |   .5111131   .1685164    -2.04   0.042     .2678377     .975354
      35.age |   .8583977   .2862379    -0.46   0.647     .4465296    1.650163
       _cons |   .0200373   .0065887   -11.89   0.000     .0105183    .0381711
------------------------------------------------------------------------------
Note: _cons estimates baseline odds.

Logistic regression                                     Number of obs =  4,854
                                                        Wald chi2(2)  =   2.77
                                                        Prob > chi2   = 0.2508
Log pseudolikelihood = -139542.19                       Pseudo R2     = 0.0042

------------------------------------------------------------------------------
             |               Robust
    inactive | Odds ratio   std. err.      z    P>|z|     [95% conf. interval]
-------------+----------------------------------------------------------------
   parent_10 |   .6673553   .1823917    -1.48   0.139     .3905883    1.140237
      35.age |   1.268386    .343703     0.88   0.380     .7457539    2.157283
       _cons |   .0165346   .0042961   -15.79   0.000     .0099363    .0275143
------------------------------------------------------------------------------
Note: _cons estimates baseline odds.

Logistic regression                                     Number of obs =  4,894
                                                        Wald chi2(2)  =   3.17
                                                        Prob > chi2   = 0.2048
Log pseudolikelihood = -161864.98                       Pseudo R2     = 0.0052

------------------------------------------------------------------------------
             |               Robust
    inactive | Odds ratio   std. err.      z    P>|z|     [95% conf. interval]
-------------+----------------------------------------------------------------
   parent_10 |   .6747755   .2076695    -1.28   0.201     .3691415    1.233462
      35.age |   .8196075   .2437461    -0.67   0.504     .4575767    1.468074
       _cons |   .0261439   .0068093   -13.99   0.000     .0156917    .0435583
------------------------------------------------------------------------------
Note: _cons estimates baseline odds.

Logistic regression                                     Number of obs =  4,739
                                                        Wald chi2(2)  =   3.09
                                                        Prob > chi2   = 0.2138
Log pseudolikelihood = -139934.93                       Pseudo R2     = 0.0056

------------------------------------------------------------------------------
             |               Robust
    inactive | Odds ratio   std. err.      z    P>|z|     [95% conf. interval]
-------------+----------------------------------------------------------------
   parent_10 |   1.386152   .4738088     0.96   0.339     .7093437    2.708726
      35.age |   .6484643   .1928177    -1.46   0.145     .3620641    1.161413
       _cons |   .0158485   .0056094   -11.71   0.000     .0079198    .0317145
------------------------------------------------------------------------------
Note: _cons estimates baseline odds.

Logistic regression                                     Number of obs =  4,624
                                                        Wald chi2(2)  =   4.00
                                                        Prob > chi2   = 0.1353
Log pseudolikelihood = -153861.42                       Pseudo R2     = 0.0084

------------------------------------------------------------------------------
             |               Robust
    inactive | Odds ratio   std. err.      z    P>|z|     [95% conf. interval]
-------------+----------------------------------------------------------------
   parent_10 |   1.040753     .33639     0.12   0.902     .5523623    1.960971
      35.age |   .5501866   .1647709    -2.00   0.046     .3059078    .9895312
       _cons |   .0240438   .0070864   -12.65   0.000     .0134936    .0428429
------------------------------------------------------------------------------
Note: _cons estimates baseline odds.

Logistic regression                                     Number of obs =  4,612
                                                        Wald chi2(2)  =   1.59
                                                        Prob > chi2   = 0.4508
Log pseudolikelihood = -144669.33                       Pseudo R2     = 0.0030

------------------------------------------------------------------------------
             |               Robust
    inactive | Odds ratio   std. err.      z    P>|z|     [95% conf. interval]
-------------+----------------------------------------------------------------
   parent_10 |   .7507942   .2409769    -0.89   0.372     .4002367    1.408396
      35.age |   .8359987   .2585924    -0.58   0.563     .4559431    1.532853
       _cons |   .0222017   .0059809   -14.13   0.000     .0130943    .0376436
------------------------------------------------------------------------------
Note: _cons estimates baseline odds.

Logistic regression                                     Number of obs =  4,634
                                                        Wald chi2(2)  =   0.87
                                                        Prob > chi2   = 0.6473
Log pseudolikelihood = -131815.42                       Pseudo R2     = 0.0017

------------------------------------------------------------------------------
             |               Robust
    inactive | Odds ratio   std. err.      z    P>|z|     [95% conf. interval]
-------------+----------------------------------------------------------------
   parent_10 |   .7543186   .2327846    -0.91   0.361      .411976     1.38114
      35.age |   1.102867   .3312438     0.33   0.744     .6121623    1.986917
       _cons |   .0168846   .0050776   -13.57   0.000     .0093651    .0304415
------------------------------------------------------------------------------
Note: _cons estimates baseline odds.

Logistic regression                                     Number of obs =  4,615
                                                        Wald chi2(2)  =   4.53
                                                        Prob > chi2   = 0.1038
Log pseudolikelihood = -150196.96                       Pseudo R2     = 0.0076

------------------------------------------------------------------------------
             |               Robust
    inactive | Odds ratio   std. err.      z    P>|z|     [95% conf. interval]
-------------+----------------------------------------------------------------
   parent_10 |   .9749202   .3043094    -0.08   0.935     .5287823    1.797468
      35.age |   .5750007   .1678382    -1.90   0.058     .3244959     1.01889
       _cons |   .0249637   .0060982   -15.11   0.000     .0154659    .0402943
------------------------------------------------------------------------------
Note: _cons estimates baseline odds.

Logistic regression                                     Number of obs =  4,570
                                                        Wald chi2(2)  =   1.04
                                                        Prob > chi2   = 0.5952
Log pseudolikelihood = -141406.39                       Pseudo R2     = 0.0020

------------------------------------------------------------------------------
             |               Robust
    inactive | Odds ratio   std. err.      z    P>|z|     [95% conf. interval]
-------------+----------------------------------------------------------------
   parent_10 |   .9429459   .3078685    -0.18   0.857     .4972473    1.788138
      35.age |   1.363018   .4156875     1.02   0.310     .7497318    2.477978
       _cons |   .0140553   .0042535   -14.09   0.000     .0077668    .0254353
------------------------------------------------------------------------------
Note: _cons estimates baseline odds.

Logistic regression                                     Number of obs =  4,626
                                                        Wald chi2(2)  =   2.28
                                                        Prob > chi2   = 0.3200
Log pseudolikelihood = -137519.98                       Pseudo R2     = 0.0044

------------------------------------------------------------------------------
             |               Robust
    inactive | Odds ratio   std. err.      z    P>|z|     [95% conf. interval]
-------------+----------------------------------------------------------------
   parent_10 |   .6416085   .2055223    -1.39   0.166     .3424603    1.202071
      35.age |   1.093827      .3688     0.27   0.790     .5648764    2.118087
       _cons |   .0202365   .0049922   -15.81   0.000     .0124781    .0328186
------------------------------------------------------------------------------
Note: _cons estimates baseline odds.

Logistic regression                                     Number of obs =  4,622
                                                        Wald chi2(2)  =   4.85
                                                        Prob > chi2   = 0.0883
Log pseudolikelihood = -138535.52                       Pseudo R2     = 0.0086

------------------------------------------------------------------------------
             |               Robust
    inactive | Odds ratio   std. err.      z    P>|z|     [95% conf. interval]
-------------+----------------------------------------------------------------
   parent_10 |   .6803077   .1880365    -1.39   0.163      .395762    1.169437
      35.age |   1.798457   .5267825     2.00   0.045     1.012922    3.193183
       _cons |   .0142848   .0036172   -16.78   0.000     .0086962    .0234648
------------------------------------------------------------------------------
Note: _cons estimates baseline odds.

Logistic regression                                     Number of obs =  4,586
                                                        Wald chi2(2)  =   3.34
                                                        Prob > chi2   = 0.1886
Log pseudolikelihood = -117782.03                       Pseudo R2     = 0.0069

------------------------------------------------------------------------------
             |               Robust
    inactive | Odds ratio   std. err.      z    P>|z|     [95% conf. interval]
-------------+----------------------------------------------------------------
   parent_10 |    1.41996   .4893625     1.02   0.309     .7226457    2.790145
      35.age |   .6033342   .1957433    -1.56   0.119     .3194461    1.139511
       _cons |   .0141884    .004716   -12.80   0.000     .0073962    .0272182
------------------------------------------------------------------------------
Note: _cons estimates baseline odds.

Logistic regression                                     Number of obs =  4,393
                                                        Wald chi2(2)  =   2.04
                                                        Prob > chi2   = 0.3602
Log pseudolikelihood = -165054                          Pseudo R2     = 0.0033

------------------------------------------------------------------------------
             |               Robust
    inactive | Odds ratio   std. err.      z    P>|z|     [95% conf. interval]
-------------+----------------------------------------------------------------
   parent_10 |   1.157526   .3223927     0.53   0.599     .6705874     1.99805
      35.age |   .6927117   .1818955    -1.40   0.162     .4140377    1.158951
       _cons |   .0240174   .0060692   -14.76   0.000     .0146361    .0394118
------------------------------------------------------------------------------
Note: _cons estimates baseline odds.

Logistic regression                                     Number of obs =  4,282
                                                        Wald chi2(2)  =   6.21
                                                        Prob > chi2   = 0.0448
Log pseudolikelihood = -166265                          Pseudo R2     = 0.0090

------------------------------------------------------------------------------
             |               Robust
    inactive | Odds ratio   std. err.      z    P>|z|     [95% conf. interval]
-------------+----------------------------------------------------------------
   parent_10 |     .60142   .1899834    -1.61   0.107     .3238103    1.117031
      35.age |   .7951557   .2469402    -0.74   0.460       .43262    1.461497
       _cons |   .0343828   .0074845   -15.48   0.000     .0224415    .0526783
------------------------------------------------------------------------------
Note: _cons estimates baseline odds.

Logistic regression                                     Number of obs =  4,087
                                                        Wald chi2(2)  =   1.33
                                                        Prob > chi2   = 0.5133
Log pseudolikelihood = -180782.77                       Pseudo R2     = 0.0023

------------------------------------------------------------------------------
             |               Robust
    inactive | Odds ratio   std. err.      z    P>|z|     [95% conf. interval]
-------------+----------------------------------------------------------------
   parent_10 |   1.287417     .36772     0.88   0.376     .7355185    2.253433
      35.age |   .7858633   .1981652    -0.96   0.339     .4794087    1.288214
       _cons |   .0241792   .0061363   -14.67   0.000     .0147035    .0397616
------------------------------------------------------------------------------
Note: _cons estimates baseline odds.

Logistic regression                                     Number of obs =  3,726
                                                        Wald chi2(2)  =   1.78
                                                        Prob > chi2   = 0.4098
Log pseudolikelihood = -312141.28                       Pseudo R2     = 0.0020

------------------------------------------------------------------------------
             |               Robust
    inactive | Odds ratio   std. err.      z    P>|z|     [95% conf. interval]
-------------+----------------------------------------------------------------
   parent_10 |   1.030368   .2180209     0.14   0.888     .6805846    1.559921
      35.age |   .7647163   .1554088    -1.32   0.187     .5134707    1.138899
       _cons |   .0612956   .0113173   -15.12   0.000     .0426843    .0880219
------------------------------------------------------------------------------
Note: _cons estimates baseline odds.

Logistic regression                                     Number of obs =  3,604
                                                        Wald chi2(2)  =   5.04
                                                        Prob > chi2   = 0.0803
Log pseudolikelihood = -195645.45                       Pseudo R2     = 0.0060

------------------------------------------------------------------------------
             |               Robust
    inactive | Odds ratio   std. err.      z    P>|z|     [95% conf. interval]
-------------+----------------------------------------------------------------
   parent_10 |   1.309147   .3441738     1.02   0.306     .7820022    2.191637
      35.age |    .628725    .150287    -1.94   0.052     .3935448    1.004448
       _cons |   .0317515   .0083358   -13.14   0.000       .01898    .0531169
------------------------------------------------------------------------------
Note: _cons estimates baseline odds.

Logistic regression                                     Number of obs =  3,510
                                                        Wald chi2(2)  =   3.01
                                                        Prob > chi2   = 0.2216
Log pseudolikelihood = -168175.4                        Pseudo R2     = 0.0045

------------------------------------------------------------------------------
             |               Robust
    inactive | Odds ratio   std. err.      z    P>|z|     [95% conf. interval]
-------------+----------------------------------------------------------------
   parent_10 |   .9299858   .2932449    -0.23   0.818     .5012725    1.725356
      35.age |   .6700873   .2106144    -1.27   0.203     .3619022    1.240714
       _cons |   .0318542   .0071723   -15.31   0.000     .0204886    .0495248
------------------------------------------------------------------------------
Note: _cons estimates baseline odds.

Logistic regression                                     Number of obs =  3,254
                                                        Wald chi2(2)  =  10.45
                                                        Prob > chi2   = 0.0054
Log pseudolikelihood = -215755.47                       Pseudo R2     = 0.0185

------------------------------------------------------------------------------
             |               Robust
    inactive | Odds ratio   std. err.      z    P>|z|     [95% conf. interval]
-------------+----------------------------------------------------------------
   parent_10 |   1.145496   .3171463     0.49   0.624     .6657738    1.970881
      35.age |   .4289262     .11468    -3.17   0.002     .2539808    .7243764
       _cons |   .0501197   .0108952   -13.77   0.000     .0327319    .0767442
------------------------------------------------------------------------------
Note: _cons estimates baseline odds.

Logistic regression                                     Number of obs =  3,038
                                                        Wald chi2(2)  =   0.19
                                                        Prob > chi2   = 0.9106
Log pseudolikelihood = -131579.41                       Pseudo R2     = 0.0005

------------------------------------------------------------------------------
             |               Robust
    inactive | Odds ratio   std. err.      z    P>|z|     [95% conf. interval]
-------------+----------------------------------------------------------------
   parent_10 |   1.160375   .4082876     0.42   0.672     .5822321    2.312601
      35.age |   .9324632   .3265281    -0.20   0.842     .4694179    1.852268
       _cons |   .0179712   .0055696   -12.97   0.000     .0097899    .0329897
------------------------------------------------------------------------------
Note: _cons estimates baseline odds.

Logistic regression                                     Number of obs =  2,848
                                                        Wald chi2(2)  =   2.71
                                                        Prob > chi2   = 0.2580
Log pseudolikelihood = -113781.95                       Pseudo R2     = 0.0088

------------------------------------------------------------------------------
             |               Robust
    inactive | Odds ratio   std. err.      z    P>|z|     [95% conf. interval]
-------------+----------------------------------------------------------------
   parent_10 |   1.006152   .4094941     0.02   0.988       .45314    2.234057
      35.age |   .5428311   .2091847    -1.59   0.113     .2550626    1.155268
       _cons |   .0222827    .007905   -10.72   0.000     .0111172     .044662
------------------------------------------------------------------------------
Note: _cons estimates baseline odds.

Logistic regression                                     Number of obs =  2,849
                                                        Wald chi2(2)  =   3.80
                                                        Prob > chi2   = 0.1499
Log pseudolikelihood = -185619.8                        Pseudo R2     = 0.0069

------------------------------------------------------------------------------
             |               Robust
    inactive | Odds ratio   std. err.      z    P>|z|     [95% conf. interval]
-------------+----------------------------------------------------------------
   parent_10 |   .7476533     .25396    -0.86   0.392     .3842089      1.4549
      35.age |   .6988085   .2347647    -1.07   0.286     .3617405    1.349955
       _cons |   .0433773   .0108599   -12.53   0.000     .0265557    .0708546
------------------------------------------------------------------------------
Note: _cons estimates baseline odds.

Logistic regression                                     Number of obs =  2,841
                                                        Wald chi2(2)  =   3.31
                                                        Prob > chi2   = 0.1910
Log pseudolikelihood = -159542.47                       Pseudo R2     = 0.0073

------------------------------------------------------------------------------
             |               Robust
    inactive | Odds ratio   std. err.      z    P>|z|     [95% conf. interval]
-------------+----------------------------------------------------------------
   parent_10 |   .9712743   .3325112    -0.09   0.932     .4965203     1.89997
      35.age |   .5923782    .196887    -1.58   0.115     .3088074    1.136346
       _cons |     .03373   .0087069   -13.13   0.000     .0203371    .0559426
------------------------------------------------------------------------------
Note: _cons estimates baseline odds.

Logistic regression                                     Number of obs =  2,902
                                                        Wald chi2(2)  =   0.58
                                                        Prob > chi2   = 0.7470
Log pseudolikelihood = -168158.92                       Pseudo R2     = 0.0018

------------------------------------------------------------------------------
             |               Robust
    inactive | Odds ratio   std. err.      z    P>|z|     [95% conf. interval]
-------------+----------------------------------------------------------------
   parent_10 |   .8117652   .2701906    -0.63   0.531     .4227792    1.558645
      35.age |   1.246238   .4131654     0.66   0.507     .6507315    2.386711
       _cons |   .0254899   .0069372   -13.48   0.000     .0149524    .0434537
------------------------------------------------------------------------------
Note: _cons estimates baseline odds.

Logistic regression                                     Number of obs =  2,843
                                                        Wald chi2(2)  =   1.39
                                                        Prob > chi2   = 0.4991
Log pseudolikelihood = -202064.1                        Pseudo R2     = 0.0031

------------------------------------------------------------------------------
             |               Robust
    inactive | Odds ratio   std. err.      z    P>|z|     [95% conf. interval]
-------------+----------------------------------------------------------------
   parent_10 |   1.110803   .3360782     0.35   0.728     .6139068    2.009887
      35.age |   .7088687   .2083128    -1.17   0.242      .398498    1.260972
       _cons |   .0385327   .0104779   -11.97   0.000     .0226136    .0656584
------------------------------------------------------------------------------
Note: _cons estimates baseline odds.

Logistic regression                                     Number of obs =  2,781
                                                        Wald chi2(2)  =   4.71
                                                        Prob > chi2   = 0.0949
Log pseudolikelihood = -173978.28                       Pseudo R2     = 0.0127

------------------------------------------------------------------------------
             |               Robust
    inactive | Odds ratio   std. err.      z    P>|z|     [95% conf. interval]
-------------+----------------------------------------------------------------
   parent_10 |   .5753931   .1821194    -1.75   0.081       .30942    1.069993
      35.age |   .7325736   .2373463    -0.96   0.337     .3882136    1.382394
       _cons |   .0447497   .0123508   -11.26   0.000     .0260531    .0768635
------------------------------------------------------------------------------
Note: _cons estimates baseline odds.

. log close
