
Logistic regression                                    Number of obs =  25,598
                                                       Wald chi2(26) = 2665.86
                                                       Prob > chi2   =  0.0000
Log pseudolikelihood = -5061953.8                      Pseudo R2     =  0.1451

----------------------------------------------------------------------------------------------
                             |               Robust
                   permanent | Odds ratio   std. err.      z    P>|z|     [95% conf. interval]
-----------------------------+----------------------------------------------------------------
                         act |
        manufactures, prim.  |   7.099144   .9552277    14.57   0.000     5.453462    9.241441
     extractive and energy.  |   9.924559   1.328931    17.14   0.000     7.633654    12.90298
         manufactures, sec.  |   7.760814   1.065605    14.92   0.000     5.929695    10.15739
               construction  |   1.676792   .2012693     4.31   0.000     1.325279    2.121539
      hospitality and sales  |   3.307949   .3903693    10.14   0.000     2.624877    4.168777
 Transport, storage and IT.  |   3.695142   .4746316    10.18   0.000     2.872741    4.752978
  Financial and prof. serv.  |   4.457738   .5590346    11.92   0.000     3.486321    5.699829
   Education and healthcare  |   2.196203   .3121126     5.54   0.000      1.66228    2.901621
             Other services  |   2.904854   .3977377     7.79   0.000     2.221142    3.799027
                             |
                         occ |
       white collar - prof.  |   2.600587   .2471427    10.06   0.000     2.158633    3.133026
white collar - tech. suport  |   5.223489   .4587779    18.82   0.000     4.397439    6.204711
       white collar - other  |   8.594385   .9464699    19.53   0.000     6.925879    10.66485
     blue collar - services  |   6.579009    .607161    20.41   0.000     5.490415    7.883441
  blue collar - agriculture  |   2.776373   .4219184     6.72   0.000     2.061213    3.739665
     blue collar - artisans  |   3.518522   .2935331    15.08   0.000      2.98778    4.143543
       blue collar - equip.  |   4.234007    .372712    16.39   0.000     3.563049    5.031312
                  unskilled  |   2.917858   .2671326    11.70   0.000     2.438573    3.491342
                             |
              public_servant |   4.899681   .4748135    16.40   0.000     4.052103    5.924548
                   parent_10 |   .9943569   .1130529    -0.05   0.960     .7957294    1.242565
                     married |   1.317342   .0905038     4.01   0.000     1.151382    1.507223
           married_parent_10 |   1.223471   .1585287     1.56   0.120     .9490757    1.577198
                    divorced |   1.005178   .1090089     0.05   0.962     .8127038    1.243236
                     widowed |   5.317365    3.21836     2.76   0.006     1.623689    17.41366
                   part_time |   .4019964   .0576457    -6.36   0.000     .3035017    .5324554
                        erte |   .0320115   .0351268    -3.14   0.002     .0037262    .2750074
                     college |   1.562527   .0779044     8.95   0.000      1.41706    1.722926
                       _cons |   .0604737   .0082636   -20.53   0.000      .046265    .0790461
----------------------------------------------------------------------------------------------
Note: _cons estimates baseline odds.

Logistic regression                                    Number of obs =  21,314
                                                       Wald chi2(26) = 2178.90
                                                       Prob > chi2   =  0.0000
Log pseudolikelihood = -4231909.5                      Pseudo R2     =  0.1370

----------------------------------------------------------------------------------------------
                             |               Robust
                   permanent | Odds ratio   std. err.      z    P>|z|     [95% conf. interval]
-----------------------------+----------------------------------------------------------------
                         act |
        manufactures, prim.  |   5.545666   .7708668    12.32   0.000     4.223123    7.282385
     extractive and energy.  |   6.478752   .8630685    14.03   0.000     4.989975    8.411712
         manufactures, sec.  |   6.183941   .8717182    12.92   0.000     4.691112    8.151824
               construction  |   1.295163   .1595155     2.10   0.036     1.017392    1.648771
      hospitality and sales  |   2.878591   .3507414     8.68   0.000     2.267073     3.65506
 Transport, storage and IT.  |   2.635725   .3498342     7.30   0.000     2.031992    3.418836
  Financial and prof. serv.  |   3.482309   .4590422     9.47   0.000     2.689434    4.508933
   Education and healthcare  |   2.040382   .3096037     4.70   0.000     1.515485    2.747079
             Other services  |   3.084145   .4499278     7.72   0.000      2.31717    4.104985
                             |
                         occ |
       white collar - prof.  |   3.910297   .3989576    13.37   0.000     3.201576    4.775905
white collar - tech. suport  |   5.763179   .5080688    19.87   0.000     4.848664    6.850182
       white collar - other  |   9.661393   1.154702    18.98   0.000     7.643752    12.21161
     blue collar - services  |   6.062188   .5654213    19.32   0.000     5.049375    7.278152
  blue collar - agriculture  |   4.068175   .7336806     7.78   0.000     2.856857    5.793096
     blue collar - artisans  |   3.242565   .2635021    14.48   0.000     2.765139    3.802421
       blue collar - equip.  |   4.482665   .3940987    17.06   0.000     3.773131    5.325626
                  unskilled  |   2.723338    .253433    10.77   0.000     2.269285    3.268242
                             |
              public_servant |   3.121436   .3431797    10.35   0.000     2.516349    3.872023
                   parent_10 |   1.010238   .0970115     0.11   0.916     .8369209    1.219448
                     married |   1.187489   .0829885     2.46   0.014     1.035482     1.36181
           married_parent_10 |   1.244212   .1422135     1.91   0.056     .9944937    1.556635
                    divorced |    1.29348   .1227659     2.71   0.007     1.073918    1.557932
                     widowed |   .6280431   .2474382    -1.18   0.238     .2901554    1.359403
                   part_time |   .2642307   .0389889    -9.02   0.000     .1978714    .3528446
                        erte |   3.064265   3.632849     0.94   0.345     .3000417    31.29472
                     college |   1.558299   .0811628     8.52   0.000     1.407073    1.725778
                       _cons |   .0737379   .0103369   -18.60   0.000     .0560229    .0970546
----------------------------------------------------------------------------------------------
Note: _cons estimates baseline odds.
note: erte omitted because of collinearity.

Logistic regression                                    Number of obs =  22,172
                                                       Wald chi2(25) = 2524.43
                                                       Prob > chi2   =  0.0000
Log pseudolikelihood = -4331252.1                      Pseudo R2     =  0.1423

----------------------------------------------------------------------------------------------
                             |               Robust
                   permanent | Odds ratio   std. err.      z    P>|z|     [95% conf. interval]
-----------------------------+----------------------------------------------------------------
                         act |
        manufactures, prim.  |   4.513832   .5848085    11.63   0.000     3.501582    5.818705
     extractive and energy.  |   5.238104   .6485749    13.37   0.000      4.10941    6.676805
         manufactures, sec.  |   5.569444   .7352273    13.01   0.000     4.299757    7.214059
               construction  |    1.12701   .1269079     1.06   0.288     .9038107    1.405329
      hospitality and sales  |   2.644525   .2984015     8.62   0.000     2.119827    3.299098
 Transport, storage and IT.  |   2.749756   .3396089     8.19   0.000     2.158571    3.502852
  Financial and prof. serv.  |   2.815732   .3381803     8.62   0.000     2.225147    3.563067
   Education and healthcare  |   2.246608   .3031908     6.00   0.000     1.724461    2.926854
             Other services  |   2.317151   .3321743     5.86   0.000     1.749568    3.068867
                             |
                         occ |
       white collar - prof.  |   3.074429   .2950354    11.70   0.000     2.547296    3.710645
white collar - tech. suport  |   5.117947   .4339512    19.26   0.000     4.334334    6.043232
       white collar - other  |    7.85305   .8870762    18.24   0.000     6.293426    9.799177
     blue collar - services  |   6.404427    .563458    21.11   0.000      5.39004    7.609717
  blue collar - agriculture  |   2.415465   .3731249     5.71   0.000     1.784484    3.269555
     blue collar - artisans  |   3.156212   .2389767    15.18   0.000     2.720924    3.661138
       blue collar - equip.  |   3.810161    .314395    16.21   0.000     3.241205     4.47899
                  unskilled  |   2.198923   .1940345     8.93   0.000     1.849692    2.614091
                             |
              public_servant |   2.594534   .2571807     9.62   0.000     2.136411    3.150895
                   parent_10 |   1.048258   .0942039     0.52   0.600     .8789685    1.250153
                     married |   1.085317   .0707507     1.26   0.209     .9551415    1.233234
           married_parent_10 |   1.437446   .1535856     3.40   0.001     1.165853    1.772308
                    divorced |   1.091358   .1105716     0.86   0.388     .8948022    1.331089
                     widowed |   1.605994   .8162459     0.93   0.351     .5930905    4.348774
                   part_time |   .2880254   .0419813    -8.54   0.000      .216453    .3832641
                        erte |          1  (omitted)
                     college |   1.824274   .0912814    12.01   0.000     1.653858    2.012249
                       _cons |   .0946033   .0122443   -18.22   0.000     .0734069    .1219201
----------------------------------------------------------------------------------------------
Note: _cons estimates baseline odds.

Logistic regression                                    Number of obs =  22,314
                                                       Wald chi2(26) = 2266.41
                                                       Prob > chi2   =  0.0000
Log pseudolikelihood = -4505336.8                      Pseudo R2     =  0.1251

----------------------------------------------------------------------------------------------
                             |               Robust
                   permanent | Odds ratio   std. err.      z    P>|z|     [95% conf. interval]
-----------------------------+----------------------------------------------------------------
                         act |
        manufactures, prim.  |   3.346457   .4969794     8.13   0.000     2.501348    4.477097
     extractive and energy.  |   6.007001   .8641003    12.46   0.000     4.531201    7.963466
         manufactures, sec.  |   4.727286   .7015986    10.47   0.000     3.534118    6.323284
               construction  |   1.306848    .176658     1.98   0.048     1.002676    1.703293
      hospitality and sales  |   2.509914   .3387612     6.82   0.000     1.926516    3.269978
 Transport, storage and IT.  |     2.8967   .4119379     7.48   0.000     2.192071    3.827827
  Financial and prof. serv.  |   2.143426   .2981471     5.48   0.000     1.631953      2.8152
   Education and healthcare  |   1.809053   .2811982     3.81   0.000     1.333955    2.453362
             Other services  |   2.116094   .3537999     4.48   0.000      1.52482    2.936645
                             |
                         occ |
       white collar - prof.  |   3.069072   .2739918    12.56   0.000     2.576416    3.655933
white collar - tech. suport  |   4.404025   .3531219    18.49   0.000     3.763562    5.153479
       white collar - other  |   6.520342   .7004338    17.45   0.000     5.282407    8.048387
     blue collar - services  |   5.431239   .4645985    19.78   0.000     4.592884    6.422621
  blue collar - agriculture  |   1.542516   .2546147     2.63   0.009      1.11616    2.131733
     blue collar - artisans  |   2.472781   .1833731    12.21   0.000     2.138275    2.859617
       blue collar - equip.  |    3.63174   .2838882    16.50   0.000     3.115857    4.233037
                  unskilled  |   1.921686   .1639852     7.65   0.000     1.625721    2.271532
                             |
              public_servant |   3.188167   .3181363    11.62   0.000     2.621818    3.876855
                   parent_10 |   1.034498   .0878252     0.40   0.690     .8759223    1.221781
                     married |   1.148937   .0732417     2.18   0.029     1.013992    1.301842
           married_parent_10 |   1.187076    .122226     1.67   0.096     .9701422    1.452518
                    divorced |   .7544552   .0714736    -2.97   0.003      .626606    .9083902
                     widowed |   1.270892   .7834565     0.39   0.697     .3796432    4.254435
                   part_time |    .404573   .0501999    -7.29   0.000     .3172333    .5159587
                        erte |   .9234201   .7733545    -0.10   0.924     .1788657    4.767289
                     college |   1.691386   .0821076    10.83   0.000     1.537877    1.860218
                       _cons |   .1231736   .0180083   -14.32   0.000     .0924846     .164046
----------------------------------------------------------------------------------------------
Note: _cons estimates baseline odds.

Logistic regression                                    Number of obs =  22,482
                                                       Wald chi2(26) = 2070.06
                                                       Prob > chi2   =  0.0000
Log pseudolikelihood = -4514355.7                      Pseudo R2     =  0.1201

----------------------------------------------------------------------------------------------
                             |               Robust
                   permanent | Odds ratio   std. err.      z    P>|z|     [95% conf. interval]
-----------------------------+----------------------------------------------------------------
                         act |
        manufactures, prim.  |    7.75815    1.04572    15.20   0.000     5.956962    10.10396
     extractive and energy.  |   9.311679   1.193146    17.41   0.000     7.243689    11.97006
         manufactures, sec.  |   8.168533   1.085658    15.80   0.000     6.295253    10.59925
               construction  |   2.027779   .2418851     5.93   0.000     1.605034    2.561868
      hospitality and sales  |    4.57903    .548131    12.71   0.000     3.621435    5.789836
 Transport, storage and IT.  |   4.811803   .6094189    12.40   0.000     3.754071    6.167558
  Financial and prof. serv.  |   4.259508   .5166836    11.95   0.000     3.358208    5.402705
   Education and healthcare  |   2.869107    .407691     7.42   0.000     2.171669    3.790529
             Other services  |   2.282106   .3364332     5.60   0.000     1.709423    3.046645
                             |
                         occ |
       white collar - prof.  |   3.158751   .2791808    13.01   0.000     2.656338    3.756188
white collar - tech. suport  |   4.329321   .3468372    18.29   0.000     3.700215    5.065386
       white collar - other  |   6.161628   .6653134    16.84   0.000      4.98638    7.613872
     blue collar - services  |   4.797607   .4053245    18.56   0.000     4.065474    5.661588
  blue collar - agriculture  |   3.160397   .4997655     7.28   0.000     2.318131    4.308691
     blue collar - artisans  |   2.470215   .1852589    12.06   0.000      2.13254    2.861359
       blue collar - equip.  |   3.150131   .2485363    14.54   0.000     2.698803    3.676935
                  unskilled  |   2.181733   .1882268     9.04   0.000     1.842319    2.583676
                             |
              public_servant |   2.565817   .2608081     9.27   0.000     2.102342    3.131467
                   parent_10 |   1.083695   .0864934     1.01   0.314     .9267656    1.267198
                     married |   1.364594   .0877525     4.83   0.000     1.202999    1.547894
           married_parent_10 |   .9497678   .0942876    -0.52   0.604     .7818347    1.153772
                    divorced |   .9100242   .0851051    -1.01   0.313     .7576157    1.093093
                     widowed |   .3747212   .1417161    -2.60   0.009      .178563    .7863662
                   part_time |    .569784   .0694095    -4.62   0.000     .4487652     .723438
                        erte |   1.325621   .5134859     0.73   0.467     .6204437    2.832283
                     college |   1.655693   .0796915    10.48   0.000     1.506642    1.819491
                       _cons |   .0707282   .0094528   -19.82   0.000     .0544289    .0919086
----------------------------------------------------------------------------------------------
Note: _cons estimates baseline odds.

Logistic regression                                    Number of obs =  22,308
                                                       Wald chi2(26) = 2389.53
                                                       Prob > chi2   =  0.0000
Log pseudolikelihood = -4339604.2                      Pseudo R2     =  0.1387

----------------------------------------------------------------------------------------------
                             |               Robust
                   permanent | Odds ratio   std. err.      z    P>|z|     [95% conf. interval]
-----------------------------+----------------------------------------------------------------
                         act |
        manufactures, prim.  |   5.832749   .7357434    13.98   0.000      4.55515    7.468681
     extractive and energy.  |   8.258345   .9853054    17.70   0.000     6.536359    10.43398
         manufactures, sec.  |   9.248392     1.1229    18.32   0.000     7.289824    11.73317
               construction  |   1.690158    .184981     4.80   0.000      1.36385    2.094536
      hospitality and sales  |   3.809765   .4133701    12.33   0.000     3.079927    4.712549
 Transport, storage and IT.  |   4.271124    .498072    12.45   0.000     3.398446    5.367896
  Financial and prof. serv.  |   3.900033   .4379961    12.12   0.000     3.129489      4.8603
   Education and healthcare  |   3.187381   .4011389     9.21   0.000     2.490626    4.079055
             Other services  |   2.556405   .3647434     6.58   0.000     1.932777    3.381253
                             |
                         occ |
       white collar - prof.  |    3.78842   .3499022    14.42   0.000     3.161116     4.54021
white collar - tech. suport  |   5.525617   .4781297    19.76   0.000     4.663657    6.546889
       white collar - other  |   7.079482   .7643013    18.13   0.000     5.729354    8.747768
     blue collar - services  |   5.557695   .4939261    19.30   0.000     4.669241    6.615201
  blue collar - agriculture  |   3.405214   .4930956     8.46   0.000     2.563807     4.52276
     blue collar - artisans  |   2.806643   .2222699    13.03   0.000     2.403128    3.277913
       blue collar - equip.  |    4.54004   .3793004    18.11   0.000       3.8543    5.347783
                  unskilled  |   2.216967   .2022074     8.73   0.000     1.854053     2.65092
                             |
              public_servant |   2.194734   .2013954     8.57   0.000     1.833467    2.627185
                   parent_10 |   .9621515   .0736895    -0.50   0.614     .8280402    1.117984
                     married |   1.378744   .0915584     4.84   0.000     1.210481    1.570397
           married_parent_10 |   1.147056   .1117843     1.41   0.159     .9476159    1.388472
                    divorced |   1.158569   .1138619     1.50   0.134     .9555811    1.404677
                     widowed |   .4961455   .1839396    -1.89   0.059     .2399037     1.02608
                   part_time |   .3306321    .040272    -9.09   0.000     .2604151    .4197822
                        erte |    .514658   .2511913    -1.36   0.174     .1977284    1.339579
                     college |   1.503201   .0718657     8.53   0.000     1.368745    1.650866
                       _cons |   .0665004   .0084656   -21.29   0.000     .0518161    .0853462
----------------------------------------------------------------------------------------------
Note: _cons estimates baseline odds.

Logistic regression                                    Number of obs =  21,631
                                                       Wald chi2(26) = 1952.77
                                                       Prob > chi2   =  0.0000
Log pseudolikelihood = -4392092.8                      Pseudo R2     =  0.1220

----------------------------------------------------------------------------------------------
                             |               Robust
                   permanent | Odds ratio   std. err.      z    P>|z|     [95% conf. interval]
-----------------------------+----------------------------------------------------------------
                         act |
        manufactures, prim.  |   5.139576   .6990825    12.03   0.000     3.936836    6.709765
     extractive and energy.  |   6.702069   .8540361    14.93   0.000     5.220852    8.603525
         manufactures, sec.  |   5.714481   .7585079    13.13   0.000     4.405479    7.412428
               construction  |   1.255148   .1500163     1.90   0.057     .9930211    1.586467
      hospitality and sales  |   3.241109   .3822077     9.97   0.000     2.572265    4.083866
 Transport, storage and IT.  |   3.217676   .4096021     9.18   0.000     2.507186    4.129506
  Financial and prof. serv.  |   2.647365   .3234043     7.97   0.000     2.083676    3.363545
   Education and healthcare  |   1.842268   .2491922     4.52   0.000      1.41324    2.401538
             Other services  |   2.234282   .3520339     5.10   0.000     1.640675    3.042661
                             |
                         occ |
       white collar - prof.  |    1.77337   .1692613     6.00   0.000     1.470806    2.138175
white collar - tech. suport  |   2.514264    .237658     9.75   0.000     2.089066    3.026006
       white collar - other  |   3.696411   .4010313    12.05   0.000     2.988352    4.572239
     blue collar - services  |   1.643716   .1525172     5.36   0.000     1.370394    1.971551
  blue collar - agriculture  |   .9884102   .1619947    -0.07   0.943     .7168532    1.362838
     blue collar - artisans  |   1.499852   .1323638     4.59   0.000     1.261621    1.783068
       blue collar - equip.  |    2.41834   .2290552     9.32   0.000     2.008607    2.911653
                  unskilled  |   1.024624   .1020469     0.24   0.807     .8429264    1.245488
                             |
              public_servant |   4.179744   .4047045    14.77   0.000     3.457259    5.053211
                   parent_10 |   1.084521    .081003     1.09   0.277     .9368322    1.255493
                     married |   1.329726   .0891836     4.25   0.000     1.165931    1.516532
           married_parent_10 |   .9381173   .0906225    -0.66   0.508     .7763021    1.133662
                    divorced |    1.00819   .0958149     0.09   0.932     .8368487    1.214612
                     widowed |   1.078021   .4682412     0.17   0.863     .4601569    2.525509
                   part_time |   .3331361   .0386803    -9.47   0.000     .2653316    .4182677
                        erte |   .3519098   .1526106    -2.41   0.016     .1504167    .8233164
                     college |   1.563066   .0750572     9.30   0.000     1.422667     1.71732
                       _cons |   .1703115   .0237895   -12.67   0.000     .1295229    .2239452
----------------------------------------------------------------------------------------------
Note: _cons estimates baseline odds.

Logistic regression                                    Number of obs =  21,005
                                                       Wald chi2(26) = 1975.15
                                                       Prob > chi2   =  0.0000
Log pseudolikelihood = -4328602.7                      Pseudo R2     =  0.1236

----------------------------------------------------------------------------------------------
                             |               Robust
                   permanent | Odds ratio   std. err.      z    P>|z|     [95% conf. interval]
-----------------------------+----------------------------------------------------------------
                         act |
        manufactures, prim.  |     7.0932   .9878881    14.07   0.000      5.39875    9.319471
     extractive and energy.  |   8.080237   1.012587    16.67   0.000     6.320544    10.32984
         manufactures, sec.  |   8.101047   1.075672    15.76   0.000     6.244779    10.50909
               construction  |   1.553227   .1904644     3.59   0.000     1.221395    1.975211
      hospitality and sales  |   4.484256   .5321802    12.64   0.000     3.553628    5.658598
 Transport, storage and IT.  |   5.723488   .7277169    13.72   0.000      4.46102    7.343234
  Financial and prof. serv.  |   4.624002   .5550873    12.76   0.000     3.654566    5.850599
   Education and healthcare  |   3.160914   .4177562     8.71   0.000     2.439581     4.09553
             Other services  |   3.492695   .5057017     8.64   0.000     2.629762     4.63879
                             |
                         occ |
       white collar - prof.  |   1.622306   .1661196     4.73   0.000     1.327309    1.982866
white collar - tech. suport  |   2.335679   .2436089     8.13   0.000     1.903854    2.865449
       white collar - other  |   3.067179    .369884     9.29   0.000     2.421526    3.884983
     blue collar - services  |   1.416479   .1451834     3.40   0.001     1.158685    1.731629
  blue collar - agriculture  |   1.404169   .2392328     1.99   0.046     1.005536    1.960837
     blue collar - artisans  |    1.34567   .1338575     2.98   0.003     1.107305    1.635347
       blue collar - equip.  |   2.274313   .2419426     7.72   0.000     1.846286     2.80157
                  unskilled  |   1.265486   .1377154     2.16   0.030     1.022412    1.566349
                             |
              public_servant |   3.649495    .349832    13.51   0.000     3.024395    4.403793
                   parent_10 |   1.050155   .0814983     0.63   0.528     .9019761    1.222677
                     married |   1.413652   .0935578     5.23   0.000     1.241677    1.609446
           married_parent_10 |   .9477641   .0935626    -0.54   0.587     .7810345    1.150086
                    divorced |   1.085365   .1058443     0.84   0.401     .8965343    1.313967
                     widowed |   .9250661   .4198963    -0.17   0.864     .3800181    2.251859
                   part_time |   .4398311   .0436826    -8.27   0.000     .3620324    .5343483
                        erte |   1.268976   .7072878     0.43   0.669      .425618    3.783439
                     college |   1.645452   .0821405     9.98   0.000     1.492085    1.814584
                       _cons |   .1153124    .016808   -14.82   0.000     .0866572    .1534433
----------------------------------------------------------------------------------------------
Note: _cons estimates baseline odds.

Logistic regression                                    Number of obs =  20,414
                                                       Wald chi2(26) = 1903.72
                                                       Prob > chi2   =  0.0000
Log pseudolikelihood = -4269132.7                      Pseudo R2     =  0.1188

----------------------------------------------------------------------------------------------
                             |               Robust
                   permanent | Odds ratio   std. err.      z    P>|z|     [95% conf. interval]
-----------------------------+----------------------------------------------------------------
                         act |
        manufactures, prim.  |   10.04893   1.476658    15.70   0.000     7.534221    13.40297
     extractive and energy.  |   9.208484   1.244522    16.43   0.000     7.065594    12.00128
         manufactures, sec.  |   11.96022   1.668047    17.79   0.000      9.09966    15.72001
               construction  |   2.503461   .3291539     6.98   0.000     1.934751    3.239339
      hospitality and sales  |   4.375577   .5501397    11.74   0.000     3.419906    5.598306
 Transport, storage and IT.  |    6.07513   .8088759    13.55   0.000     4.679742    7.886588
  Financial and prof. serv.  |   4.898392   .6221028    12.51   0.000     3.819001     6.28286
   Education and healthcare  |   4.246366   .6022567    10.20   0.000     3.215826    5.607151
             Other services  |   5.179863   .7909937    10.77   0.000     3.840035    6.987173
                             |
                         occ |
       white collar - prof.  |   1.109876   .1148454     1.01   0.314     .9061408    1.359419
white collar - tech. suport  |   1.668127   .1739617     4.91   0.000     1.359756    2.046431
       white collar - other  |   2.541968   .3194752     7.42   0.000     1.986968    3.251991
     blue collar - services  |   1.215173   .1259783     1.88   0.060     .9917294     1.48896
  blue collar - agriculture  |   1.042285   .1707684     0.25   0.800     .7560057     1.43697
     blue collar - artisans  |   .9309926   .0969978    -0.69   0.493     .7590348    1.141907
       blue collar - equip.  |   1.409203   .1513195     3.19   0.001     1.141752    1.739302
                  unskilled  |   .7508228   .0846942    -2.54   0.011     .6018945    .9366008
                             |
              public_servant |   3.476951   .3427463    12.64   0.000     2.866091    4.218006
                   parent_10 |    1.03731   .0765199     0.50   0.619     .8976714     1.19867
                     married |   1.209641   .0820501     2.81   0.005     1.059057    1.381636
           married_parent_10 |   .9892455   .0966128    -0.11   0.912     .8169079     1.19794
                    divorced |   .9981394   .0955574    -0.02   0.984     .8273723    1.204152
                     widowed |   .9838068   .4304988    -0.04   0.970     .4172891    2.319437
                   part_time |   .4538849   .0412567    -8.69   0.000     .3798169    .5423969
                        erte |   .5444637    .191006    -1.73   0.083     .2737504    1.082887
                     college |   1.625769    .078637    10.05   0.000     1.478724    1.787437
                       _cons |   .1460047   .0222618   -12.62   0.000     .1082883    .1968577
----------------------------------------------------------------------------------------------
Note: _cons estimates baseline odds.

Logistic regression                                    Number of obs =  19,931
                                                       Wald chi2(26) = 1557.25
                                                       Prob > chi2   =  0.0000
Log pseudolikelihood = -4241847.7                      Pseudo R2     =  0.1018

----------------------------------------------------------------------------------------------
                             |               Robust
                   permanent | Odds ratio   std. err.      z    P>|z|     [95% conf. interval]
-----------------------------+----------------------------------------------------------------
                         act |
        manufactures, prim.  |   7.215896   1.024132    13.92   0.000     5.463635    9.530132
     extractive and energy.  |   7.491929   1.014466    14.87   0.000     5.745584    9.769066
         manufactures, sec.  |   7.519515    1.06048    14.31   0.000     5.703542    9.913684
               construction  |   2.161474   .2866096     5.81   0.000     1.666792    2.802971
      hospitality and sales  |   3.504097   .4445944     9.88   0.000     2.732606    4.493401
 Transport, storage and IT.  |   4.183187    .556366    10.76   0.000     3.223272     5.42897
  Financial and prof. serv.  |   3.969999   .5168711    10.59   0.000     3.075876    5.124034
   Education and healthcare  |   3.193841   .4673123     7.94   0.000     2.397553    4.254595
             Other services  |   3.517306   .5364445     8.25   0.000     2.608486    4.742767
                             |
                         occ |
       white collar - prof.  |   1.183074     .12609     1.58   0.115     .9600463    1.457912
white collar - tech. suport  |   1.682383   .1796105     4.87   0.000     1.364743    2.073952
       white collar - other  |   2.770172   .3570081     7.91   0.000     2.151827    3.566202
     blue collar - services  |   1.286903   .1380435     2.35   0.019     1.042892    1.588008
  blue collar - agriculture  |   1.234801   .2175432     1.20   0.231     .8742486     1.74405
     blue collar - artisans  |   1.088198   .1140923     0.81   0.420     .8860608    1.336449
       blue collar - equip.  |   1.628612   .1802662     4.41   0.000     1.310994    2.023181
                  unskilled  |   .8553768   .1001954    -1.33   0.182     .6799095    1.076128
                             |
              public_servant |   3.354948   .3449771    11.77   0.000     2.742584    4.104042
                   parent_10 |   1.061915   .0774022     0.82   0.410     .9205482    1.224992
                     married |   1.194901   .0865287     2.46   0.014     1.036794     1.37712
           married_parent_10 |    1.06375   .1067928     0.62   0.538      .873746    1.295072
                    divorced |   .8007347   .0775097    -2.30   0.022     .6623597    .9680179
                     widowed |   .0863003   .0662032    -3.19   0.001     .0191881    .3881427
                   part_time |   .4271861   .0396108    -9.17   0.000     .3561965    .5123239
                        erte |   1.927046   1.121023     1.13   0.259     .6161993    6.026467
                     college |   1.711005   .0845403    10.87   0.000     1.553079    1.884989
                       _cons |   .1627391   .0258548   -11.43   0.000     .1191953    .2221902
----------------------------------------------------------------------------------------------
Note: _cons estimates baseline odds.

Logistic regression                                    Number of obs =  19,167
                                                       Wald chi2(26) = 1688.66
                                                       Prob > chi2   =  0.0000
Log pseudolikelihood = -4169130.6                      Pseudo R2     =  0.1123

----------------------------------------------------------------------------------------------
                             |               Robust
                   permanent | Odds ratio   std. err.      z    P>|z|     [95% conf. interval]
-----------------------------+----------------------------------------------------------------
                         act |
        manufactures, prim.  |   5.667985   .7756963    12.68   0.000     4.334478    7.411745
     extractive and energy.  |   7.894174    1.01798    16.02   0.000     6.131143    10.16417
         manufactures, sec.  |   6.200613   .8325581    13.59   0.000     4.765885    8.067254
               construction  |   1.774421   .2256384     4.51   0.000     1.382982    2.276653
      hospitality and sales  |   3.161525   .3820129     9.53   0.000      2.49485     4.00635
 Transport, storage and IT.  |   4.955867   .6344954    12.50   0.000     3.856036    6.369396
  Financial and prof. serv.  |   3.948271   .4802358    11.29   0.000     3.110812    5.011183
   Education and healthcare  |   2.438153   .3397874     6.40   0.000      1.85539    3.203957
             Other services  |   2.997296   .4499844     7.31   0.000     2.233256    4.022727
                             |
                         occ |
       white collar - prof.  |   1.613338   .1752078     4.40   0.000     1.304023    1.996022
white collar - tech. suport  |   2.312303   .2523384     7.68   0.000     1.867042     2.86375
       white collar - other  |   3.027949   .3976348     8.44   0.000     2.340818    3.916784
     blue collar - services  |   1.722177   .1869722     5.01   0.000     1.392083    2.130544
  blue collar - agriculture  |   1.188499   .2009091     1.02   0.307     .8533121    1.655349
     blue collar - artisans  |   1.254973   .1329054     2.14   0.032      1.01974    1.544469
       blue collar - equip.  |    1.64346    .186622     4.38   0.000     1.315533    2.053132
                  unskilled  |   .7916322   .0917316    -2.02   0.044     .6307963    .9934769
                             |
              public_servant |   2.876186   .2893674    10.50   0.000     2.361453    3.503117
                   parent_10 |   1.151355   .0803861     2.02   0.044     1.004106    1.320198
                     married |   1.189366   .0853227     2.42   0.016     1.033361    1.368923
           married_parent_10 |   1.090338   .1069089     0.88   0.378     .8997049    1.321364
                    divorced |   .7949819   .0785544    -2.32   0.020     .6550096    .9648656
                     widowed |   .3934862   .2243334    -1.64   0.102     .1287196    1.202858
                   part_time |   .4646532   .0431713    -8.25   0.000     .3872961    .5574613
                        erte |   5.063814   6.549527     1.25   0.210     .4013612    63.88812
                     college |   1.521989   .0747716     8.55   0.000     1.382273    1.675826
                       _cons |   .1547388   .0236939   -12.19   0.000     .1146203    .2088992
----------------------------------------------------------------------------------------------
Note: _cons estimates baseline odds.

Logistic regression                                    Number of obs =  18,453
                                                       Wald chi2(26) = 1545.89
                                                       Prob > chi2   =  0.0000
Log pseudolikelihood = -4148663.3                      Pseudo R2     =  0.0941

----------------------------------------------------------------------------------------------
                             |               Robust
                   permanent | Odds ratio   std. err.      z    P>|z|     [95% conf. interval]
-----------------------------+----------------------------------------------------------------
                         act |
        manufactures, prim.  |   6.670105    .870177    14.55   0.000     5.165181    8.613503
     extractive and energy.  |   8.325434   1.024405    17.22   0.000     6.541398    10.59603
         manufactures, sec.  |   6.214294   .7900152    14.37   0.000     4.843727    7.972673
               construction  |   1.872717   .2241728     5.24   0.000     1.481083    2.367908
      hospitality and sales  |   4.099283   .4631435    12.49   0.000     3.285018    5.115381
 Transport, storage and IT.  |   4.701704   .5666991    12.84   0.000     3.712441     5.95458
  Financial and prof. serv.  |   4.694472   .5457913    13.30   0.000     3.737867    5.895893
   Education and healthcare  |   3.077336   .4223392     8.19   0.000     2.351551    4.027127
             Other services  |   2.648868   .3864024     6.68   0.000     1.990177    3.525566
                             |
                         occ |
       white collar - prof.  |   1.678784   .1867685     4.66   0.000     1.349885    2.087819
white collar - tech. suport  |   2.409506   .2694047     7.87   0.000     1.935334    2.999854
       white collar - other  |   3.786018   .5021492    10.04   0.000     2.919346     4.90998
     blue collar - services  |   1.857428   .2044114     5.63   0.000     1.497051    2.304556
  blue collar - agriculture  |   1.416851   .2476085     1.99   0.046     1.005932     1.99563
     blue collar - artisans  |   1.461047   .1588035     3.49   0.000     1.180717    1.807935
       blue collar - equip.  |   1.681225   .1952771     4.47   0.000     1.338928    2.111029
                  unskilled  |   1.215412   .1446046     1.64   0.101     .9626119    1.534603
                             |
              public_servant |    2.75723   .2862454     9.77   0.000     2.249596    3.379416
                   parent_10 |   1.152086   .0750053     2.17   0.030     1.014071    1.308885
                     married |   1.217742   .0866068     2.77   0.006     1.059296    1.399889
           married_parent_10 |   1.056544   .0998739     0.58   0.561     .8778585      1.2716
                    divorced |   .9685457   .1004699    -0.31   0.758     .7903559    1.186909
                     widowed |   .1722698   .1416756    -2.14   0.032     .0343698    .8634592
                   part_time |   .5117308   .0465406    -7.37   0.000     .4281805    .6115842
                        erte |   .2638802   .1906925    -1.84   0.065     .0640159    1.087742
                     college |     1.4225   .0687173     7.30   0.000     1.293996    1.563766
                       _cons |   .1344265   .0201626   -13.38   0.000     .1001874    .1803667
----------------------------------------------------------------------------------------------
Note: _cons estimates baseline odds.
note: erte omitted because of collinearity.

Logistic regression                                    Number of obs =  18,088
                                                       Wald chi2(25) = 1505.84
                                                       Prob > chi2   =  0.0000
Log pseudolikelihood = -4024485.9                      Pseudo R2     =  0.0938

----------------------------------------------------------------------------------------------
                             |               Robust
                   permanent | Odds ratio   std. err.      z    P>|z|     [95% conf. interval]
-----------------------------+----------------------------------------------------------------
                         act |
        manufactures, prim.  |   4.058705   .5386651    10.56   0.000     3.129085    5.264506
     extractive and energy.  |   6.342851   .8045672    14.56   0.000     4.946668    8.133103
         manufactures, sec.  |   5.061172   .6556576    12.52   0.000     3.926276    6.524112
               construction  |   1.428948   .1761641     2.90   0.004     1.122221    1.819511
      hospitality and sales  |   2.525002   .2930983     7.98   0.000     2.011202    3.170063
 Transport, storage and IT.  |   3.506737   .4326497    10.17   0.000     2.753497     4.46603
  Financial and prof. serv.  |   3.077175   .3666298     9.43   0.000     2.436328    3.886588
   Education and healthcare  |   2.402384    .328868     6.40   0.000     1.837044    3.141705
             Other services  |   1.369059   .1987707     2.16   0.030     1.030002    1.819727
                             |
                         occ |
       white collar - prof.  |   1.141454   .1201086     1.26   0.209     .9287345    1.402896
white collar - tech. suport  |   1.648036   .1753736     4.69   0.000     1.337787    2.030234
       white collar - other  |   2.261369    .288666     6.39   0.000     1.760819    2.904211
     blue collar - services  |   1.356832     .14343     2.89   0.004     1.102925    1.669192
  blue collar - agriculture  |   .5713124   .1024744    -3.12   0.002     .4019726    .8119902
     blue collar - artisans  |   1.065943   .1109357     0.61   0.539     .8692544    1.307136
       blue collar - equip.  |   1.151087   .1264591     1.28   0.200     .9280998     1.42765
                  unskilled  |   .7769131   .0901115    -2.18   0.030     .6189341    .9752151
                             |
              public_servant |   2.461562    .247522     8.96   0.000     2.021242    2.997804
                   parent_10 |   1.038068   .0662827     0.59   0.558     .9159568    1.176459
                     married |    1.10991   .0775025     1.49   0.135     .9679437    1.272697
           married_parent_10 |   1.271351   .1184723     2.58   0.010      1.05912    1.526109
                    divorced |   1.230938   .1301387     1.97   0.049     1.000563    1.514356
                     widowed |   .1535798   .1675329    -1.72   0.086      .018105    1.302776
                   part_time |   .6222809   .0549321    -5.37   0.000     .5234152     .739821
                        erte |          1  (omitted)
                     college |   1.521913   .0739343     8.64   0.000     1.383689    1.673944
                       _cons |   .2707813   .0402477    -8.79   0.000     .2023485    .3623575
----------------------------------------------------------------------------------------------
Note: _cons estimates baseline odds.
note: erte != 0 predicts failure perfectly;
      erte omitted and 2 obs not used.


Logistic regression                                    Number of obs =  17,667
                                                       Wald chi2(25) = 1396.10
                                                       Prob > chi2   =  0.0000
Log pseudolikelihood = -3848902.8                      Pseudo R2     =  0.0935

----------------------------------------------------------------------------------------------
                             |               Robust
                   permanent | Odds ratio   std. err.      z    P>|z|     [95% conf. interval]
-----------------------------+----------------------------------------------------------------
                         act |
        manufactures, prim.  |   3.967224   .5362213    10.20   0.000     3.043939     5.17056
     extractive and energy.  |   5.059703   .6412661    12.79   0.000     3.946788    6.486437
         manufactures, sec.  |   5.062428   .6600356    12.44   0.000     3.920846    6.536389
               construction  |   1.236609   .1505723     1.74   0.081     .9740654    1.569917
      hospitality and sales  |   2.512488   .2880587     8.04   0.000     2.006842    3.145538
 Transport, storage and IT.  |   3.570166   .4349483    10.45   0.000     2.811822    4.533036
  Financial and prof. serv.  |   2.348433   .2872327     6.98   0.000     1.847861    2.984607
   Education and healthcare  |   1.933683   .2637454     4.83   0.000     1.480081    2.526302
             Other services  |    1.92063   .2841867     4.41   0.000     1.437128      2.5668
                             |
                         occ |
       white collar - prof.  |   1.310597     .14814     2.39   0.017      1.05016     1.63562
white collar - tech. suport  |   1.846756   .2088119     5.43   0.000     1.479669    2.304913
       white collar - other  |   2.992234   .4094757     8.01   0.000     2.288294    3.912724
     blue collar - services  |   1.630436   .1829119     4.36   0.000     1.308612    2.031405
  blue collar - agriculture  |   .8163366   .1507632    -1.10   0.272      .568417    1.172388
     blue collar - artisans  |   1.415122    .153799     3.19   0.001     1.143624    1.751075
       blue collar - equip.  |   1.312413   .1511374     2.36   0.018      1.04724    1.644731
                  unskilled  |    .877733   .1046025    -1.09   0.274     .6948992    1.108672
                             |
              public_servant |    2.13928   .2142351     7.59   0.000     1.758026    2.603215
                   parent_10 |   1.365364   .0853472     4.98   0.000     1.207928     1.54332
                     married |   1.333404   .0953954     4.02   0.000      1.15895    1.534119
           married_parent_10 |   .9615423   .0902453    -0.42   0.676     .7999799    1.155734
                    divorced |   1.031736   .1090466     0.30   0.768     .8386935    1.269212
                     widowed |    2.62946   2.615817     0.97   0.331     .3741809    18.47786
                   part_time |   .4131059   .0389784    -9.37   0.000     .3433576    .4970227
                        erte |          1  (omitted)
                     college |   1.576881    .079448     9.04   0.000     1.428608    1.740544
                       _cons |   .2258538   .0343886    -9.77   0.000     .1675803    .3043909
----------------------------------------------------------------------------------------------
Note: _cons estimates baseline odds.
note: erte != 0 predicts success perfectly;
      erte omitted and 3 obs not used.


Logistic regression                                    Number of obs =  16,921
                                                       Wald chi2(25) = 1263.87
                                                       Prob > chi2   =  0.0000
Log pseudolikelihood = -3724144                        Pseudo R2     =  0.0876

----------------------------------------------------------------------------------------------
                             |               Robust
                   permanent | Odds ratio   std. err.      z    P>|z|     [95% conf. interval]
-----------------------------+----------------------------------------------------------------
                         act |
        manufactures, prim.  |   5.780103   .8393577    12.08   0.000     4.348388    7.683212
     extractive and energy.  |   8.324313   1.105777    15.95   0.000     6.416191    10.79989
         manufactures, sec.  |   7.249189   .9985979    14.38   0.000     5.533932    9.496094
               construction  |   2.115086   .2715156     5.84   0.000     1.644593    2.720179
      hospitality and sales  |   3.548297   .4288391    10.48   0.000     2.799921    4.496704
 Transport, storage and IT.  |     4.2999   .5501819    11.40   0.000     3.346149      5.5255
  Financial and prof. serv.  |   3.903238   .4979683    10.67   0.000     3.039697    5.012101
   Education and healthcare  |   2.700363   .3767187     7.12   0.000     2.054348    3.549527
             Other services  |   2.226396   .3413182     5.22   0.000     1.648575    3.006741
                             |
                         occ |
       white collar - prof.  |   1.660963   .1878768     4.49   0.000     1.330693    2.073204
white collar - tech. suport  |   2.645983   .3053974     8.43   0.000     2.110289    3.317661
       white collar - other  |   3.270233   .4342182     8.92   0.000     2.520908     4.24229
     blue collar - services  |   2.279125   .2602858     7.21   0.000     1.822037     2.85088
  blue collar - agriculture  |   1.255771   .2180484     1.31   0.190     .8935325    1.764862
     blue collar - artisans  |   1.470358   .1641062     3.45   0.001     1.181465    1.829892
       blue collar - equip.  |   1.811255   .2117426     5.08   0.000      1.44036    2.277657
                  unskilled  |   1.194881   .1425648     1.49   0.136     .9457263    1.509677
                             |
              public_servant |   2.036689   .2046436     7.08   0.000     1.672619    2.480003
                   parent_10 |   1.023123   .0673213     0.35   0.728     .8993298    1.163956
                     married |    1.23406   .0918303     2.83   0.005     1.066586    1.427832
           married_parent_10 |   1.213294   .1189611     1.97   0.049     1.001169    1.470363
                    divorced |    1.39405   .1573473     2.94   0.003     1.117384    1.739218
                     widowed |   1.845759   1.561478     0.72   0.469     .3516205    9.688929
                   part_time |   .5157847   .0496604    -6.88   0.000     .4270845    .6229069
                        erte |          1  (omitted)
                     college |   1.425104   .0754568     6.69   0.000     1.284626    1.580943
                       _cons |   .1519502   .0235218   -12.17   0.000     .1121852    .2058102
----------------------------------------------------------------------------------------------
Note: _cons estimates baseline odds.

Logistic regression                                     Number of obs = 14,728
                                                        Wald chi2(26) = 953.31
                                                        Prob > chi2   = 0.0000
Log pseudolikelihood = -3598107                         Pseudo R2     = 0.0772

----------------------------------------------------------------------------------------------
                             |               Robust
                   permanent | Odds ratio   std. err.      z    P>|z|     [95% conf. interval]
-----------------------------+----------------------------------------------------------------
                         act |
        manufactures, prim.  |   3.938364   .6049734     8.92   0.000      2.91449    5.321931
     extractive and energy.  |   5.970713   .8742913    12.20   0.000     4.481101    7.955502
         manufactures, sec.  |     6.3712   .9749266    12.10   0.000       4.7203    8.599493
               construction  |   1.776043   .2535483     4.02   0.000     1.342566    2.349477
      hospitality and sales  |   2.762381   .3710952     7.56   0.000     2.122922    3.594455
 Transport, storage and IT.  |   3.422287   .4832768     8.71   0.000     2.594862    4.513552
  Financial and prof. serv.  |   3.213671   .4490739     8.35   0.000     2.443744    4.226172
   Education and healthcare  |   2.493298   .3852693     5.91   0.000      1.84181    3.375231
             Other services  |   1.120308   .1961339     0.65   0.516     .7949067    1.578914
                             |
                         occ |
       white collar - prof.  |   1.308185   .1690875     2.08   0.038     1.015426    1.685349
white collar - tech. suport  |    2.20857   .2862212     6.11   0.000     1.713165    2.847235
       white collar - other  |   3.163043   .4758768     7.65   0.000     2.355281    4.247835
     blue collar - services  |   1.867727   .2474574     4.72   0.000     1.440578    2.421532
  blue collar - agriculture  |   1.150077   .2321936     0.69   0.489     .7742378     1.70836
     blue collar - artisans  |   1.388907   .1810983     2.52   0.012     1.075687    1.793332
       blue collar - equip.  |   1.341761   .1808008     2.18   0.029     1.030331    1.747325
                  unskilled  |    1.01581   .1418509     0.11   0.911     .7725877    1.335601
                             |
              public_servant |   1.626577   .1766415     4.48   0.000      1.31473    2.012392
                   parent_10 |   1.250993   .0865959     3.24   0.001     1.092278     1.43277
                     married |   1.304795   .1095012     3.17   0.002     1.106898    1.538073
           married_parent_10 |   .8824966   .0955759    -1.15   0.248     .7137177    1.091188
                    divorced |   1.117295   .1382255     0.90   0.370     .8767221    1.423881
                     widowed |   4.964285   3.366056     2.36   0.018     1.314303    18.75071
                   part_time |   .7184054   .0740171    -3.21   0.001     .5870439    .8791613
                        erte |   1.190589   .1516861     1.37   0.171     .9275025      1.5283
                     college |   1.509229   .0869109     7.15   0.000     1.348148    1.689556
                       _cons |   .2170716   .0382385    -8.67   0.000     .1536946    .3065825
----------------------------------------------------------------------------------------------
Note: _cons estimates baseline odds.

Logistic regression                                     Number of obs = 12,534
                                                        Wald chi2(26) = 860.91
                                                        Prob > chi2   = 0.0000
Log pseudolikelihood = -3346073.8                       Pseudo R2     = 0.0858

----------------------------------------------------------------------------------------------
                             |               Robust
                   permanent | Odds ratio   std. err.      z    P>|z|     [95% conf. interval]
-----------------------------+----------------------------------------------------------------
                         act |
        manufactures, prim.  |   3.726694   .6282713     7.80   0.000     2.678073    5.185911
     extractive and energy.  |   4.991944   .7786409    10.31   0.000     3.677052    6.777034
         manufactures, sec.  |   5.743644   .9208367    10.90   0.000      4.19489    7.864199
               construction  |   1.657399   .2452215     3.41   0.001     1.240187    2.214967
      hospitality and sales  |   3.119636   .4346494     8.17   0.000     2.374152    4.099201
 Transport, storage and IT.  |   3.594086   .5272287     8.72   0.000     2.696019    4.791309
  Financial and prof. serv.  |   2.991794   .4335258     7.56   0.000     2.252104    3.974432
   Education and healthcare  |   1.819069   .2970156     3.66   0.000     1.320887    2.505142
             Other services  |   1.869562   .3451952     3.39   0.001      1.30189     2.68476
                             |
                         occ |
       white collar - prof.  |   1.679004   .2323312     3.74   0.000     1.280169    2.202096
white collar - tech. suport  |   2.430799   .3351936     6.44   0.000     1.855125    3.185114
       white collar - other  |    3.47289   .5599239     7.72   0.000     2.531945    4.763518
     blue collar - services  |   1.990251   .2827874     4.84   0.000     1.506481    2.629371
  blue collar - agriculture  |   1.112217   .2441432     0.48   0.628     .7233392    1.710161
     blue collar - artisans  |   1.668232   .2345291     3.64   0.000     1.266456     2.19747
       blue collar - equip.  |   1.573261   .2301857     3.10   0.002     1.181029    2.095758
                  unskilled  |   1.078891   .1648246     0.50   0.619     .7997189    1.455517
                             |
              public_servant |   2.060337   .2417938     6.16   0.000     1.636983    2.593177
                   parent_10 |   1.447985   .1075037     4.99   0.000     1.251894     1.67479
                     married |   1.069081     .09223     0.77   0.439     .9027703     1.26603
           married_parent_10 |   1.099923   .1252803     0.84   0.403     .8798549    1.375034
                    divorced |   1.417566   .2021267     2.45   0.014     1.071946    1.874622
                     widowed |   1.490479   1.140929     0.52   0.602     .3324678    6.681929
                   part_time |   .5022041   .0574618    -6.02   0.000      .401316    .6284548
                        erte |   .8196269   .2308972    -0.71   0.480      .471872    1.423667
                     college |   1.631976   .1085069     7.37   0.000      1.43258    1.859124
                       _cons |   .1943237   .0368094    -8.65   0.000     .1340567    .2816846
----------------------------------------------------------------------------------------------
Note: _cons estimates baseline odds.

Logistic regression                                     Number of obs = 11,588
                                                        Wald chi2(26) = 733.44
                                                        Prob > chi2   = 0.0000
Log pseudolikelihood = -3222477.1                       Pseudo R2     = 0.0721

----------------------------------------------------------------------------------------------
                             |               Robust
                   permanent | Odds ratio   std. err.      z    P>|z|     [95% conf. interval]
-----------------------------+----------------------------------------------------------------
                         act |
        manufactures, prim.  |   5.512284   .9380043    10.03   0.000     3.948988    7.694445
     extractive and energy.  |   4.634184   .7775935     9.14   0.000     3.335384    6.438738
         manufactures, sec.  |   5.771699   .9577438    10.56   0.000     4.169242    7.990065
               construction  |   1.681244   .2531735     3.45   0.001     1.251558    2.258451
      hospitality and sales  |   2.893903   .4123066     7.46   0.000     2.188818    3.826117
 Transport, storage and IT.  |   2.764284   .4138645     6.79   0.000     2.061304    3.707007
  Financial and prof. serv.  |   2.552861   .3831335     6.24   0.000     1.902299    3.425907
   Education and healthcare  |   1.885391   .3118755     3.83   0.000     1.363322    2.607381
             Other services  |   1.456867   .2666228     2.06   0.040     1.017749    2.085447
                             |
                         occ |
       white collar - prof.  |   1.819402   .2702686     4.03   0.000     1.359829    2.434294
white collar - tech. suport  |   2.596547   .3878923     6.39   0.000      1.93748    3.479808
       white collar - other  |   4.103131   .7488837     7.73   0.000     2.869183    5.867764
     blue collar - services  |   1.984379   .2976416     4.57   0.000     1.478941    2.662553
  blue collar - agriculture  |   1.102834   .2398304     0.45   0.653      .720115    1.688958
     blue collar - artisans  |   1.782842    .267579     3.85   0.000     1.328494    2.392577
       blue collar - equip.  |   2.024944   .3131042     4.56   0.000     1.495537    2.741757
                  unskilled  |   1.112997   .1779816     0.67   0.503     .8135352    1.522689
                             |
              public_servant |   1.732724   .2026113     4.70   0.000     1.377832    2.179025
                   parent_10 |   1.215598   .0936852     2.53   0.011     1.045174    1.413812
                     married |   1.334939   .1269936     3.04   0.002     1.107863    1.608558
           married_parent_10 |   .7908479   .0974571    -1.90   0.057     .6211528    1.006903
                    divorced |   1.100296   .1658822     0.63   0.526      .818806    1.478556
                     widowed |   .5477183   .3167726    -1.04   0.298     .1763052    1.701568
                   part_time |   .5717132   .0690468    -4.63   0.000     .4512084    .7244014
                        erte |   .1879643   .2492354    -1.26   0.207     .0139767    2.527813
                     college |   1.415329   .0969267     5.07   0.000     1.237554    1.618642
                       _cons |   .2633181   .0506519    -6.94   0.000     .1806107    .3838999
----------------------------------------------------------------------------------------------
Note: _cons estimates baseline odds.
