
. * Women
. forvalues i=186/201{ 
  2.         eststo: logistic permanent i.act i.occ public_servant parent married married_parent divorced    widowed part_time erte age college tenure if ciclo==`i'&mil
> i==0&prime_aged&woman==1 [pw=factorel], vce(robust)
  3. }

Logistic regression                                    Number of obs =  15,390
                                                       Wald chi2(28) = 1258.28
                                                       Prob > chi2   =  0.0000
Log pseudolikelihood = -2608217.7                      Pseudo R2     =  0.1566

----------------------------------------------------------------------------------------------
                             |               Robust
                   permanent | Odds ratio   std. err.      z    P>|z|     [95% conf. interval]
-----------------------------+----------------------------------------------------------------
                         act |
        manufactures, prim.  |   11.82263   3.228273     9.05   0.000     6.922865    20.19027
     extractive and energy.  |   16.44195   4.728092     9.74   0.000      9.35792    28.88864
         manufactures, sec.  |    11.1227   3.199633     8.37   0.000     6.329186    19.54667
               construction  |   7.865232   2.460316     6.59   0.000     4.260376    14.52028
      hospitality and sales  |   6.888352   1.644881     8.08   0.000     4.313755    10.99956
 Transport, storage and IT.  |   11.30259   2.971407     9.22   0.000     6.751503     18.9215
  Financial and prof. serv.  |   6.450391   1.542383     7.80   0.000     4.036931    10.30673
   Education and healthcare  |   8.197904   1.995396     8.64   0.000     5.087656    13.20955
             Other services  |   8.033793   1.932212     8.66   0.000     5.014154    12.87193
                             |
                         occ |
       white collar - prof.  |    1.75736   .2654236     3.73   0.000      1.30707    2.362774
white collar - tech. suport  |   2.369293   .3813832     5.36   0.000      1.72823     3.24815
       white collar - other  |   3.805355   .5874297     8.66   0.000     2.811874    5.149849
     blue collar - services  |    1.88152   .2932078     4.06   0.000     1.386313     2.55362
  blue collar - agriculture  |   .5616405   .2204648    -1.47   0.142     .2602137    1.212235
     blue collar - artisans  |   .9419155   .2160246    -0.26   0.794     .6008861    1.476494
       blue collar - equip.  |   1.573998   .3404699     2.10   0.036     1.030105    2.405064
                  unskilled  |   2.758018    .450685     6.21   0.000      2.00218    3.799191
                             |
              public_servant |   .4337912   .0339811   -10.66   0.000     .3720504    .5057777
                      parent |   1.129253   .0812068     1.69   0.091     .9807979    1.300178
                     married |   1.088958   .0858422     1.08   0.280     .9330631    1.270899
              married_parent |   .8320924    .084605    -1.81   0.071     .6817476    1.015593
                    divorced |   1.167913    .105729     1.71   0.086     .9780311    1.394659
                     widowed |   1.222862   .3884347     0.63   0.526     .6561426    2.279064
                   part_time |   .8045803   .0426206    -4.10   0.000     .7252356    .8926058
                        erte |   .4810656   .5755089    -0.61   0.541     .0461205    5.017815
                         age |   .9843235   .0044814    -3.47   0.001     .9755793    .9931462
                     college |   1.289878   .0817125     4.02   0.000     1.139268    1.460399
                      tenure |   1.011972    .000416    28.95   0.000     1.011157    1.012788
                       _cons |   .0790414   .0254412    -7.88   0.000     .0420607    .1485363
----------------------------------------------------------------------------------------------
Note: _cons estimates baseline odds.
(est1 stored)
note: erte != 0 predicts success perfectly;
      erte omitted and 1 obs not used.


Logistic regression                                    Number of obs =  15,443
                                                       Wald chi2(27) = 1315.70
                                                       Prob > chi2   =  0.0000
Log pseudolikelihood = -2610481                        Pseudo R2     =  0.1661

----------------------------------------------------------------------------------------------
                             |               Robust
                   permanent | Odds ratio   std. err.      z    P>|z|     [95% conf. interval]
-----------------------------+----------------------------------------------------------------
                         act |
        manufactures, prim.  |   12.52952   3.496185     9.06   0.000     7.251348    21.64961
     extractive and energy.  |   13.43836   3.894208     8.97   0.000     7.615218    23.71428
         manufactures, sec.  |   10.99154   3.154349     8.35   0.000     6.262977    19.29017
               construction  |   6.187429   1.888849     5.97   0.000     3.401436    11.25533
      hospitality and sales  |   5.760492   1.387775     7.27   0.000      3.59248    9.236869
 Transport, storage and IT.  |   9.782362   2.569251     8.68   0.000     5.846329    16.36833
  Financial and prof. serv.  |    5.56347   1.342262     7.11   0.000     3.467225    8.927083
   Education and healthcare  |   6.852242   1.684809     7.83   0.000     4.231961    11.09491
             Other services  |   6.159015    1.50103     7.46   0.000     3.819994    9.930242
                             |
                         occ |
       white collar - prof.  |   1.680542   .2547639     3.42   0.001     1.248563    2.261978
white collar - tech. suport  |   2.260655   .3626397     5.08   0.000     1.650783     3.09584
       white collar - other  |   3.818141   .5869091     8.72   0.000     2.824937    5.160541
     blue collar - services  |    1.85608   .2880321     3.99   0.000     1.369319    2.515873
  blue collar - agriculture  |   .5928509   .2442104    -1.27   0.204     .2644319    1.329159
     blue collar - artisans  |   .6623085   .1532752    -1.78   0.075     .4207948    1.042438
       blue collar - equip.  |   1.269956   .2730467     1.11   0.266     .8332515    1.935535
                  unskilled  |   2.461488   .3997491     5.55   0.000     1.790447    3.384029
                             |
              public_servant |   .3946631   .0313886   -11.69   0.000     .3376978    .4612376
                      parent |   1.034214   .0761008     0.46   0.648     .8953163    1.194661
                     married |   .9390924   .0736178    -0.80   0.423     .8053423    1.095056
              married_parent |   .9693952   .0993739    -0.30   0.762     .7929452     1.18511
                    divorced |   1.066833   .0998374     0.69   0.489     .8880524    1.281606
                     widowed |   1.075449   .4237416     0.18   0.854     .4968263    2.327956
                   part_time |    .829759   .0458332    -3.38   0.001     .7446193    .9246334
                        erte |          1  (omitted)
                         age |   .9827722   .0044624    -3.83   0.000     .9740648    .9915574
                     college |   1.344372   .0850459     4.68   0.000     1.187604    1.521833
                      tenure |   1.012638   .0004312    29.49   0.000     1.011793    1.013484
                       _cons |   .1038882   .0336303    -7.00   0.000     .0550831    .1959359
----------------------------------------------------------------------------------------------
Note: _cons estimates baseline odds.
(est2 stored)
note: erte != 0 predicts success perfectly;
      erte omitted and 1 obs not used.


Logistic regression                                    Number of obs =  15,261
                                                       Wald chi2(27) = 1355.95
                                                       Prob > chi2   =  0.0000
Log pseudolikelihood = -2577931.5                      Pseudo R2     =  0.1669

----------------------------------------------------------------------------------------------
                             |               Robust
                   permanent | Odds ratio   std. err.      z    P>|z|     [95% conf. interval]
-----------------------------+----------------------------------------------------------------
                         act |
        manufactures, prim.  |   7.146277   1.923568     7.31   0.000      4.21659    12.11151
     extractive and energy.  |   10.94389   3.239194     8.08   0.000      6.12677    19.54844
         manufactures, sec.  |   7.949881   2.259794     7.29   0.000     4.554097    13.87775
               construction  |   5.193927   1.598823     5.35   0.000      2.84102    9.495491
      hospitality and sales  |   4.401685   1.053045     6.19   0.000     2.754104    7.034895
 Transport, storage and IT.  |   6.871702   1.820404     7.28   0.000     4.088555    11.54938
  Financial and prof. serv.  |   4.166883   1.002988     5.93   0.000     2.599699    6.678816
   Education and healthcare  |    4.96154   1.213658     6.55   0.000      3.07186    8.013673
             Other services  |   5.009356   1.217029     6.63   0.000     3.111583    8.064591
                             |
                         occ |
       white collar - prof.  |   1.773358   .2786144     3.65   0.000     1.303356    2.412846
white collar - tech. suport  |    2.59892   .4335702     5.73   0.000     1.874086    3.604096
       white collar - other  |    3.47891   .5511944     7.87   0.000     2.550233    4.745769
     blue collar - services  |   1.729262   .2742909     3.45   0.001     1.267201    2.359805
  blue collar - agriculture  |   .4602402   .2010158    -1.78   0.076     .1955291    1.083322
     blue collar - artisans  |   1.005383   .2332343     0.02   0.982     .6380654    1.584156
       blue collar - equip.  |   1.656794   .3596889     2.33   0.020     1.082613    2.535501
                  unskilled  |   2.150817     .35299     4.67   0.000     1.559211    2.966892
                             |
              public_servant |   .4110451   .0329618   -11.09   0.000     .3512622    .4810028
                      parent |   .9830098   .0707367    -0.24   0.812     .8537014    1.131904
                     married |   .9049175   .0720777    -1.25   0.210     .7741228    1.057811
              married_parent |   1.121097   .1151975     1.11   0.266     .9165971    1.371222
                    divorced |   1.211914   .1116754     2.09   0.037     1.011662    1.451805
                     widowed |   .8897233   .3416911    -0.30   0.761     .4191388    1.888652
                   part_time |   .8905746    .050581    -2.04   0.041     .7967563    .9954401
                        erte |          1  (omitted)
                         age |   .9755869   .0044705    -5.39   0.000     .9668642    .9843884
                     college |   1.254349   .0789594     3.60   0.000     1.108758    1.419059
                      tenure |   1.013241   .0004278    31.15   0.000     1.012403     1.01408
                       _cons |   .1789817   .0587076    -5.25   0.000     .0941038    .3404163
----------------------------------------------------------------------------------------------
Note: _cons estimates baseline odds.
(est3 stored)
note: erte omitted because of collinearity.

Logistic regression                                    Number of obs =  15,327
                                                       Wald chi2(27) = 1362.16
                                                       Prob > chi2   =  0.0000
Log pseudolikelihood = -2612055.4                      Pseudo R2     =  0.1644

----------------------------------------------------------------------------------------------
                             |               Robust
                   permanent | Odds ratio   std. err.      z    P>|z|     [95% conf. interval]
-----------------------------+----------------------------------------------------------------
                         act |
        manufactures, prim.  |   8.155992   2.467399     6.94   0.000     4.507816    14.75663
     extractive and energy.  |    12.1804   3.884572     7.84   0.000     6.519229    22.75761
         manufactures, sec.  |   8.715315   2.778547     6.79   0.000     4.665625    16.28007
               construction  |   9.136514   3.157566     6.40   0.000     4.640945    17.98683
      hospitality and sales  |   5.580849   1.547216     6.20   0.000     3.241275     9.60914
 Transport, storage and IT.  |   8.383596   2.516678     7.08   0.000      4.65487    15.09917
  Financial and prof. serv.  |   4.958735   1.380816     5.75   0.000     2.873056      8.5585
   Education and healthcare  |   6.124506   1.722103     6.45   0.000     3.529622    10.62708
             Other services  |   5.659285   1.585858     6.19   0.000     3.267653    9.801381
                             |
                         occ |
       white collar - prof.  |    1.73085   .2587007     3.67   0.000     1.291324    2.319979
white collar - tech. suport  |    2.77035   .4408377     6.40   0.000     2.028081    3.784285
       white collar - other  |   3.954326   .6030181     9.02   0.000     2.932701     5.33184
     blue collar - services  |   1.771266   .2693848     3.76   0.000     1.314704     2.38638
  blue collar - agriculture  |    .457595    .208971    -1.71   0.087     .1869653    1.119957
     blue collar - artisans  |    1.00695   .2342566     0.03   0.976     .6382408    1.588661
       blue collar - equip.  |   1.759887   .3772406     2.64   0.008      1.15618    2.678823
                  unskilled  |   2.237802   .3535497     5.10   0.000     1.641877     3.05002
                             |
              public_servant |   .4165208   .0335233   -10.88   0.000     .3557365    .4876911
                      parent |   .9852011    .071473    -0.21   0.837       .85462    1.135734
                     married |   1.023554   .0836705     0.28   0.776     .8720252    1.201413
              married_parent |   .9762146   .1024469    -0.23   0.819     .7947265    1.199148
                    divorced |   1.076413   .1002922     0.79   0.429     .8967473    1.292074
                     widowed |   1.062739   .3551409     0.18   0.856     .5520472    2.045865
                   part_time |   .8164582   .0455365    -3.64   0.000     .7319133     .910769
                        erte |          1  (omitted)
                         age |   .9772708   .0045523    -4.94   0.000     .9683891    .9862339
                     college |   1.187565   .0747208     2.73   0.006     1.049785    1.343428
                      tenure |   1.012821   .0004169    30.95   0.000     1.012004    1.013638
                       _cons |   .1428266   .0503376    -5.52   0.000     .0715835    .2849741
----------------------------------------------------------------------------------------------
Note: _cons estimates baseline odds.
(est4 stored)

Logistic regression                                    Number of obs =  14,638
                                                       Wald chi2(28) = 1310.32
                                                       Prob > chi2   =  0.0000
Log pseudolikelihood = -2588601.5                      Pseudo R2     =  0.1548

----------------------------------------------------------------------------------------------
                             |               Robust
                   permanent | Odds ratio   std. err.      z    P>|z|     [95% conf. interval]
-----------------------------+----------------------------------------------------------------
                         act |
        manufactures, prim.  |   9.911784   2.650062     8.58   0.000     5.869087    16.73914
     extractive and energy.  |   17.45651   5.136172     9.72   0.000      9.80644    31.07447
         manufactures, sec.  |   9.283813   2.644252     7.82   0.000     5.312315    16.22441
               construction  |   9.296317   2.860222     7.25   0.000     5.086506    16.99035
      hospitality and sales  |   7.212951   1.746659     8.16   0.000     4.487345    11.59409
 Transport, storage and IT.  |   9.910622   2.650246     8.58   0.000     5.867825    16.73881
  Financial and prof. serv.  |   6.077383   1.478862     7.42   0.000     3.772128    9.791445
   Education and healthcare  |    7.71262   1.904752     8.27   0.000     4.753182    12.51467
             Other services  |   6.265786   1.539242     7.47   0.000     3.871425    10.14099
                             |
                         occ |
       white collar - prof.  |   1.594871   .2351451     3.17   0.002     1.194609    2.129243
white collar - tech. suport  |   2.179119    .344338     4.93   0.000     1.598735    2.970197
       white collar - other  |    3.89708   .5888339     9.00   0.000     2.898185    5.240258
     blue collar - services  |   1.604295   .2437492     3.11   0.002     1.191123    2.160787
  blue collar - agriculture  |   .6847613    .293776    -0.88   0.377     .2953637    1.587528
     blue collar - artisans  |   1.015547   .2224667     0.07   0.944     .6610512    1.560146
       blue collar - equip.  |   2.046527   .4349771     3.37   0.001     1.349272    3.104097
                  unskilled  |   2.319381   .3683308     5.30   0.000     1.699012    3.166269
                             |
              public_servant |    .430642   .0360202   -10.07   0.000     .3655268    .5073568
                      parent |    .994876   .0755048    -0.07   0.946     .8573697    1.154436
                     married |   .8978681    .076048    -1.27   0.203     .7605315    1.060005
              married_parent |   1.025925   .1113218     0.24   0.814     .8293786    1.269049
                    divorced |   1.045963   .1020728     0.46   0.645     .8638724    1.266434
                     widowed |   .8176923    .283336    -0.58   0.561     .4146128    1.612639
                   part_time |   .8960948   .0527078    -1.87   0.062     .7985217    1.005591
                        erte |   2.030351   .5358661     2.68   0.007     1.210362    3.405861
                         age |   .9794296    .004768    -4.27   0.000     .9701289    .9888195
                     college |    1.25188   .0821836     3.42   0.001     1.100735    1.423778
                      tenure |   1.011973   .0004203    28.66   0.000     1.011149    1.012797
                       _cons |   .1209526   .0394033    -6.48   0.000     .0638727    .2290419
----------------------------------------------------------------------------------------------
Note: _cons estimates baseline odds.
(est5 stored)

Logistic regression                                    Number of obs =  13,137
                                                       Wald chi2(28) = 1261.56
                                                       Prob > chi2   =  0.0000
Log pseudolikelihood = -2375712.6                      Pseudo R2     =  0.1637

----------------------------------------------------------------------------------------------
                             |               Robust
                   permanent | Odds ratio   std. err.      z    P>|z|     [95% conf. interval]
-----------------------------+----------------------------------------------------------------
                         act |
        manufactures, prim.  |   10.41258   2.927561     8.33   0.000     6.001197     18.0667
     extractive and energy.  |    14.6699   4.470975     8.81   0.000     8.072435    26.65935
         manufactures, sec.  |   10.27525   3.160096     7.58   0.000     5.623541    18.77477
               construction  |   9.169412   3.023529     6.72   0.000     4.804693    17.49917
      hospitality and sales  |   6.156666   1.542185     7.26   0.000     3.768147     10.0592
 Transport, storage and IT.  |    8.23572   2.287775     7.59   0.000     4.778032    14.19561
  Financial and prof. serv.  |   5.169406   1.291025     6.58   0.000     3.168536    8.433788
   Education and healthcare  |   6.821213   1.733883     7.55   0.000     4.144717    11.22609
             Other services  |   4.929282   1.255832     6.26   0.000     2.991736    8.121647
                             |
                         occ |
       white collar - prof.  |   1.436644   .2145701     2.43   0.015     1.072058    1.925221
white collar - tech. suport  |   2.209821   .3548858     4.94   0.000      1.61309    3.027301
       white collar - other  |   4.271157    .667026     9.30   0.000     3.144948    5.800662
     blue collar - services  |   1.559745   .2468652     2.81   0.005     1.143751     2.12704
  blue collar - agriculture  |   .3952703   .1781668    -2.06   0.039     .1633871    .9562479
     blue collar - artisans  |   .6966361   .1540749    -1.63   0.102     .4515916    1.074648
       blue collar - equip.  |   1.725023   .3927925     2.39   0.017     1.104012    2.695354
                  unskilled  |    2.68161   .4502173     5.88   0.000     1.929687    3.726529
                             |
              public_servant |    .437556   .0382724    -9.45   0.000     .3686213    .5193821
                      parent |   .9744387   .0801581    -0.31   0.753     .8293426     1.14492
                     married |   .8955387   .0817956    -1.21   0.227     .7487527    1.071101
              married_parent |   1.019687   .1191475     0.17   0.867     .8109734    1.282117
                    divorced |   1.068458   .1134869     0.62   0.533     .8676545    1.315735
                     widowed |   1.008907   .4347065     0.02   0.984      .433606    2.347509
                   part_time |   .9138451    .059308    -1.39   0.165     .8046927    1.037803
                        erte |   2.046177   .1831271     8.00   0.000     1.716971    2.438503
                         age |   .9793138   .0050856    -4.03   0.000     .9693967    .9893323
                     college |   1.276946   .0936198     3.33   0.001     1.106029    1.474276
                      tenure |    1.01197   .0004437    27.14   0.000     1.011101     1.01284
                       _cons |   .1366097   .0466935    -5.82   0.000     .0699099    .2669464
----------------------------------------------------------------------------------------------
Note: _cons estimates baseline odds.
(est6 stored)

Logistic regression                                    Number of obs =  13,312
                                                       Wald chi2(28) = 1239.44
                                                       Prob > chi2   =  0.0000
Log pseudolikelihood = -2445112.4                      Pseudo R2     =  0.1605

----------------------------------------------------------------------------------------------
                             |               Robust
                   permanent | Odds ratio   std. err.      z    P>|z|     [95% conf. interval]
-----------------------------+----------------------------------------------------------------
                         act |
        manufactures, prim.  |     6.9593   2.081156     6.49   0.000     3.872724    12.50589
     extractive and energy.  |   9.882778    3.00413     7.54   0.000     5.446707    17.93181
         manufactures, sec.  |   9.579468   3.047873     7.10   0.000     5.134722     17.8717
               construction  |    6.30605    2.09415     5.55   0.000     3.289163    12.09009
      hospitality and sales  |   4.831617   1.275449     5.97   0.000         2.88    8.105735
 Transport, storage and IT.  |     7.4846   2.189502     6.88   0.000     4.218549    13.27927
  Financial and prof. serv.  |   3.806361   1.008582     5.04   0.000      2.26446    6.398163
   Education and healthcare  |   5.273521   1.409869     6.22   0.000      3.12272    8.905704
             Other services  |   4.303248   1.158087     5.42   0.000     2.539345    7.292411
                             |
                         occ |
       white collar - prof.  |   1.454491    .215643     2.53   0.012     1.087706    1.944958
white collar - tech. suport  |   2.569971   .4117015     5.89   0.000      1.87745    3.517938
       white collar - other  |   3.432337   .5258435     8.05   0.000     2.542047     4.63443
     blue collar - services  |    1.38252   .2137809     2.09   0.036     1.021055    1.871948
  blue collar - agriculture  |   .3901372    .194974    -1.88   0.060     .1464951    1.038991
     blue collar - artisans  |    .938519   .2131326    -0.28   0.780     .6013673    1.464692
       blue collar - equip.  |    1.29073   .2944545     1.12   0.263     .8253742    2.018461
                  unskilled  |   2.069278   .3383222     4.45   0.000     1.501929    2.850942
                             |
              public_servant |   .3924964   .0346811   -10.58   0.000     .3300831    .4667111
                      parent |   .9938699   .0808726    -0.08   0.940     .8473563    1.165717
                     married |   .8932616   .0796168    -1.27   0.205     .7500853    1.063767
              married_parent |   1.085881   .1252292     0.71   0.475     .8661985    1.361279
                    divorced |   1.052446   .1101462     0.49   0.625     .8572654    1.292065
                     widowed |   .8250462   .3425357    -0.46   0.643     .3656651    1.861543
                   part_time |   .9211854   .0602025    -1.26   0.209     .8104351     1.04707
                        erte |   2.176895   .4614468     3.67   0.000     1.436826    3.298153
                         age |   .9756077   .0050742    -4.75   0.000     .9657131    .9856038
                     college |   1.201938   .0851567     2.60   0.009     1.046104    1.380985
                      tenure |   1.012399   .0004303    28.99   0.000     1.011556    1.013243
                       _cons |   .2273457   .0799461    -4.21   0.000       .11412    .4529098
----------------------------------------------------------------------------------------------
Note: _cons estimates baseline odds.
(est7 stored)

Logistic regression                                    Number of obs =  13,404
                                                       Wald chi2(28) = 1138.75
                                                       Prob > chi2   =  0.0000
Log pseudolikelihood = -2508053.5                      Pseudo R2     =  0.1581

----------------------------------------------------------------------------------------------
                             |               Robust
                   permanent | Odds ratio   std. err.      z    P>|z|     [95% conf. interval]
-----------------------------+----------------------------------------------------------------
                         act |
        manufactures, prim.  |   7.663145   1.980471     7.88   0.000     4.617657    12.71723
     extractive and energy.  |   9.321185    2.49484     8.34   0.000      5.51626    15.75062
         manufactures, sec.  |   8.672078   2.405847     7.79   0.000     5.034763    14.93714
               construction  |   6.682492   2.083105     6.09   0.000     3.627413    12.31062
      hospitality and sales  |    5.72576   1.275497     7.83   0.000     3.700117    8.860349
 Transport, storage and IT.  |   8.011652   2.038095     8.18   0.000      4.86613    13.19047
  Financial and prof. serv.  |   4.370324    .968691     6.65   0.000     2.830369    6.748141
   Education and healthcare  |   5.278643   1.192734     7.36   0.000     3.389919    8.219687
             Other services  |   5.139864    1.17314     7.17   0.000     3.286022     8.03957
                             |
                         occ |
       white collar - prof.  |   1.201243   .1837918     1.20   0.231     .8900124     1.62131
white collar - tech. suport  |   2.127199   .3487824     4.60   0.000     1.542561    2.933417
       white collar - other  |   2.518609   .3962103     5.87   0.000     1.850358    3.428199
     blue collar - services  |   1.092646   .1740429     0.56   0.578      .799641    1.493013
  blue collar - agriculture  |   .5250541   .2062351    -1.64   0.101     .2431432    1.133825
     blue collar - artisans  |   .6686206   .1549111    -1.74   0.082     .4245873    1.052913
       blue collar - equip.  |   .9019495   .1951698    -0.48   0.633     .5901924    1.378386
                  unskilled  |   1.351062    .225865     1.80   0.072     .9735871    1.874889
                             |
              public_servant |   .4287496   .0367892    -9.87   0.000     .3623813     .507273
                      parent |   .9833642    .076886    -0.21   0.830     .8436489    1.146218
                     married |   .9521778   .0855914    -0.55   0.586     .7983686    1.135619
              married_parent |   1.012035   .1159474     0.10   0.917     .8084899    1.266825
                    divorced |   1.184598   .1191635     1.68   0.092     .9726246    1.442769
                     widowed |   .8450821   .3029919    -0.47   0.639     .4185169    1.706416
                   part_time |   .8024176   .0507497    -3.48   0.001     .7088679     .908313
                        erte |   2.121466   .5507486     2.90   0.004     1.275434    3.528698
                         age |   .9727177   .0050424    -5.34   0.000     .9628848     .982651
                     college |   1.162083   .0812551     2.15   0.032     1.013257    1.332769
                      tenure |   1.011921   .0004389    27.32   0.000     1.011061    1.012781
                       _cons |   .3136725    .100528    -3.62   0.000     .1673699    .5878623
----------------------------------------------------------------------------------------------
Note: _cons estimates baseline odds.
(est8 stored)

Logistic regression                                    Number of obs =  12,810
                                                       Wald chi2(28) = 1141.73
                                                       Prob > chi2   =  0.0000
Log pseudolikelihood = -2494917.3                      Pseudo R2     =  0.1541

----------------------------------------------------------------------------------------------
                             |               Robust
                   permanent | Odds ratio   std. err.      z    P>|z|     [95% conf. interval]
-----------------------------+----------------------------------------------------------------
                         act |
        manufactures, prim.  |   11.99299   3.442791     8.65   0.000     6.832434    21.05132
     extractive and energy.  |   11.64718   3.548179     8.06   0.000     6.410799    21.16068
         manufactures, sec.  |   12.40652   3.898344     8.01   0.000     6.701745    22.96743
               construction  |    6.98288   2.375707     5.71   0.000     3.584592    13.60283
      hospitality and sales  |   7.199944   1.795034     7.92   0.000     4.416865    11.73665
 Transport, storage and IT.  |   10.86717   3.037326     8.54   0.000     6.283615    18.79419
  Financial and prof. serv.  |   5.528382   1.364762     6.93   0.000      3.40774    8.968704
   Education and healthcare  |   6.441387   1.622602     7.39   0.000     3.931512    10.55357
             Other services  |   6.890463   1.751611     7.59   0.000     4.186646    11.34046
                             |
                         occ |
       white collar - prof.  |   1.192085    .185969     1.13   0.260      .878046    1.618443
white collar - tech. suport  |    1.88623   .3177056     3.77   0.000     1.355886    2.624014
       white collar - other  |   2.452867   .3976961     5.53   0.000     1.785107    3.370417
     blue collar - services  |   1.034514   .1685923     0.21   0.835      .751654    1.423818
  blue collar - agriculture  |    .370314   .1447488    -2.54   0.011     .1721279    .7966892
     blue collar - artisans  |    .600466   .1462006    -2.09   0.036     .3725968    .9676932
       blue collar - equip.  |   .9195109    .214892    -0.36   0.720     .5816061    1.453734
                  unskilled  |   1.506839     .26216     2.36   0.018     1.071457    2.119137
                             |
              public_servant |   .4264281   .0379621    -9.57   0.000     .3581533    .5077181
                      parent |   .9142644   .0765524    -1.07   0.284     .7758893    1.077318
                     married |   .8986147   .0841837    -1.14   0.254     .7478794    1.079731
              married_parent |   1.149512    .138662     1.16   0.248     .9074769      1.4561
                    divorced |   1.130011   .1163137     1.19   0.235     .9235641    1.382605
                     widowed |   .6867603   .2151958    -1.20   0.230     .3716053    1.269195
                   part_time |     .81189   .0517738    -3.27   0.001     .7165006    .9199789
                        erte |   4.320312   1.082697     5.84   0.000     2.643618    7.060436
                         age |   .9811249   .0054045    -3.46   0.001     .9705893    .9917748
                     college |   1.110382    .081861     1.42   0.156     .9609902    1.282997
                      tenure |   1.011154   .0004253    26.37   0.000     1.010321    1.011988
                       _cons |   .2053417   .0709326    -4.58   0.000     .1043376    .4041229
----------------------------------------------------------------------------------------------
Note: _cons estimates baseline odds.
(est9 stored)

Logistic regression                                    Number of obs =  12,548
                                                       Wald chi2(28) = 1091.23
                                                       Prob > chi2   =  0.0000
Log pseudolikelihood = -2565078.5                      Pseudo R2     =  0.1643

----------------------------------------------------------------------------------------------
                             |               Robust
                   permanent | Odds ratio   std. err.      z    P>|z|     [95% conf. interval]
-----------------------------+----------------------------------------------------------------
                         act |
        manufactures, prim.  |   8.910763   2.422623     8.05   0.000     5.229902    15.18225
     extractive and energy.  |   10.85771   3.072873     8.43   0.000      6.23501    18.90773
         manufactures, sec.  |   7.890715   2.305336     7.07   0.000     4.450727    13.98949
               construction  |   5.152083   1.608456     5.25   0.000     2.794099    9.500007
      hospitality and sales  |     5.4945   1.242037     7.54   0.000     3.527876    8.557425
 Transport, storage and IT.  |   7.353169   1.905746     7.70   0.000     4.424516    12.22034
  Financial and prof. serv.  |   4.954024   1.119295     7.08   0.000     3.181563     7.71393
   Education and healthcare  |   4.803868   1.104457     6.83   0.000     3.061198      7.5386
             Other services  |   4.642011    1.07097     6.65   0.000     2.953407     7.29607
                             |
                         occ |
       white collar - prof.  |   1.444928   .2549478     2.09   0.037     1.022486    2.041902
white collar - tech. suport  |   1.968822   .3713604     3.59   0.000     1.360355    2.849447
       white collar - other  |   2.880829   .5177693     5.89   0.000     2.025497    4.097352
     blue collar - services  |    1.14993   .2073397     0.77   0.438     .8075967    1.637377
  blue collar - agriculture  |   .2873024   .1179203    -3.04   0.002     .1285205    .6422528
     blue collar - artisans  |   .8049645   .2084499    -0.84   0.402     .4845666    1.337211
       blue collar - equip.  |     1.1557   .2915089     0.57   0.566     .7049228    1.894736
                  unskilled  |   1.558146   .2967738     2.33   0.020     1.072712    2.263253
                             |
              public_servant |   .3948787   .0368605    -9.95   0.000     .3288571    .4741549
                      parent |   .8079423   .0669978    -2.57   0.010     .6867447    .9505289
                     married |   .7808048   .0770838    -2.51   0.012     .6434411    .9474932
              married_parent |   1.407723   .1740693     2.77   0.006     1.104748    1.793787
                    divorced |   1.043862   .1108555     0.40   0.686     .8477107    1.285401
                     widowed |   .8636437   .2980437    -0.42   0.671     .4391215    1.698574
                   part_time |   .7638984   .0501274    -4.10   0.000      .671706    .8687442
                        erte |   1.924571   .5578371     2.26   0.024     1.090468    3.396681
                         age |   .9806464   .0055775    -3.44   0.001     .9697755    .9916391
                     college |   1.118898   .0827268     1.52   0.129     .9679567    1.293376
                      tenure |   1.011926    .000453    26.48   0.000     1.011038    1.012814
                       _cons |   .2395988   .0827118    -4.14   0.000     .1217984    .4713329
----------------------------------------------------------------------------------------------
Note: _cons estimates baseline odds.
(est10 stored)

Logistic regression                                    Number of obs =  12,205
                                                       Wald chi2(28) = 1038.79
                                                       Prob > chi2   =  0.0000
Log pseudolikelihood = -2597800                        Pseudo R2     =  0.1632

----------------------------------------------------------------------------------------------
                             |               Robust
                   permanent | Odds ratio   std. err.      z    P>|z|     [95% conf. interval]
-----------------------------+----------------------------------------------------------------
                         act |
        manufactures, prim.  |   4.589089   1.418044     4.93   0.000     2.504392    8.409121
     extractive and energy.  |   5.753099   1.871944     5.38   0.000     3.040449    10.88594
         manufactures, sec.  |   4.523122   1.558376     4.38   0.000     2.302338    8.886023
               construction  |   2.832631   .9742004     3.03   0.002     1.443591    5.558221
      hospitality and sales  |   2.916057   .8199164     3.81   0.000     1.680587    5.059771
 Transport, storage and IT.  |   4.494801   1.376541     4.91   0.000     2.466201     8.19205
  Financial and prof. serv.  |   3.128217   .8839263     4.04   0.000     1.797946    5.442733
   Education and healthcare  |   3.222455    .921283     4.09   0.000     1.840063    5.643401
             Other services  |   2.924509   .8489099     3.70   0.000      1.65566    5.165768
                             |
                         occ |
       white collar - prof.  |    2.07962   .3950229     3.85   0.000     1.433173    3.017653
white collar - tech. suport  |   2.732994   .5461325     5.03   0.000     1.847326     4.04328
       white collar - other  |   4.089588    .779723     7.39   0.000     2.814421    5.942513
     blue collar - services  |   1.559185   .2982875     2.32   0.020     1.071654    2.268511
  blue collar - agriculture  |   .3028248   .1627141    -2.22   0.026     .1056387    .8680803
     blue collar - artisans  |   .8990875   .2347618    -0.41   0.684      .538944    1.499893
       blue collar - equip.  |   1.764859   .4460276     2.25   0.025     1.075446    2.896221
                  unskilled  |    1.75042   .3477709     2.82   0.005     1.185842    2.583793
                             |
              public_servant |   .3414036   .0340529   -10.77   0.000       .28078    .4151166
                      parent |   .8268355   .0702247    -2.24   0.025     .7000435    .9765922
                     married |   .9989388   .1003387    -0.01   0.992     .8204265    1.216293
              married_parent |   1.087809   .1379026     0.66   0.507      .848487    1.394634
                    divorced |   1.124669   .1142321     1.16   0.247     .9216558    1.372401
                     widowed |   2.068613   1.011347     1.49   0.137     .7934619    5.393024
                   part_time |   .8328719   .0608673    -2.50   0.012     .7217243    .9611366
                        erte |   4.257063   2.885196     2.14   0.033     1.127753    16.06964
                         age |   .9813789   .0056502    -3.26   0.001     .9703669    .9925159
                     college |   1.117013   .0845429     1.46   0.144     .9630165    1.295635
                      tenure |   1.011889   .0004739    25.24   0.000      1.01096    1.012818
                       _cons |   .2737658     .10697    -3.32   0.001     .1272871    .5888083
----------------------------------------------------------------------------------------------
Note: _cons estimates baseline odds.
(est11 stored)

Logistic regression                                    Number of obs =  12,343
                                                       Wald chi2(28) = 1066.76
                                                       Prob > chi2   =  0.0000
Log pseudolikelihood = -2602529.8                      Pseudo R2     =  0.1669

----------------------------------------------------------------------------------------------
                             |               Robust
                   permanent | Odds ratio   std. err.      z    P>|z|     [95% conf. interval]
-----------------------------+----------------------------------------------------------------
                         act |
        manufactures, prim.  |   6.190779   1.610268     7.01   0.000     3.718274     10.3074
     extractive and energy.  |    10.1935   2.732949     8.66   0.000      6.02713    17.23997
         manufactures, sec.  |   7.044049   2.008911     6.85   0.000     4.027782    12.31909
               construction  |   4.690612   1.366316     5.31   0.000     2.650241    8.301828
      hospitality and sales  |   5.134533   1.090367     7.70   0.000     3.386415    7.785055
 Transport, storage and IT.  |   7.585304   1.881379     8.17   0.000     4.664981    12.33378
  Financial and prof. serv.  |   4.610541   .9802184     7.19   0.000     3.039367    6.993918
   Education and healthcare  |   4.803704   1.045736     7.21   0.000     3.135271    7.359993
             Other services  |   4.294125   .9478347     6.60   0.000      2.78606     6.61849
                             |
                         occ |
       white collar - prof.  |    1.70639   .3136244     2.91   0.004     1.190234    2.446381
white collar - tech. suport  |   2.190889   .4226813     4.07   0.000     1.501069    3.197717
       white collar - other  |   3.590247   .6623299     6.93   0.000     2.500889    5.154116
     blue collar - services  |   1.485976   .2759171     2.13   0.033     1.032667    2.138275
  blue collar - agriculture  |   .3155529   .1325301    -2.75   0.006     .1385394    .7187388
     blue collar - artisans  |    .960966   .2557475    -0.15   0.881     .5703912    1.618986
       blue collar - equip.  |   2.235604   .5963694     3.02   0.003     1.325344    3.771041
                  unskilled  |   1.858306    .361462     3.19   0.001     1.269255    2.720732
                             |
              public_servant |   .3725739   .0358974   -10.25   0.000     .3084603    .4500135
                      parent |     .81333   .0690608    -2.43   0.015     .6886369    .9606016
                     married |   .9125784   .0896279    -0.93   0.352     .7527839    1.106293
              married_parent |   1.213264   .1506564     1.56   0.120     .9511696    1.547579
                    divorced |   1.031813   .1100439     0.29   0.769     .8371807    1.271693
                     widowed |   2.817528   .9730475     3.00   0.003     1.431863     5.54415
                   part_time |   .8838161   .0612859    -1.78   0.075     .7715029    1.012479
                        erte |   5.031036   5.169353     1.57   0.116     .6715125    37.69301
                         age |    .983749   .0055707    -2.89   0.004     .9728909    .9947283
                     college |   1.280754   .0980502     3.23   0.001     1.102302    1.488096
                      tenure |    1.01215   .0004831    25.30   0.000     1.011204    1.013097
                       _cons |   .1631864   .0552255    -5.36   0.000      .084066    .3167726
----------------------------------------------------------------------------------------------
Note: _cons estimates baseline odds.
(est12 stored)
note: erte != 0 predicts success perfectly;
      erte omitted and 12 obs not used.


Logistic regression                                     Number of obs = 12,150
                                                        Wald chi2(27) = 996.83
                                                        Prob > chi2   = 0.0000
Log pseudolikelihood = -2594385.1                       Pseudo R2     = 0.1552

----------------------------------------------------------------------------------------------
                             |               Robust
                   permanent | Odds ratio   std. err.      z    P>|z|     [95% conf. interval]
-----------------------------+----------------------------------------------------------------
                         act |
        manufactures, prim.  |   5.108676   1.488214     5.60   0.000     2.886315    9.042174
     extractive and energy.  |   7.585692   2.250914     6.83   0.000     4.240499     13.5698
         manufactures, sec.  |   6.177065    1.88522     5.97   0.000     3.396239    11.23482
               construction  |   7.514414   2.482737     6.10   0.000     3.932431    14.35916
      hospitality and sales  |   3.903401   .9528188     5.58   0.000     2.419163    6.298269
 Transport, storage and IT.  |   5.440098   1.463772     6.29   0.000     3.210503    9.218077
  Financial and prof. serv.  |   3.532429   .8688792     5.13   0.000      2.18123    5.720649
   Education and healthcare  |   3.844403    .959032     5.40   0.000     2.357689     6.26861
             Other services  |   3.166974   .7927961     4.60   0.000     1.938926    5.172825
                             |
                         occ |
       white collar - prof.  |   1.490083   .2539912     2.34   0.019     1.066889     2.08114
white collar - tech. suport  |   1.886277   .3414543     3.51   0.000     1.322881    2.689615
       white collar - other  |   3.180774   .5499525     6.69   0.000     2.266527    4.463799
     blue collar - services  |   1.564777   .2698146     2.60   0.009      1.11604    2.193942
  blue collar - agriculture  |   .1806388   .0817056    -3.78   0.000     .0744389    .4383511
     blue collar - artisans  |   .8423615   .2346609    -0.62   0.538     .4879497    1.454193
       blue collar - equip.  |   1.572274   .3839729     1.85   0.064     .9742091    2.537491
                  unskilled  |   1.964324   .3584026     3.70   0.000     1.373746    2.808794
                             |
              public_servant |   .3443962   .0323172   -11.36   0.000     .2865391    .4139356
                      parent |   .8328941   .0713231    -2.14   0.033     .7042048    .9851006
                     married |   .9543711   .0937589    -0.48   0.635     .7872161    1.157019
              married_parent |   1.021593   .1284812     0.17   0.865     .7984106    1.307163
                    divorced |   1.060389   .1126801     0.55   0.581     .8610211    1.305919
                     widowed |   1.110941   .4452202     0.26   0.793     .5064817     2.43679
                   part_time |   .8106062    .054626    -3.12   0.002     .7103105    .9250636
                        erte |          1  (omitted)
                         age |   .9817825   .0055313    -3.26   0.001      .971001    .9926836
                     college |   1.221599   .0927983     2.63   0.008      1.05261    1.417718
                      tenure |   1.011663   .0004711    24.90   0.000      1.01074    1.012587
                       _cons |   .2653695   .0927886    -3.79   0.000     .1337278    .5265996
----------------------------------------------------------------------------------------------
Note: _cons estimates baseline odds.
(est13 stored)
note: erte != 0 predicts success perfectly;
      erte omitted and 2 obs not used.


Logistic regression                                    Number of obs =  12,244
                                                       Wald chi2(27) = 1003.45
                                                       Prob > chi2   =  0.0000
Log pseudolikelihood = -2561961.3                      Pseudo R2     =  0.1482

----------------------------------------------------------------------------------------------
                             |               Robust
                   permanent | Odds ratio   std. err.      z    P>|z|     [95% conf. interval]
-----------------------------+----------------------------------------------------------------
                         act |
        manufactures, prim.  |   3.410125    .951828     4.40   0.000     1.973261    5.893268
     extractive and energy.  |    7.50246    2.25284     6.71   0.000     4.164901    13.51458
         manufactures, sec.  |   6.993735   2.271824     5.99   0.000     3.700048    13.21938
               construction  |   4.763448   1.533266     4.85   0.000     2.534751    8.951742
      hospitality and sales  |   3.087777   .7137785     4.88   0.000     1.962818     4.85749
 Transport, storage and IT.  |    4.74049   1.241612     5.94   0.000     2.837133    7.920759
  Financial and prof. serv.  |   3.151324   .7330865     4.93   0.000     1.997467    4.971717
   Education and healthcare  |   3.373352   .7942814     5.16   0.000     2.126375    5.351599
             Other services  |   2.247236   .5345072     3.40   0.001     1.409904    3.581853
                             |
                         occ |
       white collar - prof.  |    1.07922   .1787277     0.46   0.645     .7800885    1.493055
white collar - tech. suport  |   1.567118   .2850638     2.47   0.014     1.097149    2.238402
       white collar - other  |   2.616225    .445856     5.64   0.000     1.873328    3.653731
     blue collar - services  |   1.248617   .2111541     1.31   0.189     .8963596    1.739307
  blue collar - agriculture  |   .1552031   .0670723    -4.31   0.000     .0665344    .3620382
     blue collar - artisans  |   .7377179   .1954397    -1.15   0.251     .4389206    1.239923
       blue collar - equip.  |    1.19801   .2906518     0.74   0.456     .7446441    1.927402
                  unskilled  |   1.719388   .3079537     3.03   0.002      1.21037    2.442472
                             |
              public_servant |   .3173416   .0292802   -12.44   0.000     .2648433    .3802463
                      parent |    .837527   .0724663    -2.05   0.040      .706886    .9923121
                     married |    1.06537   .1028026     0.66   0.512     .8817875    1.287173
              married_parent |    .967683   .1217639    -0.26   0.794     .7561816     1.23834
                    divorced |   1.122709    .125477     1.04   0.300     .9018509    1.397655
                     widowed |   1.278772   .4527936     0.69   0.487     .6388456    2.559709
                   part_time |   .9504083   .0675539    -0.72   0.474      .826814    1.092478
                        erte |          1  (omitted)
                         age |   .9794069   .0055354    -3.68   0.000     .9686175    .9903164
                     college |   1.220727   .0941562     2.59   0.010     1.049456    1.419949
                      tenure |   1.011207   .0004506    25.01   0.000     1.010324    1.012091
                       _cons |   .4803885   .1624466    -2.17   0.030     .2476014    .9320348
----------------------------------------------------------------------------------------------
Note: _cons estimates baseline odds.
(est14 stored)
note: erte != 0 predicts success perfectly;
      erte omitted and 1 obs not used.


Logistic regression                                     Number of obs = 11,953
                                                        Wald chi2(27) = 831.51
                                                        Prob > chi2   = 0.0000
Log pseudolikelihood = -2532989                         Pseudo R2     = 0.1274

----------------------------------------------------------------------------------------------
                             |               Robust
                   permanent | Odds ratio   std. err.      z    P>|z|     [95% conf. interval]
-----------------------------+----------------------------------------------------------------
                         act |
        manufactures, prim.  |   5.073242   1.629559     5.06   0.000     2.703174    9.521322
     extractive and energy.  |   12.85893   4.670721     7.03   0.000     6.309933    26.20505
         manufactures, sec.  |   6.721159   2.384044     5.37   0.000     3.353643    13.47012
               construction  |   3.741815   1.355701     3.64   0.000     1.839427    7.611708
      hospitality and sales  |   3.188342   .9029041     4.09   0.000     1.830264     5.55413
 Transport, storage and IT.  |   7.226066   2.256101     6.33   0.000     3.918703    13.32483
  Financial and prof. serv.  |   3.058066   .8710655     3.92   0.000     1.749802    5.344472
   Education and healthcare  |   3.532966   1.014803     4.39   0.000     2.012064    6.203504
             Other services  |   2.235324   .6428823     2.80   0.005     1.272137    3.927781
                             |
                         occ |
       white collar - prof.  |   1.416402   .2309224     2.14   0.033      1.02899    1.949673
white collar - tech. suport  |   1.793839   .3163933     3.31   0.001     1.269552    2.534641
       white collar - other  |   3.011595   .5127593     6.48   0.000     2.157096     4.20459
     blue collar - services  |    1.37389   .2299485     1.90   0.058     .9896604    1.907295
  blue collar - agriculture  |   .5546728   .3332495    -0.98   0.327     .1708566    1.800702
     blue collar - artisans  |    .678003    .181144    -1.45   0.146     .4016185    1.144589
       blue collar - equip.  |   1.144744    .278494     0.56   0.578     .7106035     1.84412
                  unskilled  |   1.749429   .3182189     3.07   0.002     1.224796    2.498784
                             |
              public_servant |   .3244724   .0303058   -12.05   0.000     .2701939    .3896549
                      parent |   .9939156   .0860088    -0.07   0.944     .8388619    1.177629
                     married |   .9912858    .097895    -0.09   0.929     .8168418    1.202984
              married_parent |   .8382067   .1073385    -1.38   0.168     .6521516    1.077342
                    divorced |    1.05393   .1153097     0.48   0.631      .850516    1.305994
                     widowed |   1.114984   .4298625     0.28   0.778     .5237242    2.373747
                   part_time |   .9530748   .0675433    -0.68   0.498      .829475    1.095092
                        erte |          1  (omitted)
                         age |   .9770456   .0055835    -4.06   0.000     .9661632    .9880505
                     college |   1.111498   .0855216     1.37   0.169     .9559059    1.292416
                      tenure |   1.009706   .0004452    21.91   0.000     1.008834    1.010579
                       _cons |   .5959578   .2245817    -1.37   0.170     .2847392    1.247337
----------------------------------------------------------------------------------------------
Note: _cons estimates baseline odds.
(est15 stored)
note: erte != 0 predicts success perfectly;
      erte omitted and 1 obs not used.


Logistic regression                                     Number of obs = 11,749
                                                        Wald chi2(27) = 843.70
                                                        Prob > chi2   = 0.0000
Log pseudolikelihood = -2458887.2                       Pseudo R2     = 0.1264

----------------------------------------------------------------------------------------------
                             |               Robust
                   permanent | Odds ratio   std. err.      z    P>|z|     [95% conf. interval]
-----------------------------+----------------------------------------------------------------
                         act |
        manufactures, prim.  |   5.089347   1.384711     5.98   0.000     2.985842    8.674756
     extractive and energy.  |    14.7821    4.66898     8.53   0.000     7.959417    27.45309
         manufactures, sec.  |    5.14268    1.62072     5.20   0.000      2.77289    9.537761
               construction  |   3.924214   1.267561     4.23   0.000     2.083559    7.390937
      hospitality and sales  |   3.253098     .71795     5.34   0.000     2.110762    5.013662
 Transport, storage and IT.  |   6.760657   1.730873     7.46   0.000     4.093201    11.16644
  Financial and prof. serv.  |   3.080047   .6882681     5.03   0.000     1.987685    4.772732
   Education and healthcare  |   3.497169   .7983609     5.48   0.000     2.235618    5.470607
             Other services  |   2.487917   .5649273     4.01   0.000     1.594244    3.882548
                             |
                         occ |
       white collar - prof.  |   1.323538   .2246732     1.65   0.099     .9489496    1.845991
white collar - tech. suport  |    1.66792   .3058254     2.79   0.005     1.164397    2.389182
       white collar - other  |   3.189996   .5643727     6.56   0.000     2.255256    4.512158
     blue collar - services  |    1.36597   .2408443     1.77   0.077     .9668513    1.929847
  blue collar - agriculture  |   .3180754   .1773649    -2.05   0.040     .1066311    .9488034
     blue collar - artisans  |   .5357789   .1500392    -2.23   0.026      .309468    .9275889
       blue collar - equip.  |   1.265096   .3345779     0.89   0.374     .7533686    2.124415
                  unskilled  |   1.767611   .3387139     2.97   0.003     1.214164    2.573333
                             |
              public_servant |   .3167316   .0319082   -11.41   0.000     .2599797     .385872
                      parent |   1.079079   .0953327     0.86   0.389     .9075126     1.28308
                     married |   1.003363   .1005753     0.03   0.973     .8243952    1.221184
              married_parent |   .7625079   .0988096    -2.09   0.036     .5914818    .9829859
                    divorced |   .9870134     .11278    -0.11   0.909     .7889717    1.234766
                     widowed |   .8935894   .3506389    -0.29   0.774     .4141255    1.928165
                   part_time |   .8997524    .064293    -1.48   0.139     .7821666    1.035015
                        erte |          1  (omitted)
                         age |   .9794811   .0056126    -3.62   0.000     .9685421    .9905437
                     college |   1.191142   .0956306     2.18   0.029     1.017712    1.394126
                      tenure |   1.009427   .0004477    21.16   0.000      1.00855    1.010305
                       _cons |   .6199448   .2110403    -1.40   0.160     .3181184     1.20814
----------------------------------------------------------------------------------------------
Note: _cons estimates baseline odds.
(est16 stored)

. 
. esttab using "./regtabs/prob_perm_stocks_w.tex", se eform label replace
(file ./regtabs/prob_perm_stocks_w.tex not found)
(output written to ./regtabs/prob_perm_stocks_w.tex)

. esttab using "./regtabs/prob_perm_stocks_w_margins.tex", se margin mtitles label replace
(file ./regtabs/prob_perm_stocks_w_margins.tex not found)
(output written to ./regtabs/prob_perm_stocks_w_margins.tex)

. log close
