note: erte != 0 predicts success perfectly;
      erte omitted and 1 obs not used.


Logistic regression                                    Number of obs =  46,251
                                                       Wald chi2(27) = 4477.42
                                                       Prob > chi2   =  0.0000
Log pseudolikelihood = -9334316.5                      Pseudo R2     =  0.1718

----------------------------------------------------------------------------------------------
                             |               Robust
                   permanent | Odds ratio   std. err.      z    P>|z|     [95% conf. interval]
-----------------------------+----------------------------------------------------------------
                         act |
        manufactures, prim.  |   6.914971    .759548    17.60   0.000     5.575623    8.576049
     extractive and energy.  |   7.196087    .754292    18.83   0.000     5.859677    8.837291
         manufactures, sec.  |   8.000757   .8797519    18.91   0.000      6.44962    9.924942
               construction  |   2.095227   .2087816     7.42   0.000     1.723503    2.547124
      hospitality and sales  |   3.369126   .3293546    12.43   0.000     2.781676    4.080636
 Transport, storage and IT.  |   3.796531   .4001665    12.66   0.000     3.087931    4.667737
  Financial and prof. serv.  |   4.707783   .4837513    15.08   0.000     3.849024     5.75814
   Education and healthcare  |   3.191707    .371114     9.98   0.000     2.541266    4.008631
             Other services  |    3.06085   .3382014    10.12   0.000      2.46485    3.800962
                             |
                         occ |
       white collar - prof.  |   3.614637   .2591306    17.92   0.000     3.140818    4.159937
white collar - tech. suport  |   5.715077   .3910069    25.48   0.000     4.997878    6.535194
       white collar - other  |   7.716116   .6564591    24.02   0.000     6.531029    9.116243
     blue collar - services  |    8.03745   .6081366    27.54   0.000     6.929692    9.322291
  blue collar - agriculture  |   2.389591   .3495766     5.95   0.000     1.793908    3.183077
     blue collar - artisans  |   3.930921   .2550781    21.10   0.000     3.461464    4.464049
       blue collar - equip.  |   5.028316   .3449356    23.54   0.000     4.395733    5.751933
                  unskilled  |   4.246383   .3043363    20.18   0.000     3.689894    4.886798
                             |
              public_servant |   1.810625   .1314514     8.18   0.000     1.570475    2.087496
                   parent_10 |   1.053682   .0842505     0.65   0.513     .9008431    1.232452
                     married |   1.288885   .0602901     5.43   0.000     1.175974    1.412638
           married_parent_10 |   .9029189    .082991    -1.11   0.267     .7540693    1.081151
                    divorced |    1.00045    .098684     0.00   0.996     .8245809    1.213829
                     widowed |   2.036265   1.347797     1.07   0.283     .5564506    7.451469
                   part_time |    .327704   .0304435   -12.01   0.000     .2731529    .3931496
                        erte |          1  (omitted)
                         age |   .9715503   .0058325    -4.81   0.000     .9601858    .9830493
                     college |   1.681005   .0630577    13.85   0.000     1.561849    1.809253
                      tenure |    1.01049   .0002744    38.43   0.000     1.009953    1.011028
                       _cons |   .0812605   .0181053   -11.27   0.000     .0525083    .1257569
----------------------------------------------------------------------------------------------
Note: _cons estimates baseline odds.
(est1 stored)
note: erte != 0 predicts success perfectly;
      erte omitted and 2 obs not used.


Logistic regression                                    Number of obs =  38,853
                                                       Wald chi2(27) = 4298.49
                                                       Prob > chi2   =  0.0000
Log pseudolikelihood = -7759656.7                      Pseudo R2     =  0.1768

----------------------------------------------------------------------------------------------
                             |               Robust
                   permanent | Odds ratio   std. err.      z    P>|z|     [95% conf. interval]
-----------------------------+----------------------------------------------------------------
                         act |
        manufactures, prim.  |    5.69159   .6659039    14.86   0.000     4.525273    7.158505
     extractive and energy.  |   6.218598   .6898694    16.47   0.000     5.003376    7.728973
         manufactures, sec.  |   5.337465   .6127165    14.59   0.000     4.262074    6.684195
               construction  |   1.788841    .190676     5.46   0.000     1.451579    2.204464
      hospitality and sales  |   3.384596   .3572031    11.55   0.000     2.752155    4.162372
 Transport, storage and IT.  |   3.469057   .3918343    11.01   0.000     2.780143    4.328683
  Financial and prof. serv.  |   3.892189   .4327112    12.22   0.000     3.130129     4.83978
   Education and healthcare  |    2.97083   .3700513     8.74   0.000     2.327292    3.792319
             Other services  |   3.060894   .3861245     8.87   0.000     2.390404    3.919452
                             |
                         occ |
       white collar - prof.  |   4.491618   .3573315    18.88   0.000     3.843133    5.249529
white collar - tech. suport  |   6.445182   .4687464    25.62   0.000     5.588932    7.432613
       white collar - other  |    9.72486     .85056    26.01   0.000     8.192854    11.54334
     blue collar - services  |   7.864112   .5995185    27.05   0.000     6.772649    9.131472
  blue collar - agriculture  |   3.205497   .5358073     6.97   0.000     2.310015    4.448114
     blue collar - artisans  |    4.27343   .2902894    21.38   0.000     3.740722       4.882
       blue collar - equip.  |   5.967434   .4315649    24.70   0.000     5.178795    6.876169
                  unskilled  |   4.584322   .3470619    20.11   0.000     3.952154    5.317609
                             |
              public_servant |   1.400489   .1102723     4.28   0.000     1.200211    1.634188
                   parent_10 |   1.068635   .0835107     0.85   0.396     .9168753    1.245513
                     married |   1.163429   .0540652     3.26   0.001     1.062146    1.274371
           married_parent_10 |   .9618294   .0863009    -0.43   0.664      .806721    1.146761
                    divorced |   1.185299   .0987928     2.04   0.041     1.006657    1.395643
                     widowed |   .3514405   .0936149    -3.93   0.000     .2085033    .5923666
                   part_time |   .2919556   .0290572   -12.37   0.000     .2402149    .3548409
                        erte |          1  (omitted)
                         age |   .9606555   .0059823    -6.45   0.000     .9490017    .9724525
                     college |   1.766002   .0661968    15.17   0.000      1.64091    1.900631
                      tenure |   1.011393   .0002969    38.59   0.000     1.010811    1.011975
                       _cons |   .1069918   .0242914    -9.84   0.000     .0685637    .1669578
----------------------------------------------------------------------------------------------
Note: _cons estimates baseline odds.
(est2 stored)
note: erte omitted because of collinearity.

Logistic regression                                    Number of obs =  40,748
                                                       Wald chi2(27) = 5166.06
                                                       Prob > chi2   =  0.0000
Log pseudolikelihood = -7929294.5                      Pseudo R2     =  0.1784

----------------------------------------------------------------------------------------------
                             |               Robust
                   permanent | Odds ratio   std. err.      z    P>|z|     [95% conf. interval]
-----------------------------+----------------------------------------------------------------
                         act |
        manufactures, prim.  |    4.62284   .5026892    14.08   0.000     3.735502    5.720959
     extractive and energy.  |   5.832331   .5972616    17.22   0.000     4.771717     7.12869
         manufactures, sec.  |   5.828494   .6205296    16.56   0.000     4.730786    7.180908
               construction  |   1.538682   .1475813     4.49   0.000      1.27499    1.856911
      hospitality and sales  |   2.987805   .2863033    11.42   0.000     2.476206    3.605103
 Transport, storage and IT.  |   3.494437   .3649058    11.98   0.000     2.847677    4.288088
  Financial and prof. serv.  |   3.381413   .3380876    12.18   0.000     2.779659    4.113437
   Education and healthcare  |   2.605703   .3035356     8.22   0.000     2.073812    3.274014
             Other services  |   2.139929   .2502731     6.50   0.000     1.701563    2.691229
                             |
                         occ |
       white collar - prof.  |   4.060501   .3079453    18.48   0.000     3.499655    4.711228
white collar - tech. suport  |   6.626958   .4624269    27.10   0.000     5.779864    7.598201
       white collar - other  |   9.257315   .7858436    26.22   0.000     7.838401    10.93308
     blue collar - services  |   8.673433   .6471781    28.95   0.000     7.493378    10.03932
  blue collar - agriculture  |   2.465589    .329443     6.75   0.000     1.897519    3.203724
     blue collar - artisans  |   4.120271   .2638845    22.11   0.000     3.634212    4.671339
       blue collar - equip.  |   5.741063   .3928406    25.54   0.000     5.020507    6.565034
                  unskilled  |   3.961277   .2827137    19.29   0.000     3.444177    4.556012
                             |
              public_servant |   1.450565   .1127362     4.79   0.000     1.245612    1.689241
                   parent_10 |   1.069595   .0722792     1.00   0.319     .9369115     1.22107
                     married |   1.112914   .0483988     2.46   0.014     1.021984    1.211934
           married_parent_10 |   1.068923   .0849807     0.84   0.402     .9146919     1.24916
                    divorced |   1.109992   .0910222     1.27   0.203     .9451902    1.303529
                     widowed |   .9035139   .4069139    -0.23   0.822     .3737496    2.184183
                   part_time |     .37085   .0345491   -10.65   0.000     .3089575    .4451413
                        erte |          1  (omitted)
                         age |    .981083   .0058303    -3.21   0.001     .9697222     .992577
                     college |   1.791033   .0662284    15.76   0.000      1.66582    1.925658
                      tenure |   1.011131     .00028    39.97   0.000     1.010582     1.01168
                       _cons |   .0693436   .0152008   -12.17   0.000     .0451248    .1065609
----------------------------------------------------------------------------------------------
Note: _cons estimates baseline odds.
(est3 stored)

Logistic regression                                    Number of obs =  39,522
                                                       Wald chi2(28) = 4552.02
                                                       Prob > chi2   =  0.0000
Log pseudolikelihood = -7928983.7                      Pseudo R2     =  0.1652

----------------------------------------------------------------------------------------------
                             |               Robust
                   permanent | Odds ratio   std. err.      z    P>|z|     [95% conf. interval]
-----------------------------+----------------------------------------------------------------
                         act |
        manufactures, prim.  |   5.495648   .6773695    13.82   0.000      4.31622    6.997362
     extractive and energy.  |   8.182084    .954856    18.01   0.000     6.509206     10.2849
         manufactures, sec.  |    6.91859   .8329574    16.07   0.000     5.464343    8.759861
               construction  |   2.254326   .2521413     7.27   0.000     1.810555    2.806866
      hospitality and sales  |   3.899657   .4353816    12.19   0.000     3.133236    4.853553
 Transport, storage and IT.  |   4.756528   .5536431    13.40   0.000     3.786284    5.975399
  Financial and prof. serv.  |   3.784693   .4298773    11.72   0.000     3.029343    4.728384
   Education and healthcare  |   3.987472   .5111044    10.79   0.000     3.101649    5.126283
             Other services  |   2.945727   .4106034     7.75   0.000     2.241526    3.871159
                             |
                         occ |
       white collar - prof.  |   3.938796   .2824746    19.12   0.000     3.422305    4.533235
white collar - tech. suport  |   5.630386   .3769751    25.81   0.000     4.937954    6.419914
       white collar - other  |    11.4521   1.006261    27.75   0.000     9.640341    13.60434
     blue collar - services  |   7.887418   .5718421    28.49   0.000     6.842618    9.091749
  blue collar - agriculture  |   2.134946   .2975497     5.44   0.000     1.624628    2.805561
     blue collar - artisans  |   3.590659   .2230457    20.58   0.000     3.179062    4.055546
       blue collar - equip.  |   5.200005     .34264    25.02   0.000         4.57    5.916861
                  unskilled  |   4.008431   .2832056    19.65   0.000     3.490077    4.603774
                             |
              public_servant |   1.160964   .0911595     1.90   0.057     .9953638    1.354115
                   parent_10 |   .9742432   .0636713    -0.40   0.690     .8571117    1.107382
                     married |   1.206636   .0540165     4.20   0.000     1.105278     1.31729
           married_parent_10 |   1.021856   .0805259     0.27   0.784     .8756121    1.192524
                    divorced |   .8869611   .0768301    -1.38   0.166     .7484659    1.051083
                     widowed |   .9059476   .5445732    -0.16   0.869     .2788933    2.942849
                   part_time |   .3419461   .0297356   -12.34   0.000     .2883615     .405488
                        erte |   .5623017    .402517    -0.80   0.421     .1382442    2.287136
                         age |   .9802615   .0058276    -3.35   0.001     .9689059    .9917502
                     college |   1.749805   .0658464    14.87   0.000     1.625393     1.88374
                      tenure |   1.010686   .0002815    38.17   0.000     1.010134    1.011238
                       _cons |   .0668682   .0148531   -12.18   0.000      .043266    .1033458
----------------------------------------------------------------------------------------------
Note: _cons estimates baseline odds.
(est4 stored)

Logistic regression                                    Number of obs =  37,256
                                                       Wald chi2(28) = 4086.62
                                                       Prob > chi2   =  0.0000
Log pseudolikelihood = -6982069.6                      Pseudo R2     =  0.1772

----------------------------------------------------------------------------------------------
                             |               Robust
                   permanent | Odds ratio   std. err.      z    P>|z|     [95% conf. interval]
-----------------------------+----------------------------------------------------------------
                         act |
        manufactures, prim.  |   8.341882   1.000084    17.69   0.000     6.595018    10.55145
     extractive and energy.  |   11.09655   1.253732    21.30   0.000     8.892339    13.84714
         manufactures, sec.  |   10.11942   1.194365    19.61   0.000     8.029544    12.75324
               construction  |   3.222945   .3440757    10.96   0.000     2.614449    3.973064
      hospitality and sales  |    5.21833   .5547699    15.54   0.000     4.236808    6.427236
 Transport, storage and IT.  |   7.194292   .8041215    17.65   0.000      5.77893    8.956302
  Financial and prof. serv.  |   5.534632   .5982271    15.83   0.000        4.478    6.840587
   Education and healthcare  |   5.633203   .6922252    14.07   0.000     4.427486    7.167268
             Other services  |   3.116313   .4096598     8.65   0.000     2.408491    4.032154
                             |
                         occ |
       white collar - prof.  |      4.476     .32751    20.48   0.000     3.877997    5.166218
white collar - tech. suport  |   6.690307   .4685901    27.14   0.000     5.832138    7.674752
       white collar - other  |   12.39172   1.108918    28.13   0.000     10.39821    14.76742
     blue collar - services  |   10.73291   .7969952    31.96   0.000     9.279186    12.41439
  blue collar - agriculture  |   4.359138   .6085902    10.55   0.000     3.315601    5.731114
     blue collar - artisans  |   4.627852   .2991365    23.70   0.000     4.077174    5.252907
       blue collar - equip.  |   6.744926   .4744617    27.14   0.000     5.876256    7.742009
                  unskilled  |   5.950455   .4406793    24.08   0.000     5.146499    6.880002
                             |
              public_servant |   .8215886   .0620857    -2.60   0.009     .7084854    .9527476
                   parent_10 |   1.027858   .0680591     0.41   0.678     .9027583    1.170294
                     married |   1.256229   .0607943     4.71   0.000     1.142551    1.381218
           married_parent_10 |    .816308   .0662872    -2.50   0.012      .696199    .9571384
                    divorced |   .8443223   .0766291    -1.86   0.062      .706732    1.008699
                     widowed |   .3560163   .1219106    -3.02   0.003     .1819672     .696541
                   part_time |   .3793519   .0316689   -11.61   0.000     .3220939    .4467884
                        erte |   1.557164   .7291365     0.95   0.344     .6219596     3.89858
                         age |   .9861668   .0061991    -2.22   0.027     .9740913    .9983919
                     college |   1.994558   .0800706    17.20   0.000     1.843638    2.157833
                      tenure |   1.011773    .000313    37.83   0.000      1.01116    1.012387
                       _cons |   .0343167   .0078564   -14.73   0.000     .0219095    .0537501
----------------------------------------------------------------------------------------------
Note: _cons estimates baseline odds.
(est5 stored)

Logistic regression                                    Number of obs =  36,982
                                                       Wald chi2(28) = 4074.78
                                                       Prob > chi2   =  0.0000
Log pseudolikelihood = -6802428                        Pseudo R2     =  0.1821

----------------------------------------------------------------------------------------------
                             |               Robust
                   permanent | Odds ratio   std. err.      z    P>|z|     [95% conf. interval]
-----------------------------+----------------------------------------------------------------
                         act |
        manufactures, prim.  |   7.157786   .7847339    17.95   0.000     5.773756    8.873583
     extractive and energy.  |   8.188815   .8453533    20.37   0.000     6.688816     10.0252
         manufactures, sec.  |   8.330282   .8920132    19.80   0.000     6.753243     10.2756
               construction  |   2.434237    .235999     9.18   0.000     2.012978    2.943654
      hospitality and sales  |   4.230009   .4011853    15.21   0.000     3.512458    5.094148
 Transport, storage and IT.  |   5.597493   .5659503    17.03   0.000     4.591245    6.824278
  Financial and prof. serv.  |    5.11438   .4983674    16.75   0.000      4.22521    6.190672
   Education and healthcare  |   5.131682   .5711532    14.69   0.000     4.125926    6.382605
             Other services  |   2.962592   .3601409     8.93   0.000     2.334519     3.75964
                             |
                         occ |
       white collar - prof.  |   5.315997   .4105425    21.63   0.000     4.569286    6.184735
white collar - tech. suport  |   7.825441   .5852729    27.51   0.000     6.758442    9.060895
       white collar - other  |   11.30059   1.020069    26.86   0.000     9.468167    13.48765
     blue collar - services  |    9.97736   .7810386    29.39   0.000     8.558205    11.63185
  blue collar - agriculture  |   3.680575   .4676615    10.26   0.000     2.869196    4.721404
     blue collar - artisans  |   5.118465   .3573025    23.39   0.000      4.46396    5.868934
       blue collar - equip.  |     7.7764   .5799071    27.50   0.000     6.718963    9.000259
                  unskilled  |   5.385919   .4224951    21.46   0.000     4.618361    6.281044
                             |
              public_servant |   .8789262   .0630702    -1.80   0.072       .76361    1.011657
                   parent_10 |   .8791384   .0554977    -2.04   0.041     .7768249    .9949275
                     married |   1.226113    .060685     4.12   0.000     1.112759    1.351013
           married_parent_10 |   1.041737    .082551     0.52   0.606     .8918789    1.216775
                    divorced |   1.013274   .1025812     0.13   0.896     .8309092    1.235664
                     widowed |   .5291888   .2007315    -1.68   0.093     .2516133    1.112981
                   part_time |   .2886777    .023828   -15.05   0.000     .2455576    .3393697
                        erte |   1.268422   .6059895     0.50   0.619     .4972808    3.235384
                         age |   .9696051   .0062121    -4.82   0.000     .9575057    .9818574
                     college |   1.716753   .0684757    13.55   0.000     1.587655    1.856348
                      tenure |   1.011829   .0003235    36.78   0.000     1.011195    1.012463
                       _cons |   .0658035   .0150855   -11.87   0.000     .0419865    .1031307
----------------------------------------------------------------------------------------------
Note: _cons estimates baseline odds.
(est6 stored)

Logistic regression                                    Number of obs =  34,795
                                                       Wald chi2(28) = 3687.47
                                                       Prob > chi2   =  0.0000
Log pseudolikelihood = -6744409.1                      Pseudo R2     =  0.1645

----------------------------------------------------------------------------------------------
                             |               Robust
                   permanent | Odds ratio   std. err.      z    P>|z|     [95% conf. interval]
-----------------------------+----------------------------------------------------------------
                         act |
        manufactures, prim.  |   5.820516   .6422453    15.96   0.000      4.68855    7.225776
     extractive and energy.  |   7.148891   .7331989    19.18   0.000     5.847072    8.740554
         manufactures, sec.  |   5.133583   .5403918    15.54   0.000     4.176553    6.309911
               construction  |   1.696189   .1650831     5.43   0.000      1.40162    2.052665
      hospitality and sales  |    3.54162   .3355953    13.35   0.000     2.941333    4.264418
 Transport, storage and IT.  |   4.024129   .4083207    13.72   0.000     3.298391     4.90955
  Financial and prof. serv.  |   3.577388    .346416    13.16   0.000     2.958967     4.32506
   Education and healthcare  |   3.383911   .3799806    10.86   0.000     2.715421    4.216971
             Other services  |   2.274822   .2824978     6.62   0.000     1.783369    2.901707
                             |
                         occ |
       white collar - prof.  |    2.28717    .190672     9.92   0.000     1.942394    2.693144
white collar - tech. suport  |   3.375763   .2809516    14.62   0.000     2.867674    3.973874
       white collar - other  |   4.931175   .4714915    16.69   0.000     4.088493    5.947543
     blue collar - services  |   2.669422   .2269395    11.55   0.000     2.259711    3.153419
  blue collar - agriculture  |   .9916478   .1310255    -0.06   0.949     .7654009    1.284772
     blue collar - artisans  |   2.155248   .1740086     9.51   0.000     1.839813    2.524765
       blue collar - equip.  |   3.281422   .2832132    13.77   0.000     2.770745    3.886222
                  unskilled  |   2.421039   .2178252     9.83   0.000     2.029634    2.887925
                             |
              public_servant |   1.327188   .1009104     3.72   0.000     1.143438    1.540465
                   parent_10 |   .9466072    .059631    -0.87   0.384     .8366597    1.071003
                     married |   1.386511   .0700092     6.47   0.000     1.255866    1.530746
           married_parent_10 |   .8230055   .0658305    -2.44   0.015     .7035856    .9626947
                    divorced |   1.023719   .0981237     0.24   0.807     .8483847    1.235289
                     widowed |   1.289417   .5749437     0.57   0.569      .538081    3.089864
                   part_time |   .2780294   .0218745   -16.27   0.000     .2382981     .324385
                        erte |   4.619114   3.435597     2.06   0.040     1.075111    19.84559
                         age |   .9459559   .0062555    -8.40   0.000     .9337745    .9582961
                     college |   1.499384   .0598403    10.15   0.000     1.386569    1.621378
                      tenure |   1.012103   .0003193    38.14   0.000     1.011478    1.012729
                       _cons |   .4298597   .1030617    -3.52   0.000     .2686863    .6877142
----------------------------------------------------------------------------------------------
Note: _cons estimates baseline odds.
(est7 stored)

Logistic regression                                    Number of obs =  31,921
                                                       Wald chi2(28) = 3331.13
                                                       Prob > chi2   =  0.0000
Log pseudolikelihood = -6192745.5                      Pseudo R2     =  0.1698

----------------------------------------------------------------------------------------------
                             |               Robust
                   permanent | Odds ratio   std. err.      z    P>|z|     [95% conf. interval]
-----------------------------+----------------------------------------------------------------
                         act |
        manufactures, prim.  |   8.298103   .9941532    17.66   0.000     6.561463    10.49438
     extractive and energy.  |    8.68112   .9753209    19.24   0.000      6.96536    10.81952
         manufactures, sec.  |   8.285393   .9526206    18.39   0.000     6.613715     10.3796
               construction  |   2.079193   .2186104     6.96   0.000      1.69199    2.555005
      hospitality and sales  |    4.75855   .4805049    15.45   0.000     3.904116    5.799981
 Transport, storage and IT.  |   6.396084   .6841646    17.35   0.000     5.186381    7.887946
  Financial and prof. serv.  |   5.573002   .5616025    17.05   0.000     4.574166    6.789948
   Education and healthcare  |   6.443874   .7949447    15.10   0.000     5.059866    8.206444
             Other services  |   3.667898   .4606363    10.35   0.000     2.867598    4.691548
                             |
                         occ |
       white collar - prof.  |   2.108186    .190869     8.24   0.000     1.765402    2.517528
white collar - tech. suport  |   3.196968   .2909728    12.77   0.000     2.674644    3.821295
       white collar - other  |   5.393864   .5923226    15.35   0.000     4.349366    6.689196
     blue collar - services  |    2.45816   .2296973     9.63   0.000     2.046781     2.95222
  blue collar - agriculture  |   1.273954   .1719942     1.79   0.073      .977765    1.659865
     blue collar - artisans  |   1.931895   .1732187     7.34   0.000     1.620551    2.303056
       blue collar - equip.  |   2.846679   .2754165    10.81   0.000     2.354966    3.441061
                  unskilled  |   2.730742    .268135    10.23   0.000     2.252684    3.310253
                             |
              public_servant |   1.110124   .0926501     1.25   0.211     .9426071    1.307411
                   parent_10 |    1.03032   .0681407     0.45   0.652       .90506    1.172915
                     married |   1.244256   .0701761     3.87   0.000     1.114043    1.389689
           married_parent_10 |   .8569161   .0744194    -1.78   0.075     .7227952    1.015924
                    divorced |   .8498675   .0833956    -1.66   0.097     .7011724    1.030096
                     widowed |   1.718722   .7642487     1.22   0.223     .7189678    4.108675
                   part_time |   .3663556   .0268301   -13.71   0.000     .3173692     .422903
                        erte |   4.167117   2.421963     2.46   0.014      1.33386    13.01851
                         age |    .947076   .0067138    -7.67   0.000     .9340082    .9603267
                     college |   1.483932   .0630059     9.30   0.000     1.365442    1.612705
                      tenure |   1.012684   .0003608    35.38   0.000     1.011977    1.013391
                       _cons |   .3024078   .0770032    -4.70   0.000     .1835898    .4981241
----------------------------------------------------------------------------------------------
Note: _cons estimates baseline odds.
(est8 stored)

Logistic regression                                    Number of obs =  30,442
                                                       Wald chi2(28) = 3228.75
                                                       Prob > chi2   =  0.0000
Log pseudolikelihood = -5971632.2                      Pseudo R2     =  0.1700

----------------------------------------------------------------------------------------------
                             |               Robust
                   permanent | Odds ratio   std. err.      z    P>|z|     [95% conf. interval]
-----------------------------+----------------------------------------------------------------
                         act |
        manufactures, prim.  |   11.54777     1.5302    18.46   0.000     8.906463     14.9724
     extractive and energy.  |   9.745914   1.200923    18.48   0.000     7.654817    12.40825
         manufactures, sec.  |   11.66403    1.46642    19.54   0.000     9.116627    14.92323
               construction  |   3.131401   .3753785     9.52   0.000     2.475713    3.960745
      hospitality and sales  |   5.093888   .5778565    14.35   0.000     4.078384    6.362249
 Transport, storage and IT.  |   7.503992   .8910384    16.97   0.000      5.94592    9.470342
  Financial and prof. serv.  |   5.426873   .6247697    14.69   0.000     4.330669    6.800556
   Education and healthcare  |   7.158602   .9332092    15.10   0.000      5.54452    9.242565
             Other services  |   6.080027   .8521584    12.88   0.000     4.619593    8.002163
                             |
                         occ |
       white collar - prof.  |   1.886529   .1732923     6.91   0.000     1.575702    2.258671
white collar - tech. suport  |   2.662242   .2494104    10.45   0.000     2.215661    3.198835
       white collar - other  |   5.403278   .6046446    15.08   0.000     4.339154    6.728365
     blue collar - services  |   2.275683   .2157521     8.67   0.000     1.889781    2.740389
  blue collar - agriculture  |   1.318192   .1972532     1.85   0.065     .9831178    1.767469
     blue collar - artisans  |    1.63709   .1551833     5.20   0.000     1.359519    1.971333
       blue collar - equip.  |   2.533873   .2497598     9.43   0.000     2.088735    3.073876
                  unskilled  |   2.688761   .2748708     9.68   0.000     2.200565    3.285263
                             |
              public_servant |   1.419907   .1144656     4.35   0.000     1.212384    1.662951
                   parent_10 |   1.115836   .0686877     1.78   0.075      .989015    1.258919
                     married |   1.153836   .0670678     2.46   0.014     1.029597    1.293067
           married_parent_10 |   .8087767    .068352    -2.51   0.012     .6853165    .9544782
                    divorced |   .7407136   .0767201    -2.90   0.004     .6046253    .9074325
                     widowed |   .7759523   .3262339    -0.60   0.546       .34038    1.768911
                   part_time |   .3973826   .0268159   -13.68   0.000     .3481518    .4535751
                        erte |   7.664547   6.067249     2.57   0.010     1.624337    36.16571
                         age |   .9656144   .0068409    -4.94   0.000     .9522991    .9791159
                     college |   1.479687    .064181     9.03   0.000     1.359093    1.610981
                      tenure |   1.012611   .0003573    35.52   0.000     1.011911    1.013312
                       _cons |   .1420586   .0375416    -7.38   0.000     .0846295    .2384588
----------------------------------------------------------------------------------------------
Note: _cons estimates baseline odds.
(est9 stored)

Logistic regression                                    Number of obs =  30,180
                                                       Wald chi2(28) = 3132.51
                                                       Prob > chi2   =  0.0000
Log pseudolikelihood = -5989223                        Pseudo R2     =  0.1581

----------------------------------------------------------------------------------------------
                             |               Robust
                   permanent | Odds ratio   std. err.      z    P>|z|     [95% conf. interval]
-----------------------------+----------------------------------------------------------------
                         act |
        manufactures, prim.  |   6.886013   .8781218    15.13   0.000     5.363156    8.841281
     extractive and energy.  |   7.056709   .8496487    16.23   0.000     5.573333    8.934894
         manufactures, sec.  |    8.35602   1.040098    17.06   0.000     6.547084    10.66476
               construction  |   2.555941   .3035102     7.90   0.000     2.025224    3.225733
      hospitality and sales  |   4.070504   .4580999    12.47   0.000     3.264772    5.075087
 Transport, storage and IT.  |   5.145445   .6041124    13.95   0.000     4.087763    6.476795
  Financial and prof. serv.  |   4.125778   .4743171    12.33   0.000     3.293427    5.168489
   Education and healthcare  |   4.727273   .6166883    11.91   0.000     3.660738    6.104537
             Other services  |   4.483959   .6005065    11.20   0.000     3.448783    5.829849
                             |
                         occ |
       white collar - prof.  |   1.727667   .1762375     5.36   0.000     1.414588    2.110038
white collar - tech. suport  |   2.699795   .2765157     9.70   0.000     2.208766    3.299983
       white collar - other  |   4.839561   .5763035    13.24   0.000     3.832157    6.111792
     blue collar - services  |   2.321863   .2385613     8.20   0.000     1.898363     2.83984
  blue collar - agriculture  |   1.334932   .2123066     1.82   0.069     .9774274    1.823197
     blue collar - artisans  |   1.689233   .1709869     5.18   0.000     1.385254    2.059916
       blue collar - equip.  |   2.073555   .2184951     6.92   0.000     1.686641    2.549228
                  unskilled  |    2.25352   .2451018     7.47   0.000      1.82088    2.788955
                             |
              public_servant |   1.266811    .102626     2.92   0.004     1.080824    1.484802
                   parent_10 |   1.152268   .0685583     2.38   0.017     1.025436    1.294789
                     married |   1.131771   .0655923     2.14   0.033     1.010245    1.267915
           married_parent_10 |    .879211    .072917    -1.55   0.121      .747307    1.034397
                    divorced |   .8596192   .0896075    -1.45   0.147     .7007709    1.054475
                     widowed |   .1333012   .0688429    -3.90   0.000     .0484433    .3668039
                   part_time |   .4458552   .0288747   -12.47   0.000     .3927064    .5061973
                        erte |   5.100403   4.558802     1.82   0.068     .8846882    29.40483
                         age |   .9487248   .0066362    -7.53   0.000     .9358069     .961821
                     college |   1.524037   .0633271    10.14   0.000     1.404838     1.65335
                      tenure |   1.012893    .000344    37.72   0.000     1.012219    1.013568
                       _cons |   .3318927   .0879067    -4.16   0.000     .1974896    .5577648
----------------------------------------------------------------------------------------------
Note: _cons estimates baseline odds.
(est10 stored)

Logistic regression                                    Number of obs =  29,125
                                                       Wald chi2(28) = 3059.52
                                                       Prob > chi2   =  0.0000
Log pseudolikelihood = -5953589.8                      Pseudo R2     =  0.1730

----------------------------------------------------------------------------------------------
                             |               Robust
                   permanent | Odds ratio   std. err.      z    P>|z|     [95% conf. interval]
-----------------------------+----------------------------------------------------------------
                         act |
        manufactures, prim.  |   5.430871   .6619016    13.88   0.000      4.27688    6.896232
     extractive and energy.  |   7.009548   .7944634    17.18   0.000     5.613253    8.753169
         manufactures, sec.  |   6.219476   .7349463    15.47   0.000     4.933653    7.840415
               construction  |   2.013793    .227771     6.19   0.000      1.61339    2.513567
      hospitality and sales  |   4.002743    .428081    12.97   0.000     3.245819    4.936181
 Transport, storage and IT.  |   6.040759   .6766316    16.06   0.000     4.850065    7.523769
  Financial and prof. serv.  |   4.389315   .4750316    13.67   0.000     3.550388    5.426473
   Education and healthcare  |     3.9818   .5049729    10.90   0.000     3.105488    5.105392
             Other services  |   3.975406    .511949    10.72   0.000      3.08862      5.1168
                             |
                         occ |
       white collar - prof.  |   2.773954   .2919865     9.69   0.000     2.256845    3.409547
white collar - tech. suport  |   3.835736   .4013409    12.85   0.000     3.124538    4.708816
       white collar - other  |   5.625618   .6821523    14.25   0.000     4.435627    7.134859
     blue collar - services  |   3.306364   .3458503    11.43   0.000      2.69348    4.058705
  blue collar - agriculture  |   1.416195   .2158515     2.28   0.022     1.050475    1.909239
     blue collar - artisans  |   2.643353   .2714532     9.47   0.000     2.161439    3.232715
       blue collar - equip.  |   3.104691   .3338069    10.54   0.000     2.514779    3.832984
                  unskilled  |   2.944516   .3227903     9.85   0.000     2.375207     3.65028
                             |
              public_servant |   1.064755   .0950326     0.70   0.482     .8938759      1.2683
                   parent_10 |   1.180474      .0684     2.86   0.004     1.053745    1.322444
                     married |   1.086081   .0636842     1.41   0.159     .9681676    1.218355
           married_parent_10 |   .9085861   .0753299    -1.16   0.248     .7723139    1.068903
                    divorced |   .9959376   .0966539    -0.04   0.967      .823426    1.204591
                     widowed |   .2702019   .1091063    -3.24   0.001     .1224552    .5962104
                   part_time |    .454287   .0291378   -12.30   0.000     .4006217     .515141
                        erte |   1.685918    1.27662     0.69   0.490     .3821952    7.436827
                         age |   .9703289   .0067083    -4.36   0.000     .9572694    .9835665
                     college |   1.465337   .0603784     9.27   0.000      1.35165    1.588587
                      tenure |   1.013738   .0003526    39.23   0.000     1.013047    1.014429
                       _cons |   .1070843   .0284616    -8.41   0.000     .0636044    .1802869
----------------------------------------------------------------------------------------------
Note: _cons estimates baseline odds.
(est11 stored)

Logistic regression                                    Number of obs =  27,886
                                                       Wald chi2(28) = 3071.02
                                                       Prob > chi2   =  0.0000
Log pseudolikelihood = -5892223.7                      Pseudo R2     =  0.1582

----------------------------------------------------------------------------------------------
                             |               Robust
                   permanent | Odds ratio   std. err.      z    P>|z|     [95% conf. interval]
-----------------------------+----------------------------------------------------------------
                         act |
        manufactures, prim.  |   6.214394   .7344564    15.46   0.000     4.929449    7.834281
     extractive and energy.  |   7.638536   .8494061    18.28   0.000     6.142659    9.498693
         manufactures, sec.  |   6.157938   .6936767    16.14   0.000     4.937983    7.679291
               construction  |   1.937475   .2133135     6.01   0.000     1.561421    2.404099
      hospitality and sales  |   4.432386   .4559178    14.48   0.000     3.623118    5.422413
 Transport, storage and IT.  |   5.244132    .573666    15.15   0.000      4.23213    6.498127
  Financial and prof. serv.  |   4.331281   .4512431    14.07   0.000     3.531312     5.31247
   Education and healthcare  |   3.876144   .4759852    11.03   0.000     3.047008    4.930901
             Other services  |   3.882861   .5226534    10.08   0.000     2.982468     5.05508
                             |
                         occ |
       white collar - prof.  |   2.215742   .2411252     7.31   0.000     1.790145    2.742521
white collar - tech. suport  |   3.599302    .395523    11.65   0.000     2.901889    4.464325
       white collar - other  |   5.122258   .6198341    13.50   0.000     4.040725    6.493272
     blue collar - services  |    3.05139   .3306981    10.29   0.000     2.467446    3.773529
  blue collar - agriculture  |   1.515795   .2475027     2.55   0.011     1.100662    2.087501
     blue collar - artisans  |   2.276733    .244422     7.66   0.000     1.844718     2.80992
       blue collar - equip.  |   2.436576   .2744272     7.91   0.000     1.953937     3.03843
                  unskilled  |   2.864557   .3264406     9.24   0.000     2.291162    3.581452
                             |
              public_servant |   1.147151   .0974119     1.62   0.106     .9712696    1.354883
                   parent_10 |   1.200437   .0671875     3.26   0.001     1.075717    1.339616
                     married |   1.174588   .0690186     2.74   0.006     1.046813     1.31796
           married_parent_10 |   .8637702   .0704907    -1.79   0.073     .7360939    1.013592
                    divorced |   .9960605   .0971315    -0.04   0.968     .8227734    1.205844
                     widowed |   .1056549   .0585542    -4.06   0.000     .0356575    .3130603
                   part_time |   .5018758   .0318157   -10.87   0.000     .4432365     .568273
                        erte |   .5924973    .527221    -0.59   0.556     .1035769    3.389298
                         age |   .9808016    .006671    -2.85   0.004     .9678135    .9939639
                     college |   1.457741   .0619992     8.86   0.000     1.341151    1.584465
                      tenure |   1.012787   .0003385    38.01   0.000     1.012124    1.013451
                       _cons |   .0911139   .0239149    -9.13   0.000     .0544713     .152406
----------------------------------------------------------------------------------------------
Note: _cons estimates baseline odds.
(est12 stored)
note: erte != 0 predicts failure perfectly;
      erte omitted and 1 obs not used.


Logistic regression                                    Number of obs =  27,376
                                                       Wald chi2(27) = 2856.10
                                                       Prob > chi2   =  0.0000
Log pseudolikelihood = -5897243.5                      Pseudo R2     =  0.1428

----------------------------------------------------------------------------------------------
                             |               Robust
                   permanent | Odds ratio   std. err.      z    P>|z|     [95% conf. interval]
-----------------------------+----------------------------------------------------------------
                         act |
        manufactures, prim.  |   4.937051    .569302    13.85   0.000     3.938345    6.189014
     extractive and energy.  |   5.651399   .6184392    15.83   0.000     4.560453    7.003319
         manufactures, sec.  |   4.436178   .4924787    13.42   0.000     3.568729    5.514479
               construction  |   1.650391    .180466     4.58   0.000     1.332018     2.04486
      hospitality and sales  |   3.160133   .3211726    11.32   0.000     2.589379    3.856695
 Transport, storage and IT.  |   4.287876   .4618764    13.51   0.000     3.471791    5.295793
  Financial and prof. serv.  |   3.124197   .3272116    10.88   0.000     2.544417     3.83609
   Education and healthcare  |   3.190538   .3820645     9.69   0.000     2.523093    4.034546
             Other services  |   1.998126    .249336     5.55   0.000     1.564609    2.551761
                             |
                         occ |
       white collar - prof.  |   1.605243    .159858     4.75   0.000     1.320608    1.951226
white collar - tech. suport  |   2.551705   .2560312     9.34   0.000     2.096154     3.10626
       white collar - other  |   3.417189   .3815704    11.00   0.000     2.745504    4.253201
     blue collar - services  |   2.417328   .2416067     8.83   0.000     1.987284    2.940433
  blue collar - agriculture  |   .8761108   .1361959    -0.85   0.395     .6460043    1.188181
     blue collar - artisans  |    1.74294   .1734957     5.58   0.000      1.43401    2.118423
       blue collar - equip.  |   1.959792   .2023173     6.52   0.000     1.600799    2.399291
                  unskilled  |   1.840776   .1942349     5.78   0.000      1.49687    2.263696
                             |
              public_servant |   .9728364   .0764249    -0.35   0.726     .8340084    1.134773
                   parent_10 |   1.087127   .0610049     1.49   0.137     .9739005    1.213518
                     married |   1.130151   .0656274     2.11   0.035     1.008574    1.266384
           married_parent_10 |   1.049519   .0852487     0.60   0.552     .8950556    1.230638
                    divorced |   1.263327   .1350332     2.19   0.029      1.02455    1.557751
                     widowed |   .1623327   .1739801    -1.70   0.090     .0198669    1.326422
                   part_time |    .544694   .0353754    -9.35   0.000     .4795909    .6186347
                        erte |          1  (omitted)
                         age |   .9711891   .0065916    -4.31   0.000     .9583554    .9841948
                     college |   1.561671   .0654816    10.63   0.000     1.438461    1.695434
                      tenure |   1.011707   .0003273    35.98   0.000     1.011066    1.012349
                       _cons |   .2258254   .0578947    -5.80   0.000     .1366316    .3732455
----------------------------------------------------------------------------------------------
Note: _cons estimates baseline odds.
(est13 stored)
note: erte omitted because of collinearity.

Logistic regression                                    Number of obs =  27,294
                                                       Wald chi2(27) = 2766.73
                                                       Prob > chi2   =  0.0000
Log pseudolikelihood = -5691096.5                      Pseudo R2     =  0.1500

----------------------------------------------------------------------------------------------
                             |               Robust
                   permanent | Odds ratio   std. err.      z    P>|z|     [95% conf. interval]
-----------------------------+----------------------------------------------------------------
                         act |
        manufactures, prim.  |   4.482368   .5172653    13.00   0.000     3.575023    5.619998
     extractive and energy.  |   5.255097    .582965    14.96   0.000     4.228187    6.531415
         manufactures, sec.  |   4.807608    .537072    14.06   0.000     3.862236    5.984381
               construction  |   1.626898    .177579     4.46   0.000     1.313561     2.01498
      hospitality and sales  |   3.368347   .3393547    12.05   0.000     2.764776    4.103683
 Transport, storage and IT.  |   4.605664   .4927891    14.27   0.000     3.734365    5.680253
  Financial and prof. serv.  |   2.821494   .3023151     9.68   0.000     2.287048    3.480831
   Education and healthcare  |    3.48141   .4084021    10.63   0.000     2.766313    4.381362
             Other services  |   2.312038   .2895116     6.69   0.000     1.808874    2.955165
                             |
                         occ |
       white collar - prof.  |   1.731913   .1859033     5.12   0.000     1.403325     2.13744
white collar - tech. suport  |    2.55473   .2758543     8.69   0.000     2.067446    3.156865
       white collar - other  |   4.121781   .5017975    11.63   0.000     3.246813    5.232541
     blue collar - services  |   2.291875   .2471613     7.69   0.000      1.85522    2.831305
  blue collar - agriculture  |   .9615371   .1585916    -0.24   0.812     .6959414    1.328493
     blue collar - artisans  |    2.04719   .2171766     6.75   0.000      1.66287    2.520334
       blue collar - equip.  |   2.033705   .2246603     6.43   0.000     1.637785    2.525334
                  unskilled  |   1.783754   .1989237     5.19   0.000     1.433538    2.219528
                             |
              public_servant |    .673597   .0507181    -5.25   0.000     .5811784    .7807119
                   parent_10 |    1.31224   .0698025     5.11   0.000      1.18232    1.456436
                     married |   1.216517   .0722861     3.30   0.001     1.082778    1.366775
           married_parent_10 |   .8058906    .064877    -2.68   0.007     .6882583    .9436279
                    divorced |     1.1281   .1203698     1.13   0.259     .9152155    1.390503
                     widowed |   4.864557   4.837027     1.59   0.112     .6928814    34.15291
                   part_time |   .4032306   .0269196   -13.60   0.000     .3537753    .4595995
                        erte |          1  (omitted)
                         age |   .9766134   .0066968    -3.45   0.001     .9635758    .9898275
                     college |   1.541349   .0669769     9.96   0.000     1.415512    1.678374
                      tenure |   1.012164   .0003328    36.77   0.000     1.011512    1.012816
                       _cons |   .1774343    .045906    -6.68   0.000     .1068596    .2946194
----------------------------------------------------------------------------------------------
Note: _cons estimates baseline odds.
(est14 stored)
note: erte != 0 predicts success perfectly;
      erte omitted and 3 obs not used.


Logistic regression                                    Number of obs =  26,614
                                                       Wald chi2(27) = 2620.47
                                                       Prob > chi2   =  0.0000
Log pseudolikelihood = -5624652.9                      Pseudo R2     =  0.1407

----------------------------------------------------------------------------------------------
                             |               Robust
                   permanent | Odds ratio   std. err.      z    P>|z|     [95% conf. interval]
-----------------------------+----------------------------------------------------------------
                         act |
        manufactures, prim.  |   7.258972   .8727753    16.49   0.000     5.734978    9.187947
     extractive and energy.  |   8.924826   .9969106    19.60   0.000     7.170011    11.10912
         manufactures, sec.  |   8.181961   .9419482    18.26   0.000     6.529244    10.25302
               construction  |   2.871285   .3166894     9.56   0.000     2.313091    3.564182
      hospitality and sales  |   5.194943   .5323035    16.08   0.000     4.249734     6.35038
 Transport, storage and IT.  |   6.605202    .719526    17.33   0.000     5.335339    8.177306
  Financial and prof. serv.  |   4.809914   .5166869    14.62   0.000     3.896729    5.937101
   Education and healthcare  |   4.683623   .5585915    12.95   0.000      3.70735    5.916984
             Other services  |   3.429619   .4394333     9.62   0.000     2.667979    4.408689
                             |
                         occ |
       white collar - prof.  |    2.09332   .2294436     6.74   0.000     1.688642    2.594978
white collar - tech. suport  |   3.189934   .3559083    10.40   0.000     2.563369     3.96965
       white collar - other  |   5.165115   .6340282    13.38   0.000     4.060628     6.57002
     blue collar - services  |   2.893607   .3251571     9.46   0.000      2.32161    3.606532
  blue collar - agriculture  |   1.432468   .2262617     2.28   0.023      1.05108    1.952245
     blue collar - artisans  |   1.958735   .2162003     6.09   0.000     1.577692    2.431808
       blue collar - equip.  |   2.300879   .2649221     7.24   0.000      1.83606    2.883372
                  unskilled  |   2.309488   .2666696     7.25   0.000     1.841747    2.896018
                             |
              public_servant |   .6842537   .0531681    -4.88   0.000     .5875933     .796815
                   parent_10 |   .9899985    .053521    -0.19   0.852     .8904656    1.100657
                     married |   1.146215    .070618     2.21   0.027     1.015837    1.293327
           married_parent_10 |   1.007446   .0838217     0.09   0.929     .8558546    1.185888
                    divorced |   1.381142   .1491627     2.99   0.003     1.117658    1.706742
                     widowed |   3.206975   2.187154     1.71   0.088     .8425132    12.20715
                   part_time |   .4616392    .030267   -11.79   0.000     .4059704    .5249416
                        erte |          1  (omitted)
                         age |    .990549   .0069841    -1.35   0.178     .9769546    1.004333
                     college |   1.458372    .066873     8.23   0.000      1.33302    1.595511
                      tenure |   1.011407   .0003426    33.49   0.000     1.010736    1.012079
                       _cons |   .0774718    .020714    -9.57   0.000     .0458726    .1308379
----------------------------------------------------------------------------------------------
Note: _cons estimates baseline odds.
(est15 stored)

Logistic regression                                    Number of obs =  22,281
                                                       Wald chi2(28) = 2271.50
                                                       Prob > chi2   =  0.0000
Log pseudolikelihood = -5044511.2                      Pseudo R2     =  0.1487

----------------------------------------------------------------------------------------------
                             |               Robust
                   permanent | Odds ratio   std. err.      z    P>|z|     [95% conf. interval]
-----------------------------+----------------------------------------------------------------
                         act |
        manufactures, prim.  |   4.311882   .5666272    11.12   0.000     3.332805    5.578581
     extractive and energy.  |   6.339498   .8014696    14.61   0.000      4.94814    8.122091
         manufactures, sec.  |   6.777813   .8865573    14.63   0.000     5.245054    8.758489
               construction  |   2.137783   .2632911     6.17   0.000     1.679302    2.721437
      hospitality and sales  |   3.533768   .4097242    10.89   0.000     2.815432    4.435381
 Transport, storage and IT.  |   4.392621   .5325682    12.21   0.000      3.46356    5.570892
  Financial and prof. serv.  |   3.120427   .3693854     9.61   0.000     2.474296    3.935286
   Education and healthcare  |   2.683275   .3574586     7.41   0.000     2.066666    3.483854
             Other services  |   1.795292   .2627712     4.00   0.000     1.347558    2.391789
                             |
                         occ |
       white collar - prof.  |   2.308242    .299496     6.45   0.000     1.789935    2.976633
white collar - tech. suport  |   3.540661   .4644724     9.64   0.000     2.737926    4.578751
       white collar - other  |   5.083334   .7437525    11.11   0.000     3.815994    6.771574
     blue collar - services  |   3.038095   .4024981     8.39   0.000     2.343317     3.93887
  blue collar - agriculture  |   .9986455   .1877865    -0.01   0.994      .690797    1.443684
     blue collar - artisans  |   1.976105   .2569232     5.24   0.000     1.531585    2.549641
       blue collar - equip.  |   2.118736   .2838306     5.60   0.000     1.629476    2.754899
                  unskilled  |   2.383774   .3299834     6.28   0.000     1.817331    3.126771
                             |
              public_servant |   .7568158   .0645592    -3.27   0.001     .6402942    .8945422
                   parent_10 |   1.070509   .0657494     1.11   0.267     .9490969    1.207453
                     married |   1.182628   .0836784     2.37   0.018     1.029486    1.358551
           married_parent_10 |   .8776313   .0840481    -1.36   0.173     .7274366    1.058837
                    divorced |   .9946249   .1198694    -0.04   0.964     .7853711    1.259632
                     widowed |   11.54563   12.76908     2.21   0.027     1.321347     100.883
                   part_time |   .4479723   .0345844   -10.40   0.000     .3850672    .5211537
                        erte |   2.287557   .2595828     7.29   0.000     1.831391    2.857346
                         age |   .9813037   .0077963    -2.38   0.018     .9661416    .9967037
                     college |   1.418013   .0725867     6.82   0.000      1.28265    1.567662
                      tenure |   1.012737     .00039    32.87   0.000     1.011973    1.013501
                       _cons |   .1580654   .0481711    -6.05   0.000      .086982    .2872395
----------------------------------------------------------------------------------------------
Note: _cons estimates baseline odds.
(est16 stored)

Logistic regression                                    Number of obs =  19,184
                                                       Wald chi2(28) = 1844.83
                                                       Prob > chi2   =  0.0000
Log pseudolikelihood = -4968474.3                      Pseudo R2     =  0.1545

----------------------------------------------------------------------------------------------
                             |               Robust
                   permanent | Odds ratio   std. err.      z    P>|z|     [95% conf. interval]
-----------------------------+----------------------------------------------------------------
                         act |
        manufactures, prim.  |   3.351755   .4676034     8.67   0.000     2.549888    4.405786
     extractive and energy.  |   4.740262   .6129855    12.03   0.000     3.678998    6.107665
         manufactures, sec.  |    6.33799   .8809733    13.28   0.000     4.826535    8.322764
               construction  |   1.749444   .2258392     4.33   0.000     1.358366    2.253115
      hospitality and sales  |   2.904809   .3445475     8.99   0.000     2.302259    3.665059
 Transport, storage and IT.  |   3.734947    .469167    10.49   0.000     2.919849    4.777586
  Financial and prof. serv.  |   3.333412   .4136391     9.70   0.000     2.613752     4.25122
   Education and healthcare  |   2.310155   .3224122     6.00   0.000     1.757295    3.036948
             Other services  |   1.567473   .2401068     2.93   0.003     1.160947    2.116351
                             |
                         occ |
       white collar - prof.  |   2.184611   .2824642     6.04   0.000     1.695572      2.8147
white collar - tech. suport  |   3.243263   .4330906     8.81   0.000     2.496414    4.213546
       white collar - other  |    4.83998   .7005671    10.89   0.000      3.64448    6.427639
     blue collar - services  |     2.8477   .3758831     7.93   0.000     2.198566    3.688492
  blue collar - agriculture  |   .7274314    .137728    -1.68   0.093     .5019148    1.054275
     blue collar - artisans  |   2.056206    .269559     5.50   0.000     1.590296    2.658613
       blue collar - equip.  |   2.374532   .3241732     6.33   0.000     1.817068    3.103021
                  unskilled  |    2.09337   .2883206     5.36   0.000     1.598121    2.742094
                             |
              public_servant |   .7576532   .0701184    -3.00   0.003     .6319671    .9083359
                   parent_10 |   1.047371   .0707198     0.69   0.493     .9175426    1.195569
                     married |   1.181777   .0911653     2.17   0.030     1.015948    1.374673
           married_parent_10 |   1.084031    .113847     0.77   0.442     .8823623    1.331792
                    divorced |   1.170082   .1629251     1.13   0.259     .8906205    1.537232
                     widowed |   .7069202   .5588381    -0.44   0.661     .1501323    3.328638
                   part_time |   .4786467   .0420671    -8.38   0.000     .4029072    .5686238
                        erte |   8.584394    3.61784     5.10   0.000     3.758166    19.60845
                         age |    .974152   .0086496    -2.95   0.003     .9573458    .9912532
                     college |   1.510249   .0865937     7.19   0.000     1.349717    1.689873
                      tenure |   1.012647   .0004264    29.85   0.000     1.011812    1.013483
                       _cons |   .2253244    .074651    -4.50   0.000     .1177067    .4313354
----------------------------------------------------------------------------------------------
Note: _cons estimates baseline odds.
(est17 stored)

Logistic regression                                    Number of obs =  18,051
                                                       Wald chi2(28) = 1439.15
                                                       Prob > chi2   =  0.0000
Log pseudolikelihood = -4934601.4                      Pseudo R2     =  0.1150

----------------------------------------------------------------------------------------------
                             |               Robust
                   permanent | Odds ratio   std. err.      z    P>|z|     [95% conf. interval]
-----------------------------+----------------------------------------------------------------
                         act |
        manufactures, prim.  |   4.452827   .6517964    10.20   0.000     3.342247    5.932436
     extractive and energy.  |   4.025824   .5852473     9.58   0.000     3.027699    5.352994
         manufactures, sec.  |   5.898262   .8352181    12.53   0.000     4.468795    7.784983
               construction  |   1.687132   .2199893     4.01   0.000     1.306649    2.178409
      hospitality and sales  |   2.798528   .3331901     8.64   0.000     2.216085    3.534052
 Transport, storage and IT.  |   2.987979   .3821323     8.56   0.000     2.325506    3.839173
  Financial and prof. serv.  |   2.549316    .319974     7.46   0.000     1.993362    3.260327
   Education and healthcare  |   2.060598   .2869714     5.19   0.000     1.568375    2.707302
             Other services  |   1.092171   .1651472     0.58   0.560     .8120453    1.468929
                             |
                         occ |
       white collar - prof.  |   2.558825   .3288389     7.31   0.000     1.989075    3.291773
white collar - tech. suport  |   3.186069    .420796     8.77   0.000     2.459427      4.1274
       white collar - other  |   5.909582   .8749706    12.00   0.000     4.421078    7.899241
     blue collar - services  |   2.868731   .3751319     8.06   0.000     2.220147    3.706789
  blue collar - agriculture  |   .8740705   .1658245    -0.71   0.478     .6026436    1.267746
     blue collar - artisans  |   2.527792   .3303034     7.10   0.000     1.956663    3.265629
       blue collar - equip.  |   2.734912   .3757689     7.32   0.000     2.089252    3.580107
                  unskilled  |   2.365098   .3300684     6.17   0.000     1.799108    3.109147
                             |
              public_servant |   .7090812   .0668798    -3.64   0.000     .5894018    .8530617
                   parent_10 |   1.022378   .0687344     0.33   0.742     .8961595    1.166374
                     married |   1.222393   .0992437     2.47   0.013     1.042566    1.433238
           married_parent_10 |   .7538799   .0816399    -2.61   0.009     .6097095    .9321404
                    divorced |   .7823594   .1149712    -1.67   0.095     .5865681    1.043504
                     widowed |   .3183834   .2182137    -1.67   0.095      .083091    1.219964
                   part_time |    .501813   .0445071    -7.77   0.000     .4217417    .5970865
                        erte |   1.648044   2.081276     0.40   0.692     .1386776    19.58534
                         age |    .962287   .0089232    -4.15   0.000     .9449559    .9799361
                     college |   1.342232   .0809613     4.88   0.000     1.192572    1.510674
                      tenure |   1.010628   .0004463    23.94   0.000     1.009753    1.011503
                       _cons |   .5725117   .1945459    -1.64   0.101     .2941281    1.114377
----------------------------------------------------------------------------------------------
Note: _cons estimates baseline odds.
(est18 stored)
