
. forvalues i=170/201{
  2.         eststo m`i': logistic inactive parent_10 i.age if ciclo==`i'&mili==0&age3040==1&woman==1&wife==1&
> (parent_10==1|(parent_10==0&parent_15==0&parent_5==0)) [pw=factorel], vce(robust)
  3. }

Logistic regression                                     Number of obs =  7,023
                                                        Wald chi2(2)  =  58.88
                                                        Prob > chi2   = 0.0000
Log pseudolikelihood = -1012951.1                       Pseudo R2     = 0.0201

------------------------------------------------------------------------------
             |               Robust
    inactive | Odds ratio   std. err.      z    P>|z|     [95% conf. interval]
-------------+----------------------------------------------------------------
   parent_10 |   2.651932   .3490978     7.41   0.000     2.048854    3.432526
      35.age |   1.015011   .0906333     0.17   0.867     .8520489    1.209141
       _cons |   .0785523   .0096652   -20.68   0.000       .06172    .0999751
------------------------------------------------------------------------------
Note: _cons estimates baseline odds.

Logistic regression                                     Number of obs =  6,870
                                                        Wald chi2(2)  =  82.21
                                                        Prob > chi2   = 0.0000
Log pseudolikelihood = -990110.47                       Pseudo R2     = 0.0295

------------------------------------------------------------------------------
             |               Robust
    inactive | Odds ratio   std. err.      z    P>|z|     [95% conf. interval]
-------------+----------------------------------------------------------------
   parent_10 |   3.407141   .4689459     8.91   0.000     2.601561    4.462171
      35.age |   .9822887   .0876919    -0.20   0.841     .8246123    1.170115
       _cons |   .0641278   .0083665   -21.05   0.000     .0496585    .0828131
------------------------------------------------------------------------------
Note: _cons estimates baseline odds.

Logistic regression                                     Number of obs =  6,540
                                                        Wald chi2(2)  =  66.32
                                                        Prob > chi2   = 0.0000
Log pseudolikelihood = -1033983.9                       Pseudo R2     = 0.0257

------------------------------------------------------------------------------
             |               Robust
    inactive | Odds ratio   std. err.      z    P>|z|     [95% conf. interval]
-------------+----------------------------------------------------------------
   parent_10 |   3.097425   .4316003     8.11   0.000     2.357182    4.070134
      35.age |   .8575932   .0748462    -1.76   0.078     .7227581    1.017583
       _cons |   .0843885   .0114968   -18.15   0.000     .0646129    .1102168
------------------------------------------------------------------------------
Note: _cons estimates baseline odds.

Logistic regression                                     Number of obs =  6,586
                                                        Wald chi2(2)  =  60.03
                                                        Prob > chi2   = 0.0000
Log pseudolikelihood = -965402.94                       Pseudo R2     = 0.0247

------------------------------------------------------------------------------
             |               Robust
    inactive | Odds ratio   std. err.      z    P>|z|     [95% conf. interval]
-------------+----------------------------------------------------------------
   parent_10 |   2.964721    .430771     7.48   0.000     2.230001    3.941509
      35.age |   .7339888    .065142    -3.48   0.000     .6168005    .8734422
       _cons |   .0852535   .0117855   -17.81   0.000     .0650192    .1117849
------------------------------------------------------------------------------
Note: _cons estimates baseline odds.

Logistic regression                                     Number of obs =  6,487
                                                        Wald chi2(2)  =  81.56
                                                        Prob > chi2   = 0.0000
Log pseudolikelihood = -960459.71                       Pseudo R2     = 0.0299

------------------------------------------------------------------------------
             |               Robust
    inactive | Odds ratio   std. err.      z    P>|z|     [95% conf. interval]
-------------+----------------------------------------------------------------
   parent_10 |   3.280194   .4422109     8.81   0.000     2.518529    4.272205
      35.age |   .7051406   .0612165    -4.02   0.000      .594811    .8359347
       _cons |   .0829234   .0104054   -19.84   0.000     .0648435    .1060443
------------------------------------------------------------------------------
Note: _cons estimates baseline odds.

Logistic regression                                     Number of obs =  6,424
                                                        Wald chi2(2)  = 102.22
                                                        Prob > chi2   = 0.0000
Log pseudolikelihood = -935207.6                        Pseudo R2     = 0.0335

------------------------------------------------------------------------------
             |               Robust
    inactive | Odds ratio   std. err.      z    P>|z|     [95% conf. interval]
-------------+----------------------------------------------------------------
   parent_10 |   3.612503   .4728517     9.81   0.000     2.795065    4.669008
      35.age |   .6910069   .0588979    -4.34   0.000     .5846962    .8166472
       _cons |    .075359   .0092692   -21.02   0.000     .0592156    .0959033
------------------------------------------------------------------------------
Note: _cons estimates baseline odds.

Logistic regression                                     Number of obs =  6,360
                                                        Wald chi2(2)  =  74.10
                                                        Prob > chi2   = 0.0000
Log pseudolikelihood = -992138.44                       Pseudo R2     = 0.0257

------------------------------------------------------------------------------
             |               Robust
    inactive | Odds ratio   std. err.      z    P>|z|     [95% conf. interval]
-------------+----------------------------------------------------------------
   parent_10 |   2.889321   .3614184     8.48   0.000     2.261106    3.692076
      35.age |   .7506418   .0630603    -3.41   0.001     .6366851    .8849951
       _cons |   .0983993   .0114216   -19.98   0.000     .0783772    .1235362
------------------------------------------------------------------------------
Note: _cons estimates baseline odds.

Logistic regression                                     Number of obs =  6,331
                                                        Wald chi2(2)  =  70.02
                                                        Prob > chi2   = 0.0000
Log pseudolikelihood = -987604.73                       Pseudo R2     = 0.0244

------------------------------------------------------------------------------
             |               Robust
    inactive | Odds ratio   std. err.      z    P>|z|     [95% conf. interval]
-------------+----------------------------------------------------------------
   parent_10 |   2.703377   .3323745     8.09   0.000     2.124483    3.440013
      35.age |   .7224483    .061096    -3.84   0.000        .6121    .8526902
       _cons |   .1059441   .0121688   -19.54   0.000     .0845877    .1326925
------------------------------------------------------------------------------
Note: _cons estimates baseline odds.

Logistic regression                                     Number of obs =  6,366
                                                        Wald chi2(2)  =  69.70
                                                        Prob > chi2   = 0.0000
Log pseudolikelihood = -992985.04                       Pseudo R2     = 0.0243

------------------------------------------------------------------------------
             |               Robust
    inactive | Odds ratio   std. err.      z    P>|z|     [95% conf. interval]
-------------+----------------------------------------------------------------
   parent_10 |   2.696887   .3286098     8.14   0.000     2.123957    3.424363
      35.age |   .7253332   .0616099    -3.78   0.000     .6140961    .8567196
       _cons |    .109244   .0122873   -19.69   0.000     .0876311    .1361875
------------------------------------------------------------------------------
Note: _cons estimates baseline odds.

Logistic regression                                     Number of obs =  6,173
                                                        Wald chi2(2)  =  60.79
                                                        Prob > chi2   = 0.0000
Log pseudolikelihood = -997372.26                       Pseudo R2     = 0.0210

------------------------------------------------------------------------------
             |               Robust
    inactive | Odds ratio   std. err.      z    P>|z|     [95% conf. interval]
-------------+----------------------------------------------------------------
   parent_10 |   2.514417   .3033555     7.64   0.000     1.984919    3.185163
      35.age |   .7733092   .0657199    -3.02   0.002     .6546566    .9134668
       _cons |    .115814   .0132046   -18.91   0.000     .0926214    .1448143
------------------------------------------------------------------------------
Note: _cons estimates baseline odds.

Logistic regression                                     Number of obs =  6,069
                                                        Wald chi2(2)  =  77.56
                                                        Prob > chi2   = 0.0000
Log pseudolikelihood = -1006672.3                       Pseudo R2     = 0.0239

------------------------------------------------------------------------------
             |               Robust
    inactive | Odds ratio   std. err.      z    P>|z|     [95% conf. interval]
-------------+----------------------------------------------------------------
   parent_10 |    2.56803   .2905949     8.33   0.000     2.057213    3.205686
      35.age |    .690256   .0569115    -4.50   0.000     .5872578    .8113188
       _cons |   .1269142   .0134819   -19.43   0.000     .1030597    .1562903
------------------------------------------------------------------------------
Note: _cons estimates baseline odds.

Logistic regression                                     Number of obs =  6,085
                                                        Wald chi2(2)  =  64.76
                                                        Prob > chi2   = 0.0000
Log pseudolikelihood = -964097.41                       Pseudo R2     = 0.0212

------------------------------------------------------------------------------
             |               Robust
    inactive | Odds ratio   std. err.      z    P>|z|     [95% conf. interval]
-------------+----------------------------------------------------------------
   parent_10 |   2.564592   .3119371     7.74   0.000     2.020621    3.255007
      35.age |   .7562056   .0643681    -3.28   0.001     .6400084    .8934989
       _cons |   .1097691   .0129095   -18.79   0.000     .0871713    .1382251
------------------------------------------------------------------------------
Note: _cons estimates baseline odds.

Logistic regression                                     Number of obs =  6,078
                                                        Wald chi2(2)  =  60.79
                                                        Prob > chi2   = 0.0000
Log pseudolikelihood = -996188.07                       Pseudo R2     = 0.0199

------------------------------------------------------------------------------
             |               Robust
    inactive | Odds ratio   std. err.      z    P>|z|     [95% conf. interval]
-------------+----------------------------------------------------------------
   parent_10 |   2.315729   .2715363     7.16   0.000     1.840255    2.914053
      35.age |   .6840557   .0572416    -4.54   0.000     .5805814    .8059716
       _cons |   .1392248   .0153186   -17.92   0.000     .1122175    .1727319
------------------------------------------------------------------------------
Note: _cons estimates baseline odds.

Logistic regression                                     Number of obs =  6,012
                                                        Wald chi2(2)  =  57.06
                                                        Prob > chi2   = 0.0000
Log pseudolikelihood = -942966.32                       Pseudo R2     = 0.0217

------------------------------------------------------------------------------
             |               Robust
    inactive | Odds ratio   std. err.      z    P>|z|     [95% conf. interval]
-------------+----------------------------------------------------------------
   parent_10 |   2.644154   .3408585     7.54   0.000       2.0538    3.404202
      35.age |    .818803   .0715161    -2.29   0.022     .6899754    .9716845
       _cons |   .1048725    .012565   -18.82   0.000     .0829234    .1326313
------------------------------------------------------------------------------
Note: _cons estimates baseline odds.

Logistic regression                                     Number of obs =  5,902
                                                        Wald chi2(2)  =  66.34
                                                        Prob > chi2   = 0.0000
Log pseudolikelihood = -973307.63                       Pseudo R2     = 0.0239

------------------------------------------------------------------------------
             |               Robust
    inactive | Odds ratio   std. err.      z    P>|z|     [95% conf. interval]
-------------+----------------------------------------------------------------
   parent_10 |   2.687593    .338409     7.85   0.000     2.099831    3.439876
      35.age |   1.009145   .0888131     0.10   0.918       .84926     1.19913
       _cons |   .0998444   .0117408   -19.59   0.000     .0792922    .1257237
------------------------------------------------------------------------------
Note: _cons estimates baseline odds.

Logistic regression                                     Number of obs =  6,039
                                                        Wald chi2(2)  =  62.79
                                                        Prob > chi2   = 0.0000
Log pseudolikelihood = -932846.07                       Pseudo R2     = 0.0236

------------------------------------------------------------------------------
             |               Robust
    inactive | Odds ratio   std. err.      z    P>|z|     [95% conf. interval]
-------------+----------------------------------------------------------------
   parent_10 |   2.725789   .3450532     7.92   0.000     2.126866    3.493369
      35.age |   .8458681   .0747171    -1.90   0.058      .711401    1.005752
       _cons |   .1007542   .0120175   -19.24   0.000     .0797509    .1272889
------------------------------------------------------------------------------
Note: _cons estimates baseline odds.

Logistic regression                                     Number of obs =  6,049
                                                        Wald chi2(2)  =  64.92
                                                        Prob > chi2   = 0.0000
Log pseudolikelihood = -927214.3                        Pseudo R2     = 0.0284

------------------------------------------------------------------------------
             |               Robust
    inactive | Odds ratio   std. err.      z    P>|z|     [95% conf. interval]
-------------+----------------------------------------------------------------
   parent_10 |   2.967402   .4022335     8.02   0.000     2.275073    3.870413
      35.age |   .7906714   .0711244    -2.61   0.009     .6628675    .9431166
       _cons |   .1001051   .0127046   -18.13   0.000     .0780598    .1283763
------------------------------------------------------------------------------
Note: _cons estimates baseline odds.

Logistic regression                                     Number of obs =  5,947
                                                        Wald chi2(2)  =  53.74
                                                        Prob > chi2   = 0.0000
Log pseudolikelihood = -908195.03                       Pseudo R2     = 0.0200

------------------------------------------------------------------------------
             |               Robust
    inactive | Odds ratio   std. err.      z    P>|z|     [95% conf. interval]
-------------+----------------------------------------------------------------
   parent_10 |   2.489449   .3143154     7.22   0.000      1.94371    3.188417
      35.age |   .9563378   .0866207    -0.49   0.622     .8007803    1.142114
       _cons |   .0988445   .0116353   -19.66   0.000     .0784793    .1244945
------------------------------------------------------------------------------
Note: _cons estimates baseline odds.

Logistic regression                                     Number of obs =  5,745
                                                        Wald chi2(2)  =  51.44
                                                        Prob > chi2   = 0.0000
Log pseudolikelihood = -923350.88                       Pseudo R2     = 0.0197

------------------------------------------------------------------------------
             |               Robust
    inactive | Odds ratio   std. err.      z    P>|z|     [95% conf. interval]
-------------+----------------------------------------------------------------
   parent_10 |   2.436648   .3040676     7.14   0.000     1.907972    3.111815
      35.age |   .8568985   .0760751    -1.74   0.082     .7200456    1.019762
       _cons |   .1150811   .0139041   -17.90   0.000     .0908159    .1458297
------------------------------------------------------------------------------
Note: _cons estimates baseline odds.

Logistic regression                                     Number of obs =  5,626
                                                        Wald chi2(2)  =  45.36
                                                        Prob > chi2   = 0.0000
Log pseudolikelihood = -885220.67                       Pseudo R2     = 0.0191

------------------------------------------------------------------------------
             |               Robust
    inactive | Odds ratio   std. err.      z    P>|z|     [95% conf. interval]
-------------+----------------------------------------------------------------
   parent_10 |   2.386481    .311082     6.67   0.000     1.848427    3.081155
      35.age |   .7964831   .0741605    -2.44   0.015     .6636228    .9559427
       _cons |    .113881   .0137619   -17.98   0.000     .0898644    .1443161
------------------------------------------------------------------------------
Note: _cons estimates baseline odds.

Logistic regression                                     Number of obs =  5,406
                                                        Wald chi2(2)  =  39.40
                                                        Prob > chi2   = 0.0000
Log pseudolikelihood = -911237.04                       Pseudo R2     = 0.0161

------------------------------------------------------------------------------
             |               Robust
    inactive | Odds ratio   std. err.      z    P>|z|     [95% conf. interval]
-------------+----------------------------------------------------------------
   parent_10 |   2.129738   .2680849     6.01   0.000     1.664101    2.725667
      35.age |   .7401755   .0684348    -3.25   0.001     .6174969    .8872268
       _cons |    .139632   .0160951   -17.08   0.000     .1113958    .1750254
------------------------------------------------------------------------------
Note: _cons estimates baseline odds.

Logistic regression                                     Number of obs =  4,983
                                                        Wald chi2(2)  =  49.10
                                                        Prob > chi2   = 0.0000
Log pseudolikelihood = -1043090.6                       Pseudo R2     = 0.0205

------------------------------------------------------------------------------
             |               Robust
    inactive | Odds ratio   std. err.      z    P>|z|     [95% conf. interval]
-------------+----------------------------------------------------------------
   parent_10 |   2.313393   .2810575     6.90   0.000     1.823206    2.935372
      35.age |   .7429883   .0675552    -3.27   0.001     .6217096    .8879252
       _cons |   .1855423   .0200905   -15.56   0.000     .1500634    .2294093
------------------------------------------------------------------------------
Note: _cons estimates baseline odds.

Logistic regression                                     Number of obs =  4,826
                                                        Wald chi2(2)  =  48.44
                                                        Prob > chi2   = 0.0000
Log pseudolikelihood = -913134.1                        Pseudo R2     = 0.0219

------------------------------------------------------------------------------
             |               Robust
    inactive | Odds ratio   std. err.      z    P>|z|     [95% conf. interval]
-------------+----------------------------------------------------------------
   parent_10 |   2.561302   .3461784     6.96   0.000     1.965236    3.338157
      35.age |   .8302593   .0810168    -1.91   0.057     .6857304     1.00525
       _cons |   .1225326    .015298   -16.82   0.000     .0959358     .156503
------------------------------------------------------------------------------
Note: _cons estimates baseline odds.

Logistic regression                                     Number of obs =  4,759
                                                        Wald chi2(2)  =  46.20
                                                        Prob > chi2   = 0.0000
Log pseudolikelihood = -860903                          Pseudo R2     = 0.0220

------------------------------------------------------------------------------
             |               Robust
    inactive | Odds ratio   std. err.      z    P>|z|     [95% conf. interval]
-------------+----------------------------------------------------------------
   parent_10 |   2.623429   .3723036     6.80   0.000      1.98642    3.464714
      35.age |   .8450263   .0873875    -1.63   0.103     .6899922    1.034895
       _cons |   .1059247   .0138788   -17.13   0.000     .0819348    .1369386
------------------------------------------------------------------------------
Note: _cons estimates baseline odds.

Logistic regression                                     Number of obs =  4,481
                                                        Wald chi2(2)  =  38.53
                                                        Prob > chi2   = 0.0000
Log pseudolikelihood = -852384.95                       Pseudo R2     = 0.0219

------------------------------------------------------------------------------
             |               Robust
    inactive | Odds ratio   std. err.      z    P>|z|     [95% conf. interval]
-------------+----------------------------------------------------------------
   parent_10 |   2.573554   .3925724     6.20   0.000     1.908492    3.470375
      35.age |   .8292886   .0897519    -1.73   0.084     .6707833    1.025248
       _cons |   .1110483   .0159323   -15.32   0.000     .0838279    .1471076
------------------------------------------------------------------------------
Note: _cons estimates baseline odds.

Logistic regression                                     Number of obs =  4,246
                                                        Wald chi2(2)  =  34.61
                                                        Prob > chi2   = 0.0000
Log pseudolikelihood = -826958.59                       Pseudo R2     = 0.0189

------------------------------------------------------------------------------
             |               Robust
    inactive | Odds ratio   std. err.      z    P>|z|     [95% conf. interval]
-------------+----------------------------------------------------------------
   parent_10 |   2.405437   .3612542     5.84   0.000     1.792085    3.228713
      35.age |   .8068987    .089372    -1.94   0.053     .6494414    1.002532
       _cons |   .1167698   .0165357   -15.17   0.000     .0884693    .1541235
------------------------------------------------------------------------------
Note: _cons estimates baseline odds.

Logistic regression                                     Number of obs =  3,965
                                                        Wald chi2(2)  =  35.55
                                                        Prob > chi2   = 0.0000
Log pseudolikelihood = -815464.01                       Pseudo R2     = 0.0224

------------------------------------------------------------------------------
             |               Robust
    inactive | Odds ratio   std. err.      z    P>|z|     [95% conf. interval]
-------------+----------------------------------------------------------------
   parent_10 |   2.628637   .4260857     5.96   0.000     1.913181    3.611645
      35.age |   .7664336   .0919034    -2.22   0.027     .6059079     .969488
       _cons |   .1102341    .015611   -15.57   0.000     .0835164    .1454991
------------------------------------------------------------------------------
Note: _cons estimates baseline odds.

Logistic regression                                     Number of obs =  4,006
                                                        Wald chi2(2)  =  41.23
                                                        Prob > chi2   = 0.0000
Log pseudolikelihood = -795748.11                       Pseudo R2     = 0.0304

------------------------------------------------------------------------------
             |               Robust
    inactive | Odds ratio   std. err.      z    P>|z|     [95% conf. interval]
-------------+----------------------------------------------------------------
   parent_10 |   3.148254   .5623875     6.42   0.000     2.218276     4.46811
      35.age |   .7403653   .0878643    -2.53   0.011     .5867163     .934252
       _cons |   .0953128   .0148752   -15.06   0.000      .070195    .1294183
------------------------------------------------------------------------------
Note: _cons estimates baseline odds.

Logistic regression                                     Number of obs =  4,010
                                                        Wald chi2(2)  =  43.67
                                                        Prob > chi2   = 0.0000
Log pseudolikelihood = -814524.31                       Pseudo R2     = 0.0267

------------------------------------------------------------------------------
             |               Robust
    inactive | Odds ratio   std. err.      z    P>|z|     [95% conf. interval]
-------------+----------------------------------------------------------------
   parent_10 |   2.837616   .4478837     6.61   0.000      2.08258     3.86639
      35.age |   .7851093    .089132    -2.13   0.033     .6284848     .980766
       _cons |    .106833    .015134   -15.79   0.000     .0809327     .141022
------------------------------------------------------------------------------
Note: _cons estimates baseline odds.

Logistic regression                                     Number of obs =  4,059
                                                        Wald chi2(2)  =  57.36
                                                        Prob > chi2   = 0.0000
Log pseudolikelihood = -811994.73                       Pseudo R2     = 0.0321

------------------------------------------------------------------------------
             |               Robust
    inactive | Odds ratio   std. err.      z    P>|z|     [95% conf. interval]
-------------+----------------------------------------------------------------
   parent_10 |   3.077246   .4899623     7.06   0.000     2.252336    4.204278
      35.age |   .9041517   .1057251    -0.86   0.389     .7189652    1.137037
       _cons |   .0926513   .0121365   -18.16   0.000     .0716724    .1197708
------------------------------------------------------------------------------
Note: _cons estimates baseline odds.

Logistic regression                                     Number of obs =  3,926
                                                        Wald chi2(2)  =  54.11
                                                        Prob > chi2   = 0.0000
Log pseudolikelihood = -789619.67                       Pseudo R2     = 0.0349

------------------------------------------------------------------------------
             |               Robust
    inactive | Odds ratio   std. err.      z    P>|z|     [95% conf. interval]
-------------+----------------------------------------------------------------
   parent_10 |   3.252326   .5217598     7.35   0.000     2.374864    4.453993
      35.age |   .8321006    .093602    -1.63   0.102       .66746    1.037353
       _cons |   .0918543   .0140507   -15.61   0.000     .0680602    .1239669
------------------------------------------------------------------------------
Note: _cons estimates baseline odds.

Logistic regression                                     Number of obs =  3,859
                                                        Wald chi2(2)  =  71.54
                                                        Prob > chi2   = 0.0000
Log pseudolikelihood = -777822.51                       Pseudo R2     = 0.0430

------------------------------------------------------------------------------
             |               Robust
    inactive | Odds ratio   std. err.      z    P>|z|     [95% conf. interval]
-------------+----------------------------------------------------------------
   parent_10 |   3.543411   .5459878     8.21   0.000     2.619774    4.792689
      35.age |   .6165569   .0691253    -4.31   0.000     .4949263    .7680787
       _cons |   .0999279   .0138569   -16.61   0.000     .0761467    .1311361
------------------------------------------------------------------------------
Note: _cons estimates baseline odds.

. esttab `q1522' using "./regtabs/tex/prob_perm_stocks_w_age3040_parent_10_agefix_cohab_age_only.csv", se efor
> m replace
(file ./regtabs/tex/prob_perm_stocks_w_age3040_parent_10_agefix_cohab_age_only.csv not found)
(output written to ./regtabs/tex/prob_perm_stocks_w_age3040_parent_10_agefix_cohab_age_only.csv)

. log close
