
. forvalues i=170/201{
  2. logistic permanent parent_10 i.age if ciclo==`i'&mili==0&age3040==1&woman==1&wife==1&(parent_10==1|(paren
> t_10==0&parent_15==0&parent_5==0))&act!=. [pw=factorel], vce(robust)
  3. }

Logistic regression                                     Number of obs =  5,393
                                                        Wald chi2(2)  =   0.67
                                                        Prob > chi2   = 0.7139
Log pseudolikelihood = -1285636.8                       Pseudo R2     = 0.0002

------------------------------------------------------------------------------
             |               Robust
   permanent | Odds ratio   std. err.      z    P>|z|     [95% conf. interval]
-------------+----------------------------------------------------------------
   parent_10 |   1.054847   .0879258     0.64   0.522      .895856    1.242054
      35.age |   1.025501   .0737819     0.35   0.726     .8906245    1.180804
       _cons |   1.407788   .1073923     4.48   0.000     1.212283    1.634823
------------------------------------------------------------------------------
Note: _cons estimates baseline odds.

Logistic regression                                     Number of obs =  5,315
                                                        Wald chi2(2)  =   0.63
                                                        Prob > chi2   = 0.7299
Log pseudolikelihood = -1288633.9                       Pseudo R2     = 0.0001

------------------------------------------------------------------------------
             |               Robust
   permanent | Odds ratio   std. err.      z    P>|z|     [95% conf. interval]
-------------+----------------------------------------------------------------
   parent_10 |   1.046321   .0862529     0.55   0.583     .8902185    1.229796
      35.age |   1.031279   .0744241     0.43   0.670     .8952573    1.187968
       _cons |   1.367241   .1023807     4.18   0.000     1.180609    1.583377
------------------------------------------------------------------------------
Note: _cons estimates baseline odds.

Logistic regression                                     Number of obs =  5,070
                                                        Wald chi2(2)  =   0.20
                                                        Prob > chi2   = 0.9047
Log pseudolikelihood = -1268992.9                       Pseudo R2     = 0.0000

------------------------------------------------------------------------------
             |               Robust
   permanent | Odds ratio   std. err.      z    P>|z|     [95% conf. interval]
-------------+----------------------------------------------------------------
   parent_10 |   .9851709   .0829544    -0.18   0.859      .835291    1.161944
      35.age |   .9742156   .0711804    -0.36   0.721     .8442336     1.12421
       _cons |   1.406002   .1077821     4.45   0.000     1.209857    1.633946
------------------------------------------------------------------------------
Note: _cons estimates baseline odds.

Logistic regression                                     Number of obs =  5,134
                                                        Wald chi2(2)  =   4.51
                                                        Prob > chi2   = 0.1051
Log pseudolikelihood = -1265809.5                       Pseudo R2     = 0.0010

------------------------------------------------------------------------------
             |               Robust
   permanent | Odds ratio   std. err.      z    P>|z|     [95% conf. interval]
-------------+----------------------------------------------------------------
   parent_10 |   1.055353   .0876697     0.65   0.517     .8967823    1.241962
      35.age |   1.138532   .0829771     1.78   0.075     .9869815    1.313353
       _cons |   1.218649    .090832     2.65   0.008     1.053015    1.410337
------------------------------------------------------------------------------
Note: _cons estimates baseline odds.

Logistic regression                                     Number of obs =  5,066
                                                        Wald chi2(2)  =  15.52
                                                        Prob > chi2   = 0.0004
Log pseudolikelihood = -1243136.7                       Pseudo R2     = 0.0033

------------------------------------------------------------------------------
             |               Robust
   permanent | Odds ratio   std. err.      z    P>|z|     [95% conf. interval]
-------------+----------------------------------------------------------------
   parent_10 |   1.048533   .0852127     0.58   0.560     .8941412    1.229583
      35.age |   1.299838   .0934735     3.65   0.000     1.128959    1.496582
       _cons |   1.129044    .083274     1.65   0.100     .9770786    1.304645
------------------------------------------------------------------------------
Note: _cons estimates baseline odds.

Logistic regression                                     Number of obs =  5,095
                                                        Wald chi2(2)  =   9.96
                                                        Prob > chi2   = 0.0069
Log pseudolikelihood = -1241314.4                       Pseudo R2     = 0.0021

------------------------------------------------------------------------------
             |               Robust
   permanent | Odds ratio   std. err.      z    P>|z|     [95% conf. interval]
-------------+----------------------------------------------------------------
   parent_10 |    .989461   .0794135    -0.13   0.895     .8454381    1.158019
      35.age |    1.24526   .0880597     3.10   0.002     1.084093    1.430387
       _cons |   1.183598   .0870026     2.29   0.022      1.02479    1.367015
------------------------------------------------------------------------------
Note: _cons estimates baseline odds.

Logistic regression                                     Number of obs =  5,068
                                                        Wald chi2(2)  =  10.90
                                                        Prob > chi2   = 0.0043
Log pseudolikelihood = -1245902.2                       Pseudo R2     = 0.0023

------------------------------------------------------------------------------
             |               Robust
   permanent | Odds ratio   std. err.      z    P>|z|     [95% conf. interval]
-------------+----------------------------------------------------------------
   parent_10 |   .9146023   .0727687    -1.12   0.262     .7825425    1.068948
      35.age |   1.260306   .0889961     3.28   0.001      1.09741    1.447383
       _cons |   1.218261   .0892222     2.70   0.007      1.05536    1.406307
------------------------------------------------------------------------------
Note: _cons estimates baseline odds.

Logistic regression                                     Number of obs =  5,076
                                                        Wald chi2(2)  =  21.79
                                                        Prob > chi2   = 0.0000
Log pseudolikelihood = -1242972                         Pseudo R2     = 0.0046

------------------------------------------------------------------------------
             |               Robust
   permanent | Odds ratio   std. err.      z    P>|z|     [95% conf. interval]
-------------+----------------------------------------------------------------
   parent_10 |   .8650379   .0682112    -1.84   0.066     .7411652    1.009614
      35.age |   1.383761   .0977163     4.60   0.000     1.204903    1.589168
       _cons |   1.232969   .0887495     2.91   0.004     1.070736    1.419783
------------------------------------------------------------------------------
Note: _cons estimates baseline odds.

Logistic regression                                     Number of obs =  5,108
                                                        Wald chi2(2)  =  16.23
                                                        Prob > chi2   = 0.0003
Log pseudolikelihood = -1233005.8                       Pseudo R2     = 0.0035

------------------------------------------------------------------------------
             |               Robust
   permanent | Odds ratio   std. err.      z    P>|z|     [95% conf. interval]
-------------+----------------------------------------------------------------
   parent_10 |   .8499324    .066854    -2.07   0.039     .7285016    .9916039
      35.age |    1.31478   .0932187     3.86   0.000     1.144201    1.510789
       _cons |   1.285808   .0916933     3.53   0.000     1.118086    1.478689
------------------------------------------------------------------------------
Note: _cons estimates baseline odds.

Logistic regression                                     Number of obs =  4,938
                                                        Wald chi2(2)  =   9.66
                                                        Prob > chi2   = 0.0080
Log pseudolikelihood = -1216041.1                       Pseudo R2     = 0.0021

------------------------------------------------------------------------------
             |               Robust
   permanent | Odds ratio   std. err.      z    P>|z|     [95% conf. interval]
-------------+----------------------------------------------------------------
   parent_10 |   .8956605   .0713039    -1.38   0.166     .7662649    1.046906
      35.age |   1.241459   .0892098     3.01   0.003     1.078366    1.429219
       _cons |   1.276557   .0943323     3.30   0.001     1.104434    1.475504
------------------------------------------------------------------------------
Note: _cons estimates baseline odds.

Logistic regression                                     Number of obs =  4,847
                                                        Wald chi2(2)  =   9.50
                                                        Prob > chi2   = 0.0087
Log pseudolikelihood = -1209292.6                       Pseudo R2     = 0.0021

------------------------------------------------------------------------------
             |               Robust
   permanent | Odds ratio   std. err.      z    P>|z|     [95% conf. interval]
-------------+----------------------------------------------------------------
   parent_10 |   .9928514   .0793123    -0.09   0.928     .8489604    1.161131
      35.age |   1.244712   .0899442     3.03   0.002      1.08034    1.434094
       _cons |   1.182116   .0875537     2.26   0.024     1.022387    1.366798
------------------------------------------------------------------------------
Note: _cons estimates baseline odds.

Logistic regression                                     Number of obs =  4,906
                                                        Wald chi2(2)  =  17.90
                                                        Prob > chi2   = 0.0001
Log pseudolikelihood = -1211849.1                       Pseudo R2     = 0.0038

------------------------------------------------------------------------------
             |               Robust
   permanent | Odds ratio   std. err.      z    P>|z|     [95% conf. interval]
-------------+----------------------------------------------------------------
   parent_10 |    .956317   .0768055    -0.56   0.578     .8170311    1.119348
      35.age |   1.351658   .0965385     4.22   0.000     1.175093    1.554754
       _cons |   1.119186    .083945     1.50   0.133      .966179    1.296424
------------------------------------------------------------------------------
Note: _cons estimates baseline odds.

Logistic regression                                     Number of obs =  4,913
                                                        Wald chi2(2)  =  12.52
                                                        Prob > chi2   = 0.0019
Log pseudolikelihood = -1192546                         Pseudo R2     = 0.0027

------------------------------------------------------------------------------
             |               Robust
   permanent | Odds ratio   std. err.      z    P>|z|     [95% conf. interval]
-------------+----------------------------------------------------------------
   parent_10 |   .8930816   .0714373    -1.41   0.157     .7634908    1.044668
      35.age |   1.280342   .0912242     3.47   0.001     1.113469    1.472224
       _cons |   1.212868   .0903468     2.59   0.010     1.048111    1.403524
------------------------------------------------------------------------------
Note: _cons estimates baseline odds.

Logistic regression                                     Number of obs =  4,861
                                                        Wald chi2(2)  =  14.64
                                                        Prob > chi2   = 0.0007
Log pseudolikelihood = -1162771.7                       Pseudo R2     = 0.0033

------------------------------------------------------------------------------
             |               Robust
   permanent | Odds ratio   std. err.      z    P>|z|     [95% conf. interval]
-------------+----------------------------------------------------------------
   parent_10 |   .8755617   .0713718    -1.63   0.103      .746278    1.027242
      35.age |   1.310031   .0944845     3.74   0.000     1.137338    1.508945
       _cons |   1.303847   .0977649     3.54   0.000     1.125647    1.510259
------------------------------------------------------------------------------
Note: _cons estimates baseline odds.

Logistic regression                                     Number of obs =  4,827
                                                        Wald chi2(2)  =  16.25
                                                        Prob > chi2   = 0.0003
Log pseudolikelihood = -1182719.7                       Pseudo R2     = 0.0037

------------------------------------------------------------------------------
             |               Robust
   permanent | Odds ratio   std. err.      z    P>|z|     [95% conf. interval]
-------------+----------------------------------------------------------------
   parent_10 |   .8404477   .0672509    -2.17   0.030     .7184546    .9831552
      35.age |   1.313848   .0945099     3.79   0.000     1.141077    1.512778
       _cons |   1.248833   .0917077     3.03   0.002     1.081426    1.442156
------------------------------------------------------------------------------
Note: _cons estimates baseline odds.

Logistic regression                                     Number of obs =  4,996
                                                        Wald chi2(2)  =  22.85
                                                        Prob > chi2   = 0.0000
Log pseudolikelihood = -1181740.9                       Pseudo R2     = 0.0050

------------------------------------------------------------------------------
             |               Robust
   permanent | Odds ratio   std. err.      z    P>|z|     [95% conf. interval]
-------------+----------------------------------------------------------------
   parent_10 |   .8125202   .0645836    -2.61   0.009      .695306    .9494944
      35.age |   1.378243   .0978847     4.52   0.000     1.199146    1.584088
       _cons |   1.306924    .093909     3.73   0.000     1.135239    1.504574
------------------------------------------------------------------------------
Note: _cons estimates baseline odds.

Logistic regression                                     Number of obs =  5,025
                                                        Wald chi2(2)  =  24.31
                                                        Prob > chi2   = 0.0000
Log pseudolikelihood = -1171737.5                       Pseudo R2     = 0.0051

------------------------------------------------------------------------------
             |               Robust
   permanent | Odds ratio   std. err.      z    P>|z|     [95% conf. interval]
-------------+----------------------------------------------------------------
   parent_10 |   .9067294   .0706013    -1.26   0.209      .778395    1.056222
      35.age |   1.413561   .0993008     4.93   0.000     1.231739    1.622222
       _cons |   1.147234   .0815202     1.93   0.053      .998085    1.318672
------------------------------------------------------------------------------
Note: _cons estimates baseline odds.

Logistic regression                                     Number of obs =  4,975
                                                        Wald chi2(2)  =   8.66
                                                        Prob > chi2   = 0.0132
Log pseudolikelihood = -1183312.8                       Pseudo R2     = 0.0019

------------------------------------------------------------------------------
             |               Robust
   permanent | Odds ratio   std. err.      z    P>|z|     [95% conf. interval]
-------------+----------------------------------------------------------------
   parent_10 |   .8604749   .0677916    -1.91   0.056      .737356    1.004151
      35.age |   1.201562   .0850244     2.59   0.009     1.045957    1.380316
       _cons |    1.27314   .0920886     3.34   0.001     1.104859     1.46705
------------------------------------------------------------------------------
Note: _cons estimates baseline odds.

Logistic regression                                     Number of obs =  4,822
                                                        Wald chi2(2)  =  19.41
                                                        Prob > chi2   = 0.0001
Log pseudolikelihood = -1169239                         Pseudo R2     = 0.0044

------------------------------------------------------------------------------
             |               Robust
   permanent | Odds ratio   std. err.      z    P>|z|     [95% conf. interval]
-------------+----------------------------------------------------------------
   parent_10 |   .8330596   .0672234    -2.26   0.024      .711195    .9758058
      35.age |   1.352106   .0977585     4.17   0.000     1.173459    1.557949
       _cons |   1.226532   .0909787     2.75   0.006     1.060572     1.41846
------------------------------------------------------------------------------
Note: _cons estimates baseline odds.

Logistic regression                                     Number of obs =  4,723
                                                        Wald chi2(2)  =  28.38
                                                        Prob > chi2   = 0.0000
Log pseudolikelihood = -1150126.9                       Pseudo R2     = 0.0067

------------------------------------------------------------------------------
             |               Robust
   permanent | Odds ratio   std. err.      z    P>|z|     [95% conf. interval]
-------------+----------------------------------------------------------------
   parent_10 |   .7975626    .065576    -2.75   0.006     .6788575    .9370245
      35.age |   1.458497   .1079439     5.10   0.000     1.261559    1.686177
       _cons |   1.222158   .0905873     2.71   0.007     1.056904     1.41325
------------------------------------------------------------------------------
Note: _cons estimates baseline odds.

Logistic regression                                     Number of obs =  4,518
                                                        Wald chi2(2)  =  14.35
                                                        Prob > chi2   = 0.0008
Log pseudolikelihood = -1135648.5                       Pseudo R2     = 0.0035

------------------------------------------------------------------------------
             |               Robust
   permanent | Odds ratio   std. err.      z    P>|z|     [95% conf. interval]
-------------+----------------------------------------------------------------
   parent_10 |   .9080062   .0764934    -1.15   0.252     .7698052    1.071018
      35.age |   1.333343   .1014654     3.78   0.000     1.148594    1.547808
       _cons |   1.117337   .0851669     1.46   0.146     .9622836    1.297375
------------------------------------------------------------------------------
Note: _cons estimates baseline odds.

Logistic regression                                     Number of obs =  4,168
                                                        Wald chi2(2)  =  16.46
                                                        Prob > chi2   = 0.0003
Log pseudolikelihood = -1120185.9                       Pseudo R2     = 0.0044

------------------------------------------------------------------------------
             |               Robust
   permanent | Odds ratio   std. err.      z    P>|z|     [95% conf. interval]
-------------+----------------------------------------------------------------
   parent_10 |   .8605362   .0756221    -1.71   0.087     .7243814    1.022283
      35.age |   1.373306   .1093597     3.98   0.000     1.174855     1.60528
       _cons |   1.039891   .0831943     0.49   0.625     .8889746    1.216428
------------------------------------------------------------------------------
Note: _cons estimates baseline odds.

Logistic regression                                     Number of obs =  4,013
                                                        Wald chi2(2)  =   5.56
                                                        Prob > chi2   = 0.0620
Log pseudolikelihood = -1094238.8                       Pseudo R2     = 0.0015

------------------------------------------------------------------------------
             |               Robust
   permanent | Odds ratio   std. err.      z    P>|z|     [95% conf. interval]
-------------+----------------------------------------------------------------
   parent_10 |   1.023517   .0919509     0.26   0.796     .8582714    1.220578
      35.age |    1.19868    .098401     2.21   0.027     1.020533    1.407925
       _cons |   1.064446   .0872177     0.76   0.446     .9065229    1.249881
------------------------------------------------------------------------------
Note: _cons estimates baseline odds.

Logistic regression                                     Number of obs =  3,956
                                                        Wald chi2(2)  =   4.71
                                                        Prob > chi2   = 0.0951
Log pseudolikelihood = -1080399.7                       Pseudo R2     = 0.0014

------------------------------------------------------------------------------
             |               Robust
   permanent | Odds ratio   std. err.      z    P>|z|     [95% conf. interval]
-------------+----------------------------------------------------------------
   parent_10 |   .8915247   .0815087    -1.26   0.209     .7452659    1.066487
      35.age |   1.183168   .0988484     2.01   0.044     1.004459    1.393672
       _cons |   1.203014   .1013423     2.19   0.028     1.019918    1.418979
------------------------------------------------------------------------------
Note: _cons estimates baseline odds.

Logistic regression                                     Number of obs =  3,718
                                                        Wald chi2(2)  =   5.36
                                                        Prob > chi2   = 0.0686
Log pseudolikelihood = -1076409.8                       Pseudo R2     = 0.0017

------------------------------------------------------------------------------
             |               Robust
   permanent | Odds ratio   std. err.      z    P>|z|     [95% conf. interval]
-------------+----------------------------------------------------------------
   parent_10 |   .8473395   .0802117    -1.75   0.080     .7038501    1.020081
      35.age |   1.172914   .1026845     1.82   0.068     .9879762     1.39247
       _cons |   1.239403    .111052     2.40   0.017     1.039786    1.477343
------------------------------------------------------------------------------
Note: _cons estimates baseline odds.

Logistic regression                                     Number of obs =  3,446
                                                        Wald chi2(2)  =   4.53
                                                        Prob > chi2   = 0.1039
Log pseudolikelihood = -1022305.3                       Pseudo R2     = 0.0017

------------------------------------------------------------------------------
             |               Robust
   permanent | Odds ratio   std. err.      z    P>|z|     [95% conf. interval]
-------------+----------------------------------------------------------------
   parent_10 |   1.023108   .1034849     0.23   0.821     .8391206    1.247436
      35.age |   1.208591   .1126966     2.03   0.042     1.006718    1.450944
       _cons |   1.106753   .1066382     1.05   0.292     .9162954    1.336798
------------------------------------------------------------------------------
Note: _cons estimates baseline odds.

Logistic regression                                     Number of obs =  3,249
                                                        Wald chi2(2)  =  11.40
                                                        Prob > chi2   = 0.0034
Log pseudolikelihood = -1021220.8                       Pseudo R2     = 0.0042

------------------------------------------------------------------------------
             |               Robust
   permanent | Odds ratio   std. err.      z    P>|z|     [95% conf. interval]
-------------+----------------------------------------------------------------
   parent_10 |     .79272   .0849003    -2.17   0.030     .6426228    .9778755
      35.age |   1.331632   .1288739     2.96   0.003     1.101554    1.609765
       _cons |   1.295567   .1321442     2.54   0.011     1.060815    1.582268
------------------------------------------------------------------------------
Note: _cons estimates baseline odds.

Logistic regression                                     Number of obs =  3,293
                                                        Wald chi2(2)  =  26.08
                                                        Prob > chi2   = 0.0000
Log pseudolikelihood = -1021148.4                       Pseudo R2     = 0.0095

------------------------------------------------------------------------------
             |               Robust
   permanent | Odds ratio   std. err.      z    P>|z|     [95% conf. interval]
-------------+----------------------------------------------------------------
   parent_10 |   .6845613   .0745534    -3.48   0.001     .5529817    .8474497
      35.age |   1.514857   .1463003     4.30   0.000     1.253618    1.830536
       _cons |   1.305353   .1374464     2.53   0.011     1.061943    1.604556
------------------------------------------------------------------------------
Note: _cons estimates baseline odds.

Logistic regression                                     Number of obs =  3,304
                                                        Wald chi2(2)  =  37.28
                                                        Prob > chi2   = 0.0000
Log pseudolikelihood = -1020838.2                       Pseudo R2     = 0.0134

------------------------------------------------------------------------------
             |               Robust
   permanent | Odds ratio   std. err.      z    P>|z|     [95% conf. interval]
-------------+----------------------------------------------------------------
   parent_10 |   .5878423    .062342    -5.01   0.000     .4775171    .7236569
      35.age |    1.52927   .1456629     4.46   0.000     1.268841    1.843151
       _cons |    1.38927   .1398759     3.27   0.001     1.140474    1.692343
------------------------------------------------------------------------------
Note: _cons estimates baseline odds.

Logistic regression                                     Number of obs =  3,352
                                                        Wald chi2(2)  =  29.79
                                                        Prob > chi2   = 0.0000
Log pseudolikelihood = -1022729.9                       Pseudo R2     = 0.0116

------------------------------------------------------------------------------
             |               Robust
   permanent | Odds ratio   std. err.      z    P>|z|     [95% conf. interval]
-------------+----------------------------------------------------------------
   parent_10 |   .5756871   .0598892    -5.31   0.000     .4694996    .7058911
      35.age |   1.260499   .1198777     2.43   0.015     1.046142     1.51878
       _cons |   1.805227   .1755317     6.07   0.000     1.491987    2.184231
------------------------------------------------------------------------------
Note: _cons estimates baseline odds.

Logistic regression                                     Number of obs =  3,267
                                                        Wald chi2(2)  =  28.51
                                                        Prob > chi2   = 0.0000
Log pseudolikelihood = -992833.43                       Pseudo R2     = 0.0110

------------------------------------------------------------------------------
             |               Robust
   permanent | Odds ratio   std. err.      z    P>|z|     [95% conf. interval]
-------------+----------------------------------------------------------------
   parent_10 |   .5834883   .0604029    -5.20   0.000     .4763384    .7147412
      35.age |   1.264831   .1205308     2.47   0.014     1.049345    1.524568
       _cons |   2.017043   .1914985     7.39   0.000     1.674564    2.429564
------------------------------------------------------------------------------
Note: _cons estimates baseline odds.

Logistic regression                                     Number of obs =  3,217
                                                        Wald chi2(2)  =  10.25
                                                        Prob > chi2   = 0.0059
Log pseudolikelihood = -977939.71                       Pseudo R2     = 0.0040

------------------------------------------------------------------------------
             |               Robust
   permanent | Odds ratio   std. err.      z    P>|z|     [95% conf. interval]
-------------+----------------------------------------------------------------
   parent_10 |   .7217516   .0735753    -3.20   0.001     .5910393    .8813718
      35.age |   1.084718    .102263     0.86   0.388     .9017138    1.304862
       _cons |   2.061908   .1948802     7.66   0.000     1.713241    2.481533
------------------------------------------------------------------------------
Note: _cons estimates baseline odds.

. log close
