note: erte omitted because of collinearity.

Logistic regression                                    Number of obs =  51,978
                                                       Wald chi2(27) = 5052.27
                                                       Prob > chi2   =  0.0000
Log pseudolikelihood = -9184882.7                      Pseudo R2     =  0.1841

----------------------------------------------------------------------------------------------
                             |               Robust
                   permanent | Odds ratio   std. err.      z    P>|z|     [95% conf. interval]
-----------------------------+----------------------------------------------------------------
                         act |
        manufactures, prim.  |   13.84435   2.132876    17.06   0.000     10.23612    18.72447
     extractive and energy.  |   21.51694   3.513624    18.79   0.000     15.62366    29.63317
         manufactures, sec.  |   15.78976   2.663214    16.36   0.000     11.34503    21.97583
               construction  |   5.981916   1.042472    10.26   0.000     4.251096    8.417434
      hospitality and sales  |   8.718253   1.234263    15.30   0.000     6.605762    11.50631
 Transport, storage and IT.  |   11.07142   1.724089    15.44   0.000     8.159258    15.02298
  Financial and prof. serv.  |   9.720857   1.379825    16.02   0.000     7.360053    12.83891
   Education and healthcare  |   9.667895   1.395188    15.72   0.000     7.286077    12.82833
             Other services  |   7.693434   1.108275    14.16   0.000      5.80097    10.20328
                             |
                         occ |
       white collar - prof.  |   6.251187   .4787669    23.93   0.000     5.379855    7.263642
white collar - tech. suport  |   9.488347   .6923393    30.84   0.000     8.223954    10.94713
       white collar - other  |    11.5911   .8291726    34.25   0.000     10.07474    13.33569
     blue collar - services  |   8.289454    .565852    30.98   0.000     7.251393    9.476116
  blue collar - agriculture  |   2.095035   .4795954     3.23   0.001     1.337624    3.281318
     blue collar - artisans  |   3.137704   .3502434    10.24   0.000     2.521143     3.90505
       blue collar - equip.  |   6.042485   .6565136    16.56   0.000     4.883519    7.476499
                  unskilled  |   8.667171   .6526669    28.68   0.000     7.477889     10.0456
                             |
              public_servant |   .7217243   .0339552    -6.93   0.000     .6581495    .7914401
                    parent_5 |   .8140186   .0532705    -3.14   0.002     .7160289    .9254184
                     married |    .924882    .036212    -1.99   0.046     .8565627    .9986505
            married_parent_5 |   1.243342    .091929     2.95   0.003     1.075611    1.437228
                    divorced |   1.005795   .0595999     0.10   0.922     .8955099    1.129663
                     widowed |   1.336877   .2156517     1.80   0.072     .9745052    1.833998
                   part_time |   .6019825   .0202359   -15.10   0.000     .5635991    .6429798
                        erte |          1  (omitted)
                         age |   .9680656    .003686    -8.52   0.000      .960868    .9753171
                     college |    1.34353   .0481754     8.24   0.000      1.25235    1.441349
                      tenure |   1.013317   .0002537    52.84   0.000      1.01282    1.013814
                       _cons |   .0283412   .0058129   -17.37   0.000     .0189598    .0423646
----------------------------------------------------------------------------------------------
Note: _cons estimates baseline odds.
(est1 stored)
note: erte != 0 predicts failure perfectly;
      erte omitted and 1 obs not used.


Logistic regression                                    Number of obs =  45,341
                                                       Wald chi2(27) = 4574.85
                                                       Prob > chi2   =  0.0000
Log pseudolikelihood = -7889069.6                      Pseudo R2     =  0.1829

----------------------------------------------------------------------------------------------
                             |               Robust
                   permanent | Odds ratio   std. err.      z    P>|z|     [95% conf. interval]
-----------------------------+----------------------------------------------------------------
                         act |
        manufactures, prim.  |   10.18297   1.625215    14.54   0.000     7.447691    13.92283
     extractive and energy.  |    16.5169   2.871195    16.13   0.000     11.74792    23.22182
         manufactures, sec.  |   12.73042   2.184377    14.83   0.000      9.09468     17.8196
               construction  |   7.939045   1.326787    12.40   0.000     5.721554    11.01596
      hospitality and sales  |   8.453553   1.233998    14.62   0.000     6.350181    11.25363
 Transport, storage and IT.  |   11.09864   1.787284    14.95   0.000     8.094602    15.21753
  Financial and prof. serv.  |   9.575816   1.401278    15.44   0.000     7.188118    12.75664
   Education and healthcare  |   9.086563   1.356816    14.78   0.000     6.781054    12.17593
             Other services  |   6.336349   .9360412    12.50   0.000     4.743455    8.464151
                             |
                         occ |
       white collar - prof.  |   5.624305   .4667966    20.81   0.000     4.779939    6.617828
white collar - tech. suport  |    8.27277    .658053    26.56   0.000     7.078522    9.668505
       white collar - other  |   10.45015   .8144925    30.11   0.000     8.969728    12.17491
     blue collar - services  |   7.464096   .5495942    27.30   0.000      6.46103    8.622886
  blue collar - agriculture  |   1.281493   .3630832     0.88   0.381     .7354389    2.232984
     blue collar - artisans  |   3.835907   .4440239    11.61   0.000     3.057296    4.812808
       blue collar - equip.  |   4.819812   .5308637    14.28   0.000     3.883981    5.981128
                  unskilled  |   7.168701    .569843    24.78   0.000     6.134485    8.377276
                             |
              public_servant |   .5465562   .0266961   -12.37   0.000     .4966593    .6014661
                    parent_5 |   .8635898   .0552735    -2.29   0.022     .7617754    .9790121
                     married |   .8756857    .034821    -3.34   0.001     .8100294    .9466637
            married_parent_5 |   1.151458   .0844048     1.92   0.054     .9973623    1.329362
                    divorced |   .9992276   .0581208    -0.01   0.989     .8915663     1.11989
                     widowed |   .7241815   .1194772    -1.96   0.050        .5241    1.000646
                   part_time |   .6106373    .020804   -14.48   0.000     .5711938    .6528046
                        erte |          1  (omitted)
                         age |   .9738017   .0036102    -7.16   0.000     .9667515    .9809033
                     college |   1.355364   .0488761     8.43   0.000     1.262876    1.454626
                      tenure |   1.013713   .0002699    51.16   0.000     1.013184    1.014242
                       _cons |   .0288639    .005982   -17.11   0.000     .0192284    .0433278
----------------------------------------------------------------------------------------------
Note: _cons estimates baseline odds.
(est2 stored)
note: erte != 0 predicts success perfectly;
      erte omitted and 1 obs not used.


Logistic regression                                    Number of obs =  48,457
                                                       Wald chi2(27) = 4678.32
                                                       Prob > chi2   =  0.0000
Log pseudolikelihood = -8419646.7                      Pseudo R2     =  0.1580

----------------------------------------------------------------------------------------------
                             |               Robust
                   permanent | Odds ratio   std. err.      z    P>|z|     [95% conf. interval]
-----------------------------+----------------------------------------------------------------
                         act |
        manufactures, prim.  |   8.567256   1.204793    15.27   0.000     6.503382    11.28611
     extractive and energy.  |   15.55427   2.352098    18.15   0.000     11.56464    20.92027
         manufactures, sec.  |   11.91247   1.835766    16.08   0.000     8.806998    16.11298
               construction  |   6.050678   .8786266    12.40   0.000     4.551976    8.042815
      hospitality and sales  |   7.113169   .9051737    15.42   0.000     5.543001    9.128118
 Transport, storage and IT.  |   9.348005   1.329878    15.71   0.000     7.073335    12.35417
  Financial and prof. serv.  |   8.392328   1.071077    16.67   0.000     6.535025    10.77749
   Education and healthcare  |    6.84562   .8943678    14.72   0.000     5.299133    8.843429
             Other services  |   5.735825    .740841    13.52   0.000     4.453017    7.388178
                             |
                         occ |
       white collar - prof.  |   5.032438   .3839767    21.18   0.000     4.333427    5.844204
white collar - tech. suport  |    8.70148    .639676    29.43   0.000     7.533874    10.05004
       white collar - other  |   10.63039   .7555531    33.26   0.000     9.248055    12.21936
     blue collar - services  |   6.961956   .4760353    28.38   0.000     6.088761    7.960376
  blue collar - agriculture  |   1.260356   .2855436     1.02   0.307     .8084386    1.964897
     blue collar - artisans  |   3.329502   .3506854    11.42   0.000     2.708476    4.092922
       blue collar - equip.  |   3.336875   .3381703    11.89   0.000     2.735749    4.070087
                  unskilled  |   7.229676   .5356623    26.70   0.000     6.252468    8.359613
                             |
              public_servant |   .6172184   .0289347   -10.29   0.000     .5630348    .6766164
                    parent_5 |    1.00687   .0603384     0.11   0.909       .89529    1.132357
                     married |   .9875683   .0367944    -0.34   0.737     .9180227    1.062382
            married_parent_5 |   .9109744   .0624579    -1.36   0.174     .7964278    1.041996
                    divorced |    1.10202   .0613671     1.74   0.081     .9880745    1.229107
                     widowed |   1.156299   .1761208     0.95   0.340     .8578674    1.558548
                   part_time |   .6738081   .0219806   -12.10   0.000     .6320753    .7182964
                        erte |          1  (omitted)
                         age |   .9661642   .0033708    -9.87   0.000     .9595801    .9727935
                     college |   1.431207   .0491101    10.45   0.000     1.338118    1.530771
                      tenure |   1.012306   .0002571    48.16   0.000     1.011802     1.01281
                       _cons |    .052872   .0097655   -15.92   0.000     .0368137    .0759351
----------------------------------------------------------------------------------------------
Note: _cons estimates baseline odds.
(est3 stored)
note: erte != 0 predicts success perfectly;
      erte omitted and 1 obs not used.


Logistic regression                                    Number of obs =  48,947
                                                       Wald chi2(27) = 4148.05
                                                       Prob > chi2   =  0.0000
Log pseudolikelihood = -8736246.8                      Pseudo R2     =  0.1386

----------------------------------------------------------------------------------------------
                             |               Robust
                   permanent | Odds ratio   std. err.      z    P>|z|     [95% conf. interval]
-----------------------------+----------------------------------------------------------------
                         act |
        manufactures, prim.  |   6.345857   .9523283    12.31   0.000     4.728786    8.515905
     extractive and energy.  |   12.41574   1.987173    15.74   0.000      9.07268    16.99064
         manufactures, sec.  |   9.516159   1.569088    13.66   0.000     6.888266     13.1466
               construction  |    5.64286   .8750047    11.16   0.000     4.163979    7.646982
      hospitality and sales  |   5.230046   .7181193    12.05   0.000     3.996041    6.845119
 Transport, storage and IT.  |   7.932252   1.176362    13.96   0.000     5.931471    10.60793
  Financial and prof. serv.  |   5.562306   .7620203    12.53   0.000     4.252483    7.275571
   Education and healthcare  |   5.133743   .7197037    11.67   0.000      3.90035    6.757169
             Other services  |   4.937632    .682015    11.56   0.000     3.766567    6.472793
                             |
                         occ |
       white collar - prof.  |   4.919921   .3543487    22.12   0.000     4.272203    5.665842
white collar - tech. suport  |   7.910733   .5530036    29.59   0.000     6.897839    9.072362
       white collar - other  |    9.72754   .6628546    33.39   0.000     8.511388    11.11746
     blue collar - services  |    6.21701    .399723    28.42   0.000     5.480921    7.051957
  blue collar - agriculture  |   1.305825   .3256577     1.07   0.285     .8009498    2.128947
     blue collar - artisans  |   2.862204   .3031804     9.93   0.000     2.325608     3.52261
       blue collar - equip.  |   3.912325   .3880251    13.75   0.000     3.221162     4.75179
                  unskilled  |   7.205893   .5080802    28.01   0.000     6.275819    8.273803
                             |
              public_servant |   .5423818   .0256778   -12.92   0.000     .4943186    .5951182
                    parent_5 |    .923599   .0517252    -1.42   0.156     .8275853    1.030752
                     married |   .9362661   .0346352    -1.78   0.075     .8707849    1.006671
            married_parent_5 |   1.099877   .0715099     1.46   0.143     .9682828    1.249356
                    divorced |   1.014593    .054831     0.27   0.789     .9126218    1.127957
                     widowed |   1.345245   .1967611     2.03   0.043     1.009953     1.79185
                   part_time |   .6598426    .021293   -12.88   0.000     .6194016    .7029241
                        erte |          1  (omitted)
                         age |   .9771268   .0033621    -6.72   0.000     .9705593    .9837387
                     college |   1.454817   .0500219    10.90   0.000     1.360007    1.556238
                      tenure |   1.011446   .0002535    45.41   0.000      1.01095    1.011943
                       _cons |   .0580131   .0107824   -15.32   0.000     .0403015    .0835087
----------------------------------------------------------------------------------------------
Note: _cons estimates baseline odds.
(est4 stored)

Logistic regression                                    Number of obs =  49,201
                                                       Wald chi2(28) = 3722.64
                                                       Prob > chi2   =  0.0000
Log pseudolikelihood = -8376716.6                      Pseudo R2     =  0.1370

----------------------------------------------------------------------------------------------
                             |               Robust
                   permanent | Odds ratio   std. err.      z    P>|z|     [95% conf. interval]
-----------------------------+----------------------------------------------------------------
                         act |
        manufactures, prim.  |    9.83211   1.555975    14.44   0.000     7.210083    13.40767
     extractive and energy.  |   15.96592    2.65613    16.65   0.000     11.52354    22.12086
         manufactures, sec.  |   15.93276   2.771874    15.91   0.000     11.32934    22.40667
               construction  |   8.487743   1.398484    12.98   0.000     6.145312    11.72305
      hospitality and sales  |   6.996466   .9854129    13.81   0.000     5.308744    9.220738
 Transport, storage and IT.  |   9.368319   1.438631    14.57   0.000     6.933432    12.65829
  Financial and prof. serv.  |   6.959854   .9804064    13.77   0.000      5.28074    9.172874
   Education and healthcare  |     7.0831   1.017276    13.63   0.000     5.345319     9.38584
             Other services  |   6.388087   .9119341    12.99   0.000        4.829     8.45054
                             |
                         occ |
       white collar - prof.  |    5.39267   .3980255    22.83   0.000     4.666356    6.232035
white collar - tech. suport  |   8.807344   .6289015    30.47   0.000     7.657088    10.13039
       white collar - other  |   10.43492   .7299053    33.53   0.000     9.098062    11.96821
     blue collar - services  |   7.252159   .4738997    30.32   0.000     6.380353    8.243088
  blue collar - agriculture  |   2.750112   .6726952     4.14   0.000     1.702711    4.441808
     blue collar - artisans  |   2.852516   .3284601     9.10   0.000     2.276221    3.574718
       blue collar - equip.  |   4.964488   .5372225    14.81   0.000      4.01572    6.137417
                  unskilled  |   7.594993   .5511869    27.94   0.000     6.588001    8.755907
                             |
              public_servant |   .5432953    .025428   -13.04   0.000      .495675    .5954907
                    parent_5 |   1.001237   .0558186     0.02   0.982     .8975994     1.11684
                     married |   .9365897   .0361941    -1.70   0.090     .8682705    1.010285
            married_parent_5 |   1.009325   .0660017     0.14   0.887     .8879109    1.147342
                    divorced |   1.153016   .0648766     2.53   0.011     1.032621    1.287449
                     widowed |   1.294979   .2086444     1.60   0.109     .9443188    1.775851
                   part_time |   .6829342   .0223838   -11.64   0.000     .6404422    .7282455
                        erte |   13.53765   18.56576     1.90   0.057     .9208552    199.0194
                         age |   .9725644   .0034269    -7.90   0.000     .9658709    .9793042
                     college |   1.257131   .0449723     6.40   0.000     1.172006    1.348439
                      tenure |   1.011441   .0002729    42.16   0.000     1.010906    1.011976
                       _cons |   .0559937   .0106716   -15.12   0.000     .0385401    .0813515
----------------------------------------------------------------------------------------------
Note: _cons estimates baseline odds.
(est5 stored)
note: erte != 0 predicts success perfectly;
      erte omitted and 16 obs not used.


Logistic regression                                    Number of obs =  49,101
                                                       Wald chi2(27) = 3867.02
                                                       Prob > chi2   =  0.0000
Log pseudolikelihood = -7999954.9                      Pseudo R2     =  0.1543

----------------------------------------------------------------------------------------------
                             |               Robust
                   permanent | Odds ratio   std. err.      z    P>|z|     [95% conf. interval]
-----------------------------+----------------------------------------------------------------
                         act |
        manufactures, prim.  |   9.192313   1.289837    15.81   0.000     6.982111    12.10216
     extractive and energy.  |   15.84917   2.400808    18.24   0.000      11.7779    21.32776
         manufactures, sec.  |    12.3686   1.944053    16.00   0.000     9.089327    16.83098
               construction  |   8.005183   1.217721    13.67   0.000     5.941409    10.78582
      hospitality and sales  |   5.914247    .717519    14.65   0.000     4.662634    7.501836
 Transport, storage and IT.  |   8.538863   1.190946    15.38   0.000     6.496506    11.22329
  Financial and prof. serv.  |   6.524484   .7896254    15.50   0.000     5.146708    8.271091
   Education and healthcare  |     7.0904   .8856665    15.68   0.000     5.550685    9.057219
             Other services  |    6.23551   .7648771    14.92   0.000     4.902974    7.930204
                             |
                         occ |
       white collar - prof.  |   6.500041   .4933529    24.66   0.000     5.601572    7.542621
white collar - tech. suport  |   9.035158   .6593663    30.16   0.000     7.830994    10.42448
       white collar - other  |   13.31569   .9573989    36.01   0.000     11.56544    15.33081
     blue collar - services  |   8.905974   .5982257    32.55   0.000     7.807377    10.15916
  blue collar - agriculture  |   2.786644   .7156515     3.99   0.000     1.684536    4.609806
     blue collar - artisans  |   4.295022    .518305    12.08   0.000     3.390361    5.441076
       blue collar - equip.  |   4.510121   .4739788    14.33   0.000      3.67057    5.541699
                  unskilled  |   9.187208   .6830784    29.83   0.000     7.941378    10.62848
                             |
              public_servant |   .5236536    .025026   -13.54   0.000     .4768307    .5750743
                    parent_5 |   .9283379    .048701    -1.42   0.156     .8376289     1.02887
                     married |   1.050356   .0412084     1.25   0.210     .9726162     1.13431
            married_parent_5 |   1.056995   .0670222     0.87   0.382     .9334686    1.196868
                    divorced |   1.215194   .0682675     3.47   0.001     1.088495     1.35664
                     widowed |   1.512004   .2623031     2.38   0.017     1.076183    2.124319
                   part_time |   .6475734    .021498   -13.09   0.000     .6067796    .6911098
                        erte |          1  (omitted)
                         age |   .9631131    .003432   -10.55   0.000     .9564099    .9698632
                     college |   1.273073   .0448624     6.85   0.000     1.188112    1.364109
                      tenure |   1.013461   .0002979    45.48   0.000     1.012877    1.014045
                       _cons |   .0628772   .0115413   -15.07   0.000     .0438787    .0901017
----------------------------------------------------------------------------------------------
Note: _cons estimates baseline odds.
(est6 stored)
note: erte != 0 predicts success perfectly;
      erte omitted and 8 obs not used.


Logistic regression                                    Number of obs =  48,548
                                                       Wald chi2(27) = 3746.98
                                                       Prob > chi2   =  0.0000
Log pseudolikelihood = -8192865.3                      Pseudo R2     =  0.1355

----------------------------------------------------------------------------------------------
                             |               Robust
                   permanent | Odds ratio   std. err.      z    P>|z|     [95% conf. interval]
-----------------------------+----------------------------------------------------------------
                         act |
        manufactures, prim.  |   10.94407   1.769585    14.80   0.000     7.971592    15.02493
     extractive and energy.  |   16.86507   2.800708    17.01   0.000      12.1796    23.35304
         manufactures, sec.  |   14.45979   2.488916    15.52   0.000     10.31924    20.26173
               construction  |   9.479751    1.70357    12.52   0.000     6.665468    13.48227
      hospitality and sales  |   7.178784   1.047547    13.51   0.000     5.393135    9.555655
 Transport, storage and IT.  |   11.53793   1.831481    15.41   0.000     8.453015    15.74867
  Financial and prof. serv.  |   8.191161   1.198254    14.38   0.000      6.14931      10.911
   Education and healthcare  |   9.177635   1.364586    14.91   0.000     6.857551    12.28266
             Other services  |   6.780777   .9992905    12.99   0.000     5.079687     9.05153
                             |
                         occ |
       white collar - prof.  |    1.56404   .1297353     5.39   0.000     1.329357    1.840153
white collar - tech. suport  |   2.111727   .1836141     8.60   0.000     1.780845    2.504088
       white collar - other  |   3.028326   .2543946    13.19   0.000     2.568606    3.570326
     blue collar - services  |   1.712519   .1467012     6.28   0.000     1.447831    2.025595
  blue collar - agriculture  |   .7752009    .166374    -1.19   0.235     .5090131    1.180591
     blue collar - artisans  |   1.056974   .1287652     0.45   0.649     .8324672    1.342027
       blue collar - equip.  |   1.163302   .1393228     1.26   0.207     .9199166    1.471081
                  unskilled  |   2.322483   .2069597     9.46   0.000     1.950297    2.765695
                             |
              public_servant |    .586955   .0272312   -11.48   0.000     .5359375    .6428289
                    parent_5 |   .9608457   .0485961    -0.79   0.430     .8701676    1.060973
                     married |   .9280186   .0361536    -1.92   0.055     .8597966    1.001654
            married_parent_5 |   1.054008   .0655932     0.85   0.398     .9329793    1.190738
                    divorced |   .9880699   .0570316    -0.21   0.835      .882381    1.106418
                     widowed |   1.295605   .2539269     1.32   0.186     .8823575    1.902393
                   part_time |   .6846177   .0222694   -11.65   0.000     .6423327    .7296863
                        erte |          1  (omitted)
                         age |   .9651283   .0033692   -10.17   0.000     .9585474    .9717543
                     college |   1.221599   .0443225     5.52   0.000     1.137745    1.311633
                      tenure |   1.013648   .0002953    46.53   0.000      1.01307    1.014227
                       _cons |   .1894314   .0381683    -8.26   0.000     .1276275    .2811638
----------------------------------------------------------------------------------------------
Note: _cons estimates baseline odds.
(est7 stored)

Logistic regression                                    Number of obs =  46,305
                                                       Wald chi2(28) = 3766.69
                                                       Prob > chi2   =  0.0000
Log pseudolikelihood = -7733653                        Pseudo R2     =  0.1534

----------------------------------------------------------------------------------------------
                             |               Robust
                   permanent | Odds ratio   std. err.      z    P>|z|     [95% conf. interval]
-----------------------------+----------------------------------------------------------------
                         act |
        manufactures, prim.  |   18.07279    2.90801    17.99   0.000     13.18446    24.77355
     extractive and energy.  |   27.26306   4.609338    19.55   0.000     19.57324      37.974
         manufactures, sec.  |   26.75162   4.741444    18.54   0.000     18.90094    37.86314
               construction  |   12.73699    2.29621    14.11   0.000     8.945677    18.13512
      hospitality and sales  |   12.95593   1.890812    17.55   0.000     9.732912    17.24624
 Transport, storage and IT.  |   19.50576    3.09321    18.73   0.000     14.29486    26.61618
  Financial and prof. serv.  |   13.82466    2.01548    18.02   0.000     10.38864    18.39713
   Education and healthcare  |   16.57961   2.478224    18.79   0.000      12.3692    22.22322
             Other services  |   12.24143   1.800847    17.03   0.000     9.175105    16.33251
                             |
                         occ |
       white collar - prof.  |   1.735897   .1441889     6.64   0.000     1.475097    2.042807
white collar - tech. suport  |   2.366003   .2064062     9.87   0.000     1.994151    2.807196
       white collar - other  |   3.450157   .2900667    14.73   0.000     2.926007      4.0682
     blue collar - services  |   1.673912    .143307     6.02   0.000     1.415336    1.979729
  blue collar - agriculture  |   .6701967   .1415959    -1.89   0.058     .4429601    1.014005
     blue collar - artisans  |   .9837133   .1201568    -0.13   0.893     .7742792    1.249797
       blue collar - equip.  |   1.631255   .1963819     4.06   0.000     1.288393    2.065359
                  unskilled  |   2.640796   .2348514    10.92   0.000     2.218379    3.143648
                             |
              public_servant |    .593311   .0294796   -10.51   0.000     .5382563     .653997
                    parent_5 |   .9789532   .0509626    -0.41   0.683     .8839952    1.084112
                     married |   .9372634   .0380875    -1.59   0.111     .8655088    1.014967
            married_parent_5 |   1.058422   .0688203     0.87   0.383     .9317775    1.202279
                    divorced |   1.097489   .0619585     1.65   0.099     .9825297    1.225898
                     widowed |   1.085263    .230306     0.39   0.700      .715978    1.645017
                   part_time |    .697282   .0231506   -10.86   0.000     .6533524    .7441653
                        erte |   6.144806   6.839927     1.63   0.103     .6934514    54.45032
                         age |   .9646491   .0035415    -9.80   0.000     .9577329    .9716153
                     college |   1.142011    .042919     3.53   0.000     1.060915    1.229307
                      tenure |   1.014903   .0003352    44.78   0.000     1.014246     1.01556
                       _cons |   .0965557   .0198598   -11.37   0.000     .0645211    .1444957
----------------------------------------------------------------------------------------------
Note: _cons estimates baseline odds.
(est8 stored)

Logistic regression                                    Number of obs =  44,849
                                                       Wald chi2(28) = 3409.28
                                                       Prob > chi2   =  0.0000
Log pseudolikelihood = -7533105                        Pseudo R2     =  0.1475

----------------------------------------------------------------------------------------------
                             |               Robust
                   permanent | Odds ratio   std. err.      z    P>|z|     [95% conf. interval]
-----------------------------+----------------------------------------------------------------
                         act |
        manufactures, prim.  |   16.84877   3.013193    15.79   0.000     11.86701    23.92186
     extractive and energy.  |   27.53229   5.075933    17.98   0.000     19.18281    39.51594
         manufactures, sec.  |   23.42169   4.511348    16.37   0.000     16.05702    34.16423
               construction  |   15.64095   3.045262    14.12   0.000     10.67913    22.90817
      hospitality and sales  |   12.43308   1.982193    15.81   0.000     9.096461    16.99358
 Transport, storage and IT.  |   15.28158   2.594264    16.06   0.000     10.95632    21.31433
  Financial and prof. serv.  |   11.82842   1.883061    15.52   0.000     8.657992    16.15981
   Education and healthcare  |   15.88442   2.581127    17.02   0.000     11.55197    21.84171
             Other services  |   12.15961   1.943192    15.63   0.000     8.889789    16.63212
                             |
                         occ |
       white collar - prof.  |   2.149469   .1981459     8.30   0.000     1.794173    2.575123
white collar - tech. suport  |   3.339852   .3230535    12.47   0.000     2.763078    4.037024
       white collar - other  |   4.716522   .4379945    16.70   0.000      3.93166    5.658062
     blue collar - services  |   2.081703    .196331     7.77   0.000     1.730373    2.504367
  blue collar - agriculture  |    1.15275   .2706137     0.61   0.545     .7276311    1.826244
     blue collar - artisans  |   1.554389   .2237516     3.06   0.002     1.172278    2.061051
       blue collar - equip.  |    2.05849   .2613184     5.69   0.000     1.605061    2.640012
                  unskilled  |   3.576553   .3544163    12.86   0.000     2.945204    4.343241
                             |
              public_servant |   .5560235   .0290048   -11.25   0.000     .5019846    .6158796
                    parent_5 |   .9301643   .0478883    -1.41   0.160      .840885    1.028923
                     married |   1.142281   .0488051     3.11   0.002     1.050521    1.242057
            married_parent_5 |    .969551   .0631793    -0.47   0.635     .8533033    1.101635
                    divorced |   1.091099   .0633538     1.50   0.133     .9737333    1.222612
                     widowed |   1.196405   .2222388     0.97   0.334     .8313092    1.721843
                   part_time |   .7159702   .0233574   -10.24   0.000     .6716234    .7632452
                        erte |   3.319783   3.117474     1.28   0.201     .5269638    20.91408
                         age |   .9563087   .0035202   -12.14   0.000     .9494341    .9632331
                     college |   1.156346   .0448088     3.75   0.000     1.071775    1.247591
                      tenure |   1.014268   .0003324    43.23   0.000     1.013617     1.01492
                       _cons |   .1067408   .0235067   -10.16   0.000     .0693229    .1643554
----------------------------------------------------------------------------------------------
Note: _cons estimates baseline odds.
(est9 stored)
note: erte != 0 predicts success perfectly;
      erte omitted and 15 obs not used.


Logistic regression                                    Number of obs =  43,903
                                                       Wald chi2(27) = 3660.95
                                                       Prob > chi2   =  0.0000
Log pseudolikelihood = -7380238.4                      Pseudo R2     =  0.1673

----------------------------------------------------------------------------------------------
                             |               Robust
                   permanent | Odds ratio   std. err.      z    P>|z|     [95% conf. interval]
-----------------------------+----------------------------------------------------------------
                         act |
        manufactures, prim.  |   14.04775   2.665784    13.92   0.000     9.684511    20.37679
     extractive and energy.  |    22.2063    4.40489    15.63   0.000     15.05324    32.75838
         manufactures, sec.  |   16.92139   3.572575    13.40   0.000     11.18726     25.5946
               construction  |   8.425171      1.758    10.21   0.000     5.597146    12.68209
      hospitality and sales  |   9.720156   1.698612    13.01   0.000     6.901198    13.69058
 Transport, storage and IT.  |   11.78286   2.215593    13.12   0.000     8.150695     17.0336
  Financial and prof. serv.  |   9.481136   1.668142    12.78   0.000     6.715792    13.38516
   Education and healthcare  |   13.72099   2.438646    14.74   0.000     9.685018    19.43884
             Other services  |   12.71354       2.23    14.50   0.000     9.014936    17.92958
                             |
                         occ |
       white collar - prof.  |    1.84208   .1748314     6.44   0.000       1.5294    2.218685
white collar - tech. suport  |   3.102199   .3109131    11.30   0.000     2.548938    3.775548
       white collar - other  |   4.600341    .439377    15.98   0.000     3.814978    5.547381
     blue collar - services  |   2.077082   .1973565     7.69   0.000     1.724153    2.502255
  blue collar - agriculture  |   .6973911   .2083622    -1.21   0.228     .3882931    1.252544
     blue collar - artisans  |   1.305292   .1817667     1.91   0.056     .9935162    1.714908
       blue collar - equip.  |   1.586672   .1988988     3.68   0.000     1.241035    2.028572
                  unskilled  |   3.151162   .3184115    11.36   0.000     2.584999    3.841325
                             |
              public_servant |   .5102492   .0261562   -13.13   0.000     .4614752    .5641781
                    parent_5 |   1.100924   .0536378     1.97   0.048     1.000659    1.211235
                     married |    1.04229   .0465522     0.93   0.354     .9549288    1.137643
            married_parent_5 |   .9149057    .058862    -1.38   0.167     .8065157    1.037863
                    divorced |    1.05791   .0616902     0.97   0.334     .9436528    1.186001
                     widowed |   .8166242   .1864723    -0.89   0.375     .5219806    1.277586
                   part_time |   .7899606   .0263161    -7.08   0.000     .7400297    .8432603
                        erte |          1  (omitted)
                         age |   .9601795   .0036483   -10.69   0.000     .9530555    .9673567
                     college |   1.143782   .0448045     3.43   0.001     1.059253    1.235056
                      tenure |   1.016024   .0003276    49.31   0.000     1.015382    1.016667
                       _cons |   .1009978   .0235788    -9.82   0.000     .0639133    .1595998
----------------------------------------------------------------------------------------------
Note: _cons estimates baseline odds.
(est10 stored)

Logistic regression                                    Number of obs =  42,324
                                                       Wald chi2(28) = 3900.52
                                                       Prob > chi2   =  0.0000
Log pseudolikelihood = -7357905.9                      Pseudo R2     =  0.1787

----------------------------------------------------------------------------------------------
                             |               Robust
                   permanent | Odds ratio   std. err.      z    P>|z|     [95% conf. interval]
-----------------------------+----------------------------------------------------------------
                         act |
        manufactures, prim.  |   9.148267    1.53849    13.16   0.000     6.579454    12.72002
     extractive and energy.  |   15.70156   2.914896    14.83   0.000     10.91246    22.59244
         manufactures, sec.  |   7.523081   1.362621    11.14   0.000     5.274989    10.72926
               construction  |   6.559349   1.338897     9.21   0.000     4.396561    9.786071
      hospitality and sales  |   6.373995   .9788779    12.06   0.000     4.717257    8.612592
 Transport, storage and IT.  |   9.439371   1.591175    13.32   0.000     6.783562    13.13495
  Financial and prof. serv.  |   6.253887     .96247    11.91   0.000     4.625413    8.455699
   Education and healthcare  |   8.311161    1.30014    13.54   0.000     6.116538    11.29322
             Other services  |   7.482244   1.149282    13.10   0.000     5.537149    10.11061
                             |
                         occ |
       white collar - prof.  |   2.296803   .2239451     8.53   0.000     1.897269    2.780471
white collar - tech. suport  |   3.099114   .3194764    10.97   0.000     2.532155    3.793018
       white collar - other  |   4.374091    .425232    15.18   0.000     3.615242    5.292225
     blue collar - services  |   1.964001   .1892518     7.00   0.000     1.625996    2.372268
  blue collar - agriculture  |   .6607901    .166113    -1.65   0.099     .4037233    1.081542
     blue collar - artisans  |   1.425339   .1982849     2.55   0.011     1.085185    1.872114
       blue collar - equip.  |    1.46941   .1896901     2.98   0.003      1.14093    1.892461
                  unskilled  |   3.263731   .3347582    11.53   0.000      2.66936    3.990445
                             |
              public_servant |   .4108609   .0213996   -17.08   0.000     .3709882    .4550189
                    parent_5 |   1.083309   .0528265     1.64   0.101     .9845653    1.191957
                     married |   .9865799   .0447773    -0.30   0.766     .9026083    1.078364
            married_parent_5 |   .9305034   .0606591    -1.10   0.269     .8188956    1.057322
                    divorced |   1.010359   .0632134     0.16   0.869     .8937579    1.142171
                     widowed |   1.328146   .3009485     1.25   0.210     .8518628    2.070723
                   part_time |   .7962656   .0269506    -6.73   0.000     .7451573    .8508794
                        erte |   2.459478   3.217497     0.69   0.491     .1893644    31.94387
                         age |   .9669177   .0036651    -8.88   0.000     .9597609    .9741278
                     college |   1.049002   .0418101     1.20   0.230     .9701744    1.134234
                      tenure |   1.017157    .000336    51.50   0.000     1.016499    1.017816
                       _cons |   .1210771   .0265557    -9.63   0.000     .0787715    .1861039
----------------------------------------------------------------------------------------------
Note: _cons estimates baseline odds.
(est11 stored)
note: erte != 0 predicts success perfectly;
      erte omitted and 2 obs not used.


Logistic regression                                    Number of obs =  42,279
                                                       Wald chi2(27) = 4231.13
                                                       Prob > chi2   =  0.0000
Log pseudolikelihood = -7485710.9                      Pseudo R2     =  0.1807

----------------------------------------------------------------------------------------------
                             |               Robust
                   permanent | Odds ratio   std. err.      z    P>|z|     [95% conf. interval]
-----------------------------+----------------------------------------------------------------
                         act |
        manufactures, prim.  |   7.708851   1.136423    13.85   0.000     5.774405    10.29134
     extractive and energy.  |    13.5381    2.15183    16.39   0.000     9.914306    18.48642
         manufactures, sec.  |   7.953011   1.266338    13.02   0.000     5.820991    10.86591
               construction  |   7.983587   1.520746    10.91   0.000      5.49614    11.59681
      hospitality and sales  |   6.901906   .8957746    14.88   0.000     5.351734    8.901097
 Transport, storage and IT.  |   9.924095   1.422168    16.01   0.000     7.493934    13.14232
  Financial and prof. serv.  |   6.195453   .8068062    14.01   0.000     4.799819    7.996892
   Education and healthcare  |   7.021939   .9307176    14.70   0.000     5.415458    9.104978
             Other services  |   7.195339     .94414    15.04   0.000     5.563658    9.305551
                             |
                         occ |
       white collar - prof.  |   1.758424   .1761457     5.63   0.000     1.444963    2.139886
white collar - tech. suport  |    2.58629   .2684433     9.15   0.000     2.110216    3.169768
       white collar - other  |   3.368485   .3376695    12.12   0.000     2.767623    4.099796
     blue collar - services  |   1.614963    .162631     4.76   0.000     1.325697    1.967346
  blue collar - agriculture  |   .4574595   .1153245    -3.10   0.002     .2791044    .7497882
     blue collar - artisans  |   .9986227   .1500547    -0.01   0.993     .7438725    1.340616
       blue collar - equip.  |   1.472128   .1989866     2.86   0.004     1.129508    1.918678
                  unskilled  |   2.595463    .272304     9.09   0.000     2.113054    3.188005
                             |
              public_servant |    .449367   .0220127   -16.33   0.000     .4082293    .4946502
                    parent_5 |   .8881984   .0409459    -2.57   0.010     .8114648    .9721881
                     married |   .9421201   .0410475    -1.37   0.171     .8650078    1.026107
            married_parent_5 |   1.058795   .0655449     0.92   0.356     .9378166    1.195379
                    divorced |   .9649607   .0544019    -0.63   0.527     .8640147      1.0777
                     widowed |   .4938297   .1242047    -2.81   0.005     .3016399    .8084733
                   part_time |   .7770169   .0254417    -7.71   0.000     .7287185    .8285164
                        erte |          1  (omitted)
                         age |   .9712431   .0035678    -7.94   0.000     .9642754    .9782611
                     college |    1.19626     .04479     4.79   0.000     1.111617    1.287348
                      tenure |   1.016965   .0003131    54.64   0.000     1.016352    1.017579
                       _cons |   .1303154   .0263387   -10.08   0.000      .087691    .1936584
----------------------------------------------------------------------------------------------
Note: _cons estimates baseline odds.
(est12 stored)
note: erte != 0 predicts success perfectly;
      erte omitted and 2 obs not used.


Logistic regression                                    Number of obs =  42,524
                                                       Wald chi2(27) = 4273.61
                                                       Prob > chi2   =  0.0000
Log pseudolikelihood = -7585371.9                      Pseudo R2     =  0.1776

----------------------------------------------------------------------------------------------
                             |               Robust
                   permanent | Odds ratio   std. err.      z    P>|z|     [95% conf. interval]
-----------------------------+----------------------------------------------------------------
                         act |
        manufactures, prim.  |   12.74799   2.146392    15.12   0.000     9.164819    17.73207
     extractive and energy.  |   18.25557   3.226114    16.44   0.000     12.91135    25.81186
         manufactures, sec.  |   11.26731   1.971134    13.84   0.000     7.996658    15.87566
               construction  |   8.309833   1.596785    11.02   0.000      5.70202    12.11033
      hospitality and sales  |   8.630242   1.312866    14.17   0.000     6.405233    11.62816
 Transport, storage and IT.  |   11.83896   1.941153    15.07   0.000     8.585154    16.32598
  Financial and prof. serv.  |   7.664365   1.169767    13.34   0.000     5.682798    10.33689
   Education and healthcare  |   9.122231   1.411604    14.29   0.000      6.73571    12.35432
             Other services  |   8.777367   1.349049    14.13   0.000     6.494381     11.8629
                             |
                         occ |
       white collar - prof.  |   1.399009    .133979     3.51   0.000     1.159587    1.687865
white collar - tech. suport  |   2.124854   .2141553     7.48   0.000     1.743974    2.588918
       white collar - other  |   2.750214   .2654502    10.48   0.000      2.27619    3.322954
     blue collar - services  |   1.362366   .1325473     3.18   0.001     1.125846    1.648576
  blue collar - agriculture  |   .6151403   .1491295    -2.00   0.045     .3824864      .98931
     blue collar - artisans  |   .6214766   .0907108    -3.26   0.001     .4668563    .8273063
       blue collar - equip.  |   .9101777   .1189027    -0.72   0.471     .7045762    1.175775
                  unskilled  |   2.159535   .2196356     7.57   0.000     1.769249    2.635917
                             |
              public_servant |   .4465159   .0216637   -16.62   0.000     .4060122    .4910602
                    parent_5 |   .9602622   .0439456    -0.89   0.376     .8778804    1.050375
                     married |   .9587386   .0412395    -0.98   0.327     .8812241    1.043072
            married_parent_5 |   1.043191   .0639014     0.69   0.490     .9251727    1.176264
                    divorced |   1.028775   .0590991     0.49   0.621     .9192258     1.15138
                     widowed |   .6727548   .1289239    -2.07   0.039     .4621002    .9794392
                   part_time |   .7991655   .0257397    -6.96   0.000      .750276    .8512407
                        erte |          1  (omitted)
                         age |     .97162   .0035616    -7.85   0.000     .9646645    .9786257
                     college |   1.227791   .0448966     5.61   0.000     1.142875    1.319017
                      tenure |   1.016099   .0002948    55.05   0.000     1.015521    1.016677
                       _cons |   .1185257   .0255581    -9.89   0.000      .077672    .1808673
----------------------------------------------------------------------------------------------
Note: _cons estimates baseline odds.
(est13 stored)
note: erte != 0 predicts success perfectly;
      erte omitted and 3 obs not used.


Logistic regression                                    Number of obs =  42,811
                                                       Wald chi2(27) = 4413.93
                                                       Prob > chi2   =  0.0000
Log pseudolikelihood = -7575444.1                      Pseudo R2     =  0.1795

----------------------------------------------------------------------------------------------
                             |               Robust
                   permanent | Odds ratio   std. err.      z    P>|z|     [95% conf. interval]
-----------------------------+----------------------------------------------------------------
                         act |
        manufactures, prim.  |   8.402971   1.328459    13.46   0.000     6.164006     11.4552
     extractive and energy.  |   13.37109   2.219911    15.62   0.000     9.657121    18.51339
         manufactures, sec.  |   8.006199    1.31896    12.63   0.000     5.796922    11.05746
               construction  |   8.355673   1.497211    11.85   0.000     5.881104    11.87146
      hospitality and sales  |   5.770671   .8060067    12.55   0.000     4.388706    7.587805
 Transport, storage and IT.  |   9.041151   1.392904    14.29   0.000     6.684753    12.22819
  Financial and prof. serv.  |    5.46715   .7708758    12.05   0.000     4.147061    7.207449
   Education and healthcare  |   6.490128   .9265323    13.10   0.000      4.90609    8.585607
             Other services  |   6.201625   .8767087    12.91   0.000     4.700815    8.181592
                             |
                         occ |
       white collar - prof.  |   2.218871    .212308     8.33   0.000     1.839444    2.676563
white collar - tech. suport  |   2.700918   .2717841     9.87   0.000      2.21747    3.289765
       white collar - other  |   4.027674   .3843583    14.60   0.000     3.340601    4.856058
     blue collar - services  |   1.930512   .1854554     6.85   0.000     1.599195     2.33047
  blue collar - agriculture  |   .5149112   .1453463    -2.35   0.019     .2961146    .8953748
     blue collar - artisans  |   .9476247   .1312008    -0.39   0.698     .7224131    1.243046
       blue collar - equip.  |   1.288605   .1675535     1.95   0.051     .9987126    1.662643
                  unskilled  |   2.437062     .24614     8.82   0.000     1.999385     2.97055
                             |
              public_servant |   .3589663    .017224   -21.35   0.000     .3267466    .3943631
                    parent_5 |   1.062118   .0476268     1.34   0.179     .9727556     1.15969
                     married |   1.077857   .0449976     1.80   0.073     .9931751    1.169759
            married_parent_5 |   .9040837   .0544479    -1.67   0.094     .8034254    1.017353
                    divorced |   1.026499   .0581832     0.46   0.644     .9185683    1.147112
                     widowed |   1.479579   .3550824     1.63   0.103     .9243984    2.368192
                   part_time |   .7900848   .0253966    -7.33   0.000     .7418439    .8414626
                        erte |          1  (omitted)
                         age |   .9728513   .0035306    -7.58   0.000     .9659559    .9797959
                     college |   1.246407   .0452934     6.06   0.000     1.160721    1.338419
                      tenure |   1.015315   .0002851    54.12   0.000     1.014756    1.015874
                       _cons |   .1181916   .0242795   -10.40   0.000     .0790185    .1767847
----------------------------------------------------------------------------------------------
Note: _cons estimates baseline odds.
(est14 stored)
note: erte != 0 predicts success perfectly;
      erte omitted and 5 obs not used.


Logistic regression                                    Number of obs =  43,425
                                                       Wald chi2(27) = 4298.94
                                                       Prob > chi2   =  0.0000
Log pseudolikelihood = -7609551.4                      Pseudo R2     =  0.1746

----------------------------------------------------------------------------------------------
                             |               Robust
                   permanent | Odds ratio   std. err.      z    P>|z|     [95% conf. interval]
-----------------------------+----------------------------------------------------------------
                         act |
        manufactures, prim.  |    9.33754   1.606068    12.99   0.000     6.665378    13.08097
     extractive and energy.  |   11.68433   2.109804    13.61   0.000     8.201721    16.64572
         manufactures, sec.  |   9.052218   1.622676    12.29   0.000     6.370463    12.86291
               construction  |   7.647802   1.469386    10.59   0.000     5.247999    11.14499
      hospitality and sales  |   5.461628   .8464391    10.95   0.000     4.030914    7.400153
 Transport, storage and IT.  |   9.315607   1.581321    13.15   0.000     6.679131    12.99279
  Financial and prof. serv.  |   4.807969   .7501585    10.06   0.000     3.541227     6.52784
   Education and healthcare  |   5.654804   .8919204    10.98   0.000     4.151063    7.703282
             Other services  |   5.551338   .8703706    10.93   0.000     4.082643    7.548383
                             |
                         occ |
       white collar - prof.  |   1.725935   .1629096     5.78   0.000     1.434433    2.076676
white collar - tech. suport  |   2.363287   .2367094     8.59   0.000     1.942045      2.8759
       white collar - other  |   3.506826   .3359381    13.10   0.000     2.906518    4.231121
     blue collar - services  |   1.612425   .1551484     4.97   0.000     1.335293    1.947075
  blue collar - agriculture  |   .5439619   .1538766    -2.15   0.031     .3124493    .9470164
     blue collar - artisans  |   .7597115   .1074775    -1.94   0.052     .5757421    1.002465
       blue collar - equip.  |   1.385822   .1844186     2.45   0.014     1.067662    1.798793
                  unskilled  |   1.942572   .1958691     6.59   0.000     1.594229    2.367029
                             |
              public_servant |   .3555627     .01679   -21.90   0.000     .3241319    .3900413
                    parent_5 |   1.094994    .047343     2.10   0.036     1.006026     1.19183
                     married |   .9920493   .0414534    -0.19   0.848     .9140402    1.076716
            married_parent_5 |    .947282   .0561885    -0.91   0.361      .843315    1.064066
                    divorced |    .986744    .058129    -0.23   0.821     .8791446    1.107513
                     widowed |   1.003083   .2724165     0.01   0.991     .5890722     1.70807
                   part_time |    .822241   .0266597    -6.04   0.000     .7716146    .8761891
                        erte |          1  (omitted)
                         age |   .9783752   .0035059    -6.10   0.000     .9715279    .9852708
                     college |   1.230111     .04628     5.50   0.000     1.142667    1.324246
                      tenure |   1.014847   .0002795    53.52   0.000       1.0143    1.015395
                       _cons |   .1345249   .0290412    -9.29   0.000     .0881141    .2053806
----------------------------------------------------------------------------------------------
Note: _cons estimates baseline odds.
(est15 stored)

Logistic regression                                    Number of obs =  37,646
                                                       Wald chi2(28) = 3653.59
                                                       Prob > chi2   =  0.0000
Log pseudolikelihood = -7073274.2                      Pseudo R2     =  0.1746

----------------------------------------------------------------------------------------------
                             |               Robust
                   permanent | Odds ratio   std. err.      z    P>|z|     [95% conf. interval]
-----------------------------+----------------------------------------------------------------
                         act |
        manufactures, prim.  |   8.508569   1.384738    13.16   0.000     6.184814     11.7054
     extractive and energy.  |   11.21534   1.927887    14.06   0.000     8.007432    15.70839
         manufactures, sec.  |   9.517869   1.658511    12.93   0.000     6.764192    13.39256
               construction  |   7.710888   1.505408    10.46   0.000     5.259241    11.30539
      hospitality and sales  |   6.194259    .889873    12.69   0.000     4.674175    8.208688
 Transport, storage and IT.  |   8.228814   1.314472    13.19   0.000     6.016809    11.25404
  Financial and prof. serv.  |   4.852402   .6990867    10.96   0.000     3.658677    6.435608
   Education and healthcare  |   5.286042   .7694105    11.44   0.000     3.974055    7.031166
             Other services  |   4.968551   .7290733    10.93   0.000     3.726717    6.624193
                             |
                         occ |
       white collar - prof.  |   1.263277   .1164321     2.54   0.011     1.054499    1.513391
white collar - tech. suport  |   2.046476   .2012452     7.28   0.000     1.687725    2.481485
       white collar - other  |   3.109061   .2954208    11.94   0.000     2.580767      3.7455
     blue collar - services  |   1.208781   .1161021     1.97   0.048     1.001361    1.459166
  blue collar - agriculture  |    .486793   .1178688    -2.97   0.003     .3028587    .7824355
     blue collar - artisans  |   .6957745    .097091    -2.60   0.009     .5292839    .9146361
       blue collar - equip.  |   1.160571   .1565711     1.10   0.270     .8909171    1.511841
                  unskilled  |   1.651719    .167784     4.94   0.000     1.353536    2.015591
                             |
              public_servant |   .4143589   .0211927   -17.23   0.000      .374836     .458049
                    parent_5 |   1.005076   .0484553     0.11   0.916     .9144545    1.104679
                     married |   .9631415   .0460652    -0.79   0.432     .8769579    1.057795
            married_parent_5 |    .994442    .066471    -0.08   0.934     .8723343    1.133642
                    divorced |   1.034884   .0686228     0.52   0.605     .9087587    1.178513
                     widowed |   1.099562   .3820596     0.27   0.785     .5564895    2.172615
                   part_time |   .8570502   .0319871    -4.13   0.000     .7965948    .9220938
                        erte |   1.936285   .1603604     7.98   0.000     1.646167    2.277532
                         age |   .9802487   .0039696    -4.93   0.000     .9724993    .9880599
                     college |   1.259778   .0531009     5.48   0.000     1.159885    1.368274
                      tenure |   1.014717   .0003073    48.24   0.000     1.014115     1.01532
                       _cons |    .162189   .0350726    -8.41   0.000     .1061581    .2477933
----------------------------------------------------------------------------------------------
Note: _cons estimates baseline odds.
(est16 stored)

Logistic regression                                    Number of obs =  33,883
                                                       Wald chi2(28) = 3196.21
                                                       Prob > chi2   =  0.0000
Log pseudolikelihood = -7367113.1                      Pseudo R2     =  0.1713

----------------------------------------------------------------------------------------------
                             |               Robust
                   permanent | Odds ratio   std. err.      z    P>|z|     [95% conf. interval]
-----------------------------+----------------------------------------------------------------
                         act |
        manufactures, prim.  |    8.24557   1.336102    13.02   0.000     6.001959    11.32787
     extractive and energy.  |   9.409961   1.594935    13.23   0.000     6.750158    13.11782
         manufactures, sec.  |   9.058011   1.578103    12.65   0.000     6.437763    12.74473
               construction  |   4.722198   .8896569     8.24   0.000     3.264215    6.831398
      hospitality and sales  |   5.661525   .7675058    12.79   0.000     4.340504    7.384596
 Transport, storage and IT.  |   7.451237   1.156747    12.94   0.000     5.496496    10.10115
  Financial and prof. serv.  |   4.930639   .6671825    11.79   0.000     3.782022    6.428096
   Education and healthcare  |   4.645226   .6427443    11.10   0.000      3.54184    6.092349
             Other services  |   4.496673   .6285941    10.75   0.000     3.419015    5.914003
                             |
                         occ |
       white collar - prof.  |   1.519193    .163539     3.88   0.000     1.230219    1.876047
white collar - tech. suport  |   2.034168   .2330123     6.20   0.000     1.625108    2.546192
       white collar - other  |   2.873845   .3150356     9.63   0.000     2.318212    3.562652
     blue collar - services  |   1.189307   .1309059     1.58   0.115     .9585245    1.475656
  blue collar - agriculture  |   .3115279   .0792618    -4.58   0.000     .1892023    .5129409
     blue collar - artisans  |   .7092836   .1159925    -2.10   0.036     .5147767    .9772844
       blue collar - equip.  |   1.250249   .1922742     1.45   0.146     .9248929    1.690059
                  unskilled  |   1.398295    .162759     2.88   0.004     1.113065    1.756617
                             |
              public_servant |   .3381021   .0196874   -18.62   0.000      .301636    .3789768
                    parent_5 |   .8067346   .0417039    -4.15   0.000      .729001    .8927571
                     married |   .8071514   .0424255    -4.08   0.000     .7281387    .8947379
            married_parent_5 |   1.389087   .1015015     4.50   0.000     1.203737    1.602977
                    divorced |    1.00023   .0654706     0.00   0.997     .8798001    1.137145
                     widowed |   1.480566   .3562351     1.63   0.103     .9238941    2.372647
                   part_time |   .7907274   .0323481    -5.74   0.000     .7298015    .8567397
                        erte |   3.620578   .8022751     5.81   0.000     2.345105    5.589766
                         age |   .9860465    .004448    -3.12   0.002     .9773669    .9948032
                     college |   1.150327   .0526936     3.06   0.002      1.05155    1.258382
                      tenure |   1.013708   .0003111    44.37   0.000     1.013098    1.014317
                       _cons |    .179832   .0411681    -7.49   0.000     .1148167    .2816622
----------------------------------------------------------------------------------------------
Note: _cons estimates baseline odds.
(est17 stored)
note: erte != 0 predicts success perfectly;
      erte omitted and 12 obs not used.


Logistic regression                                    Number of obs =  32,113
                                                       Wald chi2(27) = 2598.28
                                                       Prob > chi2   =  0.0000
Log pseudolikelihood = -7242359.4                      Pseudo R2     =  0.1428

----------------------------------------------------------------------------------------------
                             |               Robust
                   permanent | Odds ratio   std. err.      z    P>|z|     [95% conf. interval]
-----------------------------+----------------------------------------------------------------
                         act |
        manufactures, prim.  |    3.30298   .5543051     7.12   0.000     2.377155    4.589383
     extractive and energy.  |   6.335126   1.178126     9.93   0.000     4.400071    9.121177
         manufactures, sec.  |   4.737718   .8742067     8.43   0.000     3.299932    6.801951
               construction  |   3.769597   .7707192     6.49   0.000     2.524998    5.627672
      hospitality and sales  |   2.583129   .3506365     6.99   0.000     1.979718    3.370459
 Transport, storage and IT.  |   4.245828   .6599816     9.30   0.000     3.130759    5.758047
  Financial and prof. serv.  |   2.352345   .3236132     6.22   0.000     1.796391    3.080358
   Education and healthcare  |    2.41553   .3368691     6.32   0.000     1.837825    3.174832
             Other services  |   1.669353   .2340733     3.65   0.000     1.268219    2.197363
                             |
                         occ |
       white collar - prof.  |   1.364892   .1411754     3.01   0.003     1.114437    1.671633
white collar - tech. suport  |   1.777678   .1995237     5.13   0.000     1.426644    2.215085
       white collar - other  |   2.967455   .3193271    10.11   0.000     2.403182    3.664222
     blue collar - services  |   1.403971   .1489952     3.20   0.001     1.140315    1.728586
  blue collar - agriculture  |   .2937021   .1067003    -3.37   0.001     .1441021    .5986096
     blue collar - artisans  |   .6010063   .1029855    -2.97   0.003     .4295575    .8408854
       blue collar - equip.  |   1.109798   .1660357     0.70   0.486     .8277449     1.48796
                  unskilled  |   1.512937    .172845     3.62   0.000     1.209416    1.892631
                             |
              public_servant |   .3028374   .0176301   -20.52   0.000     .2701816    .3394402
                    parent_5 |   .9199489   .0484478    -1.58   0.113     .8297293    1.019978
                     married |   .9474865   .0500211    -1.02   0.307     .8543487    1.050778
            married_parent_5 |   .9005443   .0671042    -1.41   0.160     .7781757    1.042155
                    divorced |   1.028719   .0731193     0.40   0.690     .8949421    1.182492
                     widowed |   1.243976   .3919005     0.69   0.488     .6708891    2.306606
                   part_time |   .8929876   .0374281    -2.70   0.007     .8225623    .9694426
                        erte |          1  (omitted)
                         age |   .9816154   .0044667    -4.08   0.000     .9728997    .9904091
                     college |   1.116623   .0526986     2.34   0.019     1.017969    1.224838
                      tenure |   1.012105   .0003083    39.50   0.000     1.011501    1.012709
                       _cons |    .590596    .133145    -2.34   0.019     .3796594    .9187276
----------------------------------------------------------------------------------------------
Note: _cons estimates baseline odds.
(est18 stored)
