
. forvalues i=170/201{
  2. logistic permanent parent_10 i.age if ciclo==`i'&mili==0&age3040==1&woman==1&wife==1&(parent_10==1|(paren
> t_10==0&parent_15==0&parent_5==0)) [pw=factorel], vce(robust)
  3. }

Logistic regression                                     Number of obs =  7,023
                                                        Wald chi2(2)  =  18.03
                                                        Prob > chi2   = 0.0001
Log pseudolikelihood = -1691966.3                       Pseudo R2     = 0.0034

------------------------------------------------------------------------------
             |               Robust
   permanent | Odds ratio   std. err.      z    P>|z|     [95% conf. interval]
-------------+----------------------------------------------------------------
   parent_10 |   .7264151   .0548806    -4.23   0.000     .6264359     .842351
      35.age |   1.028851   .0648822     0.45   0.652     .9092289    1.164211
       _cons |   1.079722    .076624     1.08   0.280     .9395186    1.240849
------------------------------------------------------------------------------
Note: _cons estimates baseline odds.

Logistic regression                                     Number of obs =  6,870
                                                        Wald chi2(2)  =  17.07
                                                        Prob > chi2   = 0.0002
Log pseudolikelihood = -1678080.2                       Pseudo R2     = 0.0032

------------------------------------------------------------------------------
             |               Robust
   permanent | Odds ratio   std. err.      z    P>|z|     [95% conf. interval]
-------------+----------------------------------------------------------------
   parent_10 |   .7336504   .0551461    -4.12   0.000     .6331507    .8501023
      35.age |   1.032178   .0655508     0.50   0.618     .9113749    1.168993
       _cons |   1.052175   .0740918     0.72   0.470     .9165331    1.207891
------------------------------------------------------------------------------
Note: _cons estimates baseline odds.

Logistic regression                                     Number of obs =  6,540
                                                        Wald chi2(2)  =  22.30
                                                        Prob > chi2   = 0.0000
Log pseudolikelihood = -1636684.6                       Pseudo R2     = 0.0043

------------------------------------------------------------------------------
             |               Robust
   permanent | Odds ratio   std. err.      z    P>|z|     [95% conf. interval]
-------------+----------------------------------------------------------------
   parent_10 |   .6970573   .0534437    -4.71   0.000     .5998001    .8100848
      35.age |   1.035806   .0666538     0.55   0.585     .9130693    1.175041
       _cons |   1.056813   .0758421     0.77   0.441     .9181462    1.216423
------------------------------------------------------------------------------
Note: _cons estimates baseline odds.

Logistic regression                                     Number of obs =  6,586
                                                        Wald chi2(2)  =  19.85
                                                        Prob > chi2   = 0.0000
Log pseudolikelihood = -1620182.9                       Pseudo R2     = 0.0037

------------------------------------------------------------------------------
             |               Robust
   permanent | Odds ratio   std. err.      z    P>|z|     [95% conf. interval]
-------------+----------------------------------------------------------------
   parent_10 |   .7443155   .0564752    -3.89   0.000     .6414633    .8636591
      35.age |   1.208947   .0774101     2.96   0.003      1.06636    1.370599
       _cons |   .9342787   .0658353    -0.96   0.335     .8137581    1.072649
------------------------------------------------------------------------------
Note: _cons estimates baseline odds.

Logistic regression                                     Number of obs =  6,487
                                                        Wald chi2(2)  =  25.05
                                                        Prob > chi2   = 0.0000
Log pseudolikelihood = -1593117.8                       Pseudo R2     = 0.0045

------------------------------------------------------------------------------
             |               Robust
   permanent | Odds ratio   std. err.      z    P>|z|     [95% conf. interval]
-------------+----------------------------------------------------------------
   parent_10 |   .7544581   .0563142    -3.77   0.000     .6517783     .873314
      35.age |   1.285676   .0815444     3.96   0.000     1.135387    1.455859
       _cons |   .8842391   .0618529    -1.76   0.079     .7709529    1.014172
------------------------------------------------------------------------------
Note: _cons estimates baseline odds.

Logistic regression                                     Number of obs =  6,424
                                                        Wald chi2(2)  =  30.13
                                                        Prob > chi2   = 0.0000
Log pseudolikelihood = -1571673.5                       Pseudo R2     = 0.0053

------------------------------------------------------------------------------
             |               Robust
   permanent | Odds ratio   std. err.      z    P>|z|     [95% conf. interval]
-------------+----------------------------------------------------------------
   parent_10 |   .7314604   .0539782    -4.24   0.000       .63296    .8452893
      35.age |    1.30255    .081461     4.23   0.000     1.152287    1.472408
       _cons |   .9005411   .0623792    -1.51   0.130     .7862163     1.03149
------------------------------------------------------------------------------
Note: _cons estimates baseline odds.

Logistic regression                                     Number of obs =  6,360
                                                        Wald chi2(2)  =  36.49
                                                        Prob > chi2   = 0.0000
Log pseudolikelihood = -1562346.1                       Pseudo R2     = 0.0065

------------------------------------------------------------------------------
             |               Robust
   permanent | Odds ratio   std. err.      z    P>|z|     [95% conf. interval]
-------------+----------------------------------------------------------------
   parent_10 |    .698559   .0508058    -4.93   0.000     .6057531    .8055834
      35.age |   1.309623   .0818197     4.32   0.000     1.158688    1.480218
       _cons |   .9227527   .0634337    -1.17   0.242     .8064368    1.055845
------------------------------------------------------------------------------
Note: _cons estimates baseline odds.

Logistic regression                                     Number of obs =  6,331
                                                        Wald chi2(2)  =  53.65
                                                        Prob > chi2   = 0.0000
Log pseudolikelihood = -1561088.8                       Pseudo R2     = 0.0095

------------------------------------------------------------------------------
             |               Robust
   permanent | Odds ratio   std. err.      z    P>|z|     [95% conf. interval]
-------------+----------------------------------------------------------------
   parent_10 |     .65489   .0472462    -5.87   0.000      .568538    .7543575
      35.age |    1.40681   .0882107     5.44   0.000     1.244122    1.590772
       _cons |   .9478733   .0640385    -0.79   0.428     .8303152    1.082076
------------------------------------------------------------------------------
Note: _cons estimates baseline odds.

Logistic regression                                     Number of obs =  6,366
                                                        Wald chi2(2)  =  50.26
                                                        Prob > chi2   = 0.0000
Log pseudolikelihood = -1546074.9                       Pseudo R2     = 0.0090

------------------------------------------------------------------------------
             |               Robust
   permanent | Odds ratio   std. err.      z    P>|z|     [95% conf. interval]
-------------+----------------------------------------------------------------
   parent_10 |   .6423724   .0462681    -6.14   0.000     .5577988    .7397692
      35.age |   1.344123   .0844497     4.71   0.000      1.18839    1.520264
       _cons |   .9898255   .0664385    -0.15   0.879     .8678102    1.128996
------------------------------------------------------------------------------
Note: _cons estimates baseline odds.

Logistic regression                                     Number of obs =  6,173
                                                        Wald chi2(2)  =  40.64
                                                        Prob > chi2   = 0.0000
Log pseudolikelihood = -1524054.9                       Pseudo R2     = 0.0075

------------------------------------------------------------------------------
             |               Robust
   permanent | Odds ratio   std. err.      z    P>|z|     [95% conf. interval]
-------------+----------------------------------------------------------------
   parent_10 |   .6602132   .0482491    -5.68   0.000     .5721072    .7618876
      35.age |   1.280957   .0818201     3.88   0.000     1.130224    1.451792
       _cons |   .9957875   .0688633    -0.06   0.951     .8695652    1.140332
------------------------------------------------------------------------------
Note: _cons estimates baseline odds.

Logistic regression                                     Number of obs =  6,069
                                                        Wald chi2(2)  =  28.69
                                                        Prob > chi2   = 0.0000
Log pseudolikelihood = -1517278.7                       Pseudo R2     = 0.0052

------------------------------------------------------------------------------
             |               Robust
   permanent | Odds ratio   std. err.      z    P>|z|     [95% conf. interval]
-------------+----------------------------------------------------------------
   parent_10 |   .7378032   .0540056    -4.15   0.000     .6391966    .8516215
      35.age |   1.301272   .0836022     4.10   0.000     1.147311    1.475892
       _cons |   .9075589   .0627463    -1.40   0.161     .7925469    1.039261
------------------------------------------------------------------------------
Note: _cons estimates baseline odds.

Logistic regression                                     Number of obs =  6,085
                                                        Wald chi2(2)  =  28.60
                                                        Prob > chi2   = 0.0000
Log pseudolikelihood = -1508457.4                       Pseudo R2     = 0.0052

------------------------------------------------------------------------------
             |               Robust
   permanent | Odds ratio   std. err.      z    P>|z|     [95% conf. interval]
-------------+----------------------------------------------------------------
   parent_10 |   .7489865   .0554294    -3.91   0.000     .6478584    .8659003
      35.age |    1.31574   .0843772     4.28   0.000     1.160335    1.491959
       _cons |   .8787387   .0620905    -1.83   0.067     .7650943    1.009263
------------------------------------------------------------------------------
Note: _cons estimates baseline odds.

Logistic regression                                     Number of obs =  6,078
                                                        Wald chi2(2)  =  38.24
                                                        Prob > chi2   = 0.0000
Log pseudolikelihood = -1482339.6                       Pseudo R2     = 0.0069

------------------------------------------------------------------------------
             |               Robust
   permanent | Odds ratio   std. err.      z    P>|z|     [95% conf. interval]
-------------+----------------------------------------------------------------
   parent_10 |    .698742   .0516067    -4.85   0.000     .6045747    .8075766
      35.age |   1.345623   .0860673     4.64   0.000      1.18708    1.525342
       _cons |   .9121183   .0641203    -1.31   0.191     .7947183    1.046861
------------------------------------------------------------------------------
Note: _cons estimates baseline odds.

Logistic regression                                     Number of obs =  6,012
                                                        Wald chi2(2)  =  38.65
                                                        Prob > chi2   = 0.0000
Log pseudolikelihood = -1460053.9                       Pseudo R2     = 0.0071

------------------------------------------------------------------------------
             |               Robust
   permanent | Odds ratio   std. err.      z    P>|z|     [95% conf. interval]
-------------+----------------------------------------------------------------
   parent_10 |   .6821932   .0509465    -5.12   0.000     .5893038    .7897242
      35.age |   1.330082    .085358     4.44   0.000     1.172878    1.508358
       _cons |   .9896974   .0697933    -0.15   0.883     .8619377    1.136394
------------------------------------------------------------------------------
Note: _cons estimates baseline odds.

Logistic regression                                     Number of obs =  5,902
                                                        Wald chi2(2)  =  41.18
                                                        Prob > chi2   = 0.0000
Log pseudolikelihood = -1453874.7                       Pseudo R2     = 0.0079

------------------------------------------------------------------------------
             |               Robust
   permanent | Odds ratio   std. err.      z    P>|z|     [95% conf. interval]
-------------+----------------------------------------------------------------
   parent_10 |   .6492075   .0480052    -5.84   0.000     .5616193    .7504558
      35.age |   1.272725   .0825927     3.72   0.000     1.120718    1.445349
       _cons |   1.012755   .0704739     0.18   0.855     .8836343    1.160744
------------------------------------------------------------------------------
Note: _cons estimates baseline odds.

Logistic regression                                     Number of obs =  6,039
                                                        Wald chi2(2)  =  43.83
                                                        Prob > chi2   = 0.0000
Log pseudolikelihood = -1452293.1                       Pseudo R2     = 0.0081

------------------------------------------------------------------------------
             |               Robust
   permanent | Odds ratio   std. err.      z    P>|z|     [95% conf. interval]
-------------+----------------------------------------------------------------
   parent_10 |   .6584523   .0481049    -5.72   0.000     .5706077    .7598205
      35.age |   1.327465    .085187     4.41   0.000     1.170574    1.505382
       _cons |   1.034395    .070426     0.50   0.619     .9051757    1.182061
------------------------------------------------------------------------------
Note: _cons estimates baseline odds.

Logistic regression                                     Number of obs =  6,049
                                                        Wald chi2(2)  =  40.50
                                                        Prob > chi2   = 0.0000
Log pseudolikelihood = -1434816.6                       Pseudo R2     = 0.0076

------------------------------------------------------------------------------
             |               Robust
   permanent | Odds ratio   std. err.      z    P>|z|     [95% conf. interval]
-------------+----------------------------------------------------------------
   parent_10 |   .7072393   .0514914    -4.76   0.000      .613188    .8157162
      35.age |   1.378062   .0883094     5.00   0.000     1.215408    1.562485
       _cons |   .9286204   .0636292    -1.08   0.280      .811921    1.062093
------------------------------------------------------------------------------
Note: _cons estimates baseline odds.

Logistic regression                                     Number of obs =  5,947
                                                        Wald chi2(2)  =  29.37
                                                        Prob > chi2   = 0.0000
Log pseudolikelihood = -1426995.3                       Pseudo R2     = 0.0057

------------------------------------------------------------------------------
             |               Robust
   permanent | Odds ratio   std. err.      z    P>|z|     [95% conf. interval]
-------------+----------------------------------------------------------------
   parent_10 |   .6847777   .0505487    -5.13   0.000     .5925375    .7913769
      35.age |   1.192304   .0775047     2.71   0.007     1.049676    1.354311
       _cons |   1.036259   .0714388     0.52   0.605     .9052891    1.186177
------------------------------------------------------------------------------
Note: _cons estimates baseline odds.

Logistic regression                                     Number of obs =  5,745
                                                        Wald chi2(2)  =  39.65
                                                        Prob > chi2   = 0.0000
Log pseudolikelihood = -1401385.5                       Pseudo R2     = 0.0079

------------------------------------------------------------------------------
             |               Robust
   permanent | Odds ratio   std. err.      z    P>|z|     [95% conf. interval]
-------------+----------------------------------------------------------------
   parent_10 |   .6630146   .0501866    -5.43   0.000     .5715994    .7690496
      35.age |   1.319265   .0874947     4.18   0.000     1.158457    1.502396
       _cons |   1.021224   .0721666     0.30   0.766     .8891388    1.172932
------------------------------------------------------------------------------
Note: _cons estimates baseline odds.

Logistic regression                                     Number of obs =  5,626
                                                        Wald chi2(2)  =  56.99
                                                        Prob > chi2   = 0.0000
Log pseudolikelihood = -1385987.1                       Pseudo R2     = 0.0118

------------------------------------------------------------------------------
             |               Robust
   permanent | Odds ratio   std. err.      z    P>|z|     [95% conf. interval]
-------------+----------------------------------------------------------------
   parent_10 |   .6101419   .0470336    -6.41   0.000     .5245838    .7096544
      35.age |   1.436044   .0973926     5.34   0.000     1.257301    1.640198
       _cons |   1.027422    .072826     0.38   0.703     .8941567    1.180548
------------------------------------------------------------------------------
Note: _cons estimates baseline odds.

Logistic regression                                     Number of obs =  5,406
                                                        Wald chi2(2)  =  29.71
                                                        Prob > chi2   = 0.0000
Log pseudolikelihood = -1374888.3                       Pseudo R2     = 0.0064

------------------------------------------------------------------------------
             |               Robust
   permanent | Odds ratio   std. err.      z    P>|z|     [95% conf. interval]
-------------+----------------------------------------------------------------
   parent_10 |   .7141854   .0563923    -4.26   0.000     .6117863    .8337237
      35.age |   1.344407   .0935818     4.25   0.000     1.172952    1.540924
       _cons |   .8987445   .0654539    -1.47   0.143     .7791926    1.036639
------------------------------------------------------------------------------
Note: _cons estimates baseline odds.

Logistic regression                                     Number of obs =  4,983
                                                        Wald chi2(2)  =  27.19
                                                        Prob > chi2   = 0.0000
Log pseudolikelihood = -1349172.5                       Pseudo R2     = 0.0065

------------------------------------------------------------------------------
             |               Robust
   permanent | Odds ratio   std. err.      z    P>|z|     [95% conf. interval]
-------------+----------------------------------------------------------------
   parent_10 |   .7190457   .0594652    -3.99   0.000     .6114515    .8455727
      35.age |   1.355821   .0994855     4.15   0.000     1.174206    1.565527
       _cons |   .8135729   .0625106    -2.69   0.007     .6998333    .9457977
------------------------------------------------------------------------------
Note: _cons estimates baseline odds.

Logistic regression                                     Number of obs =  4,826
                                                        Wald chi2(2)  =  16.76
                                                        Prob > chi2   = 0.0002
Log pseudolikelihood = -1330880.6                       Pseudo R2     = 0.0041

------------------------------------------------------------------------------
             |               Robust
   permanent | Odds ratio   std. err.      z    P>|z|     [95% conf. interval]
-------------+----------------------------------------------------------------
   parent_10 |   .7752969   .0654412    -3.02   0.003     .6570825     .914779
      35.age |   1.280854   .0955826     3.32   0.001     1.106572    1.482586
       _cons |   .8399213   .0666201    -2.20   0.028     .7189916    .9811907
------------------------------------------------------------------------------
Note: _cons estimates baseline odds.

Logistic regression                                     Number of obs =  4,759
                                                        Wald chi2(2)  =  25.05
                                                        Prob > chi2   = 0.0000
Log pseudolikelihood = -1319047.1                       Pseudo R2     = 0.0065

------------------------------------------------------------------------------
             |               Robust
   permanent | Odds ratio   std. err.      z    P>|z|     [95% conf. interval]
-------------+----------------------------------------------------------------
   parent_10 |   .6731156   .0575741    -4.63   0.000      .569224    .7959689
      35.age |   1.236905   .0940678     2.80   0.005     1.065618    1.435724
       _cons |   .9573723   .0772765    -0.54   0.589     .8172862     1.12147
------------------------------------------------------------------------------
Note: _cons estimates baseline odds.

Logistic regression                                     Number of obs =  4,481
                                                        Wald chi2(2)  =  22.32
                                                        Prob > chi2   = 0.0000
Log pseudolikelihood = -1302789                         Pseudo R2     = 0.0061

------------------------------------------------------------------------------
             |               Robust
   permanent | Odds ratio   std. err.      z    P>|z|     [95% conf. interval]
-------------+----------------------------------------------------------------
   parent_10 |   .6684233   .0593747    -4.53   0.000      .561618    .7955402
      35.age |   1.179764    .094167     2.07   0.038     1.008912    1.379548
       _cons |   .9926314   .0848865    -0.09   0.931     .8394525    1.173762
------------------------------------------------------------------------------
Note: _cons estimates baseline odds.

Logistic regression                                     Number of obs =  4,246
                                                        Wald chi2(2)  =  14.89
                                                        Prob > chi2   = 0.0006
Log pseudolikelihood = -1271753                         Pseudo R2     = 0.0042

------------------------------------------------------------------------------
             |               Robust
   permanent | Odds ratio   std. err.      z    P>|z|     [95% conf. interval]
-------------+----------------------------------------------------------------
   parent_10 |   .7461494   .0696644    -3.14   0.002     .6213743    .8959801
      35.age |    1.25425   .1043181     2.72   0.006     1.065585    1.476318
       _cons |   .8727858   .0789114    -1.50   0.132     .7310512       1.042
------------------------------------------------------------------------------
Note: _cons estimates baseline odds.

Logistic regression                                     Number of obs =  3,965
                                                        Wald chi2(2)  =  36.95
                                                        Prob > chi2   = 0.0000
Log pseudolikelihood = -1260812.2                       Pseudo R2     = 0.0116

------------------------------------------------------------------------------
             |               Robust
   permanent | Odds ratio   std. err.      z    P>|z|     [95% conf. interval]
-------------+----------------------------------------------------------------
   parent_10 |   .5900867   .0585985    -5.31   0.000     .4857215    .7168765
      35.age |   1.390929   .1211815     3.79   0.000      1.17259    1.649924
       _cons |    1.02081   .0980615     0.21   0.830     .8456221    1.232291
------------------------------------------------------------------------------
Note: _cons estimates baseline odds.

Logistic regression                                     Number of obs =  4,006
                                                        Wald chi2(2)  =  53.18
                                                        Prob > chi2   = 0.0000
Log pseudolikelihood = -1246338.4                       Pseudo R2     = 0.0173

------------------------------------------------------------------------------
             |               Robust
   permanent | Odds ratio   std. err.      z    P>|z|     [95% conf. interval]
-------------+----------------------------------------------------------------
   parent_10 |    .538141   .0547778    -6.09   0.000     .4408102    .6569625
      35.age |   1.557575   .1368097     5.05   0.000     1.311244    1.850181
       _cons |   1.019954   .1001873     0.20   0.841     .8413353    1.236493
------------------------------------------------------------------------------
Note: _cons estimates baseline odds.

Logistic regression                                     Number of obs =  4,010
                                                        Wald chi2(2)  =  65.49
                                                        Prob > chi2   = 0.0000
Log pseudolikelihood = -1237643                         Pseudo R2     = 0.0206

------------------------------------------------------------------------------
             |               Robust
   permanent | Odds ratio   std. err.      z    P>|z|     [95% conf. interval]
-------------+----------------------------------------------------------------
   parent_10 |   .4838459   .0476931    -7.37   0.000     .3988442     .586963
      35.age |   1.507249   .1309163     4.72   0.000      1.27131    1.786975
       _cons |   1.086688   .1027594     0.88   0.379     .9028455    1.307965
------------------------------------------------------------------------------
Note: _cons estimates baseline odds.

Logistic regression                                     Number of obs =  4,059
                                                        Wald chi2(2)  =  63.98
                                                        Prob > chi2   = 0.0000
Log pseudolikelihood = -1251959.9                       Pseudo R2     = 0.0215

------------------------------------------------------------------------------
             |               Robust
   permanent | Odds ratio   std. err.      z    P>|z|     [95% conf. interval]
-------------+----------------------------------------------------------------
   parent_10 |   .4657439   .0447981    -7.94   0.000     .3857211    .5623686
      35.age |   1.246618   .1068471     2.57   0.010     1.053846    1.474652
       _cons |   1.408558   .1277862     3.78   0.000     1.179105    1.682662
------------------------------------------------------------------------------
Note: _cons estimates baseline odds.

Logistic regression                                     Number of obs =  3,926
                                                        Wald chi2(2)  =  58.84
                                                        Prob > chi2   = 0.0000
Log pseudolikelihood = -1234356.9                       Pseudo R2     = 0.0198

------------------------------------------------------------------------------
             |               Robust
   permanent | Odds ratio   std. err.      z    P>|z|     [95% conf. interval]
-------------+----------------------------------------------------------------
   parent_10 |   .4802124   .0462284    -7.62   0.000     .3976411      .57993
      35.age |   1.266056   .1096228     2.72   0.006     1.068441    1.500221
       _cons |   1.514439   .1349876     4.66   0.000      1.27169    1.803527
------------------------------------------------------------------------------
Note: _cons estimates baseline odds.

Logistic regression                                     Number of obs =  3,859
                                                        Wald chi2(2)  =  43.11
                                                        Prob > chi2   = 0.0000
Log pseudolikelihood = -1232841                         Pseudo R2     = 0.0142

------------------------------------------------------------------------------
             |               Robust
   permanent | Odds ratio   std. err.      z    P>|z|     [95% conf. interval]
-------------+----------------------------------------------------------------
   parent_10 |   .5403739   .0509732    -6.52   0.000     .4491599    .6501114
      35.age |   1.191707   .1005344     2.08   0.038     1.010091    1.405977
       _cons |   1.531176   .1351758     4.83   0.000     1.287891    1.820418
------------------------------------------------------------------------------
Note: _cons estimates baseline odds.

. log close
