note: public_servant != 0 predicts failure perfectly;
      public_servant omitted and 7305 obs not used.


Logistic regression                                    Number of obs =  32,446
                                                       Wald chi2(23) = 1029.87
                                                       Prob > chi2   =  0.0000
Log pseudolikelihood = -3258340.9                      Pseudo R2     =  0.0797

----------------------------------------------------------------------------------------------
                             |               Robust
                    inactive | Odds ratio   std. err.      z    P>|z|     [95% conf. interval]
-----------------------------+----------------------------------------------------------------
                         act |
        manufactures, prim.  |    .345043   .0456453    -8.04   0.000     .2662372    .4471751
     extractive and energy.  |   .1591314   .0351078    -8.33   0.000     .1032672    .2452162
         manufactures, sec.  |   .1807956   .0361809    -8.55   0.000     .1221363    .2676275
               construction  |   .2997816   .0536099    -6.74   0.000     .2111469     .425623
      hospitality and sales  |   .3702999   .0331576   -11.09   0.000     .3106953    .4413392
 Transport, storage and IT.  |   .3399203   .0558059    -6.57   0.000     .2463952     .468945
  Financial and prof. serv.  |   .2447868   .0264458   -13.03   0.000     .1980739    .3025161
   Education and healthcare  |   .8000572    .081408    -2.19   0.028     .6554037     .976637
             Other services  |   .2552289   .0250072   -13.94   0.000     .2106346    .3092646
                             |
                         occ |
       white collar - prof.  |   2.722702    .555032     4.91   0.000     1.825912    4.059948
white collar - tech. suport  |   2.799843   .5323334     5.42   0.000     1.928834    4.064175
       white collar - other  |   3.644651   .6774205     6.96   0.000     2.531895    5.246459
     blue collar - services  |    4.23426   .7434033     8.22   0.000     3.001465    5.973403
  blue collar - agriculture  |   1.013992   .2639421     0.05   0.957     .6087889    1.688894
     blue collar - artisans  |     5.8489   1.335216     7.74   0.000     3.739019    9.149359
       blue collar - equip.  |   7.492505   1.648209     9.15   0.000     4.868316    11.53122
                  unskilled  |   6.977201   1.252777    10.82   0.000     4.907333     9.92012
                             |
              public_servant |          1  (omitted)
                   parent_10 |   1.584888   .1960026     3.72   0.000     1.243743    2.019605
                     married |   1.431053   .1345634     3.81   0.000      1.19019     1.72066
           married_parent_10 |   1.000774    .146038     0.01   0.996     .7518381    1.332133
                    divorced |   .8744987   .1191219    -0.98   0.325     .6695927    1.142109
                     widowed |   1.594962   .8389349     0.89   0.375     .5688873    4.471717
                     college |   .8307861   .0573088    -2.69   0.007     .7257251    .9510566
                       _cons |   .0415266   .0082469   -16.02   0.000     .0281374     .061287
----------------------------------------------------------------------------------------------
Note: _cons estimates baseline odds.
note: public_servant != 0 predicts failure perfectly;
      public_servant omitted and 6029 obs not used.


Logistic regression                                     Number of obs = 28,580
                                                        Wald chi2(23) = 875.67
                                                        Prob > chi2   = 0.0000
Log pseudolikelihood = -2701728.5                       Pseudo R2     = 0.0797

----------------------------------------------------------------------------------------------
                             |               Robust
                    inactive | Odds ratio   std. err.      z    P>|z|     [95% conf. interval]
-----------------------------+----------------------------------------------------------------
                         act |
        manufactures, prim.  |   .3951999   .0595432    -6.16   0.000     .2941505    .5309627
     extractive and energy.  |    .329212   .0704919    -5.19   0.000     .2163784    .5008844
         manufactures, sec.  |   .3383908   .0756171    -4.85   0.000     .2183777     .524359
               construction  |    .211248   .0498704    -6.59   0.000      .132998    .3355369
      hospitality and sales  |    .438172   .0444149    -8.14   0.000     .3592223    .5344731
 Transport, storage and IT.  |   .3566989    .066839    -5.50   0.000     .2470597    .5149935
  Financial and prof. serv.  |    .243541   .0275348   -12.49   0.000     .1951348    .3039549
   Education and healthcare  |   .9899866   .1054544    -0.09   0.925     .8034492    1.219833
             Other services  |   .2391865   .0263267   -13.00   0.000     .1927733    .2967744
                             |
                         occ |
       white collar - prof.  |   1.766609   .3239469     3.10   0.002     1.233257    2.530621
white collar - tech. suport  |   1.874478   .3254974     3.62   0.000     1.333742    2.634444
       white collar - other  |     2.7239   .4521714     6.04   0.000      1.96739    3.771307
     blue collar - services  |   2.856649   .4450966     6.74   0.000     2.104895    3.876888
  blue collar - agriculture  |   1.578063   .4078212     1.77   0.078     .9509267    2.618796
     blue collar - artisans  |   3.740488   .8254953     5.98   0.000      2.42703    5.764764
       blue collar - equip.  |   3.144602   .6778823     5.31   0.000     2.060972     4.79799
                  unskilled  |   4.599471    .741977     9.46   0.000     3.352693    6.309892
                             |
              public_servant |          1  (omitted)
                   parent_10 |   2.078045   .2325101     6.54   0.000     1.668841    2.587587
                     married |   1.555035   .1538837     4.46   0.000     1.280875    1.887877
           married_parent_10 |   .8078467   .1119651    -1.54   0.124     .6156801    1.059993
                    divorced |   .8316618   .1116445    -1.37   0.170     .6392624    1.081968
                     widowed |   1.165708   .3955891     0.45   0.651     .5994182    2.266989
                     college |   .8781683   .0621281    -1.84   0.066     .7644649    1.008784
                       _cons |      .0459   .0085411   -16.56   0.000     .0318728    .0661006
----------------------------------------------------------------------------------------------
Note: _cons estimates baseline odds.
note: public_servant != 0 predicts failure perfectly;
      public_servant omitted and 6103 obs not used.


Logistic regression                                     Number of obs = 30,468
                                                        Wald chi2(23) = 938.68
                                                        Prob > chi2   = 0.0000
Log pseudolikelihood = -2763034                         Pseudo R2     = 0.0725

----------------------------------------------------------------------------------------------
                             |               Robust
                    inactive | Odds ratio   std. err.      z    P>|z|     [95% conf. interval]
-----------------------------+----------------------------------------------------------------
                         act |
        manufactures, prim.  |    .288287   .0400334    -8.96   0.000     .2195946    .3784674
     extractive and energy.  |   .2329782   .0400354    -8.48   0.000     .1663578    .3262776
         manufactures, sec.  |   .2498497   .0439849    -7.88   0.000     .1769411    .3528002
               construction  |   .2758809   .0547182    -6.49   0.000     .1870227    .4069573
      hospitality and sales  |   .3418612    .034821   -10.54   0.000     .2799941    .4173982
 Transport, storage and IT.  |   .2896696    .048947    -7.33   0.000     .2080036    .4033992
  Financial and prof. serv.  |   .1974729   .0216179   -14.82   0.000     .1593398     .244732
   Education and healthcare  |   .6895759    .073031    -3.51   0.000      .560317    .8486533
             Other services  |   .2228979   .0238921   -14.00   0.000     .1806621    .2750078
                             |
                         occ |
       white collar - prof.  |   1.614847   .3064169     2.53   0.012      1.11331    2.342322
white collar - tech. suport  |   1.693527   .3059339     2.92   0.004     1.188567     2.41302
       white collar - other  |   2.447024    .419838     5.22   0.000     1.748223     3.42515
     blue collar - services  |    2.26269    .372434     4.96   0.000     1.638774    3.124144
  blue collar - agriculture  |   .9609429   .2626909    -0.15   0.884     .5623497    1.642059
     blue collar - artisans  |   4.234987   .8890743     6.88   0.000     2.806433    6.390716
       blue collar - equip.  |   3.203232   .6416338     5.81   0.000     2.163145    4.743414
                  unskilled  |   3.913361   .6496317     8.22   0.000      2.82649    5.418167
                             |
              public_servant |          1  (omitted)
                   parent_10 |   2.124824    .224369     7.14   0.000     1.727591    2.613394
                     married |   1.464242   .1383981     4.03   0.000      1.21663    1.762249
           married_parent_10 |   .7372981   .0977538    -2.30   0.022     .5685748    .9560898
                    divorced |   .6565743   .0870317    -3.17   0.002     .5063531     .851362
                     widowed |   1.334798   .4101853     0.94   0.347     .7308703     2.43776
                     college |   .7920231   .0549005    -3.36   0.001     .6914094    .9072781
                       _cons |   .0719507   .0136969   -13.82   0.000     .0495446    .1044899
----------------------------------------------------------------------------------------------
Note: _cons estimates baseline odds.
note: public_servant != 0 predicts failure perfectly;
      public_servant omitted and 6114 obs not used.


Logistic regression                                     Number of obs = 31,091
                                                        Wald chi2(23) = 840.84
                                                        Prob > chi2   = 0.0000
Log pseudolikelihood = -2702722.1                       Pseudo R2     = 0.0689

----------------------------------------------------------------------------------------------
                             |               Robust
                    inactive | Odds ratio   std. err.      z    P>|z|     [95% conf. interval]
-----------------------------+----------------------------------------------------------------
                         act |
        manufactures, prim.  |   .3319739   .0484978    -7.55   0.000     .2493173    .4420336
     extractive and energy.  |   .1860565   .0377849    -8.28   0.000     .1249628    .2770188
         manufactures, sec.  |   .3166412   .0626845    -5.81   0.000     .2148115    .4667424
               construction  |   .3487328   .0642488    -5.72   0.000     .2430367     .500396
      hospitality and sales  |   .3288302   .0354937   -10.30   0.000     .2661298    .4063029
 Transport, storage and IT.  |   .3418808   .0533663    -6.88   0.000     .2517708    .4642417
  Financial and prof. serv.  |   .2450186   .0275707   -12.50   0.000      .196525    .3054783
   Education and healthcare  |   .7848086   .0888562    -2.14   0.032     .6286234     .979799
             Other services  |   .2225105   .0246005   -13.59   0.000     .1791607    .2763491
                             |
                         occ |
       white collar - prof.  |   1.731236   .3531111     2.69   0.007     1.160757     2.58209
white collar - tech. suport  |   2.149039   .4236923     3.88   0.000     1.460247    3.162732
       white collar - other  |   3.469922   .6627617     6.51   0.000     2.386375    5.045461
     blue collar - services  |   3.171062   .6079732     6.02   0.000     2.177749    4.617445
  blue collar - agriculture  |   .7902286   .2855562    -0.65   0.515     .3891915    1.604509
     blue collar - artisans  |   5.699667   1.316494     7.53   0.000     3.624442    8.963091
       blue collar - equip.  |    4.82137   1.118471     6.78   0.000     3.059898    7.596857
                  unskilled  |   5.139195     .98941     8.50   0.000     3.523869    7.494979
                             |
              public_servant |          1  (omitted)
                   parent_10 |   2.110138   .2192999     7.19   0.000     1.721267    2.586864
                     married |   1.364727   .1358899     3.12   0.002     1.122765    1.658832
           married_parent_10 |   .7890582   .1051355    -1.78   0.075     .6077058     1.02453
                    divorced |     .68992   .0926459    -2.76   0.006     .5302676    .8976404
                     widowed |   .4977797   .2071489    -1.68   0.094     .2201979    1.125281
                     college |   .9390622   .0669846    -0.88   0.378     .8165391     1.07997
                       _cons |   .0446126   .0096387   -14.39   0.000     .0292114    .0681338
----------------------------------------------------------------------------------------------
Note: _cons estimates baseline odds.
note: public_servant != 0 predicts failure perfectly;
      public_servant omitted and 6075 obs not used.


Logistic regression                                     Number of obs = 32,122
                                                        Wald chi2(23) = 662.48
                                                        Prob > chi2   = 0.0000
Log pseudolikelihood = -2673741.6                       Pseudo R2     = 0.0499

----------------------------------------------------------------------------------------------
                             |               Robust
                    inactive | Odds ratio   std. err.      z    P>|z|     [95% conf. interval]
-----------------------------+----------------------------------------------------------------
                         act |
        manufactures, prim.  |   .3574139   .0576059    -6.38   0.000     .2606032    .4901886
     extractive and energy.  |   .3069995   .0555428    -6.53   0.000     .2153461    .4376615
         manufactures, sec.  |   .2695175   .0547809    -6.45   0.000     .1809571    .4014193
               construction  |   .3849768   .0701661    -5.24   0.000     .2693358    .5502689
      hospitality and sales  |   .3557066   .0407955    -9.01   0.000     .2840985    .4453639
 Transport, storage and IT.  |   .3463524   .0588795    -6.24   0.000     .2482075    .4833053
  Financial and prof. serv.  |   .3111518   .0373025    -9.74   0.000     .2459947    .3935671
   Education and healthcare  |   .7054703   .0817843    -3.01   0.003     .5620825    .8854365
             Other services  |   .2639163    .031994   -10.99   0.000     .2081024    .3346998
                             |
                         occ |
       white collar - prof.  |   1.721116   .3071824     3.04   0.002     1.213078     2.44192
white collar - tech. suport  |   1.689244   .2903783     3.05   0.002     1.206069    2.365988
       white collar - other  |   1.570304   .2684306     2.64   0.008     1.123254    2.195279
     blue collar - services  |   2.006788   .3371161     4.15   0.000     1.443809    2.789286
  blue collar - agriculture  |   .4129785    .155725    -2.35   0.019     .1972233    .8647622
     blue collar - artisans  |   2.595526   .5565494     4.45   0.000     1.704925     3.95135
       blue collar - equip.  |   3.277926   .7063448     5.51   0.000      2.14871    5.000582
                  unskilled  |   2.575181   .4450776     5.47   0.000     1.835234    3.613466
                             |
              public_servant |          1  (omitted)
                   parent_10 |    2.29438   .2437222     7.82   0.000     1.863141    2.825431
                     married |   1.378264   .1432645     3.09   0.002     1.124226    1.689705
           married_parent_10 |   .6957836   .0961191    -2.63   0.009     .5307438    .9121443
                    divorced |   .6572783    .082575    -3.34   0.001     .5138205    .8407893
                     widowed |   .9416025   .4000495    -0.14   0.887     .4094736    2.165256
                     college |    .745468   .0520682    -4.21   0.000     .6500934     .854835
                       _cons |   .0696854   .0139534   -13.30   0.000     .0470655    .1031766
----------------------------------------------------------------------------------------------
Note: _cons estimates baseline odds.
note: public_servant != 0 predicts failure perfectly;
      public_servant omitted and 6241 obs not used.


Logistic regression                                     Number of obs = 31,882
                                                        Wald chi2(23) = 702.24
                                                        Prob > chi2   = 0.0000
Log pseudolikelihood = -2396806.5                       Pseudo R2     = 0.0576

----------------------------------------------------------------------------------------------
                             |               Robust
                    inactive | Odds ratio   std. err.      z    P>|z|     [95% conf. interval]
-----------------------------+----------------------------------------------------------------
                         act |
        manufactures, prim.  |   .2309833   .0400771    -8.45   0.000     .1643961    .3245411
     extractive and energy.  |   .2378858   .0497563    -6.87   0.000     .1578813    .3584315
         manufactures, sec.  |   .3367833   .0628811    -5.83   0.000     .2335726    .4856005
               construction  |   .3573848   .0692156    -5.31   0.000     .2445016    .5223847
      hospitality and sales  |   .3103911   .0365757    -9.93   0.000     .2463802    .3910323
 Transport, storage and IT.  |   .3989493     .06858    -5.35   0.000      .284836    .5587796
  Financial and prof. serv.  |    .238622   .0309616   -11.04   0.000       .18504    .3077197
   Education and healthcare  |   .5895435   .0711138    -4.38   0.000     .4654141     .746779
             Other services  |   .2102257   .0266504   -12.30   0.000     .1639754    .2695212
                             |
                         occ |
       white collar - prof.  |   1.845094   .3545354     3.19   0.001     1.266076    2.688915
white collar - tech. suport  |   1.915282   .3544579     3.51   0.000     1.332608    2.752727
       white collar - other  |   2.592213   .4703513     5.25   0.000     1.816444    3.699298
     blue collar - services  |   2.731049   .4915274     5.58   0.000     1.919253    3.886213
  blue collar - agriculture  |   .6587145   .2465622    -1.12   0.265       .31629    1.371857
     blue collar - artisans  |   5.276296   1.156712     7.59   0.000      3.43338    8.108423
       blue collar - equip.  |   3.496765    .798287     5.48   0.000     2.235338    5.470032
                  unskilled  |   3.629698   .6644923     7.04   0.000     2.535364    5.196379
                             |
              public_servant |          1  (omitted)
                   parent_10 |   1.812444   .1896147     5.68   0.000     1.476432    2.224927
                     married |   1.276731   .1367283     2.28   0.023     1.035004    1.574913
           married_parent_10 |   .9704421   .1364727    -0.21   0.831     .7366575     1.27842
                    divorced |   .8434068   .1129591    -1.27   0.204     .6486852     1.09658
                     widowed |   1.356964   .4757081     0.87   0.384     .6825971    2.697567
                     college |   .8193652   .0572014    -2.85   0.004     .7145844    .9395103
                       _cons |   .0525344   .0109329   -14.16   0.000     .0349383    .0789926
----------------------------------------------------------------------------------------------
Note: _cons estimates baseline odds.
note: public_servant != 0 predicts failure perfectly;
      public_servant omitted and 6107 obs not used.


Logistic regression                                     Number of obs = 31,172
                                                        Wald chi2(23) = 542.86
                                                        Prob > chi2   = 0.0000
Log pseudolikelihood = -2142541.8                       Pseudo R2     = 0.0507

----------------------------------------------------------------------------------------------
                             |               Robust
                    inactive | Odds ratio   std. err.      z    P>|z|     [95% conf. interval]
-----------------------------+----------------------------------------------------------------
                         act |
        manufactures, prim.  |   .4006665   .0734161    -4.99   0.000     .2797777      .57379
     extractive and energy.  |   .3566342   .0794119    -4.63   0.000     .2305078    .5517729
         manufactures, sec.  |   .3226817     .08602    -4.24   0.000     .1913648    .5441097
               construction  |   .4794133   .1168726    -3.02   0.003     .2973048    .7730689
      hospitality and sales  |   .3766212   .0516087    -7.13   0.000     .2879148    .4926579
 Transport, storage and IT.  |    .481742   .1131473    -3.11   0.002     .3040128    .7633738
  Financial and prof. serv.  |   .2823279   .0412882    -8.65   0.000      .211969     .376041
   Education and healthcare  |   .7945306   .1077903    -1.70   0.090     .6090206    1.036548
             Other services  |   .3008195   .0415157    -8.70   0.000     .2295265    .3942569
                             |
                         occ |
       white collar - prof.  |   1.431522    .392686     1.31   0.191      .836184    2.450723
white collar - tech. suport  |    1.37211   .3919285     1.11   0.268     .7838846    2.401737
       white collar - other  |   1.571589   .4306617     1.65   0.099     .9185113    2.689015
     blue collar - services  |   2.167883   .5880955     2.85   0.004      1.27387    3.689323
  blue collar - agriculture  |   .4941249   .2240018    -1.56   0.120     .2032176    1.201468
     blue collar - artisans  |   2.826004   .8661041     3.39   0.001     1.549885    5.152834
       blue collar - equip.  |   1.690985   .5731224     1.55   0.121      .870249     3.28576
                  unskilled  |   2.816573   .7682277     3.80   0.000     1.650265    4.807159
                             |
              public_servant |          1  (omitted)
                   parent_10 |   2.172127   .2396863     7.03   0.000     1.749678    2.696573
                     married |   1.463757   .1721763     3.24   0.001     1.162373    1.843286
           married_parent_10 |   .6798481   .1009424    -2.60   0.009     .5081913     .909487
                    divorced |   .6402279   .0893138    -3.20   0.001     .4870677    .8415498
                     widowed |   .4186439   .2761936    -1.32   0.187     .1148889    1.525497
                     college |   .7801627   .0649679    -2.98   0.003     .6626764    .9184782
                       _cons |   .0478659   .0142453   -10.21   0.000     .0267117    .0857729
----------------------------------------------------------------------------------------------
Note: _cons estimates baseline odds.
note: public_servant != 0 predicts failure perfectly;
      public_servant omitted and 5685 obs not used.


Logistic regression                                     Number of obs = 30,280
                                                        Wald chi2(23) = 443.41
                                                        Prob > chi2   = 0.0000
Log pseudolikelihood = -2075432.8                       Pseudo R2     = 0.0463

----------------------------------------------------------------------------------------------
                             |               Robust
                    inactive | Odds ratio   std. err.      z    P>|z|     [95% conf. interval]
-----------------------------+----------------------------------------------------------------
                         act |
        manufactures, prim.  |   .4345791   .0877816    -4.13   0.000     .2925047    .6456615
     extractive and energy.  |   .2032508   .0564721    -5.73   0.000     .1179045    .3503756
         manufactures, sec.  |   .1109602   .0346541    -7.04   0.000     .0601627    .2046479
               construction  |   .7640238   .1689918    -1.22   0.224     .4952592     1.17864
      hospitality and sales  |   .4164655   .0574395    -6.35   0.000     .3178192    .5457301
 Transport, storage and IT.  |     .23941   .0515054    -6.65   0.000     .1570432    .3649768
  Financial and prof. serv.  |   .3419726   .0564234    -6.50   0.000     .2474847    .4725354
   Education and healthcare  |   .8911013   .1252947    -0.82   0.412     .6764606    1.173847
             Other services  |   .3549241   .0510896    -7.20   0.000     .2676759    .4706106
                             |
                         occ |
       white collar - prof.  |   1.865507   .6157132     1.89   0.059     .9769144    3.562354
white collar - tech. suport  |   2.565197   .8622003     2.80   0.005     1.327454    4.957036
       white collar - other  |   1.993812   .6578416     2.09   0.036     1.044329    3.806545
     blue collar - services  |   2.482635    .802017     2.81   0.005     1.318049    4.676211
  blue collar - agriculture  |   1.416173   .6291191     0.78   0.433     .5928977     3.38262
     blue collar - artisans  |   4.395517   1.591631     4.09   0.000     2.161659    8.937847
       blue collar - equip.  |   4.018921   1.554254     3.60   0.000     1.883306    8.576263
                  unskilled  |   3.404553   1.122476     3.72   0.000     1.784104    6.496808
                             |
              public_servant |          1  (omitted)
                   parent_10 |   2.211743   .2577134     6.81   0.000      1.76016    2.779182
                     married |   1.360209   .1639292     2.55   0.011      1.07404    1.722623
           married_parent_10 |    .723022   .1120812    -2.09   0.036     .5335808     .979722
                    divorced |   .5770903   .1028791    -3.08   0.002     .4069099    .8184447
                     widowed |   .3504333   .1883073    -1.95   0.051     .1222384    1.004623
                     college |   1.062273   .0875385     0.73   0.464     .9038393    1.248478
                       _cons |   .0303337   .0104676   -10.13   0.000     .0154237    .0596568
----------------------------------------------------------------------------------------------
Note: _cons estimates baseline odds.
note: public_servant != 0 predicts failure perfectly;
      public_servant omitted and 5124 obs not used.


Logistic regression                                     Number of obs = 29,206
                                                        Wald chi2(23) = 445.14
                                                        Prob > chi2   = 0.0000
Log pseudolikelihood = -1826257.5                       Pseudo R2     = 0.0523

----------------------------------------------------------------------------------------------
                             |               Robust
                    inactive | Odds ratio   std. err.      z    P>|z|     [95% conf. interval]
-----------------------------+----------------------------------------------------------------
                         act |
        manufactures, prim.  |   .2611367   .0584089    -6.00   0.000     .1684528     .404816
     extractive and energy.  |   .1917524   .0502633    -6.30   0.000     .1147146    .3205257
         manufactures, sec.  |   .0855073   .0276912    -7.59   0.000     .0453258      .16131
               construction  |   .6493923   .1774406    -1.58   0.114     .3801229    1.109405
      hospitality and sales  |   .3751209   .0602276    -6.11   0.000     .2738459    .5138497
 Transport, storage and IT.  |   .2978789   .0678285    -5.32   0.000     .1906412    .4654388
  Financial and prof. serv.  |   .2248878   .0400215    -8.38   0.000     .1586661     .318748
   Education and healthcare  |   .7392063   .1199222    -1.86   0.063     .5378664    1.015914
             Other services  |   .2732971   .0459543    -7.71   0.000     .1965655    .3799816
                             |
                         occ |
       white collar - prof.  |   2.647949   .8599062     3.00   0.003     1.401157    5.004174
white collar - tech. suport  |   3.311007   1.116436     3.55   0.000     1.709794    6.411744
       white collar - other  |   3.346947    1.10066     3.67   0.000     1.756819    6.376329
     blue collar - services  |   3.431587   1.130901     3.74   0.000     1.798772    6.546569
  blue collar - agriculture  |   1.641124   1.113964     0.73   0.466     .4338719    6.207561
     blue collar - artisans  |   8.236521    2.96742     5.85   0.000     4.065149    16.68827
       blue collar - equip.  |   7.665818   2.883646     5.41   0.000     3.667435    16.02339
                  unskilled  |   6.299685   2.098215     5.53   0.000     3.279533    12.10112
                             |
              public_servant |          1  (omitted)
                   parent_10 |   1.560874   .1881016     3.69   0.000     1.232507    1.976727
                     married |   1.199225   .1584536     1.37   0.169     .9256168     1.55371
           married_parent_10 |   .9288039   .1561475    -0.44   0.660     .6680712    1.291295
                    divorced |   .5331774   .0910192    -3.68   0.000     .3815596    .7450426
                     widowed |    1.19439   .6583736     0.32   0.747     .4054578    3.518413
                     college |    .998591   .0919787    -0.02   0.988     .8336519    1.196164
                       _cons |   .0257848   .0093285   -10.11   0.000     .0126886     .052398
----------------------------------------------------------------------------------------------
Note: _cons estimates baseline odds.
note: public_servant != 0 predicts failure perfectly;
      public_servant omitted and 4796 obs not used.


Logistic regression                                     Number of obs = 28,140
                                                        Wald chi2(23) = 350.73
                                                        Prob > chi2   = 0.0000
Log pseudolikelihood = -1815874.9                       Pseudo R2     = 0.0391

----------------------------------------------------------------------------------------------
                             |               Robust
                    inactive | Odds ratio   std. err.      z    P>|z|     [95% conf. interval]
-----------------------------+----------------------------------------------------------------
                         act |
        manufactures, prim.  |    .361742   .0799916    -4.60   0.000     .2345167     .557987
     extractive and energy.  |   .2571928   .0687828    -5.08   0.000     .1522707    .4344116
         manufactures, sec.  |   .4393448   .1586662    -2.28   0.023     .2164713    .8916835
               construction  |    .208257   .0752128    -4.34   0.000     .1026089    .4226827
      hospitality and sales  |    .494781   .0712548    -4.89   0.000     .3731032    .6561408
 Transport, storage and IT.  |   .3108068   .0697657    -5.21   0.000     .2001817    .4825659
  Financial and prof. serv.  |   .3581381   .0574296    -6.40   0.000     .2615503    .4903948
   Education and healthcare  |   .7232588    .108738    -2.15   0.031     .5386669    .9711072
             Other services  |   .2765973   .0428829    -8.29   0.000     .2041174     .374814
                             |
                         occ |
       white collar - prof.  |   1.816175    .557951     1.94   0.052     .9946221    3.316325
white collar - tech. suport  |   1.603936   .5128613     1.48   0.140     .8570657    3.001651
       white collar - other  |   1.884819   .5730678     2.08   0.037     1.038644    3.420364
     blue collar - services  |   1.932033   .5841443     2.18   0.029     1.068209    3.494401
  blue collar - agriculture  |   .4422299   .2549755    -1.42   0.157     .1428475    1.369063
     blue collar - artisans  |   1.808468   .6837096     1.57   0.117     .8619965    3.794165
       blue collar - equip.  |   2.547413   .9678708     2.46   0.014     1.209738    5.364226
                  unskilled  |   3.456862   1.064613     4.03   0.000     1.890326    6.321605
                             |
              public_servant |          1  (omitted)
                   parent_10 |   1.963909    .213848     6.20   0.000     1.586481    2.431128
                     married |   1.361526   .2065416     2.03   0.042     1.011346    1.832956
           married_parent_10 |   .6605711   .1173843    -2.33   0.020     .4662942    .9357917
                    divorced |   .5484354    .091354    -3.61   0.000     .3956754     .760172
                     widowed |   3.646494   2.087029     2.26   0.024     1.187682    11.19569
                     college |   .9759197   .0858866    -0.28   0.782      .821303    1.159644
                       _cons |   .0371169   .0128059    -9.55   0.000     .0188753    .0729876
----------------------------------------------------------------------------------------------
Note: _cons estimates baseline odds.
note: public_servant != 0 predicts failure perfectly;
      public_servant omitted and 4412 obs not used.


Logistic regression                                     Number of obs = 26,573
                                                        Wald chi2(23) = 339.11
                                                        Prob > chi2   = 0.0000
Log pseudolikelihood = -1697582.1                       Pseudo R2     = 0.0441

----------------------------------------------------------------------------------------------
                             |               Robust
                    inactive | Odds ratio   std. err.      z    P>|z|     [95% conf. interval]
-----------------------------+----------------------------------------------------------------
                         act |
        manufactures, prim.  |   .2528967   .0613646    -5.67   0.000     .1571816    .4068972
     extractive and energy.  |   .0499916   .0219327    -6.83   0.000     .0211569    .1181253
         manufactures, sec.  |   .1872209   .0728486    -4.31   0.000     .0873268    .4013852
               construction  |   .2777407   .0979833    -3.63   0.000     .1391063    .5545393
      hospitality and sales  |   .4125356   .0670659    -5.45   0.000     .2999726    .5673373
 Transport, storage and IT.  |   .3630872   .0864436    -4.26   0.000      .227697    .5789814
  Financial and prof. serv.  |   .2697025   .0475837    -7.43   0.000     .1908566     .381121
   Education and healthcare  |   .6251049   .1015094    -2.89   0.004     .4547033    .8593649
             Other services  |   .2806984   .0456613    -7.81   0.000     .2040678    .3861049
                             |
                         occ |
       white collar - prof.  |   3.129984   1.190885     3.00   0.003     1.484841    6.597876
white collar - tech. suport  |   3.458261   1.372991     3.13   0.002     1.588239    7.530084
       white collar - other  |   3.608764   1.381077     3.35   0.001     1.704524    7.640362
     blue collar - services  |   4.487002   1.670401     4.03   0.000     2.163091    9.307601
  blue collar - agriculture  |   3.822912   1.889261     2.71   0.007     1.451227    10.07055
     blue collar - artisans  |   5.831126   2.499248     4.11   0.000     2.517233     13.5077
       blue collar - equip.  |   9.096218      3.993     5.03   0.000      3.84774    21.50384
                  unskilled  |   6.149269   2.333763     4.79   0.000     2.922648     12.9381
                             |
              public_servant |          1  (omitted)
                   parent_10 |   2.277972   .2496969     7.51   0.000     1.837574    2.823915
                     married |   1.357313    .199495     2.08   0.038     1.017588    1.810455
           married_parent_10 |   .6079098   .1055066    -2.87   0.004     .4326211    .8542216
                    divorced |   .5020438   .0860431    -4.02   0.000     .3588045    .7024662
                     widowed |   1.124386   .8618504     0.15   0.878     .2503012    5.050889
                     college |   1.059174   .1021072     0.60   0.551     .8768174    1.279456
                       _cons |   .0185973   .0075518    -9.81   0.000     .0083909    .0412188
----------------------------------------------------------------------------------------------
Note: _cons estimates baseline odds.
note: public_servant != 0 predicts failure perfectly;
      public_servant omitted and 4505 obs not used.


Logistic regression                                     Number of obs = 25,945
                                                        Wald chi2(23) = 364.37
                                                        Prob > chi2   = 0.0000
Log pseudolikelihood = -1849613.5                       Pseudo R2     = 0.0456

----------------------------------------------------------------------------------------------
                             |               Robust
                    inactive | Odds ratio   std. err.      z    P>|z|     [95% conf. interval]
-----------------------------+----------------------------------------------------------------
                         act |
        manufactures, prim.  |   .2880672   .0623815    -5.75   0.000     .1884362    .4403756
     extractive and energy.  |   .2256336   .0653897    -5.14   0.000     .1278561     .398186
         manufactures, sec.  |   .1653469   .0508313    -5.85   0.000     .0905144    .3020469
               construction  |   .3668801     .10625    -3.46   0.001     .2079758    .6471956
      hospitality and sales  |   .3206311   .0465248    -7.84   0.000     .2412642    .4261067
 Transport, storage and IT.  |   .3560695   .0736383    -4.99   0.000     .2374098    .5340364
  Financial and prof. serv.  |   .2049954   .0331635    -9.80   0.000      .149293    .2814807
   Education and healthcare  |   .5554644   .0838002    -3.90   0.000     .4132755    .7465739
             Other services  |    .255677   .0411416    -8.48   0.000     .1865188    .3504779
                             |
                         occ |
       white collar - prof.  |   .9351036   .2558766    -0.25   0.806     .5469424     1.59874
white collar - tech. suport  |   .5814205   .1703502    -1.85   0.064     .3274139    1.032485
       white collar - other  |   .9826077     .27403    -0.06   0.950     .5688487    1.697319
     blue collar - services  |   1.097874   .3008941     0.34   0.733     .6415989    1.878629
  blue collar - agriculture  |   .3599837   .2963754    -1.24   0.215     .0716947    1.807503
     blue collar - artisans  |    1.97972   .7237921     1.87   0.062     .9669451    4.053273
       blue collar - equip.  |   1.781465   .6362211     1.62   0.106     .8846769    3.587319
                  unskilled  |   1.860397   .5168336     2.23   0.025     1.079282    3.206834
                             |
              public_servant |          1  (omitted)
                   parent_10 |   1.760214    .195525     5.09   0.000     1.415839    2.188352
                     married |   1.650211   .2135508     3.87   0.000     1.280522     2.12663
           married_parent_10 |   .6241262   .1006513    -2.92   0.003     .4549894    .8561376
                    divorced |   .7355209    .117533    -1.92   0.055     .5377455    1.006035
                     widowed |   1.177552   .5910772     0.33   0.745     .4402664     3.14952
                     college |   1.102255     .09731     1.10   0.270     .9271195    1.310474
                       _cons |   .0937204    .028862    -7.69   0.000     .0512506    .1713834
----------------------------------------------------------------------------------------------
Note: _cons estimates baseline odds.
note: public_servant != 0 predicts failure perfectly;
      public_servant omitted and 4423 obs not used.


Logistic regression                                     Number of obs = 25,183
                                                        Wald chi2(23) = 327.59
                                                        Prob > chi2   = 0.0000
Log pseudolikelihood = -1958112.8                       Pseudo R2     = 0.0431

----------------------------------------------------------------------------------------------
                             |               Robust
                    inactive | Odds ratio   std. err.      z    P>|z|     [95% conf. interval]
-----------------------------+----------------------------------------------------------------
                         act |
        manufactures, prim.  |   .3984986   .0836463    -4.38   0.000     .2640928    .6013081
     extractive and energy.  |   .4269127   .1162867    -3.12   0.002     .2503113    .7281113
         manufactures, sec.  |   .3331922   .0922102    -3.97   0.000     .1936987    .5731431
               construction  |   .4390083   .1397382    -2.59   0.010     .2352511    .8192448
      hospitality and sales  |   .6154791   .0950092    -3.14   0.002     .4547959    .8329331
 Transport, storage and IT.  |   .3876228   .0904841    -4.06   0.000     .2453073    .6125028
  Financial and prof. serv.  |   .4087833   .0663212    -5.51   0.000     .2974362    .5618139
   Education and healthcare  |   .9612433   .1527347    -0.25   0.804     .7040176    1.312451
             Other services  |   .3891132   .0615986    -5.96   0.000     .2853162    .5306712
                             |
                         occ |
       white collar - prof.  |   2.422827   .7487457     2.86   0.004     1.322113    4.439929
white collar - tech. suport  |   1.508883   .5101284     1.22   0.224     .7778186    2.927067
       white collar - other  |   2.241274   .7053901     2.56   0.010      1.20948    4.153281
     blue collar - services  |   3.435728   1.053282     4.03   0.000     1.883945    6.265696
  blue collar - agriculture  |   1.924248   .9560521     1.32   0.188     .7266852    5.095372
     blue collar - artisans  |   6.879208   2.429244     5.46   0.000     3.443142    13.74428
       blue collar - equip.  |     5.5939   2.001872     4.81   0.000     2.773944    11.28059
                  unskilled  |   5.415958   1.686424     5.43   0.000     2.941899    9.970635
                             |
              public_servant |          1  (omitted)
                   parent_10 |   2.045065   .2038043     7.18   0.000     1.682206    2.486194
                     married |   1.354523   .1767501     2.33   0.020     1.048852    1.749278
           married_parent_10 |   .6230728   .0975018    -3.02   0.003     .4584988    .8467192
                    divorced |   .7234668   .1104295    -2.12   0.034     .5364037    .9757654
                     widowed |   .6691489   .3373746    -0.80   0.426     .2490922    1.797569
                     college |   1.063113   .0925042     0.70   0.482     .8964255    1.260796
                       _cons |   .0225568     .00761   -11.24   0.000     .0116441    .0436965
----------------------------------------------------------------------------------------------
Note: _cons estimates baseline odds.
note: public_servant != 0 predicts failure perfectly;
      public_servant omitted and 4333 obs not used.


Logistic regression                                     Number of obs = 24,679
                                                        Wald chi2(23) = 492.80
                                                        Prob > chi2   = 0.0000
Log pseudolikelihood = -1961506.1                       Pseudo R2     = 0.0543

----------------------------------------------------------------------------------------------
                             |               Robust
                    inactive | Odds ratio   std. err.      z    P>|z|     [95% conf. interval]
-----------------------------+----------------------------------------------------------------
                         act |
        manufactures, prim.  |   .1927149    .043019    -7.38   0.000     .1244242    .2984873
     extractive and energy.  |    .275311   .0700434    -5.07   0.000     .1672109    .4532965
         manufactures, sec.  |   .2614962   .0675413    -5.19   0.000     .1576196    .4338308
               construction  |   .3856405   .1519624    -2.42   0.016     .1781415    .8348342
      hospitality and sales  |   .4091418   .0569812    -6.42   0.000     .3114059    .5375524
 Transport, storage and IT.  |   .2983694   .0717774    -5.03   0.000      .186202    .4781059
  Financial and prof. serv.  |    .271946   .0438781    -8.07   0.000     .1982177    .3730979
   Education and healthcare  |   .6659462   .0978655    -2.77   0.006     .4992857    .8882376
             Other services  |     .32332   .0479768    -7.61   0.000     .2417266    .4324548
                             |
                         occ |
       white collar - prof.  |   5.207773   2.295368     3.74   0.000     2.195221    12.35452
white collar - tech. suport  |   5.007576   2.271471     3.55   0.000     2.058338    12.18256
       white collar - other  |   3.800028   1.701387     2.98   0.003     1.580076    9.138932
     blue collar - services  |   7.364981   3.288313     4.47   0.000     3.069924    17.66915
  blue collar - agriculture  |   2.214859   1.301728     1.35   0.176     .6999607    7.008394
     blue collar - artisans  |   20.79348   9.796959     6.44   0.000     8.258079    52.35707
       blue collar - equip.  |   7.145002   3.484871     4.03   0.000     2.746889    18.58504
                  unskilled  |    10.7308   4.804848     5.30   0.000     4.461658    25.80882
                             |
              public_servant |          1  (omitted)
                   parent_10 |   1.727124   .1620287     5.82   0.000      1.43704    2.075766
                     married |   1.147357   .1459897     1.08   0.280     .8941118    1.472331
           married_parent_10 |   .7812932   .1171806    -1.65   0.100     .5823021    1.048286
                    divorced |   .5123699   .0839722    -4.08   0.000      .371604    .7064588
                     widowed |   1.103948   .5544326     0.20   0.844     .4125266    2.954235
                     college |   .8876289   .0773325    -1.37   0.171     .7482946    1.052908
                       _cons |   .0195727   .0091476    -8.42   0.000     .0078312    .0489184
----------------------------------------------------------------------------------------------
Note: _cons estimates baseline odds.
note: public_servant != 0 predicts failure perfectly;
      public_servant omitted and 4362 obs not used.

note: widowed != 0 predicts failure perfectly;
      widowed omitted and 61 obs not used.


Logistic regression                                     Number of obs = 24,628
                                                        Wald chi2(22) = 377.22
                                                        Prob > chi2   = 0.0000
Log pseudolikelihood = -1990391.3                       Pseudo R2     = 0.0467

----------------------------------------------------------------------------------------------
                             |               Robust
                    inactive | Odds ratio   std. err.      z    P>|z|     [95% conf. interval]
-----------------------------+----------------------------------------------------------------
                         act |
        manufactures, prim.  |    .242463   .0501381    -6.85   0.000     .1616695    .3636325
     extractive and energy.  |   .2125393   .0597998    -5.50   0.000     .1224465    .3689201
         manufactures, sec.  |   .1185601    .041722    -6.06   0.000     .0594834    .2363096
               construction  |   .4598966   .1589323    -2.25   0.025     .2336144    .9053589
      hospitality and sales  |   .4565517   .0636293    -5.63   0.000      .347423    .5999588
 Transport, storage and IT.  |   .4428323   .0934371    -3.86   0.000     .2928443    .6696405
  Financial and prof. serv.  |   .2840524   .0454579    -7.86   0.000     .2075763    .3887042
   Education and healthcare  |   .6816183   .1027692    -2.54   0.011     .5072284     .915965
             Other services  |   .3259276   .0490678    -7.45   0.000     .2426467    .4377922
                             |
                         occ |
       white collar - prof.  |    2.00795   .6837956     2.05   0.041     1.030104    3.914034
white collar - tech. suport  |    1.82158   .6493453     1.68   0.093     .9057684    3.663356
       white collar - other  |   1.809106   .6251153     1.72   0.086     .9190546    3.561121
     blue collar - services  |   2.575464   .8721196     2.79   0.005     1.326223    5.001436
  blue collar - agriculture  |   1.989411   .9548163     1.43   0.152     .7765889    5.096336
     blue collar - artisans  |   4.718067   1.803938     4.06   0.000     2.230026    9.982017
       blue collar - equip.  |   4.397982   1.659377     3.93   0.000     2.099382    9.213303
                  unskilled  |   5.274281   1.791591     4.90   0.000     2.710337    10.26368
                             |
              public_servant |          1  (omitted)
                   parent_10 |   1.300614    .121924     2.80   0.005     1.082315    1.562942
                     married |   1.306777   .1665295     2.10   0.036     1.017954    1.677546
           married_parent_10 |   .9202804   .1388654    -0.55   0.582     .6846656    1.236978
                    divorced |   1.006667   .1443945     0.05   0.963       .75996    1.333462
                     widowed |          1  (omitted)
                     college |   1.152117    .096129     1.70   0.090     .9783069    1.356808
                       _cons |   .0422405   .0154071    -8.68   0.000      .020666    .0863382
----------------------------------------------------------------------------------------------
Note: _cons estimates baseline odds.
note: public_servant != 0 predicts failure perfectly;
      public_servant omitted and 3919 obs not used.


Logistic regression                                     Number of obs = 21,396
                                                        Wald chi2(23) = 274.19
                                                        Prob > chi2   = 0.0000
Log pseudolikelihood = -2498882.7                       Pseudo R2     = 0.0310

----------------------------------------------------------------------------------------------
                             |               Robust
                    inactive | Odds ratio   std. err.      z    P>|z|     [95% conf. interval]
-----------------------------+----------------------------------------------------------------
                         act |
        manufactures, prim.  |   .5390143   .1140294    -2.92   0.003     .3560633    .8159685
     extractive and energy.  |    .357567   .0927119    -3.97   0.000     .2151064    .5943765
         manufactures, sec.  |   .3723109   .1041079    -3.53   0.000     .2152224    .6440566
               construction  |   .4843925    .211655    -1.66   0.097     .2057147     1.14059
      hospitality and sales  |   .7762973    .118189    -1.66   0.096     .5760168    1.046215
 Transport, storage and IT.  |   .6811141   .1369276    -1.91   0.056     .4593025    1.010045
  Financial and prof. serv.  |   .4616552   .0770998    -4.63   0.000     .3327827    .6404345
   Education and healthcare  |   .8944005   .1437244    -0.69   0.487     .6527538    1.225504
             Other services  |   .5659498   .0903121    -3.57   0.000     .4139486    .7737655
                             |
                         occ |
       white collar - prof.  |    2.00604     .61367     2.28   0.023     1.101406    3.653689
white collar - tech. suport  |    2.70578   .8463466     3.18   0.001     1.465694     4.99507
       white collar - other  |   2.813972   .8577625     3.39   0.001     1.548296    5.114289
     blue collar - services  |   3.221882   .9707491     3.88   0.000     1.785022    5.815347
  blue collar - agriculture  |   4.789509   1.969501     3.81   0.000     2.139278    10.72296
     blue collar - artisans  |   5.651842   1.967771     4.97   0.000     2.856484    11.18274
       blue collar - equip.  |   5.266111   1.824729     4.79   0.000     2.670208    10.38568
                  unskilled  |   5.688123   1.728372     5.72   0.000     3.135639    10.31839
                             |
              public_servant |          1  (omitted)
                   parent_10 |   1.348717   .1185722     3.40   0.001      1.13524    1.602338
                     married |   1.104806   .1299323     0.85   0.397     .8773626     1.39121
           married_parent_10 |    .943715   .1347294    -0.41   0.685     .7133771    1.248425
                    divorced |   1.087296   .1507219     0.60   0.546     .8286164    1.426731
                     widowed |   .0583901   .0592998    -2.80   0.005     .0079777    .4273679
                     college |   1.093392    .084658     1.15   0.249     .9394424    1.272571
                       _cons |   .0354195   .0118547    -9.98   0.000     .0183802    .0682552
----------------------------------------------------------------------------------------------
Note: _cons estimates baseline odds.
note: public_servant != 0 predicts failure perfectly;
      public_servant omitted and 3742 obs not used.


Logistic regression                                     Number of obs = 17,577
                                                        Wald chi2(23) = 268.19
                                                        Prob > chi2   = 0.0000
Log pseudolikelihood = -1741630.7                       Pseudo R2     = 0.0482

----------------------------------------------------------------------------------------------
                             |               Robust
                    inactive | Odds ratio   std. err.      z    P>|z|     [95% conf. interval]
-----------------------------+----------------------------------------------------------------
                         act |
        manufactures, prim.  |   .3102101   .0784024    -4.63   0.000     .1890269    .5090828
     extractive and energy.  |   .1098651   .0436287    -5.56   0.000     .0504472    .2392665
         manufactures, sec.  |   .1054911   .0456174    -5.20   0.000     .0451993    .2462069
               construction  |   .4674018   .1554824    -2.29   0.022     .2435209    .8971079
      hospitality and sales  |    .513348   .0885766    -3.86   0.000     .3660494    .7199195
 Transport, storage and IT.  |   .2920516   .0747328    -4.81   0.000     .1768669    .4822505
  Financial and prof. serv.  |   .2975308   .0589238    -6.12   0.000     .2018169     .438638
   Education and healthcare  |   .6664042   .1194543    -2.26   0.024     .4689841    .9469288
             Other services  |     .37611   .0706971    -5.20   0.000     .2602048    .5436439
                             |
                         occ |
       white collar - prof.  |   1.649189   .4823013     1.71   0.087      .929691    2.925515
white collar - tech. suport  |   1.260549    .409037     0.71   0.475     .6673479    2.381042
       white collar - other  |   1.617176   .4899563     1.59   0.113     .8930354    2.928506
     blue collar - services  |   1.598807   .4596959     1.63   0.103     .9100284    2.808906
  blue collar - agriculture  |   .6712806   .3429692    -0.78   0.435     .2466096    1.827251
     blue collar - artisans  |   2.839417   1.030426     2.88   0.004     1.394208    5.782701
       blue collar - equip.  |   2.105748   .8265906     1.90   0.058     .9756088    4.545034
                  unskilled  |   2.999808   .8777773     3.75   0.000     1.690528    5.323099
                             |
              public_servant |          1  (omitted)
                   parent_10 |   1.671285   .2014536     4.26   0.000     1.319618    2.116668
                     married |   1.655518   .2433297     3.43   0.001     1.241148     2.20823
           married_parent_10 |   .6495134   .1203308    -2.33   0.020     .4517435    .9338655
                    divorced |   .8412647   .1723829    -0.84   0.399     .5630068    1.257048
                     widowed |   .4889102   .4957171    -0.71   0.480     .0670157    3.566823
                     college |   .8289567   .0851696    -1.83   0.068     .6777613    1.013881
                       _cons |   .0608315   .0205923    -8.27   0.000     .0313318    .1181061
----------------------------------------------------------------------------------------------
Note: _cons estimates baseline odds.
note: public_servant != 0 predicts failure perfectly;
      public_servant omitted and 3391 obs not used.


Logistic regression                                     Number of obs = 16,752
                                                        Wald chi2(23) = 304.88
                                                        Prob > chi2   = 0.0000
Log pseudolikelihood = -1751775.9                       Pseudo R2     = 0.0506

----------------------------------------------------------------------------------------------
                             |               Robust
                    inactive | Odds ratio   std. err.      z    P>|z|     [95% conf. interval]
-----------------------------+----------------------------------------------------------------
                         act |
        manufactures, prim.  |   .4163308    .104771    -3.48   0.000     .2542325    .6817829
     extractive and energy.  |   .1911302   .0704627    -4.49   0.000     .0927945    .3936736
         manufactures, sec.  |   .2229802   .0753386    -4.44   0.000     .1149926    .4323773
               construction  |   .2210827   .0972851    -3.43   0.001     .0933238    .5237413
      hospitality and sales  |   .4761734   .0834063    -4.24   0.000     .3378074    .6712142
 Transport, storage and IT.  |   .2648017   .0698859    -5.03   0.000     .1578606    .4441891
  Financial and prof. serv.  |   .3405553   .0661754    -5.54   0.000     .2326941    .4984136
   Education and healthcare  |   .7720654   .1393591    -1.43   0.152     .5420143    1.099759
             Other services  |   .4177644   .0807963    -4.51   0.000     .2859615    .6103166
                             |
                         occ |
       white collar - prof.  |    1.96908   .6566087     2.03   0.042     1.024288    3.785338
white collar - tech. suport  |   1.805228   .6470835     1.65   0.099     .8941681     3.64456
       white collar - other  |   1.927793   .6819262     1.86   0.064     .9637433    3.856199
     blue collar - services  |   1.999312   .6965468     1.99   0.047     1.010015    3.957614
  blue collar - agriculture  |   1.173491   1.037845     0.18   0.856     .2073337    6.641856
     blue collar - artisans  |   2.964589   1.240196     2.60   0.009     1.305797    6.730591
       blue collar - equip.  |   2.602784    1.12008     2.22   0.026     1.119781    6.049833
                  unskilled  |   4.298553   1.514059     4.14   0.000     2.155299    8.573083
                             |
              public_servant |          1  (omitted)
                   parent_10 |   1.663587   .1924699     4.40   0.000     1.326066    2.087016
                     married |   .9011871   .1493741    -0.63   0.530     .6512175    1.247107
           married_parent_10 |    1.15571   .2270925     0.74   0.461     .7863049     1.69866
                    divorced |   .8828175   .1792428    -0.61   0.539     .5929898      1.3143
                     widowed |   .2918326   .2208456    -1.63   0.104     .0662191    1.286128
                     college |   .8392721   .0942062    -1.56   0.119     .6735309    1.045799
                       _cons |   .0493255   .0191402    -7.76   0.000     .0230554    .1055286
----------------------------------------------------------------------------------------------
Note: _cons estimates baseline odds.
