note: erte != 0 predicts success perfectly;
      erte omitted and 1 obs not used.


Logistic regression                                    Number of obs =  46,251
                                                       Wald chi2(27) = 4436.59
                                                       Prob > chi2   =  0.0000
Log pseudolikelihood = -9334718.5                      Pseudo R2     =  0.1718

----------------------------------------------------------------------------------------------
                             |               Robust
                   permanent | Odds ratio   std. err.      z    P>|z|     [95% conf. interval]
-----------------------------+----------------------------------------------------------------
                         act |
        manufactures, prim.  |    6.90305   .7580011    17.59   0.000     5.566387    8.560688
     extractive and energy.  |   7.194812   .7543796    18.82   0.000     5.858285    8.836257
         manufactures, sec.  |    7.99421   .8786352    18.91   0.000      6.44497    9.915856
               construction  |   2.094283   .2085984     7.42   0.000      1.72287    2.545764
      hospitality and sales  |   3.367207   .3289677    12.43   0.000     2.780414    4.077839
 Transport, storage and IT.  |   3.792472   .3996304    12.65   0.000     3.084802    4.662485
  Financial and prof. serv.  |   4.707105   .4833909    15.08   0.000     3.848936    5.756614
   Education and healthcare  |    3.18592   .3702633     9.97   0.000     2.536936    4.000925
             Other services  |   3.058855   .3378657    10.12   0.000     2.463426    3.798204
                             |
                         occ |
       white collar - prof.  |   3.614362   .2598485    17.87   0.000     3.139323    4.161284
white collar - tech. suport  |   5.717038   .3916952    25.45   0.000     4.998644    6.538679
       white collar - other  |   7.709534   .6577016    23.94   0.000     6.522469    9.112642
     blue collar - services  |   8.038189   .6088059    27.52   0.000     6.929293    9.324543
  blue collar - agriculture  |   2.385868   .3489763     5.94   0.000     1.791195    3.177972
     blue collar - artisans  |   3.931139   .2547342    21.13   0.000     3.462273      4.4635
       blue collar - equip.  |   5.025948   .3448751    23.53   0.000     4.393488    5.749453
                  unskilled  |   4.251432   .3043407    20.22   0.000      3.69489    4.891802
                             |
              public_servant |   1.812212   .1315082     8.19   0.000     1.571952    2.089194
                    parent_5 |   1.022317   .0791453     0.29   0.776     .8783901    1.189826
                     married |   1.265839   .0543999     5.49   0.000     1.163584     1.37708
            married_parent_5 |   .9496602   .0833986    -0.59   0.556     .7994959    1.128029
                    divorced |   1.005627   .0995465     0.06   0.955     .8282793    1.220947
                     widowed |   2.056944   1.355093     1.09   0.274     .5655352    7.481439
                   part_time |   .3277695   .0305118   -11.98   0.000     .2731058    .3933745
                        erte |          1  (omitted)
                         age |   .9710842    .005783    -4.93   0.000     .9598157     .982485
                     college |   1.682223    .063066    13.87   0.000     1.563048    1.810485
                      tenure |   1.010482   .0002746    38.37   0.000     1.009944     1.01102
                       _cons |   .0827837   .0183284   -11.25   0.000     .0536399     .127762
----------------------------------------------------------------------------------------------
Note: _cons estimates baseline odds.
(est1 stored)
note: erte != 0 predicts success perfectly;
      erte omitted and 2 obs not used.


Logistic regression                                    Number of obs =  38,853
                                                       Wald chi2(27) = 4303.01
                                                       Prob > chi2   =  0.0000
Log pseudolikelihood = -7759193.2                      Pseudo R2     =  0.1769

----------------------------------------------------------------------------------------------
                             |               Robust
                   permanent | Odds ratio   std. err.      z    P>|z|     [95% conf. interval]
-----------------------------+----------------------------------------------------------------
                         act |
        manufactures, prim.  |    5.69217   .6667056    14.85   0.000     4.524592    7.161045
     extractive and energy.  |   6.221906   .6905326    16.47   0.000     5.005571    7.733806
         manufactures, sec.  |   5.339539   .6133069    14.58   0.000     4.263179    6.687656
               construction  |   1.789475   .1908931     5.46   0.000     1.451855    2.205606
      hospitality and sales  |   3.385652   .3575412    11.55   0.000     2.752652    4.164217
 Transport, storage and IT.  |   3.468782   .3919483    11.01   0.000     2.779695    4.328694
  Financial and prof. serv.  |   3.895816   .4336331    12.22   0.000     3.132228    4.845554
   Education and healthcare  |   2.969127   .3700573     8.73   0.000     2.325623    3.790691
             Other services  |   3.067253   .3874566     8.87   0.000     2.394559    3.928925
                             |
                         occ |
       white collar - prof.  |   4.493576   .3573702    18.89   0.000     3.845004    5.251549
white collar - tech. suport  |   6.449979   .4688679    25.64   0.000     5.593478    7.437631
       white collar - other  |   9.734337   .8511777    26.03   0.000     8.201187     11.5541
     blue collar - services  |   7.881394   .6008776    27.08   0.000     6.787463    9.151635
  blue collar - agriculture  |    3.21138   .5362961     6.99   0.000     2.314953    4.454933
     blue collar - artisans  |   4.281386   .2908923    21.40   0.000     3.747579    4.891229
       blue collar - equip.  |   5.974607   .4320466    24.72   0.000     5.185083    6.884351
                  unskilled  |   4.591502    .347829    20.12   0.000     3.957966    5.326446
                             |
              public_servant |   1.401705   .1104459     4.29   0.000     1.201122    1.635785
                    parent_5 |   1.065147    .086577     0.78   0.437     .9082859    1.249099
                     married |   1.139239   .0516369     2.88   0.004     1.042398    1.245077
            married_parent_5 |   .9981299   .0916767    -0.02   0.984     .8336918    1.195002
                    divorced |   1.188749    .099032     2.08   0.038     1.009668    1.399593
                     widowed |   .3529092   .0939284    -3.91   0.000     .2094652    .5945854
                   part_time |   .2919947   .0290782   -12.36   0.000     .2402196     .354929
                        erte |          1  (omitted)
                         age |   .9605796   .0059692    -6.47   0.000     .9489512    .9723505
                     college |   1.766463   .0662728    15.17   0.000     1.641232     1.90125
                      tenure |   1.011378   .0002952    38.77   0.000     1.010799    1.011956
                       _cons |    .107224   .0242467    -9.87   0.000     .0688349    .1670225
----------------------------------------------------------------------------------------------
Note: _cons estimates baseline odds.
(est2 stored)
note: erte omitted because of collinearity.

Logistic regression                                    Number of obs =  40,748
                                                       Wald chi2(27) = 5162.26
                                                       Prob > chi2   =  0.0000
Log pseudolikelihood = -7928621.7                      Pseudo R2     =  0.1785

----------------------------------------------------------------------------------------------
                             |               Robust
                   permanent | Odds ratio   std. err.      z    P>|z|     [95% conf. interval]
-----------------------------+----------------------------------------------------------------
                         act |
        manufactures, prim.  |   4.613794    .501414    14.07   0.000     3.728654    5.709057
     extractive and energy.  |   5.837669   .5977957    17.23   0.000     4.776104    7.135184
         manufactures, sec.  |    5.83352   .6208524    16.57   0.000     4.735204    7.186588
               construction  |   1.538778   .1475504     4.49   0.000     1.275135    1.856932
      hospitality and sales  |   2.986239   .2860367    11.42   0.000     2.475097    3.602938
 Transport, storage and IT.  |   3.494581   .3648354    11.98   0.000      2.84793     4.28806
  Financial and prof. serv.  |    3.38127   .3380011    12.19   0.000     2.779658    4.113091
   Education and healthcare  |   2.606319    .303473     8.23   0.000     2.074512    3.274457
             Other services  |   2.139409   .2500729     6.51   0.000     1.701366    2.690232
                             |
                         occ |
       white collar - prof.  |    4.06172   .3080014    18.48   0.000     3.500767     4.71256
white collar - tech. suport  |   6.631646   .4626591    27.12   0.000     5.784116    7.603363
       white collar - other  |   9.279424   .7877084    26.24   0.000     7.857141    10.95917
     blue collar - services  |   8.679093   .6475369    28.96   0.000     7.498376    10.04573
  blue collar - agriculture  |   2.472748   .3301873     6.78   0.000      1.90335    3.212486
     blue collar - artisans  |   4.133329    .264695    22.16   0.000     3.645774    4.686086
       blue collar - equip.  |   5.761858   .3942439    25.59   0.000     5.038726     6.58877
                  unskilled  |   3.971125   .2834043    19.32   0.000     3.452761    4.567311
                             |
              public_servant |   1.451733   .1128071     4.80   0.000     1.246648    1.690555
                    parent_5 |   1.114849   .0776809     1.56   0.119     .9725356    1.277987
                     married |   1.123051   .0459403     2.84   0.005     1.036525    1.216801
            married_parent_5 |   1.025683   .0821113     0.32   0.751      .876738    1.199931
                    divorced |   1.105309   .0905693     1.22   0.222     .9413176    1.297871
                     widowed |   .8877513   .4014255    -0.26   0.792     .3659258    2.153722
                   part_time |   .3712514    .034599   -10.63   0.000     .3092714    .4456526
                        erte |          1  (omitted)
                         age |   .9818736   .0057836    -3.11   0.002     .9706031     .993275
                     college |   1.789722   .0660941    15.76   0.000     1.664757    1.924067
                      tenure |   1.011126     .00028    39.96   0.000     1.010578    1.011675
                       _cons |   .0672728   .0146733   -12.37   0.000     .0438711    .1031574
----------------------------------------------------------------------------------------------
Note: _cons estimates baseline odds.
(est3 stored)

Logistic regression                                    Number of obs =  39,522
                                                       Wald chi2(28) = 4551.82
                                                       Prob > chi2   =  0.0000
Log pseudolikelihood = -7928964.2                      Pseudo R2     =  0.1652

----------------------------------------------------------------------------------------------
                             |               Robust
                   permanent | Odds ratio   std. err.      z    P>|z|     [95% conf. interval]
-----------------------------+----------------------------------------------------------------
                         act |
        manufactures, prim.  |   5.494097   .6772939    13.82   0.000     4.314824    6.995675
     extractive and energy.  |   8.180188   .9548217    18.01   0.000     6.507406    10.28297
         manufactures, sec.  |   6.918001   .8328998    16.06   0.000     5.463857    8.759148
               construction  |   2.253883   .2521473     7.26   0.000     1.810111     2.80645
      hospitality and sales  |   3.899495   .4354215    12.19   0.000     3.133014    4.853493
 Transport, storage and IT.  |   4.755957   .5537311    13.39   0.000     3.785588    5.975062
  Financial and prof. serv.  |   3.784263   .4299683    11.71   0.000      3.02878    4.728189
   Education and healthcare  |   3.986823   .5111464    10.79   0.000     3.100954    5.125764
             Other services  |   2.945198   .4105356     7.75   0.000     2.241115    3.870479
                             |
                         occ |
       white collar - prof.  |   3.938947   .2825472    19.11   0.000     3.422331    4.533548
white collar - tech. suport  |   5.630154   .3769912    25.81   0.000     4.937697    6.419721
       white collar - other  |   11.45196   1.006384    27.74   0.000     9.640004    13.60449
     blue collar - services  |    7.88697    .571861    28.48   0.000     6.842142    9.091349
  blue collar - agriculture  |   2.134616   .2975559     5.44   0.000       1.6243    2.805262
     blue collar - artisans  |   3.590665   .2230409    20.58   0.000     3.179076    4.055542
       blue collar - equip.  |   5.200216   .3426346    25.02   0.000     4.570219    5.917058
                  unskilled  |    4.00807   .2832848    19.64   0.000     3.489583    4.603594
                             |
              public_servant |   1.160974   .0911641     1.90   0.057     .9953659    1.354135
                    parent_5 |   .9675984   .0658088    -0.48   0.628     .8468428    1.105573
                     married |    1.20449   .0506639     4.42   0.000     1.109173    1.307997
            married_parent_5 |   1.030674   .0822154     0.38   0.705     .8815002    1.205093
                    divorced |   .8875124   .0768598    -1.38   0.168      .748961    1.051695
                     widowed |   .9067043   .5459431    -0.16   0.871     .2785748    2.951138
                   part_time |   .3419434    .029737   -12.34   0.000     .2883565    .4054887
                        erte |   .5624985    .402627    -0.80   0.421     .1383074     2.28769
                         age |    .980215   .0057917    -3.38   0.001      .968929    .9916325
                     college |   1.749938   .0658044    14.88   0.000     1.625602    1.883784
                      tenure |   1.010685   .0002815    38.17   0.000     1.010134    1.011237
                       _cons |   .0670105   .0148354   -12.21   0.000     .0434206    .1034163
----------------------------------------------------------------------------------------------
Note: _cons estimates baseline odds.
(est4 stored)

Logistic regression                                    Number of obs =  37,256
                                                       Wald chi2(28) = 4085.35
                                                       Prob > chi2   =  0.0000
Log pseudolikelihood = -6981706                        Pseudo R2     =  0.1772

----------------------------------------------------------------------------------------------
                             |               Robust
                   permanent | Odds ratio   std. err.      z    P>|z|     [95% conf. interval]
-----------------------------+----------------------------------------------------------------
                         act |
        manufactures, prim.  |   8.317764   .9956654    17.70   0.000     6.578317    10.51716
     extractive and energy.  |   11.09279   1.252555    21.31   0.000       8.8905     13.8406
         manufactures, sec.  |    10.1239   1.193877    19.63   0.000     8.034677    12.75637
               construction  |   3.218795   .3433578    10.96   0.000     2.611519    3.967284
      hospitality and sales  |   5.222106   .5548593    15.56   0.000      4.24037    6.431134
 Transport, storage and IT.  |   7.200067   .8043951    17.67   0.000     5.784155    8.962584
  Financial and prof. serv.  |   5.541271   .5985721    15.85   0.000     4.483963    6.847891
   Education and healthcare  |   5.642822   .6934168    14.08   0.000      4.43503     7.17953
             Other services  |   3.114805    .409561     8.64   0.000     2.407175    4.030455
                             |
                         occ |
       white collar - prof.  |   4.471402   .3273485    20.46   0.000     3.873716    5.161306
white collar - tech. suport  |   6.688818   .4687266    27.12   0.000     5.830428    7.673585
       white collar - other  |   12.40437   1.110195    28.13   0.000     10.40859    14.78283
     blue collar - services  |   10.72712   .7968754    31.94   0.000     9.273655     12.4084
  blue collar - agriculture  |   4.343658   .6066687    10.52   0.000     3.303469    5.711379
     blue collar - artisans  |   4.615511   .2983959    23.66   0.000     4.066203    5.239026
       blue collar - equip.  |   6.736425   .4739607    27.11   0.000     5.868684     7.73247
                  unskilled  |   5.939744   .4401563    24.04   0.000     5.136777     6.86823
                             |
              public_servant |   .8217561   .0620656    -2.60   0.009     .7086852    .9528675
                    parent_5 |   1.061415    .072655     0.87   0.384     .9281534    1.213811
                     married |   1.249556   .0567246     4.91   0.000     1.143181     1.36583
            married_parent_5 |   .7934195   .0647358    -2.84   0.005     .6761649    .9310074
                    divorced |   .8448383    .076561    -1.86   0.063     .7073525    1.009047
                     widowed |   .3509713   .1198845    -3.07   0.002     .1796879    .6855266
                   part_time |   .3786622   .0316265   -11.63   0.000     .3214832    .4460111
                        erte |   1.565511    .733588     0.96   0.339     .6248688    3.922143
                         age |   .9851431    .006159    -2.39   0.017     .9731454    .9972887
                     college |   2.001744   .0803156    17.30   0.000     1.850359    2.165515
                      tenure |   1.011785    .000313    37.87   0.000     1.011171    1.012398
                       _cons |    .035308   .0080539   -14.66   0.000     .0225792    .0552123
----------------------------------------------------------------------------------------------
Note: _cons estimates baseline odds.
(est5 stored)

Logistic regression                                    Number of obs =  36,982
                                                       Wald chi2(28) = 4070.97
                                                       Prob > chi2   =  0.0000
Log pseudolikelihood = -6802504.6                      Pseudo R2     =  0.1821

----------------------------------------------------------------------------------------------
                             |               Robust
                   permanent | Odds ratio   std. err.      z    P>|z|     [95% conf. interval]
-----------------------------+----------------------------------------------------------------
                         act |
        manufactures, prim.  |   7.145344    .782063    17.97   0.000     5.765786    8.854984
     extractive and energy.  |   8.192457   .8445931    20.40   0.000      6.69361    10.02693
         manufactures, sec.  |   8.326275   .8901157    19.83   0.000     6.752328     10.2671
               construction  |   2.429981     .23508     9.18   0.000     2.010279    2.937307
      hospitality and sales  |   4.229056    .400412    15.23   0.000     3.512778    5.091388
 Transport, storage and IT.  |   5.600138    .565282    17.07   0.000     4.594919    6.825267
  Financial and prof. serv.  |   5.112929   .4973794    16.77   0.000     4.225381    6.186907
   Education and healthcare  |    5.12936   .5699439    14.71   0.000     4.125558      6.3774
             Other services  |   2.961721   .3598564     8.94   0.000     2.334109     3.75809
                             |
                         occ |
       white collar - prof.  |   5.317869   .4108056    21.63   0.000     4.570695    6.187183
white collar - tech. suport  |   7.828403   .5857973    27.50   0.000     6.760487    9.065011
       white collar - other  |    11.3155   1.021506    26.88   0.000     9.480506    13.50566
     blue collar - services  |   9.970245   .7810779    29.35   0.000     8.551099    11.62491
  blue collar - agriculture  |   3.676847   .4667006    10.26   0.000     2.867035    4.715397
     blue collar - artisans  |   5.111483   .3569891    23.36   0.000     4.457573    5.861319
       blue collar - equip.  |   7.767835   .5792586    27.49   0.000     6.711578    8.990323
                  unskilled  |   5.375804   .4220507    21.42   0.000       4.6091    6.270045
                             |
              public_servant |   .8803961   .0631542    -1.78   0.076     .7649237      1.0133
                    parent_5 |   .9083186   .0586071    -1.49   0.136     .8004173    1.030766
                     married |    1.23873   .0583004     4.55   0.000     1.129575    1.358433
            married_parent_5 |   .9958427   .0786292    -0.05   0.958     .8530648    1.162517
                    divorced |   1.009682   .1020612     0.10   0.924      .828215     1.23091
                     widowed |   .5154069   .1933438    -1.77   0.077     .2470816    1.075128
                   part_time |   .2885528   .0238301   -15.05   0.000     .2454306    .3392515
                        erte |   1.269553    .606202     0.50   0.617      .497976    3.236631
                         age |   .9690783   .0061778    -4.93   0.000     .9570455    .9812625
                     college |   1.719896   .0685708    13.60   0.000     1.590617    1.859683
                      tenure |   1.011841   .0003238    36.79   0.000     1.011206    1.012475
                       _cons |   .0665954   .0151991   -11.87   0.000     .0425769    .1041633
----------------------------------------------------------------------------------------------
Note: _cons estimates baseline odds.
(est6 stored)

Logistic regression                                    Number of obs =  34,795
                                                       Wald chi2(28) = 3683.92
                                                       Prob > chi2   =  0.0000
Log pseudolikelihood = -6747041.1                      Pseudo R2     =  0.1642

----------------------------------------------------------------------------------------------
                             |               Robust
                   permanent | Odds ratio   std. err.      z    P>|z|     [95% conf. interval]
-----------------------------+----------------------------------------------------------------
                         act |
        manufactures, prim.  |   5.831539   .6418913    16.02   0.000     4.699909     7.23564
     extractive and energy.  |   7.181703    .734307    19.28   0.000     5.877528    8.775264
         manufactures, sec.  |   5.175172   .5432979    15.66   0.000     4.212736    6.357484
               construction  |   1.698396   .1647805     5.46   0.000     1.404282    2.054109
      hospitality and sales  |   3.559833   .3363722    13.44   0.000     2.958004    4.284109
 Transport, storage and IT.  |   4.041784   .4089339    13.80   0.000     3.314755    4.928273
  Financial and prof. serv.  |   3.590393   .3468395    13.23   0.000     2.971078    4.338802
   Education and healthcare  |    3.39207    .380613    10.89   0.000     2.722415    4.226446
             Other services  |    2.28436   .2832487     6.66   0.000     1.791513    2.912789
                             |
                         occ |
       white collar - prof.  |   2.289783   .1910383     9.93   0.000     1.944365    2.696563
white collar - tech. suport  |   3.380935   .2815799    14.63   0.000     2.871738    3.980419
       white collar - other  |   4.926898   .4713883    16.67   0.000      4.08445    5.943107
     blue collar - services  |    2.66604   .2268726    11.52   0.000     2.256481    3.149934
  blue collar - agriculture  |   .9918102   .1311663    -0.06   0.950     .7653457    1.285285
     blue collar - artisans  |   2.147071   .1734535     9.46   0.000     1.832657    2.515427
       blue collar - equip.  |   3.259909   .2814437    13.69   0.000     2.752435    3.860947
                  unskilled  |   2.417319   .2176759     9.80   0.000      2.02621    2.883921
                             |
              public_servant |    1.33061   .1015008     3.74   0.000     1.145829    1.545189
                    parent_5 |   .9612628   .0618565    -0.61   0.539     .8473601    1.090476
                     married |   1.325099   .0632877     5.89   0.000     1.206687    1.455132
            married_parent_5 |   .8598083   .0683613    -1.90   0.057     .7357404    1.004798
                    divorced |   1.025109   .0981275     0.26   0.796     .8497466     1.23666
                     widowed |   1.269645   .5673442     0.53   0.593     .5288356    3.048203
                   part_time |   .2779972   .0218613   -16.28   0.000     .2382886    .3243228
                        erte |   4.538471   3.325512     2.06   0.039     1.079447    19.08173
                         age |   .9442469   .0062102    -8.72   0.000     .9321532    .9564976
                     college |   1.505352   .0600145    10.26   0.000     1.392204    1.627696
                      tenure |   1.012093   .0003193    38.10   0.000     1.011468    1.012719
                       _cons |    .452611   .1079198    -3.32   0.001     .2836391    .7222442
----------------------------------------------------------------------------------------------
Note: _cons estimates baseline odds.
(est7 stored)

Logistic regression                                    Number of obs =  31,921
                                                       Wald chi2(28) = 3323.50
                                                       Prob > chi2   =  0.0000
Log pseudolikelihood = -6191854.3                      Pseudo R2     =  0.1700

----------------------------------------------------------------------------------------------
                             |               Robust
                   permanent | Odds ratio   std. err.      z    P>|z|     [95% conf. interval]
-----------------------------+----------------------------------------------------------------
                         act |
        manufactures, prim.  |   8.313414   .9977033    17.65   0.000     6.570912      10.518
     extractive and energy.  |   8.704656   .9798602    19.22   0.000     6.981265    10.85348
         manufactures, sec.  |   8.278143   .9521703    18.38   0.000     6.607328    10.37146
               construction  |   2.082963   .2192833     6.97   0.000     1.694617    2.560304
      hospitality and sales  |   4.773339   .4825906    15.46   0.000     3.915297    5.819422
 Transport, storage and IT.  |   6.400854   .6854168    17.34   0.000     5.189069    7.895622
  Financial and prof. serv.  |   5.579825   .5631384    17.03   0.000     4.578401    6.800287
   Education and healthcare  |   6.446513   .7965572    15.08   0.000     5.059958    8.213018
             Other services  |   3.667103   .4609458    10.34   0.000      2.86635    4.691558
                             |
                         occ |
       white collar - prof.  |   2.101837   .1902356     8.21   0.000     1.760181    2.509808
white collar - tech. suport  |   3.189746   .2902253    12.75   0.000     2.668749    3.812451
       white collar - other  |   5.370745   .5894346    15.32   0.000     4.331276    6.659677
     blue collar - services  |   2.452346   .2291064     9.60   0.000     2.042019    2.945126
  blue collar - agriculture  |   1.268881   .1715019     1.76   0.078     .9735819    1.653748
     blue collar - artisans  |   1.928008   .1728514     7.32   0.000     1.617321    2.298378
       blue collar - equip.  |   2.841462   .2745608    10.81   0.000     2.351219    3.433923
                  unskilled  |   2.719371   .2669136    10.19   0.000     2.243473     3.29622
                             |
              public_servant |   1.111288   .0928766     1.26   0.207     .9433803     1.30908
                    parent_5 |    .965831   .0646431    -0.52   0.603     .8470913    1.101215
                     married |   1.248979   .0668077     4.16   0.000     1.124668     1.38703
            married_parent_5 |   .8908325   .0763173    -1.35   0.177     .7531369    1.053703
                    divorced |   .8524323   .0836887    -1.63   0.104     .7032213    1.033303
                     widowed |   1.742883   .7707827     1.26   0.209     .7325343    4.146757
                   part_time |   .3661918   .0268295   -13.71   0.000     .3172081    .4227396
                        erte |   4.142202   2.400856     2.45   0.014     1.330049    12.90016
                         age |   .9473589   .0067164    -7.63   0.000     .9342861    .9606147
                     college |   1.484913   .0630205     9.32   0.000     1.366392    1.613713
                      tenure |   1.012704   .0003619    35.33   0.000     1.011995    1.013414
                       _cons |   .3021388    .076946    -4.70   0.000      .183413    .4977174
----------------------------------------------------------------------------------------------
Note: _cons estimates baseline odds.
(est8 stored)

Logistic regression                                    Number of obs =  30,442
                                                       Wald chi2(28) = 3222.51
                                                       Prob > chi2   =  0.0000
Log pseudolikelihood = -5971001.8                      Pseudo R2     =  0.1700

----------------------------------------------------------------------------------------------
                             |               Robust
                   permanent | Odds ratio   std. err.      z    P>|z|     [95% conf. interval]
-----------------------------+----------------------------------------------------------------
                         act |
        manufactures, prim.  |   11.56259   1.532127    18.47   0.000     8.917944    14.99151
     extractive and energy.  |    9.75138    1.20248    18.47   0.000     7.657749    12.41741
         manufactures, sec.  |   11.67611   1.468556    19.54   0.000     9.125123    14.94024
               construction  |   3.137254    .376235     9.53   0.000     2.480101    3.968532
      hospitality and sales  |    5.09457   .5782416    14.34   0.000     4.078447    6.363854
 Transport, storage and IT.  |   7.516714   .8929867    16.98   0.000     5.955321     9.48748
  Financial and prof. serv.  |   5.431331   .6257977    14.69   0.000      4.33342    6.807406
   Education and healthcare  |   7.166474   .9347739    15.10   0.000     5.549799    9.254091
             Other services  |   6.072398     .85105    12.87   0.000     4.613854     7.99202
                             |
                         occ |
       white collar - prof.  |    1.88011   .1726247     6.88   0.000     1.570468    2.250803
white collar - tech. suport  |   2.654894   .2486711    10.42   0.000     2.209629    3.189886
       white collar - other  |   5.377383    .601412    15.04   0.000     4.318886    6.695303
     blue collar - services  |   2.268689   .2151135     8.64   0.000     1.883933    2.732024
  blue collar - agriculture  |   1.309962   .1959175     1.81   0.071     .9771317     1.75616
     blue collar - artisans  |   1.631079   .1545009     5.16   0.000     1.354711    1.963828
       blue collar - equip.  |   2.526813   .2489172     9.41   0.000     2.083152    3.064963
                  unskilled  |   2.676571   .2737401     9.63   0.000     2.190404    3.270645
                             |
              public_servant |   1.419431   .1144306     4.34   0.000     1.211973    1.662401
                    parent_5 |   1.097587   .0679611     1.50   0.133     .9721506    1.239207
                     married |   1.172652   .0647414     2.88   0.004     1.052385    1.306663
            married_parent_5 |   .7951748   .0659631    -2.76   0.006     .6758523    .9355637
                    divorced |   .7419663   .0768385    -2.88   0.004      .605666    .9089399
                     widowed |   .7886874   .3329855    -0.56   0.574     .3447671    1.804197
                   part_time |   .3975113   .0268297   -13.67   0.000     .3482558    .4537333
                        erte |   7.688441   6.081242     2.58   0.010     1.631446    36.23296
                         age |   .9656818   .0068381    -4.93   0.000     .9523719    .9791778
                     college |   1.479297   .0641186     9.03   0.000     1.358817     1.61046
                      tenure |   1.012628   .0003575    35.54   0.000     1.011928    1.013329
                       _cons |   .1424317   .0376345    -7.38   0.000     .0848584    .2390664
----------------------------------------------------------------------------------------------
Note: _cons estimates baseline odds.
(est9 stored)

Logistic regression                                    Number of obs =  30,180
                                                       Wald chi2(28) = 3141.05
                                                       Prob > chi2   =  0.0000
Log pseudolikelihood = -5987768.7                      Pseudo R2     =  0.1583

----------------------------------------------------------------------------------------------
                             |               Robust
                   permanent | Odds ratio   std. err.      z    P>|z|     [95% conf. interval]
-----------------------------+----------------------------------------------------------------
                         act |
        manufactures, prim.  |   6.922635   .8829581    15.17   0.000     5.391426     8.88872
     extractive and energy.  |   7.091753   .8542902    16.26   0.000     5.600357    8.980312
         manufactures, sec.  |   8.395774   1.045249    17.09   0.000     6.577921      10.716
               construction  |   2.570253   .3052776     7.95   0.000     2.036459    3.243963
      hospitality and sales  |   4.092897    .460686    12.52   0.000     3.282629    5.103169
 Transport, storage and IT.  |   5.170888   .6072157    13.99   0.000     4.107795    6.509107
  Financial and prof. serv.  |   4.141106   .4762893    12.35   0.000     3.305334    5.188207
   Education and healthcare  |   4.736004   .6182237    11.91   0.000     3.666898    6.116815
             Other services  |   4.498857   .6027029    11.23   0.000     3.459938    5.849732
                             |
                         occ |
       white collar - prof.  |   1.727732   .1759281     5.37   0.000     1.415148     2.10936
white collar - tech. suport  |    2.70253   .2763959     9.72   0.000     2.211646    3.302368
       white collar - other  |   4.845123   .5763259    13.27   0.000     3.837556    6.117232
     blue collar - services  |   2.322207   .2382662     8.21   0.000     1.899174    2.839468
  blue collar - agriculture  |   1.338498   .2131036     1.83   0.067      .979709    1.828683
     blue collar - artisans  |   1.689171   .1707478     5.19   0.000     1.385578    2.059284
       blue collar - equip.  |   2.072766   .2181646     6.93   0.000     1.686393    2.547662
                  unskilled  |   2.251659   .2446218     7.47   0.000     1.819816    2.785978
                             |
              public_servant |   1.271127   .1030235     2.96   0.003     1.084426    1.489972
                    parent_5 |   1.214613   .0741129     3.19   0.001     1.077704    1.368914
                     married |   1.193994   .0659626     3.21   0.001     1.071463    1.330537
            married_parent_5 |   .7814497   .0643494    -2.99   0.003     .6649788    .9183205
                    divorced |   .8620483     .08977    -1.43   0.154     .7028961    1.057236
                     widowed |   .1388985   .0695774    -3.94   0.000     .0520369     .370752
                   part_time |   .4450664   .0288024   -12.51   0.000     .3920482    .5052546
                        erte |   5.050289   4.536675     1.80   0.071     .8683239    29.37316
                         age |   .9492109   .0066217    -7.47   0.000      .936321    .9622783
                     college |   1.523049   .0631987    10.14   0.000     1.404085    1.652093
                      tenure |   1.012909    .000344    37.77   0.000     1.012235    1.013583
                       _cons |   .3223278   .0852134    -4.28   0.000     .1919846     .541164
----------------------------------------------------------------------------------------------
Note: _cons estimates baseline odds.
(est10 stored)

Logistic regression                                    Number of obs =  29,125
                                                       Wald chi2(28) = 3061.02
                                                       Prob > chi2   =  0.0000
Log pseudolikelihood = -5952223.2                      Pseudo R2     =  0.1732

----------------------------------------------------------------------------------------------
                             |               Robust
                   permanent | Odds ratio   std. err.      z    P>|z|     [95% conf. interval]
-----------------------------+----------------------------------------------------------------
                         act |
        manufactures, prim.  |   5.417891      .6608    13.85   0.000     4.265917    6.880946
     extractive and energy.  |   6.997813   .7938568    17.15   0.000     5.602721    8.740286
         manufactures, sec.  |   6.204645   .7338258    15.43   0.000     4.920905     7.82328
               construction  |   2.009996   .2275159     6.17   0.000     1.610073    2.509253
      hospitality and sales  |   3.999944    .428229    12.95   0.000     3.242839    4.933811
 Transport, storage and IT.  |   6.036195   .6767061    16.04   0.000     4.845479    7.519514
  Financial and prof. serv.  |   4.387094   .4750968    13.65   0.000     3.548108    5.424468
   Education and healthcare  |   3.980265   .5051034    10.89   0.000     3.103794    5.104241
             Other services  |   3.978582   .5125095    10.72   0.000     3.090857     5.12127
                             |
                         occ |
       white collar - prof.  |   2.781895   .2928109     9.72   0.000     2.263324    3.419281
white collar - tech. suport  |   3.845453   .4023434    12.87   0.000     3.132475    4.720709
       white collar - other  |    5.64379   .6843374    14.27   0.000     4.449984     7.15786
     blue collar - services  |    3.32061   .3474126    11.47   0.000      2.70497    4.076366
  blue collar - agriculture  |   1.418756    .216319     2.29   0.022     1.052263    1.912895
     blue collar - artisans  |    2.65104   .2722605     9.49   0.000     2.167696    3.242159
       blue collar - equip.  |   3.109949   .3344555    10.55   0.000     2.518906    3.839677
                  unskilled  |   2.959639   .3245762     9.89   0.000     2.387204    3.669339
                             |
              public_servant |   1.062983   .0948682     0.68   0.494     .8923986    1.266175
                    parent_5 |   1.206024   .0710362     3.18   0.001     1.074532    1.353608
                     married |   1.053138   .0584923     0.93   0.351     .9445146    1.174253
            married_parent_5 |   .9340203    .076179    -0.84   0.403     .7960347    1.095924
                    divorced |   1.001503   .0971318     0.02   0.988     .8281282    1.211175
                     widowed |   .2748685   .1093755    -3.25   0.001      .126013    .5995627
                   part_time |   .4540375   .0291438   -12.30   0.000     .4003637     .514907
                        erte |   1.741721   1.365201     0.71   0.479     .3747894    8.094128
                         age |     .97016   .0066873    -4.39   0.000     .9571412    .9833558
                     college |   1.464964   .0603614     9.27   0.000     1.351308    1.588178
                      tenure |   1.013726   .0003526    39.20   0.000     1.013035    1.014417
                       _cons |   .1072865   .0284772    -8.41   0.000      .063769    .1805014
----------------------------------------------------------------------------------------------
Note: _cons estimates baseline odds.
(est11 stored)

Logistic regression                                    Number of obs =  27,886
                                                       Wald chi2(28) = 3069.86
                                                       Prob > chi2   =  0.0000
Log pseudolikelihood = -5891373.5                      Pseudo R2     =  0.1583

----------------------------------------------------------------------------------------------
                             |               Robust
                   permanent | Odds ratio   std. err.      z    P>|z|     [95% conf. interval]
-----------------------------+----------------------------------------------------------------
                         act |
        manufactures, prim.  |   6.200051   .7334059    15.42   0.000      4.91707    7.817793
     extractive and energy.  |   7.622044   .8484462    18.25   0.000     6.128019    9.480315
         manufactures, sec.  |   6.149356   .6933184    16.11   0.000     4.930145    7.670075
               construction  |   1.934881   .2132516     5.99   0.000     1.558977    2.401424
      hospitality and sales  |   4.426805   .4559619    14.44   0.000     3.617566    5.417069
 Transport, storage and IT.  |   5.235642   .5732161    15.12   0.000     4.224521     6.48877
  Financial and prof. serv.  |   4.327838   .4512205    14.05   0.000     3.527968    5.309055
   Education and healthcare  |    3.86825   .4754118    11.01   0.000     3.040192    4.921846
             Other services  |    3.87892   .5227287    10.06   0.000     2.978528    5.051495
                             |
                         occ |
       white collar - prof.  |    2.21655    .241414     7.31   0.000      1.79048    2.744009
white collar - tech. suport  |   3.598174   .3956679    11.64   0.000     2.900554    4.463579
       white collar - other  |   5.132307   .6217235    13.50   0.000     4.047611    6.507684
     blue collar - services  |   3.050906   .3309698    10.28   0.000     2.466541    3.773716
  blue collar - agriculture  |   1.514105   .2472733     2.54   0.011     1.099369      2.0853
     blue collar - artisans  |    2.27408   .2443441     7.65   0.000      1.84224    2.807147
       blue collar - equip.  |   2.434533   .2743227     7.90   0.000     1.952102     3.03619
                  unskilled  |   2.870154   .3274064     9.24   0.000     2.295125    3.589253
                             |
              public_servant |   1.148285   .0975156     1.63   0.103     .9722172    1.356239
                    parent_5 |   1.212662   .0690616     3.39   0.001     1.084584    1.355863
                     married |   1.128368   .0628783     2.17   0.030      1.01162    1.258589
            married_parent_5 |   .9059022   .0727473    -1.23   0.218     .7739746    1.060317
                    divorced |   .9975734      .0973    -0.02   0.980     .8239892    1.207725
                     widowed |    .105041   .0581749    -4.07   0.000     .0354762    .3110144
                   part_time |   .5031128   .0319084   -10.83   0.000     .4443043    .5697052
                        erte |    .590166   .5249335    -0.59   0.553     .1032424    3.373575
                         age |   .9807319    .006659    -2.87   0.004      .967767    .9938706
                     college |   1.456493   .0619301     8.84   0.000     1.340032    1.583075
                      tenure |   1.012772   .0003385    37.97   0.000     1.012109    1.013436
                       _cons |   .0915367   .0240164    -9.11   0.000     .0547351    .1530821
----------------------------------------------------------------------------------------------
Note: _cons estimates baseline odds.
(est12 stored)
note: erte != 0 predicts failure perfectly;
      erte omitted and 1 obs not used.


Logistic regression                                    Number of obs =  27,376
                                                       Wald chi2(27) = 2863.36
                                                       Prob > chi2   =  0.0000
Log pseudolikelihood = -5895914.3                      Pseudo R2     =  0.1430

----------------------------------------------------------------------------------------------
                             |               Robust
                   permanent | Odds ratio   std. err.      z    P>|z|     [95% conf. interval]
-----------------------------+----------------------------------------------------------------
                         act |
        manufactures, prim.  |   4.921807   .5675072    13.82   0.000     3.926242    6.169814
     extractive and energy.  |   5.649869   .6180675    15.83   0.000     4.559542    7.000928
         manufactures, sec.  |   4.427499   .4913431    13.41   0.000     3.562018     5.50327
               construction  |   1.648697   .1802156     4.57   0.000     1.330754    2.042603
      hospitality and sales  |   3.160543   .3211954    11.32   0.000     2.589744    3.857149
 Transport, storage and IT.  |    4.28914   .4619542    13.52   0.000     3.472906    5.297212
  Financial and prof. serv.  |   3.122624   .3270925    10.87   0.000     2.543062    3.834268
   Education and healthcare  |   3.189818   .3819038     9.69   0.000     2.522639    4.033451
             Other services  |   1.999566    .249524     5.55   0.000     1.565724    2.553621
                             |
                         occ |
       white collar - prof.  |   1.606767    .159919     4.76   0.000     1.322009    1.952863
white collar - tech. suport  |   2.549952   .2557362     9.33   0.000     2.094906    3.103841
       white collar - other  |   3.423556   .3821339    11.03   0.000     2.750852    4.260766
     blue collar - services  |   2.418244   .2416992     8.83   0.000     1.988036     2.94155
  blue collar - agriculture  |   .8764099   .1361979    -0.85   0.396     .6462892    1.188468
     blue collar - artisans  |   1.744952    .173664     5.59   0.000     1.435717    2.120793
       blue collar - equip.  |   1.960243   .2022947     6.52   0.000     1.601278    2.399677
                  unskilled  |   1.847373   .1949805     5.82   0.000     1.502155    2.271927
                             |
              public_servant |   .9719552   .0763286    -0.36   0.717     .8332983    1.133684
                    parent_5 |   1.072342   .0612364     1.22   0.221     .9587933    1.199337
                     married |   1.091998   .0596526     1.61   0.107     .9811223    1.215403
            married_parent_5 |    1.11877   .0893288     1.41   0.160     .9567013    1.308295
                    divorced |   1.263635   .1349738     2.19   0.028     1.024948    1.557908
                     widowed |   .1637066   .1755293    -1.69   0.091     .0200167    1.338876
                   part_time |   .5457657   .0354266    -9.33   0.000     .4805662     .619811
                        erte |          1  (omitted)
                         age |   .9715427    .006583    -4.26   0.000     .9587255    .9845313
                     college |   1.557817   .0652384    10.59   0.000     1.435059    1.691076
                      tenure |   1.011687   .0003273    35.92   0.000     1.011046    1.012329
                       _cons |   .2242435   .0574287    -5.84   0.000     .1357461    .3704351
----------------------------------------------------------------------------------------------
Note: _cons estimates baseline odds.
(est13 stored)
note: erte omitted because of collinearity.

Logistic regression                                    Number of obs =  27,294
                                                       Wald chi2(27) = 2768.19
                                                       Prob > chi2   =  0.0000
Log pseudolikelihood = -5691341.4                      Pseudo R2     =  0.1499

----------------------------------------------------------------------------------------------
                             |               Robust
                   permanent | Odds ratio   std. err.      z    P>|z|     [95% conf. interval]
-----------------------------+----------------------------------------------------------------
                         act |
        manufactures, prim.  |   4.474688   .5165573    12.98   0.000     3.568619    5.610807
     extractive and energy.  |    5.25066   .5825839    14.95   0.000     4.224442    6.526171
         manufactures, sec.  |   4.799454   .5361481    14.04   0.000     3.855706      5.9742
               construction  |   1.629335   .1778205     4.47   0.000     1.315567    2.017939
      hospitality and sales  |   3.377423   .3402351    12.08   0.000     2.772279    4.114659
 Transport, storage and IT.  |   4.615551   .4938051    14.30   0.000     3.742449    5.692346
  Financial and prof. serv.  |    2.82325   .3025502     9.69   0.000     2.288397    3.483111
   Education and healthcare  |   3.484794   .4088408    10.64   0.000     2.768936    4.385723
             Other services  |   2.316014   .2900923     6.71   0.000     1.811857    2.960454
                             |
                         occ |
       white collar - prof.  |    1.72958   .1856237     5.10   0.000     1.401481     2.13449
white collar - tech. suport  |   2.548665   .2751189     8.67   0.000     2.062665    3.149175
       white collar - other  |   4.111697   .5003933    11.62   0.000     3.239141      5.2193
     blue collar - services  |   2.287627   .2466691     7.67   0.000     1.851835    2.825974
  blue collar - agriculture  |   .9611663   .1586095    -0.24   0.810     .6955609    1.328195
     blue collar - artisans  |   2.048688   .2174104     6.76   0.000     1.663968    2.522359
       blue collar - equip.  |   2.033486   .2246063     6.43   0.000     1.637656     2.52499
                  unskilled  |   1.782499   .1987619     5.18   0.000     1.432564    2.217914
                             |
              public_servant |   .6736678   .0507114    -5.25   0.000     .5812597    .7807669
                    parent_5 |   1.310121   .0711456     4.97   0.000     1.177843    1.457255
                     married |   1.206482   .0671182     3.37   0.001     1.081851    1.345471
            married_parent_5 |    .814079   .0642487    -2.61   0.009     .6974098    .9502657
                    divorced |   1.132325   .1208126     1.16   0.244     .9186557    1.395691
                     widowed |   4.850685   4.825377     1.59   0.112     .6903076    34.08502
                   part_time |   .4026214   .0268662   -13.63   0.000     .3532626    .4588768
                        erte |          1  (omitted)
                         age |   .9771321     .00668    -3.38   0.001     .9641269    .9903127
                     college |   1.537396   .0667808     9.90   0.000     1.411925    1.674017
                      tenure |   1.012156    .000333    36.72   0.000     1.011504    1.012809
                       _cons |   .1752828     .04527    -6.74   0.000     .1056577    .2907888
----------------------------------------------------------------------------------------------
Note: _cons estimates baseline odds.
(est14 stored)
note: erte != 0 predicts success perfectly;
      erte omitted and 3 obs not used.


Logistic regression                                    Number of obs =  26,614
                                                       Wald chi2(27) = 2620.81
                                                       Prob > chi2   =  0.0000
Log pseudolikelihood = -5624611.5                      Pseudo R2     =  0.1407

----------------------------------------------------------------------------------------------
                             |               Robust
                   permanent | Odds ratio   std. err.      z    P>|z|     [95% conf. interval]
-----------------------------+----------------------------------------------------------------
                         act |
        manufactures, prim.  |    7.25952   .8727038    16.49   0.000     5.735624      9.1883
     extractive and energy.  |   8.925972   .9968405    19.60   0.000     7.171244    11.11006
         manufactures, sec.  |   8.182044   .9418529    18.26   0.000     6.529473    10.25287
               construction  |   2.870817   .3165011     9.57   0.000      2.31293    3.563269
      hospitality and sales  |   5.193708   .5320314    16.08   0.000     4.248958    6.348522
 Transport, storage and IT.  |   6.600506    .718896    17.33   0.000     5.331733    8.171204
  Financial and prof. serv.  |   4.808982   .5165156    14.62   0.000     3.896087    5.935778
   Education and healthcare  |   4.683727   .5585136    12.95   0.000     3.707572    5.916891
             Other services  |   3.428864   .4392132     9.62   0.000      2.66758    4.407407
                             |
                         occ |
       white collar - prof.  |   2.092534   .2292819     6.74   0.000     1.688127     2.59382
white collar - tech. suport  |   3.189694   .3557562    10.40   0.000     2.563374    3.969045
       white collar - other  |   5.162585   .6333548    13.38   0.000     4.059199    6.565897
     blue collar - services  |    2.89257    .324965     9.45   0.000     2.320897    3.605054
  blue collar - agriculture  |   1.431253   .2260601     2.27   0.023     1.050202    1.950563
     blue collar - artisans  |   1.959037   .2162874     6.09   0.000      1.57785    2.432313
       blue collar - equip.  |   2.300699   .2649189     7.24   0.000     1.835889     2.88319
                  unskilled  |   2.308954   .2666092     7.25   0.000     1.841319    2.895352
                             |
              public_servant |   .6843147   .0531699    -4.88   0.000     .5876506    .7968794
                    parent_5 |   .9789344   .0541815    -0.38   0.700     .8782978    1.091102
                     married |   1.152393   .0667284     2.45   0.014     1.028756    1.290889
            married_parent_5 |   1.007788   .0823453     0.09   0.924      .858654    1.182823
                    divorced |   1.381038   .1490903     2.99   0.003     1.117671    1.706465
                     widowed |   3.187882    2.16828     1.70   0.088     .8405163    12.09089
                   part_time |   .4614318   .0302463   -11.80   0.000     .4058003    .5246899
                        erte |          1  (omitted)
                         age |   .9907117   .0069566    -1.33   0.184     .9771703    1.004441
                     college |   1.457275   .0667403     8.22   0.000     1.332165    1.594134
                      tenure |    1.01141   .0003428    33.47   0.000     1.010738    1.012082
                       _cons |   .0772445    .020611    -9.60   0.000     .0457871    .1303141
----------------------------------------------------------------------------------------------
Note: _cons estimates baseline odds.
(est15 stored)

Logistic regression                                    Number of obs =  22,281
                                                       Wald chi2(28) = 2274.39
                                                       Prob > chi2   =  0.0000
Log pseudolikelihood = -5045064.6                      Pseudo R2     =  0.1486

----------------------------------------------------------------------------------------------
                             |               Robust
                   permanent | Odds ratio   std. err.      z    P>|z|     [95% conf. interval]
-----------------------------+----------------------------------------------------------------
                         act |
        manufactures, prim.  |   4.300635   .5650212    11.10   0.000     3.324306    5.563706
     extractive and energy.  |   6.312882   .7974427    14.59   0.000     4.928377    8.086328
         manufactures, sec.  |   6.777697    .886726    14.63   0.000     5.244685    8.758804
               construction  |   2.135659   .2628702     6.16   0.000      1.67788    2.718336
      hospitality and sales  |   3.533628   .4096628    10.89   0.000     2.815392    4.435095
 Transport, storage and IT.  |   4.392766   .5324074    12.21   0.000     3.463951    5.570633
  Financial and prof. serv.  |    3.11559   .3686554     9.60   0.000     2.470706    3.928797
   Education and healthcare  |   2.676469   .3564128     7.39   0.000     2.061635    3.474663
             Other services  |   1.791808   .2624538     3.98   0.000     1.344659     2.38765
                             |
                         occ |
       white collar - prof.  |   2.316489   .3007147     6.47   0.000     1.796105    2.987644
white collar - tech. suport  |   3.551943   .4660786     9.66   0.000     2.746459     4.59366
       white collar - other  |   5.102035    .746913    11.13   0.000     3.829409    6.797593
     blue collar - services  |   3.048042   .4042393     8.40   0.000      2.35035    3.952843
  blue collar - agriculture  |   .9978229   .1878477    -0.01   0.991     .6899353    1.443107
     blue collar - artisans  |    1.98213   .2579879     5.26   0.000     1.535827    2.558126
       blue collar - equip.  |   2.122511    .284571     5.61   0.000     1.632026    2.760406
                  unskilled  |   2.391552   .3313638     6.29   0.000     1.822807    3.137754
                             |
              public_servant |   .7558218   .0644518    -3.28   0.001     .6394908    .8933149
                    parent_5 |   1.023186   .0641115     0.37   0.715     .9049391    1.156884
                     married |   1.111779   .0741561     1.59   0.112     .9755349     1.26705
            married_parent_5 |   .9886416   .0929185    -0.12   0.903     .8223142    1.188612
                    divorced |   .9980165   .1203043    -0.02   0.987     .7880087    1.263992
                     widowed |   11.84167    13.0236     2.25   0.025     1.371679    102.2289
                   part_time |   .4473317   .0344844   -10.44   0.000     .3846019     .520293
                        erte |   2.290989   .2600966     7.30   0.000     1.833943    2.861937
                         age |   .9810587   .0077693    -2.41   0.016     .9659486    .9964051
                     college |    1.41611   .0724481     6.80   0.000     1.281002    1.565469
                      tenure |   1.012712   .0003907    32.74   0.000     1.011947    1.013478
                       _cons |   .1606949   .0488988    -6.01   0.000     .0885085    .2917555
----------------------------------------------------------------------------------------------
Note: _cons estimates baseline odds.
(est16 stored)

Logistic regression                                    Number of obs =  19,184
                                                       Wald chi2(28) = 1848.64
                                                       Prob > chi2   =  0.0000
Log pseudolikelihood = -4968766.3                      Pseudo R2     =  0.1544

----------------------------------------------------------------------------------------------
                             |               Robust
                   permanent | Odds ratio   std. err.      z    P>|z|     [95% conf. interval]
-----------------------------+----------------------------------------------------------------
                         act |
        manufactures, prim.  |   3.362125   .4691342     8.69   0.000     2.557652    4.419633
     extractive and energy.  |   4.746488   .6139098    12.04   0.000     3.683648    6.115988
         manufactures, sec.  |   6.345763   .8823254    13.29   0.000      4.83205    8.333671
               construction  |   1.752662   .2262301     4.35   0.000     1.360901    2.257197
      hospitality and sales  |   2.910708   .3452122     9.01   0.000     2.306989    3.672416
 Transport, storage and IT.  |   3.741574    .470051    10.50   0.000      2.92495    4.786192
  Financial and prof. serv.  |   3.336802   .4141096     9.71   0.000     2.616334    4.255668
   Education and healthcare  |   2.312976   .3228486     6.01   0.000     1.759378    3.040766
             Other services  |   1.565091   .2397486     2.92   0.003     1.159173    2.113153
                             |
                         occ |
       white collar - prof.  |   2.184981   .2825133     6.05   0.000     1.695857     2.81518
white collar - tech. suport  |   3.243945     .43308     8.81   0.000     2.497092    4.214173
       white collar - other  |   4.833625   .6995933    10.89   0.000     3.639775    6.419059
     blue collar - services  |   2.849488   .3762848     7.93   0.000     2.199697    3.691229
  blue collar - agriculture  |   .7273642   .1377688    -1.68   0.093     .5017961     1.05433
     blue collar - artisans  |   2.059434   .2700374     5.51   0.000     1.592709    2.662927
       blue collar - equip.  |   2.379355   .3249311     6.35   0.000      1.82061    3.109579
                  unskilled  |   2.096468   .2888083     5.37   0.000     1.600395    2.746309
                             |
              public_servant |    .757875   .0701662    -2.99   0.003     .6321075    .9086659
                    parent_5 |   1.002092   .0683335     0.03   0.976     .8767249    1.145385
                     married |   1.186745   .0877411     2.32   0.021     1.026654    1.371798
            married_parent_5 |   1.117329   .1159712     1.07   0.285     .9116582    1.369399
                    divorced |   1.167483   .1624102     1.11   0.266     .8888714    1.533425
                     widowed |   .7125356   .5594524    -0.43   0.666     .1529254    3.319965
                   part_time |   .4776297    .041986    -8.41   0.000     .4020374     .567435
                        erte |   8.608603   3.627055     5.11   0.000     3.769613    19.65933
                         age |   .9753601   .0086381    -2.82   0.005     .9585758    .9924382
                     college |   1.502894   .0861219     7.11   0.000     1.343232    1.681534
                      tenure |   1.012645   .0004267    29.82   0.000     1.011809    1.013482
                       _cons |   .2182168    .072254    -4.60   0.000      .114037    .4175711
----------------------------------------------------------------------------------------------
Note: _cons estimates baseline odds.
(est17 stored)

Logistic regression                                    Number of obs =  18,051
                                                       Wald chi2(28) = 1440.45
                                                       Prob > chi2   =  0.0000
Log pseudolikelihood = -4934745.9                      Pseudo R2     =  0.1149

----------------------------------------------------------------------------------------------
                             |               Robust
                   permanent | Odds ratio   std. err.      z    P>|z|     [95% conf. interval]
-----------------------------+----------------------------------------------------------------
                         act |
        manufactures, prim.  |   4.449553   .6515681    10.19   0.000      3.33942     5.92873
     extractive and energy.  |   4.022826   .5846377     9.58   0.000     3.025701    5.348555
         manufactures, sec.  |   5.889202   .8337985    12.52   0.000     4.462134    7.772671
               construction  |   1.682979   .2193328     3.99   0.000     1.303606    2.172755
      hospitality and sales  |   2.793945   .3327347     8.63   0.000     2.212315    3.528487
 Transport, storage and IT.  |   2.981743   .3810898     8.55   0.000     2.321026    3.830543
  Financial and prof. serv.  |   2.549274   .3199813     7.46   0.000      1.99331    3.260305
   Education and healthcare  |   2.059487   .2868646     5.19   0.000     1.567458    2.705966
             Other services  |   1.092973   .1653046     0.59   0.557     .8125896    1.470103
                             |
                         occ |
       white collar - prof.  |   2.555424    .328293     7.30   0.000     1.986598    3.287124
white collar - tech. suport  |    3.18381   .4203252     8.77   0.000     2.457943    4.124035
       white collar - other  |   5.905087   .8740696    12.00   0.000     4.418061    7.892616
     blue collar - services  |   2.860844   .3740129     8.04   0.000     2.214176    3.696376
  blue collar - agriculture  |   .8705805   .1650458    -0.73   0.465     .6003949    1.262353
     blue collar - artisans  |   2.524192    .329789     7.09   0.000     1.953942    3.260866
       blue collar - equip.  |   2.728915   .3747838     7.31   0.000     2.084912    3.571843
                  unskilled  |   2.359447    .329112     6.15   0.000     1.795059    3.101285
                             |
              public_servant |   .7100185   .0669524    -3.63   0.000     .5902068     .854152
                    parent_5 |   1.046105   .0716041     0.66   0.510     .9147701    1.196296
                     married |   1.208014   .0929094     2.46   0.014     1.038976    1.404555
            married_parent_5 |   .7472364   .0795757    -2.74   0.006     .6064718    .9206729
                    divorced |   .7845084   .1153691    -1.65   0.099     .5880587    1.046585
                     widowed |   .3186721   .2201568    -1.66   0.098     .0822784    1.234248
                   part_time |   .5026412   .0445425    -7.76   0.000     .4225005    .5979832
                        erte |   1.643516   2.069881     0.39   0.693      .139236    19.39975
                         age |    .961396   .0088871    -4.26   0.000     .9441344    .9789732
                     college |   1.345756   .0810659     4.93   0.000     1.195891    1.514402
                      tenure |    1.01063   .0004468    23.92   0.000     1.009755    1.011506
                       _cons |   .5886427   .1995466    -1.56   0.118     .3028999    1.143943
----------------------------------------------------------------------------------------------
Note: _cons estimates baseline odds.
(est18 stored)
