note: public_servant != 0 predicts failure perfectly;
      public_servant omitted and 5611 obs not used.

note: widowed != 0 predicts failure perfectly;
      widowed omitted and 54 obs not used.


Logistic regression                                     Number of obs = 43,824
                                                        Wald chi2(22) = 589.48
                                                        Prob > chi2   = 0.0000
Log pseudolikelihood = -1712152.5                       Pseudo R2     = 0.0698

----------------------------------------------------------------------------------------------
                             |               Robust
                    inactive | Odds ratio   std. err.      z    P>|z|     [95% conf. interval]
-----------------------------+----------------------------------------------------------------
                         act |
        manufactures, prim.  |   .3982621   .0826649    -4.44   0.000     .2651491     .598202
     extractive and energy.  |   .4349181   .0999783    -3.62   0.000     .2771626    .6824648
         manufactures, sec.  |   .6464726   .1386013    -2.03   0.042      .424674    .9841122
               construction  |   .4854567   .0855236    -4.10   0.000     .3437108    .6856586
      hospitality and sales  |   .5821043     .10609    -2.97   0.003     .4072557    .8320213
 Transport, storage and IT.  |   .6243726   .1332769    -2.21   0.027     .4109117    .9487223
  Financial and prof. serv.  |   .3395259   .0701333    -5.23   0.000     .2264886    .5089783
   Education and healthcare  |   2.334723   .4564942     4.34   0.000     1.591494     3.42504
             Other services  |    .999143   .2119139    -0.00   0.997     .6593127    1.514132
                             |
                         occ |
       white collar - prof.  |   2.487227   .7045146     3.22   0.001     1.427612    4.333321
white collar - tech. suport  |   1.962944   .5451132     2.43   0.015     1.139011    3.382893
       white collar - other  |   2.870438   .8188095     3.70   0.000     1.641111    5.020633
     blue collar - services  |    4.28946   1.108366     5.64   0.000     2.584986    7.117822
  blue collar - agriculture  |   1.345178    .472954     0.84   0.399     .6753116    2.679511
     blue collar - artisans  |   3.147009   .7787397     4.63   0.000     1.937603    5.111297
       blue collar - equip.  |   2.711527   .7035874     3.84   0.000     1.630587    4.509037
                  unskilled  |     7.4732   1.851466     8.12   0.000     4.598579    12.14478
                             |
              public_servant |          1  (omitted)
                   parent_15 |   .8613463   .1378705    -0.93   0.351     .6294063    1.178758
                     married |   .6221592   .0804499    -3.67   0.000      .482875    .8016196
           married_parent_15 |   .9182848   .1922678    -0.41   0.684     .6091936    1.384202
                    divorced |   1.051375   .2070517     0.25   0.799      .714705    1.546637
                     widowed |          1  (omitted)
                     college |   .6836523   .0777628    -3.34   0.001     .5470342      .85439
                       _cons |   .0190867   .0054149   -13.95   0.000     .0109457    .0332826
----------------------------------------------------------------------------------------------
Note: _cons estimates baseline odds.
note: public_servant != 0 predicts failure perfectly;
      public_servant omitted and 4154 obs not used.


Logistic regression                                     Number of obs = 37,179
                                                        Wald chi2(23) = 356.38
                                                        Prob > chi2   = 0.0000
Log pseudolikelihood = -1488247.5                       Pseudo R2     = 0.0497

----------------------------------------------------------------------------------------------
                             |               Robust
                    inactive | Odds ratio   std. err.      z    P>|z|     [95% conf. interval]
-----------------------------+----------------------------------------------------------------
                         act |
        manufactures, prim.  |   .5961819   .1409807    -2.19   0.029     .3750532    .9476865
     extractive and energy.  |   .2824999   .0684745    -5.22   0.000       .17567    .4542963
         manufactures, sec.  |   .3639208   .1039195    -3.54   0.000     .2079418     .636901
               construction  |     .59926   .1096583    -2.80   0.005     .4186531    .8577807
      hospitality and sales  |   .4773945   .0956152    -3.69   0.000     .3223993    .7069045
 Transport, storage and IT.  |   .5354986    .124067    -2.70   0.007     .3400539    .8432744
  Financial and prof. serv.  |   .3600903   .0858289    -4.29   0.000     .2256962    .5745113
   Education and healthcare  |   2.567017   .5609047     4.31   0.000     1.672774    3.939309
             Other services  |   .9081333   .1949017    -0.45   0.653     .5963023    1.383034
                             |
                         occ |
       white collar - prof.  |   1.068743   .3416757     0.21   0.835     .5711434    1.999868
white collar - tech. suport  |   1.978121   .5706146     2.36   0.018     1.123862    3.481713
       white collar - other  |   2.685024   .8210826     3.23   0.001     1.474518    4.889296
     blue collar - services  |    2.23437   .6431176     2.79   0.005     1.271025     3.92786
  blue collar - agriculture  |   .8700295   .3317515    -0.37   0.715     .4120612    1.836987
     blue collar - artisans  |   2.551244   .6912034     3.46   0.001      1.50016    4.338767
       blue collar - equip.  |    1.77298   .5171274     1.96   0.050     1.000997    3.140327
                  unskilled  |   4.280234     1.1593     5.37   0.000     2.517212    7.278051
                             |
              public_servant |          1  (omitted)
                   parent_15 |   .8179576   .1416461    -1.16   0.246     .5825427    1.148507
                     married |   .5959782   .0915105    -3.37   0.001      .441094    .8052479
           married_parent_15 |    1.23693   .2910854     0.90   0.366     .7798886    1.961812
                    divorced |   1.129868   .2261101     0.61   0.542     .7632809    1.672518
                     widowed |   1.667943   1.721852     0.50   0.620     .2205305    12.61519
                     college |     1.0016   .1268694     0.01   0.990     .7814038    1.283847
                       _cons |   .0255688    .007872   -11.91   0.000     .0139844    .0467494
----------------------------------------------------------------------------------------------
Note: _cons estimates baseline odds.
note: public_servant != 0 predicts failure perfectly;
      public_servant omitted and 4216 obs not used.

note: widowed != 0 predicts failure perfectly;
      widowed omitted and 26 obs not used.


Logistic regression                                     Number of obs = 39,190
                                                        Wald chi2(22) = 372.14
                                                        Prob > chi2   = 0.0000
Log pseudolikelihood = -1642012                         Pseudo R2     = 0.0548

----------------------------------------------------------------------------------------------
                             |               Robust
                    inactive | Odds ratio   std. err.      z    P>|z|     [95% conf. interval]
-----------------------------+----------------------------------------------------------------
                         act |
        manufactures, prim.  |   .8854606   .2249062    -0.48   0.632     .5382262    1.456712
     extractive and energy.  |   .5755703   .1272002    -2.50   0.012     .3732364    .8875906
         manufactures, sec.  |   .5118505   .1214032    -2.82   0.005     .3215519    .8147704
               construction  |   1.108551   .1885076     0.61   0.544     .7943468     1.54704
      hospitality and sales  |   .6674002   .1252877    -2.15   0.031     .4619496    .9642243
 Transport, storage and IT.  |   .7956089   .1872945    -0.97   0.331     .5015544    1.262064
  Financial and prof. serv.  |   .5003791   .1126748    -3.07   0.002       .32183     .777986
   Education and healthcare  |   2.977646   .6178057     5.26   0.000     1.982735     4.47179
             Other services  |   1.077475   .2264644     0.36   0.723     .7136762    1.626722
                             |
                         occ |
       white collar - prof.  |   1.778604   .5028007     2.04   0.042     1.021997    3.095343
white collar - tech. suport  |   2.130376   .5605798     2.87   0.004     1.271962    3.568112
       white collar - other  |   2.968992   .8267906     3.91   0.000     1.720166    5.124453
     blue collar - services  |   4.431691   1.141429     5.78   0.000     2.675059    7.341851
  blue collar - agriculture  |   2.709655   .8810896     3.07   0.002     1.432622     5.12503
     blue collar - artisans  |   2.233536   .5366786     3.34   0.001     1.394647     3.57702
       blue collar - equip.  |   2.058921   .5219845     2.85   0.004      1.25268    3.384069
                  unskilled  |   5.655438   1.341674     7.30   0.000     3.552471    9.003305
                             |
              public_servant |          1  (omitted)
                   parent_15 |   .7668933   .1482059    -1.37   0.170     .5250928    1.120041
                     married |   .7239023   .1006209    -2.32   0.020     .5512705    .9505943
           married_parent_15 |   .9806368   .2380505    -0.08   0.936     .6093659    1.578113
                    divorced |    .848643   .1594251    -0.87   0.382      .587245    1.226396
                     widowed |          1  (omitted)
                     college |    .759706   .0901782    -2.32   0.021     .6020141    .9587037
                       _cons |   .0171823   .0047323   -14.76   0.000     .0100148    .0294793
----------------------------------------------------------------------------------------------
Note: _cons estimates baseline odds.
note: public_servant != 0 predicts failure perfectly;
      public_servant omitted and 3990 obs not used.

note: widowed != 0 predicts failure perfectly;
      widowed omitted and 23 obs not used.


Logistic regression                                     Number of obs = 39,385
                                                        Wald chi2(22) = 477.43
                                                        Prob > chi2   = 0.0000
Log pseudolikelihood = -1561081                         Pseudo R2     = 0.0597

----------------------------------------------------------------------------------------------
                             |               Robust
                    inactive | Odds ratio   std. err.      z    P>|z|     [95% conf. interval]
-----------------------------+----------------------------------------------------------------
                         act |
        manufactures, prim.  |   .4211797   .1122625    -3.24   0.001     .2497961    .7101487
     extractive and energy.  |   .3227709   .0774605    -4.71   0.000     .2016591    .5166196
         manufactures, sec.  |   .4077582     .10628    -3.44   0.001     .2446479    .6796165
               construction  |    .626784   .1149763    -2.55   0.011     .4374967    .8979682
      hospitality and sales  |   .4539341   .0894113    -4.01   0.000     .3085545    .6678113
 Transport, storage and IT.  |   .4918954   .1092892    -3.19   0.001     .3182388    .7603131
  Financial and prof. serv.  |   .3752298   .0876085    -4.20   0.000     .2374429     .592974
   Education and healthcare  |   1.935337   .4007794     3.19   0.001     1.289691    2.904208
             Other services  |   1.074368   .2448856     0.31   0.753     .6872821    1.679467
                             |
                         occ |
       white collar - prof.  |   1.947172   .5156509     2.52   0.012     1.158747    3.272049
white collar - tech. suport  |   1.157844   .3160185     0.54   0.591     .6781497    1.976853
       white collar - other  |   2.756511    .795997     3.51   0.000     1.565159    4.854684
     blue collar - services  |   2.558455   .6684043     3.60   0.000     1.533199    4.269301
  blue collar - agriculture  |   .6170657   .2836905    -1.05   0.294     .2506104    1.519371
     blue collar - artisans  |   2.460409   .5797745     3.82   0.000     1.550347    3.904682
       blue collar - equip.  |   2.059118   .5110359     2.91   0.004     1.265984    3.349146
                  unskilled  |   4.556019   1.082119     6.38   0.000      2.86031    7.257012
                             |
              public_servant |          1  (omitted)
                   parent_15 |   .7566558   .1194601    -1.77   0.077     .5552794    1.031063
                     married |   .5380916   .0755443    -4.41   0.000     .4086518    .7085311
           married_parent_15 |   1.122679   .2444303     0.53   0.595     .7327093    1.720203
                    divorced |   .7911129   .1476823    -1.26   0.209     .5487052    1.140612
                     widowed |          1  (omitted)
                     college |   .7907725   .0907201    -2.05   0.041     .6315371    .9901574
                       _cons |   .0299852    .008456   -12.44   0.000     .0172529    .0521135
----------------------------------------------------------------------------------------------
Note: _cons estimates baseline odds.
note: public_servant != 0 predicts failure perfectly;
      public_servant omitted and 4072 obs not used.

note: widowed != 0 predicts failure perfectly;
      widowed omitted and 27 obs not used.


Logistic regression                                     Number of obs = 39,322
                                                        Wald chi2(22) = 341.30
                                                        Prob > chi2   = 0.0000
Log pseudolikelihood = -1720832.7                       Pseudo R2     = 0.0476

----------------------------------------------------------------------------------------------
                             |               Robust
                    inactive | Odds ratio   std. err.      z    P>|z|     [95% conf. interval]
-----------------------------+----------------------------------------------------------------
                         act |
        manufactures, prim.  |     .37875   .0864158    -4.26   0.000     .2421821    .5923293
     extractive and energy.  |   .6265199   .1225325    -2.39   0.017     .4270315    .9191996
         manufactures, sec.  |   .4168607   .0962677    -3.79   0.000     .2651055    .6554856
               construction  |   .6405059   .1136743    -2.51   0.012     .4523301    .9069656
      hospitality and sales  |   .4547137   .0848823    -4.22   0.000     .3153862    .6555918
 Transport, storage and IT.  |   .4606048   .0971123    -3.68   0.000     .3046942    .6962942
  Financial and prof. serv.  |   .3353177   .0724668    -5.06   0.000     .2195331    .5121686
   Education and healthcare  |   1.757778   .3658625     2.71   0.007     1.168949    2.643214
             Other services  |   .5890846    .134776    -2.31   0.021     .3762116    .9224082
                             |
                         occ |
       white collar - prof.  |   1.890421   .5113523     2.35   0.019      1.11253    3.212223
white collar - tech. suport  |   2.308254   .5657676     3.41   0.001     1.427739    3.731801
       white collar - other  |   3.402755   .9092992     4.58   0.000     2.015436    5.745033
     blue collar - services  |   3.646448   .9071344     5.20   0.000     2.239313    5.937795
  blue collar - agriculture  |   .8331061   .3101414    -0.49   0.624     .4016266    1.728137
     blue collar - artisans  |   3.104347   .7083044     4.96   0.000     1.984977    4.854952
       blue collar - equip.  |   3.359304   .7704803     5.28   0.000      2.14299    5.265971
                  unskilled  |   5.229059   1.183457     7.31   0.000     3.355652    8.148359
                             |
              public_servant |          1  (omitted)
                   parent_15 |    .629843   .0993533    -2.93   0.003     .4623398    .8580317
                     married |   .6042822   .0755676    -4.03   0.000     .4729269    .7721214
           married_parent_15 |   1.286264   .2645448     1.22   0.221     .8595366    1.924846
                    divorced |   .5830103   .1287697    -2.44   0.015      .378156    .8988381
                     widowed |          1  (omitted)
                     college |   .8411725   .0941053    -1.55   0.122     .6755503      1.0474
                       _cons |   .0254335   .0068157   -13.70   0.000     .0150418    .0430042
----------------------------------------------------------------------------------------------
Note: _cons estimates baseline odds.
note: public_servant != 0 predicts failure perfectly;
      public_servant omitted and 4229 obs not used.


Logistic regression                                     Number of obs = 38,342
                                                        Wald chi2(23) = 266.79
                                                        Prob > chi2   = 0.0000
Log pseudolikelihood = -1443730.5                       Pseudo R2     = 0.0445

----------------------------------------------------------------------------------------------
                             |               Robust
                    inactive | Odds ratio   std. err.      z    P>|z|     [95% conf. interval]
-----------------------------+----------------------------------------------------------------
                         act |
        manufactures, prim.  |   1.147021    .292651     0.54   0.591      .695658    1.891242
     extractive and energy.  |   .6071324   .1445256    -2.10   0.036      .380766    .9680743
         manufactures, sec.  |   .5622607   .1576981    -2.05   0.040      .324489    .9742614
               construction  |   1.024275   .2169613     0.11   0.910     .6762625    1.551377
      hospitality and sales  |   .6081164   .1342846    -2.25   0.024      .394479    .9374531
 Transport, storage and IT.  |   .5364171   .1450236    -2.30   0.021     .3157731    .9112344
  Financial and prof. serv.  |   .5934027   .1386084    -2.23   0.025     .3754256    .9379402
   Education and healthcare  |   1.887466   .4291463     2.79   0.005     1.208773    2.947228
             Other services  |   .9028071    .296215    -0.31   0.755     .4745828    1.717426
                             |
                         occ |
       white collar - prof.  |   2.389089   .7848769     2.65   0.008     1.254847    4.548559
white collar - tech. suport  |   3.467476   1.092226     3.95   0.000     1.870218    6.428871
       white collar - other  |   2.717592    .901683     3.01   0.003     1.418274    5.207251
     blue collar - services  |   4.100586   1.261883     4.59   0.000     2.243383    7.495287
  blue collar - agriculture  |   3.483266   1.538257     2.83   0.005     1.465833    8.277298
     blue collar - artisans  |   3.950788   1.162489     4.67   0.000     2.219342    7.033043
       blue collar - equip.  |   3.194741   .9906461     3.75   0.000     1.739761    5.866537
                  unskilled  |   5.201523   1.556611     5.51   0.000      2.89334    9.351076
                             |
              public_servant |          1  (omitted)
                   parent_15 |   .6229983   .1033013    -2.85   0.004     .4501388    .8622382
                     married |   .4660674   .0681439    -5.22   0.000     .3499405    .6207306
           married_parent_15 |   1.544566    .351366     1.91   0.056     .9889418    2.412361
                    divorced |   .6918008   .1604586    -1.59   0.112      .439087    1.089963
                     widowed |    5.56086   4.247605     2.25   0.025     1.244401    24.84983
                     college |   .7962779   .0895597    -2.03   0.043     .6387451    .9926629
                       _cons |   .0141417   .0047981   -12.55   0.000     .0072728     .027498
----------------------------------------------------------------------------------------------
Note: _cons estimates baseline odds.
note: public_servant != 0 predicts failure perfectly;
      public_servant omitted and 3935 obs not used.


Logistic regression                                     Number of obs = 36,188
                                                        Wald chi2(23) = 364.93
                                                        Prob > chi2   = 0.0000
Log pseudolikelihood = -1193215.4                       Pseudo R2     = 0.0573

----------------------------------------------------------------------------------------------
                             |               Robust
                    inactive | Odds ratio   std. err.      z    P>|z|     [95% conf. interval]
-----------------------------+----------------------------------------------------------------
                         act |
        manufactures, prim.  |   .4485931   .1163665    -3.09   0.002     .2698039    .7458595
     extractive and energy.  |   .3306591   .0791163    -4.63   0.000     .2068783    .5285014
         manufactures, sec.  |   .1947153   .0537646    -5.93   0.000     .1133358    .3345286
               construction  |   .7078766   .1538407    -1.59   0.112     .4623474    1.083794
      hospitality and sales  |   .3200847   .0658479    -5.54   0.000     .2138728    .4790429
 Transport, storage and IT.  |   .3354284   .0879581    -4.17   0.000     .2006284    .5607989
  Financial and prof. serv.  |   .5269316   .1219814    -2.77   0.006      .334739    .8294727
   Education and healthcare  |   1.607304   .3417834     2.23   0.026     1.059486    2.438377
             Other services  |   .5905518   .1625734    -1.91   0.056     .3442946    1.012945
                             |
                         occ |
       white collar - prof.  |   4.121859   1.899309     3.07   0.002     1.670585    10.16993
white collar - tech. suport  |   4.907661   2.252931     3.47   0.001     1.995807    12.06787
       white collar - other  |    4.85004   2.367144     3.24   0.001     1.863383    12.62376
     blue collar - services  |   6.885515   3.127986     4.25   0.000     2.826496    16.77353
  blue collar - agriculture  |   3.104172   1.619578     2.17   0.030     1.116446    8.630854
     blue collar - artisans  |   5.938219   2.735047     3.87   0.000     2.407723    14.64555
       blue collar - equip.  |   6.178119   2.853741     3.94   0.000     2.498486    15.27691
                  unskilled  |   8.583398   3.955145     4.67   0.000     3.478837    21.17798
                             |
              public_servant |          1  (omitted)
                   parent_15 |   .4990477   .0955403    -3.63   0.000     .3429127     .726274
                     married |   .4974045    .086013    -4.04   0.000     .3544188    .6980759
           married_parent_15 |    1.74282   .4608487     2.10   0.036     1.037939    2.926397
                    divorced |    1.07398   .2611758     0.29   0.769     .6668016    1.729799
                     widowed |    1.47422   1.243895     0.46   0.646     .2820644     7.70506
                     college |   .7468718    .100011    -2.18   0.029     .5744664    .9710183
                       _cons |    .011167   .0054058    -9.29   0.000      .004324    .0288397
----------------------------------------------------------------------------------------------
Note: _cons estimates baseline odds.
note: public_servant != 0 predicts failure perfectly;
      public_servant omitted and 3510 obs not used.


Logistic regression                                     Number of obs = 34,633
                                                        Wald chi2(23) = 265.14
                                                        Prob > chi2   = 0.0000
Log pseudolikelihood = -1245368.8                       Pseudo R2     = 0.0416

----------------------------------------------------------------------------------------------
                             |               Robust
                    inactive | Odds ratio   std. err.      z    P>|z|     [95% conf. interval]
-----------------------------+----------------------------------------------------------------
                         act |
        manufactures, prim.  |   .3057396   .0795695    -4.55   0.000     .1835795     .509189
     extractive and energy.  |   .4680271   .0996598    -3.57   0.000     .3083326    .7104319
         manufactures, sec.  |   .2791703   .0747313    -4.77   0.000     .1652002    .4717674
               construction  |   .6944978   .1381388    -1.83   0.067      .470287    1.025602
      hospitality and sales  |    .413958    .079391    -4.60   0.000     .2842552     .602843
 Transport, storage and IT.  |   .4966135   .1122944    -3.10   0.002     .3188192    .7735574
  Financial and prof. serv.  |   .3230951   .0790547    -4.62   0.000     .2000133    .5219173
   Education and healthcare  |   1.664527   .3302124     2.57   0.010     1.128308    2.455579
             Other services  |   .4630471   .1149666    -3.10   0.002     .2846338    .7532929
                             |
                         occ |
       white collar - prof.  |   1.359107   .5384087     0.77   0.439     .6252459     2.95431
white collar - tech. suport  |   1.487941   .5755973     1.03   0.304     .6971171    3.175892
       white collar - other  |   1.762944   .7179085     1.39   0.164      .793617     3.91621
     blue collar - services  |   2.016574   .7762729     1.82   0.068     .9483028     4.28826
  blue collar - agriculture  |   .6828197   .3431486    -0.76   0.448     .2549986    1.828413
     blue collar - artisans  |   2.118706   .7916407     2.01   0.044      1.01865    4.406732
       blue collar - equip.  |   2.098145   .7879528     1.97   0.048     1.005007    4.380281
                  unskilled  |   2.820576   1.061572     2.76   0.006      1.34888    5.897963
                             |
              public_servant |          1  (omitted)
                   parent_15 |   .7309297   .1197187    -1.91   0.056     .5302219    1.007613
                     married |   .8019791   .1290726    -1.37   0.170      .585017    1.099405
           married_parent_15 |   1.217573   .2983676     0.80   0.422     .7531949    1.968262
                    divorced |   .5439528   .1465332    -2.26   0.024     .3208187    .9222801
                     widowed |   3.123478   2.021206     1.76   0.078     .8786688    11.10329
                     college |   .7130658   .1025031    -2.35   0.019     .5379843    .9451259
                       _cons |   .0284956   .0116412    -8.71   0.000     .0127949    .0634625
----------------------------------------------------------------------------------------------
Note: _cons estimates baseline odds.
note: public_servant != 0 predicts failure perfectly;
      public_servant omitted and 3468 obs not used.

note: widowed != 0 predicts failure perfectly;
      widowed omitted and 18 obs not used.


Logistic regression                                     Number of obs = 32,611
                                                        Wald chi2(22) = 318.28
                                                        Prob > chi2   = 0.0000
Log pseudolikelihood = -1107364                         Pseudo R2     = 0.0450

----------------------------------------------------------------------------------------------
                             |               Robust
                    inactive | Odds ratio   std. err.      z    P>|z|     [95% conf. interval]
-----------------------------+----------------------------------------------------------------
                         act |
        manufactures, prim.  |   .6734249   .1809018    -1.47   0.141     .3977693    1.140111
     extractive and energy.  |   .5814043   .1475736    -2.14   0.033     .3535282    .9561642
         manufactures, sec.  |   .3467836   .1029538    -3.57   0.000     .1937993     .620533
               construction  |   .9456407   .2218788    -0.24   0.812     .5970434    1.497774
      hospitality and sales  |   .5401269   .1169249    -2.85   0.004     .3533707    .8255837
 Transport, storage and IT.  |   .5249467   .1515289    -2.23   0.026     .2981337    .9243137
  Financial and prof. serv.  |   .6078992   .1427654    -2.12   0.034     .3836423    .9632445
   Education and healthcare  |   2.872739   .6381824     4.75   0.000     1.858664    4.440089
             Other services  |   .9339869   .2888087    -0.22   0.825     .5094847    1.712184
                             |
                         occ |
       white collar - prof.  |   2.260209   .9428777     1.95   0.051     .9978329    5.119637
white collar - tech. suport  |   2.881618   1.211414     2.52   0.012     1.264144    6.568649
       white collar - other  |   2.821111   1.233617     2.37   0.018     1.197309    6.647129
     blue collar - services  |   4.848001   1.986773     3.85   0.000     2.171348     10.8242
  blue collar - agriculture  |   2.117603   1.065103     1.49   0.136     .7901523    5.675162
     blue collar - artisans  |   4.397572    1.78976     3.64   0.000     1.980542    9.764319
       blue collar - equip.  |   4.201244   1.760606     3.43   0.001      1.84785    9.551883
                  unskilled  |   5.475791   2.259936     4.12   0.000     2.438619     12.2956
                             |
              public_servant |          1  (omitted)
                   parent_15 |   .6283747   .1078573    -2.71   0.007     .4488635    .8796767
                     married |   .5415079    .102161    -3.25   0.001     .3741251    .7837772
           married_parent_15 |   1.970112   .5141914     2.60   0.009     1.181219    3.285876
                    divorced |   .7986164   .2102454    -0.85   0.393     .4767044    1.337911
                     widowed |          1  (omitted)
                     college |    .726327   .0973538    -2.39   0.017     .5585225    .9445472
                       _cons |   .0103688   .0045524   -10.41   0.000     .0043854    .0245157
----------------------------------------------------------------------------------------------
Note: _cons estimates baseline odds.
note: public_servant != 0 predicts failure perfectly;
      public_servant omitted and 3454 obs not used.

note: widowed != 0 predicts failure perfectly;
      widowed omitted and 19 obs not used.


Logistic regression                                     Number of obs = 31,450
                                                        Wald chi2(22) = 270.86
                                                        Prob > chi2   = 0.0000
Log pseudolikelihood = -1030154.9                       Pseudo R2     = 0.0378

----------------------------------------------------------------------------------------------
                             |               Robust
                    inactive | Odds ratio   std. err.      z    P>|z|     [95% conf. interval]
-----------------------------+----------------------------------------------------------------
                         act |
        manufactures, prim.  |   .3036604   .0879283    -4.12   0.000     .1721525    .5356278
     extractive and energy.  |   .5177114   .1413049    -2.41   0.016     .3032212    .8839258
         manufactures, sec.  |   .4119381   .1219827    -3.00   0.003     .2305552    .7360189
               construction  |   .8128386   .1881367    -0.90   0.371     .5164024    1.279441
      hospitality and sales  |   .5780394   .1283081    -2.47   0.014     .3741238     .893099
 Transport, storage and IT.  |    .590869    .151341    -2.05   0.040     .3576601    .9761395
  Financial and prof. serv.  |   .4067826    .124931    -2.93   0.003     .2228135    .7426483
   Education and healthcare  |   1.772431   .4196534     2.42   0.016     1.114379     2.81907
             Other services  |   .6849245   .1926198    -1.35   0.178     .3946945    1.188569
                             |
                         occ |
       white collar - prof.  |   .8122629   .2911261    -0.58   0.562     .4023596    1.639755
white collar - tech. suport  |   .9376409   .3563511    -0.17   0.865     .4451812     1.97486
       white collar - other  |   1.124792   .4531137     0.29   0.770     .5107073    2.477263
     blue collar - services  |   1.997238   .7442789     1.86   0.063     .9621127     4.14604
  blue collar - agriculture  |   .8049476   .4220028    -0.41   0.679     .2880817    2.249156
     blue collar - artisans  |   1.238592   .4629109     0.57   0.567     .5953884    2.576653
       blue collar - equip.  |   1.517351   .5699325     1.11   0.267     .7267185    3.168152
                  unskilled  |   1.749697   .6641257     1.47   0.141      .831526    3.681715
                             |
              public_servant |          1  (omitted)
                   parent_15 |   .9716254   .1622689    -0.17   0.863     .7003928    1.347895
                     married |   .6006935   .1185296    -2.58   0.010     .4080307    .8843273
           married_parent_15 |   .8243406   .2188518    -0.73   0.467     .4899183    1.387042
                    divorced |   1.093075     .23689     0.41   0.681       .71479    1.671558
                     widowed |          1  (omitted)
                     college |   .8454336   .1094345    -1.30   0.195     .6559918    1.089584
                       _cons |   .0319899   .0131705    -8.36   0.000     .0142746    .0716903
----------------------------------------------------------------------------------------------
Note: _cons estimates baseline odds.
note: public_servant != 0 predicts failure perfectly;
      public_servant omitted and 3040 obs not used.


Logistic regression                                     Number of obs = 30,126
                                                        Wald chi2(23) = 225.42
                                                        Prob > chi2   = 0.0000
Log pseudolikelihood = -1028082.1                       Pseudo R2     = 0.0506

----------------------------------------------------------------------------------------------
                             |               Robust
                    inactive | Odds ratio   std. err.      z    P>|z|     [95% conf. interval]
-----------------------------+----------------------------------------------------------------
                         act |
        manufactures, prim.  |   .3707373   .1207998    -3.05   0.002     .1957553    .7021324
     extractive and energy.  |   .2301963   .0770165    -4.39   0.000     .1194848      .44349
         manufactures, sec.  |   .3081505    .105068    -3.45   0.001     .1579553    .6011618
               construction  |   .7089081   .1670529    -1.46   0.144     .4466897    1.125056
      hospitality and sales  |   .9292119   .2174722    -0.31   0.754     .5873543    1.470041
 Transport, storage and IT.  |   .5172794    .127072    -2.68   0.007     .3196124    .8371951
  Financial and prof. serv.  |   .4157964   .1058072    -3.45   0.001     .2525088    .6846759
   Education and healthcare  |   2.396202   .5572743     3.76   0.000     1.519019    3.779929
             Other services  |   .9590199   .2758289    -0.15   0.884     .5457691     1.68518
                             |
                         occ |
       white collar - prof.  |    1.32618   .5885981     0.64   0.525     .5556661    3.165126
white collar - tech. suport  |   1.781361   .7632827     1.35   0.178     .7691776    4.125506
       white collar - other  |   2.287572   1.019023     1.86   0.063     .9554287    5.477108
     blue collar - services  |   1.750683   .7266193     1.35   0.177     .7760993    3.949098
  blue collar - agriculture  |   1.464263    .706183     0.79   0.429     .5689872    3.768214
     blue collar - artisans  |   1.863815   .7731461     1.50   0.133     .8266242    4.202401
       blue collar - equip.  |   1.663474   .7102147     1.19   0.233     .7204407    3.840906
                  unskilled  |   2.788615   1.175948     2.43   0.015     1.220225    6.372899
                             |
              public_servant |          1  (omitted)
                   parent_15 |   .7946795   .1342331    -1.36   0.174     .5707047    1.106554
                     married |   .5255106   .1221988    -2.77   0.006     .3331567    .8289232
           married_parent_15 |   1.088095   .3218251     0.29   0.775     .6094073    1.942791
                    divorced |   .5921926   .1392297    -2.23   0.026     .3735407    .9388322
                     widowed |   .4134498   .4511578    -0.81   0.418     .0487067    3.509593
                     college |   .9190012   .1287278    -0.60   0.546     .6983694    1.209336
                       _cons |   .0216033   .0096553    -8.58   0.000     .0089968    .0518742
----------------------------------------------------------------------------------------------
Note: _cons estimates baseline odds.
note: public_servant != 0 predicts failure perfectly;
      public_servant omitted and 2852 obs not used.

note: widowed != 0 predicts failure perfectly;
      widowed omitted and 11 obs not used.


Logistic regression                                     Number of obs = 28,618
                                                        Wald chi2(22) = 213.51
                                                        Prob > chi2   = 0.0000
Log pseudolikelihood = -1045050                         Pseudo R2     = 0.0429

----------------------------------------------------------------------------------------------
                             |               Robust
                    inactive | Odds ratio   std. err.      z    P>|z|     [95% conf. interval]
-----------------------------+----------------------------------------------------------------
                         act |
        manufactures, prim.  |     .51141   .1412491    -2.43   0.015     .2976263    .8787536
     extractive and energy.  |   .2408245   .0826098    -4.15   0.000     .1229458    .4717236
         manufactures, sec.  |   .3842294   .1105161    -3.33   0.001     .2186548     .675184
               construction  |   .7351489    .183349    -1.23   0.217     .4509022    1.198583
      hospitality and sales  |    .624248   .1340765    -2.19   0.028     .4097655    .9509967
 Transport, storage and IT.  |   .4268732   .1118817    -3.25   0.001     .2553892    .7135021
  Financial and prof. serv.  |    .350385   .0931888    -3.94   0.000     .2080458    .5901086
   Education and healthcare  |   1.266447   .3193162     0.94   0.349     .7726252    2.075894
             Other services  |   .9792239   .2573029    -0.08   0.936     .5850844    1.638874
                             |
                         occ |
       white collar - prof.  |    .540657   .1779309    -1.87   0.062      .283655    1.030513
white collar - tech. suport  |   .6867921    .235154    -1.10   0.272     .3510576    1.343607
       white collar - other  |   .4887264   .1732598    -2.02   0.043     .2439517    .9791015
     blue collar - services  |   .8356867   .2710793    -0.55   0.580     .4425185    1.578176
  blue collar - agriculture  |   .5737182   .2390691    -1.33   0.182      .253514    1.298361
     blue collar - artisans  |   .7532638   .2395276    -0.89   0.373     .4039026     1.40481
       blue collar - equip.  |   .5817968   .2013126    -1.57   0.118     .2952838    1.146312
                  unskilled  |   1.131582   .3539585     0.40   0.693     .6129578    2.089015
                             |
              public_servant |          1  (omitted)
                   parent_15 |   .6930626   .1098169    -2.31   0.021     .5080404    .9454678
                     married |   .6447395    .115974    -2.44   0.015     .4531819    .9172677
           married_parent_15 |   .8452155   .2135579    -0.67   0.506     .5151066    1.386877
                    divorced |   .7559443   .2181683    -0.97   0.332     .4293682    1.330913
                     widowed |          1  (omitted)
                     college |   1.214182   .1617598     1.46   0.145     .9351523    1.576469
                       _cons |    .061817   .0221387    -7.77   0.000     .0306384    .1247242
----------------------------------------------------------------------------------------------
Note: _cons estimates baseline odds.
note: public_servant != 0 predicts failure perfectly;
      public_servant omitted and 2850 obs not used.

note: widowed != 0 predicts failure perfectly;
      widowed omitted and 6 obs not used.


Logistic regression                                     Number of obs = 27,743
                                                        Wald chi2(22) = 229.16
                                                        Prob > chi2   = 0.0000
Log pseudolikelihood = -1083459.6                       Pseudo R2     = 0.0417

----------------------------------------------------------------------------------------------
                             |               Robust
                    inactive | Odds ratio   std. err.      z    P>|z|     [95% conf. interval]
-----------------------------+----------------------------------------------------------------
                         act |
        manufactures, prim.  |   .4236197   .1126519    -3.23   0.001     .2515467    .7134009
     extractive and energy.  |   .2822985   .0854069    -4.18   0.000     .1560217    .5107778
         manufactures, sec.  |   .2521876   .0708813    -4.90   0.000     .1453718    .4374893
               construction  |   .5653904   .1358702    -2.37   0.018      .353016    .9055292
      hospitality and sales  |   .5817714   .1187511    -2.65   0.008     .3899467    .8679598
 Transport, storage and IT.  |   .5214371   .1218553    -2.79   0.005      .329825    .8243664
  Financial and prof. serv.  |   .3444085     .09472    -3.88   0.000     .2008976    .5904364
   Education and healthcare  |   1.226144   .2960744     0.84   0.398     .7638419    1.968246
             Other services  |   .4911265   .1399259    -2.50   0.013     .2809825    .8584353
                             |
                         occ |
       white collar - prof.  |   1.080048   .4224595     0.20   0.844     .5017603    2.324821
white collar - tech. suport  |   1.781713   .6589132     1.56   0.118      .863071    3.678148
       white collar - other  |   1.199755   .5040822     0.43   0.665     .5265706     2.73356
     blue collar - services  |   2.300847   .8369659     2.29   0.022     1.127849    4.693798
  blue collar - agriculture  |   1.148701   .6095696     0.26   0.794     .4059836    3.250166
     blue collar - artisans  |   1.733854   .6424208     1.49   0.137     .8387424    3.584234
       blue collar - equip.  |   1.304825   .5084662     0.68   0.495     .6079313    2.800591
                  unskilled  |   2.707376    .995525     2.71   0.007     1.316906    5.565992
                             |
              public_servant |          1  (omitted)
                   parent_15 |   1.115493   .1667133     0.73   0.465     .8322478    1.495138
                     married |    .766692   .1413357    -1.44   0.150     .5342029    1.100362
           married_parent_15 |   .5614984   .1395331    -2.32   0.020     .3450038    .9138465
                    divorced |   .7052579   .2741153    -0.90   0.369     .3292367    1.510733
                     widowed |          1  (omitted)
                     college |   .9795135   .1200844    -0.17   0.866     .7702941    1.245559
                       _cons |   .0308505   .0125235    -8.57   0.000     .0139227    .0683599
----------------------------------------------------------------------------------------------
Note: _cons estimates baseline odds.
note: public_servant != 0 predicts failure perfectly;
      public_servant omitted and 2682 obs not used.

note: widowed != 0 predicts failure perfectly;
      widowed omitted and 9 obs not used.


Logistic regression                                     Number of obs = 27,690
                                                        Wald chi2(22) = 299.49
                                                        Prob > chi2   = 0.0000
Log pseudolikelihood = -1198945.9                       Pseudo R2     = 0.0484

----------------------------------------------------------------------------------------------
                             |               Robust
                    inactive | Odds ratio   std. err.      z    P>|z|     [95% conf. interval]
-----------------------------+----------------------------------------------------------------
                         act |
        manufactures, prim.  |   .3781971   .1025974    -3.58   0.000     .2222307    .6436241
     extractive and energy.  |   .2605234   .0628228    -5.58   0.000     .1624005    .4179325
         manufactures, sec.  |   .2341054   .0649036    -5.24   0.000     .1359638    .4030875
               construction  |   .7787655   .1769164    -1.10   0.271     .4989243    1.215567
      hospitality and sales  |   .4125599   .0793581    -4.60   0.000     .2829787    .6014787
 Transport, storage and IT.  |   .3155282   .0732214    -4.97   0.000     .2002206    .4972419
  Financial and prof. serv.  |    .354959   .0890645    -4.13   0.000     .2170697      .58044
   Education and healthcare  |   1.271003    .268761     1.13   0.257     .8397595    1.923703
             Other services  |   .6285149   .1555763    -1.88   0.061     .3869168    1.020971
                             |
                         occ |
       white collar - prof.  |   1.201958    .442682     0.50   0.617     .5839712     2.47393
white collar - tech. suport  |   1.363876   .5052969     0.84   0.402     .6598068    2.819247
       white collar - other  |   1.425305   .5545454     0.91   0.362     .6648595    3.055526
     blue collar - services  |   2.399004   .8343387     2.52   0.012     1.213376    4.743146
  blue collar - agriculture  |   .6376901   .2835194    -1.01   0.312     .2667856    1.524253
     blue collar - artisans  |   1.305935   .4816069     0.72   0.469     .6338879    2.690483
       blue collar - equip.  |   1.882297   .7325943     1.63   0.104     .8778059    4.036247
                  unskilled  |   2.136608   .7734253     2.10   0.036     1.050995    4.343593
                             |
              public_servant |          1  (omitted)
                   parent_15 |   .5820807    .092151    -3.42   0.001     .4268025     .793852
                     married |   .6127768   .1084222    -2.77   0.006     .4332058    .8667829
           married_parent_15 |     1.1485   .2875864     0.55   0.580     .7030541    1.876175
                    divorced |   1.144336   .3437149     0.45   0.654     .6351628    2.061684
                     widowed |          1  (omitted)
                     college |   .9760149    .119601    -0.20   0.843     .7676267    1.240974
                       _cons |   .0483623   .0185872    -7.88   0.000       .02277     .102719
----------------------------------------------------------------------------------------------
Note: _cons estimates baseline odds.
note: public_servant != 0 predicts failure perfectly;
      public_servant omitted and 2675 obs not used.

note: widowed != 0 predicts failure perfectly;
      widowed omitted and 16 obs not used.


Logistic regression                                     Number of obs = 26,851
                                                        Wald chi2(22) = 276.75
                                                        Prob > chi2   = 0.0000
Log pseudolikelihood = -1242478.7                       Pseudo R2     = 0.0469

----------------------------------------------------------------------------------------------
                             |               Robust
                    inactive | Odds ratio   std. err.      z    P>|z|     [95% conf. interval]
-----------------------------+----------------------------------------------------------------
                         act |
        manufactures, prim.  |     .48089   .1648277    -2.14   0.033     .2456358    .9414557
     extractive and energy.  |   .5460645   .1411763    -2.34   0.019     .3289874    .9063765
         manufactures, sec.  |   .5953857   .1612122    -1.92   0.055     .3502024    1.012226
               construction  |   .8328597   .1970053    -0.77   0.439     .5238754    1.324085
      hospitality and sales  |   .9260829   .1902337    -0.37   0.709     .6191533    1.385165
 Transport, storage and IT.  |   .6192547   .1502324    -1.98   0.048     .3849161    .9962596
  Financial and prof. serv.  |   .8128066   .2032234    -0.83   0.407     .4979251    1.326815
   Education and healthcare  |   3.100723   .6738873     5.21   0.000     2.025206    4.747408
             Other services  |   1.584734   .4059281     1.80   0.072     .9592281    2.618128
                             |
                         occ |
       white collar - prof.  |   2.054224   .7403882     2.00   0.046     1.013575     4.16332
white collar - tech. suport  |    2.86305    1.03429     2.91   0.004     1.410355    5.812049
       white collar - other  |   2.679081   1.047324     2.52   0.012      1.24517    5.764255
     blue collar - services  |   3.588081   1.269696     3.61   0.000     1.793295    7.179145
  blue collar - agriculture  |   2.197652   .9824909     1.76   0.078     .9149924    5.278377
     blue collar - artisans  |    3.18593   1.122862     3.29   0.001     1.596744    6.356781
       blue collar - equip.  |   3.754286   1.376649     3.61   0.000     1.829795    7.702864
                  unskilled  |   5.036764   1.753918     4.64   0.000     2.545327     9.96689
                             |
              public_servant |          1  (omitted)
                   parent_15 |   .5960067   .0909079    -3.39   0.001     .4419964    .8036807
                     married |   .3982904   .0790397    -4.64   0.000     .2699486    .5876498
           married_parent_15 |   1.918293   .5076524     2.46   0.014     1.141971    3.222366
                    divorced |    .885288   .3112677    -0.35   0.729     .4444283    1.763467
                     widowed |          1  (omitted)
                     college |   .9547757   .1170407    -0.38   0.706      .750857    1.214075
                       _cons |   .0141602   .0053816   -11.20   0.000     .0067231    .0298242
----------------------------------------------------------------------------------------------
Note: _cons estimates baseline odds.
note: public_servant != 0 predicts failure perfectly;
      public_servant omitted and 2289 obs not used.


Logistic regression                                     Number of obs = 23,288
                                                        Wald chi2(23) = 368.01
                                                        Prob > chi2   = 0.0000
Log pseudolikelihood = -1755381.5                       Pseudo R2     = 0.0476

----------------------------------------------------------------------------------------------
                             |               Robust
                    inactive | Odds ratio   std. err.      z    P>|z|     [95% conf. interval]
-----------------------------+----------------------------------------------------------------
                         act |
        manufactures, prim.  |   .6125857   .1496434    -2.01   0.045     .3795195    .9887801
     extractive and energy.  |   .4039329   .0930838    -3.93   0.000     .2571314    .6345463
         manufactures, sec.  |   .5500796   .1318282    -2.49   0.013     .3439003      .87987
               construction  |   .6676964   .1359292    -1.98   0.047     .4480143    .9950986
      hospitality and sales  |   .8429376   .1471592    -0.98   0.328     .5986783    1.186854
 Transport, storage and IT.  |   .5583681   .1140757    -2.85   0.004     .3741264     .833341
  Financial and prof. serv.  |   .6949458   .1428207    -1.77   0.077      .464534    1.039643
   Education and healthcare  |   2.021144   .4153728     3.42   0.001     1.351025    3.023645
             Other services  |   2.019197   .4239862     3.35   0.001     1.337967    3.047277
                             |
                         occ |
       white collar - prof.  |   1.315558   .6737803     0.54   0.592      .482121    3.589749
white collar - tech. suport  |   1.727078   .8461967     1.12   0.265     .6610868    4.511962
       white collar - other  |   2.484831   1.227392     1.84   0.065     .9437182    6.542614
     blue collar - services  |   2.935701   1.391945     2.27   0.023     1.159097    7.435395
  blue collar - agriculture  |   .8922467   .5260066    -0.19   0.847     .2809802     2.83331
     blue collar - artisans  |   2.604594   1.241199     2.01   0.045     1.023544    6.627863
       blue collar - equip.  |   1.980505    .946284     1.43   0.153     .7763764    5.052188
                  unskilled  |   3.827986   1.798436     2.86   0.004     1.524281    9.613368
                             |
              public_servant |          1  (omitted)
                   parent_15 |   .8691874    .108809    -1.12   0.263     .6800737     1.11089
                     married |   .7993395   .1159651    -1.54   0.123     .6015091    1.062234
           married_parent_15 |   .8895396   .1796739    -0.58   0.562     .5987356    1.321586
                    divorced |   1.133144   .2232545     0.63   0.526     .7701577    1.667212
                     widowed |   1.114203   1.156321     0.10   0.917     .1457427    8.518088
                     college |   .7412328    .078775    -2.82   0.005      .601856    .9128862
                       _cons |   .0329643   .0160268    -7.02   0.000     .0127117    .0854843
----------------------------------------------------------------------------------------------
Note: _cons estimates baseline odds.
note: public_servant != 0 predicts failure perfectly;
      public_servant omitted and 1995 obs not used.


Logistic regression                                     Number of obs = 19,500
                                                        Wald chi2(23) = 248.48
                                                        Prob > chi2   = 0.0000
Log pseudolikelihood = -1325579.8                       Pseudo R2     = 0.0524

----------------------------------------------------------------------------------------------
                             |               Robust
                    inactive | Odds ratio   std. err.      z    P>|z|     [95% conf. interval]
-----------------------------+----------------------------------------------------------------
                         act |
        manufactures, prim.  |   1.022992   .3130478     0.07   0.941      .561558    1.863589
     extractive and energy.  |   .3878631   .1117194    -3.29   0.001     .2205463    .6821143
         manufactures, sec.  |   .6102044   .1691464    -1.78   0.075     .3544259    1.050571
               construction  |   .7457655   .2043757    -1.07   0.284     .4358449    1.276064
      hospitality and sales  |   1.021339   .2107944     0.10   0.919     .6815385    1.530558
 Transport, storage and IT.  |   .6293833   .1615734    -1.80   0.071     .3805374    1.040958
  Financial and prof. serv.  |   .8555292   .2095992    -0.64   0.524     .5292928    1.382846
   Education and healthcare  |   2.898788   .6484114     4.76   0.000     1.869892    4.493826
             Other services  |   1.406499   .3767469     1.27   0.203     .8320232    2.377626
                             |
                         occ |
       white collar - prof.  |    1.12347   .5399329     0.24   0.809     .4380053    2.881667
white collar - tech. suport  |   1.330969   .6416205     0.59   0.553     .5174032    3.423788
       white collar - other  |   2.434606   1.173749     1.85   0.065     .9463584    6.263278
     blue collar - services  |   2.333754   1.093421     1.81   0.070     .9316354     5.84607
  blue collar - agriculture  |   .5101983   .3177146    -1.08   0.280      .150547    1.729043
     blue collar - artisans  |    1.37441   .6517437     0.67   0.502     .5425968     3.48141
       blue collar - equip.  |   1.718842   .8110171     1.15   0.251     .6817198    4.333774
                  unskilled  |   3.675059   1.719201     2.78   0.005     1.469164    9.193025
                             |
              public_servant |          1  (omitted)
                   parent_15 |   .6640756   .1031849    -2.63   0.008     .4897301    .9004887
                     married |    .665947   .1332339    -2.03   0.042     .4499275    .9856821
           married_parent_15 |   1.473377   .4048867     1.41   0.158     .8598092    2.524792
                    divorced |   1.446347   .3977449     1.34   0.180     .8437084    2.479434
                     widowed |   3.884213   3.972392     1.33   0.185     .5233325    28.82892
                     college |   .8768667   .1282344    -0.90   0.369     .6583433    1.167924
                       _cons |    .026057   .0127826    -7.44   0.000     .0099622    .0681543
----------------------------------------------------------------------------------------------
Note: _cons estimates baseline odds.
note: public_servant != 0 predicts failure perfectly;
      public_servant omitted and 1898 obs not used.

note: widowed != 0 predicts failure perfectly;
      widowed omitted and 14 obs not used.


Logistic regression                                     Number of obs = 18,070
                                                        Wald chi2(22) = 141.49
                                                        Prob > chi2   = 0.0000
Log pseudolikelihood = -1328482.2                       Pseudo R2     = 0.0364

----------------------------------------------------------------------------------------------
                             |               Robust
                    inactive | Odds ratio   std. err.      z    P>|z|     [95% conf. interval]
-----------------------------+----------------------------------------------------------------
                         act |
        manufactures, prim.  |   .3834704   .1213223    -3.03   0.002     .2062666    .7129102
     extractive and energy.  |    .672108   .1781704    -1.50   0.134     .3997536    1.130019
         manufactures, sec.  |   .4167111   .1329524    -2.74   0.006     .2229758    .7787756
               construction  |   .7723325    .186697    -1.07   0.285     .4808861    1.240413
      hospitality and sales  |   .5394029   .1149298    -2.90   0.004     .3552622    .8189879
 Transport, storage and IT.  |   .5994632   .1678535    -1.83   0.068     .3462746    1.037778
  Financial and prof. serv.  |   .7122466   .1774593    -1.36   0.173     .4370689    1.160676
   Education and healthcare  |   1.403051     .34093     1.39   0.163      .871442     2.25896
             Other services  |   1.059379   .3232199     0.19   0.850     .5825684    1.926441
                             |
                         occ |
       white collar - prof.  |   .8642472   .3387593    -0.37   0.710     .4008595    1.863304
white collar - tech. suport  |   .6945776   .2668606    -0.95   0.343     .3271029    1.474882
       white collar - other  |   .7877783   .3313117    -0.57   0.571     .3454767    1.796343
     blue collar - services  |    1.68162   .6018978     1.45   0.146     .8337958    3.391534
  blue collar - agriculture  |   .8177619   .3613183    -0.46   0.649     .3439804    1.944106
     blue collar - artisans  |   1.134048   .4004947     0.36   0.722     .5675774    2.265883
       blue collar - equip.  |   1.215383   .4598582     0.52   0.606     .5789598    2.551396
                  unskilled  |   2.170364   .7760726     2.17   0.030     1.076867    4.374242
                             |
              public_servant |          1  (omitted)
                   parent_15 |   .8238776   .1188641    -1.34   0.179     .6209498    1.093123
                     married |   .6420263   .1396593    -2.04   0.042     .4191716    .9833627
           married_parent_15 |    1.07255   .3046067     0.25   0.805     .6147159    1.871375
                    divorced |    .590619   .2374442    -1.31   0.190     .2685977    1.298711
                     widowed |          1  (omitted)
                     college |   .8849198   .1289162    -0.84   0.401     .6651197    1.177357
                       _cons |   .0548817   .0210076    -7.58   0.000     .0259181    .1162119
----------------------------------------------------------------------------------------------
Note: _cons estimates baseline odds.
