note: erte != 0 predicts failure perfectly;
      erte omitted and 1 obs not used.


Logistic regression                                    Number of obs =  39,750
                                                       Wald chi2(25) = 2059.95
                                                       Prob > chi2   =  0.0000
Log pseudolikelihood = -8572568.4                      Pseudo R2     =  0.0763

----------------------------------------------------------------------------------------------
                             |               Robust
                   permanent | Odds ratio   std. err.      z    P>|z|     [95% conf. interval]
-----------------------------+----------------------------------------------------------------
                         act |
        manufactures, prim.  |   9.087091    1.28919    15.56   0.000     6.881204    12.00011
     extractive and energy.  |    16.1927   2.470928    18.25   0.000     12.00688    21.83778
         manufactures, sec.  |   11.59948   1.834071    15.50   0.000     8.508431    15.81349
               construction  |   4.151634    .672271     8.79   0.000     3.022627    5.702345
      hospitality and sales  |   6.515368   .8325166    14.67   0.000     5.071946    8.369572
 Transport, storage and IT.  |   7.142993   1.040685    13.50   0.000     5.368661    9.503738
  Financial and prof. serv.  |   7.683113   .9947811    15.75   0.000     5.961105    9.902564
   Education and healthcare  |   4.986608   .6526658    12.28   0.000     3.858308    6.444863
             Other services  |   6.288447   .8226519    14.06   0.000     4.866196    8.126382
                             |
                         occ |
       white collar - prof.  |   3.832769   .3099821    16.61   0.000     3.270922    4.491125
white collar - tech. suport  |   5.180061   .3984344    21.38   0.000     4.455158    6.022914
       white collar - other  |    5.65074   .4265241    22.94   0.000     4.873665    6.551715
     blue collar - services  |   3.262634   .2315912    16.66   0.000     2.838883    3.749635
  blue collar - agriculture  |   1.927152   .4448362     2.84   0.004     1.225849    3.029669
     blue collar - artisans  |    1.52834   .1803797     3.59   0.000     1.212714    1.926112
       blue collar - equip.  |   2.625395   .2861756     8.86   0.000     2.120368    3.250709
                  unskilled  |   2.114443   .1622598     9.76   0.000     1.819181    2.457628
                             |
              public_servant |   1.562494   .0777031     8.97   0.000     1.417386    1.722459
                    parent_5 |   .8117007    .051729    -3.27   0.001       .71639    .9196917
                     married |   .9756897   .0405082    -0.59   0.553     .8994395    1.058404
            married_parent_5 |   1.177989   .0873704     2.21   0.027     1.018611    1.362304
                    divorced |   .9625344   .0621447    -0.59   0.554     .8481245    1.092378
                     widowed |   .8385776   .1752428    -0.84   0.400     .5567527     1.26306
                   part_time |   .8885849   .0319467    -3.29   0.001     .8281257    .9534581
                        erte |          1  (omitted)
                     college |   1.260201   .0449088     6.49   0.000     1.175185    1.351367
                       _cons |   .0434636   .0063469   -21.47   0.000     .0326457    .0578663
----------------------------------------------------------------------------------------------
Note: _cons estimates baseline odds.
note: erte != 0 predicts failure perfectly;
      erte omitted and 2 obs not used.


Logistic regression                                    Number of obs =  34,607
                                                       Wald chi2(25) = 1697.18
                                                       Prob > chi2   =  0.0000
Log pseudolikelihood = -7367993.2                      Pseudo R2     =  0.0671

----------------------------------------------------------------------------------------------
                             |               Robust
                   permanent | Odds ratio   std. err.      z    P>|z|     [95% conf. interval]
-----------------------------+----------------------------------------------------------------
                         act |
        manufactures, prim.  |   7.349667   1.115699    13.14   0.000     5.458245    9.896515
     extractive and energy.  |    11.9044   1.978953    14.90   0.000     8.594212    16.48955
         manufactures, sec.  |   10.05282   1.692987    13.70   0.000     7.226663    13.98421
               construction  |   6.200278    1.00436    11.26   0.000     4.513653    8.517145
      hospitality and sales  |   5.826804   .7978937    12.87   0.000      4.45524     7.62061
 Transport, storage and IT.  |   7.028117   1.078895    12.70   0.000     5.201995    9.495285
  Financial and prof. serv.  |   7.465344   1.031593    14.55   0.000     5.694127    9.787516
   Education and healthcare  |   4.725824   .6589351    11.14   0.000     3.595772    6.211021
             Other services  |   4.940994   .6862549    11.50   0.000     3.763491    6.486908
                             |
                         occ |
       white collar - prof.  |   3.534345    .285609    15.62   0.000     3.016642    4.140895
white collar - tech. suport  |   4.613922   .3538487    19.94   0.000     3.969998    5.362289
       white collar - other  |   4.955561    .372521    21.29   0.000     4.276673    5.742217
     blue collar - services  |   3.144596   .2218824    16.24   0.000     2.738445    3.610984
  blue collar - agriculture  |   1.338123     .35241     1.11   0.269     .7985871    2.242176
     blue collar - artisans  |   1.939554   .2231489     5.76   0.000     1.547996    2.430155
       blue collar - equip.  |   2.312177   .2541438     7.63   0.000     1.864064    2.868014
                  unskilled  |   2.028109   .1565504     9.16   0.000     1.743358    2.359368
                             |
              public_servant |   1.195708   .0608248     3.51   0.000     1.082243    1.321067
                    parent_5 |   .7948902   .0512089    -3.56   0.000     .7006005    .9018697
                     married |   .9558169   .0410116    -1.05   0.292     .8787227    1.039675
            married_parent_5 |   1.200177   .0906324     2.42   0.016     1.035062    1.391633
                    divorced |   .9532484   .0616828    -0.74   0.459     .8397047    1.082145
                     widowed |   .5628339   .1220592    -2.65   0.008      .367946     .860947
                   part_time |     .94089    .035331    -1.62   0.105     .8741293    1.012749
                        erte |          1  (omitted)
                     college |   1.301177   .0474189     7.22   0.000      1.21148    1.397516
                       _cons |   .0508772   .0078582   -19.28   0.000     .0375883    .0688644
----------------------------------------------------------------------------------------------
Note: _cons estimates baseline odds.
note: erte != 0 predicts success perfectly;
      erte omitted and 1 obs not used.


Logistic regression                                    Number of obs =  36,570
                                                       Wald chi2(25) = 2013.44
                                                       Prob > chi2   =  0.0000
Log pseudolikelihood = -7664368.6                      Pseudo R2     =  0.0681

----------------------------------------------------------------------------------------------
                             |               Robust
                   permanent | Odds ratio   std. err.      z    P>|z|     [95% conf. interval]
-----------------------------+----------------------------------------------------------------
                         act |
        manufactures, prim.  |   7.726011   1.037451    15.23   0.000     5.938213    10.05206
     extractive and energy.  |   12.44687   1.769474    17.74   0.000      9.42001    16.44632
         manufactures, sec.  |    11.4229   1.683663    16.52   0.000     8.556866    15.24889
               construction  |   4.723846   .6603539    11.11   0.000      3.59174    6.212788
      hospitality and sales  |    5.64047   .6749989    14.46   0.000     4.461197    7.131472
 Transport, storage and IT.  |   7.480987   1.025621    14.68   0.000     5.718231    9.787146
  Financial and prof. serv.  |   7.554415   .9125537    16.74   0.000     5.961807    9.572465
   Education and healthcare  |   4.187244   .5141716    11.66   0.000     3.291586    5.326615
             Other services  |   4.947125   .6032269    13.11   0.000     3.895487    6.282666
                             |
                         occ |
       white collar - prof.  |   3.050831   .2325035    14.64   0.000     2.627533    3.542323
white collar - tech. suport  |   4.644175    .341377    20.89   0.000     4.021053     5.36386
       white collar - other  |   4.269518   .3017038    20.54   0.000     3.717312    4.903754
     blue collar - services  |   2.931236   .1981695    15.91   0.000     2.567464     3.34655
  blue collar - agriculture  |   .5882306    .156535    -1.99   0.046     .3491668     .990974
     blue collar - artisans  |   1.421199    .155018     3.22   0.001      1.14765    1.759949
       blue collar - equip.  |   1.373664    .141301     3.09   0.002     1.122851    1.680501
                  unskilled  |   1.894528   .1387863     8.72   0.000     1.641137    2.187041
                             |
              public_servant |   1.240971   .0620049     4.32   0.000     1.125204    1.368648
                    parent_5 |   .8911136   .0531589    -1.93   0.053     .7927844    1.001639
                     married |   1.015205    .041462     0.37   0.712     .9371086     1.09981
            married_parent_5 |   1.031028   .0727718     0.43   0.665     .8978238    1.183995
                    divorced |   1.060302   .0650247     0.95   0.340     .9402178    1.195724
                     widowed |   1.260465   .2573299     1.13   0.257     .8448004    1.880649
                   part_time |   1.118095   .0408444     3.06   0.002      1.04084    1.201084
                        erte |          1  (omitted)
                     college |   1.360993   .0476758     8.80   0.000     1.270686    1.457718
                       _cons |   .0610308   .0083598   -20.42   0.000     .0466611    .0798259
----------------------------------------------------------------------------------------------
Note: _cons estimates baseline odds.

Logistic regression                                    Number of obs =  37,205
                                                       Wald chi2(26) = 1759.43
                                                       Prob > chi2   =  0.0000
Log pseudolikelihood = -8035856.6                      Pseudo R2     =  0.0543

----------------------------------------------------------------------------------------------
                             |               Robust
                   permanent | Odds ratio   std. err.      z    P>|z|     [95% conf. interval]
-----------------------------+----------------------------------------------------------------
                         act |
        manufactures, prim.  |   8.365917   1.046416    16.98   0.000     6.547033    10.69012
     extractive and energy.  |   11.45461   1.499892    18.62   0.000     8.861804    14.80603
         manufactures, sec.  |   10.14389   1.405969    16.72   0.000     7.730821    13.31015
               construction  |   5.082001   .6554594    12.60   0.000     3.946841    6.543647
      hospitality and sales  |   5.697289   .6134407    16.16   0.000      4.61336    7.035892
 Transport, storage and IT.  |   8.161219   1.000092    17.13   0.000     6.418701    10.37679
  Financial and prof. serv.  |   6.302381   .6842968    16.95   0.000     5.094286    7.796973
   Education and healthcare  |   3.699738    .413668    11.70   0.000     2.971652    4.606211
             Other services  |   5.866605   .6444573    16.11   0.000     4.730214    7.276003
                             |
                         occ |
       white collar - prof.  |   2.676578   .1944069    13.56   0.000     2.321426    3.086064
white collar - tech. suport  |   3.629577    .255487    18.31   0.000     3.161838    4.166509
       white collar - other  |    3.40989   .2341008    17.87   0.000     2.980591    3.901021
     blue collar - services  |   2.475081   .1622035    13.83   0.000     2.176738    2.814314
  blue collar - agriculture  |   1.374086    .330971     1.32   0.187     .8570144    2.203128
     blue collar - artisans  |     .97334    .107176    -0.25   0.806     .7843997    1.207791
       blue collar - equip.  |   1.416926   .1454162     3.40   0.001     1.158751    1.732624
                  unskilled  |   1.670449   .1192557     7.19   0.000     1.452328    1.921328
                             |
              public_servant |   1.229072     .06174     4.11   0.000      1.11383    1.356238
                    parent_5 |   .8216941   .0454868    -3.55   0.000     .7372078    .9158628
                     married |   1.097823   .0439001     2.33   0.020     1.015066    1.187327
            married_parent_5 |   1.123624   .0749961     1.75   0.081     .9858425    1.280661
                    divorced |   .9961312    .059147    -0.07   0.948     .8866966    1.119072
                     widowed |   1.095151   .2236592     0.45   0.656      .733898    1.634226
                   part_time |   1.056653   .0383502     1.52   0.129     .9840995    1.134556
                        erte |   .5458051   .7950283    -0.42   0.678      .031417    9.482244
                     college |   1.357461   .0476687     8.70   0.000     1.267175    1.454181
                       _cons |   .0734143    .009137   -20.98   0.000      .057523    .0936957
----------------------------------------------------------------------------------------------
Note: _cons estimates baseline odds.

Logistic regression                                    Number of obs =  38,197
                                                       Wald chi2(26) = 1702.48
                                                       Prob > chi2   =  0.0000
Log pseudolikelihood = -8104244.1                      Pseudo R2     =  0.0544

----------------------------------------------------------------------------------------------
                             |               Robust
                   permanent | Odds ratio   std. err.      z    P>|z|     [95% conf. interval]
-----------------------------+----------------------------------------------------------------
                         act |
        manufactures, prim.  |   8.496903   1.150759    15.80   0.000     6.515985    11.08004
     extractive and energy.  |    13.1027   1.851792    18.20   0.000     9.932565    17.28464
         manufactures, sec.  |   12.17353   1.817456    16.74   0.000     9.085223    16.31162
               construction  |   5.558389   .7769382    12.27   0.000     4.226395    7.310176
      hospitality and sales  |   6.451647   .7633642    15.76   0.000     5.116297    8.135522
 Transport, storage and IT.  |   7.134588    .949339    14.77   0.000     5.496759    9.260427
  Financial and prof. serv.  |   7.017294   .8356973    16.36   0.000     5.556472    8.862173
   Education and healthcare  |   4.500901   .5455947    12.41   0.000     3.549096    5.707965
             Other services  |   6.046141   .7282859    14.94   0.000     4.774711    7.656133
                             |
                         occ |
       white collar - prof.  |   2.784484   .2029466    14.05   0.000     2.413821    3.212066
white collar - tech. suport  |   3.862252   .2729331    19.12   0.000     3.362706    4.436008
       white collar - other  |   3.643586   .2532422    18.60   0.000     3.179563    4.175328
     blue collar - services  |   2.407675   .1573582    13.44   0.000     2.118195    2.736716
  blue collar - agriculture  |   2.584052   .7002796     3.50   0.000     1.519236    4.395187
     blue collar - artisans  |   1.038117   .1158034     0.34   0.737     .8342453    1.291812
       blue collar - equip.  |   1.615743   .1710871     4.53   0.000     1.312927    1.988401
                  unskilled  |   1.584226   .1137029     6.41   0.000     1.376337    1.823516
                             |
              public_servant |   1.136936   .0556183     2.62   0.009     1.032988    1.251343
                    parent_5 |   .7898574   .0412924    -4.51   0.000      .712934    .8750806
                     married |   1.058843   .0432406     1.40   0.161     .9773958    1.147077
            married_parent_5 |   1.182427   .0764726     2.59   0.010     1.041653    1.342224
                    divorced |   1.228871   .0744989     3.40   0.001     1.091197    1.383915
                     widowed |   1.920146    .456267     2.75   0.006     1.205233    3.059128
                   part_time |   1.338036   .0491337     7.93   0.000     1.245119    1.437886
                        erte |    1.17501   .7020648     0.27   0.787     .3642935    3.789936
                     college |    1.26787    .044098     6.82   0.000      1.18432    1.357315
                       _cons |    .067343   .0090029   -20.18   0.000     .0518201    .0875159
----------------------------------------------------------------------------------------------
Note: _cons estimates baseline odds.

Logistic regression                                    Number of obs =  38,123
                                                       Wald chi2(26) = 1772.68
                                                       Prob > chi2   =  0.0000
Log pseudolikelihood = -7905250.9                      Pseudo R2     =  0.0582

----------------------------------------------------------------------------------------------
                             |               Robust
                   permanent | Odds ratio   std. err.      z    P>|z|     [95% conf. interval]
-----------------------------+----------------------------------------------------------------
                         act |
        manufactures, prim.  |   8.679355   1.205812    15.55   0.000      6.61045    11.39577
     extractive and energy.  |   11.60993   1.680575    16.94   0.000      8.74209    15.41855
         manufactures, sec.  |   10.45073   1.568178    15.64   0.000     7.787896    14.02404
               construction  |   5.981415   .8715724    12.28   0.000     4.495443    7.958577
      hospitality and sales  |   5.184435    .627947    13.59   0.000     4.088863    6.573556
 Transport, storage and IT.  |   6.361752   .8677029    13.57   0.000     4.869431    8.311421
  Financial and prof. serv.  |   6.381264   .7788395    15.19   0.000      5.02362    8.105815
   Education and healthcare  |   3.966549   .4920403    11.11   0.000     3.110451    5.058272
             Other services  |   6.060211   .7454593    14.65   0.000     4.761924    7.712462
                             |
                         occ |
       white collar - prof.  |   3.041154   .2248702    15.04   0.000     2.630865    3.515429
white collar - tech. suport  |   3.699606   .2599587    18.62   0.000     3.223625    4.245868
       white collar - other  |   4.117875   .2863766    20.35   0.000      3.59316    4.719215
     blue collar - services  |   2.681726   .1745667    15.15   0.000     2.360508    3.046655
  blue collar - agriculture  |   1.477879   .4070347     1.42   0.156      .861395    2.535567
     blue collar - artisans  |   1.145126   .1328027     1.17   0.243        .9123    1.437371
       blue collar - equip.  |     1.9188   .2047893     6.11   0.000     1.556621    2.365247
                  unskilled  |   1.615459    .116099     6.67   0.000     1.403209    1.859815
                             |
              public_servant |   1.205353   .0595788     3.78   0.000     1.094059    1.327969
                    parent_5 |    .826259   .0421805    -3.74   0.000     .7475881    .9132087
                     married |   1.099127   .0452269     2.30   0.022     1.013965    1.191443
            married_parent_5 |   1.203338   .0770311     2.89   0.004     1.061448    1.364197
                    divorced |   1.096263   .0702264     1.43   0.151     .9669117    1.242918
                     widowed |   1.147362   .2446175     0.64   0.519     .7554826    1.742515
                   part_time |    1.23111   .0450659     5.68   0.000     1.145877    1.322683
                        erte |   .4636569    .290119    -1.23   0.219      .136014    1.580556
                     college |   1.341416   .0462944     8.51   0.000     1.253681     1.43529
                       _cons |   .0703459   .0096157   -19.42   0.000      .053813    .0919582
----------------------------------------------------------------------------------------------
Note: _cons estimates baseline odds.

Logistic regression                                    Number of obs =  37,279
                                                       Wald chi2(26) = 1407.56
                                                       Prob > chi2   =  0.0000
Log pseudolikelihood = -7875885.4                      Pseudo R2     =  0.0510

----------------------------------------------------------------------------------------------
                             |               Robust
                   permanent | Odds ratio   std. err.      z    P>|z|     [95% conf. interval]
-----------------------------+----------------------------------------------------------------
                         act |
        manufactures, prim.  |   9.639394   1.436853    15.20   0.000     7.197294    12.91012
     extractive and energy.  |   12.99702   2.008502    16.60   0.000       9.6007    17.59482
         manufactures, sec.  |   13.64812   2.194166    16.26   0.000     9.959276    18.70328
               construction  |    5.43318    .902205    10.19   0.000     3.923811    7.523157
      hospitality and sales  |   6.942011   .9189558    14.64   0.000     5.355581    8.998373
 Transport, storage and IT.  |    8.15814   1.193088    14.35   0.000     6.125014    10.86614
  Financial and prof. serv.  |   7.325775   .9751609    14.96   0.000      5.64348    9.509554
   Education and healthcare  |   4.593549   .6201287    11.29   0.000     3.525626     5.98495
             Other services  |   5.775445   .7767449    13.04   0.000     4.437175    7.517342
                             |
                         occ |
       white collar - prof.  |   1.016972   .0881611     0.19   0.846     .8580616    1.205312
white collar - tech. suport  |   1.150838   .1043176     1.55   0.121     .9635124    1.374584
       white collar - other  |    1.40843   .1235693     3.90   0.000     1.185918    1.672691
     blue collar - services  |   .7652831   .0678314    -3.02   0.003     .6432433    .9104771
  blue collar - agriculture  |   .7859994   .1725105    -1.10   0.273     .5112122     1.20849
     blue collar - artisans  |   .4554541    .055643    -6.44   0.000     .3584702     .578677
       blue collar - equip.  |   .5904226   .0734924    -4.23   0.000      .462605    .7535563
                  unskilled  |   .5526638   .0509495    -6.43   0.000     .4613066    .6621134
                             |
              public_servant |   1.313862   .0646392     5.55   0.000     1.193088    1.446862
                    parent_5 |   .8822252   .0444098    -2.49   0.013     .7993396    .9737055
                     married |   1.044839   .0442448     1.04   0.300      .961622    1.135258
            married_parent_5 |   1.142886   .0737427     2.07   0.038     1.007118    1.296956
                    divorced |   .9099793   .0582715    -1.47   0.141     .8026457    1.031666
                     widowed |   1.663035   .4344476     1.95   0.052      .996633    2.775028
                   part_time |   1.197708   .0443219     4.88   0.000     1.113914    1.287805
                        erte |   .2616903   .1830962    -1.92   0.055     .0664094    1.031207
                     college |   1.238353   .0449132     5.89   0.000     1.153381    1.329586
                       _cons |   .1888038   .0295075   -10.67   0.000     .1389887    .2564732
----------------------------------------------------------------------------------------------
Note: _cons estimates baseline odds.

Logistic regression                                    Number of obs =  35,965
                                                       Wald chi2(26) = 1465.16
                                                       Prob > chi2   =  0.0000
Log pseudolikelihood = -7707417.3                      Pseudo R2     =  0.0505

----------------------------------------------------------------------------------------------
                             |               Robust
                   permanent | Odds ratio   std. err.      z    P>|z|     [95% conf. interval]
-----------------------------+----------------------------------------------------------------
                         act |
        manufactures, prim.  |   13.09026   1.958208    17.19   0.000     9.763706    17.55019
     extractive and energy.  |   19.43835   3.060105    18.85   0.000     14.27769    26.46433
         manufactures, sec.  |   28.13444   4.617554    20.33   0.000     20.39554     38.8098
               construction  |   7.411128   1.228095    12.09   0.000     5.355895    10.25502
      hospitality and sales  |   10.98338   1.467613    17.93   0.000     8.452737    14.27166
 Transport, storage and IT.  |   13.08292   1.932852    17.40   0.000     9.793755    17.47672
  Financial and prof. serv.  |   12.12314   1.636469    18.48   0.000     9.304941    15.79488
   Education and healthcare  |   7.071039   .9641676    14.35   0.000     5.412752     9.23737
             Other services  |   9.422211   1.272805    16.60   0.000      7.23049    12.27829
                             |
                         occ |
       white collar - prof.  |   1.110355   .1003102     1.16   0.247     .9301732     1.32544
white collar - tech. suport  |   1.029255    .097204     0.31   0.760     .8553312    1.238544
       white collar - other  |   1.444758   .1312355     4.05   0.000     1.209138    1.726293
     blue collar - services  |   .7385236   .0671139    -3.34   0.001     .6180316    .8825067
  blue collar - agriculture  |   .6858163   .1527229    -1.69   0.090     .4432571    1.061109
     blue collar - artisans  |   .5017205   .0649038    -5.33   0.000     .3893573    .6465103
       blue collar - equip.  |   .6748687   .0855535    -3.10   0.002     .5263953    .8652201
                  unskilled  |   .5814998   .0551211    -5.72   0.000     .4829066    .7002224
                             |
              public_servant |   1.591803   .0807233     9.17   0.000     1.441197    1.758147
                    parent_5 |   .9915493   .0495116    -0.17   0.865     .8991057    1.093498
                     married |   1.214107   .0525958     4.48   0.000     1.115276    1.321695
            married_parent_5 |   .9669756   .0630814    -0.51   0.607     .8509161    1.098865
                    divorced |   1.010961   .0642812     0.17   0.864     .8925064    1.145137
                     widowed |   1.184806   .3663161     0.55   0.583     .6463593    2.171801
                   part_time |   1.187658   .0446895     4.57   0.000      1.10322    1.278559
                        erte |   .5054816   .2517308    -1.37   0.171     .1904607    1.341545
                     college |   1.080238   .0400011     2.08   0.037     1.004615    1.161554
                       _cons |   .1129776   .0178377   -13.81   0.000     .0829084    .1539523
----------------------------------------------------------------------------------------------
Note: _cons estimates baseline odds.

Logistic regression                                    Number of obs =  34,330
                                                       Wald chi2(26) = 1342.85
                                                       Prob > chi2   =  0.0000
Log pseudolikelihood = -7342247.2                      Pseudo R2     =  0.0529

----------------------------------------------------------------------------------------------
                             |               Robust
                   permanent | Odds ratio   std. err.      z    P>|z|     [95% conf. interval]
-----------------------------+----------------------------------------------------------------
                         act |
        manufactures, prim.  |   11.38735   1.909797    14.50   0.000     8.197201    15.81901
     extractive and energy.  |   18.85248   3.344481    16.55   0.000     13.31567    26.69156
         manufactures, sec.  |   22.11123   4.065183    16.84   0.000      15.4212    31.70353
               construction  |   6.674966   1.246042    10.17   0.000      4.62969    9.623789
      hospitality and sales  |    8.98852   1.369126    14.42   0.000     6.668585    12.11554
 Transport, storage and IT.  |   10.05541   1.662304    13.96   0.000     7.272501    13.90323
  Financial and prof. serv.  |   9.662358   1.491884    14.69   0.000      7.13931    13.07706
   Education and healthcare  |   6.890006   1.070199    12.43   0.000     5.081661    9.341864
             Other services  |   8.804635   1.357141    14.11   0.000     6.508902    11.91009
                             |
                         occ |
       white collar - prof.  |   1.186645   .1147123     1.77   0.077      .981829    1.434188
white collar - tech. suport  |   1.352045   .1370074     2.98   0.003       1.1085    1.649097
       white collar - other  |   1.860356    .180775     6.39   0.000      1.53774    2.250657
     blue collar - services  |   .9152102   .0889447    -0.91   0.362     .7564789    1.107248
  blue collar - agriculture  |   1.126453   .2991874     0.45   0.654      .669318    1.895803
     blue collar - artisans  |   .5330735   .0722168    -4.64   0.000      .408764    .6951868
       blue collar - equip.  |   .7628969   .1000464    -2.06   0.039     .5899825    .9864897
                  unskilled  |   .6527664   .0664883    -4.19   0.000     .5346353    .7969992
                             |
              public_servant |   1.588061   .0877713     8.37   0.000     1.425023    1.769753
                    parent_5 |   .9657596   .0490025    -0.69   0.492     .8743378    1.066741
                     married |   1.375252   .0647396     6.77   0.000     1.254042    1.508177
            married_parent_5 |    .904598   .0615735    -1.47   0.141     .7916197      1.0337
                    divorced |    .953883    .062135    -0.72   0.469     .8395541    1.083781
                     widowed |   .7156816   .2077081    -1.15   0.249     .4052105    1.264035
                   part_time |   1.251036   .0472324     5.93   0.000     1.161805    1.347121
                        erte |   .6441607   .2832028    -1.00   0.317     .2721239    1.524831
                     college |   1.163058   .0444054     3.96   0.000     1.079201     1.25343
                       _cons |   .1070247   .0191228   -12.51   0.000     .0754041    .1519055
----------------------------------------------------------------------------------------------
Note: _cons estimates baseline odds.

Logistic regression                                    Number of obs =  32,936
                                                       Wald chi2(26) = 1206.80
                                                       Prob > chi2   =  0.0000
Log pseudolikelihood = -7146320.6                      Pseudo R2     =  0.0499

----------------------------------------------------------------------------------------------
                             |               Robust
                   permanent | Odds ratio   std. err.      z    P>|z|     [95% conf. interval]
-----------------------------+----------------------------------------------------------------
                         act |
        manufactures, prim.  |   11.66392   1.875875    15.27   0.000      8.51037    15.98604
     extractive and energy.  |   17.41917   3.047341    16.33   0.000     12.36279    24.54359
         manufactures, sec.  |   15.68471   2.949059    14.64   0.000     10.85007     22.6736
               construction  |   6.949369   1.310703    10.28   0.000     4.801781    10.05746
      hospitality and sales  |   7.507407   1.088805    13.90   0.000     5.649884     9.97563
 Transport, storage and IT.  |   10.05939   1.635103    14.20   0.000     7.314977    13.83344
  Financial and prof. serv.  |   8.706669   1.282969    14.69   0.000     6.522641    11.62199
   Education and healthcare  |   7.880203   1.165137    13.96   0.000      5.89769    10.52914
             Other services  |   9.242458   1.358289    15.13   0.000     6.929362    12.32769
                             |
                         occ |
       white collar - prof.  |   1.387633   .1491421     3.05   0.002     1.124055    1.713015
white collar - tech. suport  |   1.954586   .2202921     5.95   0.000     1.567184    2.437753
       white collar - other  |    2.35303   .2541863     7.92   0.000     1.904041    2.907894
     blue collar - services  |    1.30126   .1382724     2.48   0.013      1.05661    1.602555
  blue collar - agriculture  |   .3976344   .1527915    -2.40   0.016     .1872444    .8444211
     blue collar - artisans  |   .6580607   .0979032    -2.81   0.005     .4916185    .8808536
       blue collar - equip.  |   .9407327   .1314382    -0.44   0.662     .7153807    1.237073
                  unskilled  |   .8727178   .0976778    -1.22   0.224     .7008164    1.086784
                             |
              public_servant |   1.291611   .0701369     4.71   0.000     1.161208    1.436659
                    parent_5 |    1.22511   .0589255     4.22   0.000     1.114894     1.34622
                     married |   1.388328   .0698894     6.52   0.000     1.257888    1.532294
            married_parent_5 |   .7651942    .052315    -3.91   0.000     .6692316     .874917
                    divorced |   1.024768   .0654531     0.38   0.702     .9041868    1.161429
                     widowed |   .7877169   .2671077    -0.70   0.482     .4052615    1.531105
                   part_time |    1.25279    .046821     6.03   0.000     1.164303    1.348002
                        erte |   .4906004    .356186    -0.98   0.327     .1182328    2.035719
                     college |   1.136202   .0453074     3.20   0.001     1.050783    1.228565
                       _cons |   .0835455   .0150272   -13.80   0.000     .0587244    .1188576
----------------------------------------------------------------------------------------------
Note: _cons estimates baseline odds.

Logistic regression                                     Number of obs = 30,985
                                                        Wald chi2(26) = 964.93
                                                        Prob > chi2   = 0.0000
Log pseudolikelihood = -7060811.7                       Pseudo R2     = 0.0420

----------------------------------------------------------------------------------------------
                             |               Robust
                   permanent | Odds ratio   std. err.      z    P>|z|     [95% conf. interval]
-----------------------------+----------------------------------------------------------------
                         act |
        manufactures, prim.  |   9.450461     1.5601    13.61   0.000     6.838093    13.06083
     extractive and energy.  |   15.86364   2.905677    15.09   0.000     11.07878    22.71506
         manufactures, sec.  |    9.56121   1.789005    12.07   0.000     6.625885    13.79691
               construction  |      6.587   1.355369     9.16   0.000     4.400893    9.859037
      hospitality and sales  |   6.099588   .9014196    12.24   0.000     4.565694    8.148811
 Transport, storage and IT.  |   9.627476   1.584383    13.76   0.000     6.973184     13.2921
  Financial and prof. serv.  |   7.096594   1.064857    13.06   0.000     5.288415    9.523013
   Education and healthcare  |   5.612347   .8457628    11.45   0.000     4.177064    7.540807
             Other services  |   7.475947   1.114798    13.49   0.000     5.581318    10.01372
                             |
                         occ |
       white collar - prof.  |   1.536912   .1755202     3.76   0.000     1.228681    1.922467
white collar - tech. suport  |   1.720503    .207233     4.50   0.000     1.358717    2.178622
       white collar - other  |   1.956355   .2256709     5.82   0.000     1.560483    2.452653
     blue collar - services  |   1.010647   .1136093     0.09   0.925     .8108005    1.259752
  blue collar - agriculture  |   .4525694    .153447    -2.34   0.019     .2328515    .8796125
     blue collar - artisans  |   .6309829   .0993259    -2.93   0.003     .4634748    .8590316
       blue collar - equip.  |    .756914   .1161497    -1.81   0.070     .5603099    1.022504
                  unskilled  |   .6959017   .0820914    -3.07   0.002     .5522512    .8769182
                             |
              public_servant |   1.063481   .0560602     1.17   0.243     .9590902    1.179233
                    parent_5 |   1.122681   .0533665     2.43   0.015      1.02281    1.232305
                     married |   1.202065   .0596089     3.71   0.000     1.090732    1.324763
            married_parent_5 |    .951214   .0644696    -0.74   0.461      .832889    1.086349
                    divorced |   1.022231   .0686352     0.33   0.743     .8961844    1.166007
                     widowed |   1.150989   .3788679     0.43   0.669      .603787    2.194113
                   part_time |   1.166178   .0436323     4.11   0.000     1.083721     1.25491
                        erte |   1.296689   1.131662     0.30   0.766      .234404    7.173096
                     college |   .9056401   .0368103    -2.44   0.015     .8362922    .9807387
                       _cons |    .145323   .0269924   -10.38   0.000     .1009791    .2091401
----------------------------------------------------------------------------------------------
Note: _cons estimates baseline odds.
note: erte != 0 predicts success perfectly;
      erte omitted and 2 obs not used.


Logistic regression                                    Number of obs =  30,448
                                                       Wald chi2(25) = 1137.56
                                                       Prob > chi2   =  0.0000
Log pseudolikelihood = -6966405.6                      Pseudo R2     =  0.0423

----------------------------------------------------------------------------------------------
                             |               Robust
                   permanent | Odds ratio   std. err.      z    P>|z|     [95% conf. interval]
-----------------------------+----------------------------------------------------------------
                         act |
        manufactures, prim.  |   9.744362   1.484247    14.95   0.000     7.229356    13.13431
     extractive and energy.  |   15.63388   2.614269    16.44   0.000     11.26498    21.69718
         manufactures, sec.  |   10.40011   1.773618    13.73   0.000     7.445182    14.52782
               construction  |   8.741933   1.725546    10.98   0.000     5.937329    12.87134
      hospitality and sales  |   7.393964   1.016074    14.56   0.000     5.648144    9.679411
 Transport, storage and IT.  |   9.946568    1.51641    15.07   0.000      7.37739    13.41046
  Financial and prof. serv.  |   8.492883   1.187455    15.30   0.000     6.457168    11.17039
   Education and healthcare  |   6.247369   .8781415    13.03   0.000     4.742974    8.228934
             Other services  |   8.234058   1.144931    15.16   0.000     6.269832    10.81364
                             |
                         occ |
       white collar - prof.  |   1.298849   .1310662     2.59   0.010     1.065772    1.582898
white collar - tech. suport  |   1.628411     .17358     4.57   0.000     1.321388     2.00677
       white collar - other  |   1.859641   .1906568     6.05   0.000     1.521111    2.273511
     blue collar - services  |   1.059594   .1072868     0.57   0.568     .8688661    1.292189
  blue collar - agriculture  |    .424318    .137294    -2.65   0.008      .225047     .800036
     blue collar - artisans  |   .6687827   .0980562    -2.74   0.006     .5017446    .8914301
       blue collar - equip.  |   1.045551   .1497447     0.31   0.756     .7896514    1.384379
                  unskilled  |    .739609   .0785608    -2.84   0.005     .6006038     .910786
                             |
              public_servant |   1.074338   .0558366     1.38   0.168     .9702899    1.189544
                    parent_5 |   1.000863   .0461954     0.02   0.985     .9142965    1.095626
                     married |   1.252721   .0605956     4.66   0.000     1.139412    1.377298
            married_parent_5 |   .9333172    .061834    -1.04   0.298     .8196634     1.06273
                    divorced |   1.049279   .0686279     0.74   0.462     .9230351    1.192789
                     widowed |   1.013537   .2723262     0.05   0.960     .5985926    1.716122
                   part_time |   1.118044    .041481     3.01   0.003     1.039628    1.202374
                        erte |          1  (omitted)
                     college |   1.169187    .045636     4.00   0.000     1.083078    1.262142
                       _cons |   .1159641    .019971   -12.51   0.000     .0827432    .1625231
----------------------------------------------------------------------------------------------
Note: _cons estimates baseline odds.
note: erte != 0 predicts failure perfectly;
      erte omitted and 2 obs not used.


Logistic regression                                     Number of obs = 29,604
                                                        Wald chi2(25) = 985.68
                                                        Prob > chi2   = 0.0000
Log pseudolikelihood = -6819531.5                       Pseudo R2     = 0.0422

----------------------------------------------------------------------------------------------
                             |               Robust
                   permanent | Odds ratio   std. err.      z    P>|z|     [95% conf. interval]
-----------------------------+----------------------------------------------------------------
                         act |
        manufactures, prim.  |   8.519039   1.329513    13.73   0.000     6.274064    11.56731
     extractive and energy.  |   11.92261   2.066448    14.30   0.000     8.488669    16.74569
         manufactures, sec.  |   8.778735   1.523874    12.51   0.000     6.247042    12.33643
               construction  |   5.234303   1.008936     8.59   0.000     3.587451    7.637159
      hospitality and sales  |    5.82906   .8185471    12.55   0.000      4.42658    7.675889
 Transport, storage and IT.  |   8.124025   1.258365    13.52   0.000     5.996874     11.0057
  Financial and prof. serv.  |   6.440544   .9160082    13.10   0.000     4.873715    8.511085
   Education and healthcare  |   5.159222   .7383235    11.47   0.000     3.897363    6.829636
             Other services  |   6.768695   .9675579    13.38   0.000     5.114805    8.957376
                             |
                         occ |
       white collar - prof.  |   1.031292   .1114986     0.28   0.776     .8343602    1.274705
white collar - tech. suport  |   1.358109   .1555807     2.67   0.008     1.084985    1.699987
       white collar - other  |   1.475781   .1617842     3.55   0.000     1.190441    1.829514
     blue collar - services  |   .8082364   .0879472    -1.96   0.050     .6530043     1.00037
  blue collar - agriculture  |   .5763073   .1585662    -2.00   0.045      .336088    .9882237
     blue collar - artisans  |   .3824865   .0583009    -6.31   0.000     .2837075    .5156575
       blue collar - equip.  |   .5581821   .0815791    -3.99   0.000      .419152    .7433276
                  unskilled  |   .6167847   .0700256    -4.26   0.000      .493735    .7705011
                             |
              public_servant |   .9681463   .0507936    -0.62   0.537     .8735402    1.072998
                    parent_5 |   1.069263   .0490521     1.46   0.144     .9773177    1.169858
                     married |    1.29607   .0637074     5.28   0.000     1.177032    1.427147
            married_parent_5 |    .911589   .0607271    -1.39   0.165     .8000089    1.038732
                    divorced |    1.05309   .0724753     0.75   0.452      .920205    1.205165
                     widowed |   1.531395   .4042958     1.61   0.106     .9127796    2.569264
                   part_time |   1.083914   .0398495     2.19   0.028     1.008558      1.1649
                        erte |          1  (omitted)
                     college |   1.164301   .0455802     3.89   0.000     1.078307    1.257154
                       _cons |   .1768499   .0310477    -9.87   0.000     .1253626    .2494832
----------------------------------------------------------------------------------------------
Note: _cons estimates baseline odds.

Logistic regression                                    Number of obs =  29,012
                                                       Wald chi2(26) = 1279.73
                                                       Prob > chi2   =  0.0000
Log pseudolikelihood = -6562665.1                      Pseudo R2     =  0.0538

----------------------------------------------------------------------------------------------
                             |               Robust
                   permanent | Odds ratio   std. err.      z    P>|z|     [95% conf. interval]
-----------------------------+----------------------------------------------------------------
                         act |
        manufactures, prim.  |   8.856769   1.393869    13.86   0.000        6.506    12.05692
     extractive and energy.  |   12.36876   2.101479    14.80   0.000     8.865537    17.25628
         manufactures, sec.  |   8.568695   1.459672    12.61   0.000     6.136391     11.9651
               construction  |   8.198347   1.570468    10.98   0.000     5.632107    11.93388
      hospitality and sales  |   6.363373   .8907913    13.22   0.000     4.836486      8.3723
 Transport, storage and IT.  |   8.467179   1.334766    13.55   0.000     6.216634    11.53246
  Financial and prof. serv.  |   6.680644    .952136    13.33   0.000      5.05247    8.833502
   Education and healthcare  |   5.357701   .7684619    11.70   0.000      4.04473    7.096879
             Other services  |   6.761034   .9646137    13.40   0.000     5.111756    8.942443
                             |
                         occ |
       white collar - prof.  |   1.319554   .1417721     2.58   0.010     1.068992    1.628844
white collar - tech. suport  |   1.239014   .1403906     1.89   0.059      .992266    1.547122
       white collar - other  |   1.842875   .2009729     5.61   0.000     1.488226    2.282038
     blue collar - services  |   .9155032   .0989888    -0.82   0.414     .7406682    1.131608
  blue collar - agriculture  |   .6096028   .1880833    -1.60   0.109     .3329831    1.116019
     blue collar - artisans  |    .355224   .0526482    -6.98   0.000     .2656713    .4749632
       blue collar - equip.  |   .6362661    .093051    -3.09   0.002     .4776992    .8474675
                  unskilled  |   .5663228   .0639666    -5.03   0.000     .4538581    .7066558
                             |
              public_servant |   .7732625   .0406218    -4.89   0.000      .697607     .857123
                    parent_5 |   1.053314   .0475765     1.15   0.250     .9640736    1.150814
                     married |    1.36875   .0669769     6.41   0.000     1.243576    1.506523
            married_parent_5 |   .9013758   .0594918    -1.57   0.116     .7920008    1.025855
                    divorced |   1.257608   .0860162     3.35   0.001     1.099831    1.438019
                     widowed |    1.39636   .4429794     1.05   0.293     .7498309    2.600348
                   part_time |   1.083269   .0403826     2.15   0.032     1.006942     1.16538
                        erte |   1.515485   2.275149     0.28   0.782     .0799226    28.73647
                     college |    1.20347   .0479484     4.65   0.000     1.113068    1.301214
                       _cons |   .1463236   .0256551   -10.96   0.000     .1037701    .2063273
----------------------------------------------------------------------------------------------
Note: _cons estimates baseline odds.
note: erte != 0 predicts success perfectly;
      erte omitted and 2 obs not used.


Logistic regression                                    Number of obs =  29,049
                                                       Wald chi2(25) = 1277.73
                                                       Prob > chi2   =  0.0000
Log pseudolikelihood = -6527406.5                      Pseudo R2     =  0.0534

----------------------------------------------------------------------------------------------
                             |               Robust
                   permanent | Odds ratio   std. err.      z    P>|z|     [95% conf. interval]
-----------------------------+----------------------------------------------------------------
                         act |
        manufactures, prim.  |   9.896856   1.571182    14.44   0.000     7.250437    13.50922
     extractive and energy.  |   11.81078    2.01863    14.45   0.000     8.448817    16.51053
         manufactures, sec.  |   8.386624   1.452105    12.28   0.000     5.973179    11.77521
               construction  |    5.76822   1.091642     9.26   0.000     3.980623    8.358583
      hospitality and sales  |   5.171143    .720279    11.80   0.000     3.935721    6.794365
 Transport, storage and IT.  |   6.816186   1.073029    12.19   0.000     5.006592    9.279846
  Financial and prof. serv.  |   5.701601   .8100525    12.25   0.000     4.315814    7.532357
   Education and healthcare  |   3.929607    .560406     9.60   0.000      2.97138    5.196848
             Other services  |   4.853296   .6954625    11.02   0.000       3.6649    6.427045
                             |
                         occ |
       white collar - prof.  |   .9474059   .0991436    -0.52   0.606     .7717205    1.163087
white collar - tech. suport  |   .9217519   .1026537    -0.73   0.464     .7409986    1.146597
       white collar - other  |   1.260078   .1349698     2.16   0.031     1.021465    1.554432
     blue collar - services  |   .6572981   .0698612    -3.95   0.000     .5336937    .8095295
  blue collar - agriculture  |    .312199   .0966859    -3.76   0.000     .1701455    .5728523
     blue collar - artisans  |   .2877056   .0435449    -8.23   0.000     .2138539    .3870611
       blue collar - equip.  |   .4400344   .0639432    -5.65   0.000     .3309749    .5850301
                  unskilled  |   .3738759   .0416679    -8.83   0.000     .3005124    .4651496
                             |
              public_servant |   .7090902   .0368189    -6.62   0.000     .6404771    .7850537
                    parent_5 |   1.118465   .0508776     2.46   0.014     1.023063    1.222763
                     married |   1.140675   .0558824     2.69   0.007     1.036242    1.255633
            married_parent_5 |   .9606289   .0638862    -0.60   0.546     .8432315    1.094371
                    divorced |   .9957757   .0746896    -0.06   0.955     .8596386    1.153472
                     widowed |    .870808   .3555466    -0.34   0.735      .391184    1.938491
                   part_time |   1.173888   .0441693     4.26   0.000     1.090433    1.263731
                        erte |          1  (omitted)
                     college |   1.107358   .0450251     2.51   0.012     1.022535    1.199217
                       _cons |   .2759786   .0474452    -7.49   0.000     .1970335    .3865545
----------------------------------------------------------------------------------------------
Note: _cons estimates baseline odds.

Logistic regression                                    Number of obs =  25,315
                                                       Wald chi2(26) = 1039.05
                                                       Prob > chi2   =  0.0000
Log pseudolikelihood = -6415583.5                      Pseudo R2     =  0.0492

----------------------------------------------------------------------------------------------
                             |               Robust
                   permanent | Odds ratio   std. err.      z    P>|z|     [95% conf. interval]
-----------------------------+----------------------------------------------------------------
                         act |
        manufactures, prim.  |   6.846217   1.151967    11.43   0.000     4.922942    9.520869
     extractive and energy.  |   10.33086   1.860648    12.97   0.000     7.258224    14.70425
         manufactures, sec.  |   8.813493   1.609733    11.92   0.000     6.161424     12.6071
               construction  |    5.06956   1.136194     7.24   0.000      3.26737    7.865787
      hospitality and sales  |   4.757233   .7147605    10.38   0.000     3.543756    6.386236
 Transport, storage and IT.  |   5.642222    .945134    10.33   0.000     4.063166    7.834942
  Financial and prof. serv.  |   4.810777   .7346934    10.29   0.000     3.566327     6.48947
   Education and healthcare  |   3.489294   .5377675     8.11   0.000     2.579591    4.719806
             Other services  |   4.138176   .6403838     9.18   0.000     3.055521    5.604445
                             |
                         occ |
       white collar - prof.  |   .8966086   .0998255    -0.98   0.327     .7208301    1.115252
white collar - tech. suport  |   1.101115   .1301979     0.81   0.415     .8733429     1.38829
       white collar - other  |   1.230315   .1402552     1.82   0.069     .9839657    1.538342
     blue collar - services  |    .652856   .0746365    -3.73   0.000     .5218016    .8168257
  blue collar - agriculture  |   .1796909   .0583489    -5.29   0.000     .0950879     .339568
     blue collar - artisans  |   .3431148   .0540317    -6.79   0.000     .2519981    .4671773
       blue collar - equip.  |   .4548017    .070518    -5.08   0.000     .3356151     .616315
                  unskilled  |   .3975201   .0476849    -7.69   0.000     .3142335    .5028816
                             |
              public_servant |    .888638   .0509768    -2.06   0.040     .7941374    .9943839
                    parent_5 |   1.043777   .0515845     0.87   0.386     .9474156    1.149939
                     married |    1.05416   .0584181     0.95   0.341     .9456617    1.175107
            married_parent_5 |   1.082257   .0806552     1.06   0.289     .9351791    1.252467
                    divorced |   .9925498   .0835158    -0.09   0.929     .8416469    1.170509
                     widowed |   .8317809   .3954639    -0.39   0.698     .3275757     2.11206
                   part_time |   1.453276   .0622518     8.73   0.000     1.336246    1.580555
                        erte |   1.199244    .098965     2.20   0.028     1.020149    1.409779
                     college |   1.027397   .0464506     0.60   0.550     .9402725    1.122594
                       _cons |   .2819335   .0518768    -6.88   0.000     .1965724    .4043624
----------------------------------------------------------------------------------------------
Note: _cons estimates baseline odds.

Logistic regression                                     Number of obs = 21,319
                                                        Wald chi2(26) = 948.19
                                                        Prob > chi2   = 0.0000
Log pseudolikelihood = -6049378.5                       Pseudo R2     = 0.0579

----------------------------------------------------------------------------------------------
                             |               Robust
                   permanent | Odds ratio   std. err.      z    P>|z|     [95% conf. interval]
-----------------------------+----------------------------------------------------------------
                         act |
        manufactures, prim.  |   7.414402   1.299033    11.43   0.000     5.259472    10.45226
     extractive and energy.  |   9.937174   1.915148    11.91   0.000     6.811057    14.49811
         manufactures, sec.  |   11.14129   2.182224    12.31   0.000     7.589486    16.35531
               construction  |    5.86717   1.302314     7.97   0.000     3.797437    9.064978
      hospitality and sales  |   6.175022   .9270798    12.13   0.000     4.600916    8.287674
 Transport, storage and IT.  |    7.34551   1.252055    11.70   0.000     5.259363    10.25913
  Financial and prof. serv.  |   5.738579    .868792    11.54   0.000     4.265174    7.720973
   Education and healthcare  |   4.178701   .6387426     9.36   0.000     3.096916    5.638365
             Other services  |   5.348223    .833123    10.76   0.000      3.94106    7.257816
                             |
                         occ |
       white collar - prof.  |   1.175863   .1568771     1.21   0.225      .905303    1.527282
white collar - tech. suport  |   1.420201   .2016676     2.47   0.013     1.075176    1.875944
       white collar - other  |   1.739894   .2387525     4.04   0.000     1.329594     2.27681
     blue collar - services  |    .801708   .1084894    -1.63   0.102      .614935    1.045209
  blue collar - agriculture  |   .3081841   .1044424    -3.47   0.001     .1586139    .5987965
     blue collar - artisans  |   .5326818   .1019564    -3.29   0.001     .3660547     .775157
       blue collar - equip.  |   .6938335   .1270427    -2.00   0.046     .4846163    .9933733
                  unskilled  |    .539419    .076927    -4.33   0.000      .407883    .7133733
                             |
              public_servant |   .5925856   .0381168    -8.13   0.000     .5223954    .6722067
                    parent_5 |   .9564781   .0525529    -0.81   0.418     .8588285    1.065231
                     married |   1.021342   .0665103     0.32   0.746     .8989606    1.160385
            married_parent_5 |   1.171337   .1003351     1.85   0.065     .9903054    1.385462
                    divorced |    1.19368   .1050706     2.01   0.044     1.004531    1.418446
                     widowed |   1.286241   .4580158     0.71   0.480     .6400576    2.584791
                   part_time |   1.121982    .055065     2.35   0.019     1.019085    1.235269
                        erte |   .5706522   .0944193    -3.39   0.001     .4126036    .7892418
                     college |     1.1716   .0596824     3.11   0.002     1.060274    1.294614
                       _cons |    .207254   .0408435    -7.99   0.000     .1408499    .3049644
----------------------------------------------------------------------------------------------
Note: _cons estimates baseline odds.

Logistic regression                                     Number of obs = 20,143
                                                        Wald chi2(26) = 849.17
                                                        Prob > chi2   = 0.0000
Log pseudolikelihood = -5952096.8                       Pseudo R2     = 0.0561

----------------------------------------------------------------------------------------------
                             |               Robust
                   permanent | Odds ratio   std. err.      z    P>|z|     [95% conf. interval]
-----------------------------+----------------------------------------------------------------
                         act |
        manufactures, prim.  |   3.373405   .5825521     7.04   0.000     2.404777    4.732191
     extractive and energy.  |   7.039103   1.391854     9.87   0.000     4.777578    10.37115
         manufactures, sec.  |   7.701093   1.533342    10.25   0.000     5.212812    11.37713
               construction  |   5.607421   1.304466     7.41   0.000     3.554237    8.846671
      hospitality and sales  |   3.515071   .5251273     8.41   0.000     2.622832    4.710833
 Transport, storage and IT.  |   4.648442   .8001985     8.93   0.000     3.317254    6.513826
  Financial and prof. serv.  |   3.447346   .5256263     8.12   0.000     2.556818     4.64804
   Education and healthcare  |   2.442774    .372023     5.86   0.000      1.81238    3.292436
             Other services  |   2.367528   .3717544     5.49   0.000     1.740354    3.220718
                             |
                         occ |
       white collar - prof.  |   .7384536   .0934906    -2.39   0.017     .5761802     .946429
white collar - tech. suport  |   .8887663    .121332    -0.86   0.388     .6801173    1.161425
       white collar - other  |    1.18882   .1570721     1.31   0.191     .9175959    1.540212
     blue collar - services  |   .6432822   .0839544    -3.38   0.001     .4980944    .8307902
  blue collar - agriculture  |   .3667967   .1469027    -2.50   0.012     .1673084    .8041426
     blue collar - artisans  |   .3323221   .0611374    -5.99   0.000     .2317199    .4766011
       blue collar - equip.  |   .3960784    .069533    -5.28   0.000     .2807694    .5587436
                  unskilled  |   .3689679   .0510949    -7.20   0.000     .2812636    .4840203
                             |
              public_servant |   .5976876   .0382268    -8.05   0.000     .5272702    .6775092
                    parent_5 |   .9303037   .0516961    -1.30   0.194     .8343039     1.03735
                     married |   1.154246   .0757435     2.19   0.029     1.014942    1.312671
            married_parent_5 |   .8459326   .0735492    -1.92   0.054     .7133923    1.003097
                    divorced |   1.249967   .1147977     2.43   0.015     1.044056    1.496488
                     widowed |   .9990472   .4691065    -0.00   0.998     .3980164    2.507673
                   part_time |   1.317714   .0677293     5.37   0.000     1.191434    1.457377
                        erte |   .3388538   .2012075    -1.82   0.068     .1058227    1.085041
                     college |   1.136231   .0598727     2.42   0.015      1.02474    1.259854
                       _cons |   .6291172   .1223662    -2.38   0.017     .4297036    .9210732
----------------------------------------------------------------------------------------------
Note: _cons estimates baseline odds.
