note: erte != 0 predicts failure perfectly;
      erte omitted and 1 obs not used.


Logistic regression                                    Number of obs =  20,506
                                                       Wald chi2(25) = 1554.04
                                                       Prob > chi2   =  0.0000
Log pseudolikelihood = -3894603.6                      Pseudo R2     =  0.1069

----------------------------------------------------------------------------------------------
                             |               Robust
                   permanent | Odds ratio   std. err.      z    P>|z|     [95% conf. interval]
-----------------------------+----------------------------------------------------------------
                         act |
        manufactures, prim.  |   13.36483   2.511756    13.80   0.000     9.246784    19.31685
     extractive and energy.  |   24.80301    5.24182    15.19   0.000     16.39129    37.53148
         manufactures, sec.  |   22.59465   4.806141    14.66   0.000     14.89173    34.28198
               construction  |   7.786396   1.856469     8.61   0.000     4.879655    12.42464
      hospitality and sales  |   8.734618   1.453173    13.03   0.000     6.304201    12.10202
 Transport, storage and IT.  |     9.6019   1.896989    11.45   0.000     6.519142    14.14242
  Financial and prof. serv.  |   12.55835   2.126503    14.94   0.000     9.011534    17.50114
   Education and healthcare  |   9.279962   1.597037    12.95   0.000     6.623057    13.00271
             Other services  |   9.826522   1.675978    13.40   0.000     7.034315    13.72707
                             |
                         occ |
       white collar - prof.  |   4.184237   .4704244    12.73   0.000     3.356739    5.215728
white collar - tech. suport  |   5.745067   .6108669    16.44   0.000     4.664314    7.076239
       white collar - other  |   7.237995   .7584252    18.89   0.000     5.894216    8.888132
     blue collar - services  |   4.020583   .3943264    14.19   0.000     3.317461    4.872729
  blue collar - agriculture  |   2.530516   .8818803     2.66   0.008     1.278106    5.010157
     blue collar - artisans  |   1.594823   .2695178     2.76   0.006     1.145152    2.221067
       blue collar - equip.  |   2.228981   .3486681     5.12   0.000     1.640429    3.028695
                  unskilled  |   2.569782   .2659042     9.12   0.000     2.098068    3.147553
                             |
              public_servant |   1.876504   .1315878     8.98   0.000     1.635535    2.152975
                   parent_10 |   .8558168   .0763536    -1.75   0.081     .7185202    1.019348
                     married |   .9641409   .0758137    -0.46   0.642      .826433    1.124795
           married_parent_10 |    .929036   .1039545    -0.66   0.511     .7460834    1.156852
                    divorced |   .7783511   .0736277    -2.65   0.008     .6466312    .9369027
                     widowed |   .7665885   .2231331    -0.91   0.361     .4333119    1.356201
                   part_time |   .9222207   .0472529    -1.58   0.114     .8341052    1.019645
                        erte |          1  (omitted)
                     college |   1.300079   .0677952     5.03   0.000     1.173768    1.439983
                       _cons |   .0279016    .005319   -18.77   0.000     .0192026    .0405413
----------------------------------------------------------------------------------------------
Note: _cons estimates baseline odds.
note: erte omitted because of collinearity.

Logistic regression                                    Number of obs =  17,675
                                                       Wald chi2(25) = 1180.59
                                                       Prob > chi2   =  0.0000
Log pseudolikelihood = -3390772.1                      Pseudo R2     =  0.0896

----------------------------------------------------------------------------------------------
                             |               Robust
                   permanent | Odds ratio   std. err.      z    P>|z|     [95% conf. interval]
-----------------------------+----------------------------------------------------------------
                         act |
        manufactures, prim.  |   8.922899   1.820659    10.73   0.000     5.981689    13.31031
     extractive and energy.  |   18.04621   4.335571    12.04   0.000     11.26903     28.8992
         manufactures, sec.  |   18.00109    4.21224    12.35   0.000     11.37938    28.47602
               construction  |    8.94922   1.955189    10.03   0.000     5.832008    13.73258
      hospitality and sales  |   6.869262   1.249593    10.59   0.000     4.809139    9.811892
 Transport, storage and IT.  |   12.03017   2.531528    11.82   0.000     7.964386    18.17153
  Financial and prof. serv.  |    9.55791   1.756283    12.28   0.000     6.667348    13.70165
   Education and healthcare  |   7.422641    1.36919    10.87   0.000     5.170644    10.65546
             Other services  |   6.580109   1.211614    10.23   0.000     4.586685    9.439896
                             |
                         occ |
       white collar - prof.  |   3.486792   .3761772    11.58   0.000     2.822234    4.307835
white collar - tech. suport  |   5.121571   .5243043    15.96   0.000     4.190484    6.259537
       white collar - other  |   5.690953   .5727109    17.28   0.000     4.672228    6.931799
     blue collar - services  |   3.161702   .2950769    12.33   0.000     2.633174    3.796316
  blue collar - agriculture  |   1.491232   .4904172     1.22   0.224     .7827316     2.84104
     blue collar - artisans  |   1.559222   .2454681     2.82   0.005     1.145258    2.122817
       blue collar - equip.  |    2.07417    .306095     4.94   0.000     1.553204    2.769875
                  unskilled  |   2.274562   .2292356     8.15   0.000      1.86686    2.771302
                             |
              public_servant |   1.391243   .0938183     4.90   0.000     1.218996    1.587829
                   parent_10 |   .7181497    .063188    -3.76   0.000      .604394     .853316
                     married |   .8636778   .0647472    -1.95   0.051     .7456583    1.000377
           married_parent_10 |    1.27191   .1386492     2.21   0.027     1.027231    1.574871
                    divorced |     .90437   .0846321    -1.07   0.283     .7528173    1.086432
                     widowed |   .6230311    .166505    -1.77   0.077     .3689998    1.051946
                   part_time |   1.002482   .0517834     0.05   0.962     .9059571    1.109291
                        erte |          1  (omitted)
                     college |   1.279628   .0678367     4.65   0.000     1.153344    1.419738
                       _cons |   .0413767   .0085496   -15.41   0.000     .0275977    .0620353
----------------------------------------------------------------------------------------------
Note: _cons estimates baseline odds.
note: erte != 0 predicts success perfectly;
      erte omitted and 1 obs not used.


Logistic regression                                    Number of obs =  18,599
                                                       Wald chi2(25) = 1168.38
                                                       Prob > chi2   =  0.0000
Log pseudolikelihood = -3543931.3                      Pseudo R2     =  0.0798

----------------------------------------------------------------------------------------------
                             |               Robust
                   permanent | Odds ratio   std. err.      z    P>|z|     [95% conf. interval]
-----------------------------+----------------------------------------------------------------
                         act |
        manufactures, prim.  |    8.16637   1.609304    10.66   0.000     5.549926     12.0163
     extractive and energy.  |   13.90047   2.871237    12.74   0.000     9.272738    20.83776
         manufactures, sec.  |   11.83648   2.674616    10.94   0.000     7.601191    18.43161
               construction  |   5.203497   1.059114     8.10   0.000     3.491746    7.754397
      hospitality and sales  |   5.208129   .9094615     9.45   0.000     3.698639    7.333672
 Transport, storage and IT.  |   7.496505   1.490735    10.13   0.000     5.076813    11.06946
  Financial and prof. serv.  |   7.544836   1.326465    11.49   0.000     5.345634    10.64879
   Education and healthcare  |   4.438176   .7907803     8.36   0.000      3.12997    6.293163
             Other services  |   5.094156   .9036159     9.18   0.000     3.598186    7.212084
                             |
                         occ |
       white collar - prof.  |   2.859585   .2948749    10.19   0.000     2.336301    3.500074
white collar - tech. suport  |   4.636149    .461515    15.41   0.000     3.814369    5.634975
       white collar - other  |   4.021627   .3833638    14.60   0.000     3.336265    4.847781
     blue collar - services  |   2.917531   .2624596    11.90   0.000     2.445918     3.48008
  blue collar - agriculture  |   .7663724   .2618554    -0.78   0.436     .3922834      1.4972
     blue collar - artisans  |   1.485807   .2213448     2.66   0.008     1.109575    1.989612
       blue collar - equip.  |   1.317673   .1914146     1.90   0.058     .9911879    1.751698
                  unskilled  |   2.104881   .2032636     7.71   0.000     1.741923    2.543468
                             |
              public_servant |   1.684166   .1170391     7.50   0.000      1.46971    1.929915
                   parent_10 |   .8113492   .0661184    -2.57   0.010     .6915789    .9518618
                     married |   1.051601   .0770466     0.69   0.492     .9109336     1.21399
           married_parent_10 |   1.061708   .1094265     0.58   0.561     .8675109    1.299378
                    divorced |   1.144024   .0997345     1.54   0.123     .9643361    1.357193
                     widowed |   1.561989   .4093649     1.70   0.089     .9345352     2.61072
                   part_time |    1.11807   .0561853     2.22   0.026     1.013198    1.233797
                        erte |          1  (omitted)
                     college |   1.532234   .0777574     8.41   0.000     1.387166    1.692473
                       _cons |   .0598432   .0119743   -14.07   0.000     .0404291    .0885799
----------------------------------------------------------------------------------------------
Note: _cons estimates baseline odds.
note: erte != 0 predicts success perfectly;
      erte omitted and 1 obs not used.


Logistic regression                                     Number of obs = 18,903
                                                        Wald chi2(25) = 918.56
                                                        Prob > chi2   = 0.0000
Log pseudolikelihood = -3772075.3                       Pseudo R2     = 0.0581

----------------------------------------------------------------------------------------------
                             |               Robust
                   permanent | Odds ratio   std. err.      z    P>|z|     [95% conf. interval]
-----------------------------+----------------------------------------------------------------
                         act |
        manufactures, prim.  |    11.8852   2.190082    13.43   0.000     8.282391    17.05521
     extractive and energy.  |   15.59439   3.002621    14.27   0.000     10.69237     22.7438
         manufactures, sec.  |    11.6001   2.485543    11.44   0.000     7.622113    17.65419
               construction  |   6.767464   1.289272    10.04   0.000     4.658684    9.830795
      hospitality and sales  |   7.127724   1.141966    12.26   0.000      5.20686    9.757214
 Transport, storage and IT.  |   11.92757   2.179831    13.56   0.000     8.336622     17.0653
  Financial and prof. serv.  |   8.506731   1.369335    13.30   0.000     6.205034    11.66222
   Education and healthcare  |   6.111037    1.01162    10.93   0.000     4.417812    8.453228
             Other services  |   9.250247   1.502335    13.70   0.000     6.728364    12.71737
                             |
                         occ |
       white collar - prof.  |   2.564414   .2507117     9.63   0.000     2.117239    3.106036
white collar - tech. suport  |   3.543572   .3328662    13.47   0.000     2.947701    4.259896
       white collar - other  |   3.359814   .3069157    13.27   0.000     2.809045    4.018571
     blue collar - services  |   2.342887   .2014422     9.90   0.000     1.979542    2.772924
  blue collar - agriculture  |   1.791064    .557644     1.87   0.061     .9729514     3.29709
     blue collar - artisans  |   1.023203   .1525606     0.15   0.878     .7639181    1.370493
       blue collar - equip.  |   1.442903   .2032436     2.60   0.009     1.094811     1.90167
                  unskilled  |   1.771304   .1631099     6.21   0.000     1.478803    2.121659
                             |
              public_servant |   1.332967   .0938192     4.08   0.000     1.161204    1.530136
                   parent_10 |   .9056118   .0717854    -1.25   0.211     .7752997    1.057827
                     married |   1.090288   .0785909     1.20   0.230      .946639    1.255735
           married_parent_10 |   .9030663   .0907273    -1.01   0.310     .7416568    1.099604
                    divorced |   .8954981   .0750846    -1.32   0.188     .7597911    1.055444
                     widowed |   .8204754   .1831479    -0.89   0.375     .5297353    1.270785
                   part_time |   1.124314   .0550052     2.40   0.017     1.021513    1.237461
                        erte |          1  (omitted)
                     college |   1.364999   .0674631     6.30   0.000     1.238976    1.503841
                       _cons |   .0590575   .0107281   -15.57   0.000     .0413666    .0843142
----------------------------------------------------------------------------------------------
Note: _cons estimates baseline odds.

Logistic regression                                    Number of obs =  19,429
                                                       Wald chi2(26) = 1087.85
                                                       Prob > chi2   =  0.0000
Log pseudolikelihood = -3828215.2                      Pseudo R2     =  0.0666

----------------------------------------------------------------------------------------------
                             |               Robust
                   permanent | Odds ratio   std. err.      z    P>|z|     [95% conf. interval]
-----------------------------+----------------------------------------------------------------
                         act |
        manufactures, prim.  |   9.256198   1.772207    11.62   0.000     6.360044    13.47116
     extractive and energy.  |   12.69251   2.531943    12.74   0.000     8.585135    18.76498
         manufactures, sec.  |   12.53403   2.602013    12.18   0.000     8.344198    18.82767
               construction  |    5.36514   1.052758     8.56   0.000     3.652218    7.881439
      hospitality and sales  |   6.414886   1.052641    11.33   0.000     4.650635    8.848418
 Transport, storage and IT.  |    7.83612   1.458894    11.06   0.000     5.440366    11.28688
  Financial and prof. serv.  |   7.206983   1.190186    11.96   0.000     5.214146    9.961479
   Education and healthcare  |   4.864772   .8172761     9.42   0.000     3.499948    6.761816
             Other services  |   6.700108   1.116711    11.41   0.000     4.832942    9.288639
                             |
                         occ |
       white collar - prof.  |    3.03471   .3009214    11.20   0.000     2.498689    3.685719
white collar - tech. suport  |   4.009547   .3822216    14.57   0.000     3.326229    4.833242
       white collar - other  |   4.285545   .4005546    15.57   0.000     3.568184    5.147126
     blue collar - services  |    2.35317   .2062519     9.76   0.000      1.98174    2.794215
  blue collar - agriculture  |   3.483817   1.189797     3.65   0.000     1.783824     6.80391
     blue collar - artisans  |   .9229035   .1410598    -0.52   0.600     .6839993    1.245251
       blue collar - equip.  |   1.633636   .2431057     3.30   0.001     1.220353    2.186879
                  unskilled  |   1.692399   .1622102     5.49   0.000      1.40255    2.042149
                             |
              public_servant |   1.210841   .0824397     2.81   0.005     1.059579    1.383696
                   parent_10 |   .6553698   .0485338    -5.71   0.000     .5668265    .7577442
                     married |   1.084712    .078864     1.12   0.263     .9406494    1.250838
           married_parent_10 |   1.136731   .1114354     1.31   0.191     .9380227    1.377534
                    divorced |   1.399217   .1161465     4.05   0.000     1.189128    1.646425
                     widowed |   1.578077   .3962432     1.82   0.069     .9647124    2.581419
                   part_time |    1.41445   .0722944     6.78   0.000     1.279621    1.563484
                        erte |   .5374963    .445864    -0.75   0.454     .1057515    2.731897
                     college |   1.348328   .0657733     6.13   0.000     1.225386    1.483605
                       _cons |   .0697201   .0128288   -14.47   0.000     .0486108    .0999961
----------------------------------------------------------------------------------------------
Note: _cons estimates baseline odds.

Logistic regression                                    Number of obs =  19,337
                                                       Wald chi2(26) = 1186.75
                                                       Prob > chi2   =  0.0000
Log pseudolikelihood = -3789207.2                      Pseudo R2     =  0.0747

----------------------------------------------------------------------------------------------
                             |               Robust
                   permanent | Odds ratio   std. err.      z    P>|z|     [95% conf. interval]
-----------------------------+----------------------------------------------------------------
                         act |
        manufactures, prim.  |   7.410057   1.349353    11.00   0.000     5.185849    10.58823
     extractive and energy.  |   12.07676   2.363484    12.73   0.000     8.229355    17.72291
         manufactures, sec.  |   11.73325   2.336785    12.36   0.000     7.941339    17.33577
               construction  |    4.56124   .8788954     7.88   0.000      3.12656     6.65425
      hospitality and sales  |   4.776144   .7405841    10.08   0.000     3.524447    6.472378
 Transport, storage and IT.  |   7.172137   1.299021    10.88   0.000     5.028965    10.22866
  Financial and prof. serv.  |   6.232107   .9753758    11.69   0.000     4.585798    8.469444
   Education and healthcare  |   3.951996   .6298497     8.62   0.000     2.891719    5.401033
             Other services  |   6.097065   .9602683    11.48   0.000     4.477744    8.301993
                             |
                         occ |
       white collar - prof.  |   3.400712   .3425532    12.15   0.000     2.791441    4.142965
white collar - tech. suport  |   4.096526   .3930673    14.70   0.000     3.394233    4.944127
       white collar - other  |   4.590731   .4353395    16.07   0.000     3.812082    5.528424
     blue collar - services  |   2.938029   .2585678    12.25   0.000     2.472544    3.491145
  blue collar - agriculture  |   2.289688   .7600042     2.50   0.013     1.194652    4.388451
     blue collar - artisans  |   1.526097   .2383757     2.71   0.007     1.123634    2.072715
       blue collar - equip.  |   2.191113   .3294684     5.22   0.000     1.631824    2.942093
                  unskilled  |   1.700061    .164218     5.49   0.000     1.406832    2.054407
                             |
              public_servant |    1.47692   .1009475     5.71   0.000     1.291747    1.688638
                   parent_10 |   .6806599   .0505712    -5.18   0.000     .5884211    .7873578
                     married |   .9755052   .0696415    -0.35   0.728     .8481293    1.122011
           married_parent_10 |   1.275751   .1239555     2.51   0.012     1.054535    1.543374
                    divorced |   1.087414   .0962514     0.95   0.344     .9142214    1.293416
                     widowed |   1.057038   .2676673     0.22   0.827     .6434963    1.736342
                   part_time |   1.533322   .0778741     8.42   0.000     1.388042    1.693808
                        erte |   .4489991   .3166315    -1.14   0.256     .1127154    1.788577
                     college |   1.369575   .0661428     6.51   0.000     1.245883    1.505546
                       _cons |    .075023   .0133892   -14.51   0.000     .0528788    .1064404
----------------------------------------------------------------------------------------------
Note: _cons estimates baseline odds.

Logistic regression                                     Number of obs = 19,448
                                                        Wald chi2(26) = 782.69
                                                        Prob > chi2   = 0.0000
Log pseudolikelihood = -3884856.3                       Pseudo R2     = 0.0594

----------------------------------------------------------------------------------------------
                             |               Robust
                   permanent | Odds ratio   std. err.      z    P>|z|     [95% conf. interval]
-----------------------------+----------------------------------------------------------------
                         act |
        manufactures, prim.  |   11.35983   2.336358    11.82   0.000     7.591128    16.99953
     extractive and energy.  |   15.42627   3.378171    12.49   0.000     10.04287     23.6954
         manufactures, sec.  |     19.835   4.502444    13.16   0.000       12.712    30.94929
               construction  |   5.223938   1.189192     7.26   0.000     3.343706    8.161462
      hospitality and sales  |   7.427492   1.345127    11.07   0.000     5.208213    10.59243
 Transport, storage and IT.  |    9.22677   1.841568    11.13   0.000     6.239628    13.64397
  Financial and prof. serv.  |   7.122771   1.292772    10.82   0.000     4.990651    10.16578
   Education and healthcare  |    5.10254   .9450273     8.80   0.000      3.54926    7.335591
             Other services  |   6.298332   1.161516     9.98   0.000     4.387832     9.04068
                             |
                         occ |
       white collar - prof.  |   1.111449   .1287876     0.91   0.362     .8856416    1.394831
white collar - tech. suport  |   1.094503   .1315989     0.75   0.453     .8647125    1.385359
       white collar - other  |   1.518993   .1775329     3.58   0.000     1.208012    1.910031
     blue collar - services  |    .738289   .0872404    -2.57   0.010     .5856573     .930699
  blue collar - agriculture  |   .7099646   .2294457    -1.06   0.289     .3768306    1.337603
     blue collar - artisans  |   .4537867   .0766697    -4.68   0.000     .3258642    .6319268
       blue collar - equip.  |   .6856754   .1158353    -2.23   0.026     .4924022    .9548104
                  unskilled  |   .6261116   .0768306    -3.82   0.000     .4922665    .7963487
                             |
              public_servant |   1.428562   .0973159     5.24   0.000     1.250011    1.632617
                   parent_10 |   .9025289   .0662393    -1.40   0.162     .7816077    1.042158
                     married |   .7857558   .0558299    -3.39   0.001     .6836088     .903166
           married_parent_10 |   1.330985   .1289539     2.95   0.003     1.100788    1.609321
                    divorced |   .9042131   .0789545    -1.15   0.249     .7619828    1.072992
                     widowed |   1.464701   .4421711     1.26   0.206     .8105584    2.646756
                   part_time |   1.308845   .0662986     5.31   0.000     1.185144    1.445457
                        erte |   .2971175   .2659813    -1.36   0.175     .0513958    1.717626
                     college |    1.28978   .0649185     5.06   0.000     1.168617    1.423506
                       _cons |   .1867795   .0398974    -7.85   0.000     .1228871    .2838912
----------------------------------------------------------------------------------------------
Note: _cons estimates baseline odds.

Logistic regression                                     Number of obs = 19,714
                                                        Wald chi2(26) = 928.87
                                                        Prob > chi2   = 0.0000
Log pseudolikelihood = -3882814.1                       Pseudo R2     = 0.0613

----------------------------------------------------------------------------------------------
                             |               Robust
                   permanent | Odds ratio   std. err.      z    P>|z|     [95% conf. interval]
-----------------------------+----------------------------------------------------------------
                         act |
        manufactures, prim.  |   14.21894   2.892858    13.05   0.000     9.543096    21.18581
     extractive and energy.  |   24.35476   5.331511    14.58   0.000     15.85795    37.40424
         manufactures, sec.  |   36.41203   8.360781    15.66   0.000     23.21643    57.10765
               construction  |   8.062781   1.803866     9.33   0.000     5.200531    12.50035
      hospitality and sales  |   12.90454   2.357889    14.00   0.000     9.020136    18.46173
 Transport, storage and IT.  |   16.06907    3.25197    13.72   0.000      10.8076    23.89198
  Financial and prof. serv.  |   14.67485   2.697852    14.61   0.000     10.23499     21.0407
   Education and healthcare  |   9.139442   1.698558    11.91   0.000     6.349281    13.15572
             Other services  |   10.01229   1.851915    12.46   0.000     6.967735    14.38717
                             |
                         occ |
       white collar - prof.  |   .9820473   .1204015    -0.15   0.883     .7722766    1.248797
white collar - tech. suport  |   .9124534    .116261    -0.72   0.472     .7108109    1.171298
       white collar - other  |   1.282074   .1587988     2.01   0.045     1.005732    1.634344
     blue collar - services  |   .6681488   .0822099    -3.28   0.001     .5249769    .8503664
  blue collar - agriculture  |   .5541538   .1530174    -2.14   0.033     .3225446    .9520744
     blue collar - artisans  |   .4166945   .0723335    -5.04   0.000     .2965233    .5855673
       blue collar - equip.  |   .6410531   .1076225    -2.65   0.008      .461308    .8908344
                  unskilled  |   .4985918   .0639903    -5.42   0.000     .3877039    .6411948
                             |
              public_servant |   1.747456   .1208333     8.07   0.000     1.525974    2.001084
                   parent_10 |   .9517114   .0673781    -0.70   0.484     .8284053    1.093371
                     married |   1.189021   .0875832     2.35   0.019     1.029177     1.37369
           married_parent_10 |   .9469501   .0912122    -0.57   0.571     .7840388    1.143712
                    divorced |   1.017745   .0863605     0.21   0.836     .8618081    1.201898
                     widowed |   1.050136   .3747863     0.14   0.891     .5217442    2.113652
                   part_time |   1.233144   .0637284     4.06   0.000     1.114356    1.364594
                        erte |   .9012701   .5258057    -0.18   0.859     .2872497    2.827811
                     college |   1.119479   .0568274     2.22   0.026     1.013461    1.236588
                       _cons |   .1155063   .0251609    -9.91   0.000      .075368    .1770208
----------------------------------------------------------------------------------------------
Note: _cons estimates baseline odds.

Logistic regression                                     Number of obs = 19,256
                                                        Wald chi2(26) = 833.40
                                                        Prob > chi2   = 0.0000
Log pseudolikelihood = -3774610.2                       Pseudo R2     = 0.0637

----------------------------------------------------------------------------------------------
                             |               Robust
                   permanent | Odds ratio   std. err.      z    P>|z|     [95% conf. interval]
-----------------------------+----------------------------------------------------------------
                         act |
        manufactures, prim.  |   10.35631   2.341807    10.34   0.000     6.648568    16.13176
     extractive and energy.  |   18.14578   4.351191    12.09   0.000     11.34136     29.0326
         manufactures, sec.  |    20.8822    5.15594    12.31   0.000     12.87092    33.87997
               construction  |   6.362323   1.575216     7.47   0.000     3.916255    10.33619
      hospitality and sales  |   7.556661    1.53686     9.94   0.000     5.072407     11.2576
 Transport, storage and IT.  |   10.65868   2.366176    10.66   0.000      6.89828    16.46896
  Financial and prof. serv.  |   8.815199   1.821034    10.54   0.000     5.880198    13.21516
   Education and healthcare  |   6.631368      1.376     9.12   0.000       4.4155    9.959242
             Other services  |   7.304036   1.509744     9.62   0.000     4.871016    10.95232
                             |
                         occ |
       white collar - prof.  |   1.109245   .1356601     0.85   0.397     .8728223    1.409707
white collar - tech. suport  |   1.164756   .1485091     1.20   0.232     .9072033    1.495426
       white collar - other  |   1.796928   .2195945     4.80   0.000     1.414195    2.283243
     blue collar - services  |   .9101356   .1118804    -0.77   0.444     .7152704    1.158089
  blue collar - agriculture  |   1.050628   .3352973     0.15   0.877     .5620782    1.963819
     blue collar - artisans  |   .5508531    .098479    -3.34   0.001      .388027    .7820052
       blue collar - equip.  |   .7170658    .123361    -1.93   0.053     .5118254    1.004607
                  unskilled  |    .642582   .0831775    -3.42   0.001     .4985937    .8281526
                             |
              public_servant |   1.910898   .1408837     8.78   0.000     1.653794    2.207972
                   parent_10 |   .8389096   .0595602    -2.47   0.013     .7299317    .9641577
                     married |   1.464709   .1135088     4.92   0.000     1.258307    1.704966
           married_parent_10 |   .8722933    .086334    -1.38   0.167     .7184823    1.059032
                    divorced |   1.076105   .0911365     0.87   0.386     .9115181    1.270409
                     widowed |   .4587582   .1508951    -2.37   0.018      .240772     .874101
                   part_time |   1.455463   .0763195     7.16   0.000     1.313309    1.613003
                        erte |   .4992088   .2698137    -1.29   0.199     .1730703    1.439932
                     college |   1.169952   .0601005     3.06   0.002     1.057893    1.293881
                       _cons |   .1335941   .0312912    -8.59   0.000     .0844139     .211427
----------------------------------------------------------------------------------------------
Note: _cons estimates baseline odds.

Logistic regression                                     Number of obs = 18,796
                                                        Wald chi2(26) = 792.81
                                                        Prob > chi2   = 0.0000
Log pseudolikelihood = -3755625.7                       Pseudo R2     = 0.0571

----------------------------------------------------------------------------------------------
                             |               Robust
                   permanent | Odds ratio   std. err.      z    P>|z|     [95% conf. interval]
-----------------------------+----------------------------------------------------------------
                         act |
        manufactures, prim.  |   9.540002   2.105838    10.22   0.000     6.189509    14.70418
     extractive and energy.  |   17.18215   4.007702    12.19   0.000     10.87768    27.14054
         manufactures, sec.  |   15.69788   3.950008    10.94   0.000     9.586409    25.70551
               construction  |   5.240998   1.325706     6.55   0.000     3.192297    8.604483
      hospitality and sales  |   7.584061   1.505282    10.21   0.000     5.139912    11.19046
 Transport, storage and IT.  |   9.705765   2.143948    10.29   0.000     6.295123    14.96426
  Financial and prof. serv.  |   8.328967   1.680096    10.51   0.000     5.609048    12.36782
   Education and healthcare  |   7.743866   1.564996    10.13   0.000     5.211159    11.50751
             Other services  |   8.426141   1.697133    10.58   0.000     5.677874    12.50465
                             |
                         occ |
       white collar - prof.  |   1.266075   .1629313     1.83   0.067     .9838256    1.629298
white collar - tech. suport  |   1.982418   .2674097     5.07   0.000     1.521865    2.582346
       white collar - other  |   2.148096   .2750087     5.97   0.000     1.671395    2.760758
     blue collar - services  |   1.094436   .1392155     0.71   0.478     .8529336    1.404319
  blue collar - agriculture  |   .4248839   .1766569    -2.06   0.040     .1880876    .9597989
     blue collar - artisans  |   .5262754   .0987769    -3.42   0.001     .3642927    .7602835
       blue collar - equip.  |   1.344013   .2371145     1.68   0.094     .9511127    1.899218
                  unskilled  |   .8192096   .1104369    -1.48   0.139     .6289922    1.066952
                             |
              public_servant |   1.520432    .106611     5.98   0.000     1.325201    1.744425
                   parent_10 |   1.154344   .0752182     2.20   0.028     1.015944    1.311596
                     married |   1.279234   .1086768     2.90   0.004      1.08302    1.510997
           married_parent_10 |    .767311   .0781839    -2.60   0.009     .6284051    .9369215
                    divorced |   .9162614   .0734922    -1.09   0.276     .7829708    1.072243
                     widowed |   .9783126   .3972184    -0.05   0.957     .4414377    2.168133
                   part_time |   1.422598   .0714949     7.01   0.000      1.28915    1.569859
                        erte |   10.19494    11.0937     2.13   0.033     1.208214     86.0252
                     college |   1.083135   .0554787     1.56   0.119     .9796786    1.197516
                       _cons |   .1099941   .0260116    -9.33   0.000     .0691951    .1748491
----------------------------------------------------------------------------------------------
Note: _cons estimates baseline odds.
note: erte != 0 predicts success perfectly;
      erte omitted and 1 obs not used.


Logistic regression                                     Number of obs = 17,732
                                                        Wald chi2(25) = 682.10
                                                        Prob > chi2   = 0.0000
Log pseudolikelihood = -3799635                         Pseudo R2     = 0.0490

----------------------------------------------------------------------------------------------
                             |               Robust
                   permanent | Odds ratio   std. err.      z    P>|z|     [95% conf. interval]
-----------------------------+----------------------------------------------------------------
                         act |
        manufactures, prim.  |   8.507857   1.790807    10.17   0.000     5.631862    12.85252
     extractive and energy.  |   18.02927    4.09982    12.72   0.000     11.54561    28.15397
         manufactures, sec.  |   6.513847    1.54177     7.92   0.000     4.096053     10.3588
               construction  |   5.305173   1.392495     6.36   0.000     3.171591     8.87405
      hospitality and sales  |   5.528236   1.049259     9.01   0.000     3.810909     8.01945
 Transport, storage and IT.  |   8.285388   1.758704     9.96   0.000     5.465526    12.56012
  Financial and prof. serv.  |   6.798233   1.317358     9.89   0.000     4.649975    9.938971
   Education and healthcare  |   5.318531    1.03078     8.62   0.000     3.637651    7.776108
             Other services  |   6.929054   1.337399    10.03   0.000      4.74658    10.11503
                             |
                         occ |
       white collar - prof.  |   1.284537   .1906563     1.69   0.092      .960302    1.718247
white collar - tech. suport  |   1.650753   .2597484     3.19   0.001     1.212674    2.247087
       white collar - other  |   1.532542   .2302302     2.84   0.004     1.141664    2.057247
     blue collar - services  |    .791955   .1172944    -1.57   0.115     .5924221    1.058692
  blue collar - agriculture  |   .4133224   .1739359    -2.10   0.036     .1811687    .9429632
     blue collar - artisans  |   .5046967   .1042421    -3.31   0.001     .3366819     .756556
       blue collar - equip.  |   .7035824   .1377616    -1.80   0.073     .4793464    1.032715
                  unskilled  |   .5741266   .0890661    -3.58   0.000      .423602    .7781394
                             |
              public_servant |   1.227355   .0872909     2.88   0.004     1.067657     1.41094
                   parent_10 |   .9424713   .0624692    -0.89   0.371     .8276534    1.073217
                     married |    .994558   .0834987    -0.06   0.948      .843659    1.172447
           married_parent_10 |   1.130887   .1152561     1.21   0.227      .926121    1.380927
                    divorced |    .991349    .083122    -0.10   0.917     .8411153    1.168416
                     widowed |   1.121789   .4106601     0.31   0.754     .5474025    2.298877
                   part_time |   1.306652   .0663582     5.27   0.000     1.182856    1.443405
                        erte |          1  (omitted)
                     college |   .9637339   .0518478    -0.69   0.492     .8672882    1.070905
                       _cons |   .2132139   .0519862    -6.34   0.000     .1322129    .3438407
----------------------------------------------------------------------------------------------
Note: _cons estimates baseline odds.
note: erte omitted because of collinearity.

Logistic regression                                     Number of obs = 17,559
                                                        Wald chi2(25) = 728.24
                                                        Prob > chi2   = 0.0000
Log pseudolikelihood = -3808173.7                       Pseudo R2     = 0.0456

----------------------------------------------------------------------------------------------
                             |               Robust
                   permanent | Odds ratio   std. err.      z    P>|z|     [95% conf. interval]
-----------------------------+----------------------------------------------------------------
                         act |
        manufactures, prim.  |   10.95218   2.066869    12.68   0.000     7.565956    15.85394
     extractive and energy.  |   17.11995   3.643199    13.35   0.000      11.2814    25.98016
         manufactures, sec.  |   9.365918   2.025121    10.35   0.000     6.130579    14.30867
               construction  |   7.751778   1.867371     8.50   0.000     4.834487    12.42946
      hospitality and sales  |   6.471495   1.082634    11.16   0.000     4.662349    8.982649
 Transport, storage and IT.  |   8.895364   1.672997    11.62   0.000     6.152815    12.86037
  Financial and prof. serv.  |   7.604184    1.29659    11.90   0.000     5.443951    10.62163
   Education and healthcare  |   5.423875   .9327889     9.83   0.000     3.871876    7.597975
             Other services  |   7.672884   1.296856    12.06   0.000     5.509221    10.68629
                             |
                         occ |
       white collar - prof.  |   1.212543   .1567959     1.49   0.136     .9410806    1.562311
white collar - tech. suport  |   1.740662   .2391589     4.03   0.000      1.32973    2.278587
       white collar - other  |   1.624381   .2129987     3.70   0.000     1.256241    2.100403
     blue collar - services  |   1.040012   .1356619     0.30   0.764     .8053884    1.342986
  blue collar - agriculture  |   .3406997   .1455179    -2.52   0.012     .1475065    .7869234
     blue collar - artisans  |   .5976083   .1160672    -2.65   0.008     .4084103    .8744531
       blue collar - equip.  |   .8861896   .1709707    -0.63   0.531     .6071641    1.293443
                  unskilled  |   .7728087   .1059392    -1.88   0.060     .5907264    1.011015
                             |
              public_servant |   1.375476   .0956789     4.58   0.000      1.20017    1.576388
                   parent_10 |   .9636667   .0614291    -0.58   0.562     .8504855     1.09191
                     married |   1.034083   .0796934     0.43   0.664     .8891108    1.202692
           married_parent_10 |   1.131884   .1083374     1.29   0.196     .9382741    1.365444
                    divorced |   .8742916   .0702745    -1.67   0.095     .7468574    1.023469
                     widowed |   .8848831   .2605483    -0.42   0.678     .4968839    1.575857
                   part_time |   1.162419    .058951     2.97   0.003     1.052434    1.283899
                        erte |          1  (omitted)
                     college |   1.217354   .0637985     3.75   0.000     1.098519    1.349045
                       _cons |   .1458611   .0316177    -8.88   0.000     .0953736     .223075
----------------------------------------------------------------------------------------------
Note: _cons estimates baseline odds.
note: erte != 0 predicts failure perfectly;
      erte omitted and 2 obs not used.


Logistic regression                                     Number of obs = 17,267
                                                        Wald chi2(25) = 630.00
                                                        Prob > chi2   = 0.0000
Log pseudolikelihood = -3714191.9                       Pseudo R2     = 0.0485

----------------------------------------------------------------------------------------------
                             |               Robust
                   permanent | Odds ratio   std. err.      z    P>|z|     [95% conf. interval]
-----------------------------+----------------------------------------------------------------
                         act |
        manufactures, prim.  |   7.751174   1.656761     9.58   0.000     5.098341    11.78436
     extractive and energy.  |   11.50023   2.782614    10.09   0.000     7.157289    18.47841
         manufactures, sec.  |   8.717385   2.064133     9.14   0.000     5.480697    13.86554
               construction  |   3.639748    .903631     5.20   0.000     2.237411    5.921026
      hospitality and sales  |   4.957088    .955811     8.30   0.000     3.397038    7.233571
 Transport, storage and IT.  |   7.183137    1.52664     9.28   0.000     4.735952    10.89484
  Financial and prof. serv.  |   5.774325    1.12377     9.01   0.000     3.943162     8.45586
   Education and healthcare  |   4.392373   .8608364     7.55   0.000     2.991417    6.449431
             Other services  |   6.530879   1.281544     9.56   0.000     4.445716     9.59404
                             |
                         occ |
       white collar - prof.  |   1.145754   .1537056     1.01   0.310     .8808475    1.490329
white collar - tech. suport  |   1.501466   .2145971     2.84   0.004     1.134639    1.986889
       white collar - other  |   1.683383   .2272722     3.86   0.000     1.292001    2.193325
     blue collar - services  |   .9152974   .1233407    -0.66   0.511     .7028438    1.191971
  blue collar - agriculture  |    .762508   .2484114    -0.83   0.405     .4026598    1.443945
     blue collar - artisans  |   .2967018   .0575905    -6.26   0.000     .2028149    .4340505
       blue collar - equip.  |   .6028873    .112614    -2.71   0.007     .4180605    .8694269
                  unskilled  |   .6550867   .0918313    -3.02   0.003     .4977093    .8622275
                             |
              public_servant |   1.253786   .0870114     3.26   0.001     1.094337    1.436468
                   parent_10 |   1.142587   .0719067     2.12   0.034     1.009998    1.292582
                     married |   1.082923   .0836616     1.03   0.302     .9307599    1.259962
           married_parent_10 |    .927551   .0882211    -0.79   0.429      .769801    1.117628
                    divorced |   .9066285   .0765369    -1.16   0.246     .7683721    1.069762
                     widowed |   1.126404   .3321026     0.40   0.686       .63202     2.00751
                   part_time |   1.103631   .0549921     1.98   0.048     1.000944    1.216852
                        erte |          1  (omitted)
                     college |   1.190846   .0624887     3.33   0.001     1.074458    1.319841
                       _cons |   .2071542   .0478531    -6.82   0.000     .1317239    .3257791
----------------------------------------------------------------------------------------------
Note: _cons estimates baseline odds.

Logistic regression                                     Number of obs = 16,831
                                                        Wald chi2(26) = 754.85
                                                        Prob > chi2   = 0.0000
Log pseudolikelihood = -3563063.8                       Pseudo R2     = 0.0610

----------------------------------------------------------------------------------------------
                             |               Robust
                   permanent | Odds ratio   std. err.      z    P>|z|     [95% conf. interval]
-----------------------------+----------------------------------------------------------------
                         act |
        manufactures, prim.  |   10.02336   2.330508     9.91   0.000     6.354806    15.80972
     extractive and energy.  |   15.87957   3.866851    11.35   0.000     9.852843    25.59267
         manufactures, sec.  |   14.04998   3.481064    10.67   0.000     8.645287    22.83347
               construction  |   9.029747   2.371871     8.38   0.000     5.396198    15.10996
      hospitality and sales  |   7.677602   1.624702     9.63   0.000      5.07105    11.62394
 Transport, storage and IT.  |   12.96419   3.025256    10.98   0.000     8.205662    20.48224
  Financial and prof. serv.  |   10.15763   2.169154    10.86   0.000     6.683733    15.43711
   Education and healthcare  |   7.791372   1.675074     9.55   0.000     5.112265    11.87448
             Other services  |   9.047023   1.942217    10.26   0.000     5.939769    13.77977
                             |
                         occ |
       white collar - prof.  |   1.369288    .177428     2.43   0.015     1.062181    1.765187
white collar - tech. suport  |   1.223431   .1687692     1.46   0.144     .9335948    1.603247
       white collar - other  |   1.888707   .2484228     4.83   0.000     1.459505    2.444126
     blue collar - services  |   1.009854   .1330859     0.07   0.941     .7799762    1.307483
  blue collar - agriculture  |   .7202996   .2615935    -0.90   0.366      .353492    1.467732
     blue collar - artisans  |   .3649042   .0661652    -5.56   0.000     .2557627    .5206196
       blue collar - equip.  |   .6496045     .11659    -2.40   0.016     .4569584    .9234669
                  unskilled  |   .6212326   .0855559    -3.46   0.001     .4742716    .8137321
                             |
              public_servant |    .840397   .0584525    -2.50   0.012      .733298    .9631381
                   parent_10 |   1.186269   .0731936     2.77   0.006     1.051147    1.338761
                     married |   1.276567   .0987598     3.16   0.002     1.096962    1.485578
           married_parent_10 |   .8807403   .0831082    -1.35   0.178     .7320267    1.059665
                    divorced |   1.149996   .0960928     1.67   0.094     .9762718    1.354635
                     widowed |    .868849   .3251388    -0.38   0.707     .4172626    1.809169
                   part_time |    1.17043   .0581567     3.17   0.002     1.061819     1.29015
                        erte |   1.653971   2.465463     0.34   0.736     .0890635    30.71541
                     college |    1.22639   .0658623     3.80   0.000     1.103864    1.362517
                       _cons |   .1086115   .0267241    -9.02   0.000     .0670556    .1759203
----------------------------------------------------------------------------------------------
Note: _cons estimates baseline odds.
note: erte != 0 predicts success perfectly;
      erte omitted and 2 obs not used.


Logistic regression                                     Number of obs = 16,570
                                                        Wald chi2(25) = 795.49
                                                        Prob > chi2   = 0.0000
Log pseudolikelihood = -3510208.1                       Pseudo R2     = 0.0612

----------------------------------------------------------------------------------------------
                             |               Robust
                   permanent | Odds ratio   std. err.      z    P>|z|     [95% conf. interval]
-----------------------------+----------------------------------------------------------------
                         act |
        manufactures, prim.  |   9.106955   1.831604    10.98   0.000      6.14014    13.50729
     extractive and energy.  |   12.45619   2.726486    11.52   0.000       8.1109     19.1294
         manufactures, sec.  |   7.736446   1.707724     9.27   0.000     5.019372    11.92432
               construction  |   4.840926   1.160268     6.58   0.000     3.026309    7.743611
      hospitality and sales  |   4.498927   .7869968     8.60   0.000     3.193069    6.338836
 Transport, storage and IT.  |   5.974203   1.202686     8.88   0.000     4.026446    8.864172
  Financial and prof. serv.  |   5.323033   .9492897     9.38   0.000     3.752832    7.550214
   Education and healthcare  |   3.720601   .6659441     7.34   0.000     2.619738    5.284066
             Other services  |   4.109276   .7450423     7.79   0.000      2.88029    5.862657
                             |
                         occ |
       white collar - prof.  |   .7568215   .1005441    -2.10   0.036     .5833254    .9819198
white collar - tech. suport  |   .7337008   .1045188    -2.17   0.030       .55496    .9700101
       white collar - other  |   .9958744   .1356059    -0.03   0.976     .7626028    1.300501
     blue collar - services  |   .5172824   .0704971    -4.84   0.000     .3960253    .6756668
  blue collar - agriculture  |   .1242863   .0533947    -4.85   0.000     .0535474    .2884753
     blue collar - artisans  |   .2527426   .0495705    -7.01   0.000     .1720807    .3712144
       blue collar - equip.  |   .3756894   .0692225    -5.31   0.000      .261813    .5390968
                  unskilled  |   .2894414   .0416196    -8.62   0.000     .2183554    .3836696
                             |
              public_servant |    .820927   .0573726    -2.82   0.005     .7158402    .9414407
                   parent_10 |    .994916   .0618144    -0.08   0.935      .880848    1.123755
                     married |   1.139546   .0913547     1.63   0.103     .9738526    1.333432
           married_parent_10 |   1.015715    .098619     0.16   0.872     .8397035     1.22862
                    divorced |   .9142454   .0832802    -0.98   0.325     .7647604     1.09295
                     widowed |   .5188923    .271328    -1.25   0.210     .1862024    1.446003
                   part_time |   1.362929   .0699047     6.04   0.000      1.23258    1.507063
                        erte |          1  (omitted)
                     college |   1.138184   .0637791     2.31   0.021     1.019799    1.270312
                       _cons |   .4310771   .0948706    -3.82   0.000     .2800427    .6635683
----------------------------------------------------------------------------------------------
Note: _cons estimates baseline odds.

Logistic regression                                     Number of obs = 14,666
                                                        Wald chi2(26) = 675.01
                                                        Prob > chi2   = 0.0000
Log pseudolikelihood = -3419486.5                       Pseudo R2     = 0.0597

----------------------------------------------------------------------------------------------
                             |               Robust
                   permanent | Odds ratio   std. err.      z    P>|z|     [95% conf. interval]
-----------------------------+----------------------------------------------------------------
                         act |
        manufactures, prim.  |   5.190045   1.070997     7.98   0.000     3.463542    7.777173
     extractive and energy.  |   11.10583   2.526015    10.58   0.000     7.111246    17.34428
         manufactures, sec.  |   7.936667   1.785392     9.21   0.000     5.106886    12.33446
               construction  |   5.935162   1.722203     6.14   0.000     3.360778    10.48155
      hospitality and sales  |   4.228835    .776334     7.85   0.000     2.950912    6.060176
 Transport, storage and IT.  |   5.927904   1.235119     8.54   0.000     3.940466    8.917738
  Financial and prof. serv.  |   4.400198   .8185114     7.97   0.000     3.055866    6.335926
   Education and healthcare  |    3.56229   .6712925     6.74   0.000     2.462211    5.153866
             Other services  |   3.449691   .6555808     6.52   0.000     2.376936      5.0066
                             |
                         occ |
       white collar - prof.  |   .7682431   .1091662    -1.86   0.064     .5814926     1.01497
white collar - tech. suport  |   .9507701   .1429756    -0.34   0.737     .7080646    1.276669
       white collar - other  |   1.105085   .1604969     0.69   0.491     .8313263    1.468993
     blue collar - services  |    .520847   .0761896    -4.46   0.000     .3910175    .6937838
  blue collar - agriculture  |   .1239836   .0511834    -5.06   0.000     .0552036    .2784588
     blue collar - artisans  |   .3333354   .0705193    -5.19   0.000     .2201933    .5046135
       blue collar - equip.  |   .5007651    .100258    -3.45   0.001     .3382325    .7414004
                  unskilled  |   .3184264   .0487067    -7.48   0.000     .2359439    .4297435
                             |
              public_servant |   .9532324    .070899    -0.64   0.520     .8239267    1.102831
                   parent_10 |   1.020047    .068984     0.29   0.769      .893418    1.164623
                     married |   .8850292   .0796277    -1.36   0.175      .741948    1.055703
           married_parent_10 |   1.136151   .1234225     1.18   0.240     .9182652    1.405736
                    divorced |   .8364384   .0858302    -1.74   0.082     .6840516    1.022773
                     widowed |   .3977362   .2408873    -1.52   0.128      .121358    1.303532
                   part_time |   1.611346   .0936161     8.21   0.000     1.437923    1.805685
                        erte |   1.211198   .1382536     1.68   0.093     .9683982    1.514875
                     college |   .9709505   .0595661    -0.48   0.631     .8609488    1.095007
                       _cons |   .4387103   .1003985    -3.60   0.000     .2801438    .6870283
----------------------------------------------------------------------------------------------
Note: _cons estimates baseline odds.

Logistic regression                                     Number of obs = 12,548
                                                        Wald chi2(26) = 647.75
                                                        Prob > chi2   = 0.0000
Log pseudolikelihood = -3172393.2                       Pseudo R2     = 0.0682

----------------------------------------------------------------------------------------------
                             |               Robust
                   permanent | Odds ratio   std. err.      z    P>|z|     [95% conf. interval]
-----------------------------+----------------------------------------------------------------
                         act |
        manufactures, prim.  |    7.57252   1.664902     9.21   0.000     4.921465    11.65162
     extractive and energy.  |   15.91387   3.930799    11.20   0.000      9.80675    25.82418
         manufactures, sec.  |   15.11078   3.887845    10.55   0.000     9.126022    25.02028
               construction  |   8.526415   2.509637     7.28   0.000     4.788799    15.18121
      hospitality and sales  |   6.697137   1.253022    10.16   0.000     4.641207    9.663788
 Transport, storage and IT.  |   8.514039   1.855931     9.83   0.000     5.553753    13.05223
  Financial and prof. serv.  |   6.665146   1.257425    10.05   0.000     4.604948    9.647051
   Education and healthcare  |   5.020025   .9645953     8.40   0.000     3.444672    7.315834
             Other services  |   5.806595   1.125083     9.08   0.000     3.971853     8.48887
                             |
                         occ |
       white collar - prof.  |   1.193518   .1973651     1.07   0.285     .8631188    1.650392
white collar - tech. suport  |    1.67973   .2950805     2.95   0.003      1.19044    2.370124
       white collar - other  |    2.14204   .3676541     4.44   0.000     1.530134    2.998648
     blue collar - services  |   .8663138   .1463104    -0.85   0.395     .6221814    1.206239
  blue collar - agriculture  |   .2811931   .1311233    -2.72   0.007     .1127407    .7013403
     blue collar - artisans  |   .7054059   .1686407    -1.46   0.144     .4415127    1.127029
       blue collar - equip.  |   .9656912   .2228955    -0.15   0.880     .6142832    1.518126
                  unskilled  |   .5809274   .1032366    -3.06   0.002      .410067    .8229792
                             |
              public_servant |   .6535432   .0548032    -5.07   0.000     .5544933    .7702864
                   parent_10 |   .8929848   .0662444    -1.53   0.127     .7721458    1.032735
                     married |    .982457    .101142    -0.17   0.864     .8029417    1.202107
           married_parent_10 |   1.216714   .1490819     1.60   0.109     .9569561     1.54698
                    divorced |   1.106265   .1228914     0.91   0.363     .8898199     1.37536
                     widowed |   1.053295   .4301115     0.13   0.899     .4731112    2.344968
                   part_time |   1.162635    .073374     2.39   0.017     1.027364    1.315718
                        erte |   .5766406   .1230547    -2.58   0.010     .3795416    .8760947
                     college |   1.138689   .0782865     1.89   0.059     .9951392    1.302946
                       _cons |   .1957985   .0477694    -6.68   0.000      .121378    .3158484
----------------------------------------------------------------------------------------------
Note: _cons estimates baseline odds.

Logistic regression                                     Number of obs = 11,713
                                                        Wald chi2(26) = 459.61
                                                        Prob > chi2   = 0.0000
Log pseudolikelihood = -3118953.3                       Pseudo R2     = 0.0556

----------------------------------------------------------------------------------------------
                             |               Robust
                   permanent | Odds ratio   std. err.      z    P>|z|     [95% conf. interval]
-----------------------------+----------------------------------------------------------------
                         act |
        manufactures, prim.  |   4.229005   .9560824     6.38   0.000     2.715193    6.586817
     extractive and energy.  |   7.771533   2.016806     7.90   0.000      4.67315     12.9242
         manufactures, sec.  |   8.141254   2.123429     8.04   0.000     4.882903     13.5739
               construction  |   6.481639   1.917047     6.32   0.000     3.630183    11.57287
      hospitality and sales  |   3.312631    .630048     6.30   0.000     2.281804    4.809145
 Transport, storage and IT.  |   5.743224   1.276177     7.87   0.000     3.715471    8.877642
  Financial and prof. serv.  |   3.349877   .6532267     6.20   0.000     2.285832    4.909229
   Education and healthcare  |   2.742288   .5362455     5.16   0.000     1.869232    4.023117
             Other services  |   2.409567   .4819207     4.40   0.000     1.628156    3.566004
                             |
                         occ |
       white collar - prof.  |   .7192879   .1139833    -2.08   0.038     .5272488    .9812732
white collar - tech. suport  |   .9829721   .1682536    -0.10   0.920     .7028174    1.374801
       white collar - other  |   1.278524   .2131254     1.47   0.140     .9221818    1.772561
     blue collar - services  |   .6898716   .1130196    -2.27   0.023     .5004014    .9510821
  blue collar - agriculture  |   .3835628   .2099893    -1.75   0.080     .1311683    1.121616
     blue collar - artisans  |   .3367046     .08034    -4.56   0.000     .2109341    .5374666
       blue collar - equip.  |   .6050388   .1379076    -2.20   0.027     .3870502    .9457995
                  unskilled  |    .404363   .0701553    -5.22   0.000     .2878004    .5681347
                             |
              public_servant |    .772605   .0649247    -3.07   0.002     .6552816    .9109342
                   parent_10 |   .9033839   .0671375    -1.37   0.172     .7809315    1.045037
                     married |   1.258806   .1363892     2.12   0.034     1.017965    1.556628
           married_parent_10 |   .7578225   .0969708    -2.17   0.030     .5897228    .9738386
                    divorced |   1.291011   .1446689     2.28   0.023     1.036443    1.608105
                     widowed |   1.635407    .881314     0.91   0.361     .5687443    4.702565
                   part_time |   1.658451   .1154423     7.27   0.000     1.446944    1.900874
                        erte |   .4872458   .3839758    -0.91   0.362     .1039814    2.283182
                     college |   1.107002   .0781678     1.44   0.150     .9639251    1.271316
                       _cons |   .6084835   .1506698    -2.01   0.045     .3745229    .9885971
----------------------------------------------------------------------------------------------
Note: _cons estimates baseline odds.
