note: widowed != 0 predicts failure perfectly;
      widowed omitted and 15 obs not used.

note: erte != 0 predicts failure perfectly;
      erte omitted and 2 obs not used.


Logistic regression                                    Number of obs =  23,874
                                                       Wald chi2(24) = 1648.15
                                                       Prob > chi2   =  0.0000
Log pseudolikelihood = -5675266.6                      Pseudo R2     =  0.0972

----------------------------------------------------------------------------------------------
                             |               Robust
                   permanent | Odds ratio   std. err.      z    P>|z|     [95% conf. interval]
-----------------------------+----------------------------------------------------------------
                         act |
        manufactures, prim.  |   6.590854   .9369479    13.26   0.000     4.988108    8.708582
     extractive and energy.  |   5.603991   .7468656    12.93   0.000     4.315733    7.276799
         manufactures, sec.  |   7.186408   1.006974    14.07   0.000     5.460593    9.457665
               construction  |   1.902384   .2452932     4.99   0.000     1.477557    2.449356
      hospitality and sales  |   3.574991   .4492029    10.14   0.000     2.794604      4.5733
 Transport, storage and IT.  |   3.593277   .4932013     9.32   0.000     2.745729    4.702446
  Financial and prof. serv.  |   4.477749   .5930411    11.32   0.000     3.454022    5.804895
   Education and healthcare  |   2.437119   .3628782     5.98   0.000      1.82027    3.263003
             Other services  |   2.478489   .3589412     6.27   0.000     1.866009    3.292003
                             |
                         occ |
       white collar - prof.  |   2.785069   .2531524    11.27   0.000     2.330585    3.328181
white collar - tech. suport  |   3.380877    .293266    14.04   0.000     2.852292    4.007419
       white collar - other  |   3.588943   .3895025    11.77   0.000     2.901262    4.439623
     blue collar - services  |   4.035151   .3645273    15.44   0.000     3.380368    4.816766
  blue collar - agriculture  |   2.453855   .4761504     4.63   0.000     1.677568    3.589365
     blue collar - artisans  |   2.291516    .189057    10.05   0.000     1.949379    2.693702
       blue collar - equip.  |   2.786628   .2428435    11.76   0.000     2.349093    3.305657
                  unskilled  |   1.670119   .1524086     5.62   0.000     1.396594    1.997215
                             |
              public_servant |   2.458238   .2405652     9.19   0.000     2.029199     2.97799
                   parent_10 |   1.060963    .096891     0.65   0.517     .8870856    1.268923
                     married |   1.460239   .0811093     6.82   0.000     1.309615    1.628186
           married_parent_10 |   .9532954   .1029578    -0.44   0.658     .7714292    1.178037
                    divorced |   1.122308   .1281871     1.01   0.312     .8972019    1.403893
                     widowed |          1  (omitted)
                   part_time |   .2919008    .034388   -10.45   0.000     .2317168    .3677165
                        erte |          1  (omitted)
                     college |    1.46324   .0692936     8.04   0.000      1.33354    1.605556
                       _cons |   .0917591   .0130511   -16.79   0.000     .0694355    .1212599
----------------------------------------------------------------------------------------------
Note: _cons estimates baseline odds.
note: widowed != 0 predicts failure perfectly;
      widowed omitted and 4 obs not used.

note: erte != 0 predicts success perfectly;
      erte omitted and 1 obs not used.


Logistic regression                                    Number of obs =  20,014
                                                       Wald chi2(24) = 1455.28
                                                       Prob > chi2   =  0.0000
Log pseudolikelihood = -4733901.1                      Pseudo R2     =  0.0930

----------------------------------------------------------------------------------------------
                             |               Robust
                   permanent | Odds ratio   std. err.      z    P>|z|     [95% conf. interval]
-----------------------------+----------------------------------------------------------------
                         act |
        manufactures, prim.  |   5.458336   .8752273    10.58   0.000     3.986325    7.473909
     extractive and energy.  |    5.24694   .7876029    11.04   0.000     3.909622      7.0417
         manufactures, sec.  |   5.168152   .8022837    10.58   0.000     3.812397    7.006038
               construction  |   1.536245   .2223665     2.97   0.003     1.156783    2.040183
      hospitality and sales  |   3.450816   .4932972     8.66   0.000     2.607604    4.566693
 Transport, storage and IT.  |   3.486078   .5373002     8.10   0.000     2.577174    4.715531
  Financial and prof. serv.  |   3.623605   .5437569     8.58   0.000     2.700286    4.862637
   Education and healthcare  |   2.300781   .3721375     5.15   0.000     1.675708    3.159017
             Other services  |   2.230126   .3777848     4.73   0.000     1.600056    3.108304
                             |
                         occ |
       white collar - prof.  |   2.978595    .300708    10.81   0.000     2.443865    3.630326
white collar - tech. suport  |   3.814152   .3576426    14.28   0.000     3.173826    4.583665
       white collar - other  |   5.038603    .553294    14.73   0.000     4.062926    6.248582
     blue collar - services  |   4.186463   .4011329    14.94   0.000     3.469668    5.051339
  blue collar - agriculture  |   2.554939   .5180371     4.63   0.000     1.717084    3.801626
     blue collar - artisans  |   2.614045   .2293433    10.95   0.000     2.201065    3.104512
       blue collar - equip.  |   3.301986    .305398    12.92   0.000     2.754535    3.958241
                  unskilled  |   1.916346   .1847965     6.74   0.000     1.586321     2.31503
                             |
              public_servant |   1.871123   .1919084     6.11   0.000     1.530384    2.287728
                   parent_10 |    1.18543    .122417     1.65   0.100     .9682201    1.451369
                     married |   1.344126   .0745622     5.33   0.000      1.20565    1.498505
           married_parent_10 |   .8795712   .1037849    -1.09   0.277      .697965     1.10843
                    divorced |   1.206708   .1444623     1.57   0.117     .9543326    1.525825
                     widowed |          1  (omitted)
                   part_time |   .3199949   .0411062    -8.87   0.000     .2487704    .4116115
                        erte |          1  (omitted)
                     college |   1.519531   .0728434     8.73   0.000     1.383262    1.669223
                       _cons |   .0898681   .0142603   -15.18   0.000     .0658471    .1226519
----------------------------------------------------------------------------------------------
Note: _cons estimates baseline odds.
note: erte omitted because of collinearity.

Logistic regression                                    Number of obs =  21,260
                                                       Wald chi2(25) = 1970.76
                                                       Prob > chi2   =  0.0000
Log pseudolikelihood = -4814852.1                      Pseudo R2     =  0.1069

----------------------------------------------------------------------------------------------
                             |               Robust
                   permanent | Odds ratio   std. err.      z    P>|z|     [95% conf. interval]
-----------------------------+----------------------------------------------------------------
                         act |
        manufactures, prim.  |   4.125554   .6720195     8.70   0.000     2.997978    5.677225
     extractive and energy.  |   5.140317   .7967511    10.56   0.000     3.793616    6.965086
         manufactures, sec.  |   5.807331    .906271    11.27   0.000     4.277019    7.885188
               construction  |    1.17277   .1715212     1.09   0.276     .8804847    1.562081
      hospitality and sales  |   2.787581   .4022942     7.10   0.000     2.100801    3.698878
 Transport, storage and IT.  |   3.059466   .4856488     7.04   0.000     2.241449    4.176018
  Financial and prof. serv.  |   3.176248   .4742329     7.74   0.000     2.370418    4.256022
   Education and healthcare  |   1.630843   .2759991     2.89   0.004     1.170462    2.272307
             Other services  |   1.590474   .2596661     2.84   0.004     1.154932    2.190264
                             |
                         occ |
       white collar - prof.  |   3.137833   .3179067    11.29   0.000     2.572712    3.827089
white collar - tech. suport  |   4.669695    .434933    16.55   0.000     3.890524    5.604915
       white collar - other  |   5.320509   .5749541    15.47   0.000      4.30496    6.575627
     blue collar - services  |   4.740919   .4567277    16.15   0.000     3.925184    5.726181
  blue collar - agriculture  |   2.555412   .4656328     5.15   0.000     1.787968    3.652263
     blue collar - artisans  |   2.874347   .2498077    12.15   0.000     2.424163    3.408133
       blue collar - equip.  |   3.979907   .3691731    14.89   0.000     3.318303     4.77342
                  unskilled  |   1.966704   .1863301     7.14   0.000     1.633406    2.368011
                             |
              public_servant |   2.318026   .2492199     7.82   0.000     1.877597    2.861767
                   parent_10 |    .973671   .0896939    -0.29   0.772     .8128307    1.166338
                     married |   1.287458   .0683424     4.76   0.000     1.160242    1.428623
           married_parent_10 |   1.181182    .127595     1.54   0.123     .9558009    1.459709
                    divorced |   1.088477   .1212907     0.76   0.447       .87492    1.354159
                     widowed |   .8974881   .7508871    -0.13   0.897     .1741275    4.625833
                   part_time |   .4689069   .0552494    -6.43   0.000     .3722143     .590718
                        erte |          1  (omitted)
                     college |   1.478561    .068187     8.48   0.000     1.350779    1.618431
                       _cons |   .1005248   .0160531   -14.39   0.000     .0735093    .1374688
----------------------------------------------------------------------------------------------
Note: _cons estimates baseline odds.
note: erte != 0 predicts failure perfectly;
      erte omitted and 2 obs not used.


Logistic regression                                    Number of obs =  21,082
                                                       Wald chi2(25) = 1924.47
                                                       Prob > chi2   =  0.0000
Log pseudolikelihood = -4899161.6                      Pseudo R2     =  0.1147

----------------------------------------------------------------------------------------------
                             |               Robust
                   permanent | Odds ratio   std. err.      z    P>|z|     [95% conf. interval]
-----------------------------+----------------------------------------------------------------
                         act |
        manufactures, prim.  |   7.503337    1.22715    12.32   0.000     5.445562    10.33871
     extractive and energy.  |    8.92283   1.367477    14.28   0.000     6.607709    12.04909
         manufactures, sec.  |   7.281824   1.149618    12.58   0.000      5.34388    9.922558
               construction  |   1.967445   .2865582     4.65   0.000     1.478854     2.61746
      hospitality and sales  |   4.642954   .6749919    10.56   0.000      3.49178    6.173649
 Transport, storage and IT.  |   4.965118   .7600627    10.47   0.000     3.678131    6.702424
  Financial and prof. serv.  |   4.506172   .6627838    10.24   0.000     3.377614    6.011814
   Education and healthcare  |   3.257333   .5514171     6.98   0.000     2.337581    4.538974
             Other services  |   3.043963   .5488507     6.17   0.000      2.13777    4.334288
                             |
                         occ |
       white collar - prof.  |   3.111244   .3063506    11.53   0.000     2.565193    3.773533
white collar - tech. suport  |   4.067288   .3773084    15.12   0.000      3.39111    4.878294
       white collar - other  |   7.130118   .8298525    16.88   0.000     5.675812    8.957059
     blue collar - services  |   4.116883   .3961858    14.70   0.000     3.409209    4.971454
  blue collar - agriculture  |   2.715557   .4826898     5.62   0.000     1.916717    3.847333
     blue collar - artisans  |   2.399769   .2075446    10.12   0.000     2.025597    2.843058
       blue collar - equip.  |   3.315412    .305052    13.03   0.000     2.768332    3.970606
                  unskilled  |   1.839624   .1744547     6.43   0.000     1.527595    2.215389
                             |
              public_servant |   1.693079    .185948     4.79   0.000     1.365184    2.099729
                   parent_10 |   .7556908      .0619    -3.42   0.001     .6436069     .887294
                     married |   1.270481   .0683007     4.45   0.000     1.143426    1.411655
           married_parent_10 |   1.538005    .153607     4.31   0.000     1.264575    1.870556
                    divorced |   1.206756   .1596889     1.42   0.156     .9310669    1.564077
                     widowed |   .4954522   .5124942    -0.68   0.497     .0652412    3.762547
                   part_time |   .3491876   .0439288    -8.36   0.000     .2728823    .4468301
                        erte |          1  (omitted)
                     college |   1.533782   .0743302     8.83   0.000     1.394803     1.68661
                       _cons |   .0714932   .0115561   -16.32   0.000     .0520808    .0981414
----------------------------------------------------------------------------------------------
Note: _cons estimates baseline odds.
note: widowed != 0 predicts success perfectly;
      widowed omitted and 1 obs not used.


Logistic regression                                    Number of obs =  20,938
                                                       Wald chi2(25) = 1843.76
                                                       Prob > chi2   =  0.0000
Log pseudolikelihood = -4776353.1                      Pseudo R2     =  0.1089

----------------------------------------------------------------------------------------------
                             |               Robust
                   permanent | Odds ratio   std. err.      z    P>|z|     [95% conf. interval]
-----------------------------+----------------------------------------------------------------
                         act |
        manufactures, prim.  |   5.833065   .8168802    12.59   0.000     4.432942    7.675412
     extractive and energy.  |   6.037165   .7845306    13.84   0.000     4.679713    7.788374
         manufactures, sec.  |    7.14831   .9712278    14.48   0.000     5.477119    9.329418
               construction  |   1.654794   .2052449     4.06   0.000     1.297684    2.110177
      hospitality and sales  |   3.583246   .4405802    10.38   0.000     2.815896    4.559704
 Transport, storage and IT.  |   4.446008   .5757613    11.52   0.000     3.449364    5.730618
  Financial and prof. serv.  |   4.022342   .5086632    11.01   0.000     3.139326    5.153727
   Education and healthcare  |   2.642177   .3797337     6.76   0.000      1.99355    3.501842
             Other services  |   2.574869   .3974871     6.13   0.000     1.902627     3.48463
                             |
                         occ |
       white collar - prof.  |   2.930292   .2833047    11.12   0.000     2.424463    3.541655
white collar - tech. suport  |   3.430131   .3107244    13.61   0.000     2.872123     4.09655
       white collar - other  |   5.549231   .6218835    15.29   0.000     4.454937    6.912324
     blue collar - services  |   4.426214   .4150437    15.86   0.000     3.683119    5.319234
  blue collar - agriculture  |   2.609735   .4722693     5.30   0.000     1.830456    3.720777
     blue collar - artisans  |    2.51487   .2144066    10.82   0.000     2.127874    2.972248
       blue collar - equip.  |   3.412046   .3143624    13.32   0.000     2.848335    4.087321
                  unskilled  |   1.795561   .1701971     6.18   0.000     1.491134    2.162138
                             |
              public_servant |   1.583866   .1582902     4.60   0.000     1.302117    1.926579
                   parent_10 |   .8786845   .0723997    -1.57   0.117      .747649    1.032686
                     married |   1.265054   .0704934     4.22   0.000     1.134167    1.411045
           married_parent_10 |   1.164216   .1176299     1.50   0.132     .9550589    1.419179
                    divorced |   1.126101    .136252     0.98   0.326      .888355    1.427473
                     widowed |          1  (omitted)
                   part_time |   .4107106   .0453932    -8.05   0.000     .3307183    .5100511
                        erte |   .9507597   .3789113    -0.13   0.899     .4353483     2.07637
                     college |   1.898148   .0893866    13.61   0.000     1.730795    2.081682
                       _cons |   .0813084   .0114335   -17.85   0.000      .061722    .1071102
----------------------------------------------------------------------------------------------
Note: _cons estimates baseline odds.
note: widowed != 0 predicts failure perfectly;
      widowed omitted and 1 obs not used.


Logistic regression                                    Number of obs =  20,262
                                                       Wald chi2(25) = 1789.78
                                                       Prob > chi2   =  0.0000
Log pseudolikelihood = -4503571.7                      Pseudo R2     =  0.1047

----------------------------------------------------------------------------------------------
                             |               Robust
                   permanent | Odds ratio   std. err.      z    P>|z|     [95% conf. interval]
-----------------------------+----------------------------------------------------------------
                         act |
        manufactures, prim.  |   6.229048   .8421517    13.53   0.000     4.779048     8.11899
     extractive and energy.  |   6.167679   .7848178    14.30   0.000      4.80628    7.914701
         manufactures, sec.  |   6.751962   .8894892    14.50   0.000     5.215483    8.741088
               construction  |   1.758727   .2082954     4.77   0.000     1.394396    2.218251
      hospitality and sales  |   3.705673   .4298654    11.29   0.000     2.952066    4.651662
 Transport, storage and IT.  |   4.554895   .5658438    12.21   0.000     3.570554    5.810602
  Financial and prof. serv.  |   4.292093   .5193599    12.04   0.000     3.385871    5.440863
   Education and healthcare  |   2.622702   .3498273     7.23   0.000     2.019352    3.406324
             Other services  |   2.484926   .3706153     6.10   0.000     1.855072    3.328636
                             |
                         occ |
       white collar - prof.  |   2.946676   .2859984    11.13   0.000      2.43622    3.564087
white collar - tech. suport  |   3.400904   .3186661    13.06   0.000     2.830326    4.086508
       white collar - other  |    4.60248   .5162638    13.61   0.000     3.694128    5.734187
     blue collar - services  |   3.753682   .3559398    13.95   0.000     3.117044    4.520349
  blue collar - agriculture  |   2.292919   .3944646     4.82   0.000     1.636633    3.212374
     blue collar - artisans  |   2.644526   .2396197    10.73   0.000     2.214219    3.158457
       blue collar - equip.  |    3.66743   .3492667    13.65   0.000     3.042972    4.420036
                  unskilled  |   1.725725   .1697641     5.55   0.000     1.423104    2.092698
                             |
              public_servant |   1.909505   .1830774     6.75   0.000     1.582378     2.30426
                   parent_10 |   .9567569   .0739631    -0.57   0.567       .82224     1.11328
                     married |   1.270727   .0709155     4.29   0.000     1.139067    1.417605
           married_parent_10 |   1.098117   .1067117     0.96   0.335     .9076776    1.328514
                    divorced |   .8193526   .1109745    -1.47   0.141     .6283227    1.068462
                     widowed |          1  (omitted)
                   part_time |   .3567789   .0370591    -9.92   0.000     .2910608    .4373355
                        erte |   .6267511    .293461    -1.00   0.318     .2503459    1.569096
                     college |   1.787337   .0854069    12.15   0.000     1.627542     1.96282
                       _cons |   .0816713   .0111521   -18.35   0.000      .062494    .1067334
----------------------------------------------------------------------------------------------
Note: _cons estimates baseline odds.

Logistic regression                                    Number of obs =  18,492
                                                       Wald chi2(26) = 1523.88
                                                       Prob > chi2   =  0.0000
Log pseudolikelihood = -4291759.7                      Pseudo R2     =  0.1009

----------------------------------------------------------------------------------------------
                             |               Robust
                   permanent | Odds ratio   std. err.      z    P>|z|     [95% conf. interval]
-----------------------------+----------------------------------------------------------------
                         act |
        manufactures, prim.  |    5.98474   .8165486    13.11   0.000     4.580455    7.819552
     extractive and energy.  |   6.106609   .7671259    14.40   0.000     4.773866    7.811419
         manufactures, sec.  |     4.3073   .5617305    11.20   0.000     3.335776    5.561774
               construction  |   1.403946   .1669031     2.85   0.004     1.112137    1.772321
      hospitality and sales  |   3.412399   .3979127    10.53   0.000     2.715207    4.288611
 Transport, storage and IT.  |   3.446852   .4307749     9.90   0.000     2.698004    4.403548
  Financial and prof. serv.  |   3.157928   .3784651     9.59   0.000     2.496831    3.994067
   Education and healthcare  |   1.839621    .246947     4.54   0.000      1.41405    2.393271
             Other services  |   1.675765   .2450047     3.53   0.000      1.25824    2.231838
                             |
                         occ |
       white collar - prof.  |   1.258694   .1544478     1.88   0.061     .9896319    1.600909
white collar - tech. suport  |   1.683283   .2043742     4.29   0.000     1.326811    2.135526
       white collar - other  |   2.159388   .2944548     5.65   0.000     1.652953    2.820985
     blue collar - services  |   1.235446    .151424     1.73   0.085     .9716167    1.570913
  blue collar - agriculture  |   .6886349   .1214608    -2.12   0.034     .4873656    .9730233
     blue collar - artisans  |   1.071813   .1273853     0.58   0.560     .8490892    1.352959
       blue collar - equip.  |   1.352983   .1689601     2.42   0.015      1.05924    1.728184
                  unskilled  |   .6934212    .089235    -2.85   0.004     .5388373    .8923528
                             |
              public_servant |   2.429422   .2473781     8.72   0.000     1.989888    2.966043
                   parent_10 |   .8843992   .0729064    -1.49   0.136     .7524517    1.039485
                     married |   1.573771    .095353     7.48   0.000     1.397553    1.772209
           married_parent_10 |   .9346729   .0978151    -0.65   0.519     .7613422    1.147465
                    divorced |   .7963836   .1112125    -1.63   0.103      .605696    1.047104
                     widowed |   3.953888   2.562397     2.12   0.034     1.110162    14.08195
                   part_time |   .2885417   .0294639   -12.17   0.000     .2362055    .3524742
                        erte |   .4420648   .2434568    -1.48   0.138     .1502127    1.300964
                     college |   1.419144   .0702206     7.07   0.000     1.287978    1.563669
                       _cons |   .2553524   .0399945    -8.72   0.000     .1878541    .3471038
----------------------------------------------------------------------------------------------
Note: _cons estimates baseline odds.

Logistic regression                                    Number of obs =  17,138
                                                       Wald chi2(26) = 1293.93
                                                       Prob > chi2   =  0.0000
Log pseudolikelihood = -4026460                        Pseudo R2     =  0.0956

----------------------------------------------------------------------------------------------
                             |               Robust
                   permanent | Odds ratio   std. err.      z    P>|z|     [95% conf. interval]
-----------------------------+----------------------------------------------------------------
                         act |
        manufactures, prim.  |    8.25149   1.240432    14.04   0.000     6.145719    11.07878
     extractive and energy.  |   6.451019   .8887795    13.53   0.000     4.924423    8.450869
         manufactures, sec.  |   6.658323   .9647597    13.08   0.000     5.012216    8.845043
               construction  |   1.876439   .2508582     4.71   0.000     1.443905    2.438542
      hospitality and sales  |   4.128912    .531679    11.01   0.000     3.207942    5.314282
 Transport, storage and IT.  |   4.794887   .6467113    11.62   0.000     3.681056    6.245747
  Financial and prof. serv.  |   4.483839    .589503    11.41   0.000     3.465294    5.801761
   Education and healthcare  |   2.717736   .4028451     6.75   0.000     2.032522    3.633954
             Other services  |   2.494366   .3936271     5.79   0.000     1.830775    3.398484
                             |
                         occ |
       white collar - prof.  |   1.042949   .1311692     0.33   0.738     .8150971    1.334494
white collar - tech. suport  |   1.381055   .1729151     2.58   0.010     1.080529    1.765167
       white collar - other  |   1.884741   .2653011     4.50   0.000     1.430324    2.483528
     blue collar - services  |   1.078142   .1348919     0.60   0.548     .8436802    1.377762
  blue collar - agriculture  |   .7722492   .1495749    -1.33   0.182      .528312    1.128819
     blue collar - artisans  |   .8020106   .0984473    -1.80   0.072     .6305138    1.020154
       blue collar - equip.  |   .9321769   .1210317    -0.54   0.589     .7227369     1.20231
                  unskilled  |    .575773   .0760709    -4.18   0.000     .4444173    .7459534
                             |
              public_servant |   2.881441   .3340211     9.13   0.000     2.295816    3.616449
                   parent_10 |   1.069442   .0852776     0.84   0.400     .9147074    1.250352
                     married |   1.314991    .087735     4.10   0.000     1.153802    1.498698
           married_parent_10 |   .9568321   .1028032    -0.41   0.681     .7751426    1.181109
                    divorced |   .7857141     .11802    -1.61   0.108     .5853396    1.054681
                     widowed |   4.367989   2.493821     2.58   0.010     1.426606    13.37393
                   part_time |   .4375429   .0431548    -8.38   0.000     .3606341    .5308532
                        erte |   1.537579   .7464103     0.89   0.376       .59378    3.981522
                     college |   1.385274   .0717258     6.29   0.000     1.251591    1.533234
                       _cons |   .2272366   .0381313    -8.83   0.000     .1635471    .3157282
----------------------------------------------------------------------------------------------
Note: _cons estimates baseline odds.
note: widowed != 0 predicts success perfectly;
      widowed omitted and 1 obs not used.


Logistic regression                                    Number of obs =  15,682
                                                       Wald chi2(25) = 1051.26
                                                       Prob > chi2   =  0.0000
Log pseudolikelihood = -3687469.6                      Pseudo R2     =  0.0913

----------------------------------------------------------------------------------------------
                             |               Robust
                   permanent | Odds ratio   std. err.      z    P>|z|     [95% conf. interval]
-----------------------------+----------------------------------------------------------------
                         act |
        manufactures, prim.  |   8.431883   1.331196    13.50   0.000     6.187852    11.48971
     extractive and energy.  |   6.933731   1.024787    13.10   0.000     5.189932     9.26344
         manufactures, sec.  |   8.968201   1.393579    14.12   0.000     6.613573    12.16114
               construction  |   2.320024   .3388098     5.76   0.000      1.74255    3.088869
      hospitality and sales  |   4.508898   .6230364    10.90   0.000     3.439157     5.91138
 Transport, storage and IT.  |   5.001735   .7262571    11.09   0.000     3.762923    6.648383
  Financial and prof. serv.  |   3.715485   .5305216     9.19   0.000     2.808505    4.915364
   Education and healthcare  |   3.106493   .4913377     7.17   0.000     2.278455    4.235459
             Other services  |   3.384715   .5617942     7.35   0.000      2.44478    4.686022
                             |
                         occ |
       white collar - prof.  |    1.27667   .1689987     1.85   0.065     .9849205     1.65484
white collar - tech. suport  |   1.477218   .1957687     2.94   0.003     1.139302     1.91536
       white collar - other  |   2.468774   .3737156     5.97   0.000      1.83497    3.321495
     blue collar - services  |   1.104746   .1448806     0.76   0.448     .8543433    1.428539
  blue collar - agriculture  |   .9763669   .2196796    -0.11   0.915     .6281962    1.517508
     blue collar - artisans  |   1.040477   .1364513     0.30   0.762      .804643    1.345432
       blue collar - equip.  |   1.205658   .1646694     1.37   0.171     .9225006     1.57573
                  unskilled  |   .8928851    .124361    -0.81   0.416     .6795795    1.173143
                             |
              public_servant |   4.041705   .4797074    11.77   0.000     3.202846     5.10027
                   parent_10 |   1.165551   .0932269     1.92   0.055     .9964321    1.363374
                     married |   1.339251   .0945754     4.14   0.000     1.166143    1.538056
           married_parent_10 |   .8529001   .0939537    -1.44   0.149     .6872766    1.058436
                    divorced |   .6299492   .1048841    -2.78   0.006     .4545523    .8730261
                     widowed |          1  (omitted)
                   part_time |    .471626   .0460398    -7.70   0.000      .389497    .5710728
                        erte |   2.018417   1.047358     1.35   0.176     .7299982    5.580847
                     college |   1.400447   .0767708     6.14   0.000     1.257781    1.559296
                       _cons |   .1605107   .0287516   -10.21   0.000     .1129878    .2280216
----------------------------------------------------------------------------------------------
Note: _cons estimates baseline odds.

Logistic regression                                    Number of obs =  14,992
                                                       Wald chi2(26) = 1066.32
                                                       Prob > chi2   =  0.0000
Log pseudolikelihood = -3471082.5                      Pseudo R2     =  0.0905

----------------------------------------------------------------------------------------------
                             |               Robust
                   permanent | Odds ratio   std. err.      z    P>|z|     [95% conf. interval]
-----------------------------+----------------------------------------------------------------
                         act |
        manufactures, prim.  |   7.935048   1.219226    13.48   0.000     5.871673    10.72352
     extractive and energy.  |   7.904882   1.154474    14.16   0.000     5.937192     10.5247
         manufactures, sec.  |   11.09882   1.772709    15.07   0.000     8.115631    15.17858
               construction  |   2.567232   .3661261     6.61   0.000     1.941202    3.395152
      hospitality and sales  |   4.630521   .6185679    11.47   0.000     3.563873    6.016412
 Transport, storage and IT.  |     6.1664   .8905404    12.60   0.000     4.646251    8.183907
  Financial and prof. serv.  |   4.528439    .622328    10.99   0.000     3.459161    5.928247
   Education and healthcare  |    3.35295   .5295112     7.66   0.000     2.460379    4.569327
             Other services  |   3.698273   .5935406     8.15   0.000     2.700154     5.06535
                             |
                         occ |
       white collar - prof.  |   1.509014   .2417573     2.57   0.010      1.10236    2.065681
white collar - tech. suport  |   2.287714   .3645522     5.19   0.000     1.674021    3.126386
       white collar - other  |   3.328248   .5836014     6.86   0.000     2.360257    4.693233
     blue collar - services  |   1.630326   .2558049     3.12   0.002     1.198719    2.217336
  blue collar - agriculture  |   1.529834   .3404269     1.91   0.056     .9890781    2.366237
     blue collar - artisans  |   1.448442   .2265885     2.37   0.018     1.065964    1.968157
       blue collar - equip.  |   1.293069   .2120154     1.57   0.117     .9376837    1.783148
                  unskilled  |   .8913681   .1462127    -0.70   0.483     .6462983    1.229366
                             |
              public_servant |   2.813112    .329776     8.82   0.000     2.235642    3.539744
                   parent_10 |   1.139635   .0847021     1.76   0.079     .9851469    1.318349
                     married |   1.323291   .0975851     3.80   0.000     1.145208    1.529068
           married_parent_10 |    .900605   .0974835    -0.97   0.333     .7284477    1.113449
                    divorced |    .723034   .1258381    -1.86   0.062     .5140603    1.016959
                     widowed |   .0567986   .0664575    -2.45   0.014      .005733    .5627187
                   part_time |   .5517542   .0479821    -6.84   0.000     .4652889    .6542875
                        erte |   1.014444   .6699187     0.02   0.983     .2780427    3.701218
                     college |   1.306576    .074711     4.68   0.000     1.168053    1.461528
                       _cons |   .1257969   .0246564   -10.58   0.000     .0856709    .1847169
----------------------------------------------------------------------------------------------
Note: _cons estimates baseline odds.

Logistic regression                                     Number of obs = 13,999
                                                        Wald chi2(26) = 972.01
                                                        Prob > chi2   = 0.0000
Log pseudolikelihood = -3417758.6                       Pseudo R2     = 0.0820

----------------------------------------------------------------------------------------------
                             |               Robust
                   permanent | Odds ratio   std. err.      z    P>|z|     [95% conf. interval]
-----------------------------+----------------------------------------------------------------
                         act |
        manufactures, prim.  |   5.781732   .8855456    11.46   0.000     4.282385    7.806031
     extractive and energy.  |   6.916467   1.004461    13.32   0.000     5.203152     9.19395
         manufactures, sec.  |   6.648451    1.00576    12.52   0.000     4.942571    8.943097
               construction  |   1.905727   .2688076     4.57   0.000     1.445428    2.512609
      hospitality and sales  |   3.904849   .5161351    10.31   0.000      3.01366    5.059579
 Transport, storage and IT.  |   5.259639   .7465402    11.70   0.000     3.982341    6.946617
  Financial and prof. serv.  |   3.806858   .5254147     9.69   0.000     2.904595    4.989393
   Education and healthcare  |    2.26537   .3630395     5.10   0.000     1.654737     3.10134
             Other services  |   2.315469   .3660834     5.31   0.000     1.698483     3.15658
                             |
                         occ |
       white collar - prof.  |   2.988239   .5114829     6.40   0.000      2.13658    4.179377
white collar - tech. suport  |   3.481051   .5904219     7.35   0.000     2.496536    4.853811
       white collar - other  |   5.058995   .9480982     8.65   0.000     3.503821    7.304434
     blue collar - services  |   2.734784   .4585093     6.00   0.000     1.968847    3.798691
  blue collar - agriculture  |   1.595103   .3592167     2.07   0.038     1.025884    2.480156
     blue collar - artisans  |   2.694314   .4528248     5.90   0.000     1.938159    3.745475
       blue collar - equip.  |   2.512178   .4352639     5.32   0.000     1.788834    3.528019
                  unskilled  |   1.572857   .2733802     2.61   0.009      1.11877    2.211249
                             |
              public_servant |   2.443243   .3445943     6.33   0.000     1.853162    3.221217
                   parent_10 |   1.177792   .0862983     2.23   0.026     1.020234    1.359682
                     married |   1.265815    .094452     3.16   0.002     1.093592    1.465159
           married_parent_10 |   .9327786   .1021011    -0.64   0.525     .7526738     1.15598
                    divorced |   1.096806   .1679695     0.60   0.546      .812406    1.480766
                     widowed |   .3336629   .3148758    -1.16   0.245     .0524848    2.121202
                   part_time |   .5090965   .0420366    -8.18   0.000     .4330276    .5985284
                        erte |   .9585639   1.023647    -0.04   0.968     .1182024    7.773485
                     college |   1.238815   .0698183     3.80   0.000     1.109261      1.3835
                       _cons |   .0869083   .0178871   -11.87   0.000     .0580592    .1300924
----------------------------------------------------------------------------------------------
Note: _cons estimates baseline odds.
note: widowed != 0 predicts failure perfectly;
      widowed omitted and 4 obs not used.

note: erte != 0 predicts success perfectly;
      erte omitted and 2 obs not used.


Logistic regression                                     Number of obs = 13,022
                                                        Wald chi2(24) = 953.91
                                                        Prob > chi2   = 0.0000
Log pseudolikelihood = -3229431.9                       Pseudo R2     = 0.0850

----------------------------------------------------------------------------------------------
                             |               Robust
                   permanent | Odds ratio   std. err.      z    P>|z|     [95% conf. interval]
-----------------------------+----------------------------------------------------------------
                         act |
        manufactures, prim.  |   4.651141   .6995674    10.22   0.000     3.463636    6.245781
     extractive and energy.  |   6.144852   .9077054    12.29   0.000     4.600167    8.208224
         manufactures, sec.  |     5.9324   .8797368    12.01   0.000     4.436115    7.933378
               construction  |   1.498997    .211838     2.86   0.004     1.136342     1.97739
      hospitality and sales  |   3.457622    .453101     9.47   0.000     2.674438    4.470154
 Transport, storage and IT.  |   3.983534   .5619165     9.80   0.000     3.021331    5.252171
  Financial and prof. serv.  |    3.20994   .4347863     8.61   0.000      2.46151    4.185931
   Education and healthcare  |   1.773644   .2741524     3.71   0.000     1.310075    2.401247
             Other services  |   2.091073   .3543428     4.35   0.000     1.500129    2.914805
                             |
                         occ |
       white collar - prof.  |   1.649166   .2676419     3.08   0.002     1.199841    2.266759
white collar - tech. suport  |    2.57125   .4155733     5.84   0.000     1.873141     3.52954
       white collar - other  |   3.268185   .5671607     6.82   0.000      2.32589    4.592236
     blue collar - services  |   1.879681   .2968713     4.00   0.000     1.379265    2.561653
  blue collar - agriculture  |   1.236287   .2880093     0.91   0.363     .7831062    1.951722
     blue collar - artisans  |   1.635392   .2587592     3.11   0.002     1.199336    2.229989
       blue collar - equip.  |   1.689426   .2770554     3.20   0.001     1.225032    2.329866
                  unskilled  |   1.024838   .1677277     0.15   0.881     .7436098    1.412424
                             |
              public_servant |   2.487385   .3130356     7.24   0.000     1.943658    3.183216
                   parent_10 |   1.476237   .1103673     5.21   0.000     1.275023    1.709205
                     married |   1.441546   .1102426     4.78   0.000     1.240888    1.674651
           married_parent_10 |   .8212325    .091868    -1.76   0.078     .6595468    1.022555
                    divorced |   .8932876   .1475238    -0.68   0.494     .6462758    1.234709
                     widowed |          1  (omitted)
                   part_time |    .592343    .051569    -6.02   0.000     .4994226    .7025518
                        erte |          1  (omitted)
                     college |   1.287084   .0738649     4.40   0.000     1.150157    1.440313
                       _cons |   .1482128   .0291808    -9.70   0.000     .1007621    .2180088
----------------------------------------------------------------------------------------------
Note: _cons estimates baseline odds.
note: widowed != 0 predicts failure perfectly;
      widowed omitted and 1 obs not used.

note: erte != 0 predicts failure perfectly;
      erte omitted and 1 obs not used.


Logistic regression                                     Number of obs = 12,509
                                                        Wald chi2(24) = 760.90
                                                        Prob > chi2   = 0.0000
Log pseudolikelihood = -3173999.9                       Pseudo R2     = 0.0680

----------------------------------------------------------------------------------------------
                             |               Robust
                   permanent | Odds ratio   std. err.      z    P>|z|     [95% conf. interval]
-----------------------------+----------------------------------------------------------------
                         act |
        manufactures, prim.  |   4.975121   .8002797     9.97   0.000     3.629799    6.819065
     extractive and energy.  |    5.28618   .8243677    10.68   0.000     3.894028    7.176041
         manufactures, sec.  |   4.866009   .7738065     9.95   0.000     3.562973    6.645588
               construction  |   1.736449   .2728364     3.51   0.000       1.2762    2.362684
      hospitality and sales  |   3.410509   .4928188     8.49   0.000     2.569334    4.527077
 Transport, storage and IT.  |   3.840685   .5916096     8.74   0.000     2.839826    5.194283
  Financial and prof. serv.  |   3.374309   .5099172     8.05   0.000     2.509305    4.537497
   Education and healthcare  |   2.156304   .3559027     4.66   0.000     1.560333    2.979907
             Other services  |   2.381986   .4044265     5.11   0.000     1.707723    3.322468
                             |
                         occ |
       white collar - prof.  |   1.534212    .227192     2.89   0.004     1.147721    2.050853
white collar - tech. suport  |    2.23308    .327833     5.47   0.000     1.674717    2.977605
       white collar - other  |   2.536918   .4059867     5.82   0.000     1.853904    3.471566
     blue collar - services  |   1.797077   .2593799     4.06   0.000     1.354282    2.384648
  blue collar - agriculture  |   1.820844   .3895848     2.80   0.005     1.197157    2.769455
     blue collar - artisans  |   1.628762   .2354148     3.38   0.001     1.226954    2.162156
       blue collar - equip.  |   1.759722   .2639154     3.77   0.000     1.311549    2.361041
                  unskilled  |   .9762711   .1471146    -0.16   0.873      .726612    1.311711
                             |
              public_servant |   1.817797   .1999044     5.43   0.000     1.465339    2.255032
                   parent_10 |   1.229358   .0922848     2.75   0.006      1.06116    1.424216
                     married |   1.478419   .1154066     5.01   0.000      1.26868    1.722832
           married_parent_10 |   .9646898   .1098243    -0.32   0.752     .7717619    1.205847
                    divorced |   1.381975   .2205571     2.03   0.043      1.01077    1.889506
                     widowed |          1  (omitted)
                   part_time |   .5288768   .0478271    -7.04   0.000     .4429749    .6314368
                        erte |          1  (omitted)
                     college |   1.394416   .0799055     5.80   0.000     1.246279    1.560162
                       _cons |   .1493386   .0292069    -9.72   0.000     .1017883    .2191018
----------------------------------------------------------------------------------------------
Note: _cons estimates baseline odds.
note: widowed != 0 predicts success perfectly;
      widowed omitted and 4 obs not used.

note: erte omitted because of collinearity.

Logistic regression                                     Number of obs = 12,708
                                                        Wald chi2(24) = 731.42
                                                        Prob > chi2   = 0.0000
Log pseudolikelihood = -3147866                         Pseudo R2     = 0.0644

----------------------------------------------------------------------------------------------
                             |               Robust
                   permanent | Odds ratio   std. err.      z    P>|z|     [95% conf. interval]
-----------------------------+----------------------------------------------------------------
                         act |
        manufactures, prim.  |   5.456395   .8365452    11.07   0.000     4.040212    7.368982
     extractive and energy.  |   6.267972   .9393425    12.25   0.000     4.672644    8.407975
         manufactures, sec.  |   6.070811   .9046948    12.10   0.000     4.533123      8.1301
               construction  |   2.153316   .3131831     5.27   0.000     1.619225    2.863574
      hospitality and sales  |   4.404578   .5904662    11.06   0.000     3.386838    5.728147
 Transport, storage and IT.  |   5.072877   .7286346    11.31   0.000     3.828189     6.72226
  Financial and prof. serv.  |   3.436977   .4844575     8.76   0.000     2.607329    4.530617
   Education and healthcare  |   3.013279   .4611717     7.21   0.000     2.232369    4.067361
             Other services  |   2.262006   .3698747     4.99   0.000     1.641756    3.116586
                             |
                         occ |
       white collar - prof.  |   1.299475   .2019442     1.69   0.092     .9582685    1.762172
white collar - tech. suport  |   1.857024    .287773     3.99   0.000     1.370602    2.516075
       white collar - other  |   2.355652   .3969687     5.08   0.000     1.693046    3.277582
     blue collar - services  |   1.331836   .2048972     1.86   0.063     .9851384    1.800547
  blue collar - agriculture  |   1.690677   .3774253     2.35   0.019     1.091539    2.618678
     blue collar - artisans  |   1.573157   .2397502     2.97   0.003      1.16694    2.120781
       blue collar - equip.  |   1.438697   .2282952     2.29   0.022     1.054142     1.96354
                  unskilled  |   .8887152   .1412797    -0.74   0.458     .6507983    1.213609
                             |
              public_servant |   1.212452   .1322412     1.77   0.077     .9790941    1.501427
                   parent_10 |   1.427006    .105083     4.83   0.000      1.23522    1.648569
                     married |   1.508394   .1187662     5.22   0.000     1.292688    1.760093
           married_parent_10 |   .6993233   .0794725    -3.15   0.002     .5596876    .8737965
                    divorced |   1.666435   .3178337     2.68   0.007     1.146678    2.421783
                     widowed |          1  (omitted)
                   part_time |   .5058708    .045788    -7.53   0.000     .4236376    .6040663
                        erte |          1  (omitted)
                     college |   1.316538   .0763729     4.74   0.000     1.175046    1.475068
                       _cons |   .1522395   .0296711    -9.66   0.000     .1039036    .2230612
----------------------------------------------------------------------------------------------
Note: _cons estimates baseline odds.
note: widowed != 0 predicts success perfectly;
      widowed omitted and 2 obs not used.

note: erte omitted because of collinearity.

Logistic regression                                     Number of obs = 12,616
                                                        Wald chi2(24) = 736.14
                                                        Prob > chi2   = 0.0000
Log pseudolikelihood = -3136193.6                       Pseudo R2     = 0.0667

----------------------------------------------------------------------------------------------
                             |               Robust
                   permanent | Odds ratio   std. err.      z    P>|z|     [95% conf. interval]
-----------------------------+----------------------------------------------------------------
                         act |
        manufactures, prim.  |   6.836344   1.090516    12.05   0.000     5.000833    9.345562
     extractive and energy.  |   6.317741   .9591934    12.14   0.000     4.691674    8.507379
         manufactures, sec.  |   7.209733   1.112391    12.80   0.000     5.328281    9.755538
               construction  |   2.392708   .3515528     5.94   0.000     1.794012      3.1912
      hospitality and sales  |   4.652155   .6324684    11.31   0.000     3.563952    6.072625
 Transport, storage and IT.  |   5.523889   .8021375    11.77   0.000     4.155659    7.342602
  Financial and prof. serv.  |   3.931932   .5561482     9.68   0.000     2.979948     5.18804
   Education and healthcare  |   2.974669   .4702566     6.90   0.000     2.182101     4.05511
             Other services  |   2.697587   .4410092     6.07   0.000     1.958027    3.716484
                             |
                         occ |
       white collar - prof.  |   1.228013   .1883019     1.34   0.180     .9092445    1.658536
white collar - tech. suport  |    1.61991   .2504682     3.12   0.002     1.196407    2.193322
       white collar - other  |   2.361682   .3979412     5.10   0.000     1.697442    3.285853
     blue collar - services  |   1.396957   .2148965     2.17   0.030     1.033335    1.888535
  blue collar - agriculture  |   1.435302   .3097293     1.67   0.094     .9402843    2.190924
     blue collar - artisans  |   1.193693   .1824613     1.16   0.247     .8846733    1.610656
       blue collar - equip.  |   1.023905   .1630616     0.15   0.882     .7493802    1.398999
                  unskilled  |   .7633077    .120251    -1.71   0.086      .560534    1.039435
                             |
              public_servant |   .9002098   .0960076    -0.99   0.324     .7304035    1.109493
                   parent_10 |    1.20429   .0899755     2.49   0.013     1.040245    1.394205
                     married |   1.474787   .1181813     4.85   0.000      1.26043    1.725599
           married_parent_10 |   .7554064   .0879421    -2.41   0.016     .6012933    .9490191
                    divorced |   1.254591   .2404417     1.18   0.237     .8617275    1.826562
                     widowed |          1  (omitted)
                   part_time |   .5097534   .0447085    -7.68   0.000     .4292442    .6053628
                        erte |          1  (omitted)
                     college |   1.293201   .0776948     4.28   0.000     1.149546    1.454809
                       _cons |   .1843919   .0351489    -8.87   0.000     .1269068    .2679159
----------------------------------------------------------------------------------------------
Note: _cons estimates baseline odds.
note: widowed omitted because of collinearity.

Logistic regression                                     Number of obs = 10,849
                                                        Wald chi2(25) = 631.05
                                                        Prob > chi2   = 0.0000
Log pseudolikelihood = -3087277.3                       Pseudo R2     = 0.0668

----------------------------------------------------------------------------------------------
                             |               Robust
                   permanent | Odds ratio   std. err.      z    P>|z|     [95% conf. interval]
-----------------------------+----------------------------------------------------------------
                         act |
        manufactures, prim.  |   3.349069   .5446845     7.43   0.000     2.434931    4.606398
     extractive and energy.  |   4.208374   .6818051     8.87   0.000     3.063443     5.78121
         manufactures, sec.  |   4.521149   .7329482     9.31   0.000     3.290455    6.212148
               construction  |   1.536511   .2385211     2.77   0.006     1.133441    2.082919
      hospitality and sales  |   2.519482   .3612735     6.44   0.000     1.902199    3.337081
 Transport, storage and IT.  |   3.195996    .490733     7.57   0.000     2.365416    4.318222
  Financial and prof. serv.  |   2.314758   .3465593     5.61   0.000       1.7261    3.104167
   Education and healthcare  |   1.372166   .2287663     1.90   0.058     .9896805    1.902472
             Other services  |   1.263896   .2187416     1.35   0.176     .9003153    1.774305
                             |
                         occ |
       white collar - prof.  |   2.214839   .4102678     4.29   0.000     1.540526    3.184309
white collar - tech. suport  |    2.91724   .5410354     5.77   0.000     2.028182    4.196016
       white collar - other  |   3.034248   .5985805     5.63   0.000     2.061249    4.466544
     blue collar - services  |   1.750764   .3170823     3.09   0.002     1.227625    2.496832
  blue collar - agriculture  |   .9610083   .2477686    -0.15   0.877     .5797879    1.592888
     blue collar - artisans  |   1.660375   .3013351     2.79   0.005     1.163389    2.369668
       blue collar - equip.  |    1.45891   .2738556     2.01   0.044     1.009828    2.107704
                  unskilled  |   .8828779   .1681269    -0.65   0.513     .6078632    1.282317
                             |
              public_servant |   1.332267   .1611125     2.37   0.018     1.051126    1.688605
                   parent_10 |   1.197742    .099427     2.17   0.030     1.017896    1.409364
                     married |   1.173182   .1057975     1.77   0.077     .9831149    1.399996
           married_parent_10 |   1.099366   .1453808     0.72   0.474     .8483571    1.424641
                    divorced |    .793933   .1498315    -1.22   0.221     .5484596    1.149273
                     widowed |          1  (omitted)
                   part_time |   .5663443   .0632314    -5.09   0.000     .4550354     .704881
                        erte |   1.357496   .1769369     2.34   0.019     1.051459    1.752608
                     college |   1.075197   .0702319     1.11   0.267     .9459924    1.222049
                       _cons |   .2383884   .0545623    -6.26   0.000     .1522167    .3733431
----------------------------------------------------------------------------------------------
Note: _cons estimates baseline odds.
note: widowed != 0 predicts failure perfectly;
      widowed omitted and 2 obs not used.


Logistic regression                                     Number of obs =  8,959
                                                        Wald chi2(25) = 614.60
                                                        Prob > chi2   = 0.0000
Log pseudolikelihood = -2960020.4                       Pseudo R2     = 0.0800

----------------------------------------------------------------------------------------------
                             |               Robust
                   permanent | Odds ratio   std. err.      z    P>|z|     [95% conf. interval]
-----------------------------+----------------------------------------------------------------
                         act |
        manufactures, prim.  |   2.869081   .5054853     5.98   0.000     2.031305    4.052385
     extractive and energy.  |   3.821198    .632667     8.10   0.000     2.762282    5.286047
         manufactures, sec.  |   4.922237   .8594271     9.13   0.000     3.495763    6.930796
               construction  |   1.239005   .2036748     1.30   0.192     .8977341     1.71001
      hospitality and sales  |   2.130494   .3185291     5.06   0.000     1.589343      2.8559
 Transport, storage and IT.  |   2.793643    .444671     6.45   0.000     2.044952    3.816443
  Financial and prof. serv.  |   2.712488   .4261102     6.35   0.000     1.993659    3.690497
   Education and healthcare  |   1.372659   .2333309     1.86   0.062     .9837199    1.915375
             Other services  |    .870241   .1638743    -0.74   0.460     .6016591    1.258718
                             |
                         occ |
       white collar - prof.  |   1.367681   .2709767     1.58   0.114     .9275498    2.016657
white collar - tech. suport  |   1.942374   .3943942     3.27   0.001     1.304663    2.891793
       white collar - other  |   2.279932   .4874918     3.85   0.000     1.499406    3.466766
     blue collar - services  |   1.237189   .2459025     1.07   0.284     .8380157    1.826502
  blue collar - agriculture  |   .4838326   .1316029    -2.67   0.008     .2839014    .8245608
     blue collar - artisans  |   1.294147   .2567069     1.30   0.194     .8772822    1.909097
       blue collar - equip.  |   1.065232   .2192155     0.31   0.759     .7116624    1.594461
                  unskilled  |   .6532549    .134608    -2.07   0.039     .4362007    .9783157
                             |
              public_servant |   .9151455   .1141192    -0.71   0.477     .7167122    1.168518
                   parent_10 |   .9056914   .0904467    -0.99   0.321     .7446893    1.101502
                     married |   1.700206   .1871074     4.82   0.000     1.370336    2.109484
           married_parent_10 |   1.089155   .1731626     0.54   0.591     .7975516    1.487375
                    divorced |   .6250465   .1562343    -1.88   0.060     .3829562    1.020177
                     widowed |          1  (omitted)
                   part_time |   .6385333   .0820414    -3.49   0.000     .4963838    .8213902
                        erte |   .9708856   .2432626    -0.12   0.906      .594146     1.58651
                     college |   1.162909    .087862     2.00   0.046     1.002846    1.348519
                       _cons |   .3873831   .0914776    -4.02   0.000     .2438572    .6153831
----------------------------------------------------------------------------------------------
Note: _cons estimates baseline odds.
note: widowed omitted because of collinearity.

Logistic regression                                     Number of obs =  8,394
                                                        Wald chi2(25) = 493.99
                                                        Prob > chi2   = 0.0000
Log pseudolikelihood = -2909167.4                       Pseudo R2     = 0.0681

----------------------------------------------------------------------------------------------
                             |               Robust
                   permanent | Odds ratio   std. err.      z    P>|z|     [95% conf. interval]
-----------------------------+----------------------------------------------------------------
                         act |
        manufactures, prim.  |   3.207691   .5944125     6.29   0.000     2.230784    4.612405
     extractive and energy.  |   3.439152   .6294117     6.75   0.000     2.402536    4.923034
         manufactures, sec.  |    4.68171   .8770097     8.24   0.000     3.243035     6.75861
               construction  |   1.344464   .2276432     1.75   0.080     .9647718    1.873586
      hospitality and sales  |   2.291728    .351745     5.40   0.000     1.696355     3.09606
 Transport, storage and IT.  |    2.61574   .4388599     5.73   0.000     1.882707    3.634178
  Financial and prof. serv.  |   2.277986   .3689217     5.08   0.000     1.658434    3.128988
   Education and healthcare  |   1.191162    .209527     0.99   0.320     .8438071    1.681505
             Other services  |   .7371945   .1459487    -1.54   0.124     .5001065     1.08668
                             |
                         occ |
       white collar - prof.  |   1.518441   .2967683     2.14   0.033      1.03523    2.227199
white collar - tech. suport  |   1.621336    .321726     2.44   0.015     1.098922      2.3921
       white collar - other  |   2.702962   .5809084     4.63   0.000     1.773795    4.118853
     blue collar - services  |    1.25174   .2443251     1.15   0.250     .8538267    1.835096
  blue collar - agriculture  |   .4969512   .1284755    -2.70   0.007     .2994021    .8248457
     blue collar - artisans  |   1.424753   .2770071     1.82   0.069     .9732962    2.085615
       blue collar - equip.  |   1.052961    .214971     0.25   0.800     .7057192    1.571058
                  unskilled  |   .7233299   .1449041    -1.62   0.106     .4884453    1.071166
                             |
              public_servant |   1.134405   .1475216     0.97   0.332     .8791749     1.46373
                   parent_10 |   1.046244   .0986466     0.48   0.632      .869714    1.258606
                     married |   1.419744   .1551508     3.21   0.001     1.146015    1.758855
           married_parent_10 |   .9005648   .1433659    -0.66   0.511     .6591853    1.230332
                    divorced |    .401849   .1085233    -3.38   0.001     .2366941    .6822418
                     widowed |          1  (omitted)
                   part_time |   .7327142   .0923498    -2.47   0.014     .5723357    .9380334
                        erte |   .4427466   .3735784    -0.97   0.334     .0847097    2.314076
                     college |   1.067626   .0840066     0.83   0.406     .9150436     1.24565
                       _cons |   .5539355   .1289766    -2.54   0.011     .3509685    .8742794
----------------------------------------------------------------------------------------------
Note: _cons estimates baseline odds.
