note: erte != 0 predicts success perfectly;
      erte omitted and 2 obs not used.

note: age omitted because of collinearity.

Logistic regression                                    Number of obs =  25,080
                                                       Wald chi2(26) = 3680.09
                                                       Prob > chi2   =  0.0000
Log pseudolikelihood = -3889828                        Pseudo R2     =  0.2278

----------------------------------------------------------------------------------------------
                             |               Robust
                   permanent | Odds ratio   std. err.      z    P>|z|     [95% conf. interval]
-----------------------------+----------------------------------------------------------------
                         act |
        manufactures, prim.  |   7.582549   1.110218    13.84   0.000     5.690945     10.1029
     extractive and energy.  |   10.37266   1.515894    16.01   0.000     7.789198    13.81298
         manufactures, sec.  |   8.324278   1.237429    14.26   0.000     6.220322    11.13987
               construction  |   2.572504   .3390818     7.17   0.000     1.986823    3.330834
      hospitality and sales  |   3.376375   .4478405     9.17   0.000     2.603441    4.378785
 Transport, storage and IT.  |   4.062086   .5788569     9.84   0.000      3.07221    5.370904
  Financial and prof. serv.  |   4.715599   .6570464    11.13   0.000     3.588682     6.19639
   Education and healthcare  |   4.777807    .741589    10.08   0.000     3.524593    6.476616
             Other services  |   4.525037   .7002228     9.76   0.000     3.341209    6.128307
                             |
                         occ |
       white collar - prof.  |   3.857311   .3848723    13.53   0.000     3.172152    4.690459
white collar - tech. suport  |   8.748871    .753034    25.20   0.000     7.390729    10.35659
       white collar - other  |   13.58806   1.589516    22.30   0.000     10.80401    17.08953
     blue collar - services  |   10.03665   .9294031    24.91   0.000     8.370791    12.03402
  blue collar - agriculture  |    2.83296   .5050853     5.84   0.000     1.997472     4.01791
     blue collar - artisans  |   3.929273    .308461    17.43   0.000     3.368915    4.582837
       blue collar - equip.  |   7.593497   .6485414    23.74   0.000     6.423073    8.977198
                  unskilled  |   5.344888   .4830443    18.55   0.000     4.477249    6.380665
                             |
              public_servant |   2.916288   .2774752    11.25   0.000     2.420145    3.514143
                   parent_15 |   .8854704   .1100201    -0.98   0.328     .6940837     1.12963
                     married |   1.162381   .0976515     1.79   0.073     .9859144    1.370433
           married_parent_15 |   1.260438   .1800624     1.62   0.105     .9526239    1.667714
                    divorced |    1.28952   .1372102     2.39   0.017     1.046783    1.588544
                     widowed |   2.816906   .9331126     3.13   0.002     1.471662    5.391836
                   part_time |   .2647306   .0401573    -8.76   0.000     .1966456    .3563888
                        erte |          1  (omitted)
                         age |          1  (omitted)
                     college |   1.726129   .0970873     9.71   0.000     1.545955    1.927301
                      tenure |   1.006372    .000233    27.43   0.000     1.005915    1.006829
                       _cons |   .0223863   .0034695   -24.51   0.000     .0165219    .0303323
----------------------------------------------------------------------------------------------
Note: _cons estimates baseline odds.
(est1 stored)
note: erte != 0 predicts success perfectly;
      erte omitted and 1 obs not used.

note: age omitted because of collinearity.

Logistic regression                                    Number of obs =  21,191
                                                       Wald chi2(26) = 3139.30
                                                       Prob > chi2   =  0.0000
Log pseudolikelihood = -3217446.8                      Pseudo R2     =  0.2261

----------------------------------------------------------------------------------------------
                             |               Robust
                   permanent | Odds ratio   std. err.      z    P>|z|     [95% conf. interval]
-----------------------------+----------------------------------------------------------------
                         act |
        manufactures, prim.  |   7.064301   1.135089    12.17   0.000     5.155829     9.67921
     extractive and energy.  |   7.942554   1.192987    13.80   0.000     5.917088    10.66135
         manufactures, sec.  |   7.747574    1.26992    12.49   0.000       5.6188    10.68287
               construction  |    2.11146   .2976491     5.30   0.000     1.601734    2.783399
      hospitality and sales  |   3.233679   .4544877     8.35   0.000      2.45506    4.259236
 Transport, storage and IT.  |   4.048693   .6127709     9.24   0.000     3.009437    5.446838
  Financial and prof. serv.  |   3.824028   .5625881     9.12   0.000     2.866111    5.102103
   Education and healthcare  |   4.206262   .7098767     8.51   0.000     3.021634    5.855321
             Other services  |   5.455025   .9529176     9.71   0.000       3.8735    7.682276
                             |
                         occ |
       white collar - prof.  |   3.805658   .3850799    13.21   0.000     3.121044    4.640444
white collar - tech. suport  |   8.389073   .7475555    23.87   0.000     7.044706     9.98999
       white collar - other  |   19.74761   2.600444    22.65   0.000     15.25544    25.56255
     blue collar - services  |   13.02212   1.272399    26.27   0.000     10.75252    15.77078
  blue collar - agriculture  |   3.450635   .6327363     6.75   0.000     2.408883    4.942904
     blue collar - artisans  |   4.538064    .363916    18.86   0.000      3.87803    5.310435
       blue collar - equip.  |   9.448889   .8377601    25.33   0.000      7.94166    11.24217
                  unskilled  |   6.643297   .6407489    19.63   0.000     5.499015    8.025691
                             |
              public_servant |   2.552507   .2757467     8.67   0.000     2.065437    3.154439
                   parent_15 |    1.01635   .1219139     0.14   0.892     .8034142    1.285722
                     married |   1.269097   .1119072     2.70   0.007      1.06767    1.508525
           married_parent_15 |   1.047444   .1472731     0.33   0.742     .7951518    1.379786
                    divorced |   1.388083   .1495683     3.04   0.002     1.123821    1.714486
                     widowed |   1.536575   .4580104     1.44   0.150     .8567105    2.755962
                   part_time |   .3275641   .0564251    -6.48   0.000     .2337067    .4591149
                        erte |          1  (omitted)
                         age |          1  (omitted)
                     college |   1.797353   .1098579     9.59   0.000     1.594433    2.026098
                      tenure |   1.006654   .0002467    27.06   0.000     1.006171    1.007138
                       _cons |   .0212617   .0035177   -23.28   0.000     .0153734    .0294055
----------------------------------------------------------------------------------------------
Note: _cons estimates baseline odds.
(est2 stored)
note: erte omitted because of collinearity.
note: age omitted because of collinearity.

Logistic regression                                    Number of obs =  22,227
                                                       Wald chi2(26) = 2979.50
                                                       Prob > chi2   =  0.0000
Log pseudolikelihood = -3453539                        Pseudo R2     =  0.1987

----------------------------------------------------------------------------------------------
                             |               Robust
                   permanent | Odds ratio   std. err.      z    P>|z|     [95% conf. interval]
-----------------------------+----------------------------------------------------------------
                         act |
        manufactures, prim.  |   7.552379   1.091975    13.98   0.000     5.688677    10.02666
     extractive and energy.  |   7.693221   1.041773    15.07   0.000     5.899881    10.03167
         manufactures, sec.  |   9.481148   1.436489    14.85   0.000     7.045232    12.75929
               construction  |   2.292263   .2871677     6.62   0.000     1.793199    2.930221
      hospitality and sales  |   3.256536   .4057123     9.48   0.000     2.550996     4.15721
 Transport, storage and IT.  |   3.802998   .5295629     9.59   0.000     2.894658    4.996374
  Financial and prof. serv.  |   4.687983   .6248374    11.59   0.000      3.61022    6.087491
   Education and healthcare  |   3.437233   .5374091     7.90   0.000     2.530021    4.669752
             Other services  |   4.303416   .6534322     9.61   0.000     3.195705    5.795089
                             |
                         occ |
       white collar - prof.  |   2.963111   .3042025    10.58   0.000     2.423042    3.623557
white collar - tech. suport  |   6.818321    .593144    22.07   0.000     5.749488    8.085851
       white collar - other  |   12.54823    1.47762    21.48   0.000     9.962056    15.80578
     blue collar - services  |   10.27528    .995541    24.05   0.000     8.498129    12.42407
  blue collar - agriculture  |   2.625478   .3967134     6.39   0.000     1.952499    3.530418
     blue collar - artisans  |   3.718964   .2916099    16.75   0.000     3.189172    4.336767
       blue collar - equip.  |    7.10981    .628315    22.20   0.000     5.979086    8.454369
                  unskilled  |   4.645986   .4191761    17.02   0.000     3.892958    5.544675
                             |
              public_servant |   3.283791     .36002    10.85   0.000     2.648827    4.070966
                   parent_15 |   .6865509   .0801505    -3.22   0.001     .5461353    .8630683
                     married |   1.014218   .0860931     0.17   0.868     .8587681    1.197806
           married_parent_15 |    1.75456   .2401313     4.11   0.000     1.341751    2.294377
                    divorced |   1.306061   .1322266     2.64   0.008     1.070994    1.592721
                     widowed |   1.345072   .4025095     0.99   0.322     .7482134    2.418051
                   part_time |   .3972811    .054112    -6.78   0.000        .3042    .5188438
                        erte |          1  (omitted)
                         age |          1  (omitted)
                     college |   1.580936   .0919758     7.87   0.000     1.410565    1.771885
                      tenure |   1.005707   .0002404    23.81   0.000     1.005236    1.006178
                       _cons |   .0328506    .004854   -23.12   0.000     .0245906     .043885
----------------------------------------------------------------------------------------------
Note: _cons estimates baseline odds.
(est3 stored)
note: erte != 0 predicts success perfectly;
      erte omitted and 2 obs not used.

note: age omitted because of collinearity.

Logistic regression                                    Number of obs =  21,694
                                                       Wald chi2(26) = 2901.12
                                                       Prob > chi2   =  0.0000
Log pseudolikelihood = -3423068.5                      Pseudo R2     =  0.1960

----------------------------------------------------------------------------------------------
                             |               Robust
                   permanent | Odds ratio   std. err.      z    P>|z|     [95% conf. interval]
-----------------------------+----------------------------------------------------------------
                         act |
        manufactures, prim.  |   6.262025   .9487119    12.11   0.000     4.653242    8.427017
     extractive and energy.  |   8.421604   1.186118    15.13   0.000     6.390129     11.0989
         manufactures, sec.  |   7.505934   1.148099    13.18   0.000     5.561679    10.12986
               construction  |   2.423845   .3243763     6.62   0.000     1.864623    3.150785
      hospitality and sales  |   3.267683   .4308327     8.98   0.000      2.52355    4.231242
 Transport, storage and IT.  |    4.23639    .599579    10.20   0.000     3.210146     5.59071
  Financial and prof. serv.  |   3.974839   .5431084    10.10   0.000     3.040985     5.19547
   Education and healthcare  |   4.442848   .6917037     9.58   0.000     3.274452    6.028155
             Other services  |   3.191177   .5845805     6.33   0.000     2.228549    4.569614
                             |
                         occ |
       white collar - prof.  |   3.557913   .3662561    12.33   0.000     2.907847    4.353305
white collar - tech. suport  |   7.991028   .7067963    23.50   0.000      6.71916    9.503648
       white collar - other  |   18.67673   2.356397    23.20   0.000     14.58502    23.91635
     blue collar - services  |   10.27268   1.000356    23.92   0.000     8.487766    12.43294
  blue collar - agriculture  |   3.388252    .547221     7.56   0.000     2.468892    4.649961
     blue collar - artisans  |   4.186628   .3319909    18.06   0.000     3.583982    4.890608
       blue collar - equip.  |   6.933592    .599091    22.41   0.000     5.853437    8.213072
                  unskilled  |    5.59191   .5288463    18.20   0.000     4.645785    6.730715
                             |
              public_servant |   2.381251   .2486701     8.31   0.000     1.940508    2.922098
                   parent_15 |   .7168024   .0800411    -2.98   0.003      .575905     .892171
                     married |   1.248604   .1079426     2.57   0.010     1.053993    1.479148
           married_parent_15 |    1.34881   .1804709     2.24   0.025     1.037672    1.753241
                    divorced |   1.013385   .1048913     0.13   0.898     .8273131    1.241306
                     widowed |   .7631991   .2821638    -0.73   0.465     .3697759    1.575205
                   part_time |   .2664242   .0400999    -8.79   0.000     .1983618    .3578403
                        erte |          1  (omitted)
                         age |          1  (omitted)
                     college |   1.722675   .1000206     9.37   0.000     1.537381    1.930301
                      tenure |   1.005843   .0002423    24.19   0.000     1.005369    1.006318
                       _cons |   .0315163   .0048755   -22.35   0.000     .0232733     .042679
----------------------------------------------------------------------------------------------
Note: _cons estimates baseline odds.
(est4 stored)
note: age omitted because of collinearity.

Logistic regression                                    Number of obs =  20,596
                                                       Wald chi2(27) = 2821.45
                                                       Prob > chi2   =  0.0000
Log pseudolikelihood = -3115214.2                      Pseudo R2     =  0.2008

----------------------------------------------------------------------------------------------
                             |               Robust
                   permanent | Odds ratio   std. err.      z    P>|z|     [95% conf. interval]
-----------------------------+----------------------------------------------------------------
                         act |
        manufactures, prim.  |   6.749912   1.002208    12.86   0.000     5.045614    9.029884
     extractive and energy.  |   10.15044   1.437158    16.37   0.000     7.690714    13.39685
         manufactures, sec.  |   9.334375   1.404794    14.84   0.000     6.949956    12.53685
               construction  |   2.599019   .3438105     7.22   0.000     2.005435    3.368297
      hospitality and sales  |   4.109516   .5310778    10.94   0.000     3.189987    5.294105
 Transport, storage and IT.  |   5.097172   .6895093    12.04   0.000     3.910072    6.644675
  Financial and prof. serv.  |   5.169757   .6791579    12.51   0.000     3.996195     6.68796
   Education and healthcare  |   5.355546   .8252386    10.89   0.000     3.959513     7.24379
             Other services  |   2.422581   .4048721     5.29   0.000      1.74591    3.361513
                             |
                         occ |
       white collar - prof.  |   4.165336   .4193231    14.17   0.000     3.419479    5.073881
white collar - tech. suport  |   9.808831    .896487    24.98   0.000     8.200133    11.73312
       white collar - other  |   17.66723   2.297766    22.08   0.000     13.69187    22.79681
     blue collar - services  |   11.60168   1.126945    25.23   0.000      9.59043    14.03471
  blue collar - agriculture  |   3.689244   .5699191     8.45   0.000     2.725478     4.99381
     blue collar - artisans  |   5.142177   .4118649    20.44   0.000     4.395109    6.016229
       blue collar - equip.  |   8.767978   .7633309    24.94   0.000     7.392559     10.3993
                  unskilled  |   7.309404    .730995    19.89   0.000     6.008353    8.892185
                             |
              public_servant |   1.929891    .202139     6.28   0.000     1.571727    2.369674
                   parent_15 |   .8301097   .0904795    -1.71   0.088     .6704355    1.027813
                     married |   1.177426   .1042694     1.84   0.065     .9898141    1.400598
           married_parent_15 |   1.046189   .1381186     0.34   0.732     .8076703    1.355147
                    divorced |   1.075894   .1094368     0.72   0.472     .8814297    1.313262
                     widowed |    .766574    .397343    -0.51   0.608     .2775528    2.117204
                   part_time |   .3099956   .0450821    -8.05   0.000     .2331132    .4122345
                        erte |   3.658336   2.877532     1.65   0.099     .7829884    17.09275
                         age |          1  (omitted)
                     college |     1.7604   .1041259     9.56   0.000     1.567703    1.976784
                      tenure |    1.00626   .0002608    24.08   0.000     1.005749    1.006772
                       _cons |   .0275144   .0042432   -23.30   0.000     .0203371    .0372246
----------------------------------------------------------------------------------------------
Note: _cons estimates baseline odds.
(est5 stored)
note: erte != 0 predicts success perfectly;
      erte omitted and 22 obs not used.

note: age omitted because of collinearity.

Logistic regression                                    Number of obs =  20,469
                                                       Wald chi2(26) = 2564.31
                                                       Prob > chi2   =  0.0000
Log pseudolikelihood = -3071942.5                      Pseudo R2     =  0.2061

----------------------------------------------------------------------------------------------
                             |               Robust
                   permanent | Odds ratio   std. err.      z    P>|z|     [95% conf. interval]
-----------------------------+----------------------------------------------------------------
                         act |
        manufactures, prim.  |    8.24563   1.205888    14.43   0.000     6.190693    10.98268
     extractive and energy.  |   12.95338   1.804392    18.39   0.000     9.858514     17.0198
         manufactures, sec.  |   10.68861   1.590979    15.92   0.000     7.984017    14.30938
               construction  |   2.975241   .3802078     8.53   0.000     2.316043    3.822062
      hospitality and sales  |   4.614838   .5785053    12.20   0.000     3.609539    5.900123
 Transport, storage and IT.  |   5.402815   .7219361    12.62   0.000     4.157963    7.020362
  Financial and prof. serv.  |   4.995219   .6414479    12.53   0.000     3.883736    6.424796
   Education and healthcare  |   4.199181   .6339276     9.50   0.000     3.123657    5.645025
             Other services  |   3.541877   .5641911     7.94   0.000     2.592055    4.839747
                             |
                         occ |
       white collar - prof.  |   4.993308   .5120612    15.68   0.000     4.084116    6.104901
white collar - tech. suport  |   8.622641   .7974678    23.29   0.000     7.193109    10.33627
       white collar - other  |   15.10074   2.038656    20.11   0.000     11.58999    19.67495
     blue collar - services  |   11.61519   1.143316    24.91   0.000     9.577232     14.0868
  blue collar - agriculture  |   4.758349   .7529364     9.86   0.000     3.489527    6.488525
     blue collar - artisans  |   4.729465   .4020121    18.28   0.000     4.003673    5.586831
       blue collar - equip.  |   8.344397   .7667368    23.09   0.000      6.96917    9.990997
                  unskilled  |   6.956197   .7113579    18.97   0.000     5.692799    8.499979
                             |
              public_servant |   2.577465   .2624002     9.30   0.000     2.111231     3.14666
                   parent_15 |   .7974778   .0785847    -2.30   0.022     .6574155    .9673805
                     married |   1.013097   .0905281     0.15   0.884     .8503338    1.207014
           married_parent_15 |    1.22515   .1529648     1.63   0.104     .9592096    1.564823
                    divorced |   1.233388    .127845     2.02   0.043      1.00663    1.511228
                     widowed |   .6979476   .2447508    -1.03   0.305     .3510186    1.387764
                   part_time |    .268758   .0382532    -9.23   0.000     .2033327    .3552349
                        erte |          1  (omitted)
                         age |          1  (omitted)
                     college |   1.766821   .1053703     9.54   0.000     1.571912    1.985898
                      tenure |   1.006152   .0002692    22.92   0.000     1.005625     1.00668
                       _cons |   .0270466   .0041528   -23.51   0.000     .0200178    .0365434
----------------------------------------------------------------------------------------------
Note: _cons estimates baseline odds.
(est6 stored)
note: age omitted because of collinearity.

Logistic regression                                    Number of obs =  19,871
                                                       Wald chi2(27) = 2111.54
                                                       Prob > chi2   =  0.0000
Log pseudolikelihood = -3306198.9                      Pseudo R2     =  0.1423

----------------------------------------------------------------------------------------------
                             |               Robust
                   permanent | Odds ratio   std. err.      z    P>|z|     [95% conf. interval]
-----------------------------+----------------------------------------------------------------
                         act |
        manufactures, prim.  |    7.22612   1.072678    13.32   0.000     5.401929    9.666325
     extractive and energy.  |   8.099243   1.125307    15.06   0.000     6.168488    10.63433
         manufactures, sec.  |   7.415709   1.055568    14.08   0.000     5.610361    9.801996
               construction  |   2.601617   .3340551     7.45   0.000      2.02277    3.346109
      hospitality and sales  |   3.405032   .4215117     9.90   0.000     2.671469    4.340024
 Transport, storage and IT.  |   4.786768   .6294349    11.91   0.000     3.699252    6.193996
  Financial and prof. serv.  |   3.843329   .4833945    10.70   0.000     3.003639    4.917761
   Education and healthcare  |   4.724954   .7182128    10.22   0.000     3.507611    6.364786
             Other services  |   3.800243   .5959802     8.51   0.000     2.794603    5.167764
                             |
                         occ |
       white collar - prof.  |   1.843107   .1830994     6.15   0.000     1.517014    2.239295
white collar - tech. suport  |   3.610127   .3459005    13.40   0.000     2.992027    4.355916
       white collar - other  |   5.074418   .6538426    12.61   0.000     3.941925    6.532272
     blue collar - services  |    2.20991    .215671     8.13   0.000     1.825171     2.67575
  blue collar - agriculture  |   1.516354   .2304902     2.74   0.006     1.125682    2.042611
     blue collar - artisans  |   1.908375   .1781409     6.92   0.000     1.589303    2.291505
       blue collar - equip.  |    2.84884   .2819849    10.58   0.000     2.346466    3.458773
                  unskilled  |   2.964771    .323929     9.95   0.000     2.393257    3.672763
                             |
              public_servant |   1.909602   .2054301     6.01   0.000     1.546582    2.357833
                   parent_15 |   .9643501   .1007994    -0.35   0.728       .78571    1.183606
                     married |   1.134116   .1001642     1.42   0.154     .9538499     1.34845
           married_parent_15 |   .9935908   .1283584    -0.05   0.960     .7713366    1.279886
                    divorced |   1.269886   .1273857     2.38   0.017     1.043226    1.545792
                     widowed |   .8416418   .3211439    -0.45   0.651     .3984151    1.777947
                   part_time |   .2595732   .0321723   -10.88   0.000     .2035914    .3309484
                        erte |   9.976196   10.17041     2.26   0.024     1.352672    73.57621
                         age |          1  (omitted)
                     college |   1.466126   .0820999     6.83   0.000     1.313729    1.636202
                      tenure |   1.005848   .0002659    22.06   0.000     1.005327     1.00637
                       _cons |   .0780481   .0122218   -16.29   0.000      .057421    .1060852
----------------------------------------------------------------------------------------------
Note: _cons estimates baseline odds.
(est7 stored)
note: erte != 0 predicts success perfectly;
      erte omitted and 25 obs not used.

note: age omitted because of collinearity.

Logistic regression                                    Number of obs =  19,279
                                                       Wald chi2(26) = 1891.01
                                                       Prob > chi2   =  0.0000
Log pseudolikelihood = -3156056.8                      Pseudo R2     =  0.1494

----------------------------------------------------------------------------------------------
                             |               Robust
                   permanent | Odds ratio   std. err.      z    P>|z|     [95% conf. interval]
-----------------------------+----------------------------------------------------------------
                         act |
        manufactures, prim.  |   7.634085   1.199059    12.94   0.000     5.611277    10.38609
     extractive and energy.  |   11.09844   1.630385    16.38   0.000      8.32182    14.80148
         manufactures, sec.  |   9.435696   1.465777    14.45   0.000     6.958971     12.7939
               construction  |    2.82421   .3966979     7.39   0.000     2.144541    3.719286
      hospitality and sales  |   3.890242   .5186452    10.19   0.000     2.995676    5.051943
 Transport, storage and IT.  |   4.304084   .6194232    10.14   0.000     3.246235    5.706655
  Financial and prof. serv.  |   4.307824   .5804017    10.84   0.000     3.308064    5.609731
   Education and healthcare  |   5.916779    .928759    11.33   0.000     4.349827      8.0482
             Other services  |   3.176733   .5537263     6.63   0.000      2.25741    4.470447
                             |
                         occ |
       white collar - prof.  |   1.744781   .1694598     5.73   0.000     1.442344    2.110634
white collar - tech. suport  |   3.255118   .3094059    12.42   0.000     2.701831    3.921708
       white collar - other  |   7.653804   .9979737    15.61   0.000     5.927749    9.882456
     blue collar - services  |   2.269112   .2147836     8.66   0.000     1.884887    2.731661
  blue collar - agriculture  |   1.292396   .2159681     1.53   0.125     .9314379    1.793235
     blue collar - artisans  |   1.511955   .1359633     4.60   0.000     1.267635    1.803365
       blue collar - equip.  |   2.538188   .2535177     9.33   0.000     2.086914    3.087045
                  unskilled  |   2.513005   .2798075     8.28   0.000     2.020307    3.125859
                             |
              public_servant |   2.122062   .2145273     7.44   0.000     1.740632    2.587077
                   parent_15 |   .9076913   .0931987    -0.94   0.346     .7422319    1.110035
                     married |   .9947398   .0912525    -0.06   0.954      .831045    1.190678
           married_parent_15 |   1.133222   .1470167     0.96   0.335      .878791    1.461316
                    divorced |   .9970722   .0987915    -0.03   0.976     .8210852    1.210779
                     widowed |   3.673174   1.447455     3.30   0.001     1.696743    7.951826
                   part_time |   .3449887   .0407074    -9.02   0.000     .2737576    .4347538
                        erte |          1  (omitted)
                         age |          1  (omitted)
                     college |   1.268773   .0716467     4.22   0.000      1.13584    1.417263
                      tenure |    1.00536   .0002741    19.60   0.000     1.004822    1.005897
                       _cons |   .0907924   .0146873   -14.83   0.000      .066123    .1246656
----------------------------------------------------------------------------------------------
Note: _cons estimates baseline odds.
(est8 stored)
note: age omitted because of collinearity.

Logistic regression                                    Number of obs =  18,723
                                                       Wald chi2(27) = 2066.21
                                                       Prob > chi2   =  0.0000
Log pseudolikelihood = -3079234.8                      Pseudo R2     =  0.1627

----------------------------------------------------------------------------------------------
                             |               Robust
                   permanent | Odds ratio   std. err.      z    P>|z|     [95% conf. interval]
-----------------------------+----------------------------------------------------------------
                         act |
        manufactures, prim.  |   6.950323   1.096973    12.28   0.000     5.101049    9.470013
     extractive and energy.  |   8.989521   1.352064    14.60   0.000     6.694406     12.0715
         manufactures, sec.  |   11.27944   1.783053    15.33   0.000     8.274267    15.37607
               construction  |    2.64748   .3814795     6.76   0.000     1.996097    3.511427
      hospitality and sales  |   3.834285   .5207624     9.90   0.000     2.938167    5.003712
 Transport, storage and IT.  |   5.904753   .8512427    12.32   0.000     4.451338    7.832726
  Financial and prof. serv.  |   4.272611   .5913675    10.49   0.000     3.257463    5.604118
   Education and healthcare  |   5.728737   .9321315    10.73   0.000     4.164459    7.880598
             Other services  |   4.739745    .793911     9.29   0.000     3.413328    6.581606
                             |
                         occ |
       white collar - prof.  |   1.434632   .1429184     3.62   0.000     1.180168    1.743964
white collar - tech. suport  |   3.033425   .2970115    11.33   0.000     2.503742    3.675165
       white collar - other  |   7.183269   1.070374    13.23   0.000     5.363956    9.619645
     blue collar - services  |   2.152189   .2107237     7.83   0.000     1.776389     2.60749
  blue collar - agriculture  |   1.339117   .2251752     1.74   0.082     .9631356    1.861872
     blue collar - artisans  |   1.480926   .1423241     4.09   0.000     1.226673    1.787878
       blue collar - equip.  |   2.852386   .2959156    10.10   0.000     2.327566    3.495543
                  unskilled  |   2.752019   .3135866     8.88   0.000     2.201197    3.440678
                             |
              public_servant |   2.441428    .252521     8.63   0.000     1.993438    2.990096
                   parent_15 |   1.097019   .1102413     0.92   0.357     .9008979    1.335835
                     married |   1.430049   .1298025     3.94   0.000     1.196986    1.708491
           married_parent_15 |   .7650172    .097736    -2.10   0.036     .5955587     .982693
                    divorced |   1.022807     .10128     0.23   0.820     .8423765    1.241884
                     widowed |   2.106223   .7607618     2.06   0.039     1.037654    4.275195
                   part_time |   .4118801   .0432725    -8.44   0.000     .3352299    .5060563
                        erte |   10.45742   10.27869     2.39   0.017      1.52325    71.79231
                         age |          1  (omitted)
                     college |   1.756255    .099819     9.91   0.000     1.571117     1.96321
                      tenure |   1.006188   .0002836    21.88   0.000     1.005632    1.006744
                       _cons |   .0616192   .0102706   -16.72   0.000     .0444466    .0854266
----------------------------------------------------------------------------------------------
Note: _cons estimates baseline odds.
(est9 stored)
note: erte != 0 predicts success perfectly;
      erte omitted and 13 obs not used.

note: age omitted because of collinearity.

Logistic regression                                    Number of obs =  18,660
                                                       Wald chi2(26) = 2163.27
                                                       Prob > chi2   =  0.0000
Log pseudolikelihood = -3238769.3                      Pseudo R2     =  0.1592

----------------------------------------------------------------------------------------------
                             |               Robust
                   permanent | Odds ratio   std. err.      z    P>|z|     [95% conf. interval]
-----------------------------+----------------------------------------------------------------
                         act |
        manufactures, prim.  |   6.807481   1.040177    12.55   0.000     5.045725    9.184368
     extractive and energy.  |    9.27676   1.312407    15.75   0.000     7.030313    12.24103
         manufactures, sec.  |   8.390637   1.247012    14.31   0.000     6.270322    11.22794
               construction  |   2.720736   .3781434     7.20   0.000     2.071961    3.572656
      hospitality and sales  |   3.207044   .4156719     8.99   0.000     2.487591    4.134577
 Transport, storage and IT.  |   4.498733   .6159553    10.98   0.000     3.439901    5.883485
  Financial and prof. serv.  |   4.215665   .5632502    10.77   0.000     3.244427    5.477649
   Education and healthcare  |   5.655812   .8770893    11.17   0.000     4.173426    7.664736
             Other services  |   3.281103     .52303     7.45   0.000     2.400671    4.484429
                             |
                         occ |
       white collar - prof.  |   1.446179   .1555108     3.43   0.001      1.17136    1.785475
white collar - tech. suport  |   2.933951   .3071097    10.28   0.000     2.389757    3.602068
       white collar - other  |   6.840229   .9796793    13.43   0.000     5.166053     9.05696
     blue collar - services  |   1.835427   .1887663     5.90   0.000     1.500357    2.245328
  blue collar - agriculture  |    .909771   .1600723    -0.54   0.591     .6444139    1.284397
     blue collar - artisans  |   1.376508   .1430682     3.07   0.002     1.122816     1.68752
       blue collar - equip.  |   2.711497   .3011821     8.98   0.000     2.181027    3.370987
                  unskilled  |   2.540872   .3039084     7.80   0.000      2.00989    3.212131
                             |
              public_servant |   1.682253   .1749971     5.00   0.000     1.371971    2.062709
                   parent_15 |   1.186545   .1126086     1.80   0.071     .9851478    1.429115
                     married |    1.00827   .0925473     0.09   0.929     .8422605    1.206999
           married_parent_15 |   .7759868   .0966443    -2.04   0.042     .6079145    .9905267
                    divorced |   .7488685   .0694375    -3.12   0.002     .6244237    .8981145
                     widowed |   1.056046   .4580989     0.13   0.900     .4512766    2.471285
                   part_time |   .4520868   .0482847    -7.43   0.000     .3666993    .5573571
                        erte |          1  (omitted)
                         age |          1  (omitted)
                     college |   1.591305   .0863664     8.56   0.000     1.430723    1.769912
                      tenure |   1.006636    .000278    23.95   0.000     1.006092    1.007181
                       _cons |   .0845757   .0140579   -14.86   0.000     .0610606    .1171466
----------------------------------------------------------------------------------------------
Note: _cons estimates baseline odds.
(est10 stored)
note: erte != 0 predicts success perfectly;
      erte omitted and 3 obs not used.

note: age omitted because of collinearity.

Logistic regression                                    Number of obs =  18,769
                                                       Wald chi2(26) = 2123.76
                                                       Prob > chi2   =  0.0000
Log pseudolikelihood = -3435359.8                      Pseudo R2     =  0.1578

----------------------------------------------------------------------------------------------
                             |               Robust
                   permanent | Odds ratio   std. err.      z    P>|z|     [95% conf. interval]
-----------------------------+----------------------------------------------------------------
                         act |
        manufactures, prim.  |   4.893119   .7757607    10.02   0.000     3.586206    6.676306
     extractive and energy.  |   7.213732   1.090348    13.07   0.000     5.364161    9.701038
         manufactures, sec.  |   5.581939   .8393681    11.44   0.000     4.157078    7.495181
               construction  |   1.335985   .1918209     2.02   0.044     1.008291    1.770179
      hospitality and sales  |   2.458261   .3320731     6.66   0.000     1.886443    3.203407
 Transport, storage and IT.  |   3.093256   .4424207     7.90   0.000     2.337064    4.094125
  Financial and prof. serv.  |   2.639962   .3656353     7.01   0.000     2.012362    3.463293
   Education and healthcare  |    4.33826   .6898626     9.23   0.000     3.176574    5.924779
             Other services  |    1.97167   .3354547     3.99   0.000      1.41258    2.752044
                             |
                         occ |
       white collar - prof.  |   1.718627   .1753074     5.31   0.000     1.407198    2.098978
white collar - tech. suport  |    3.53827   .3604665    12.40   0.000     2.897834    4.320245
       white collar - other  |   8.271442   1.134464    15.40   0.000      6.32172    10.82249
     blue collar - services  |   1.788068   .1748361     5.94   0.000      1.47623    2.165778
  blue collar - agriculture  |   1.115248   .2052153     0.59   0.553     .7775767    1.599558
     blue collar - artisans  |   1.865996   .1838957     6.33   0.000     1.538239    2.263588
       blue collar - equip.  |   2.588478    .271506     9.07   0.000     2.107472    3.179269
                  unskilled  |   2.609372   .3057206     8.19   0.000     2.073992    3.282955
                             |
              public_servant |   1.215863   .1268558     1.87   0.061     .9910042    1.491743
                   parent_15 |   1.165739   .1012595     1.77   0.077     .9832485    1.382099
                     married |   .9392295   .0815225    -0.72   0.470     .7923004    1.113406
           married_parent_15 |   .9182451   .1066692    -0.73   0.463     .7312697    1.153027
                    divorced |   1.089098   .1044971     0.89   0.374     .9023926    1.314432
                     widowed |     3.2305   1.809683     2.09   0.036     1.077551    9.685044
                   part_time |   .6354688   .0598089    -4.82   0.000     .5284222    .7642008
                        erte |          1  (omitted)
                         age |          1  (omitted)
                     college |   1.588963   .0858512     8.57   0.000     1.429301     1.76646
                      tenure |   1.007226    .000272    26.66   0.000     1.006693     1.00776
                       _cons |   .0931034   .0156065   -14.16   0.000     .0670321    .1293149
----------------------------------------------------------------------------------------------
Note: _cons estimates baseline odds.
(est11 stored)
note: erte != 0 predicts success perfectly;
      erte omitted and 3 obs not used.

note: age omitted because of collinearity.

Logistic regression                                    Number of obs =  18,399
                                                       Wald chi2(26) = 2078.71
                                                       Prob > chi2   =  0.0000
Log pseudolikelihood = -3523000.4                      Pseudo R2     =  0.1535

----------------------------------------------------------------------------------------------
                             |               Robust
                   permanent | Odds ratio   std. err.      z    P>|z|     [95% conf. interval]
-----------------------------+----------------------------------------------------------------
                         act |
        manufactures, prim.  |   4.260217   .6314361     9.78   0.000     3.186172    5.696317
     extractive and energy.  |   6.195554   .8352151    13.53   0.000     4.756973    8.069183
         manufactures, sec.  |   6.286316   .8757951    13.20   0.000     4.784194    8.260069
               construction  |   1.596643   .2110998     3.54   0.000     1.232158    2.068946
      hospitality and sales  |   2.842029   .3523532     8.42   0.000     2.228933    3.623765
 Transport, storage and IT.  |   4.086541   .5438871    10.58   0.000     3.148238    5.304498
  Financial and prof. serv.  |   2.987384   .3846914     8.50   0.000     2.321027     3.84505
   Education and healthcare  |   3.449426   .5026097     8.50   0.000     2.592506     4.58959
             Other services  |   2.831358    .447861     6.58   0.000     2.076599    3.860441
                             |
                         occ |
       white collar - prof.  |   1.692274   .1751557     5.08   0.000     1.381556    2.072873
white collar - tech. suport  |   2.646484   .2727576     9.44   0.000     2.162424    3.238901
       white collar - other  |   7.141201   .9646128    14.55   0.000     5.480162    9.305701
     blue collar - services  |    1.79592   .1867214     5.63   0.000     1.464832    2.201842
  blue collar - agriculture  |   .6457403   .1184711    -2.38   0.017     .4507043    .9251755
     blue collar - artisans  |   1.735942   .1787871     5.36   0.000     1.418629    2.124231
       blue collar - equip.  |   2.371604   .2596318     7.89   0.000     1.913625     2.93919
                  unskilled  |   2.265689   .2610653     7.10   0.000     1.807674    2.839753
                             |
              public_servant |   1.685647   .1666767     5.28   0.000     1.388672    2.046131
                   parent_15 |   1.023134   .0841967     0.28   0.781     .8707324     1.20221
                     married |    1.07614   .0935833     0.84   0.399        .9075    1.276119
           married_parent_15 |   .9660058   .1102488    -0.30   0.762     .7723842    1.208164
                    divorced |   1.140802   .1059577     1.42   0.156     .9509349    1.368579
                     widowed |   .5945314   .2475208    -1.25   0.212     .2629025    1.344482
                   part_time |   .5627328   .0540442    -5.99   0.000     .4661803    .6792827
                        erte |          1  (omitted)
                         age |          1  (omitted)
                     college |   1.404321   .0749243     6.36   0.000      1.26489    1.559123
                      tenure |   1.007413   .0002762    26.94   0.000     1.006872    1.007955
                       _cons |   .0965754   .0154389   -14.62   0.000     .0705977    .1321121
----------------------------------------------------------------------------------------------
Note: _cons estimates baseline odds.
(est12 stored)
note: erte != 0 predicts success perfectly;
      erte omitted and 1 obs not used.

note: age omitted because of collinearity.

Logistic regression                                    Number of obs =  19,284
                                                       Wald chi2(26) = 2149.45
                                                       Prob > chi2   =  0.0000
Log pseudolikelihood = -3645368.7                      Pseudo R2     =  0.1446

----------------------------------------------------------------------------------------------
                             |               Robust
                   permanent | Odds ratio   std. err.      z    P>|z|     [95% conf. interval]
-----------------------------+----------------------------------------------------------------
                         act |
        manufactures, prim.  |   5.630687    .801603    12.14   0.000     4.259725    7.442883
     extractive and energy.  |   8.739492   1.186967    15.96   0.000      6.69698    11.40495
         manufactures, sec.  |   7.273742   1.025801    14.07   0.000     5.517149    9.589614
               construction  |   2.202048   .2907668     5.98   0.000     1.699929     2.85248
      hospitality and sales  |   3.558257   .4429036    10.20   0.000      2.78796    4.541383
 Transport, storage and IT.  |   4.293604   .5618508    11.14   0.000     3.322276    5.548916
  Financial and prof. serv.  |   3.689909   .4708329    10.23   0.000     2.873441    4.738371
   Education and healthcare  |   6.639997   .9951863    12.63   0.000     4.949848    8.907254
             Other services  |   3.308716   .5159515     7.67   0.000     2.437393     4.49152
                             |
                         occ |
       white collar - prof.  |   1.827649   .1791068     6.15   0.000     1.508261    2.214671
white collar - tech. suport  |   2.463909   .2429748     9.14   0.000     2.030881    2.989266
       white collar - other  |   5.082802   .6165062    13.40   0.000     4.007364    6.446852
     blue collar - services  |   1.953492   .1940471     6.74   0.000     1.607899    2.373364
  blue collar - agriculture  |   1.105847   .1931421     0.58   0.565     .7852863    1.557263
     blue collar - artisans  |   1.665698   .1608328     5.28   0.000     1.378503    2.012726
       blue collar - equip.  |   2.848749   .2929284    10.18   0.000     2.328775    3.484822
                  unskilled  |   2.239465   .2379782     7.59   0.000     1.818405    2.758022
                             |
              public_servant |    1.16424   .1142081     1.55   0.121     .9605993     1.41105
                   parent_15 |   1.041209   .0808979     0.52   0.603     .8941344    1.212476
                     married |   1.418332    .118972     4.17   0.000      1.20331    1.671776
           married_parent_15 |   .8515423   .0935494    -1.46   0.144      .686585    1.056132
                    divorced |   1.181949   .0996385     1.98   0.047     1.001942    1.394297
                     widowed |   .6947488   .2074241    -1.22   0.223     .3869841    1.247276
                   part_time |   .6229719   .0579418    -5.09   0.000     .5191577    .7475454
                        erte |          1  (omitted)
                         age |          1  (omitted)
                     college |    1.35448   .0693721     5.92   0.000     1.225115    1.497505
                      tenure |   1.007049   .0002675    26.44   0.000     1.006525    1.007574
                       _cons |   .0740151   .0114739   -16.79   0.000     .0546218    .1002939
----------------------------------------------------------------------------------------------
Note: _cons estimates baseline odds.
(est13 stored)
note: erte != 0 predicts success perfectly;
      erte omitted and 4 obs not used.

note: age omitted because of collinearity.

Logistic regression                                    Number of obs =  19,895
                                                       Wald chi2(26) = 2117.66
                                                       Prob > chi2   =  0.0000
Log pseudolikelihood = -3754032.5                      Pseudo R2     =  0.1305

----------------------------------------------------------------------------------------------
                             |               Robust
                   permanent | Odds ratio   std. err.      z    P>|z|     [95% conf. interval]
-----------------------------+----------------------------------------------------------------
                         act |
        manufactures, prim.  |   5.035283   .6754282    12.05   0.000      3.87119    6.549427
     extractive and energy.  |   8.943887   1.154518    16.97   0.000     6.944633     11.5187
         manufactures, sec.  |   8.535527   1.144803    15.99   0.000      6.56244    11.10185
               construction  |    1.95501   .2405532     5.45   0.000     1.536079    2.488197
      hospitality and sales  |    3.61676   .4249019    10.94   0.000     2.872893    4.553235
 Transport, storage and IT.  |   4.720748   .5912789    12.39   0.000     3.693149     6.03427
  Financial and prof. serv.  |   4.052555   .4882002    11.62   0.000     3.200273    5.131814
   Education and healthcare  |   4.409517   .6371838    10.27   0.000     3.321932    5.853172
             Other services  |   4.014132   .6148747     9.07   0.000     2.973081    5.419716
                             |
                         occ |
       white collar - prof.  |   1.862181   .1767697     6.55   0.000      1.54604    2.242969
white collar - tech. suport  |   2.217884   .2104454     8.39   0.000     1.841501    2.671195
       white collar - other  |   3.492065   .4036503    10.82   0.000     2.784141    4.379992
     blue collar - services  |   2.110401   .2070398     7.61   0.000     1.741239     2.55783
  blue collar - agriculture  |   1.185021   .1890097     1.06   0.287     .8668826    1.619914
     blue collar - artisans  |   1.484874    .137729     4.26   0.000     1.238046    1.780912
       blue collar - equip.  |    2.58899   .2585568     9.53   0.000      2.12874    3.148749
                  unskilled  |   2.022528   .2159881     6.60   0.000     1.640566     2.49342
                             |
              public_servant |   1.337465   .1366699     2.85   0.004     1.094717    1.634041
                   parent_15 |   1.007729   .0732465     0.11   0.916     .8739258    1.162019
                     married |   1.152313   .0908216     1.80   0.072     .9873735    1.344805
           married_parent_15 |   .9882547   .1007141    -0.12   0.908     .8093232    1.206746
                    divorced |   1.006275   .0849479     0.07   0.941     .8528253    1.187336
                     widowed |    5.51879   2.694803     3.50   0.000     2.119364    14.37084
                   part_time |   .5031828   .0487734    -7.09   0.000     .4161203    .6084608
                        erte |          1  (omitted)
                         age |          1  (omitted)
                     college |   1.335692   .0672752     5.75   0.000     1.210134    1.474277
                      tenure |   1.006293   .0002585    24.42   0.000     1.005786    1.006799
                       _cons |   .0997442   .0148955   -15.44   0.000     .0744341    .1336606
----------------------------------------------------------------------------------------------
Note: _cons estimates baseline odds.
(est14 stored)
note: age omitted because of collinearity.

Logistic regression                                    Number of obs =  20,212
                                                       Wald chi2(27) = 2016.51
                                                       Prob > chi2   =  0.0000
Log pseudolikelihood = -3754114.3                      Pseudo R2     =  0.1310

----------------------------------------------------------------------------------------------
                             |               Robust
                   permanent | Odds ratio   std. err.      z    P>|z|     [95% conf. interval]
-----------------------------+----------------------------------------------------------------
                         act |
        manufactures, prim.  |   5.462455   .7799373    11.89   0.000     4.129068    7.226428
     extractive and energy.  |   10.46294   1.456431    16.87   0.000     7.964662    13.74486
         manufactures, sec.  |      9.512   1.369995    15.64   0.000     7.172572    12.61446
               construction  |   1.982031   .2624464     5.17   0.000     1.528975    2.569334
      hospitality and sales  |   3.542697   .4490661     9.98   0.000     2.763358    4.541829
 Transport, storage and IT.  |   4.822642   .6419235    11.82   0.000     3.715223    6.260157
  Financial and prof. serv.  |   3.389584   .4376317     9.45   0.000     2.631765    4.365617
   Education and healthcare  |   3.756128   .5592938     8.89   0.000     2.805402    5.029048
             Other services  |   3.110415   .4771518     7.40   0.000     2.302715    4.201424
                             |
                         occ |
       white collar - prof.  |   1.790167   .1792481     5.82   0.000     1.471172     2.17833
white collar - tech. suport  |   2.719138   .2788249     9.76   0.000     2.224066    3.324412
       white collar - other  |   5.124809   .6469443    12.94   0.000      4.00151    6.563439
     blue collar - services  |   2.028294   .2116934     6.78   0.000     1.653068    2.488691
  blue collar - agriculture  |   1.785467   .2908239     3.56   0.000     1.297492    2.456964
     blue collar - artisans  |   1.513944   .1502672     4.18   0.000     1.246302    1.839061
       blue collar - equip.  |   2.391532   .2538556     8.21   0.000     1.942331     2.94462
                  unskilled  |   2.256586   .2545223     7.22   0.000     1.809023    2.814879
                             |
              public_servant |   1.286947   .1275296     2.55   0.011     1.059768    1.562824
                   parent_15 |   .9948105   .0684199    -0.08   0.940     .8693555     1.13837
                     married |   1.184652   .0934196     2.15   0.032     1.015001    1.382658
           married_parent_15 |   1.032581   .1028424     0.32   0.748     .8494669    1.255167
                    divorced |   1.023907   .0935933     0.26   0.796     .8559606    1.224805
                     widowed |   1.310361   .7169826     0.49   0.621     .4483775    3.829463
                   part_time |   .5101546   .0497847    -6.90   0.000     .4213425    .6176868
                        erte |   .2590676   .1954293    -1.79   0.073     .0590614    1.136377
                         age |          1  (omitted)
                     college |    1.32515   .0671055     5.56   0.000     1.199942    1.463423
                      tenure |   1.006477   .0002609    24.91   0.000     1.005966    1.006988
                       _cons |   .0931879   .0150038   -14.74   0.000      .067969    .1277639
----------------------------------------------------------------------------------------------
Note: _cons estimates baseline odds.
(est15 stored)
note: age omitted because of collinearity.

Logistic regression                                    Number of obs =  18,148
                                                       Wald chi2(27) = 2093.90
                                                       Prob > chi2   =  0.0000
Log pseudolikelihood = -3431487.8                      Pseudo R2     =  0.1597

----------------------------------------------------------------------------------------------
                             |               Robust
                   permanent | Odds ratio   std. err.      z    P>|z|     [95% conf. interval]
-----------------------------+----------------------------------------------------------------
                         act |
        manufactures, prim.  |   5.737452    .893375    11.22   0.000     4.228429    7.785009
     extractive and energy.  |   6.840281   .9875703    13.32   0.000     5.154436    9.077511
         manufactures, sec.  |   6.888843   1.016275    13.08   0.000     5.159089    9.198554
               construction  |   1.417979   .1921791     2.58   0.010     1.087192    1.849411
      hospitality and sales  |   2.378494   .3029874     6.80   0.000     1.852979    3.053046
 Transport, storage and IT.  |   3.704366   .5069905     9.57   0.000       2.8328    4.844086
  Financial and prof. serv.  |   2.467948   .3232979     6.90   0.000     1.909105    3.190379
   Education and healthcare  |   2.915221   .4500661     6.93   0.000     2.154065    3.945337
             Other services  |    1.54816     .25151     2.69   0.007     1.125983    2.128628
                             |
                         occ |
       white collar - prof.  |   2.590098   .2825869     8.72   0.000     2.091451    3.207633
white collar - tech. suport  |   4.932247   .5567965    14.14   0.000     3.953243    6.153697
       white collar - other  |    9.51763   1.290036    16.62   0.000     7.297188    12.41372
     blue collar - services  |   3.577502   .4087424    11.16   0.000     2.859743    4.475409
  blue collar - agriculture  |   2.144881   .3742666     4.37   0.000     1.523613    3.019478
     blue collar - artisans  |   2.923997   .3181848     9.86   0.000     2.362384    3.619123
       blue collar - equip.  |   3.425002   .3969824    10.62   0.000     2.728981    4.298542
                  unskilled  |   4.064991   .5008785    11.38   0.000     3.192835    5.175384
                             |
              public_servant |   1.295595   .1393208     2.41   0.016     1.049388    1.599567
                   parent_15 |   .9669326   .0725966    -0.45   0.654     .8346196    1.120221
                     married |   .9639166   .0832444    -0.43   0.670     .8138215    1.141694
           married_parent_15 |   1.220613   .1340855     1.81   0.070     .9841755    1.513851
                    divorced |   1.241335    .125109     2.15   0.032     1.018826    1.512439
                     widowed |   .4258402   .2133941    -1.70   0.088     .1594772     1.13709
                   part_time |   .5112736   .0584332    -5.87   0.000     .4086675    .6396416
                        erte |   2.558688   .4031871     5.96   0.000     1.878835    3.484545
                         age |          1  (omitted)
                     college |   1.559136   .0873582     7.93   0.000     1.396984     1.74011
                      tenure |   1.007621   .0002871    26.65   0.000     1.007059    1.008184
                       _cons |   .0722722   .0116997   -16.23   0.000      .052623    .0992583
----------------------------------------------------------------------------------------------
Note: _cons estimates baseline odds.
(est16 stored)
note: age omitted because of collinearity.

Logistic regression                                    Number of obs =  16,250
                                                       Wald chi2(27) = 1679.18
                                                       Prob > chi2   =  0.0000
Log pseudolikelihood = -3379813.3                      Pseudo R2     =  0.1516

----------------------------------------------------------------------------------------------
                             |               Robust
                   permanent | Odds ratio   std. err.      z    P>|z|     [95% conf. interval]
-----------------------------+----------------------------------------------------------------
                         act |
        manufactures, prim.  |   6.030073    .978925    11.07   0.000     4.386702    8.289094
     extractive and energy.  |   8.002281   1.227551    13.56   0.000     5.924331    10.80907
         manufactures, sec.  |   6.109551   1.012972    10.92   0.000     4.414474    8.455507
               construction  |   1.777898   .2534416     4.04   0.000     1.344519    2.350967
      hospitality and sales  |   2.516851   .3378769     6.88   0.000     1.934583    3.274371
 Transport, storage and IT.  |   3.598078   .5151777     8.94   0.000     2.717655    4.763726
  Financial and prof. serv.  |   2.470797   .3373606     6.62   0.000     1.890665    3.228936
   Education and healthcare  |   3.256872   .5247204     7.33   0.000     2.374991    4.466211
             Other services  |   2.660742   .4922212     5.29   0.000     1.851551    3.823578
                             |
                         occ |
       white collar - prof.  |   2.342083   .2906215     6.86   0.000     1.836452    2.986931
white collar - tech. suport  |   4.545263   .5708895    12.05   0.000     3.553426    5.813943
       white collar - other  |   9.793304   1.555671    14.36   0.000     7.173242    13.37036
     blue collar - services  |   3.391891   .4378476     9.46   0.000     2.633681    4.368381
  blue collar - agriculture  |   1.329738   .2508762     1.51   0.131     .9186997    1.924681
     blue collar - artisans  |   2.538442   .3151253     7.50   0.000     1.990206    3.237699
       blue collar - equip.  |   3.620121   .4739312     9.83   0.000     2.800833    4.679062
                  unskilled  |   2.920614   .4076803     7.68   0.000     2.221556    3.839645
                             |
              public_servant |   1.088684   .1197709     0.77   0.440     .8775212    1.350661
                   parent_15 |    1.03884   .0886007     0.45   0.655     .8789237    1.227852
                     married |   1.261715   .1243973     2.36   0.018     1.040012    1.530681
           married_parent_15 |   .9017289   .1137041    -0.82   0.412     .7042764     1.15454
                    divorced |   .9954959   .1100015    -0.04   0.967     .8016456    1.236222
                     widowed |   .8152435   .3646266    -0.46   0.648     .3392955    1.958829
                   part_time |   .5762857   .0658287    -4.82   0.000     .4606868    .7208916
                        erte |   6.234018   3.381621     3.37   0.001     2.152964    18.05092
                         age |          1  (omitted)
                     college |   1.480897   .0915191     6.35   0.000      1.31196    1.671587
                      tenure |   1.007677   .0003311    23.27   0.000     1.007028    1.008326
                       _cons |   .0781182    .013783   -14.45   0.000     .0552799    .1103917
----------------------------------------------------------------------------------------------
Note: _cons estimates baseline odds.
(est17 stored)
note: erte != 0 predicts success perfectly;
      erte omitted and 12 obs not used.

note: age omitted because of collinearity.

Logistic regression                                    Number of obs =  15,429
                                                       Wald chi2(26) = 1319.19
                                                       Prob > chi2   =  0.0000
Log pseudolikelihood = -3215054.1                      Pseudo R2     =  0.1273

----------------------------------------------------------------------------------------------
                             |               Robust
                   permanent | Odds ratio   std. err.      z    P>|z|     [95% conf. interval]
-----------------------------+----------------------------------------------------------------
                         act |
        manufactures, prim.  |   8.282961   1.482431    11.81   0.000     5.832342    11.76327
     extractive and energy.  |   9.515821    1.54566    13.87   0.000     6.921259      13.083
         manufactures, sec.  |   6.296873   1.079532    10.73   0.000     4.499823    8.811591
               construction  |   2.485387   .3756809     6.02   0.000     1.848119    3.342398
      hospitality and sales  |   2.888359   .4117899     7.44   0.000      2.18422    3.819495
 Transport, storage and IT.  |   4.539816   .7020517     9.78   0.000     3.352785    6.147107
  Financial and prof. serv.  |   3.431476   .5045881     8.39   0.000     2.572257    4.577702
   Education and healthcare  |   3.422011   .5622279     7.49   0.000     2.479882    4.722062
             Other services  |   3.157425   .5626281     6.45   0.000      2.22667    4.477241
                             |
                         occ |
       white collar - prof.  |   3.096689   .3740954     9.36   0.000     2.443814    3.923981
white collar - tech. suport  |   6.392163   .7935849    14.94   0.000     5.011543    8.153127
       white collar - other  |    9.50273   1.466614    14.59   0.000     7.022267    12.85936
     blue collar - services  |   5.314175   .6681679    13.29   0.000     4.153475    6.799236
  blue collar - agriculture  |   1.853949    .348877     3.28   0.001     1.282089    2.680879
     blue collar - artisans  |   3.436619   .4175128    10.16   0.000     2.708441    4.360571
       blue collar - equip.  |   5.802429   .7629902    13.37   0.000     4.484161    7.508247
                  unskilled  |   4.905615   .7093724    11.00   0.000     3.694929    6.512995
                             |
              public_servant |   .9869569   .1020993    -0.13   0.899     .8058284    1.208798
                   parent_15 |   1.037998   .0873508     0.44   0.658     .8801675    1.224131
                     married |   1.121821    .113614     1.14   0.256     .9198503    1.368139
           married_parent_15 |    .934904   .1183205    -0.53   0.595     .7295243    1.198103
                    divorced |   1.037883   .1123668     0.34   0.731     .8394461    1.283229
                     widowed |   .3364053   .1984631    -1.85   0.065     .1058509    1.069132
                   part_time |   .5098699   .0578467    -5.94   0.000     .4082135    .6368417
                        erte |          1  (omitted)
                         age |          1  (omitted)
                     college |   1.566218    .102426     6.86   0.000       1.3778    1.780403
                      tenure |   1.005629   .0003193    17.68   0.000     1.005003    1.006255
                       _cons |    .075308   .0140608   -13.85   0.000     .0522291    .1085849
----------------------------------------------------------------------------------------------
Note: _cons estimates baseline odds.
(est18 stored)
