
. forval t=2005/2022 { 
  2. eststo m`t': logistic permanent i.act i.occ public_servant parent_10 married married_parent_10 divorced widowed part_time erte college i.age if yd==`t'&mili==0&age30
> 40==1&woman==0 [pw=factorel], vce(robust)
  3. }

Logistic regression                                    Number of obs =  49,489
                                                       Wald chi2(27) = 4010.36
                                                       Prob > chi2   =  0.0000
Log pseudolikelihood = -10790462                       Pseudo R2     =  0.1167

----------------------------------------------------------------------------------------------
                             |               Robust
                   permanent | Odds ratio   std. err.      z    P>|z|     [95% conf. interval]
-----------------------------+----------------------------------------------------------------
                         act |
        manufactures, prim.  |   6.681807   .6515976    19.48   0.000      5.51933    8.089125
     extractive and energy.  |   6.951337   .6476592    20.81   0.000     5.791106    8.344017
         manufactures, sec.  |   7.394569   .7212119    20.51   0.000     6.107915    8.952263
               construction  |   1.764429   .1546312     6.48   0.000     1.485958    2.095086
      hospitality and sales  |   3.409275   .2922074    14.31   0.000     2.882079    4.032906
 Transport, storage and IT.  |   3.630001   .3391646    13.80   0.000     3.022566     4.35951
  Financial and prof. serv.  |   4.453027   .4043218    16.45   0.000      3.72708    5.320372
   Education and healthcare  |   2.266325   .2312429     8.02   0.000     1.855541     2.76805
             Other services  |   2.660107   .2629814     9.90   0.000     2.191535    3.228865
                             |
                         occ |
       white collar - prof.  |   2.838403   .1868323    15.85   0.000     2.494856    3.229258
white collar - tech. suport  |   4.251893   .2631987    23.38   0.000     3.766098    4.800351
       white collar - other  |   5.542663   .4270727    22.22   0.000     4.765756     6.44622
     blue collar - services  |   5.159937   .3338719    25.36   0.000     4.545354    5.857619
  blue collar - agriculture  |     2.6677   .3378943     7.75   0.000     2.081243    3.419411
     blue collar - artisans  |   2.892098   .1706607    18.00   0.000     2.576227    3.246697
       blue collar - equip.  |   3.482601   .2168208    20.04   0.000     3.082544    3.934577
                  unskilled  |   2.241468   .1450379    12.47   0.000     1.974487     2.54455
                             |
              public_servant |   3.461703    .234638    18.32   0.000     3.031059    3.953531
                   parent_10 |   1.029746    .074969     0.40   0.687     .8928118    1.187683
                     married |   1.394566    .060563     7.66   0.000     1.280776    1.518465
           married_parent_10 |   1.072102   .0900703     0.83   0.407     .9093355    1.264002
                    divorced |   1.046928    .083503     0.57   0.565     .8954163    1.224077
                     widowed |   2.202005   1.385914     1.25   0.210     .6413322    7.560556
                   part_time |   .3297206   .0303009   -12.07   0.000     .2753732     .394794
                        erte |   .0279711   .0302734    -3.30   0.001     .0033531    .2333312
                     college |   1.504211   .0513773    11.95   0.000      1.40681    1.608356
                      35.age |   1.073331   .0291921     2.60   0.009     1.017614    1.132099
                       _cons |   .0719477   .0071217   -26.59   0.000     .0592599     .087352
----------------------------------------------------------------------------------------------
Note: _cons estimates baseline odds.

Logistic regression                                    Number of obs =  41,333
                                                       Wald chi2(27) = 3545.94
                                                       Prob > chi2   =  0.0000
Log pseudolikelihood = -8992337.3                      Pseudo R2     =  0.1121

----------------------------------------------------------------------------------------------
                             |               Robust
                   permanent | Odds ratio   std. err.      z    P>|z|     [95% conf. interval]
-----------------------------+----------------------------------------------------------------
                         act |
        manufactures, prim.  |   5.520155   .5827365    16.18   0.000     4.488425    6.789043
     extractive and energy.  |   5.808221   .5775814    17.69   0.000      4.77967    7.058109
         manufactures, sec.  |   5.561986    .578293    16.50   0.000     4.536579    6.819168
               construction  |   1.415026   .1335602     3.68   0.000     1.176039    1.702577
      hospitality and sales  |   3.213674   .2997112    12.52   0.000     2.676811    3.858211
 Transport, storage and IT.  |   3.067168   .3098162    11.10   0.000      2.51627    3.738676
  Financial and prof. serv.  |   3.569942   .3538435    12.84   0.000     2.939627    4.335409
   Education and healthcare  |   2.169297   .2392215     7.02   0.000     1.747639    2.692688
             Other services  |   2.606776   .2890389     8.64   0.000       2.0976    3.239551
                             |
                         occ |
       white collar - prof.  |   3.490779   .2491949    17.51   0.000     3.034995    4.015011
white collar - tech. suport  |   4.725262   .3036588    24.17   0.000     4.166057    5.359528
       white collar - other  |   6.995595   .5589898    24.34   0.000     5.981479    8.181648
     blue collar - services  |   5.076099   .3371838    24.46   0.000     4.456443    5.781917
  blue collar - agriculture  |   3.365409   .4527236     9.02   0.000     2.585425    4.380702
     blue collar - artisans  |   2.988489   .1782551    18.35   0.000     2.658765    3.359105
       blue collar - equip.  |   3.933318   .2497833    21.57   0.000     3.472993    4.454656
                  unskilled  |   2.350758   .1568321    12.81   0.000     2.062622    2.679146
                             |
              public_servant |   2.489015   .1850838    12.26   0.000     2.151454     2.87954
                   parent_10 |   1.110729    .077951     1.50   0.135     .9679899    1.274517
                     married |   1.281727    .055868     5.69   0.000     1.176775     1.39604
           married_parent_10 |   1.025059   .0833533     0.30   0.761     .8740434    1.202167
                    divorced |   1.246563   .0910431     3.02   0.003     1.080305    1.438408
                     widowed |   .5198574   .1898074    -1.79   0.073     .2541549    1.063335
                   part_time |   .2899179     .02825   -12.71   0.000      .239515    .3509273
                        erte |   3.734647   4.036884     1.22   0.223     .4489126    31.06971
                     college |   1.541071   .0542577    12.28   0.000     1.438315     1.65117
                      35.age |   1.080393   .0304201     2.75   0.006     1.022386    1.141691
                       _cons |   .0758486   .0080196   -24.39   0.000     .0616522    .0933139
----------------------------------------------------------------------------------------------
Note: _cons estimates baseline odds.
note: erte omitted because of collinearity.

Logistic regression                                    Number of obs =  43,432
                                                       Wald chi2(26) = 4410.07
                                                       Prob > chi2   =  0.0000
Log pseudolikelihood = -9168438.1                      Pseudo R2     =  0.1225

----------------------------------------------------------------------------------------------
                             |               Robust
                   permanent | Odds ratio   std. err.      z    P>|z|     [95% conf. interval]
-----------------------------+----------------------------------------------------------------
                         act |
        manufactures, prim.  |   4.315827   .4581176    13.78   0.000     3.505181    5.313952
     extractive and energy.  |   5.217915   .5286023    16.31   0.000     4.278246    6.363971
         manufactures, sec.  |   5.739527   .5959615    16.83   0.000     4.682653    7.034938
               construction  |   1.150261   .1084162     1.49   0.137     .9562419    1.383647
      hospitality and sales  |   2.748271   .2569811    10.81   0.000     2.288056    3.301052
 Transport, storage and IT.  |   2.910182   .3001955    10.36   0.000     2.377473    3.562251
  Financial and prof. serv.  |   3.040379   .2968749    11.39   0.000     2.510804    3.681649
   Education and healthcare  |   1.903935   .2089453     5.87   0.000     1.535458    2.360838
             Other services  |   1.922059    .210782     5.96   0.000     1.550315    2.382942
                             |
                         occ |
       white collar - prof.  |   3.131209   .2147609    16.64   0.000     2.737351    3.581737
white collar - tech. suport  |   4.905294     .30424    25.64   0.000     4.343813    5.539351
       white collar - other  |   6.355671   .4866549    24.15   0.000     5.469968    7.384789
     blue collar - services  |   5.430374   .3498816    26.26   0.000     4.786151     6.16131
  blue collar - agriculture  |   2.493916   .2998441     7.60   0.000     1.970342    3.156618
     blue collar - artisans  |    3.04611   .1726804    19.65   0.000     2.725788    3.404076
       blue collar - equip.  |   3.944433   .2423766    22.33   0.000     3.496875    4.449273
                  unskilled  |   2.101685   .1342562    11.63   0.000     1.854354    2.382005
                             |
              public_servant |   2.486626   .1813147    12.49   0.000     2.155481    2.868644
                   parent_10 |   1.013908   .0648295     0.22   0.829      .894484    1.149277
                     married |   1.205217   .0495504     4.54   0.000      1.11191    1.306354
           married_parent_10 |   1.288785   .0966793     3.38   0.001     1.112569    1.492912
                    divorced |   1.093985   .0814758     1.21   0.228      .945403    1.265917
                     widowed |   1.383564   .5683684     0.79   0.429     .6184795    3.095088
                   part_time |   .3782472   .0345235   -10.65   0.000     .3162894    .4523421
                        erte |          1  (omitted)
                     college |   1.628768   .0551685    14.40   0.000     1.524151    1.740566
                      35.age |   1.119535   .0305706     4.14   0.000     1.061192    1.181084
                       _cons |   .0908791   .0095455   -22.83   0.000     .0739703     .111653
----------------------------------------------------------------------------------------------
Note: _cons estimates baseline odds.

Logistic regression                                    Number of obs =  43,398
                                                       Wald chi2(27) = 4083.60
                                                       Prob > chi2   =  0.0000
Log pseudolikelihood = -9432085.2                      Pseudo R2     =  0.1176

----------------------------------------------------------------------------------------------
                             |               Robust
                   permanent | Odds ratio   std. err.      z    P>|z|     [95% conf. interval]
-----------------------------+----------------------------------------------------------------
                         act |
        manufactures, prim.  |   4.908957   .5395634    14.48   0.000     3.957584    6.089032
     extractive and energy.  |   7.158248   .7474463    18.85   0.000     5.833462    8.783893
         manufactures, sec.  |   5.751542   .6196046    16.24   0.000     4.656779    7.103672
               construction  |   1.574585   .1556173     4.59   0.000     1.297303    1.911133
      hospitality and sales  |    3.38346   .3333174    12.37   0.000     2.789369    4.104082
 Transport, storage and IT.  |   3.737777   .3880121    12.70   0.000     3.049661    4.581156
  Financial and prof. serv.  |   3.094681   .3110152    11.24   0.000     2.541384     3.76844
   Education and healthcare  |   2.410104   .2759474     7.68   0.000     1.925646    3.016442
             Other services  |   2.479694   .3035783     7.42   0.000     1.950694    3.152151
                             |
                         occ |
       white collar - prof.  |   3.097984   .2034467    17.22   0.000     2.723831    3.523531
white collar - tech. suport  |   4.240547   .2567977    23.86   0.000     3.765954    4.774948
       white collar - other  |   7.017287   .5522119    24.76   0.000     6.014306    8.187529
     blue collar - services  |   4.665096    .296577    24.23   0.000     4.118572    5.284143
  blue collar - agriculture  |   2.070111     .25056     6.01   0.000     1.632927    2.624342
     blue collar - artisans  |   2.471459   .1386255    16.13   0.000      2.21416    2.758657
       blue collar - equip.  |   3.499267    .208404    21.03   0.000     3.113742    3.932527
                  unskilled  |   1.911608   .1203393    10.29   0.000     1.689718    2.162637
                             |
              public_servant |   2.295564   .1717854    11.10   0.000     1.982398    2.658202
                   parent_10 |   .8820902    .051436    -2.15   0.031      .786825    .9888898
                     married |    1.22311   .0500776     4.92   0.000     1.128794    1.325306
           married_parent_10 |   1.336981   .0945316     4.11   0.000     1.163968    1.535712
                    divorced |   .8962293   .0684587    -1.43   0.151     .7716137     1.04097
                     widowed |   .9715999   .5911225    -0.05   0.962     .2948597    3.201544
                   part_time |   .3784231   .0331162   -11.10   0.000     .3187778    .4492283
                        erte |   .4086368   .3157675    -1.16   0.247     .0898639    1.858189
                     college |    1.60904   .0549271    13.93   0.000     1.504907    1.720378
                      35.age |   1.121365   .0301105     4.27   0.000     1.063875    1.181961
                       _cons |   .0887237   .0096445   -22.28   0.000     .0716988    .1097912
----------------------------------------------------------------------------------------------
Note: _cons estimates baseline odds.

Logistic regression                                    Number of obs =  43,421
                                                       Wald chi2(27) = 3865.23
                                                       Prob > chi2   =  0.0000
Log pseudolikelihood = -9307131.3                      Pseudo R2     =  0.1134

----------------------------------------------------------------------------------------------
                             |               Robust
                   permanent | Odds ratio   std. err.      z    P>|z|     [95% conf. interval]
-----------------------------+----------------------------------------------------------------
                         act |
        manufactures, prim.  |   6.706459   .6566832    19.44   0.000     5.535353    8.125335
     extractive and energy.  |   7.435007   .6826091    21.85   0.000     6.210584    8.900826
         manufactures, sec.  |   7.657401   .7338568    21.24   0.000     6.346078    9.239689
               construction  |   1.833492   .1591375     6.98   0.000     1.546676    2.173496
      hospitality and sales  |   4.056395   .3511187    16.18   0.000     3.423425    4.806397
 Transport, storage and IT.  |   4.649942    .424757    16.82   0.000     3.887703    5.561629
  Financial and prof. serv.  |   4.143028   .3674731    16.03   0.000     3.481922    4.929657
   Education and healthcare  |   2.763965   .2811726     9.99   0.000     2.264339    3.373833
             Other services  |   2.435069   .2628798     8.24   0.000     1.970694     3.00887
                             |
                         occ |
       white collar - prof.  |   3.073086   .1994052    17.30   0.000      2.70609    3.489853
white collar - tech. suport  |   3.906259   .2332476    22.82   0.000      3.47484    4.391242
       white collar - other  |   5.914573   .4563466    23.04   0.000     5.084495    6.880166
     blue collar - services  |   4.649296   .2907588    24.57   0.000     4.112961    5.255571
  blue collar - agriculture  |    2.90874     .35065     8.86   0.000     2.296635    3.683983
     blue collar - artisans  |   2.520443   .1416502    16.45   0.000     2.257558     2.81394
       blue collar - equip.  |   3.329433   .1999519    20.03   0.000      2.95972    3.745328
                  unskilled  |   1.991389   .1263127    10.86   0.000     1.758591    2.255004
                             |
              public_servant |   2.011926   .1429137     9.84   0.000     1.750444    2.312467
                   parent_10 |   .9618485   .0550842    -0.68   0.497     .8597241    1.076104
                     married |   1.299826   .0546842     6.23   0.000     1.196947    1.411548
           married_parent_10 |   1.075269    .075658     1.03   0.302     .9367527    1.234267
                    divorced |   .9699405    .071986    -0.41   0.681     .8386321    1.121808
                     widowed |   .4515719   .1642755    -2.19   0.029     .2213461    .9212595
                   part_time |   .4742432   .0384772    -9.20   0.000     .4045199    .5559841
                        erte |   1.107187   .3205812     0.35   0.725     .6277099    1.952912
                     college |   1.778046   .0597781    17.12   0.000      1.66466    1.899155
                      35.age |   1.146702   .0307951     5.10   0.000     1.087905    1.208676
                       _cons |    .070482   .0068827   -27.16   0.000     .0582045    .0853492
----------------------------------------------------------------------------------------------
Note: _cons estimates baseline odds.

Logistic regression                                    Number of obs =  42,571
                                                       Wald chi2(27) = 4114.87
                                                       Prob > chi2   =  0.0000
Log pseudolikelihood = -8862813.5                      Pseudo R2     =  0.1203

----------------------------------------------------------------------------------------------
                             |               Robust
                   permanent | Odds ratio   std. err.      z    P>|z|     [95% conf. interval]
-----------------------------+----------------------------------------------------------------
                         act |
        manufactures, prim.  |     5.9502   .5516381    19.24   0.000      4.96155     7.13585
     extractive and energy.  |   7.087166   .6176052    22.47   0.000     5.974415    8.407171
         manufactures, sec.  |   7.808288   .7020507    22.86   0.000     6.546716     9.31297
               construction  |   1.709257   .1382636     6.63   0.000     1.458656    2.002913
      hospitality and sales  |   3.744975    .298022    16.59   0.000     3.204137    4.377104
 Transport, storage and IT.  |   4.398127    .375625    17.34   0.000     3.720234    5.199543
  Financial and prof. serv.  |   4.089693   .3393675    16.97   0.000     3.475818    4.811987
   Education and healthcare  |    2.85678   .2626273    11.42   0.000     2.385749    3.420809
             Other services  |   2.515388   .2602328     8.92   0.000     2.053727    3.080826
                             |
                         occ |
       white collar - prof.  |   3.459913   .2300805    18.67   0.000     3.037114    3.941569
white collar - tech. suport  |   4.444145   .2799699    23.68   0.000     3.927939    5.028191
       white collar - other  |   5.863045   .4536654    22.86   0.000     5.038019    6.823179
     blue collar - services  |   4.681253   .3010331    24.00   0.000     4.126907    5.310062
  blue collar - agriculture  |   2.890643   .3225494     9.51   0.000     2.322812    3.597285
     blue collar - artisans  |   2.812968   .1675956    17.36   0.000     2.502941    3.161397
       blue collar - equip.  |   4.199889   .2630512    22.91   0.000     3.714707     4.74844
                  unskilled  |   2.007468   .1335189    10.48   0.000     1.762115    2.286983
                             |
              public_servant |   2.052117   .1363214    10.82   0.000     1.801594    2.337476
                   parent_10 |   .9505918   .0514125    -0.94   0.349     .8549822    1.056893
                     married |    1.30977   .0559808     6.31   0.000      1.20452    1.424217
           married_parent_10 |   1.140682   .0776077     1.93   0.053     .9982795    1.303399
                    divorced |   1.006464   .0786409     0.08   0.934     .8635525    1.173025
                     widowed |   .4574854   .1677075    -2.13   0.033     .2230176    .9384592
                   part_time |   .3435948    .027194   -13.50   0.000     .2942237    .4012504
                        erte |   .5702487   .1933826    -1.66   0.098     .2933628    1.108469
                     college |   1.647447   .0555194    14.81   0.000     1.542146    1.759937
                      35.age |   1.100619   .0301853     3.50   0.000     1.043019    1.161401
                       _cons |   .0692129   .0064796   -28.53   0.000     .0576101    .0831525
----------------------------------------------------------------------------------------------
Note: _cons estimates baseline odds.

Logistic regression                                    Number of obs =  40,123
                                                       Wald chi2(27) = 3369.69
                                                       Prob > chi2   =  0.0000
Log pseudolikelihood = -8709201.5                      Pseudo R2     =  0.1095

----------------------------------------------------------------------------------------------
                             |               Robust
                   permanent | Odds ratio   std. err.      z    P>|z|     [95% conf. interval]
-----------------------------+----------------------------------------------------------------
                         act |
        manufactures, prim.  |   5.581651    .536891    17.88   0.000     4.622605    6.739668
     extractive and energy.  |   6.471058   .5789113    20.87   0.000      5.43032    7.711257
         manufactures, sec.  |   5.019282   .4668588    17.34   0.000     4.182815    6.023022
               construction  |   1.342732   .1132549     3.49   0.000     1.138134     1.58411
      hospitality and sales  |   3.358801    .278535    14.61   0.000     2.854938    3.951589
 Transport, storage and IT.  |   3.393784    .302895    13.69   0.000     2.849145    4.042536
  Financial and prof. serv.  |   2.935591   .2510395    12.59   0.000     2.482586    3.471257
   Education and healthcare  |   1.885435   .1799683     6.64   0.000     1.563734    2.273319
             Other services  |   1.950704   .2087985     6.24   0.000     1.581543    2.406035
                             |
                         occ |
       white collar - prof.  |   1.578679   .1177171     6.12   0.000     1.364026    1.827112
white collar - tech. suport  |   2.185294   .1611529    10.60   0.000     1.891205    2.525114
       white collar - other  |   3.013171   .2531486    13.13   0.000     2.555706    3.552521
     blue collar - services  |   1.509392   .1107561     5.61   0.000     1.307202    1.742856
  blue collar - agriculture  |   .8890927   .1050559    -0.99   0.320      .705291    1.120794
     blue collar - artisans  |   1.346296   .0949192     4.22   0.000      1.17254    1.545802
       blue collar - equip.  |   1.929567   .1446796     8.77   0.000     1.665852    2.235029
                  unskilled  |   .8995616   .0702796    -1.35   0.175      .771844    1.048413
                             |
              public_servant |   3.203724   .2261551    16.49   0.000     2.789765    3.679107
                   parent_10 |   .9907947   .0544544    -0.17   0.866     .8896134    1.103484
                     married |   1.456197    .065557     8.35   0.000     1.333213    1.590526
           married_parent_10 |    .922829   .0647532    -1.14   0.252     .8042554    1.058884
                    divorced |    .951532   .0739234    -0.64   0.522     .8171364    1.108032
                     widowed |   1.754518   .6369775     1.55   0.121     .8612497    3.574262
                   part_time |    .308309   .0238552   -15.21   0.000     .2649263    .3587958
                        erte |   .3802301   .1325486    -2.77   0.006     .1920069    .7529674
                     college |   1.490196   .0511448    11.62   0.000     1.393251    1.593886
                      35.age |   1.030391   .0295433     1.04   0.296     .9740843    1.089953
                       _cons |   .1906447     .01968   -16.06   0.000     .1557242     .233396
----------------------------------------------------------------------------------------------
Note: _cons estimates baseline odds.

Logistic regression                                    Number of obs =  38,143
                                                       Wald chi2(27) = 3150.66
                                                       Prob > chi2   =  0.0000
Log pseudolikelihood = -8382420.7                      Pseudo R2     =  0.1081

----------------------------------------------------------------------------------------------
                             |               Robust
                   permanent | Odds ratio   std. err.      z    P>|z|     [95% conf. interval]
-----------------------------+----------------------------------------------------------------
                         act |
        manufactures, prim.  |   7.569338   .7737809    19.80   0.000     6.195028    9.248527
     extractive and energy.  |   7.283345   .6754005    21.41   0.000     6.072914    8.735036
         manufactures, sec.  |   7.330354   .7181049    20.33   0.000     6.049766    8.882013
               construction  |   1.712957   .1545217     5.97   0.000     1.435363    2.044238
      hospitality and sales  |   4.335825   .3775066    16.85   0.000     3.655614    5.142605
 Transport, storage and IT.  |   5.267781   .4856523    18.02   0.000     4.396964    6.311063
  Financial and prof. serv.  |   4.558438   .4030505    17.16   0.000     3.833134    5.420983
   Education and healthcare  |   2.949956   .2906021    10.98   0.000     2.431997    3.578227
             Other services  |   2.974725   .3161427    10.26   0.000     2.415374    3.663611
                             |
                         occ |
       white collar - prof.  |   1.385898   .1109158     4.08   0.000     1.184699    1.621266
white collar - tech. suport  |   1.903477   .1527865     8.02   0.000     1.626388    2.227773
       white collar - other  |   2.575041   .2364812    10.30   0.000     2.150865    3.082868
     blue collar - services  |   1.311997   .1043716     3.41   0.001     1.122583    1.533372
  blue collar - agriculture  |    1.12445   .1429633     0.92   0.356     .8764309    1.442655
     blue collar - artisans  |   1.107716   .0860325     1.32   0.188     .9513027    1.289848
       blue collar - equip.  |   1.561302    .129324     5.38   0.000     1.327337    1.836508
                  unskilled  |   .9129119   .0768785    -1.08   0.279     .7740111    1.076739
                             |
              public_servant |   3.297138    .244541    16.09   0.000     2.851054    3.813017
                   parent_10 |   1.053779   .0585511     0.94   0.346     .9450491    1.175019
                     married |     1.3485   .0635871     6.34   0.000     1.229457    1.479069
           married_parent_10 |   .9677206   .0700414    -0.45   0.650     .8397344    1.115214
                    divorced |   .9705133   .0782418    -0.37   0.710      .828664    1.136644
                     widowed |    1.32521   .4809764     0.78   0.438      .650649    2.699124
                   part_time |    .440555   .0308784   -11.70   0.000     .3840073    .5054297
                        erte |   1.357032   .5456153     0.76   0.448     .6170948    2.984205
                     college |   1.515719   .0544468    11.58   0.000     1.412675    1.626279
                      35.age |      1.029   .0303454     0.97   0.332     .9712102    1.090228
                       _cons |    .149317   .0164401   -17.27   0.000     .1203345    .1852798
----------------------------------------------------------------------------------------------
Note: _cons estimates baseline odds.

Logistic regression                                    Number of obs =  36,097
                                                       Wald chi2(27) = 2864.97
                                                       Prob > chi2   =  0.0000
Log pseudolikelihood = -7974511                        Pseudo R2     =  0.1051

----------------------------------------------------------------------------------------------
                             |               Robust
                   permanent | Odds ratio   std. err.      z    P>|z|     [95% conf. interval]
-----------------------------+----------------------------------------------------------------
                         act |
        manufactures, prim.  |    9.22448   .9944243    20.61   0.000     7.467582    11.39472
     extractive and energy.  |   8.112212   .8104491    20.95   0.000     6.669605    9.866848
         manufactures, sec.  |   10.40222    1.08202    22.52   0.000     8.483706    12.75459
               construction  |    2.40846   .2356925     8.98   0.000     1.988111    2.917684
      hospitality and sales  |   4.422528   .4123304    15.95   0.000     3.683915    5.309231
 Transport, storage and IT.  |   5.558864   .5464134    17.45   0.000     4.584758    6.739934
  Financial and prof. serv.  |   4.315374   .4109126    15.36   0.000     3.580688    5.200803
   Education and healthcare  |   3.662206   .3868192    12.29   0.000     2.977384    4.504542
             Other services  |   4.243459   .4768658    12.86   0.000      3.40459     5.28902
                             |
                         occ |
       white collar - prof.  |   1.169419   .0953466     1.92   0.055       .99671    1.372055
white collar - tech. suport  |   1.546289   .1263102     5.34   0.000     1.317527    1.814771
       white collar - other  |   2.475418   .2387047     9.40   0.000     2.049119    2.990405
     blue collar - services  |   1.158774   .0941515     1.81   0.070     .9881837    1.358813
  blue collar - agriculture  |   1.007539   .1341218     0.06   0.955     .7761598    1.307893
     blue collar - artisans  |   .9761509   .0795046    -0.30   0.767     .8321261    1.145104
       blue collar - equip.  |   1.307845    .110211     3.18   0.001     1.108731    1.542717
                  unskilled  |   .8099898   .0707756    -2.41   0.016     .6825004    .9612938
                             |
              public_servant |   3.709194   .2807561    17.32   0.000     3.197794    4.302379
                   parent_10 |   1.108088   .0598894     1.90   0.058     .9967103    1.231912
                     married |   1.271619   .0622776     4.91   0.000     1.155232    1.399731
           married_parent_10 |   .9069163    .065845    -1.35   0.178     .7866241    1.045604
                    divorced |   .8643148    .072611    -1.74   0.083      .733099    1.019017
                     widowed |   1.074824   .4609866     0.17   0.866     .4637256    2.491227
                   part_time |   .4593802   .0306674   -11.65   0.000     .4030395    .5235967
                        erte |   .9278427   .2670641    -0.26   0.795     .5278009    1.631092
                     college |   1.523654   .0553574    11.59   0.000     1.418928    1.636108
                      35.age |   1.075535   .0322911     2.43   0.015     1.014072    1.140724
                       _cons |   .1475508    .017197   -16.42   0.000     .1174178    .1854168
----------------------------------------------------------------------------------------------
Note: _cons estimates baseline odds.

Logistic regression                                    Number of obs =  34,923
                                                       Wald chi2(27) = 2559.39
                                                       Prob > chi2   =  0.0000
Log pseudolikelihood = -7732625                        Pseudo R2     =  0.0952

----------------------------------------------------------------------------------------------
                             |               Robust
                   permanent | Odds ratio   std. err.      z    P>|z|     [95% conf. interval]
-----------------------------+----------------------------------------------------------------
                         act |
        manufactures, prim.  |   7.512814   .7822043    19.37   0.000     6.126027    9.213536
     extractive and energy.  |   7.738626   .7668701    20.65   0.000     6.372543    9.397555
         manufactures, sec.  |   8.986525   .9443578    20.89   0.000     7.313789    11.04183
               construction  |   2.336207   .2265233     8.75   0.000     1.931867    2.825177
      hospitality and sales  |   3.979041   .3654492    15.04   0.000     3.323541    4.763824
 Transport, storage and IT.  |   5.011434    .489366    16.51   0.000     4.138494    6.068506
  Financial and prof. serv.  |   4.252463   .4010268    15.35   0.000     3.534828    5.115791
   Education and healthcare  |   3.279085   .3509169    11.10   0.000     2.658642     4.04432
             Other services  |   3.601935   .3966972    11.64   0.000     2.902614    4.469742
                             |
                         occ |
       white collar - prof.  |   1.262795   .1101542     2.67   0.007     1.064344    1.498247
white collar - tech. suport  |   1.838905   .1602308     6.99   0.000     1.550211    2.181362
       white collar - other  |   2.854285   .2896632    10.33   0.000     2.339453    3.482414
     blue collar - services  |   1.384368   .1202776     3.74   0.000     1.167607    1.641369
  blue collar - agriculture  |   1.310709   .1785716     1.99   0.047     1.003548    1.711884
     blue collar - artisans  |   1.200255   .1029418     2.13   0.033     1.014539    1.419966
       blue collar - equip.  |   1.420222   .1284782     3.88   0.000      1.18947    1.695739
                  unskilled  |   .8368141   .0779312    -1.91   0.056     .6972009    1.004385
                             |
              public_servant |    3.12136   .2409568    14.75   0.000     2.683086    3.631227
                   parent_10 |   1.092675   .0568747     1.70   0.089        .9867    1.210032
                     married |   1.248229   .0643624     4.30   0.000     1.128246    1.380972
           married_parent_10 |   .9909914   .0724307    -0.12   0.901     .8587293    1.143624
                    divorced |   .7812639   .0676296    -2.85   0.004      .659347     .925724
                     widowed |   .0729187    .048732    -3.92   0.000     .0196778    .2702102
                   part_time |    .489672   .0312011   -11.21   0.000     .4321834    .5548076
                        erte |   1.477143   .6722839     0.86   0.391      .605369    3.604335
                     college |   1.523477   .0568794    11.28   0.000     1.415976    1.639138
                      35.age |   .9850744    .030065    -0.49   0.622     .9278759    1.045799
                       _cons |   .1515771    .018321   -15.61   0.000      .119605    .1920957
----------------------------------------------------------------------------------------------
Note: _cons estimates baseline odds.

Logistic regression                                    Number of obs =  33,166
                                                       Wald chi2(27) = 2613.02
                                                       Prob > chi2   =  0.0000
Log pseudolikelihood = -7610140.3                      Pseudo R2     =  0.0979

----------------------------------------------------------------------------------------------
                             |               Robust
                   permanent | Odds ratio   std. err.      z    P>|z|     [95% conf. interval]
-----------------------------+----------------------------------------------------------------
                         act |
        manufactures, prim.  |   5.755949   .5849091    17.22   0.000     4.716494    7.024485
     extractive and energy.  |   7.449411   .7153136    20.91   0.000     6.171449    8.992008
         manufactures, sec.  |   6.459034   .6460684    18.65   0.000     5.309159    7.857954
               construction  |   1.832411   .1722601     6.44   0.000     1.524065     2.20314
      hospitality and sales  |   3.501595   .3107182    14.12   0.000     2.942616    4.166758
 Transport, storage and IT.  |   5.089633    .480512    17.24   0.000     4.229846    6.124186
  Financial and prof. serv.  |   3.904122   .3536243    15.04   0.000     3.269068    4.662543
   Education and healthcare  |   2.340224   .2442956     8.14   0.000      1.90722    2.871536
             Other services  |    2.62201   .2824018     8.95   0.000      2.12303    3.238265
                             |
                         occ |
       white collar - prof.  |    1.93624   .1769123     7.23   0.000     1.618773    2.315969
white collar - tech. suport  |   2.517412   .2284201    10.17   0.000     2.107267    3.007385
       white collar - other  |   3.470366   .3665053    11.78   0.000     2.821499    4.268455
     blue collar - services  |   1.928467   .1736125     7.29   0.000     1.616523    2.300608
  blue collar - agriculture  |   1.231912   .1630724     1.58   0.115     .9503926     1.59682
     blue collar - artisans  |   1.613652   .1439466     5.36   0.000     1.354809    1.921948
       blue collar - equip.  |   1.809893   .1695986     6.33   0.000     1.506225    2.174783
                  unskilled  |   .9868157   .0937951    -0.14   0.889     .8190885    1.188889
                             |
              public_servant |   2.722028   .2260444    12.06   0.000     2.313164    3.203159
                   parent_10 |   1.170527   .0587369     3.14   0.002     1.060885    1.291501
                     married |    1.22537   .0632281     3.94   0.000     1.107505    1.355777
           married_parent_10 |   1.024652   .0739336     0.34   0.736      .889525    1.180306
                    divorced |   .8777129    .072515    -1.58   0.114     .7464965    1.031994
                     widowed |   .3589654   .1959986    -1.88   0.061     .1231086    1.046687
                   part_time |   .4854911   .0301051   -11.65   0.000     .4299309    .5482314
                        erte |   2.091889   1.726724     0.89   0.371     .4148821    10.54757
                     college |   1.389003   .0511926     8.92   0.000     1.292206    1.493052
                      35.age |    1.08201   .0330768     2.58   0.010     1.019085    1.148821
                       _cons |   .1253473   .0151593   -17.17   0.000     .0988944     .158876
----------------------------------------------------------------------------------------------
Note: _cons estimates baseline odds.

Logistic regression                                    Number of obs =  31,481
                                                       Wald chi2(27) = 2454.07
                                                       Prob > chi2   =  0.0000
Log pseudolikelihood = -7394627.7                      Pseudo R2     =  0.0902

----------------------------------------------------------------------------------------------
                             |               Robust
                   permanent | Odds ratio   std. err.      z    P>|z|     [95% conf. interval]
-----------------------------+----------------------------------------------------------------
                         act |
        manufactures, prim.  |   5.658606   .5583346    17.57   0.000     4.663601      6.8659
     extractive and energy.  |   7.280171   .6898843    20.95   0.000     6.046164    8.766036
         manufactures, sec.  |    6.05063   .5863639    18.58   0.000     5.003927    7.316277
               construction  |   1.697778   .1553486     5.78   0.000     1.419042    2.031266
      hospitality and sales  |   3.818217   .3271027    15.64   0.000     3.228041    4.516293
 Transport, storage and IT.  |   4.351103   .3998962    16.00   0.000      3.63386    5.209915
  Financial and prof. serv.  |   3.978971   .3503634    15.68   0.000     3.348261    4.728488
   Education and healthcare  |   2.397924   .2467306     8.50   0.000     1.959984    2.933719
             Other services  |   2.392807    .264982     7.88   0.000     1.925949    2.972834
                             |
                         occ |
       white collar - prof.  |   1.656794   .1524298     5.49   0.000     1.383425    1.984182
white collar - tech. suport  |   2.473704   .2277697     9.84   0.000     2.065248    2.962943
       white collar - other  |   3.489612   .3620349    12.05   0.000     2.847528    4.276479
     blue collar - services  |   1.862268    .168016     6.89   0.000     1.560435    2.222484
  blue collar - agriculture  |   1.327405   .1858226     2.02   0.043     1.008891    1.746476
     blue collar - artisans  |   1.527599   .1371315     4.72   0.000     1.281143    1.821467
       blue collar - equip.  |   1.676726   .1585422     5.47   0.000     1.393083    2.018121
                  unskilled  |   1.122879   .1072978     1.21   0.225     .9310983    1.354161
                             |
              public_servant |   2.700908   .2165691    12.39   0.000     2.308114    3.160548
                   parent_10 |   1.304476   .0637535     5.44   0.000      1.18532    1.435611
                     married |   1.328025   .0689864     5.46   0.000      1.19947    1.470359
           married_parent_10 |   .9231887   .0659251    -1.12   0.263     .8026126    1.061879
                    divorced |    .971908   .0855078    -0.32   0.746     .8179694    1.154817
                     widowed |   .1314702   .1014181    -2.63   0.009     .0289866    .5962894
                   part_time |   .5525337   .0347292    -9.44   0.000     .4884914     .624972
                        erte |   .5012595   .3125807    -1.11   0.268     .1476594    1.701625
                     college |   1.361913   .0501877     8.38   0.000     1.267015    1.463919
                      35.age |   1.099619   .0331334     3.15   0.002     1.036559    1.166515
                       _cons |   .1319744   .0158161   -16.90   0.000     .1043469    .1669167
----------------------------------------------------------------------------------------------
Note: _cons estimates baseline odds.
note: erte != 0 predicts failure perfectly;
      erte omitted and 1 obs not used.


Logistic regression                                    Number of obs =  30,598
                                                       Wald chi2(26) = 2241.90
                                                       Prob > chi2   =  0.0000
Log pseudolikelihood = -7227432.2                      Pseudo R2     =  0.0807

----------------------------------------------------------------------------------------------
                             |               Robust
                   permanent | Odds ratio   std. err.      z    P>|z|     [95% conf. interval]
-----------------------------+----------------------------------------------------------------
                         act |
        manufactures, prim.  |   4.363899   .4429938    14.51   0.000     3.576567    5.324551
     extractive and energy.  |   5.726618   .5584076    17.90   0.000     4.730388    6.932656
         manufactures, sec.  |   4.848231   .4834792    15.83   0.000     3.987486    5.894779
               construction  |   1.520548   .1467771     4.34   0.000     1.258445     1.83724
      hospitality and sales  |   2.841772   .2553316    11.62   0.000     2.382919    3.388982
 Transport, storage and IT.  |   3.571526   .3410898    13.33   0.000     2.961843    4.306711
  Financial and prof. serv.  |   3.128354   .2913225    12.25   0.000     2.606449    3.754763
   Education and healthcare  |   2.231997    .232415     7.71   0.000     1.819949    2.737337
             Other services  |   1.710184   .1882104     4.88   0.000      1.37837    2.121876
                             |
                         occ |
       white collar - prof.  |   1.260671   .1081615     2.70   0.007     1.065544     1.49153
white collar - tech. suport  |   1.818383   .1566684     6.94   0.000     1.535845    2.152897
       white collar - other  |   2.267848   .2231725     8.32   0.000     1.870034    2.750288
     blue collar - services  |   1.499207   .1278344     4.75   0.000     1.268473     1.77191
  blue collar - agriculture  |   .8941569   .1248581    -0.80   0.423     .6800703    1.175638
     blue collar - artisans  |   1.249714   .1056252     2.64   0.008      1.05893     1.47487
       blue collar - equip.  |   1.341077   .1186645     3.32   0.001     1.127549    1.595041
                  unskilled  |   .8303607   .0756488    -2.04   0.041     .6945752    .9926914
                             |
              public_servant |   2.204667   .1614915    10.79   0.000      1.90982    2.545032
                   parent_10 |   1.139258   .0552279     2.69   0.007     1.035996    1.252811
                     married |   1.268745   .0658214     4.59   0.000     1.146079    1.404539
           married_parent_10 |    1.10377   .0787686     1.38   0.167     .9596969    1.269472
                    divorced |   1.287946   .1136976     2.87   0.004     1.083316    1.531229
                     widowed |    .128533   .1382471    -1.91   0.056     .0156129    1.058149
                   part_time |   .5746992   .0361507    -8.81   0.000     .5080387    .6501062
                        erte |          1  (omitted)
                     college |   1.467784   .0543328    10.37   0.000     1.365065    1.578233
                      35.age |   1.102494   .0331998     3.24   0.001     1.039306    1.169523
                       _cons |    .204389   .0242896   -13.36   0.000     .1619202    .2579968
----------------------------------------------------------------------------------------------
Note: _cons estimates baseline odds.
note: erte != 0 predicts failure perfectly;
      erte omitted and 2 obs not used.


Logistic regression                                    Number of obs =  30,379
                                                       Wald chi2(26) = 2116.41
                                                       Prob > chi2   =  0.0000
Log pseudolikelihood = -7025128.4                      Pseudo R2     =  0.0789

----------------------------------------------------------------------------------------------
                             |               Robust
                   permanent | Odds ratio   std. err.      z    P>|z|     [95% conf. interval]
-----------------------------+----------------------------------------------------------------
                         act |
        manufactures, prim.  |    4.64122   .4704918    15.14   0.000     3.804904    5.661357
     extractive and energy.  |   5.667868   .5495922    17.89   0.000     4.686858    6.854213
         manufactures, sec.  |   5.602429   .5488584    17.59   0.000      4.62366     6.78839
               construction  |   1.598082   .1496961     5.00   0.000      1.33004     1.92014
      hospitality and sales  |   3.303293   .2882382    13.69   0.000     2.784024    3.919413
 Transport, storage and IT.  |   4.226767   .3938054    15.47   0.000     3.521294    5.073577
  Financial and prof. serv.  |   2.867497   .2652836    11.39   0.000     2.391966    3.437566
   Education and healthcare  |    2.41545   .2454993     8.68   0.000     1.979176    2.947893
             Other services  |   2.090401   .2284535     6.75   0.000     1.687347    2.589732
                             |
                         occ |
       white collar - prof.  |   1.316339    .119855     3.02   0.003     1.101195    1.573516
white collar - tech. suport  |    1.84477   .1677639     6.73   0.000     1.543596    2.204706
       white collar - other  |   2.646794   .2749551     9.37   0.000     2.159213    3.244479
     blue collar - services  |   1.495099   .1347639     4.46   0.000     1.252983       1.784
  blue collar - agriculture  |   1.139035    .160468     0.92   0.355     .8642102    1.501257
     blue collar - artisans  |   1.487185   .1312908     4.50   0.000     1.250892    1.768114
       blue collar - equip.  |    1.37251    .127656     3.40   0.001     1.143789    1.646967
                  unskilled  |   .8910614   .0842667    -1.22   0.223     .7403045    1.072519
                             |
              public_servant |   1.699689   .1238375     7.28   0.000     1.473506    1.960592
                   parent_10 |   1.407777   .0669692     7.19   0.000     1.282453    1.545348
                     married |   1.422637   .0752409     6.67   0.000     1.282554    1.578021
           married_parent_10 |   .8408526    .060336    -2.42   0.016     .7305355    .9678286
                    divorced |   1.209897   .1118416     2.06   0.039     1.009402    1.450216
                     widowed |   6.102675   6.271193     1.76   0.078     .8143551    45.73268
                   part_time |   .4606056   .0301886   -11.83   0.000     .4050797    .5237426
                        erte |          1  (omitted)
                     college |   1.451839   .0550536     9.83   0.000     1.347848    1.563853
                      35.age |   1.116357   .0339509     3.62   0.000     1.051759    1.184923
                       _cons |   .1735388   .0209179   -14.53   0.000     .1370235     .219785
----------------------------------------------------------------------------------------------
Note: _cons estimates baseline odds.
note: erte != 0 predicts success perfectly;
      erte omitted and 3 obs not used.


Logistic regression                                    Number of obs =  29,539
                                                       Wald chi2(26) = 1921.92
                                                       Prob > chi2   =  0.0000
Log pseudolikelihood = -6892642.5                      Pseudo R2     =  0.0761

----------------------------------------------------------------------------------------------
                             |               Robust
                   permanent | Odds ratio   std. err.      z    P>|z|     [95% conf. interval]
-----------------------------+----------------------------------------------------------------
                         act |
        manufactures, prim.  |   6.275613   .6733528    17.12   0.000     5.085399    7.744391
     extractive and energy.  |   7.475686   .7462178    20.15   0.000     6.147304     9.09112
         manufactures, sec.  |   7.242845   .7460541    19.22   0.000     5.918759    8.863144
               construction  |   2.245666   .2173301     8.36   0.000     1.857667    2.714703
      hospitality and sales  |   4.053818   .3668945    15.46   0.000     3.394889    4.840643
 Transport, storage and IT.  |    4.86083   .4673259    16.45   0.000      4.02601    5.868754
  Financial and prof. serv.  |   3.960044   .3752432    14.52   0.000     3.288837    4.768234
   Education and healthcare  |   2.926279   .3050479    10.30   0.000     2.385519    3.589621
             Other services  |   2.443667   .2732571     7.99   0.000     1.962721    3.042465
                             |
                         occ |
       white collar - prof.  |    1.49576   .1370364     4.39   0.000     1.249908    1.789972
white collar - tech. suport  |    2.18041   .2027687     8.38   0.000     1.817106    2.616353
       white collar - other  |   2.942057      .3066    10.35   0.000     2.398529    3.608754
     blue collar - services  |   1.905031   .1757093     6.99   0.000     1.589982    2.282507
  blue collar - agriculture  |   1.358092   .1841782     2.26   0.024     1.041102    1.771598
     blue collar - artisans  |   1.391463    .126454     3.64   0.000     1.164437    1.662753
       blue collar - equip.  |   1.456406   .1381321     3.96   0.000     1.209346    1.753938
                  unskilled  |     1.0166   .0970104     0.17   0.863     .8431859     1.22568
                             |
              public_servant |   1.414308   .1013264     4.84   0.000     1.229025    1.627523
                   parent_10 |   1.114685   .0550233     2.20   0.028     1.011894    1.227917
                     married |   1.342123   .0731758     5.40   0.000     1.206098    1.493488
           married_parent_10 |   .9908401   .0736683    -0.12   0.901     .8564802    1.146278
                    divorced |   1.319549   .1280738     2.86   0.004      1.09096    1.596034
                     widowed |   2.165977   1.694588     0.99   0.323     .4674145    10.03703
                   part_time |   .5176656   .0334839   -10.18   0.000      .456028    .5876343
                        erte |          1  (omitted)
                     college |   1.355933   .0537186     7.69   0.000      1.25463    1.465415
                      35.age |   1.165088    .036698     4.85   0.000     1.095337    1.239282
                       _cons |   .1454663   .0176564   -15.88   0.000     .1146688    .1845354
----------------------------------------------------------------------------------------------
Note: _cons estimates baseline odds.

Logistic regression                                    Number of obs =  25,577
                                                       Wald chi2(27) = 1563.54
                                                       Prob > chi2   =  0.0000
Log pseudolikelihood = -6710204.8                      Pseudo R2     =  0.0717

----------------------------------------------------------------------------------------------
                             |               Robust
                   permanent | Odds ratio   std. err.      z    P>|z|     [95% conf. interval]
-----------------------------+----------------------------------------------------------------
                         act |
        manufactures, prim.  |   3.651643   .4085435    11.58   0.000     2.932624     4.54695
     extractive and energy.  |   5.110832   .5533163    15.07   0.000     4.133687     6.31896
         manufactures, sec.  |   5.400698   .6013825    15.15   0.000     4.341765      6.7179
               construction  |   1.644567    .172822     4.73   0.000     1.338449    2.020699
      hospitality and sales  |   2.631872   .2578992     9.88   0.000     2.171975    3.189148
 Transport, storage and IT.  |   3.286548   .3419688    11.44   0.000     2.680227    4.030031
  Financial and prof. serv.  |   2.755344    .281284     9.93   0.000      2.25569    3.365675
   Education and healthcare  |   1.890382   .2135869     5.64   0.000     1.514871    2.358976
             Other services  |   1.212979   .1491685     1.57   0.116     .9531802    1.543588
                             |
                         occ |
       white collar - prof.  |   1.601698    .170157     4.43   0.000     1.300627    1.972461
white collar - tech. suport  |   2.434574   .2592162     8.36   0.000     1.976028    2.999527
       white collar - other  |   2.989853   .3535659     9.26   0.000     2.371323    3.769718
     blue collar - services  |   1.780985   .1889663     5.44   0.000     1.446592    2.192677
  blue collar - agriculture  |   1.030378   .1632281     0.19   0.850     .7553578    1.405531
     blue collar - artisans  |   1.475959   .1560325     3.68   0.000     1.199745    1.815766
       blue collar - equip.  |   1.356313   .1481277     2.79   0.005     1.094957    1.680052
                  unskilled  |   .9348864   .1048102    -0.60   0.548     .7504652    1.164628
                             |
              public_servant |    1.56517   .1248002     5.62   0.000     1.338721    1.829923
                   parent_10 |   1.231136   .0651998     3.93   0.000     1.109756    1.365794
                     married |   1.228987   .0751341     3.37   0.001     1.090207    1.385433
           married_parent_10 |     .96782     .07983    -0.40   0.692     .8233486    1.137641
                    divorced |   1.011511   .1029466     0.11   0.910       .82859    1.234815
                     widowed |   4.755624   3.246656     2.28   0.022     1.247653     18.1268
                   part_time |   .6262298   .0475305    -6.17   0.000     .5396696    .7266738
                        erte |   1.258693   .1150728     2.52   0.012     1.052207    1.505701
                     college |   1.297331   .0557116     6.06   0.000     1.192607     1.41125
                      35.age |   1.159677   .0397857     4.32   0.000     1.084262    1.240337
                       _cons |   .2146774   .0299005   -11.05   0.000     .1633917    .2820607
----------------------------------------------------------------------------------------------
Note: _cons estimates baseline odds.

Logistic regression                                    Number of obs =  21,495
                                                       Wald chi2(27) = 1365.43
                                                       Prob > chi2   =  0.0000
Log pseudolikelihood = -6350770.6                      Pseudo R2     =  0.0790

----------------------------------------------------------------------------------------------
                             |               Robust
                   permanent | Odds ratio   std. err.      z    P>|z|     [95% conf. interval]
-----------------------------+----------------------------------------------------------------
                         act |
        manufactures, prim.  |   3.201735   .3924672     9.49   0.000     2.517941    4.071227
     extractive and energy.  |   4.339311   .4951682    12.86   0.000     3.469671    5.426917
         manufactures, sec.  |   5.180502   .6150497    13.85   0.000     4.105006    6.537773
               construction  |   1.406633   .1546948     3.10   0.002     1.133887    1.744986
      hospitality and sales  |   2.515108   .2576426     9.00   0.000     2.057602    3.074341
 Transport, storage and IT.  |   3.141144   .3412125    10.54   0.000     2.538777    3.886433
  Financial and prof. serv.  |   2.837783   .3064837     9.66   0.000     2.296405    3.506791
   Education and healthcare  |   1.594601    .188405     3.95   0.000     1.264973    2.010125
             Other services  |   1.285015   .1687228     1.91   0.056     .9934481    1.662154
                             |
                         occ |
       white collar - prof.  |   1.554924   .1771396     3.87   0.000     1.243767    1.943925
white collar - tech. suport  |   2.230961   .2587141     6.92   0.000     1.777388    2.800283
       white collar - other  |   2.840148   .3638714     8.15   0.000     2.209467    3.650854
     blue collar - services  |   1.685473    .195516     4.50   0.000     1.342709    2.115737
  blue collar - agriculture  |   .7448906   .1259796    -1.74   0.082     .5347282    1.037653
     blue collar - artisans  |   1.506336   .1737033     3.55   0.000     1.201616    1.888332
       blue collar - equip.  |   1.327067   .1587665     2.37   0.018     1.049682    1.677754
                  unskilled  |   .8668932    .106276    -1.17   0.244     .6817313    1.102346
                             |
              public_servant |   1.453657   .1210508     4.49   0.000     1.234752    1.711372
                   parent_10 |   1.214926   .0715946     3.30   0.001     1.082403    1.363673
                     married |   1.308997   .0911292     3.87   0.000     1.142037    1.500366
           married_parent_10 |   1.068756   .0993963     0.71   0.475     .8906664    1.282454
                    divorced |    1.19935   .1459903     1.49   0.135     .9447868    1.522502
                     widowed |   1.079026   .7066396     0.12   0.908      .298945    3.894685
                   part_time |   .5508357   .0483937    -6.79   0.000     .4637029    .6543414
                        erte |   .8909162   .1669125    -0.62   0.538     .6171133    1.286201
                     college |   1.385525   .0691673     6.53   0.000      1.25638    1.527944
                      35.age |   1.144054   .0447914     3.44   0.001     1.059548    1.235299
                       _cons |    .249436   .0369565    -9.37   0.000     .1865714    .3334826
----------------------------------------------------------------------------------------------
Note: _cons estimates baseline odds.

Logistic regression                                    Number of obs =  19,982
                                                       Wald chi2(27) = 1108.70
                                                       Prob > chi2   =  0.0000
Log pseudolikelihood = -6160604.9                      Pseudo R2     =  0.0662

----------------------------------------------------------------------------------------------
                             |               Robust
                   permanent | Odds ratio   std. err.      z    P>|z|     [95% conf. interval]
-----------------------------+----------------------------------------------------------------
                         act |
        manufactures, prim.  |   4.097865   .5178246    11.16   0.000     3.198865    5.249516
     extractive and energy.  |   3.911936   .4888287    10.92   0.000     3.062155    4.997542
         manufactures, sec.  |   5.117511   .6406115    13.04   0.000     4.004102    6.540522
               construction  |   1.470524    .167095     3.39   0.001      1.17693    1.837358
      hospitality and sales  |   2.546496   .2691738     8.84   0.000     2.069988    3.132694
 Transport, storage and IT.  |   2.632964   .2967748     8.59   0.000     2.111065    3.283887
  Financial and prof. serv.  |   2.373544   .2641787     7.77   0.000     1.908348    2.952142
   Education and healthcare  |   1.481898    .179833     3.24   0.001     1.168214    1.879812
             Other services  |    1.02692   .1383832     0.20   0.844     .7885556    1.337337
                             |
                         occ |
       white collar - prof.  |   1.721418   .2030511     4.60   0.000     1.366099    2.169154
white collar - tech. suport  |   2.137684   .2546962     6.38   0.000     1.692491     2.69998
       white collar - other  |   3.379457   .4601093     8.94   0.000     2.587955    4.413032
     blue collar - services  |   1.633409   .1943044     4.12   0.000     1.293717    2.062295
  blue collar - agriculture  |   .7497029   .1239528    -1.74   0.081     .5421943    1.036629
     blue collar - artisans  |   1.624883   .1926703     4.09   0.000     1.287926    2.049997
       blue collar - equip.  |   1.517523    .186933     3.39   0.001     1.192015    1.931918
                  unskilled  |   .9256738   .1151288    -0.62   0.535     .7254233    1.181203
                             |
              public_servant |   1.428532   .1237708     4.12   0.000     1.205425    1.692933
                   parent_10 |   1.142726   .0676066     2.26   0.024     1.017613    1.283221
                     married |   1.351277   .0965646     4.21   0.000     1.174671    1.554436
           married_parent_10 |   .8327267   .0796592    -1.91   0.056     .6903605    1.004452
                    divorced |   .8694337   .1088404    -1.12   0.264     .6802655    1.111206
                     widowed |   .5623817   .3222328    -1.00   0.315     .1829409    1.728827
                   part_time |   .6434026   .0565145    -5.02   0.000     .5416464    .7642751
                        erte |    .339783   .2675872    -1.37   0.170     .0725873    1.590534
                     college |   1.232949   .0637157     4.05   0.000     1.114185    1.364373
                      35.age |    1.04651   .0420426     1.13   0.258     .9672685    1.132243
                       _cons |   .3674388   .0552251    -6.66   0.000     .2736854    .4933084
----------------------------------------------------------------------------------------------
Note: _cons estimates baseline odds.

. log close
