
. forvalues i=170/201{
  2.         eststo m`i': logistic inactive parent_10 i.age if ciclo==`i'&mili==0&age3040==1&woman==0&husband=
> =1&(parent_10==1|(parent_10==0&parent_15==0&parent_5==0)) [pw=factorel], vce(robust)
  3. }

Logistic regression                                     Number of obs =  5,797
                                                        Wald chi2(2)  =   6.95
                                                        Prob > chi2   = 0.0309
Log pseudolikelihood = -264944.25                       Pseudo R2     = 0.0060

------------------------------------------------------------------------------
             |               Robust
    inactive | Odds ratio   std. err.      z    P>|z|     [95% conf. interval]
-------------+----------------------------------------------------------------
   parent_10 |   .6840399   .1527694    -1.70   0.089     .4415493    1.059702
      35.age |   .7885037   .1740027    -1.08   0.282     .5116408    1.215185
       _cons |   .0410014   .0074654   -17.54   0.000     .0286956    .0585845
------------------------------------------------------------------------------
Note: _cons estimates baseline odds.

Logistic regression                                     Number of obs =  5,647
                                                        Wald chi2(2)  =   0.34
                                                        Prob > chi2   = 0.8422
Log pseudolikelihood = -215564.23                       Pseudo R2     = 0.0005

------------------------------------------------------------------------------
             |               Robust
    inactive | Odds ratio   std. err.      z    P>|z|     [95% conf. interval]
-------------+----------------------------------------------------------------
   parent_10 |   .8614263   .2483228    -0.52   0.605     .4896016    1.515631
      35.age |   1.019673   .2704506     0.07   0.941     .6063093    1.714855
       _cons |    .023512   .0051062   -17.27   0.000     .0153614    .0359871
------------------------------------------------------------------------------
Note: _cons estimates baseline odds.

Logistic regression                                     Number of obs =  5,421
                                                        Wald chi2(2)  =   1.85
                                                        Prob > chi2   = 0.3967
Log pseudolikelihood = -260633.1                        Pseudo R2     = 0.0019

------------------------------------------------------------------------------
             |               Robust
    inactive | Odds ratio   std. err.      z    P>|z|     [95% conf. interval]
-------------+----------------------------------------------------------------
   parent_10 |   .7542741    .166629    -1.28   0.202     .4892014    1.162976
      35.age |    .998519    .215229    -0.01   0.995     .6544573    1.523461
       _cons |    .034159   .0063302   -18.22   0.000     .0237555    .0491187
------------------------------------------------------------------------------
Note: _cons estimates baseline odds.

Logistic regression                                     Number of obs =  5,371
                                                        Wald chi2(2)  =   1.43
                                                        Prob > chi2   = 0.4902
Log pseudolikelihood = -236612.5                        Pseudo R2     = 0.0016

------------------------------------------------------------------------------
             |               Robust
    inactive | Odds ratio   std. err.      z    P>|z|     [95% conf. interval]
-------------+----------------------------------------------------------------
   parent_10 |   .7825644   .1847637    -1.04   0.299     .4926644    1.243051
      35.age |   .9578619   .2216286    -0.19   0.852     .6086298    1.507484
       _cons |   .0308022   .0061039   -17.56   0.000     .0208884    .0454213
------------------------------------------------------------------------------
Note: _cons estimates baseline odds.

Logistic regression                                     Number of obs =  5,315
                                                        Wald chi2(2)  =   1.65
                                                        Prob > chi2   = 0.4379
Log pseudolikelihood = -205257.21                       Pseudo R2     = 0.0023

------------------------------------------------------------------------------
             |               Robust
    inactive | Odds ratio   std. err.      z    P>|z|     [95% conf. interval]
-------------+----------------------------------------------------------------
   parent_10 |   .7882166   .1910626    -0.98   0.326     .4901347    1.267581
      35.age |   1.289658   .3080969     1.06   0.287     .8074658      2.0598
       _cons |   .0213165   .0047408   -17.30   0.000      .013785    .0329628
------------------------------------------------------------------------------
Note: _cons estimates baseline odds.

Logistic regression                                     Number of obs =  5,218
                                                        Wald chi2(2)  =   1.19
                                                        Prob > chi2   = 0.5507
Log pseudolikelihood = -231580.63                       Pseudo R2     = 0.0013

------------------------------------------------------------------------------
             |               Robust
    inactive | Odds ratio   std. err.      z    P>|z|     [95% conf. interval]
-------------+----------------------------------------------------------------
   parent_10 |    .797726   .1728103    -1.04   0.297     .5217461    1.219687
      35.age |   .9730292   .2051687    -0.13   0.897     .6436433    1.470979
       _cons |   .0302786   .0061328   -17.27   0.000     .0203577    .0450344
------------------------------------------------------------------------------
Note: _cons estimates baseline odds.

Logistic regression                                     Number of obs =  5,137
                                                        Wald chi2(2)  =   7.39
                                                        Prob > chi2   = 0.0248
Log pseudolikelihood = -195378.64                       Pseudo R2     = 0.0091

------------------------------------------------------------------------------
             |               Robust
    inactive | Odds ratio   std. err.      z    P>|z|     [95% conf. interval]
-------------+----------------------------------------------------------------
   parent_10 |   .5364525   .1252973    -2.67   0.008     .3394058    .8478976
      35.age |   1.124251   .2727779     0.48   0.629     .6987725    1.808802
       _cons |   .0290767   .0074109   -13.88   0.000     .0176439    .0479177
------------------------------------------------------------------------------
Note: _cons estimates baseline odds.

Logistic regression                                     Number of obs =  5,095
                                                        Wald chi2(2)  =   6.74
                                                        Prob > chi2   = 0.0345
Log pseudolikelihood = -217724.79                       Pseudo R2     = 0.0078

------------------------------------------------------------------------------
             |               Robust
    inactive | Odds ratio   std. err.      z    P>|z|     [95% conf. interval]
-------------+----------------------------------------------------------------
   parent_10 |   .5830474   .1213505    -2.59   0.010     .3877414    .8767295
      35.age |   .9158576   .1895743    -0.42   0.671     .6104314    1.374102
       _cons |   .0367077   .0078731   -15.41   0.000     .0241096    .0558885
------------------------------------------------------------------------------
Note: _cons estimates baseline odds.

Logistic regression                                     Number of obs =  5,113
                                                        Wald chi2(2)  =   4.46
                                                        Prob > chi2   = 0.1075
Log pseudolikelihood = -254463.2                        Pseudo R2     = 0.0048

------------------------------------------------------------------------------
             |               Robust
    inactive | Odds ratio   std. err.      z    P>|z|     [95% conf. interval]
-------------+----------------------------------------------------------------
   parent_10 |   .7776259   .1754797    -1.11   0.265     .4996753     1.21019
      35.age |   .7350216   .1556925    -1.45   0.146     .4852866    1.113274
       _cons |   .0435289   .0088799   -15.36   0.000     .0291831    .0649267
------------------------------------------------------------------------------
Note: _cons estimates baseline odds.

Logistic regression                                     Number of obs =  4,964
                                                        Wald chi2(2)  =   0.59
                                                        Prob > chi2   = 0.7450
Log pseudolikelihood = -238193.74                       Pseudo R2     = 0.0007

------------------------------------------------------------------------------
             |               Robust
    inactive | Odds ratio   std. err.      z    P>|z|     [95% conf. interval]
-------------+----------------------------------------------------------------
   parent_10 |   1.133394   .2723088     0.52   0.602     .7077367    1.815057
      35.age |   .8735509   .1937608    -0.61   0.542     .5655678    1.349248
       _cons |   .0285825    .006986   -14.54   0.000     .0177032    .0461475
------------------------------------------------------------------------------
Note: _cons estimates baseline odds.

Logistic regression                                     Number of obs =  4,841
                                                        Wald chi2(2)  =   4.41
                                                        Prob > chi2   = 0.1102
Log pseudolikelihood = -239942.77                       Pseudo R2     = 0.0058

------------------------------------------------------------------------------
             |               Robust
    inactive | Odds ratio   std. err.      z    P>|z|     [95% conf. interval]
-------------+----------------------------------------------------------------
   parent_10 |   .8253944   .1861768    -0.85   0.395     .5304735    1.284279
      35.age |   .6701306   .1430842    -1.87   0.061     .4409745    1.018369
       _cons |   .0420098   .0092665   -14.37   0.000     .0272642    .0647304
------------------------------------------------------------------------------
Note: _cons estimates baseline odds.

Logistic regression                                     Number of obs =  4,812
                                                        Wald chi2(2)  =   0.36
                                                        Prob > chi2   = 0.8361
Log pseudolikelihood = -236406.59                       Pseudo R2     = 0.0004

------------------------------------------------------------------------------
             |               Robust
    inactive | Odds ratio   std. err.      z    P>|z|     [95% conf. interval]
-------------+----------------------------------------------------------------
   parent_10 |   .8770225   .2006153    -0.57   0.566     .5601468    1.373155
      35.age |   1.053269   .2337947     0.23   0.815     .6817067     1.62735
       _cons |   .0311752    .007085   -15.26   0.000     .0199692    .0486696
------------------------------------------------------------------------------
Note: _cons estimates baseline odds.

Logistic regression                                     Number of obs =  4,840
                                                        Wald chi2(2)  =   1.44
                                                        Prob > chi2   = 0.4856
Log pseudolikelihood = -232373.75                       Pseudo R2     = 0.0015

------------------------------------------------------------------------------
             |               Robust
    inactive | Odds ratio   std. err.      z    P>|z|     [95% conf. interval]
-------------+----------------------------------------------------------------
   parent_10 |   .8152731   .1786153    -0.93   0.351     .5306601    1.252535
      35.age |   1.207734   .2643617     0.86   0.389      .786414    1.854775
       _cons |    .029733   .0067844   -15.41   0.000     .0190113    .0465013
------------------------------------------------------------------------------
Note: _cons estimates baseline odds.

Logistic regression                                     Number of obs =  4,825
                                                        Wald chi2(2)  =   0.94
                                                        Prob > chi2   = 0.6246
Log pseudolikelihood = -251310.4                        Pseudo R2     = 0.0010

------------------------------------------------------------------------------
             |               Robust
    inactive | Odds ratio   std. err.      z    P>|z|     [95% conf. interval]
-------------+----------------------------------------------------------------
   parent_10 |   1.052918   .2330261     0.23   0.816     .6823569    1.624718
      35.age |    .820805   .1684076    -0.96   0.336     .5490297    1.227112
       _cons |   .0358156    .006731   -17.72   0.000     .0247799    .0517658
------------------------------------------------------------------------------
Note: _cons estimates baseline odds.

Logistic regression                                     Number of obs =  4,757
                                                        Wald chi2(2)  =   0.47
                                                        Prob > chi2   = 0.7915
Log pseudolikelihood = -239957.89                       Pseudo R2     = 0.0005

------------------------------------------------------------------------------
             |               Robust
    inactive | Odds ratio   std. err.      z    P>|z|     [95% conf. interval]
-------------+----------------------------------------------------------------
   parent_10 |   1.101666    .251877     0.42   0.672     .7037807    1.724498
      35.age |   1.094385   .2321726     0.43   0.671     .7220859    1.658638
       _cons |   .0276546   .0058657   -16.92   0.000     .0182484    .0419095
------------------------------------------------------------------------------
Note: _cons estimates baseline odds.

Logistic regression                                     Number of obs =  4,800
                                                        Wald chi2(2)  =   4.28
                                                        Prob > chi2   = 0.1176
Log pseudolikelihood = -225281.37                       Pseudo R2     = 0.0045

------------------------------------------------------------------------------
             |               Robust
    inactive | Odds ratio   std. err.      z    P>|z|     [95% conf. interval]
-------------+----------------------------------------------------------------
   parent_10 |   .6682536   .1464618    -1.84   0.066     .4348932    1.026833
      35.age |   .9506095   .2130733    -0.23   0.821     .6126473    1.475006
       _cons |   .0390185   .0073165   -17.30   0.000     .0270183    .0563487
------------------------------------------------------------------------------
Note: _cons estimates baseline odds.

Logistic regression                                     Number of obs =  4,784
                                                        Wald chi2(2)  =   5.28
                                                        Prob > chi2   = 0.0712
Log pseudolikelihood = -222349.01                       Pseudo R2     = 0.0061

------------------------------------------------------------------------------
             |               Robust
    inactive | Odds ratio   std. err.      z    P>|z|     [95% conf. interval]
-------------+----------------------------------------------------------------
   parent_10 |   .6763318    .139992    -1.89   0.059     .4507877    1.014723
      35.age |   1.470062   .3212238     1.76   0.078     .9579419    2.255963
       _cons |   .0291734   .0056411   -18.28   0.000     .0199707    .0426168
------------------------------------------------------------------------------
Note: _cons estimates baseline odds.

Logistic regression                                     Number of obs =  4,728
                                                        Wald chi2(2)  =   1.31
                                                        Prob > chi2   = 0.5202
Log pseudolikelihood = -197238.34                       Pseudo R2     = 0.0019

------------------------------------------------------------------------------
             |               Robust
    inactive | Odds ratio   std. err.      z    P>|z|     [95% conf. interval]
-------------+----------------------------------------------------------------
   parent_10 |    .867437   .2078085    -0.59   0.553      .542399    1.387257
      35.age |   .8111353   .1914403    -0.89   0.375     .5107364    1.288219
       _cons |    .031073   .0069878   -15.44   0.000      .019997     .048284
------------------------------------------------------------------------------
Note: _cons estimates baseline odds.

Logistic regression                                     Number of obs =  4,523
                                                        Wald chi2(2)  =   1.48
                                                        Prob > chi2   = 0.4763
Log pseudolikelihood = -231554.4                        Pseudo R2     = 0.0017

------------------------------------------------------------------------------
             |               Robust
    inactive | Odds ratio   std. err.      z    P>|z|     [95% conf. interval]
-------------+----------------------------------------------------------------
   parent_10 |   .8926964    .202281    -0.50   0.616     .5725657    1.391817
      35.age |   .8105431   .1795203    -0.95   0.343     .5251104    1.251127
       _cons |   .0389304   .0077335   -16.34   0.000     .0263753     .057462
------------------------------------------------------------------------------
Note: _cons estimates baseline odds.

Logistic regression                                     Number of obs =  4,417
                                                        Wald chi2(2)  =   5.16
                                                        Prob > chi2   = 0.0758
Log pseudolikelihood = -239317.48                       Pseudo R2     = 0.0058

------------------------------------------------------------------------------
             |               Robust
    inactive | Odds ratio   std. err.      z    P>|z|     [95% conf. interval]
-------------+----------------------------------------------------------------
   parent_10 |    .634834   .1540108    -1.87   0.061     .3946014     1.02132
      35.age |   .9527689   .2280795    -0.20   0.840     .5959666    1.523187
       _cons |   .0463659   .0083581   -17.04   0.000     .0325656    .0660145
------------------------------------------------------------------------------
Note: _cons estimates baseline odds.

Logistic regression                                     Number of obs =  4,218
                                                        Wald chi2(2)  =   0.71
                                                        Prob > chi2   = 0.7019
Log pseudolikelihood = -283557.94                       Pseudo R2     = 0.0008

------------------------------------------------------------------------------
             |               Robust
    inactive | Odds ratio   std. err.      z    P>|z|     [95% conf. interval]
-------------+----------------------------------------------------------------
   parent_10 |   .9376454   .1937727    -0.31   0.755     .6253603    1.405876
      35.age |    .863432   .1705566    -0.74   0.457     .5862562    1.271653
       _cons |   .0488129   .0096532   -15.27   0.000     .0331285    .0719231
------------------------------------------------------------------------------
Note: _cons estimates baseline odds.

Logistic regression                                     Number of obs =  3,860
                                                        Wald chi2(2)  =   0.72
                                                        Prob > chi2   = 0.6993
Log pseudolikelihood = -384059.02                       Pseudo R2     = 0.0007

------------------------------------------------------------------------------
             |               Robust
    inactive | Odds ratio   std. err.      z    P>|z|     [95% conf. interval]
-------------+----------------------------------------------------------------
   parent_10 |   1.099433   .2056365     0.51   0.612     .7620111    1.586268
      35.age |    .866181   .1563681    -0.80   0.426     .6080576    1.233879
       _cons |   .0697489   .0115533   -16.08   0.000     .0504131    .0965008
------------------------------------------------------------------------------
Note: _cons estimates baseline odds.

Logistic regression                                     Number of obs =  3,717
                                                        Wald chi2(2)  =   0.78
                                                        Prob > chi2   = 0.6764
Log pseudolikelihood = -275502.45                       Pseudo R2     = 0.0008

------------------------------------------------------------------------------
             |               Robust
    inactive | Odds ratio   std. err.      z    P>|z|     [95% conf. interval]
-------------+----------------------------------------------------------------
   parent_10 |   1.136217   .2527886     0.57   0.566     .7346551    1.757271
      35.age |   .8586516   .1806564    -0.72   0.469     .5684967    1.296898
       _cons |   .0441512   .0096063   -14.34   0.000     .0288231    .0676309
------------------------------------------------------------------------------
Note: _cons estimates baseline odds.

Logistic regression                                     Number of obs =  3,634
                                                        Wald chi2(2)  =   3.62
                                                        Prob > chi2   = 0.1635
Log pseudolikelihood = -264830.98                       Pseudo R2     = 0.0037

------------------------------------------------------------------------------
             |               Robust
    inactive | Odds ratio   std. err.      z    P>|z|     [95% conf. interval]
-------------+----------------------------------------------------------------
   parent_10 |   .9046543   .2233899    -0.41   0.685     .5575607    1.467821
      35.age |   .7202526     .17265    -1.37   0.171     .4502413    1.152191
       _cons |   .0542613    .010183   -15.53   0.000     .0375621    .0783846
------------------------------------------------------------------------------
Note: _cons estimates baseline odds.

Logistic regression                                     Number of obs =  3,390
                                                        Wald chi2(2)  =  10.10
                                                        Prob > chi2   = 0.0064
Log pseudolikelihood = -300086.03                       Pseudo R2     = 0.0126

------------------------------------------------------------------------------
             |               Robust
    inactive | Odds ratio   std. err.      z    P>|z|     [95% conf. interval]
-------------+----------------------------------------------------------------
   parent_10 |   1.225603   .2767495     0.90   0.368     .7873049    1.907906
      35.age |   .5101075   .1086436    -3.16   0.002     .3360247    .7743766
       _cons |   .0657201   .0118385   -15.11   0.000     .0461707    .0935471
------------------------------------------------------------------------------
Note: _cons estimates baseline odds.

Logistic regression                                     Number of obs =  3,188
                                                        Wald chi2(2)  =   0.10
                                                        Prob > chi2   = 0.9495
Log pseudolikelihood = -248698.15                       Pseudo R2     = 0.0001

------------------------------------------------------------------------------
             |               Robust
    inactive | Odds ratio   std. err.      z    P>|z|     [95% conf. interval]
-------------+----------------------------------------------------------------
   parent_10 |   .9387255   .2207147    -0.27   0.788     .5921103    1.488245
      35.age |   1.059213   .2570454     0.24   0.813     .6582901    1.704313
       _cons |   .0412201   .0088207   -14.90   0.000     .0270994    .0626986
------------------------------------------------------------------------------
Note: _cons estimates baseline odds.

Logistic regression                                     Number of obs =  2,976
                                                        Wald chi2(2)  =   0.76
                                                        Prob > chi2   = 0.6849
Log pseudolikelihood = -215291.81                       Pseudo R2     = 0.0014

------------------------------------------------------------------------------
             |               Robust
    inactive | Odds ratio   std. err.      z    P>|z|     [95% conf. interval]
-------------+----------------------------------------------------------------
   parent_10 |   1.147886   .3210421     0.49   0.622     .6634893     1.98593
      35.age |   .7956385    .216296    -0.84   0.400     .4669979    1.355554
       _cons |   .0360847   .0086755   -13.82   0.000     .0225257    .0578054
------------------------------------------------------------------------------
Note: _cons estimates baseline odds.

Logistic regression                                     Number of obs =  2,984
                                                        Wald chi2(2)  =   5.98
                                                        Prob > chi2   = 0.0503
Log pseudolikelihood = -270082.74                       Pseudo R2     = 0.0076

------------------------------------------------------------------------------
             |               Robust
    inactive | Odds ratio   std. err.      z    P>|z|     [95% conf. interval]
-------------+----------------------------------------------------------------
   parent_10 |   .8013065   .1981352    -0.90   0.370     .4935443    1.300982
      35.age |   .6604913   .1601279    -1.71   0.087     .4106803    1.062259
       _cons |   .0676735    .013471   -13.53   0.000      .045812    .0999673
------------------------------------------------------------------------------
Note: _cons estimates baseline odds.

Logistic regression                                     Number of obs =  2,980
                                                        Wald chi2(2)  =   3.30
                                                        Prob > chi2   = 0.1921
Log pseudolikelihood = -258629.54                       Pseudo R2     = 0.0053

------------------------------------------------------------------------------
             |               Robust
    inactive | Odds ratio   std. err.      z    P>|z|     [95% conf. interval]
-------------+----------------------------------------------------------------
   parent_10 |   .8575402   .2088538    -0.63   0.528     .5320402     1.38218
      35.age |   .6929256   .1650561    -1.54   0.124     .4344391    1.105209
       _cons |   .0596825   .0131157   -12.83   0.000     .0387962    .0918131
------------------------------------------------------------------------------
Note: _cons estimates baseline odds.

Logistic regression                                     Number of obs =  3,052
                                                        Wald chi2(2)  =   0.86
                                                        Prob > chi2   = 0.6516
Log pseudolikelihood = -277045.17                       Pseudo R2     = 0.0012

------------------------------------------------------------------------------
             |               Robust
    inactive | Odds ratio   std. err.      z    P>|z|     [95% conf. interval]
-------------+----------------------------------------------------------------
   parent_10 |   .8467564   .1974953    -0.71   0.476     .5360761     1.33749
      35.age |   1.183889   .2839936     0.70   0.482     .7398146    1.894518
       _cons |   .0474845   .0108717   -13.31   0.000     .0303157    .0743767
------------------------------------------------------------------------------
Note: _cons estimates baseline odds.

Logistic regression                                     Number of obs =  2,976
                                                        Wald chi2(2)  =   6.76
                                                        Prob > chi2   = 0.0340
Log pseudolikelihood = -307163.32                       Pseudo R2     = 0.0086

------------------------------------------------------------------------------
             |               Robust
    inactive | Odds ratio   std. err.      z    P>|z|     [95% conf. interval]
-------------+----------------------------------------------------------------
   parent_10 |   1.290981   .2875405     1.15   0.252     .8343181    1.997599
      35.age |    .590653   .1249243    -2.49   0.013     .3902128    .8940529
       _cons |   .0655349   .0132291   -13.50   0.000     .0441211    .0973418
------------------------------------------------------------------------------
Note: _cons estimates baseline odds.

Logistic regression                                     Number of obs =  2,911
                                                        Wald chi2(2)  =   2.19
                                                        Prob > chi2   = 0.3341
Log pseudolikelihood = -283061.1                        Pseudo R2     = 0.0036

------------------------------------------------------------------------------
             |               Robust
    inactive | Odds ratio   std. err.      z    P>|z|     [95% conf. interval]
-------------+----------------------------------------------------------------
   parent_10 |   .7972304   .1872185    -0.96   0.335     .5031425    1.263214
      35.age |   .8025908   .1901161    -0.93   0.353     .5045024    1.276807
       _cons |   .0657962   .0143342   -12.49   0.000     .0429299    .1008419
------------------------------------------------------------------------------
Note: _cons estimates baseline odds.

. esttab `q1522' using "./regtabs/tex/prob_perm_stocks_m_age3040_parent_10_agefix_cohab_age.csv", se eform rep
> lace
(file ./regtabs/tex/prob_perm_stocks_m_age3040_parent_10_agefix_cohab_age.csv not found)
(output written to ./regtabs/tex/prob_perm_stocks_m_age3040_parent_10_agefix_cohab_age.csv)

. log close
