(fitting base model)

Bootstrap replications (20)
----+--- 1 ---+--- 2 ---+--- 3 ---+--- 4 ---+--- 5 
....................

Simultaneous quantile regression                    Number of obs =    137,975
  bootstrap(20) SEs                                 .25 Pseudo R2 =     0.0348
                                                    .50 Pseudo R2 =     0.0428
                                                    .75 Pseudo R2 =     0.0291

--------------------------------------------------------------------------------------
                     |              Bootstrap
               ten_y | Coefficient  std. err.      t    P>|t|     [95% conf. interval]
---------------------+----------------------------------------------------------------
q25                  |
              ttrend |  -.0076451   .0008272    -9.24   0.000    -.0092664   -.0060238
                     |
      sexo1#c.ttrend |
                  1  |   .0049239   .0010547     4.67   0.000     .0028567    .0069911
                     |
       sexo1#c.urate |
                  0  |   .0350535   .0028726    12.20   0.000     .0294232    .0406838
                  1  |   .0621781   .0034152    18.21   0.000     .0554845    .0688718
                     |
            occgroup |
                  2  |  -.2022744   .1300873    -1.55   0.120     -.457243    .0526943
                  3  |  -.6579857   .1271358    -5.18   0.000    -.9071695   -.4088018
                  4  |  -1.412487     .08533   -16.55   0.000    -1.579732   -1.245242
                  5  |  -2.306025   .0806374   -28.60   0.000    -2.464073   -2.147978
                     |
      covid#occgroup |
                1 1  |  -.2504336   .3143163    -0.80   0.426    -.8664878    .3656205
                1 2  |   .0718296   .3160788     0.23   0.820    -.5476788     .691338
                1 3  |   .6464016   .2849593     2.27   0.023     .0878867    1.204916
                1 4  |   .6153754   .2161157     2.85   0.004     .1917926    1.038958
                1 5  |   .2350109   .0679587     3.46   0.001     .1018132    .3682086
                2 1  |   -.071448   .3717542    -0.19   0.848    -.8000791    .6571832
                2 2  |  -.3036402   .3501678    -0.87   0.386    -.9899624     .382682
                2 3  |   .6196155   .2142644     2.89   0.004     .1996613     1.03957
                2 4  |    .823239   .2490309     3.31   0.001     .3351432    1.311335
                2 5  |   .4667775   .0795176     5.87   0.000     .3109244    .6226306
                3 1  |   .8406332   .5541596     1.52   0.129    -.2455091    1.926776
                3 2  |  -.1734684   .5630849    -0.31   0.758    -1.277104    .9301674
                3 3  |   .1155762   .7902999     0.15   0.884    -1.433397    1.664549
                3 4  |   .1697866   .1828694     0.93   0.353    -.1886339    .5282072
                3 5  |   .5633251   .1806462     3.12   0.002     .2092619    .9173883
                     |
      sexo1#occgroup |
                1 1  |  -.1162625   .1426543    -0.81   0.415    -.3958623    .1633373
                1 2  |    -.79188   .1017146    -7.79   0.000    -.9912387   -.5925212
                1 3  |  -1.394016   .1016176   -13.72   0.000    -1.593185   -1.194848
                1 4  |   -.749017   .0890682    -8.41   0.000     -.923589   -.5744449
                1 5  |  -.4946453   .0480724   -10.29   0.000    -.5888663   -.4004242
                     |
covid#sexo1#occgroup |
              1 1 1  |   -.973827   .3864031    -2.52   0.012     -1.73117   -.2164842
              1 1 2  |  -.2425928    .315836    -0.77   0.442    -.8616255      .37644
              1 1 3  |  -.4650169   .2779621    -1.67   0.094    -1.009817    .0797836
              1 1 4  |  -.5443948   .2954536    -1.84   0.065    -1.123478    .0346888
              1 1 5  |  -.1081968   .0940927    -1.15   0.250    -.2926166     .076223
              2 1 1  |  -.7088899   .3861919    -1.84   0.066    -1.465819     .048039
              2 1 2  |  -.1782136   .4462631    -0.40   0.690    -1.052881    .6964536
              2 1 3  |  -.3769549   .2428395    -1.55   0.121    -.8529158     .099006
              2 1 4  |  -1.141669   .3664582    -3.12   0.002     -1.85992    -.423418
              2 1 5  |  -.4866794   .0922374    -5.28   0.000    -.6674629   -.3058958
              3 1 1  |  -.8949745   .5914028    -1.51   0.130    -2.054113    .2641639
              3 1 2  |  -.9196476   .6406087    -1.44   0.151    -2.175228    .3359334
              3 1 3  |   .0158221   .7997172     0.02   0.984    -1.551609    1.583253
              3 1 4  |  -.4288866   .3003531    -1.43   0.153    -1.017573    .1597998
              3 1 5  |  -.5105932   .1762745    -2.90   0.004    -.8560879   -.1650984
                     |
               _cons |   2.416546   .0937349    25.78   0.000     2.232828    2.600265
---------------------+----------------------------------------------------------------
q50                  |
              ttrend |  -.0092102   .0023471    -3.92   0.000    -.0138105   -.0046099
                     |
      sexo1#c.ttrend |
                  1  |   .0298423    .002952    10.11   0.000     .0240565    .0356282
                     |
       sexo1#c.urate |
                  0  |   .0773223    .005617    13.77   0.000     .0663132    .0883315
                  1  |   .0651888   .0061065    10.68   0.000     .0532201    .0771574
                     |
            occgroup |
                  2  |   .5800173   .1429344     4.06   0.000     .2998685    .8601661
                  3  |   .3834038   .1118075     3.43   0.001     .1642631    .6025444
                  4  |  -1.003316   .0970139   -10.34   0.000    -1.193462   -.8131707
                  5  |  -3.329746   .1060373   -31.40   0.000    -3.537577   -3.121915
                     |
      covid#occgroup |
                1 1  |  -.2497475   .2962658    -0.84   0.399    -.8304229    .3309279
                1 2  |  -.3961559   .4012646    -0.99   0.324    -1.182627    .3903152
                1 3  |   .3668487   .3692723     0.99   0.320     -.356918    1.090615
                1 4  |   .6472821    .355899     1.82   0.069    -.0502732    1.344837
                1 5  |  -.0033345   .3403645    -0.01   0.992    -.6704425    .6637734
                2 1  |   .2705382   .3008888     0.90   0.369    -.3191982    .8602747
                2 2  |  -.2099691   .4011509    -0.52   0.601    -.9962172     .576279
                2 3  |   .6358908   .4155396     1.53   0.126    -.1785591    1.450341
                2 4  |   1.190521   .4543672     2.62   0.009     .2999697    2.081072
                2 5  |   1.182374   .2057155     5.75   0.000     .7791759    1.585573
                3 1  |   1.439305   .5299989     2.72   0.007     .4005169    2.478093
                3 2  |   -.474046   .4216294    -1.12   0.261    -1.300432    .3523396
                3 3  |  -.1940989   .8889712    -0.22   0.827    -1.936466    1.548268
                3 4  |    .275954   .3497598     0.79   0.430    -.4095687    .9614767
                3 5  |   1.185718   .4844921     2.45   0.014     .2361223    2.135313
                     |
      sexo1#occgroup |
                1 1  |    .107598   .1667493     0.65   0.519    -.2192274    .4344235
                1 2  |  -.8546844   .1544229    -5.53   0.000     -1.15735   -.5520185
                1 3  |  -2.132303   .1546013   -13.79   0.000    -2.435318   -1.829287
                1 4  |  -.3476679   .2365992    -1.47   0.142    -.8113979    .1160621
                1 5  |  -.6820147   .1225169    -5.57   0.000    -.9221455   -.4418839
                     |
covid#sexo1#occgroup |
              1 1 1  |  -1.608301   .3611547    -4.45   0.000    -2.316157   -.9004442
              1 1 2  |   -1.65691   .4615042    -3.59   0.000    -2.561449   -.7523702
              1 1 3  |  -.5290157   .5214879    -1.01   0.310    -1.551122    .4930909
              1 1 4  |  -1.286666   .6106867    -2.11   0.035      -2.4836   -.0897314
              1 1 5  |  -.4793037   .5264802    -0.91   0.363    -1.511195    .5525876
              2 1 1  |   -1.72386   .3663891    -4.70   0.000    -2.441975   -1.005744
              2 1 2  |  -1.892248   .5878641    -3.22   0.001     -3.04445   -.7400452
              2 1 3  |  -1.620775   .6044971    -2.68   0.007    -2.805578   -.4359721
              2 1 4  |   -3.82332   .5833773    -6.55   0.000    -4.966729   -2.679912
              2 1 5  |  -2.516337   .2124478   -11.84   0.000     -2.93273   -2.099943
              3 1 1  |   -3.18212   .7372699    -4.32   0.000    -4.627155   -1.737085
              3 1 2  |  -1.969837   .5095228    -3.87   0.000    -2.968492   -.9711823
              3 1 3  |  -.9164805    .970991    -0.94   0.345    -2.819605    .9866435
              3 1 4  |  -2.701115   .8582893    -3.15   0.002    -4.383346   -1.018884
              3 1 5  |  -2.809174   .6676799    -4.21   0.000    -4.117814   -1.500534
                     |
               _cons |    4.56558   .1117209    40.87   0.000     4.346609    4.784551
---------------------+----------------------------------------------------------------
q75                  |
              ttrend |   .0195227   .0018551    10.52   0.000     .0158868    .0231586
                     |
      sexo1#c.ttrend |
                  1  |     .01754   .0018582     9.44   0.000     .0138979     .021182
                     |
       sexo1#c.urate |
                  0  |   .0175388    .005927     2.96   0.003     .0059221    .0291556
                  1  |   .0168212   .0050556     3.33   0.001     .0069123    .0267301
                     |
            occgroup |
                  2  |   1.537206    .130753    11.76   0.000     1.280932    1.793479
                  3  |   1.790637   .1410052    12.70   0.000     1.514269    2.067004
                  4  |   1.106076   .1028871    10.75   0.000     .9044194    1.307733
                  5  |  -2.046128   .1363873   -15.00   0.000    -2.313444   -1.778811
                     |
      covid#occgroup |
                1 1  |  -1.458481   .7298451    -2.00   0.046    -2.888963   -.0279981
                1 2  |  -.6623529   .4628475    -1.43   0.152    -1.569525    .2448194
                1 3  |   .1372925   .5186691     0.26   0.791    -.8792893    1.153874
                1 4  |   .8521095   .3895345     2.19   0.029     .0886292     1.61559
                1 5  |   -1.69261   .5830919    -2.90   0.004    -2.835459   -.5497607
                2 1  |  -1.058998   .2827957    -3.74   0.000    -1.613273   -.5047242
                2 2  |   .3898896    .760179     0.51   0.608    -1.100047    1.879826
                2 3  |   1.233698   .5074536     2.43   0.015     .2390984    2.228297
                2 4  |   .5849253   .3823594     1.53   0.126     -.164492    1.334343
                2 5  |  -1.596204   .4263928    -3.74   0.000    -2.431926   -.7604822
                3 1  |   .9038348   .4081002     2.21   0.027      .103966    1.703704
                3 2  |  -2.631847   .8750035    -3.01   0.003    -4.346837   -.9168565
                3 3  |    .113198   .4399704     0.26   0.797    -.7491357    .9755317
                3 4  |  -1.202241    .681894    -1.76   0.078    -2.538741     .134258
                3 5  |  -2.048513   .1809818   -11.32   0.000    -2.403234   -1.693793
                     |
      sexo1#occgroup |
                1 1  |   .0876273   .1442305     0.61   0.543    -.1950619    .3703164
                1 2  |  -1.199578   .1466973    -8.18   0.000    -1.487102   -.9120544
                1 3  |  -1.756713   .1631319   -10.77   0.000    -2.076448   -1.436977
                1 4  |  -.6004242   .1938193    -3.10   0.002    -.9803063    -.220542
                1 5  |   -.945859   .1720847    -5.50   0.000    -1.283142   -.6085762
                     |
covid#sexo1#occgroup |
              1 1 1  |   .7356002   .8327763     0.88   0.377    -.8966257    2.367826
              1 1 2  |   .2770546   .6389919     0.43   0.665    -.9753575    1.529467
              1 1 3  |   .3333144   .6493107     0.51   0.608    -.9393223    1.605951
              1 1 4  |  -2.493015   1.513759    -1.65   0.100    -5.459954     .473924
              1 1 5  |    .382677   .6447857     0.59   0.553    -.8810909    1.646445
              2 1 1  |   .7349666   .2807557     2.62   0.009     .1846907    1.285242
              2 1 2  |  -1.364272   .8414597    -1.62   0.105    -3.013517    .2849733
              2 1 3  |  -2.154377   .4815246    -4.47   0.000    -3.098156   -1.210598
              2 1 4  |   -5.26065   .6457453    -8.15   0.000    -6.526299   -3.995002
              2 1 5  |  -.6066093   .5102153    -1.19   0.234    -1.606622    .3934031
              3 1 1  |  -1.787414    .795099    -2.25   0.025    -3.345793   -.2290345
              3 1 2  |  -.0017318   .7957836    -0.00   0.998    -1.561453    1.557989
              3 1 3  |  -3.193073   .9678451    -3.30   0.001    -5.090032   -1.296115
              3 1 4  |  -4.499151    1.09107    -4.12   0.000    -6.637628   -2.360674
              3 1 5  |  -1.988574   .5147137    -3.86   0.000    -2.997403   -.9797449
                     |
               _cons |   7.528925   .1133078    66.45   0.000     7.306844    7.751006
--------------------------------------------------------------------------------------
