
. sqreg ten_y ttrend i.sexo1#c.ttrend i.sexo1#c.urate i.sexo1##i.age i.covid##i.sexo1 ///
>                 if ((mother_10==1&wife==1)|(father_10==1&husband==1))&employed&age3040==1, ///
>                 q(.25 .5 .75)
(fitting base model)

Bootstrap replications (20)
----+--- 1 ---+--- 2 ---+--- 3 ---+--- 4 ---+--- 5 
....................

Simultaneous quantile regression                    Number of obs =    417,788
  bootstrap(20) SEs                                 .25 Pseudo R2 =     0.0099
                                                    .50 Pseudo R2 =     0.0235
                                                    .75 Pseudo R2 =     0.0409

--------------------------------------------------------------------------------
               |              Bootstrap
         ten_y | Coefficient  std. err.      t    P>|t|     [95% conf. interval]
---------------+----------------------------------------------------------------
q25            |
        ttrend |  -.0129265   .0008188   -15.79   0.000    -.0145313   -.0113218
               |
sexo1#c.ttrend |
            1  |   .0174199   .0012752    13.66   0.000     .0149205    .0199192
               |
 sexo1#c.urate |
            0  |   .0592618   .0024954    23.75   0.000     .0543709    .0641527
            1  |   .0871203   .0029871    29.17   0.000     .0812658    .0929748
               |
       1.sexo1 |  -.9352064   .0406487   -23.01   0.000    -1.014877   -.8555362
        35.age |   1.101096   .0276398    39.84   0.000     1.046923    1.155269
               |
     sexo1#age |
         1 35  |  -.1844295   .0315276    -5.85   0.000    -.2462227   -.1226363
               |
         covid |
            1  |   .4924285   .0907601     5.43   0.000     .3145415    .6703154
            2  |   .6680656    .073946     9.03   0.000     .5231336    .8129976
            3  |   .6823911   .1361215     5.01   0.000      .415597    .9491852
               |
   covid#sexo1 |
          1 1  |  -.6332534    .101832    -6.22   0.000     -.832841   -.4336659
          2 1  |  -.8017679   .1019929    -7.86   0.000    -1.001671    -.601865
          3 1  |  -.8807861   .1707471    -5.16   0.000    -1.215445   -.5461269
               |
         _cons |   .9707413   .0359427    27.01   0.000     .9002947    1.041188
---------------+----------------------------------------------------------------
q50            |
        ttrend |  -.0003203   .0018883    -0.17   0.865    -.0040213    .0033806
               |
sexo1#c.ttrend |
            1  |   .0448114   .0024451    18.33   0.000     .0400191    .0496037
               |
 sexo1#c.urate |
            0  |   .0520281   .0045992    11.31   0.000     .0430139    .0610424
            1  |   .0337995   .0039576     8.54   0.000     .0260428    .0415563
               |
       1.sexo1 |  -1.057961   .0800592   -13.21   0.000    -1.214875   -.9010475
        35.age |   2.638819   .0449162    58.75   0.000     2.550784    2.726853
               |
     sexo1#age |
         1 35  |  -.2561072   .0597059    -4.29   0.000    -.3731289   -.1390855
               |
         covid |
            1  |   -.294042   .1900728    -1.55   0.122     -.666579    .0784949
            2  |  -.5312614   .1385403    -3.83   0.000    -.8027963   -.2597266
            3  |  -.5124935   .1760087    -2.91   0.004    -.8574653   -.1675218
               |
   covid#sexo1 |
          1 1  |  -.9351732   .2190451    -4.27   0.000    -1.364495   -.5058515
          2 1  |  -1.512204   .1788363    -8.46   0.000    -1.862718    -1.16169
          3 1  |  -1.884002   .2078801    -9.06   0.000    -2.291441   -1.476564
               |
         _cons |   4.247161   .0728089    58.33   0.000     4.104457    4.389864
---------------+----------------------------------------------------------------
q75            |
        ttrend |   .0007129   .0012771     0.56   0.577    -.0017902    .0032159
               |
sexo1#c.ttrend |
            1  |   .0238939   .0015225    15.69   0.000     .0209098    .0268781
               |
 sexo1#c.urate |
            0  |  -.0146646   .0036922    -3.97   0.000    -.0219012    -.007428
            1  |  -.0266362   .0029784    -8.94   0.000    -.0324737   -.0207987
               |
       1.sexo1 |  -1.055002   .0981403   -10.75   0.000    -1.247354   -.8626498
        35.age |   3.583333   .0626526    57.19   0.000     3.460536     3.70613
               |
     sexo1#age |
         1 35  |  -.0837139   .0609889    -1.37   0.170    -.2032502    .0358225
               |
         covid |
            1  |   .3339343   .1094076     3.05   0.002     .1194987    .5483699
            2  |   .6624199   .1208545     5.48   0.000     .4255488     .899291
            3  |   .3753511   .2231751     1.68   0.093    -.0620653    .8127675
               |
   covid#sexo1 |
          1 1  |  -.2317016   .1573019    -1.47   0.141    -.5400086    .0766053
          2 1  |  -.7867229   .1495506    -5.26   0.000    -1.079837   -.4936083
          3 1  |  -1.045696   .3390616    -3.08   0.002    -1.710246   -.3811454
               |
         _cons |    9.52659   .0758626   125.58   0.000     9.377902    9.675279
--------------------------------------------------------------------------------

. log close
