(fitting base model)

Bootstrap replications (20)
----+--- 1 ---+--- 2 ---+--- 3 ---+--- 4 ---+--- 5 
....................

Simultaneous quantile regression                    Number of obs =    136,192
  bootstrap(20) SEs                                 .25 Pseudo R2 =     0.0355
                                                    .50 Pseudo R2 =     0.0446
                                                    .75 Pseudo R2 =     0.0306

--------------------------------------------------------------------------------------
                     |              Bootstrap
               ten_y | Coefficient  std. err.      t    P>|t|     [95% conf. interval]
---------------------+----------------------------------------------------------------
q25                  |
              ttrend |  -.0080004   .0010506    -7.62   0.000    -.0100595   -.0059412
                     |
      sexo1#c.ttrend |
                  1  |   .0047521    .001189     4.00   0.000     .0024217    .0070825
                     |
       sexo1#c.urate |
                  0  |   .0352483   .0028394    12.41   0.000     .0296831    .0408135
                  1  |   .0609927   .0029375    20.76   0.000     .0552353    .0667501
                     |
            occgroup |
                  2  |  -.2084284   .0951068    -2.19   0.028     -.394836   -.0220209
                  3  |  -.6680318   .0946337    -7.06   0.000    -.8535121   -.4825515
                  4  |  -1.430249   .0516231   -27.71   0.000    -1.531429   -1.329069
                  5  |  -2.322842   .0681918   -34.06   0.000    -2.456496   -2.189187
                     |
      covid#occgroup |
                1 1  |  -.2492882   .3055326    -0.82   0.415    -.8481264    .3495501
                1 2  |   .0899198   .3825683     0.24   0.814    -.6599069    .8397465
                1 3  |   .6924668   .2259235     3.07   0.002      .249661    1.135273
                1 4  |   .5976277    .176231     3.39   0.001     .2522182    .9430372
                1 5  |   .2639433    .070059     3.77   0.000      .126629    .4012575
                2 1  |  -.1078804   .4023612    -0.27   0.789    -.8965008    .6807399
                2 2  |  -.3161187   .5819311    -0.54   0.587    -1.456693    .8244556
                2 3  |   .7763022   .4312726     1.80   0.072     -.068984    1.621588
                2 4  |   .8550431   .2249581     3.80   0.000     .4141294    1.295957
                2 5  |   .4657754   .1429547     3.26   0.001     .1855869    .7459639
                3 1  |   .6894831   .2531773     2.72   0.006     .1932603    1.185706
                3 2  |  -.3523128   .3836359    -0.92   0.358    -1.104232    .3996065
                3 3  |   .1405499   .3798906     0.37   0.711    -.6040287    .8851284
                3 4  |   .2030657   .1232532     1.65   0.099    -.0385083    .4446396
                3 5  |   .5121004   .1497389     3.42   0.001     .2186149    .8055859
                     |
      sexo1#occgroup |
                1 1  |  -.0781408   .1070449    -0.73   0.465    -.2879469    .1316653
                1 2  |  -.7688992   .0932971    -8.24   0.000    -.9517597   -.5860387
                1 3  |  -1.386997   .0968961   -14.31   0.000    -1.576912   -1.197083
                1 4  |   -.729636   .0825719    -8.84   0.000    -.8914754   -.5677966
                1 5  |   -.472396   .0613878    -7.70   0.000    -.5927148   -.3520771
                     |
covid#sexo1#occgroup |
              1 1 1  |  -.9677385   .3565455    -2.71   0.007    -1.666561   -.2689161
              1 1 2  |  -.2317456   .4334653    -0.53   0.593     -1.08133    .6178384
              1 1 3  |  -.4232576   .2259395    -1.87   0.061    -.8660948    .0195796
              1 1 4  |  -.5462863   .3947654    -1.38   0.166    -1.320019    .2274465
              1 1 5  |  -.1288946   .0876642    -1.47   0.141    -.3007148    .0429256
              2 1 1  |  -.6660259   .3780916    -1.76   0.078    -1.407078    .0750266
              2 1 2  |  -.1370737    .598392    -0.23   0.819    -1.309911    1.035764
              2 1 3  |  -.4957124   .4754242    -1.04   0.297    -1.427535    .4361101
              2 1 4  |  -1.130539   .3653694    -3.09   0.002    -1.846656   -.4144212
              2 1 5  |  -.4449771   .1560567    -2.85   0.004    -.7508454   -.1391089
              3 1 1  |    -1.0073   .3603581    -2.80   0.005    -1.713595   -.3010045
              3 1 2  |  -.5663169   .3911382    -1.45   0.148    -1.332941    .2003067
              3 1 3  |   .0384556   .4150247     0.09   0.926    -.7749851    .8518963
              3 1 4  |  -.4192042   .1942642    -2.16   0.031    -.7999585   -.0384499
              3 1 5  |  -.3428865    .171626    -2.00   0.046    -.6792702   -.0065028
                     |
               _cons |   2.423112   .0626268    38.69   0.000     2.300365    2.545859
---------------------+----------------------------------------------------------------
q50                  |
              ttrend |  -.0087383   .0026775    -3.26   0.001    -.0139862   -.0034904
                     |
      sexo1#c.ttrend |
                  1  |   .0281238   .0031424     8.95   0.000     .0219648    .0342827
                     |
       sexo1#c.urate |
                  0  |   .0743523   .0069985    10.62   0.000     .0606354    .0880691
                  1  |   .0648068   .0037762    17.16   0.000     .0574055    .0722081
                     |
            occgroup |
                  2  |   .5787468   .0956948     6.05   0.000     .3911868    .7663069
                  3  |    .416667   .0972596     4.28   0.000     .2260399    .6072941
                  4  |  -1.034455   .0704871   -14.68   0.000    -1.172608   -.8963014
                  5  |  -3.402844   .0772563   -44.05   0.000    -3.554265   -3.251423
                     |
      covid#occgroup |
                1 1  |  -.2772243    .226372    -1.22   0.221    -.7209091    .1664605
                1 2  |  -.4231311   .4635019    -0.91   0.361    -1.331586    .4853241
                1 3  |   .3061087   .3804147     0.80   0.421     -.439497    1.051714
                1 4  |   .6487428   .2715377     2.39   0.017      .116534    1.180952
                1 5  |  -.0248737   .3428037    -0.07   0.942    -.6967626    .6470151
                2 1  |    .154198     .27531     0.56   0.575    -.3854045    .6938005
                2 2  |  -.1544791   .4005485    -0.39   0.700    -.9395468    .6305886
                2 3  |   .4649824   .6371063     0.73   0.465     -.783734    1.713699
                2 4  |   1.355319   .3579849     3.79   0.000     .6536756    2.056963
                2 5  |   1.160445   .3039225     3.82   0.000     .5647625    1.756127
                3 1  |   .8140041   .4624616     1.76   0.078     -.092412     1.72042
                3 2  |  -.5233533    .326097    -1.60   0.109    -1.162497    .1157908
                3 3  |  -.3526629   .5036849    -0.70   0.484    -1.339876    .6345503
                3 4  |   .1731819   .2907175     0.60   0.551    -.3966189    .7429827
                3 5  |   1.452105   .5082162     2.86   0.004     .4560107    2.448199
                     |
      sexo1#occgroup |
                1 1  |   .1195367   .1260939     0.95   0.343     -.127605    .3666784
                1 2  |  -.8782322    .150013    -5.85   0.000    -1.172255   -.5842094
                1 3  |  -2.172146   .1511262   -14.37   0.000     -2.46835   -1.875941
                1 4  |  -.4516949   .2213552    -2.04   0.041     -.885547   -.0178427
                1 5  |  -.7445773   .1294025    -5.75   0.000    -.9982037   -.4909508
                     |
covid#sexo1#occgroup |
              1 1 1  |  -1.554494   .2779295    -5.59   0.000     -2.09923   -1.009757
              1 1 2  |  -1.572898   .4702474    -3.34   0.001    -2.494574   -.6512219
              1 1 3  |  -.4278166   .6073366    -0.70   0.481    -1.618185    .7625519
              1 1 4  |  -1.873113   .9074268    -2.06   0.039    -3.651653   -.0945733
              1 1 5  |  -.3715586   .5181303    -0.72   0.473    -1.387084    .6439672
              2 1 1  |  -1.413327   .3523886    -4.01   0.000    -2.104002   -.7226521
              2 1 2  |  -1.935628    .402908    -4.80   0.000     -2.72532   -1.145936
              2 1 3  |  -1.320957   .6408696    -2.06   0.039    -2.577049   -.0648642
              2 1 4  |  -3.980623   .4908227    -8.11   0.000    -4.942626   -3.018619
              2 1 5  |  -2.515164   .3608409    -6.97   0.000    -3.222406   -1.807923
              3 1 1  |  -2.725584   .4376841    -6.23   0.000    -3.583436   -1.867731
              3 1 2  |  -1.584884   .4041748    -3.92   0.000    -2.377059   -.7927094
              3 1 3  |  -.7162481   .6379816    -1.12   0.262     -1.96668     .534184
              3 1 4  |  -2.428088   .7332148    -3.31   0.001    -3.865176   -.9910011
              3 1 5  |  -2.870603   .5309108    -5.41   0.000    -3.911178   -1.830027
                     |
               _cons |   4.612014   .1014949    45.44   0.000     4.413086    4.810942
---------------------+----------------------------------------------------------------
q75                  |
              ttrend |    .019552   .0021178     9.23   0.000     .0154011    .0237029
                     |
      sexo1#c.ttrend |
                  1  |   .0168804   .0023248     7.26   0.000     .0123239    .0214369
                     |
       sexo1#c.urate |
                  0  |   .0170843   .0069522     2.46   0.014     .0034582    .0307104
                  1  |   .0196916   .0050413     3.91   0.000     .0098108    .0295725
                     |
            occgroup |
                  2  |   1.492217   .0905089    16.49   0.000     1.314822    1.669613
                  3  |   1.788724    .096225    18.59   0.000     1.600125    1.977323
                  4  |   1.106871   .0705961    15.68   0.000     .9685042    1.245238
                  5  |  -2.117312   .1200438   -17.64   0.000    -2.352596   -1.882029
                     |
      covid#occgroup |
                1 1  |    -1.5317   .5133214    -2.98   0.003    -2.537801      -.5256
                1 2  |  -.8572506   .5847481    -1.47   0.143    -2.003346    .2888449
                1 3  |   .1311702   .3947766     0.33   0.740    -.6425846     .904925
                1 4  |   .8479511    .410449     2.07   0.039     .0434787    1.652424
                1 5  |  -1.765565   .6503283    -2.71   0.007    -3.040197   -.4909339
                2 1  |  -1.066818   .6607002    -1.61   0.106    -2.361778    .2281421
                2 2  |    .427867   .7008363     0.61   0.542    -.9457591    1.801493
                2 3  |   1.137434   .6356542     1.79   0.074    -.1084363    2.383305
                2 4  |   .6465459   .3678838     1.76   0.079    -.0744995    1.367591
                2 5  |  -1.532839   .4328609    -3.54   0.000    -2.381239     -.68444
                3 1  |  -.2944188   .4655845    -0.63   0.527    -1.206956    .6181182
                3 2  |  -2.596431   .7345383    -3.53   0.000    -4.036112   -1.156749
                3 3  |  -.1061119   .2591051    -0.41   0.682     -.613953    .4017292
                3 4  |  -2.007592    .518685    -3.87   0.000    -3.024205   -.9909789
                3 5  |   -1.98785   .2422271    -8.21   0.000    -2.462611    -1.51309
                     |
      sexo1#occgroup |
                1 1  |   .0710672   .1536156     0.46   0.644    -.2300165     .372151
                1 2  |  -1.191302   .1584271    -7.52   0.000    -1.501816   -.8807876
                1 3  |  -1.787734    .189511    -9.43   0.000    -2.159172   -1.416296
                1 4  |  -.7334901   .1992396    -3.68   0.000    -1.123996   -.3429841
                1 5  |  -1.125684   .2380598    -4.73   0.000    -1.592276   -.6590907
                     |
covid#sexo1#occgroup |
              1 1 1  |   .7816664   .5771787     1.35   0.176    -.3495931    1.912926
              1 1 2  |   .4898807   .7202526     0.68   0.496    -.9218011    1.901562
              1 1 3  |   .4388728   .5277412     0.83   0.406    -.5954901    1.473236
              1 1 4  |  -2.543072   1.344938    -1.89   0.059    -5.179125    .0929816
              1 1 5  |   .2754399   .9884329     0.28   0.781     -1.66187     2.21275
              2 1 1  |   .7500852   .6631802     1.13   0.258    -.5497355    2.049906
              2 1 2  |  -1.834329   .7609818    -2.41   0.016    -3.325839   -.3428186
              2 1 3  |  -2.015963   .7100127    -2.84   0.005    -3.407574   -.6243511
              2 1 4  |  -5.208807    .751223    -6.93   0.000     -6.68119   -3.736423
              2 1 5  |   -.374351   .6797375    -0.55   0.582    -1.706624    .9579218
              3 1 1  |   -1.99478    .408408    -4.88   0.000    -2.795252   -1.194308
              3 1 2  |   -.005949   .8794174    -0.01   0.995    -1.729591    1.717693
              3 1 3  |  -3.111074   .5226846    -5.95   0.000    -4.135526   -2.086622
              3 1 4  |  -2.571118   .8029617    -3.20   0.001    -4.144908   -.9973275
              3 1 5  |  -1.111645   .4592801    -2.42   0.016    -2.011826   -.2114647
                     |
               _cons |   7.542141   .1027898    73.37   0.000     7.340675    7.743607
--------------------------------------------------------------------------------------
