(fitting base model)

Bootstrap replications (20)
----+--- 1 ---+--- 2 ---+--- 3 ---+--- 4 ---+--- 5 
....................

Simultaneous quantile regression                    Number of obs =    157,601
  bootstrap(20) SEs                                 .25 Pseudo R2 =     0.0163
                                                    .50 Pseudo R2 =     0.0164
                                                    .75 Pseudo R2 =     0.0169

--------------------------------------------------------------------------------------
                     |              Bootstrap
               ten_y | Coefficient  std. err.      t    P>|t|     [95% conf. interval]
---------------------+----------------------------------------------------------------
q25                  |
              ttrend |  -.0142276    .000708   -20.10   0.000    -.0156153     -.01284
                     |
      sexo1#c.ttrend |
                  1  |   .0034019   .0008867     3.84   0.000      .001664    .0051397
                     |
       sexo1#c.urate |
                  0  |   .0609756   .0030145    20.23   0.000     .0550672     .066884
                  1  |    .060423   .0029978    20.16   0.000     .0545474    .0662985
                     |
            occgroup |
                  2  |  -.1117884   .0479468    -2.33   0.020    -.2057632   -.0178135
                  3  |  -.5365852   .0771453    -6.96   0.000    -.6877883   -.3853822
                  4  |   -.778455   .0505468   -15.40   0.000    -.8775257   -.6793842
                  5  |  -1.768293   .0504438   -35.05   0.000    -1.867161   -1.669424
                     |
      covid#occgroup |
                1 1  |  -.4695119   .1039716    -4.52   0.000    -.6732942   -.2657297
                1 2  |   .1829268   .1829048     1.00   0.317    -.1755628    .5414164
                1 3  |   .4817075   .1649773     2.92   0.004     .1583554    .8050596
                1 4  |    .495935   .1368699     3.62   0.000     .2276729    .7641971
                1 5  |   .6727644   .1759211     3.82   0.000     .3279628    1.017566
                2 1  |   .2398376   .2380634     1.01   0.314    -.2267617    .7064369
                2 2  |   .1016261   .1632023     0.62   0.533     -.218247    .4214992
                2 3  |   1.026423   .3090463     3.32   0.001     .4206986    1.632147
                2 4  |   .7682927   .1129418     6.80   0.000     .5469292    .9896562
                2 5  |   .6504067   .1487282     4.37   0.000     .3589025    .9419109
                3 1  |   .3597564    .171407     2.10   0.036     .0238023    .6957106
                3 2  |  -.2784552    .128288    -2.17   0.030     -.529897   -.0270134
                3 3  |   .6463417   .1467176     4.41   0.000     .3587782    .9339051
                3 4  |   .8048782   .1436653     5.60   0.000     .5232972    1.086459
                3 5  |   .8800816    .181291     4.85   0.000      .524755    1.235408
                     |
      sexo1#occgroup |
                1 1  |  -.2026747   .0681968    -2.97   0.003     -.336339   -.0690105
                1 2  |  -.3985399   .0711089    -5.60   0.000    -.5379119   -.2591679
                1 3  |  -.7116584   .0787364    -9.04   0.000      -.86598   -.5573368
                1 4  |   .1394762   .1017879     1.37   0.171     -.060026    .3389783
                1 5  |   .0653662   .0613366     1.07   0.287    -.0548524    .1855847
                     |
covid#sexo1#occgroup |
              1 1 1  |   .2109524   .1440128     1.46   0.143    -.0713097    .4932144
              1 1 2  |  -.3271864   .2173138    -1.51   0.132    -.7531169    .0987441
              1 1 3  |   .1784136   .2085496     0.86   0.392    -.2303393    .5871665
              1 1 4  |  -1.028412   .2573349    -4.00   0.000    -1.532783   -.5240411
              1 1 5  |   -.347739   .2215178    -1.57   0.116    -.7819093    .0864313
              2 1 1  |  -.2843992   .2692976    -1.06   0.291    -.8122168    .2434184
              2 1 2  |   .2979211   .2244912     1.33   0.184    -.1420769     .737919
              2 1 3  |  -.3036129   .3004273    -1.01   0.312    -.8924441    .2852184
              2 1 4  |  -.8483528   .5104329    -1.66   0.097    -1.848791     .152085
              2 1 5  |   -.222914   .2107021    -1.06   0.290    -.6358856    .1900576
              3 1 1  |  -.1918306   .2337425    -0.82   0.412     -.649961    .2662998
              3 1 2  |   .8373679   .2393326     3.50   0.000      .368281    1.306455
              3 1 3  |  -.1040452   .1467314    -0.71   0.478    -.3916357    .1835452
              3 1 4  |  -.7039211   .3599298    -1.96   0.051    -1.409376    .0015337
              3 1 5  |  -.4619041   .2261226    -2.04   0.041    -.9050997   -.0187084
                     |
               _cons |   1.778455   .0705568    25.21   0.000     1.640165    1.916745
---------------------+----------------------------------------------------------------
q50                  |
              ttrend |   -.009971   .0024339    -4.10   0.000    -.0147414   -.0052006
                     |
      sexo1#c.ttrend |
                  1  |   .0067107   .0032815     2.05   0.041     .0002791    .0131424
                     |
       sexo1#c.urate |
                  0  |    .086275   .0045871    18.81   0.000     .0772843    .0952657
                  1  |   .0743349   .0055351    13.43   0.000     .0634863    .0851835
                     |
            occgroup |
                  2  |   .3633122   .0613776     5.92   0.000     .2430134    .4836111
                  3  |   .3722517   .0739481     5.03   0.000      .227315    .5171883
                  4  |  -.2121047   .0684487    -3.10   0.002    -.3462627   -.0779467
                  5  |  -2.548634   .0877502   -29.04   0.000    -2.720623   -2.376646
                     |
      covid#occgroup |
                1 1  |   -1.40292   .2341285    -5.99   0.000    -1.861807   -.9440327
                1 2  |  -.0809667   .1168697    -0.69   0.488    -.3100287    .1480954
                1 3  |  -.9418381   .2906957    -3.24   0.001    -1.511596   -.3720805
                1 4  |  -.0055497   .1753416    -0.03   0.975    -.3492155    .3381161
                1 5  |   .1977343   .2384374     0.83   0.407     -.269598    .6650665
                2 1  |  -.2896077   .3025261    -0.96   0.338    -.8825525    .3033371
                2 2  |  -.1428258   .3538288    -0.40   0.686    -.8363229    .5506713
                2 3  |   .5048077   .3265236     1.55   0.122    -.1351718    1.144787
                2 4  |   .5259044   .3054568     1.72   0.085    -.0727845    1.124593
                2 5  |    .759027   .5344897     1.42   0.156    -.2885615    1.806616
                3 1  |   .0577361   .2371245     0.24   0.808    -.4070228    .5224951
                3 2  |   .0452012   .3144084     0.14   0.886    -.5710327    .6614351
                3 3  |   .6854845   .5043201     1.36   0.174    -.3029723    1.673941
                3 4  |   .5198408   .1967179     2.64   0.008     .1342779    .9054037
                3 5  |   2.030321    .650986     3.12   0.002     .7544023     3.30624
                     |
      sexo1#occgroup |
                1 1  |  -.0143056   .1021122    -0.14   0.889    -.2144434    .1858321
                1 2  |  -.7442063   .1276355    -5.83   0.000    -.9943693   -.4940434
                1 3  |  -1.666944   .1638987   -10.17   0.000    -1.988182   -1.345706
                1 4  |   .2056236   .1810977     1.14   0.256     -.149324    .5605713
                1 5  |  -.0513524   .1315276    -0.39   0.696    -.3091439     .206439
                     |
covid#sexo1#occgroup |
              1 1 1  |   .5026845   .3195246     1.57   0.116     -.123577    1.128946
              1 1 2  |  -.5996544    .255818    -2.34   0.019    -1.101052   -.0982566
              1 1 3  |   1.194707   .3636923     3.28   0.001     .4818778    1.907536
              1 1 4  |  -2.196459   .6398518    -3.43   0.001    -3.450555   -.9423628
              1 1 5  |  -.1592626   .3911571    -0.41   0.684    -.9259223    .6073971
              2 1 1  |  -.3229383   .3540298    -0.91   0.362    -1.016829    .3709528
              2 1 2  |  -.2862305   .4678055    -0.61   0.541     -1.20312    .6306585
              2 1 3  |  -.1447398   .3678016    -0.39   0.694    -.8656232    .5761436
              2 1 4  |  -1.896275    .587607    -3.23   0.001    -3.047973   -.7445778
              2 1 5  |  -.6472637   .6677358    -0.97   0.332    -1.956012    .6614843
              3 1 1  |  -.5581279   .2976797    -1.87   0.061    -1.141574    .0253181
              3 1 2  |  -.5007311   .4191998    -1.19   0.232    -1.322354    .3208918
              3 1 3  |  -.5555941   .4285401    -1.30   0.195    -1.395524    .2843354
              3 1 4  |   -2.26645   .3788638    -5.98   0.000    -3.009016   -1.523885
              3 1 5  |  -1.945032   .9309282    -2.09   0.037    -3.769632   -.1204321
                     |
               _cons |   4.037258   .0773324    52.21   0.000     3.885688    4.188828
---------------------+----------------------------------------------------------------
q75                  |
              ttrend |   .0185379   .0022522     8.23   0.000     .0141235    .0229522
                     |
      sexo1#c.ttrend |
                  1  |   .0121952    .003122     3.91   0.000     .0060761    .0183142
                     |
       sexo1#c.urate |
                  0  |    .017177   .0053104     3.23   0.001     .0067686    .0275854
                  1  |   .0040185   .0054987     0.73   0.465    -.0067588    .0147958
                     |
            occgroup |
                  2  |   1.171148   .0521832    22.44   0.000      1.06887    1.273426
                  3  |   2.008369   .0954455    21.04   0.000     1.821298     2.19544
                  4  |    1.66231   .0677252    24.54   0.000      1.52957     1.79505
                  5  |  -1.032972   .1224489    -8.44   0.000    -1.272969   -.7929749
                     |
      covid#occgroup |
                1 1  |   -2.10975    .298755    -7.06   0.000    -2.695303   -1.524196
                1 2  |  -.4643853   .2704042    -1.72   0.086    -.9943719    .0656013
                1 3  |   .0332089   .5328616     0.06   0.950    -1.011189    1.077606
                1 4  |   .2944527   .3869381     0.76   0.447    -.4639379    1.052843
                1 5  |   .9232224   1.122623     0.82   0.411    -1.277095     3.12354
                2 1  |  -1.405273   .4349742    -3.23   0.001    -2.257813   -.5527327
                2 2  |  -.3972989   .7492199    -0.53   0.596    -1.865754    1.071156
                2 3  |  -.1609945     .22476    -0.72   0.474    -.6015194    .2795304
                2 4  |   -.305128   .6572222    -0.46   0.642     -1.59327    .9830138
                2 5  |  -.1157868   1.401058    -0.08   0.934    -2.861832    2.630258
                3 1  |  -2.176889   .1723356   -12.63   0.000    -2.514663   -1.839115
                3 2  |  -1.390482   .5098367    -2.73   0.006    -2.389752    -.391213
                3 3  |   .4814089   .5663789     0.85   0.395    -.6286819      1.5915
                3 4  |  -1.693004   .5536054    -3.06   0.002    -2.778059    -.607949
                3 5  |   2.274824   1.257306     1.81   0.070    -.1894698    4.739118
                     |
      sexo1#occgroup |
                1 1  |  -.0831344   .0874959    -0.95   0.342    -.2546244    .0883556
                1 2  |  -1.287418    .115902   -11.11   0.000    -1.514583   -1.060252
                1 3  |  -2.233891   .1453343   -15.37   0.000    -2.518743   -1.949039
                1 4  |  -.7493791   .1888997    -3.97   0.000    -1.119619   -.3791396
                1 5  |  -.9500429   .1785208    -5.32   0.000     -1.29994   -.6001458
                     |
covid#sexo1#occgroup |
              1 1 1  |   1.040641    .399038     2.61   0.009     .2585348    1.822747
              1 1 2  |  -1.002889   .3917139    -2.56   0.010     -1.77064   -.2351382
              1 1 3  |   -.156928   .7738292    -0.20   0.839    -1.673617    1.359761
              1 1 4  |  -3.859627   1.222564    -3.16   0.002    -6.255828   -1.463427
              1 1 5  |  -2.724767   1.762033    -1.55   0.122    -6.178314    .7287796
              2 1 1  |  -.2521505   .6312126    -0.40   0.690    -1.489314     .985013
              2 1 2  |  -.6715764   .8042559    -0.84   0.404    -2.247901    .9047483
              2 1 3  |  -2.354041   .4599974    -5.12   0.000    -3.255626   -1.452456
              2 1 4  |  -4.042948   1.272571    -3.18   0.001    -6.537161   -1.548735
              2 1 5  |  -2.225089    1.89581    -1.17   0.241    -5.940838    1.490659
              3 1 1  |   .0945782   .3759614     0.25   0.801    -.6422983    .8314547
              3 1 2  |  -1.408694   .7330955    -1.92   0.055    -2.845545     .028158
              3 1 3  |  -3.337999   .6465697    -5.16   0.000    -4.605262   -2.070736
              3 1 4  |  -2.796255   .9876083    -2.83   0.005    -4.731946    -.860563
              3 1 5  |  -4.623921    1.33031    -3.48   0.001      -7.2313   -2.016542
                     |
               _cons |   7.681562   .0679593   113.03   0.000     7.548363    7.814761
--------------------------------------------------------------------------------------
