(fitting base model)

Bootstrap replications (20)
----+--- 1 ---+--- 2 ---+--- 3 ---+--- 4 ---+--- 5 
....................

Simultaneous quantile regression                    Number of obs =    381,007
  bootstrap(20) SEs                                 .25 Pseudo R2 =     0.0406
                                                    .50 Pseudo R2 =     0.0451
                                                    .75 Pseudo R2 =     0.0257

--------------------------------------------------------------------------------------
                     |              Bootstrap
               ten_y | Coefficient  std. err.      t    P>|t|     [95% conf. interval]
---------------------+----------------------------------------------------------------
q25                  |
              ttrend |  -.0098946   .0007663   -12.91   0.000    -.0113965   -.0083927
                     |
      sexo1#c.ttrend |
                  1  |   .0119681   .0013574     8.82   0.000     .0093077    .0146285
                     |
       sexo1#c.urate |
                  0  |   .0375867   .0015019    25.03   0.000     .0346431    .0405304
                  1  |   .0562796   .0028245    19.93   0.000     .0507437    .0618155
                     |
            occgroup |
                  2  |  -.4691595   .0815262    -5.75   0.000    -.6289484   -.3093706
                  3  |  -.6864558   .0850977    -8.07   0.000    -.8532447   -.5196669
                  4  |  -2.158153   .0460776   -46.84   0.000    -2.248464   -2.067843
                  5  |  -3.385055    .050458   -67.09   0.000    -3.483951   -3.286159
                     |
      covid#occgroup |
                1 1  |  -.7516062   .1491178    -5.04   0.000    -1.043873   -.4593397
                1 2  |   .1478733    .172562     0.86   0.391     -.190343    .4860897
                1 3  |   1.042117   .2433754     4.28   0.000      .565108    1.519125
                1 4  |   .5732139   .0689488     8.31   0.000     .4380764    .7083514
                1 5  |   .4073824   .0884399     4.61   0.000     .2340429    .5807219
                2 1  |  -.6397132   .1509574    -4.24   0.000    -.9355853   -.3438412
                2 2  |   .4502378   .1962331     2.29   0.022     .0656266    .8348489
                2 3  |   1.000867   .2791574     3.59   0.000     .4537272    1.548007
                2 4  |   .7316886   .1086132     6.74   0.000     .5188101    .9445672
                2 5  |   .6161334   .1418587     4.34   0.000     .3380945    .8941722
                3 1  |  -.1241003   .2056371    -0.60   0.546    -.5271429    .2789423
                3 2  |   .5985608     .20052     2.99   0.003     .2055477     .991574
                3 3  |     .09069   .2512251     0.36   0.718    -.4017037    .5830838
                3 4  |   .6208881   .1442042     4.31   0.000     .3382522     .903524
                3 5  |   .7059561   .1341806     5.26   0.000     .4429661    .9689461
                     |
      sexo1#occgroup |
                1 1  |  -.1049347   .0631749    -1.66   0.097    -.2287556    .0188862
                1 2  |  -.8806409   .0760185   -11.58   0.000    -1.029635   -.7316468
                1 3  |  -2.229399   .0897355   -24.84   0.000    -2.405278    -2.05352
                1 4  |  -1.018365   .0539048   -18.89   0.000    -1.124017   -.9127132
                1 5  |  -.5908314   .0388064   -15.23   0.000    -.6668909    -.514772
                     |
covid#sexo1#occgroup |
              1 1 1  |  -.0544759    .230728    -0.24   0.813    -.5066959    .3977442
              1 1 2  |  -.5082604   .2391633    -2.13   0.034    -.9770134   -.0395073
              1 1 3  |  -.7531158   .2764099    -2.72   0.006    -1.294871   -.2113607
              1 1 4  |  -.0577124   .3514379    -0.16   0.870    -.7465203    .6310955
              1 1 5  |  -.4750167   .1145793    -4.15   0.000    -.6995886   -.2504447
              2 1 1  |  -.4209107   .2205055    -1.91   0.056     -.853095    .0112736
              2 1 2  |  -.9786738   .2295498    -4.26   0.000    -1.428584   -.5287631
              2 1 3  |  -.8799157   .3260754    -2.70   0.007    -1.519014   -.2408175
              2 1 4  |  -.5099273   .3114178    -1.64   0.102    -1.120297    .1004424
              2 1 5  |  -.8518166   .1973739    -4.32   0.000    -1.238664   -.4649697
              3 1 1  |  -.8157693   .2999132    -2.72   0.007     -1.40359   -.2279484
              3 1 2  |  -1.043565   .3105959    -3.36   0.001    -1.652324   -.4348061
              3 1 3  |   .3267664   .2927965     1.12   0.264    -.2471061    .9006389
              3 1 4  |  -.6927681   .4844438    -1.43   0.153    -1.642264    .2567273
              3 1 5  |   -.774874   .1493386    -5.19   0.000    -1.067573   -.4821747
                     |
               _cons |   3.588248   .0586297    61.20   0.000     3.473336    3.703161
---------------------+----------------------------------------------------------------
q50                  |
              ttrend |   .0031196   .0011459     2.72   0.006     .0008738    .0053655
                     |
      sexo1#c.ttrend |
                  1  |    .036629   .0018067    20.27   0.000      .033088      .04017
                     |
       sexo1#c.urate |
                  0  |   .0358423    .003566    10.05   0.000     .0288531    .0428315
                  1  |   .0094176   .0045718     2.06   0.039     .0004571    .0183782
                     |
            occgroup |
                  2  |    .176457   .0561052     3.15   0.002     .0664925    .2864215
                  3  |   .5114829   .0840566     6.08   0.000     .3467344    .6762315
                  4  |  -1.965153   .0324188   -60.62   0.000    -2.028693   -1.901613
                  5  |  -4.950086   .0650759   -76.07   0.000    -5.077633   -4.822539
                     |
      covid#occgroup |
                1 1  |  -1.584694   .1923568    -8.24   0.000    -1.961708    -1.20768
                1 2  |  -.3444845   .3829079    -0.90   0.368    -1.094973    .4060036
                1 3  |   1.141245   .2687176     4.25   0.000     .6145663    1.667923
                1 4  |  -.6674965   .1563293    -4.27   0.000    -.9738973   -.3610956
                1 5  |  -.5158968   .2666462    -1.93   0.053    -1.038515    .0067218
                2 1  |  -1.559405   .2002416    -7.79   0.000    -1.951873   -1.166938
                2 2  |   -1.00614   .7732542    -1.30   0.193    -2.521695    .5094152
                2 3  |   .6177482   .5905634     1.05   0.296    -.5397385    1.775235
                2 4  |  -.4478631   .2511819    -1.78   0.075    -.9401721    .0444459
                2 5  |   .2037366   .1690007     1.21   0.228    -.1274997    .5349729
                3 1  |  -.9280835   .1909492    -4.86   0.000    -1.302338   -.5538288
                3 2  |  -.7313159    .315084    -2.32   0.020    -1.348871   -.1137606
                3 3  |  -1.171446   .5353932    -2.19   0.029    -2.220801   -.1220914
                3 4  |  -.3511883   .2354327    -1.49   0.136    -.8126295    .1102528
                3 5  |   1.105336   .2278761     4.85   0.000     .6587059    1.551967
                     |
      sexo1#occgroup |
                1 1  |  -.2574475   .0698979    -3.68   0.000    -.3944452   -.1204497
                1 2  |  -.8840036   .0804874   -10.98   0.000    -1.041757   -.7262506
                1 3  |  -3.305295   .1062121   -31.12   0.000    -3.513468   -3.097123
                1 4  |  -.3589522   .1370606    -2.62   0.009     -.627587   -.0903174
                1 5  |  -.9762943   .0924025   -10.57   0.000      -1.1574   -.7951882
                     |
covid#sexo1#occgroup |
              1 1 1  |   .8320759   .3207488     2.59   0.009     .2034178    1.460734
              1 1 2  |  -1.243143    .553034    -2.25   0.025    -2.327074   -.1592132
              1 1 3  |  -1.312972   .4688914    -2.80   0.005    -2.231985   -.3939585
              1 1 4  |  -.4739369   1.398136    -0.34   0.735    -3.214242    2.266369
              1 1 5  |  -.8528969   .4685626    -1.82   0.069    -1.771266    .0654718
              2 1 1  |   .0520223   .3642248     0.14   0.886    -.6618475    .7658921
              2 1 2  |  -1.323188   .8811939    -1.50   0.133    -3.050301    .4039261
              2 1 3  |  -2.027477   .6711962    -3.02   0.003    -3.343002   -.7119526
              2 1 4  |  -2.409529   .6928093    -3.48   0.001    -3.767414   -1.051643
              2 1 5  |  -1.847387   .2916993    -6.33   0.000    -2.419109   -1.275665
              3 1 1  |  -1.859248   .2768692    -6.72   0.000    -2.401903   -1.316592
              3 1 2  |   -1.56397    .334559    -4.67   0.000    -2.219696   -.9082445
              3 1 3  |  -.2461869    .655345    -0.38   0.707    -1.530644     1.03827
              3 1 4  |  -2.869485   .7453335    -3.85   0.000    -4.330316   -1.408653
              3 1 5  |    -3.0987   .2394644   -12.94   0.000    -3.568043   -2.629357
                     |
               _cons |   7.142772   .0675598   105.73   0.000     7.010357    7.275187
---------------------+----------------------------------------------------------------
q75                  |
              ttrend |   .0058811   .0011935     4.93   0.000     .0035418    .0082203
                     |
      sexo1#c.ttrend |
                  1  |   .0272702   .0018501    14.74   0.000     .0236439    .0308964
                     |
       sexo1#c.urate |
                  0  |   .0011096   .0040549     0.27   0.784    -.0068378    .0090571
                  1  |  -.0302717   .0045373    -6.67   0.000    -.0391646   -.0213788
                     |
            occgroup |
                  2  |   1.231986   .0625714    19.69   0.000     1.109348    1.354625
                  3  |   1.987868   .0894331    22.23   0.000     1.812582    2.163154
                  4  |   .0598088   .0505219     1.18   0.236    -.0392126    .1588302
                  5  |  -3.289503   .0965922   -34.06   0.000    -3.478821   -3.100186
                     |
      covid#occgroup |
                1 1  |  -.3246418   .2439635    -1.33   0.183     -.802803    .1535194
                1 2  |   .4238421   .2572845     1.65   0.099    -.0804277     .928112
                1 3  |  -.0693896   .2936022    -0.24   0.813    -.6448412    .5060621
                1 4  |   1.192003   .3132162     3.81   0.000     .5781083    1.805897
                1 5  |  -1.701805   .7638171    -2.23   0.026    -3.198864   -.2047462
                2 1  |  -.1145887   .3298343    -0.35   0.728     -.761054    .5318767
                2 2  |   1.913042   .2863566     6.68   0.000     1.351791    2.474292
                2 3  |  -.0877725   .2451623    -0.36   0.720    -.5682833    .3927383
                2 4  |   .7569537   .2820694     2.68   0.007     .2041061    1.309801
                2 5  |  -.0750852     .55618    -0.14   0.893    -1.165181    1.015011
                3 1  |  -.0420561   .2772466    -0.15   0.879    -.5854511     .501339
                3 2  |   1.063841   .4465834     2.38   0.017     .1885507    1.939131
                3 3  |   -.292167   .4100082    -0.71   0.476    -1.095771    .5114369
                3 4  |  -.3473154   .3597299    -0.97   0.334    -1.052375    .3577445
                3 5  |  -.0981286   .7326873    -0.13   0.893    -1.534174    1.337917
                     |
      sexo1#occgroup |
                1 1  |   .1337729   .0973971     1.37   0.170    -.0571224    .3246683
                1 2  |  -.9038837   .1032965    -8.75   0.000    -1.106342   -.7014257
                1 3  |  -2.602027   .1112726   -23.38   0.000    -2.820118   -2.383936
                1 4  |   .1252784   .1415514     0.89   0.376    -.1521582     .402715
                1 5  |  -1.357488   .1764239    -7.69   0.000    -1.703273   -1.011702
                     |
covid#sexo1#occgroup |
              1 1 1  |   .0878091   .3033829     0.29   0.772    -.5068123    .6824306
              1 1 2  |  -.3431914   .2784372    -1.23   0.218    -.8889201    .2025373
              1 1 3  |   1.163822   .3033787     3.84   0.000      .569209    1.758435
              1 1 4  |  -.1350033   .5082087    -0.27   0.791    -1.131077    .8610705
              1 1 5  |   .8349758    1.09343     0.76   0.445    -1.308114    2.978066
              2 1 1  |  -.2219688   .3810814    -0.58   0.560     -.968877    .5249394
              2 1 2  |  -2.193929   .3747483    -5.85   0.000    -2.928424   -1.459434
              2 1 3  |   -.154672   .4710963    -0.33   0.743    -1.078007    .7686628
              2 1 4  |  -2.478158   1.388317    -1.79   0.074    -5.199219    .2429022
              2 1 5  |  -1.647375   .9443996    -1.74   0.081     -3.49837    .2036202
              3 1 1  |  -.9575256   .2854119    -3.35   0.001    -1.516924   -.3981269
              3 1 2  |   -1.53384   .5404125    -2.84   0.005    -2.593033   -.4746479
              3 1 3  |   .0144299   .5473133     0.03   0.979    -1.058288    1.087148
              3 1 4  |   -1.05077   .7752556    -1.36   0.175    -2.570248    .4687075
              3 1 5  |  -2.051212   .9795694    -2.09   0.036    -3.971139   -.1312851
                     |
               _cons |   10.95576   .0626358   174.91   0.000       10.833    11.07853
--------------------------------------------------------------------------------------
