(fitting base model)

Bootstrap replications (20)
----+--- 1 ---+--- 2 ---+--- 3 ---+--- 4 ---+--- 5 
....................

Simultaneous quantile regression                    Number of obs =    414,075
  bootstrap(20) SEs                                 .25 Pseudo R2 =     0.0423
                                                    .50 Pseudo R2 =     0.0497
                                                    .75 Pseudo R2 =     0.0299

----------------------------------------------------------------------------------------
                       |              Bootstrap
                 ten_y | Coefficient  std. err.      t    P>|t|     [95% conf. interval]
-----------------------+----------------------------------------------------------------
q25                    |
                ttrend |  -.0100623   .0006788   -14.82   0.000    -.0113928   -.0087318
                       |
        sexo1#c.ttrend |
                    1  |   .0133164   .0009736    13.68   0.000     .0114083    .0152246
                       |
                 urate |   .0566655   .0055496    10.21   0.000     .0457885    .0675425
                       |
              occgroup |
                    2  |  -.2104893   .1711977    -1.23   0.219    -.5460315     .125053
                    3  |   1.257171    .160508     7.83   0.000     .9425805    1.571762
                    4  |  -2.320872   .1331397   -17.43   0.000    -2.581822   -2.059923
                    5  |  -2.480378   .1248127   -19.87   0.000    -2.725007   -2.235748
                       |
      occgroup#c.urate |
                    2  |  -.0157505    .009278    -1.70   0.090    -.0339351    .0024341
                    3  |  -.1114724   .0074343   -14.99   0.000    -.1260433   -.0969015
                    4  |   .0103217   .0068266     1.51   0.131    -.0030583    .0237017
                    5  |   -.053766   .0061542    -8.74   0.000    -.0658281   -.0417039
                       |
        sexo1#occgroup |
                  1 1  |  -.0901406   .1927929    -0.47   0.640    -.4680089    .2877277
                  1 2  |  -2.115918   .2217935    -9.54   0.000    -2.550627    -1.68121
                  1 3  |  -4.250493    .171896   -24.73   0.000    -4.587404   -3.913582
                  1 4  |  -1.012654   .1069934    -9.46   0.000    -1.222358     -.80295
                  1 5  |  -.3261138    .043746    -7.45   0.000    -.4118546   -.2403729
                       |
sexo1#occgroup#c.urate |
                  1 1  |   .0133565   .0096941     1.38   0.168    -.0056437    .0323567
                  1 2  |   .0854369   .0116174     7.35   0.000     .0626671    .1082068
                  1 3  |   .1297113   .0097888    13.25   0.000     .1105256    .1488971
                  1 4  |   .0213979    .010451     2.05   0.041     .0009141    .0418816
                  1 5  |  -.0011076   .0033347    -0.33   0.740    -.0076435    .0054282
                       |
        covid#occgroup |
                  1 1  |  -.6189575   .2047448    -3.02   0.003    -1.020251   -.2176638
                  1 2  |   .1648197   .1483524     1.11   0.267    -.1259465    .4555859
                  1 3  |   .6322675     .27901     2.27   0.023     .0854164    1.179119
                  1 4  |   .5688571    .087019     6.54   0.000     .3983025    .7394118
                  1 5  |   .4535869   .0981445     4.62   0.000     .2612267    .6459471
                  2 1  |  -.5180065   .1676277    -3.09   0.002    -.8465517   -.1894613
                  2 2  |   .4012244   .2168143     1.85   0.064    -.0237251    .8261739
                  2 3  |   .5332821   .3245778     1.64   0.100    -.1028805    1.169445
                  2 4  |    .804386   .0992387     8.11   0.000     .6098812    .9988908
                  2 5  |    .693879   .1547502     4.48   0.000     .3905733    .9971847
                  3 1  |  -.0174771   .3087003    -0.06   0.955    -.6225204    .5875663
                  3 2  |   .4968752    .283871     1.75   0.080    -.0595034    1.053254
                  3 3  |  -.5792528     .25779    -2.25   0.025    -1.084513   -.0739922
                  3 4  |   .5842717   .2306821     2.53   0.011     .1321417    1.036402
                  3 5  |   .7998499   .1930338     4.14   0.000     .4215094     1.17819
                       |
  covid#sexo1#occgroup |
                1 1 1  |  -.2142804   .3210523    -0.67   0.504    -.8435332    .4149724
                1 1 2  |  -.5629897   .1720028    -3.27   0.001      -.90011   -.2258695
                1 1 3  |  -.5577605   .2560962    -2.18   0.029    -1.059701   -.0558197
                1 1 4  |  -.3716326   .2370999    -1.57   0.117    -.8363413     .093076
                1 1 5  |   -.549953   .1058171    -5.20   0.000    -.7573514   -.3425546
                2 1 1  |   -.475816   .2553426    -1.86   0.062    -.9762796    .0246477
                2 1 2  |  -.8100583   .2751792    -2.94   0.003    -1.349401   -.2707154
                2 1 3  |  -.5120593   .3082939    -1.66   0.097    -1.116306    .0921874
                2 1 4  |  -.5393668   .3453347    -1.56   0.118    -1.216212    .1374788
                2 1 5  |  -.9630019   .1709088    -5.63   0.000    -1.297978   -.6280259
                3 1 1  |  -.7426441   .3974199    -1.87   0.062    -1.521575    .0362868
                3 1 2  |  -.5588698   .4135365    -1.35   0.177    -1.369389    .2516492
                3 1 3  |   .8222533   .3655829     2.25   0.025     .1057219    1.538785
                3 1 4  |  -.9991605    .310788    -3.21   0.001    -1.608296   -.3900255
                3 1 5  |  -1.077808   .2248237    -4.79   0.000    -1.518456   -.6371607
                       |
                 _cons |   3.255345   .1177539    27.65   0.000     3.024551    3.486139
-----------------------+----------------------------------------------------------------
q50                    |
                ttrend |   4.22e-13   .0013801     0.00   1.000     -.002705     .002705
                       |
        sexo1#c.ttrend |
                    1  |    .038118     .00184    20.72   0.000     .0345117    .0417243
                       |
                 urate |   .0177305   .0052691     3.36   0.001     .0074031    .0280578
                       |
              occgroup |
                    2  |   .4308509   .0835363     5.16   0.000     .2671224    .5945794
                    3  |   3.279688   .2321335    14.13   0.000     2.824714    3.734663
                    4  |  -3.701548   .1275548   -29.02   0.000    -3.951551   -3.451544
                    5  |   -4.84653   .1767943   -27.41   0.000    -5.193042   -4.500019
                       |
      occgroup#c.urate |
                    2  |  -.0177305   .0043529    -4.07   0.000     -.026262    -.009199
                    3  |  -.1533894   .0125511   -12.22   0.000    -.1779893   -.1287895
                    4  |   .0990919   .0075217    13.17   0.000     .0843496    .1138343
                    5  |  -.0043376   .0091452    -0.47   0.635    -.0222619    .0135867
                       |
        sexo1#occgroup |
                  1 1  |   .4931483   .1451621     3.40   0.001      .208635    .7776615
                  1 2  |  -1.584478   .1224208   -12.94   0.000    -1.824419   -1.344536
                  1 3  |  -8.500481   .2643737   -32.15   0.000    -9.018645   -7.982317
                  1 4  |  -2.309837   .2628775    -8.79   0.000    -2.825069   -1.794605
                  1 5  |  -1.024108   .1950755    -5.25   0.000     -1.40645    -.641766
                       |
sexo1#occgroup#c.urate |
                  1 1  |    -.07168   .0087851    -8.16   0.000    -.0888984   -.0544615
                  1 2  |   .0081836   .0067732     1.21   0.227    -.0050915    .0214588
                  1 3  |   .2393135   .0136869    17.48   0.000     .2124875    .2661395
                  1 4  |    .058252   .0181368     3.21   0.001     .0227045    .0937995
                  1 5  |  -.0174173   .0115018    -1.51   0.130    -.0399604    .0051258
                       |
        covid#occgroup |
                  1 1  |  -1.438534   .2557015    -5.63   0.000    -1.939702   -.9373671
                  1 2  |  -.3333335   .4576928    -0.73   0.466    -1.230398    .5637306
                  1 3  |   .5897933   .3156446     1.87   0.062    -.0288607    1.208447
                  1 4  |  -.4704049   .2548451    -1.85   0.065    -.9698936    .0290838
                  1 5  |  -.3566964   .2062288    -1.73   0.084    -.7608986    .0475057
                  2 1  |  -1.410757    .309065    -4.56   0.000    -2.016515   -.8049986
                  2 2  |         -1   .5052182    -1.98   0.048    -1.990212   -.0097876
                  2 3  |    .127261   .6013565     0.21   0.832     -1.05138    1.305902
                  2 4  |  -.1752337   .2359135    -0.74   0.458    -.6376171    .2871496
                  2 5  |    .415625   .1904399     2.18   0.029     .0423685    .7888815
                  3 1  |  -.8114657   .3116943    -2.60   0.009    -1.422377   -.2005542
                  3 2  |         -1   .4171191    -2.40   0.017    -1.817541   -.1824593
                  3 3  |  -1.157623   .6158923    -1.88   0.060    -2.364753    .0495076
                  3 4  |  -.0739877   .2753608    -0.27   0.788    -.6136864    .4657111
                  3 5  |   1.094345   .3001204     3.65   0.000     .5061184    1.682572
                       |
  covid#sexo1#occgroup |
                1 1 1  |   .6282641   .3549136     1.77   0.077    -.0673559    1.323884
                1 1 2  |   -1.28232   .4428391    -2.90   0.004    -2.150271   -.4143683
                1 1 3  |  -.6785452   .3725147    -1.82   0.069    -1.408663    .0515725
                1 1 4  |   .6033389   1.236549     0.49   0.626    -1.820259    3.026937
                1 1 5  |   -.678322   .2645026    -2.56   0.010    -1.196739   -.1599049
                2 1 1  |  -.2361207   .3929653    -0.60   0.548    -1.006321    .5340793
                2 1 2  |  -1.133853   .5516567    -2.06   0.040    -2.215083   -.0526226
                2 1 3  |  -1.411585   .5859273    -2.41   0.016    -2.559985   -.2631856
                2 1 4  |  -1.366337   .5411449    -2.52   0.012    -2.426965   -.3057095
                2 1 5  |  -2.031051   .3364008    -6.04   0.000    -2.690386   -1.371715
                3 1 1  |  -1.772213   .3851393    -4.60   0.000    -2.527074   -1.017352
                3 1 2  |  -.8976878    .689247    -1.30   0.193    -2.248591    .4532154
                3 1 3  |  -.0297702   .7985533    -0.04   0.970    -1.594911     1.53537
                3 1 4  |  -1.879847   .7783856    -2.42   0.016    -3.405459   -.3542348
                3 1 5  |  -3.206161   .3737981    -8.58   0.000    -3.938794   -2.473528
                       |
                 _cons |   7.569149   .0905407    83.60   0.000     7.391692    7.746606
-----------------------+----------------------------------------------------------------
q75                    |
                ttrend |   .0027878   .0012055     2.31   0.021     .0004251    .0051505
                       |
        sexo1#c.ttrend |
                    1  |   .0303237    .001658    18.29   0.000     .0270741    .0335732
                       |
                 urate |  -.0055099   .0055967    -0.98   0.325    -.0164792    .0054594
                       |
              occgroup |
                    2  |   2.352693    .117365    20.05   0.000     2.122661    2.582724
                    3  |   4.534358   .2161317    20.98   0.000     4.110746     4.95797
                    4  |  -1.168304   .1564925    -7.47   0.000    -1.475024    -.861583
                    5  |  -3.877316   .3336879   -11.62   0.000    -4.531334   -3.223298
                       |
      occgroup#c.urate |
                    2  |    -.06131    .006036   -10.16   0.000    -.0731405   -.0494796
                    3  |  -.1405581   .0121584   -11.56   0.000    -.1643882    -.116728
                    4  |   .0726932   .0085762     8.48   0.000     .0558841    .0895023
                    5  |   .0305172   .0165824     1.84   0.066    -.0019837    .0630182
                       |
        sexo1#occgroup |
                  1 1  |   .6072851   .1814227     3.35   0.001      .251702    .9628682
                  1 2  |  -1.254897   .1824377    -6.88   0.000     -1.61247   -.8973249
                  1 3  |   -6.82837   .2476014   -27.58   0.000    -7.313662   -6.343079
                  1 4  |  -.9977862   .3440961    -2.90   0.004    -1.672204   -.3233682
                  1 5  |  -1.955005   .2928168    -6.68   0.000    -2.528917   -1.381093
                       |
sexo1#occgroup#c.urate |
                  1 1  |  -.0618911   .0097299    -6.36   0.000    -.0809614   -.0428208
                  1 2  |  -.0183761   .0098307    -1.87   0.062    -.0376439    .0008917
                  1 3  |   .1787355   .0133359    13.40   0.000     .1525974    .2048735
                  1 4  |   .0034854   .0193932     0.18   0.857    -.0345247    .0414955
                  1 5  |   .0089653   .0167475     0.54   0.592    -.0238594    .0417899
                       |
        covid#occgroup |
                  1 1  |  -.1073649   .2752447    -0.39   0.696    -.6468362    .4321064
                  1 2  |   .3155336   .1979253     1.59   0.111     -.072394    .7034612
                  1 3  |  -.4463349   .2723302    -1.64   0.101    -.9800937     .087424
                  1 4  |   1.222492   .2592931     4.71   0.000      .714285    1.730698
                  1 5  |  -1.087181   .4528212    -2.40   0.016    -1.974697   -.1996653
                  2 1  |  -.1167121   .2043821    -0.57   0.568    -.5172948    .2838706
                  2 2  |   1.665167   .2689084     6.19   0.000     1.138115    2.192219
                  2 3  |  -.4598571   .2449815    -1.88   0.061    -.9400133    .0202992
                  2 4  |   .8994538   .2984947     3.01   0.003     .3144132    1.484494
                  2 5  |   .1280406   .3966583     0.32   0.747    -.6493976    .9054788
                  3 1  |    .356709   .3714951     0.96   0.337    -.3714101    1.084828
                  3 2  |   1.268348   .5075363     2.50   0.012     .2735923    2.263104
                  3 3  |  -1.092025    .522153    -2.09   0.036    -2.115429   -.0686209
                  3 4  |  -.0423954   .3894077    -0.11   0.913    -.8056228    .7208319
                  3 5  |    .243022   .6686249     0.36   0.716    -1.067463    1.553507
                       |
  covid#sexo1#occgroup |
                1 1 1  |  -.2283124   .3149441    -0.72   0.468    -.8455933    .3889685
                1 1 2  |  -.3944798   .2168687    -1.82   0.069    -.8195359    .0305764
                1 1 3  |   1.783356   .3465977     5.15   0.000     1.104035    2.462677
                1 1 4  |   .5311627   .3514385     1.51   0.131    -.1576462    1.219972
                1 1 5  |   1.172852   .6467652     1.81   0.070    -.0947886    2.440492
                2 1 1  |   -.300915   .3051202    -0.99   0.324    -.8989415    .2971114
                2 1 2  |  -2.143588   .3544577    -6.05   0.000    -2.838315   -1.448862
                2 1 3  |   .6563655   .5210806     1.26   0.208    -.3649367    1.677668
                2 1 4  |  -.9970399   1.390934    -0.72   0.473    -3.723229     1.72915
                2 1 5  |  -1.653447   .6364596    -2.60   0.009    -2.900888   -.4060056
                3 1 1  |  -1.147385   .4374363    -2.62   0.009    -2.004747    -.290023
                3 1 2  |  -1.889669   .7085056    -2.67   0.008    -3.278318    -.501019
                3 1 3  |   1.174468   .9112858     1.29   0.197    -.6116249     2.96056
                3 1 4  |  -.8101674   1.090791    -0.74   0.458    -2.948085     1.32775
                3 1 5  |  -1.812864   .9084679    -2.00   0.046    -3.593434   -.0322946
                       |
                 _cons |   11.18629   .1000174   111.84   0.000     10.99026    11.38232
----------------------------------------------------------------------------------------
