(fitting base model)

Bootstrap replications (20)
----+--- 1 ---+--- 2 ---+--- 3 ---+--- 4 ---+--- 5 
....................

Simultaneous quantile regression                    Number of obs =    277,937
  bootstrap(20) SEs                                 .25 Pseudo R2 =     0.0465
                                                    .50 Pseudo R2 =     0.0549
                                                    .75 Pseudo R2 =     0.0313

----------------------------------------------------------------------------------------
                       |              Bootstrap
                 ten_y | Coefficient  std. err.      t    P>|t|     [95% conf. interval]
-----------------------+----------------------------------------------------------------
q25                    |
                ttrend |  -.0133376   .0007559   -17.65   0.000    -.0148191   -.0118561
                       |
        sexo1#c.ttrend |
                    1  |   .0177711    .001492    11.91   0.000     .0148468    .0206954
                       |
                 urate |   .0603667   .0082043     7.36   0.000     .0442866    .0764469
                       |
              occgroup |
                    2  |  -.1304643   .2947527    -0.44   0.658    -.7081714    .4472428
                    3  |   1.837085   .3253431     5.65   0.000     1.199421    2.474748
                    4  |  -2.639808   .1877934   -14.06   0.000    -3.007878   -2.271738
                    5  |  -2.882382   .2025952   -14.23   0.000    -3.279463   -2.485302
                       |
      occgroup#c.urate |
                    2  |  -.0275937   .0124642    -2.21   0.027    -.0520232   -.0031642
                    3  |  -.1363322   .0146232    -9.32   0.000    -.1649932   -.1076711
                    4  |   .0079845   .0094913     0.84   0.400    -.0106182    .0265873
                    5  |  -.0625393   .0092526    -6.76   0.000    -.0806741   -.0444044
                       |
        sexo1#occgroup |
                  1 1  |   .6365633   .3010633     2.11   0.034     .0464875    1.226639
                  1 2  |  -2.097436   .1907135   -11.00   0.000     -2.47123   -1.723643
                  1 3  |  -5.478318   .2732484   -20.05   0.000    -6.013877   -4.942759
                  1 4  |  -1.259988   .1247449   -10.10   0.000    -1.504485   -1.015492
                  1 5  |  -.4275748   .0955829    -4.47   0.000    -.6149146   -.2402349
                       |
sexo1#occgroup#c.urate |
                  1 1  |  -.0220702   .0128253    -1.72   0.085    -.0472074    .0030669
                  1 2  |   .0783842   .0112559     6.96   0.000     .0563229    .1004455
                  1 3  |   .1600816   .0143059    11.19   0.000     .1320424    .1881208
                  1 4  |   .0126112   .0086106     1.46   0.143    -.0042654    .0294878
                  1 5  |  -.0027536   .0049341    -0.56   0.577    -.0124242    .0069171
                       |
        covid#occgroup |
                  1 1  |   -.934574   .2476691    -3.77   0.000    -1.419999   -.4491493
                  1 2  |  -.0422126   .1813378    -0.23   0.816    -.3976297    .3132045
                  1 3  |   .9220927   .3320073     2.78   0.005     .2713675    1.572818
                  1 4  |   .4859342   .0970909     5.00   0.000     .2956386    .6762298
                  1 5  |    .623442   .1089602     5.72   0.000      .409883    .8370011
                  2 1  |  -.9965207   .1302807    -7.65   0.000    -1.251867    -.741174
                  2 2  |   .3990927   .1867005     2.14   0.033     .0331649    .7650205
                  2 3  |   .3053388   .3180718     0.96   0.337    -.3180733    .9287508
                  2 4  |   .7456629   .0909017     8.20   0.000      .567498    .9238279
                  2 5  |   .8864899   .1621763     5.47   0.000     .5686289    1.204351
                  3 1  |  -.3006182   .2421665    -1.24   0.214    -.7752578    .1740215
                  3 2  |   .6037357   .2042932     2.96   0.003     .2033267    1.004145
                  3 3  |  -.6873473    .391804    -1.75   0.079    -1.455272    .0805777
                  3 4  |   1.061704   .2327854     4.56   0.000     .6054512    1.517957
                  3 5  |   .9455017   .3248603     2.91   0.004     .3087844    1.582219
                       |
  covid#sexo1#occgroup |
                1 1 1  |  -.2334091   .2986302    -0.78   0.434     -.818716    .3518978
                1 1 2  |  -.4845253   .2875969    -1.68   0.092    -1.048207    .0791567
                1 1 3  |  -.6348366   .3513861    -1.81   0.071    -1.323544    .0538704
                1 1 4  |  -.2225684   .3299519    -0.67   0.500    -.8692651    .4241284
                1 1 5  |  -.8093205   .1575973    -5.14   0.000    -1.118207   -.5004342
                2 1 1  |  -.3319661   .2880043    -1.15   0.249    -.8964467    .2325144
                2 1 2  |  -.8739625   .1788279    -4.89   0.000     -1.22446   -.5234646
                2 1 3  |  -.3002915   .3154479    -0.95   0.341    -.9185608    .3179778
                2 1 4  |  -.2259357   .2861404    -0.79   0.430    -.7867629    .3348915
                2 1 5  |  -1.173764   .1928835    -6.09   0.000    -1.551811   -.7957178
                3 1 1  |  -1.170212   .3686141    -3.17   0.002    -1.892686   -.4477386
                3 1 2  |  -.8988028   .2871551    -3.13   0.002    -1.461619   -.3359867
                3 1 3  |   1.173095   .5005385     2.34   0.019     .1920532    2.154137
                3 1 4  |  -1.301402   .3730082    -3.49   0.000    -2.032488    -.570316
                3 1 5  |  -1.253958   .3538064    -3.54   0.000    -1.947409   -.5605074
                       |
                 _cons |   3.884259   .1826462    21.27   0.000     3.526278    4.242241
-----------------------+----------------------------------------------------------------
q50                    |
                ttrend |  -.0099898   .0014166    -7.05   0.000    -.0127663   -.0072134
                       |
        sexo1#c.ttrend |
                    1  |   .0448043   .0020236    22.14   0.000     .0408382    .0487704
                       |
                 urate |   .0079551   .0110562     0.72   0.472    -.0137147    .0296248
                       |
              occgroup |
                    2  |   .7692884   .3193052     2.41   0.016     .1434591    1.395118
                    3  |   3.580477   .3769164     9.50   0.000     2.841732    4.319223
                    4  |  -4.171503   .2178573   -19.15   0.000    -4.598497   -3.744509
                    5  |  -5.398411   .2569428   -21.01   0.000    -5.902011    -4.89481
                       |
      occgroup#c.urate |
                    2  |   -.029985   .0165773    -1.81   0.070     -.062476    .0025061
                    3  |  -.1399685   .0199099    -7.03   0.000    -.1789914   -.1009457
                    4  |   .1131979   .0108928    10.39   0.000     .0918484    .1345474
                    5  |  -.0076642   .0146196    -0.52   0.600    -.0363181    .0209897
                       |
        sexo1#occgroup |
                  1 1  |   .9742683   .2711582     3.59   0.000     .4428056    1.505731
                  1 2  |  -1.219023   .2774618    -4.39   0.000    -1.762841   -.6752056
                  1 3  |  -9.823429   .2935785   -33.46   0.000    -10.39883   -9.248023
                  1 4  |  -2.682137   .5859861    -4.58   0.000    -3.830653    -1.53362
                  1 5  |   -1.40908   .2107125    -6.69   0.000     -1.82207   -.9960888
                       |
sexo1#occgroup#c.urate |
                  1 1  |  -.0907921     .01319    -6.88   0.000     -.116644   -.0649401
                  1 2  |  -.0158381   .0157804    -1.00   0.316    -.0467672     .015091
                  1 3  |   .2544769     .01546    16.46   0.000     .2241758     .284778
                  1 4  |   .0438161   .0278247     1.57   0.115    -.0107195    .0983517
                  1 5  |  -.0139357    .014008    -0.99   0.320     -.041391    .0135196
                       |
        covid#occgroup |
                  1 1  |  -1.115007   .3875874    -2.88   0.004    -1.874668   -.3553464
                  1 2  |  -.0078591    .517154    -0.02   0.988    -1.021467    1.005748
                  1 3  |   .8262895   .2543076     3.25   0.001     .3278535    1.324725
                  1 4  |   -.672815   .2523418    -2.67   0.008    -1.167398   -.1782321
                  1 5  |  -.1088067   .1988026    -0.55   0.584    -.4984544     .280841
                  2 1  |  -1.142292   .4568447    -2.50   0.012    -2.037695   -.2468895
                  2 2  |    -.12987    .598866    -0.22   0.828    -1.303631    1.043891
                  2 3  |  -.0033889   .5440344    -0.01   0.995    -1.069681    1.062904
                  2 4  |  -.3966715   .3325138    -1.19   0.233    -1.048389    .2550464
                  2 5  |   .8677602   .3837629     2.26   0.024     .1155956    1.619925
                  3 1  |  -1.337484   .2092921    -6.39   0.000     -1.74769    -.927277
                  3 2  |   -.711567   .3831743    -1.86   0.063    -1.462578    .0394441
                  3 3  |  -1.181154   .4170384    -2.83   0.005    -1.998538   -.3637701
                  3 4  |    .414685   .2309465     1.80   0.073    -.0379638    .8673337
                  3 5  |   1.668194   .5219917     3.20   0.001     .6451047    2.691284
                       |
  covid#sexo1#occgroup |
                1 1 1  |   .3514811    .427548     0.82   0.411    -.4865013    1.189463
                1 1 2  |  -1.020455    .663506    -1.54   0.124    -2.320909    .2799984
                1 1 3  |   .4794639   .4502925     1.06   0.287    -.4030971    1.362025
                1 1 4  |   2.937504   1.527421     1.92   0.054    -.0561995    5.931208
                1 1 5  |  -.9926196   .2739381    -3.62   0.000    -1.529531   -.4557084
                2 1 1  |  -.0871192   .5769631    -0.15   0.880    -1.217951    1.043713
                2 1 2  |   -2.04096   .5883946    -3.47   0.001    -3.194197   -.8877227
                2 1 3  |  -.7102769   .5416323    -1.31   0.190    -1.771861    .3513076
                2 1 4  |  -.4668991   .3976857    -1.17   0.240    -1.246352     .312554
                2 1 5  |  -2.229983   .5052304    -4.41   0.000    -3.220221   -1.239746
                3 1 1  |   -1.95751   .3167099    -6.18   0.000    -2.578253   -1.336767
                3 1 2  |  -1.624295   .4760836    -3.41   0.001    -2.557406   -.6911844
                3 1 3  |   1.079398   .6027331     1.79   0.073    -.1019427    2.260738
                3 1 4  |    -1.9556   .7920046    -2.47   0.014    -3.507907    -.403293
                3 1 5  |  -3.060683   .6014675    -5.09   0.000    -4.239543   -1.881824
                       |
                 _cons |   8.935743   .2070353    43.16   0.000     8.529959    9.341526
-----------------------+----------------------------------------------------------------
q75                    |
                ttrend |  -.0136431   .0018327    -7.44   0.000    -.0172351   -.0100511
                       |
        sexo1#c.ttrend |
                    1  |   .0298892   .0023854    12.53   0.000     .0252139    .0345646
                       |
                 urate |  -.0100409   .0084768    -1.18   0.236    -.0266551    .0065733
                       |
              occgroup |
                    2  |   2.858126   .3015078     9.48   0.000     2.267179    3.449073
                    3  |   4.320169   .2982698    14.48   0.000     3.735569     4.90477
                    4  |  -.8548852   .2142602    -3.99   0.000    -1.274829   -.4349412
                    5  |  -3.504488   .3852661    -9.10   0.000    -4.259599   -2.749377
                       |
      occgroup#c.urate |
                    2  |  -.0721098   .0152175    -4.74   0.000    -.1019357   -.0422839
                    3  |   -.096692    .014707    -6.57   0.000    -.1255174   -.0678666
                    4  |   .0719878   .0105717     6.81   0.000     .0512675    .0927081
                    5  |    .016104   .0206782     0.78   0.436    -.0244246    .0566327
                       |
        sexo1#occgroup |
                  1 1  |    1.18796   .2268651     5.24   0.000     .7433105    1.632609
                  1 2  |  -.1867625   .2850643    -0.66   0.512    -.7454807    .3719556
                  1 3  |  -6.130938   .3446991   -17.79   0.000    -6.806539   -5.455337
                  1 4  |  -1.369028   .6508619    -2.10   0.035    -2.644699   -.0933561
                  1 5  |  -2.323081   .4713554    -4.93   0.000    -3.246925   -1.399238
                       |
sexo1#occgroup#c.urate |
                  1 1  |  -.0727369   .0106579    -6.82   0.000    -.0936262   -.0518476
                  1 2  |  -.0625078   .0140808    -4.44   0.000    -.0901058   -.0349098
                  1 3  |     .13158   .0166911     7.88   0.000     .0988659    .1642941
                  1 4  |   .0153502   .0318331     0.48   0.630    -.0470419    .0777422
                  1 5  |   .0019829   .0261384     0.08   0.940    -.0492477    .0532134
                       |
        covid#occgroup |
                  1 1  |    .393947   .1886448     2.09   0.037     .0242084    .7636856
                  1 2  |   .4141843   .3423746     1.21   0.226    -.2568604    1.085229
                  1 3  |  -.3112295   .1559789    -2.00   0.046    -.6169438   -.0055152
                  1 4  |   1.209809   .2138985     5.66   0.000     .7905734    1.629044
                  1 5  |     -1.334    .975811    -1.37   0.172    -3.246563    .5785625
                  2 1  |   .7284035   .4376538     1.66   0.096    -.1293858    1.586193
                  2 2  |   1.586084   .1764791     8.99   0.000      1.24019    1.931979
                  2 3  |  -.7192064   .3203436    -2.25   0.025    -1.347071   -.0913418
                  2 4  |   1.283407   .2938693     4.37   0.000     .7074316    1.859383
                  2 5  |   1.268171   .7539639     1.68   0.093    -.2095778    2.745919
                  3 1  |   .5129735   .2497947     2.05   0.040     .0233828    1.002564
                  3 2  |   1.267382   .5871594     2.16   0.031     .1165657    2.418198
                  3 3  |   .1224489   .4152846     0.29   0.768    -.6914976    .9363954
                  3 4  |   .9497788   .3309027     2.87   0.004     .3012185    1.598339
                  3 5  |   1.884045   .6246498     3.02   0.003     .6597482    3.108341
                       |
  covid#sexo1#occgroup |
                1 1 1  |  -.8149713   .2238723    -3.64   0.000    -1.253755   -.3761878
                1 1 2  |  -1.178028   .3823558    -3.08   0.002    -1.927435   -.4286212
                1 1 3  |   1.794729   .2676126     6.71   0.000     1.270215    2.319242
                1 1 4  |   .6849724   .4625083     1.48   0.139    -.2215312    1.591476
                1 1 5  |   1.644287   1.162524     1.41   0.157    -.6342275    3.922801
                2 1 1  |  -1.201235   .4994325    -2.41   0.016    -2.180109    -.222361
                2 1 2  |  -2.218895   .2577943    -8.61   0.000    -2.724164   -1.713625
                2 1 3  |   2.023106   .3641301     5.56   0.000      1.30942    2.736791
                2 1 4  |   .1777697   .5556874     0.32   0.749    -.9113624    1.266902
                2 1 5  |  -1.938999   .9549739    -2.03   0.042    -3.810722   -.0672767
                3 1 1  |  -1.356139   .2387551    -5.68   0.000    -1.824093   -.8881858
                3 1 2  |  -1.802713   .5567528    -3.24   0.001    -2.893934   -.7114932
                3 1 3  |   .9993016   .6458776     1.55   0.122    -.2666009    2.265204
                3 1 4  |   .4532837   1.379308     0.33   0.742    -2.250122     3.15669
                3 1 5  |  -1.865453   .9756861    -1.91   0.056    -3.777771    .0468653
                       |
                 _cons |   12.56956   .1913718    65.68   0.000     12.19448    12.94464
----------------------------------------------------------------------------------------
