(fitting base model)

Bootstrap replications (20)
----+--- 1 ---+--- 2 ---+--- 3 ---+--- 4 ---+--- 5 
....................

Simultaneous quantile regression                    Number of obs =    250,030
  bootstrap(20) SEs                                 .25 Pseudo R2 =     0.0440
                                                    .50 Pseudo R2 =     0.0463
                                                    .75 Pseudo R2 =     0.0246

----------------------------------------------------------------------------------------
                       |              Bootstrap
                 ten_y | Coefficient  std. err.      t    P>|t|     [95% conf. interval]
-----------------------+----------------------------------------------------------------
q25                    |
                ttrend |    -.01415   .0009495   -14.90   0.000    -.0160109   -.0122891
                       |
        sexo1#c.ttrend |
                    1  |   .0215646   .0016601    12.99   0.000     .0183109    .0248182
                       |
                 urate |   .0625404   .0079154     7.90   0.000     .0470264    .0780543
                       |
              occgroup |
                    2  |  -.0918356   .2505642    -0.37   0.714    -.5829348    .3992636
                    3  |   2.083741   .3770842     5.53   0.000     1.344666    2.822816
                    4  |  -2.522175   .1914865   -13.17   0.000    -2.897483   -2.146866
                    5  |  -2.788054   .2009143   -13.88   0.000    -3.181841   -2.394267
                       |
      occgroup#c.urate |
                    2  |  -.0282613    .011985    -2.36   0.018    -.0517516    -.004771
                    3  |  -.1380135   .0192688    -7.16   0.000    -.1757799   -.1002472
                    4  |   .0071989   .0094013     0.77   0.444    -.0112274    .0256252
                    5  |  -.0659501   .0096928    -6.80   0.000    -.0849478   -.0469525
                       |
        sexo1#occgroup |
                  1 1  |   .7035724   .2471627     2.85   0.004       .21914    1.188005
                  1 2  |  -1.678038   .1893791    -8.86   0.000    -2.049217    -1.30686
                  1 3  |  -5.604245   .3349561   -16.73   0.000     -6.26075    -4.94774
                  1 4  |  -1.383809   .1667826    -8.30   0.000    -1.710699    -1.05692
                  1 5  |  -.5590104   .0666992    -8.38   0.000     -.689739   -.4282818
                       |
sexo1#occgroup#c.urate |
                  1 1  |  -.0291739   .0116771    -2.50   0.012    -.0520606   -.0062871
                  1 2  |    .058536   .0105003     5.57   0.000     .0379557    .0791163
                  1 3  |   .1608233   .0170834     9.41   0.000     .1273402    .1943063
                  1 4  |   .0188032   .0180624     1.04   0.298    -.0165986     .054205
                  1 5  |  -.0062614   .0049957    -1.25   0.210    -.0160528      .00353
                       |
        covid#occgroup |
                  1 1  |  -.9271654   .2281382    -4.06   0.000     -1.37431   -.4800206
                  1 2  |  -.0274593   .1356458    -0.20   0.840    -.2933215    .2384029
                  1 3  |   .9851762   .4299223     2.29   0.022       .14254    1.827812
                  1 4  |   .4772083   .0898828     5.31   0.000     .3010404    .6533763
                  1 5  |   .6110157   .1057057     5.78   0.000     .4038354     .818196
                  2 1  |  -.9685453   .1260868    -7.68   0.000    -1.215672   -.7214184
                  2 2  |   .4480925   .2120007     2.11   0.035     .0325766    .8636083
                  2 3  |   .2471178   .3265561     0.76   0.449    -.3929234     .887159
                  2 4  |   .6884475   .1372182     5.02   0.000     .4195036    .9573915
                  2 5  |   .8747111   .2091466     4.18   0.000     .4647893    1.284633
                  3 1  |   -.343929   .2597964    -1.32   0.186    -.8531231    .1652652
                  3 2  |   .7673405   .2799874     2.74   0.006     .2185726    1.316108
                  3 3  |  -.7135745   .5134091    -1.39   0.165    -1.719843    .2926937
                  3 4  |   1.074439   .1789678     6.00   0.000      .723667    1.425211
                  3 5  |   1.173355   .2675435     4.39   0.000     .6489766    1.697733
                       |
  covid#sexo1#occgroup |
                1 1 1  |  -.3220034   .3876713    -0.83   0.406    -1.081829    .4378221
                1 1 2  |  -.6182846   .2420196    -2.55   0.011    -1.092637   -.1439327
                1 1 3  |  -.5991625   .4849552    -1.24   0.217    -1.549662    .3513368
                1 1 4  |   .0749011   .1785251     0.42   0.675    -.2750034    .4248056
                1 1 5  |  -.8594039   .1462898    -5.87   0.000    -1.146128   -.5726797
                2 1 1  |   -.550189   .1935301    -2.84   0.004    -.9295029   -.1708752
                2 1 2  |  -1.202694   .2659078    -4.52   0.000    -1.723866   -.6815215
                2 1 3  |  -.2348913   .3372342    -0.70   0.486    -.8958613    .4260787
                2 1 4  |  -.2684256   .4656676    -0.58   0.564    -1.181122    .6442705
                2 1 5  |  -1.304273   .2148762    -6.07   0.000    -1.725424    -.883121
                3 1 1  |   -1.25925   .3378333    -3.73   0.000    -1.921394   -.5971059
                3 1 2  |  -1.289665   .3545376    -3.64   0.000    -1.984549   -.5947802
                3 1 3  |   1.233128    .523444     2.36   0.018     .2071914    2.259064
                3 1 4  |  -.8240551   .3032949    -2.72   0.007    -1.418505   -.2296051
                3 1 5  |  -1.595985   .2728148    -5.85   0.000    -2.130695   -1.061276
                       |
                 _cons |   3.873499   .1853467    20.90   0.000     3.510224    4.236774
-----------------------+----------------------------------------------------------------
q50                    |
                ttrend |   -.008554   .0015725    -5.44   0.000     -.011636    -.005472
                       |
        sexo1#c.ttrend |
                    1  |   .0430703   .0026589    16.20   0.000     .0378589    .0482818
                       |
                 urate |   .0095084   .0082775     1.15   0.251    -.0067152     .025732
                       |
              occgroup |
                    2  |   .7808973   .2652006     2.94   0.003      .261111    1.300684
                    3  |   3.546131   .3899032     9.09   0.000     2.781931     4.31033
                    4  |  -3.962812   .2011414   -19.70   0.000    -4.357043    -3.56858
                    5  |  -5.292364   .3703401   -14.29   0.000    -6.018221   -4.566507
                       |
      occgroup#c.urate |
                    2  |  -.0303312   .0136223    -2.23   0.026    -.0570306   -.0036318
                    3  |  -.1344888   .0212332    -6.33   0.000    -.1761053   -.0928723
                    4  |   .1108345   .0113415     9.77   0.000     .0886055    .1330635
                    5  |  -.0065386   .0235591    -0.28   0.781    -.0527137    .0396365
                       |
        sexo1#occgroup |
                  1 1  |   .9747654   .2082863     4.68   0.000     .5665297    1.383001
                  1 2  |  -.5850109   .3204345    -1.83   0.068    -1.213054    .0430323
                  1 3  |  -8.637444    .386926   -22.32   0.000    -9.395809   -7.879079
                  1 4  |  -2.686139   .6047874    -4.44   0.000    -3.871506   -1.500771
                  1 5  |  -1.463081   .2524636    -5.80   0.000    -1.957903   -.9682588
                       |
sexo1#occgroup#c.urate |
                  1 1  |  -.0876527   .0121061    -7.24   0.000    -.1113803   -.0639251
                  1 2  |  -.0375146    .013998    -2.68   0.007    -.0649503   -.0100788
                  1 3  |   .2243858     .01939    11.57   0.000      .186382    .2623897
                  1 4  |   .0843701   .0322396     2.62   0.009     .0211814    .1475587
                  1 5  |  -.0167862   .0195564    -0.86   0.391    -.0551162    .0215439
                       |
        covid#occgroup |
                  1 1  |  -1.144811   .3165632    -3.62   0.000    -1.765267   -.5243558
                  1 2  |   .1227038   .4511404     0.27   0.786    -.7615194    1.006927
                  1 3  |   .9168497   .2391005     3.83   0.000      .448219     1.38548
                  1 4  |  -.6478832   .2284935    -2.84   0.005    -1.095724    -.200042
                  1 5  |  -.2580706   .2671012    -0.97   0.334    -.7815818    .2654407
                  2 1  |  -1.178085   .5069623    -2.32   0.020    -2.171718    -.184452
                  2 2  |  -.0171571   .6441899    -0.03   0.979    -1.279752    1.245438
                  2 3  |   -.015162   .5742605    -0.03   0.979    -1.140697    1.110373
                  2 4  |  -.5892226   .2918254    -2.02   0.043    -1.161193   -.0172526
                  2 5  |   .8761912   .3762988     2.33   0.020     .1386555    1.613727
                  3 1  |   -1.37612   .2772308    -4.96   0.000    -1.919484   -.8327547
                  3 2  |  -.6021226   .5221523    -1.15   0.249    -1.625527    .4212821
                  3 3  |  -1.251959   .6328457    -1.98   0.048    -2.492319   -.0115978
                  3 4  |   .2469132   .2629066     0.94   0.348    -.2683768    .7622031
                  3 5  |   1.895972   .5457354     3.47   0.001      .826345    2.965599
                       |
  covid#sexo1#occgroup |
                1 1 1  |   .4086188   .3762362     1.09   0.277    -.3287941    1.146032
                1 1 2  |  -1.133723   .5710575    -1.99   0.047     -2.25298   -.0144653
                1 1 3  |   .6479217   .8037112     0.81   0.420    -.9273309    2.223174
                1 1 4  |   3.229505   1.678511     1.92   0.054    -.0603331    6.519342
                1 1 5  |  -1.256355   .3808332    -3.30   0.001    -2.002778    -.509932
                2 1 1  |  -.0262273   .6110938    -0.04   0.966    -1.223955      1.1715
                2 1 2  |  -2.385816   .6057567    -3.94   0.000    -3.573083   -1.198549
                2 1 3  |  -.6305335   .6290665    -1.00   0.316    -1.863487    .6024202
                2 1 4  |  -.6580698   .5444305    -1.21   0.227    -1.725139    .4089995
                2 1 5  |   -2.12954   .4689597    -4.54   0.000    -3.048689   -1.210391
                3 1 1  |  -1.876499   .3416189    -5.49   0.000    -2.546063   -1.206935
                3 1 2  |  -1.812681    .631609    -2.87   0.004    -3.050617   -.5747437
                3 1 3  |   .8105369   .6713502     1.21   0.227    -.5052916    2.126366
                3 1 4  |  -1.552487   .8544435    -1.82   0.069    -3.227173    .1221999
                3 1 5  |  -3.204053   .6565326    -4.88   0.000    -4.490839   -1.917267
                       |
                 _cons |   8.854146   .1705431    51.92   0.000     8.519886    9.188406
-----------------------+----------------------------------------------------------------
q75                    |
                ttrend |  -.0110734   .0015582    -7.11   0.000    -.0141273   -.0080194
                       |
        sexo1#c.ttrend |
                    1  |   .0230577   .0018456    12.49   0.000     .0194404    .0266751
                       |
                 urate |  -.0057343   .0066244    -0.87   0.387    -.0187181    .0072494
                       |
              occgroup |
                    2  |   2.818734    .237461    11.87   0.000     2.353317    3.284152
                    3  |   4.237483   .2727324    15.54   0.000     3.702935    4.772032
                    4  |  -.6433243   .2205649    -2.92   0.004    -1.075626   -.2110228
                    5  |  -3.106682   .5501188    -5.65   0.000      -4.1849   -2.028463
                       |
      occgroup#c.urate |
                    2  |  -.0698015   .0117041    -5.96   0.000    -.0927412   -.0468618
                    3  |  -.0971748   .0137455    -7.07   0.000    -.1241156   -.0702341
                    4  |   .0663089   .0098458     6.73   0.000     .0470114    .0856063
                    5  |   .0040016   .0310183     0.13   0.897    -.0567935    .0647967
                       |
        sexo1#occgroup |
                  1 1  |   1.204271   .1319339     9.13   0.000     .9456842    1.462858
                  1 2  |   .0835928   .2638162     0.32   0.751    -.4334799    .6006655
                  1 3  |  -4.163153   .3259495   -12.77   0.000    -4.802005     -3.5243
                  1 4  |   .1522557   .4149725     0.37   0.714    -.6610793    .9655907
                  1 5  |   -2.20714   .6286353    -3.51   0.000    -3.439248   -.9750313
                       |
sexo1#occgroup#c.urate |
                  1 1  |  -.0634017   .0074024    -8.56   0.000    -.0779103   -.0488931
                  1 2  |  -.0633949   .0139165    -4.56   0.000    -.0906709   -.0361188
                  1 3  |    .070596   .0139645     5.06   0.000      .043226     .097966
                  1 4  |  -.0256665    .022248    -1.15   0.249    -.0692719     .017939
                  1 5  |   .0214331    .035203     0.61   0.543    -.0475638    .0904301
                       |
        covid#occgroup |
                  1 1  |   .3604122   .1725573     2.09   0.037     .0222046    .6986199
                  1 2  |   .3782017   .1678336     2.25   0.024     .0492522    .7071512
                  1 3  |  -.2671313   .1363242    -1.96   0.050    -.5343231    .0000605
                  1 4  |   1.213345   .1946047     6.23   0.000     .8319254    1.594765
                  1 5  |   -1.57803   1.209826    -1.30   0.192    -3.949257    .7931978
                  2 1  |   .6705577   .3281923     2.04   0.041     .0273095    1.313806
                  2 2  |   1.625658    .243307     6.68   0.000     1.148783    2.102533
                  2 3  |  -.6667231   .3121619    -2.14   0.033    -1.278552   -.0548941
                  2 4  |   1.357491   .4367269     3.11   0.002     .5015178    2.213464
                  2 5  |   1.289679   .5674062     2.27   0.023     .1775775     2.40178
                  3 1  |   .4612063    .491429     0.94   0.348    -.5019814    1.424394
                  3 2  |   1.471798   .3264111     4.51   0.000     .8320414    2.111556
                  3 3  |   .4061655   .3951072     1.03   0.304    -.3682342    1.180565
                  3 4  |   .9317059   .4627594     2.01   0.044     .0247097    1.838702
                  3 5  |    1.75559   .8035873     2.18   0.029     .1805802      3.3306
                       |
  covid#sexo1#occgroup |
                1 1 1  |  -.5893056   .1740851    -3.39   0.001    -.9305078   -.2481035
                1 1 2  |  -.8475517   .3009624    -2.82   0.005     -1.43743   -.2576734
                1 1 3  |   1.570466   .4042844     3.88   0.000     .7780793    2.362853
                1 1 4  |   .4145949   .4225689     0.98   0.327    -.4136289    1.242819
                1 1 5  |   1.251691   1.412536     0.89   0.376    -1.516842    4.020224
                2 1 1  |  -.9224085    .324036    -2.85   0.004    -1.557511   -.2873066
                2 1 2  |  -2.042182   .2506618    -8.15   0.000    -2.533473   -1.550892
                2 1 3  |   1.468695   .4050814     3.63   0.000     .6747466    2.262644
                2 1 4  |  -.5215722   .9472384    -0.55   0.582    -2.378134     1.33499
                2 1 5  |  -.4405506   1.136509    -0.39   0.698    -2.668078    1.786976
                3 1 1  |  -1.013112   .4960775    -2.04   0.041    -1.985411   -.0408136
                3 1 2  |  -1.843766   .3862631    -4.77   0.000    -2.600832   -1.086701
                3 1 3  |   .4486968   .3875398     1.16   0.247     -.310871    1.208265
                3 1 4  |   .9104978   1.094559     0.83   0.406    -1.234809    3.055804
                3 1 5  |  -1.901044   .9152273    -2.08   0.038    -3.694866   -.1072232
                       |
                 _cons |   12.38676   .1395719    88.75   0.000      12.1132    12.66031
----------------------------------------------------------------------------------------
