
. local t0 = 0

. foreach t1 in 1.666667       4.5  8 20{
  2.         tabstat wife_ten_y if father==0&husband==1&edad5>=30&edad5<35&hub_ten_y>=`t0'&hub_ten_y<`t1'&college==1&hub_college==1, s(p25 p50 p75 mean n)
  3.         local t0 = `t1'
  4. }

    Variable |       p25       p50       p75      Mean         N
-------------+--------------------------------------------------
  wife_ten_y |  .9166667  2.666667  5.416667  3.641714      4759
----------------------------------------------------------------

    Variable |       p25       p50       p75      Mean         N
-------------+--------------------------------------------------
  wife_ten_y |  1.416667  3.166667  5.666667  3.922283      5787
----------------------------------------------------------------

    Variable |       p25       p50       p75      Mean         N
-------------+--------------------------------------------------
  wife_ten_y |      1.75         4  6.583333  4.503702      6258
----------------------------------------------------------------

    Variable |       p25       p50       p75      Mean         N
-------------+--------------------------------------------------
  wife_ten_y |  1.666667  4.333333  7.416667  4.944193      4644
----------------------------------------------------------------

. log close
