
. * Men
. forvalues i=186/201{ 
  2.         eststo: logistic inactive i.act i.occ parent married married_parent divorced widowed 
> age college if mili==0&woman==0&prime_aged&ciclo==`i' [pw=factorel], vce(robust)
  3. }

Logistic regression                                     Number of obs = 26,843
                                                        Wald chi2(24) = 285.08
                                                        Prob > chi2   = 0.0000
Log pseudolikelihood = -1022273.7                       Pseudo R2     = 0.0572

----------------------------------------------------------------------------------------------
                             |               Robust
                    inactive | Odds ratio   std. err.      z    P>|z|     [95% conf. interval]
-----------------------------+----------------------------------------------------------------
                         act |
        manufactures, prim.  |    .762369   .2231457    -0.93   0.354     .4295544    1.353045
     extractive and energy.  |   .5767162   .1442375    -2.20   0.028     .3532446    .9415617
         manufactures, sec.  |    .310646   .0946938    -3.84   0.000     .1709209    .5645941
               construction  |   .6700278   .1520872    -1.76   0.078     .4294194    1.045452
      hospitality and sales  |   .6971523   .1423056    -1.77   0.077     .4672797    1.040108
 Transport, storage and IT.  |   .5332369   .1241488    -2.70   0.007     .3378645    .8415849
  Financial and prof. serv.  |    .558379   .1452163    -2.24   0.025     .3353969    .9296062
   Education and healthcare  |   .6684358   .1579654    -1.70   0.088     .4206327    1.062225
             Other services  |   1.143766   .2827131     0.54   0.587     .7045947    1.856671
                             |
                         occ |
       white collar - prof.  |   1.023006   .4231735     0.05   0.956     .4547502    2.301355
white collar - tech. suport  |   1.679112   .6891901     1.26   0.207     .7511119    3.753657
       white collar - other  |   2.076568   .8708429     1.74   0.081      .912811    4.724017
     blue collar - services  |   2.525462   1.001829     2.34   0.020     1.160585    5.495473
  blue collar - agriculture  |    .991267   .4935957    -0.02   0.986     .3735422     2.63052
     blue collar - artisans  |   1.730733   .7118503     1.33   0.182     .7729137    3.875513
       blue collar - equip.  |    2.29025   .9578378     1.98   0.048     1.008997    5.198474
                  unskilled  |   2.864001   1.157736     2.60   0.009     1.296838    6.325001
                             |
                      parent |   .3919188    .075786    -4.84   0.000     .2682859    .5725248
                     married |   .5807998   .0839841    -3.76   0.000     .4374638    .7711003
              married_parent |   1.422248    .362925     1.38   0.167     .8625178    2.345213
                    divorced |   .9286543   .2253315    -0.31   0.760     .5771863    1.494143
                     widowed |    2.94542    1.61549     1.97   0.049     1.005273     8.62999
                         age |   .9789638   .0062226    -3.34   0.001     .9668434    .9912362
                     college |   .8838354   .1021742    -1.07   0.285     .7046441    1.108595
                       _cons |   .0760865   .0357974    -5.47   0.000     .0302575    .1913301
----------------------------------------------------------------------------------------------
Note: _cons estimates baseline odds.
(est1 stored)

Logistic regression                                     Number of obs = 26,512
                                                        Wald chi2(24) = 242.76
                                                        Prob > chi2   = 0.0000
Log pseudolikelihood = -908734.46                       Pseudo R2     = 0.0577

----------------------------------------------------------------------------------------------
                             |               Robust
                    inactive | Odds ratio   std. err.      z    P>|z|     [95% conf. interval]
-----------------------------+----------------------------------------------------------------
                         act |
        manufactures, prim.  |   .4012559   .1144425    -3.20   0.001     .2294297    .7017674
     extractive and energy.  |    .241394   .0654066    -5.25   0.000     .1419352    .4105469
         manufactures, sec.  |   .3096056   .0886587    -4.09   0.000     .1766276     .542699
               construction  |   .5047914   .1178365    -2.93   0.003     .3194559    .7976512
      hospitality and sales  |   .4214643    .088122    -4.13   0.000      .279761    .6349426
 Transport, storage and IT.  |   .2985001   .0785635    -4.59   0.000     .1782023    .5000067
  Financial and prof. serv.  |   .2899534   .0737399    -4.87   0.000     .1761383    .4773125
   Education and healthcare  |   .4008732   .0955429    -3.84   0.000     .2512662     .639558
             Other services  |   .6622755   .1782418    -1.53   0.126      .390796    1.122347
                             |
                         occ |
       white collar - prof.  |   3.122112   1.429229     2.49   0.013     1.272883    7.657877
white collar - tech. suport  |   3.502592   1.594434     2.75   0.006     1.435191      8.5481
       white collar - other  |    3.23401   1.537591     2.47   0.014     1.273628    8.211832
     blue collar - services  |   4.014204   1.773178     3.15   0.002     1.688891    9.541074
  blue collar - agriculture  |   1.303669   .6959263     0.50   0.619     .4579073    3.711564
     blue collar - artisans  |   2.687894   1.198036     2.22   0.027     1.122066    6.438815
       blue collar - equip.  |   3.093926   1.397369     2.50   0.012     1.276632    7.498152
                  unskilled  |   4.580838     2.0535     3.39   0.001      1.90269    11.02864
                             |
                      parent |   .3046961   .0784725    -4.61   0.000      .183927     .504764
                     married |   .4720783   .0786658    -4.50   0.000     .3405431     .654419
              married_parent |   2.827084   .8953648     3.28   0.001      1.51969    5.259233
                    divorced |   .8069519   .1857751    -0.93   0.351     .5139081    1.267097
                     widowed |   3.695123   2.256281     2.14   0.032     1.116545    12.22874
                         age |    .977086   .0071179    -3.18   0.001     .9632342     .991137
                     college |   .8962115    .128409    -0.76   0.444     .6767848    1.186781
                       _cons |   .0657401   .0347861    -5.14   0.000     .0233035    .1854555
----------------------------------------------------------------------------------------------
Note: _cons estimates baseline odds.
(est2 stored)

Logistic regression                                     Number of obs = 26,303
                                                        Wald chi2(24) = 261.96
                                                        Prob > chi2   = 0.0000
Log pseudolikelihood = -1022542.1                       Pseudo R2     = 0.0492

----------------------------------------------------------------------------------------------
                             |               Robust
                    inactive | Odds ratio   std. err.      z    P>|z|     [95% conf. interval]
-----------------------------+----------------------------------------------------------------
                         act |
        manufactures, prim.  |   .3716357   .1055262    -3.49   0.000     .2130189    .6483606
     extractive and energy.  |   .3014892   .0828474    -4.36   0.000     .1759408    .5166266
         manufactures, sec.  |   .3013696   .0913409    -3.96   0.000     .1663842    .5458669
               construction  |   .4511527    .108741    -3.30   0.001     .2812932    .7235823
      hospitality and sales  |   .5645021   .1103021    -2.93   0.003     .3848959     .827919
 Transport, storage and IT.  |   .3884748   .0944639    -3.89   0.000     .2412012    .6256712
  Financial and prof. serv.  |    .502741   .1221099    -2.83   0.005     .3123182    .8092659
   Education and healthcare  |   .6714236   .1436388    -1.86   0.063     .4414664    1.021164
             Other services  |   .8628807   .2076813    -0.61   0.540     .5383694    1.382997
                             |
                         occ |
       white collar - prof.  |   1.866461   .7956556     1.46   0.143     .8093928    4.304062
white collar - tech. suport  |   1.931721   .8196841     1.55   0.121     .8409212    4.437449
       white collar - other  |    2.09453   .9352731     1.66   0.098     .8729683    5.025447
     blue collar - services  |   1.918696   .7893875     1.58   0.113     .8566551    4.297407
  blue collar - agriculture  |   .9375586   .4987568    -0.12   0.904     .3305075    2.659595
     blue collar - artisans  |   2.317461   .9812344     1.99   0.047     1.010662    5.313969
       blue collar - equip.  |   2.239154   .9702594     1.86   0.063     .9577349     5.23507
                  unskilled  |   3.550152   1.454678     3.09   0.002     1.590254    7.925514
                             |
                      parent |   .7545917   .1385341    -1.53   0.125     .5265523    1.081391
                     married |    .694579   .1117946    -2.26   0.024     .5066618    .9521932
              married_parent |   .9986869   .2470339    -0.01   0.996      .615003    1.621741
                    divorced |   .7149232   .2123527    -1.13   0.259     .3994184    1.279648
                     widowed |   2.007706   1.856975     0.75   0.451     .3276449     12.3026
                         age |   .9681782   .0069576    -4.50   0.000     .9546372    .9819112
                     college |   .7272132   .0936366    -2.47   0.013     .5650154    .9359726
                       _cons |   .1179156   .0568592    -4.43   0.000     .0458268     .303405
----------------------------------------------------------------------------------------------
Note: _cons estimates baseline odds.
(est3 stored)

Logistic regression                                     Number of obs = 26,093
                                                        Wald chi2(24) = 265.90
                                                        Prob > chi2   = 0.0000
Log pseudolikelihood = -1011214.8                       Pseudo R2     = 0.0562

----------------------------------------------------------------------------------------------
                             |               Robust
                    inactive | Odds ratio   std. err.      z    P>|z|     [95% conf. interval]
-----------------------------+----------------------------------------------------------------
                         act |
        manufactures, prim.  |   .6927705   .2180743    -1.17   0.244     .3738034    1.283913
     extractive and energy.  |   .6958114   .1928874    -1.31   0.191     .4041365    1.197995
         manufactures, sec.  |   .6972051   .2156394    -1.17   0.244     .3802695    1.278291
               construction  |   1.101274   .2749848     0.39   0.699     .6750759    1.796544
      hospitality and sales  |   1.167067   .2522808     0.71   0.475     .7640019    1.782777
 Transport, storage and IT.  |   .8250364   .2139156    -0.74   0.458     .4963333    1.371427
  Financial and prof. serv.  |   .9994893   .2493644    -0.00   0.998     .6129293    1.629844
   Education and healthcare  |   1.062394   .2596454     0.25   0.804     .6580441    1.715206
             Other services  |   1.633078   .4312153     1.86   0.063     .9732997    2.740105
                             |
                         occ |
       white collar - prof.  |   1.417164   .5338986     0.93   0.355     .6772372    2.965511
white collar - tech. suport  |   1.485767   .5579812     1.05   0.292     .7116741    3.101846
       white collar - other  |   2.165931   .8256361     2.03   0.043     1.026061    4.572103
     blue collar - services  |   2.659898   .9305666     2.80   0.005     1.339898    5.280296
  blue collar - agriculture  |   1.731091   .7787603     1.22   0.223     .7167908    4.180682
     blue collar - artisans  |   1.948263   .6918906     1.88   0.060     .9713115    3.907838
       blue collar - equip.  |   1.882146   .6885615     1.73   0.084     .9188637    3.855277
                  unskilled  |   3.087911   1.089614     3.20   0.001     1.546344    6.166283
                             |
                      parent |   .6172578   .1100888    -2.71   0.007     .4351646    .8755472
                     married |   .6525797   .1120818    -2.49   0.013      .466056    .9137535
              married_parent |   .8366692   .2140765    -0.70   0.486     .5067093    1.381493
                    divorced |   .7862576   .1811345    -1.04   0.297     .5005746    1.234983
                     widowed |   4.294381   2.842064     2.20   0.028     1.173727     15.7121
                         age |   .9712978   .0070804    -3.99   0.000     .9575191    .9852748
                     college |   .7385974   .0944633    -2.37   0.018     .5748346    .9490141
                       _cons |   .0623798   .0282457    -6.13   0.000     .0256814    .1515199
----------------------------------------------------------------------------------------------
Note: _cons estimates baseline odds.
(est4 stored)

Logistic regression                                     Number of obs = 25,283
                                                        Wald chi2(24) = 313.12
                                                        Prob > chi2   = 0.0000
Log pseudolikelihood = -1283325.4                       Pseudo R2     = 0.0509

----------------------------------------------------------------------------------------------
                             |               Robust
                    inactive | Odds ratio   std. err.      z    P>|z|     [95% conf. interval]
-----------------------------+----------------------------------------------------------------
                         act |
        manufactures, prim.  |   .6965881   .1920001    -1.31   0.190     .4058448    1.195617
     extractive and energy.  |   .6203667   .1601402    -1.85   0.064     .3740425    1.028907
         manufactures, sec.  |   .8501536   .2214216    -0.62   0.533     .5102733     1.41642
               construction  |   1.489597   .3152579     1.88   0.060     .9838314    2.255365
      hospitality and sales  |   1.212053   .2342951     0.99   0.320     .8298139    1.770364
 Transport, storage and IT.  |   .8809404   .1977372    -0.56   0.572     .5673938    1.367755
  Financial and prof. serv.  |   1.066138    .232229     0.29   0.769     .6956691    1.633896
   Education and healthcare  |   1.083657   .2469114     0.35   0.724     .6933391    1.693707
             Other services  |   1.973009   .4643616     2.89   0.004     1.243921     3.12943
                             |
                         occ |
       white collar - prof.  |   5.000457   2.167827     3.71   0.000     2.137922    11.69574
white collar - tech. suport  |   5.849991   2.493009     4.15   0.000     2.537526    13.48652
       white collar - other  |   7.712798   3.380871     4.66   0.000     3.266567    18.21094
     blue collar - services  |   8.184938    3.42994     5.02   0.000     3.600104    18.60869
  blue collar - agriculture  |   5.287596   2.557063     3.44   0.001     2.049369    13.64258
     blue collar - artisans  |   6.355365   2.670355     4.40   0.000     2.789255    14.48081
       blue collar - equip.  |   6.435566   2.756594     4.35   0.000     2.779619    14.90007
                  unskilled  |   12.51603   5.252024     6.02   0.000     5.498981    28.48728
                             |
                      parent |   .6796592   .1094984    -2.40   0.017     .4956281    .9320226
                     married |   .5408974   .0802075    -4.14   0.000     .4044767    .7233295
              married_parent |   1.341656   .2974446     1.33   0.185      .868821    2.071821
                    divorced |   .6800077    .124731    -2.10   0.036     .4746588    .9741956
                     widowed |   .3573542   .3667572    -1.00   0.316     .0478079    2.671148
                         age |   .9879981   .0062951    -1.90   0.058     .9757366    1.000414
                     college |   .6367562   .0759574    -3.78   0.000     .5040052    .8044728
                       _cons |   .0123561   .0062391    -8.70   0.000     .0045928    .0332418
----------------------------------------------------------------------------------------------
Note: _cons estimates baseline odds.
(est5 stored)

Logistic regression                                     Number of obs = 23,763
                                                        Wald chi2(24) = 497.34
                                                        Prob > chi2   = 0.0000
Log pseudolikelihood = -1913018                         Pseudo R2     = 0.0666

----------------------------------------------------------------------------------------------
                             |               Robust
                    inactive | Odds ratio   std. err.      z    P>|z|     [95% conf. interval]
-----------------------------+----------------------------------------------------------------
                         act |
        manufactures, prim.  |   .5345021   .1209535    -2.77   0.006     .3430279     .832855
     extractive and energy.  |   .4619764   .0957306    -3.73   0.000     .3077754    .6934347
         manufactures, sec.  |   .5671281    .122297    -2.63   0.009     .3716428    .8654392
               construction  |   .9391558   .1772346    -0.33   0.739      .648786    1.359483
      hospitality and sales  |   1.016059    .168456     0.10   0.923     .7341679    1.406186
 Transport, storage and IT.  |   .7174291   .1368725    -1.74   0.082     .4936114    1.042732
  Financial and prof. serv.  |    .584053   .1139719    -2.76   0.006     .3984273    .8561609
   Education and healthcare  |   .5884417   .1147705    -2.72   0.007     .4014985    .8624282
             Other services  |   2.043872    .408913     3.57   0.000     1.380879    3.025183
                             |
                         occ |
       white collar - prof.  |   1.635382   .5673687     1.42   0.156     .8285311     3.22797
white collar - tech. suport  |   1.933644   .6491469     1.96   0.050     1.001425    3.733661
       white collar - other  |   1.672742   .5888843     1.46   0.144      .839007    3.334971
     blue collar - services  |    2.22806   .7271329     2.45   0.014     1.175263    4.223949
  blue collar - agriculture  |   .9534139   .4200356    -0.11   0.914     .4020466    2.260927
     blue collar - artisans  |   2.538358   .8235794     2.87   0.004     1.343932    4.794334
       blue collar - equip.  |   2.167507    .716437     2.34   0.019     1.133988    4.142976
                  unskilled  |   4.346612   1.412594     4.52   0.000     2.298906    8.218274
                             |
                      parent |   .5480376   .0770113    -4.28   0.000     .4161002    .7218098
                     married |   .5572127   .0719131    -4.53   0.000     .4326793    .7175892
              married_parent |   1.806396   .3464625     3.08   0.002     1.240379      2.6307
                    divorced |   1.167851   .1756311     1.03   0.302     .8697146    1.568188
                     widowed |   .1108663   .1146601    -2.13   0.033      .014604    .8416449
                         age |   .9752099    .005163    -4.74   0.000      .965143    .9853818
                     college |   .7753229   .0774858    -2.55   0.011      .637402     .943087
                       _cons |   .1355884   .0534656    -5.07   0.000     .0626001    .2936774
----------------------------------------------------------------------------------------------
Note: _cons estimates baseline odds.
(est6 stored)

Logistic regression                                     Number of obs = 23,397
                                                        Wald chi2(24) = 264.39
                                                        Prob > chi2   = 0.0000
Log pseudolikelihood = -1355950.8                       Pseudo R2     = 0.0506

----------------------------------------------------------------------------------------------
                             |               Robust
                    inactive | Odds ratio   std. err.      z    P>|z|     [95% conf. interval]
-----------------------------+----------------------------------------------------------------
                         act |
        manufactures, prim.  |   .5585965   .1483711    -2.19   0.028     .3318999    .9401331
     extractive and energy.  |   .3448777   .0853041    -4.30   0.000     .2123851    .5600235
         manufactures, sec.  |   .6019639   .1568354    -1.95   0.051     .3612425    1.003095
               construction  |   .4915969   .1113456    -3.14   0.002     .3153653    .7663099
      hospitality and sales  |   .9211423   .1735005    -0.44   0.663     .6367953    1.332458
 Transport, storage and IT.  |   .5975705   .1339044    -2.30   0.022     .3851685    .9271021
  Financial and prof. serv.  |   .6215085   .1422785    -2.08   0.038     .3968132    .9734373
   Education and healthcare  |   .6594233   .1480115    -1.86   0.064     .4247242    1.023815
             Other services  |   1.229557   .2839592     0.89   0.371     .7819312    1.933432
                             |
                         occ |
       white collar - prof.  |   1.997016   1.020663     1.35   0.176     .7333943    5.437828
white collar - tech. suport  |   2.106659   1.028565     1.53   0.127     .8090951    5.485154
       white collar - other  |   3.387988   1.677964     2.46   0.014     1.283419    8.943662
     blue collar - services  |   2.847768   1.357969     2.19   0.028     1.118423    7.251092
  blue collar - agriculture  |   .6308732   .3640313    -0.80   0.425     .2035988     1.95483
     blue collar - artisans  |   2.413923   1.152049     1.85   0.065     .9472968    6.151215
       blue collar - equip.  |   2.284438    1.10791     1.70   0.088     .8830034    5.910123
                  unskilled  |   3.710549   1.781412     2.73   0.006     1.448043    9.508126
                             |
                      parent |   .6658869   .1190176    -2.28   0.023     .4690948    .9452362
                     married |    .617695   .0940545    -3.16   0.002     .4583152    .8324992
              married_parent |   1.248334   .2994939     0.92   0.355     .7800367    1.997776
                    divorced |   .7406244   .1453823    -1.53   0.126      .504092    1.088144
                     widowed |   .7567534    .735792    -0.29   0.774     .1125461    5.088366
                         age |   .9798665   .0063146    -3.16   0.002      .967568    .9923214
                     college |   .7234144   .0834943    -2.81   0.005     .5769578    .9070479
                       _cons |   .0760863   .0433024    -4.53   0.000     .0249384    .2321369
----------------------------------------------------------------------------------------------
Note: _cons estimates baseline odds.
(est7 stored)

Logistic regression                                     Number of obs = 23,394
                                                        Wald chi2(24) = 269.40
                                                        Prob > chi2   = 0.0000
Log pseudolikelihood = -1187045.6                       Pseudo R2     = 0.0593

----------------------------------------------------------------------------------------------
                             |               Robust
                    inactive | Odds ratio   std. err.      z    P>|z|     [95% conf. interval]
-----------------------------+----------------------------------------------------------------
                         act |
        manufactures, prim.  |    .548296   .1644554    -2.00   0.045     .3045835     .987015
     extractive and energy.  |   .3978476   .1206602    -3.04   0.002     .2195646    .7208938
         manufactures, sec.  |   .4359763   .1321375    -2.74   0.006     .2407007    .7896752
               construction  |   .5470116   .1389967    -2.37   0.018     .3324334    .9000952
      hospitality and sales  |    1.18185   .2464508     0.80   0.423     .7853473    1.778538
 Transport, storage and IT.  |   .7126353   .1768909    -1.36   0.172     .4381083    1.159186
  Financial and prof. serv.  |   .8832927   .2040482    -0.54   0.591     .5616551    1.389119
   Education and healthcare  |   .5534755   .1332134    -2.46   0.014      .345324    .8870949
             Other services  |    1.31703   .3392097     1.07   0.285     .7949924    2.181866
                             |
                         occ |
       white collar - prof.  |   4.224855   2.440467     2.49   0.013     1.361819    13.10703
white collar - tech. suport  |   4.275644   2.386845     2.60   0.009      1.43161    12.76963
       white collar - other  |   8.769568   4.937096     3.86   0.000     2.909165    26.43553
     blue collar - services  |   8.345622   4.543766     3.90   0.000     2.870932    24.26021
  blue collar - agriculture  |   3.827024   2.327212     2.21   0.027     1.162107    12.60307
     blue collar - artisans  |   7.327231   4.072598     3.58   0.000     2.465061    21.77971
       blue collar - equip.  |   5.686115    3.18428     3.10   0.002     1.897293    17.04107
                  unskilled  |   11.14102   6.136948     4.38   0.000     3.784834    32.79465
                             |
                      parent |   .8045674   .1576834    -1.11   0.267     .5479481    1.181369
                     married |   .7697257   .1165077    -1.73   0.084     .5721315    1.035562
              married_parent |   .7375338   .1879498    -1.19   0.232     .4475747    1.215342
                    divorced |     .95171   .2120534    -0.22   0.824     .6149586    1.472867
                     widowed |   2.354382   1.746921     1.15   0.248     .5499159    10.07993
                         age |   .9857558   .0068626    -2.06   0.039     .9723968    .9992984
                     college |   .8313192   .1143729    -1.34   0.179     .6348331     1.08862
                       _cons |   .0154749   .0098473    -6.55   0.000     .0044461    .0538616
----------------------------------------------------------------------------------------------
Note: _cons estimates baseline odds.
(est8 stored)

Logistic regression                                     Number of obs = 22,474
                                                        Wald chi2(24) = 395.48
                                                        Prob > chi2   = 0.0000
Log pseudolikelihood = -1347016.3                       Pseudo R2     = 0.0756

----------------------------------------------------------------------------------------------
                             |               Robust
                    inactive | Odds ratio   std. err.      z    P>|z|     [95% conf. interval]
-----------------------------+----------------------------------------------------------------
                         act |
        manufactures, prim.  |   .5612545   .1606865    -2.02   0.044       .32023    .9836889
     extractive and energy.  |   .3819801   .1025973    -3.58   0.000     .2256388    .6466476
         manufactures, sec.  |   .7922697   .2199589    -0.84   0.402     .4597829    1.365191
               construction  |   .7722649   .1924525    -1.04   0.300     .4738516    1.258607
      hospitality and sales  |   1.394123   .2723874     1.70   0.089     .9505857    2.044613
 Transport, storage and IT.  |   .6816381   .1596075    -1.64   0.102     .4307672    1.078612
  Financial and prof. serv.  |   1.069605   .2402802     0.30   0.765     .6886624    1.661272
   Education and healthcare  |   .6558559   .1525489    -1.81   0.070     .4157412    1.034651
             Other services  |   1.614581   .4191498     1.85   0.065     .9707011    2.685556
                             |
                         occ |
       white collar - prof.  |   .9842229   .3593932    -0.04   0.965     .4811423    2.013322
white collar - tech. suport  |   .8890182   .3247597    -0.32   0.747     .4344756    1.819097
       white collar - other  |   1.736857   .6351583     1.51   0.131     .8481734    3.556668
     blue collar - services  |   2.781735    .961015     2.96   0.003     1.413346    5.474987
  blue collar - agriculture  |   .6410007    .314228    -0.91   0.364     .2452375    1.675444
     blue collar - artisans  |   1.484641   .5176249     1.13   0.257     .7496306    2.940327
       blue collar - equip.  |   1.656336   .5885626     1.42   0.156     .8254343    3.323644
                  unskilled  |   3.472693   1.205913     3.59   0.000     1.758254    6.858845
                             |
                      parent |   .7480247   .1249018    -1.74   0.082      .539245    1.037638
                     married |   .6926736   .1028966    -2.47   0.013     .5177054    .9267756
              married_parent |   .9503318   .2174585    -0.22   0.824     .6068762    1.488163
                    divorced |   .6093215    .138011    -2.19   0.029     .3908857     .949824
                     widowed |   2.388592   1.503119     1.38   0.166     .6958073    8.199646
                         age |   .9862833   .0066006    -2.06   0.039     .9734309    .9993054
                     college |   .8219612   .0985079    -1.64   0.102     .6498889    1.039593
                       _cons |   .0609231   .0263264    -6.48   0.000     .0261191    .1421043
----------------------------------------------------------------------------------------------
Note: _cons estimates baseline odds.
(est9 stored)

Logistic regression                                     Number of obs = 21,407
                                                        Wald chi2(24) = 176.49
                                                        Prob > chi2   = 0.0000
Log pseudolikelihood = -895710.52                       Pseudo R2     = 0.0569

----------------------------------------------------------------------------------------------
                             |               Robust
                    inactive | Odds ratio   std. err.      z    P>|z|     [95% conf. interval]
-----------------------------+----------------------------------------------------------------
                         act |
        manufactures, prim.  |   .4554632   .1585307    -2.26   0.024     .2302396    .9010035
     extractive and energy.  |   .4111167   .1421945    -2.57   0.010     .2087166    .8097918
         manufactures, sec.  |   .6694152   .2148032    -1.25   0.211     .3569114     1.25554
               construction  |   .8615171   .2447082    -0.52   0.600     .4937257    1.503287
      hospitality and sales  |   1.085918   .2562801     0.35   0.727     .6837709    1.724579
 Transport, storage and IT.  |   .7333138   .2062142    -1.10   0.270     .4225953    1.272492
  Financial and prof. serv.  |   .8013068   .2176258    -0.82   0.415     .4705678    1.364506
   Education and healthcare  |   1.184699   .3036896     0.66   0.508     .7168168    1.957978
             Other services  |   1.633761   .4837669     1.66   0.097     .9144128    2.919004
                             |
                         occ |
       white collar - prof.  |   .8955551   .4280864    -0.23   0.817     .3509195    2.285479
white collar - tech. suport  |   .9428083   .4403348    -0.13   0.900      .377462    2.354906
       white collar - other  |   1.605694   .7630087     1.00   0.319     .6326752     4.07516
     blue collar - services  |   1.556719    .716517     0.96   0.336     .6315741    3.837037
  blue collar - agriculture  |   1.058036   .6482061     0.09   0.927      .318428    3.515518
     blue collar - artisans  |   1.016416   .4600819     0.04   0.971     .4185761    2.468135
       blue collar - equip.  |   1.539152   .6971308     0.95   0.341     .6334981    3.739536
                  unskilled  |   2.808059   1.267402     2.29   0.022     1.159367    6.801293
                             |
                      parent |   .4015826   .0951328    -3.85   0.000     .2524235    .6388811
                     married |   .5021233   .1024699    -3.38   0.001     .3365914    .7490619
              married_parent |   2.575792   .8247901     2.95   0.003     1.375146    4.824726
                    divorced |   .8780263   .2085566    -0.55   0.584      .551217    1.398596
                     widowed |   2.103808   1.565737     1.00   0.318     .4892247    9.046989
                         age |    .976536   .0080084    -2.90   0.004     .9609654    .9923589
                     college |   .7602925   .1146745    -1.82   0.069     .5657107    1.021803
                       _cons |   .0734405   .0419854    -4.57   0.000     .0239502    .2251962
----------------------------------------------------------------------------------------------
Note: _cons estimates baseline odds.
(est10 stored)

Logistic regression                                     Number of obs = 20,520
                                                        Wald chi2(24) = 225.56
                                                        Prob > chi2   = 0.0000
Log pseudolikelihood = -871585.37                       Pseudo R2     = 0.0737

----------------------------------------------------------------------------------------------
                             |               Robust
                    inactive | Odds ratio   std. err.      z    P>|z|     [95% conf. interval]
-----------------------------+----------------------------------------------------------------
                         act |
        manufactures, prim.  |   .3549714   .1292101    -2.85   0.004     .1739221    .7244892
     extractive and energy.  |   .3317346   .1041007    -3.52   0.000     .1793402    .6136263
         manufactures, sec.  |   .4119855   .1203772    -3.03   0.002     .2323652    .7304538
               construction  |   .5122988   .1637927    -2.09   0.036      .273764    .9586726
      hospitality and sales  |   .6097889   .1426978    -2.11   0.035      .385468    .9646522
 Transport, storage and IT.  |   .4569847   .1285612    -2.78   0.005     .2632918    .7931694
  Financial and prof. serv.  |   .2679279   .0935753    -3.77   0.000     .1351236    .5312572
   Education and healthcare  |   .7602985   .1824566    -1.14   0.253     .4750207    1.216902
             Other services  |   .5892571   .1839632    -1.69   0.090     .3195684     1.08654
                             |
                         occ |
       white collar - prof.  |   25.24388   25.75064     3.17   0.002     3.418747    186.3997
white collar - tech. suport  |    32.1893   32.93101     3.39   0.001     4.334076    239.0708
       white collar - other  |   31.61336   32.61513     3.35   0.001     4.185006     238.806
     blue collar - services  |   23.25426   23.65982     3.09   0.002     3.165599    170.8241
  blue collar - agriculture  |   9.511302   10.38162     2.06   0.039     1.119827     80.7847
     blue collar - artisans  |   36.19598   36.90475     3.52   0.000     4.906717    267.0113
       blue collar - equip.  |   37.08992   37.74327     3.55   0.000     5.047311    272.5535
                  unskilled  |   74.86502   75.95146     4.25   0.000     10.25002    546.8058
                             |
                      parent |   .5649767   .1360784    -2.37   0.018     .3523813     .905833
                     married |   .4354536   .0822129    -4.40   0.000     .3007713    .6304451
              married_parent |   1.693752   .5572268     1.60   0.109     .8888194    3.227649
                    divorced |   .9449852   .2252263    -0.24   0.812     .5923126    1.507645
                     widowed |   5.180524   2.860345     2.98   0.003     1.755481    15.28802
                         age |   .9787956   .0082553    -2.54   0.011     .9627485    .9951102
                     college |   .8827698   .1536413    -0.72   0.474     .6276253    1.241637
                       _cons |    .004467   .0047838    -5.05   0.000     .0005476    .0364402
----------------------------------------------------------------------------------------------
Note: _cons estimates baseline odds.
(est11 stored)

Logistic regression                                     Number of obs = 20,530
                                                        Wald chi2(24) = 224.58
                                                        Prob > chi2   = 0.0000
Log pseudolikelihood = -1010207.4                       Pseudo R2     = 0.0561

----------------------------------------------------------------------------------------------
                             |               Robust
                    inactive | Odds ratio   std. err.      z    P>|z|     [95% conf. interval]
-----------------------------+----------------------------------------------------------------
                         act |
        manufactures, prim.  |   .7835351   .2716982    -0.70   0.482     .3970967     1.54604
     extractive and energy.  |   .5262261   .1525928    -2.21   0.027      .298088    .9289668
         manufactures, sec.  |   .5509792   .1811558    -1.81   0.070     .2892475    1.049544
               construction  |   .5695526   .1661947    -1.93   0.054     .3214803    1.009052
      hospitality and sales  |    .710018    .163448    -1.49   0.137     .4521896    1.114854
 Transport, storage and IT.  |    .473758   .1426831    -2.48   0.013     .2625414    .8549002
  Financial and prof. serv.  |   .5803368   .1593488    -1.98   0.048     .3388108     .994038
   Education and healthcare  |   .8571548   .2191158    -0.60   0.547     .5193562    1.414664
             Other services  |   1.126425   .3360051     0.40   0.690     .6277616    2.021204
                             |
                         occ |
       white collar - prof.  |   1.087545   .5342272     0.17   0.864     .4152576    2.848243
white collar - tech. suport  |   1.602822   .7759518     0.97   0.330     .6205902    4.139669
       white collar - other  |    1.93954   .9747488     1.32   0.187      .724291    5.193792
     blue collar - services  |   2.167878   1.003604     1.67   0.095      .874937    5.371465
  blue collar - agriculture  |   1.844387   1.034002     1.09   0.275     .6146824    5.534183
     blue collar - artisans  |   2.027937   .9431319     1.52   0.128     .8150544    5.045712
       blue collar - equip.  |   2.385781   1.135479     1.83   0.068     .9386706    6.063843
                  unskilled  |    3.38518   1.577301     2.62   0.009     1.358221    8.437102
                             |
                      parent |   .5673382   .1135363    -2.83   0.005     .3832646    .8398183
                     married |   .9006709   .1654817    -0.57   0.569     .6283093    1.291097
              married_parent |   .8336818   .2373585    -0.64   0.523     .4771487    1.456622
                    divorced |   1.102841   .2720284     0.40   0.691     .6800708    1.788428
                     widowed |    2.19426   1.579095     1.09   0.275     .5354542    8.991947
                         age |   .9592813   .0074971    -5.32   0.000     .9446992    .9740885
                     college |   .8761059   .1457323    -0.80   0.427     .6323637    1.213798
                       _cons |   .1295438   .0746612    -3.55   0.000     .0418635    .4008647
----------------------------------------------------------------------------------------------
Note: _cons estimates baseline odds.
(est12 stored)

Logistic regression                                     Number of obs = 20,521
                                                        Wald chi2(24) = 147.94
                                                        Prob > chi2   = 0.0000
Log pseudolikelihood = -1009138.4                       Pseudo R2     = 0.0503

----------------------------------------------------------------------------------------------
                             |               Robust
                    inactive | Odds ratio   std. err.      z    P>|z|     [95% conf. interval]
-----------------------------+----------------------------------------------------------------
                         act |
        manufactures, prim.  |   .6197868   .2018422    -1.47   0.142     .3273683    1.173405
     extractive and energy.  |   .7008176   .2143819    -1.16   0.245     .3847869    1.276409
         manufactures, sec.  |   .5411954   .1804169    -1.84   0.066     .2815732      1.0402
               construction  |    .881334   .2468395    -0.45   0.652     .5090265    1.525951
      hospitality and sales  |   .7084185   .1705439    -1.43   0.152     .4419493    1.135553
 Transport, storage and IT.  |   .6405282   .1974798    -1.44   0.148     .3500308    1.172115
  Financial and prof. serv.  |   .5752147   .1740491    -1.83   0.068     .3178868    1.040848
   Education and healthcare  |   .6238344   .1750148    -1.68   0.093     .3599709    1.081113
             Other services  |   .7700466   .2452225    -0.82   0.412     .4125253    1.437419
                             |
                         occ |
       white collar - prof.  |   .9918963   .4983064    -0.02   0.987     .3705457     2.65516
white collar - tech. suport  |   1.516361   .7345868     0.86   0.390     .5867408    3.918855
       white collar - other  |   1.759651   .8779222     1.13   0.257     .6618303      4.6785
     blue collar - services  |   3.061171   1.400977     2.44   0.015     1.248321    7.506696
  blue collar - agriculture  |   1.765589   .9941279     1.01   0.313     .5856176    5.323104
     blue collar - artisans  |   2.488755    1.12904     2.01   0.044      1.02289    6.055296
       blue collar - equip.  |   2.572176   1.211274     2.01   0.045     1.022016    6.473566
                  unskilled  |   3.901714   1.789506     2.97   0.003     1.588017    9.586402
                             |
                      parent |   .7961675   .1594906    -1.14   0.255     .5376371    1.179016
                     married |   .6938871   .1237064    -2.05   0.040     .4892562    .9841046
              married_parent |   .8255761    .234548    -0.67   0.500     .4730737    1.440739
                    divorced |   .5670036   .1569912    -2.05   0.040     .3295386    .9755856
                     widowed |   .5644023   .5749488    -0.56   0.574     .0766446    4.156196
                         age |   .9760485    .007392    -3.20   0.001     .9616674    .9906447
                     college |   .8639232   .1301843    -0.97   0.332     .6429954     1.16076
                       _cons |   .0612152   .0355946    -4.80   0.000     .0195846    .1913392
----------------------------------------------------------------------------------------------
Note: _cons estimates baseline odds.
(est13 stored)

Logistic regression                                     Number of obs = 20,192
                                                        Wald chi2(24) = 155.10
                                                        Prob > chi2   = 0.0000
Log pseudolikelihood = -1000439.4                       Pseudo R2     = 0.0587

----------------------------------------------------------------------------------------------
                             |               Robust
                    inactive | Odds ratio   std. err.      z    P>|z|     [95% conf. interval]
-----------------------------+----------------------------------------------------------------
                         act |
        manufactures, prim.  |   .3913444   .1347347    -2.72   0.006     .1992975    .7684516
     extractive and energy.  |   .3796303   .1167367    -3.15   0.002     .2077856    .6935956
         manufactures, sec.  |   .4856956    .161487    -2.17   0.030     .2531346     .931916
               construction  |   .7902383   .2085353    -0.89   0.372      .471124    1.325504
      hospitality and sales  |   .5130925    .120556    -2.84   0.005      .323741    .8131932
 Transport, storage and IT.  |   .3532606   .1073512    -3.42   0.001     .1947271    .6408611
  Financial and prof. serv.  |   .4525275   .1352978    -2.65   0.008      .251855    .8130914
   Education and healthcare  |   .2803577   .0770052    -4.63   0.000     .1636496    .4802973
             Other services  |   .7034355   .2424343    -1.02   0.307     .3579838    1.382246
                             |
                         occ |
       white collar - prof.  |    1.21538   .5081793     0.47   0.641     .5355552    2.758162
white collar - tech. suport  |   1.063706   .4391383     0.15   0.881     .4736017    2.389076
       white collar - other  |   1.464946   .6358349     0.88   0.379     .6257086    3.429819
     blue collar - services  |   2.264485   .9002864     2.06   0.040     1.038865    4.936053
  blue collar - agriculture  |   .9740027   .5317566    -0.05   0.962     .3340772    2.839707
     blue collar - artisans  |   1.573682   .5846747     1.22   0.222     .7597444    3.259616
       blue collar - equip.  |   1.714721   .6712171     1.38   0.168     .7961515    3.693101
                  unskilled  |   2.875177   1.083678     2.80   0.005     1.373535    6.018516
                             |
                      parent |   .8933608   .1703297    -0.59   0.554     .6148021    1.298131
                     married |   .5990887   .1106699    -2.77   0.006     .4171078    .8604664
              married_parent |   .6387862   .1820685    -1.57   0.116     .3653792    1.116779
                    divorced |    .692492   .1725278    -1.47   0.140      .424958    1.128453
                     widowed |   .8599531   .5325608    -0.24   0.808     .2554664    2.894782
                         age |   .9903155    .007936    -1.21   0.225     .9748827    1.005993
                     college |   .8478551   .1372593    -1.02   0.308     .6173346    1.164455
                       _cons |   .0715654   .0365332    -5.17   0.000     .0263133     .194639
----------------------------------------------------------------------------------------------
Note: _cons estimates baseline odds.
(est14 stored)

Logistic regression                                     Number of obs = 19,846
                                                        Wald chi2(24) = 181.85
                                                        Prob > chi2   = 0.0000
Log pseudolikelihood = -1008564.2                       Pseudo R2     = 0.0535

----------------------------------------------------------------------------------------------
                             |               Robust
                    inactive | Odds ratio   std. err.      z    P>|z|     [95% conf. interval]
-----------------------------+----------------------------------------------------------------
                         act |
        manufactures, prim.  |   .4360696   .1403972    -2.58   0.010     .2320078    .8196135
     extractive and energy.  |   .2520286   .0792188    -4.38   0.000     .1361119    .4666633
         manufactures, sec.  |   .4133666   .1373021    -2.66   0.008     .2155777    .7926235
               construction  |    .454071   .1179052    -3.04   0.002     .2729598    .7553512
      hospitality and sales  |   .4476335   .1021211    -3.52   0.000      .286242    .7000223
 Transport, storage and IT.  |   .5190973   .1571461    -2.17   0.030     .2867906    .9395775
  Financial and prof. serv.  |   .3946716   .1112014    -3.30   0.001     .2271978    .6855949
   Education and healthcare  |   .5772084   .1458186    -2.18   0.030     .3517999    .9470424
             Other services  |   .9343853   .2896381    -0.22   0.827     .5089475    1.715454
                             |
                         occ |
       white collar - prof.  |   2.238643   1.180458     1.53   0.126     .7964123    6.292621
white collar - tech. suport  |   1.682613   .8864097     0.99   0.323      .599193       4.725
       white collar - other  |   2.577949   1.390277     1.76   0.079     .8958286    7.418629
     blue collar - services  |   2.365064   1.205849     1.69   0.091     .8706633    6.424447
  blue collar - agriculture  |   1.361421   .8071634     0.52   0.603     .4259212    4.351665
     blue collar - artisans  |   3.345887   1.667601     2.42   0.015     1.259707    8.886955
       blue collar - equip.  |   1.931681   1.018269     1.25   0.212      .687435    5.427991
                  unskilled  |   4.825177   2.445879     3.10   0.002     1.786651    13.03127
                             |
                      parent |   .7639726   .1524417    -1.35   0.177     .5166905    1.129601
                     married |   .9723248   .1773969    -0.15   0.878     .6800062    1.390304
              married_parent |   .9599289    .266212    -0.15   0.883     .5574165    1.653097
                    divorced |   .9417294   .2315745    -0.24   0.807     .5815843    1.524894
                     widowed |   1.539983     .98351     0.68   0.499     .4404493     5.38438
                         age |   .9661642   .0074624    -4.46   0.000     .9516483    .9809015
                     college |   .6954659   .1094049    -2.31   0.021     .5109423     .946629
                       _cons |   .1010105   .0587707    -3.94   0.000     .0322934    .3159507
----------------------------------------------------------------------------------------------
Note: _cons estimates baseline odds.
(est15 stored)

Logistic regression                                     Number of obs = 19,600
                                                        Wald chi2(24) = 251.23
                                                        Prob > chi2   = 0.0000
Log pseudolikelihood = -1054926.3                       Pseudo R2     = 0.0675

----------------------------------------------------------------------------------------------
                             |               Robust
                    inactive | Odds ratio   std. err.      z    P>|z|     [95% conf. interval]
-----------------------------+----------------------------------------------------------------
                         act |
        manufactures, prim.  |    .207227   .0720926    -4.52   0.000     .1047901    .4098003
     extractive and energy.  |   .2971099   .0936035    -3.85   0.000     .1602319     .550916
         manufactures, sec.  |   .3289462   .1081175    -3.38   0.001     .1727243    .6264643
               construction  |   .4675536   .1322903    -2.69   0.007      .268529    .8140886
      hospitality and sales  |   .7872247   .1791782    -1.05   0.293     .5039169    1.229811
 Transport, storage and IT.  |   .6412173   .1786841    -1.59   0.111     .3713694    1.107144
  Financial and prof. serv.  |   .5199453   .1522406    -2.23   0.026     .2929038    .9229761
   Education and healthcare  |   .7653733   .2042748    -1.00   0.316     .4536191    1.291384
             Other services  |   .9454553   .3018332    -0.18   0.861     .5057058      1.7676
                             |
                         occ |
       white collar - prof.  |   .6808847   .2972111    -0.88   0.379     .2894129    1.601877
white collar - tech. suport  |    .663921   .2771442    -0.98   0.326     .2929508    1.504659
       white collar - other  |   1.252491   .5343826     0.53   0.598     .5427561    2.890312
     blue collar - services  |   1.096512   .4267326     0.24   0.813     .5113858    2.351136
  blue collar - agriculture  |   .3905429   .2574175    -1.43   0.154     .1073047    1.421409
     blue collar - artisans  |   1.678404   .6492169     1.34   0.181     .7864052    3.582172
       blue collar - equip.  |    1.10589    .462792     0.24   0.810     .4869691    2.511436
                  unskilled  |   2.248641   .8835405     2.06   0.039     1.041033    4.857088
                             |
                      parent |   .6378568   .1312038    -2.19   0.029     .4262216     .954577
                     married |     .62571   .1114982    -2.63   0.009      .441259    .8872635
              married_parent |   1.023794   .2909574     0.08   0.934     .5865497    1.786981
                    divorced |   .5515742   .1399011    -2.35   0.019       .33551     .906781
                     widowed |   .2768406   .2861131    -1.24   0.214     .0365189    2.098658
                         age |   .9842143   .0073871    -2.12   0.034     .9698419    .9987997
                     college |   .6289142   .0979958    -2.98   0.003     .4634035    .8535391
                       _cons |   .1253742   .0635946    -4.09   0.000     .0463923    .3388211
----------------------------------------------------------------------------------------------
Note: _cons estimates baseline odds.
(est16 stored)

. esttab using "prob_inac_stocks_m.tex", se eform label replace
(output written to prob_inac_stocks_m.tex)

. esttab using "prob_inac_stocks_m_margins.tex", se margin mtitles label replace
(output written to prob_inac_stocks_m_margins.tex)

. log close
