
. * Women
. forvalues i=186/201{ 
  2.         eststo: logistic unemployed i.act i.occ parent married married_parent divorced widowe
> d age college if mili==0&woman==1&prime_aged&ciclo==`i' [pw=factorel], vce(robust) 
  3. }

Logistic regression                                     Number of obs = 25,171
                                                        Wald chi2(24) = 664.45
                                                        Prob > chi2   = 0.0000
Log pseudolikelihood = -2042592.1                       Pseudo R2     = 0.0738

----------------------------------------------------------------------------------------------
                             |               Robust
                  unemployed | Odds ratio   std. err.      z    P>|z|     [95% conf. interval]
-----------------------------+----------------------------------------------------------------
                         act |
        manufactures, prim.  |    .452252    .091055    -3.94   0.000     .3047911     .671056
     extractive and energy.  |   .2523432   .0701235    -4.96   0.000     .1463698    .4350423
         manufactures, sec.  |   .4875367   .1164401    -3.01   0.003     .3052896     .778579
               construction  |   .3215914    .129566    -2.82   0.005     .1460037    .7083457
      hospitality and sales  |   .5681439    .078251    -4.10   0.000     .4337322    .7442093
 Transport, storage and IT.  |   .5083294   .1085948    -3.17   0.002     .3344278    .7726594
  Financial and prof. serv.  |   .3794324   .0576207    -6.38   0.000     .2817544    .5109732
   Education and healthcare  |   .4789751   .0696347    -5.06   0.000      .360216    .6368877
             Other services  |   .3305269   .0473887    -7.72   0.000     .2495556    .4377704
                             |
                         occ |
       white collar - prof.  |   1.407906    .579033     0.83   0.406      .628779    3.152459
white collar - tech. suport  |   2.382828   1.002005     2.06   0.039     1.045089    5.432904
       white collar - other  |   3.207397   1.305334     2.86   0.004     1.444555      7.1215
     blue collar - services  |     4.2808   1.720531     3.62   0.000     1.947205    9.411055
  blue collar - agriculture  |   2.872747    1.50887     2.01   0.045     1.026162    8.042276
     blue collar - artisans  |   7.828687   3.429043     4.70   0.000     3.317831    18.47241
       blue collar - equip.  |   5.003765   2.174355     3.71   0.000     2.135072    11.72685
                  unskilled  |   9.549459   3.883426     5.55   0.000     4.303535    21.19006
                             |
                      parent |   1.088651   .0903847     1.02   0.306     .9251631     1.28103
                     married |    .737111   .0690071    -3.26   0.001     .6135427    .8855662
              married_parent |   .8571391   .1042633    -1.27   0.205      .675321    1.087908
                    divorced |    1.05045   .1060144     0.49   0.626     .8619252    1.280209
                     widowed |   .5881269   .1962236    -1.59   0.112     .3058263    1.131012
                         age |   .9811247   .0041788    -4.47   0.000     .9729685    .9893492
                     college |   .9507217   .0717248    -0.67   0.503      .820043    1.102225
                       _cons |   .1136694   .0506901    -4.88   0.000     .0474303    .2724151
----------------------------------------------------------------------------------------------
Note: _cons estimates baseline odds.
(est1 stored)

Logistic regression                                     Number of obs = 25,187
                                                        Wald chi2(24) = 614.56
                                                        Prob > chi2   = 0.0000
Log pseudolikelihood = -1927169.5                       Pseudo R2     = 0.0702

----------------------------------------------------------------------------------------------
                             |               Robust
                  unemployed | Odds ratio   std. err.      z    P>|z|     [95% conf. interval]
-----------------------------+----------------------------------------------------------------
                         act |
        manufactures, prim.  |   .4127702   .0826374    -4.42   0.000     .2788021    .6111117
     extractive and energy.  |   .3058341   .0795589    -4.55   0.000     .1836777    .5092316
         manufactures, sec.  |   .2509361   .0718323    -4.83   0.000     .1431859    .4397702
               construction  |   .2100779   .0904497    -3.62   0.000     .0903426    .4885039
      hospitality and sales  |   .4230973    .059134    -6.15   0.000     .3217159    .5564268
 Transport, storage and IT.  |   .4144899   .0901069    -4.05   0.000     .2706881    .6346857
  Financial and prof. serv.  |    .353486   .0543031    -6.77   0.000     .2615829     .477678
   Education and healthcare  |   .5032356   .0750254    -4.61   0.000     .3757242    .6740212
             Other services  |    .320696     .04689    -7.78   0.000     .2407889    .4271206
                             |
                         occ |
       white collar - prof.  |   1.822178   .8969548     1.22   0.223     .6943729    4.781774
white collar - tech. suport  |   3.870173   1.918308     2.73   0.006     1.464941    10.22447
       white collar - other  |   4.067791   1.986365     2.87   0.004     1.562082    10.59287
     blue collar - services  |   5.389024   2.649412     3.43   0.001     2.056047    14.12496
  blue collar - agriculture  |   5.170423   2.971534     2.86   0.004     1.676199    15.94875
     blue collar - artisans  |   7.773938   3.978192     4.01   0.000     2.851359    21.19484
       blue collar - equip.  |   9.765311   5.073918     4.39   0.000     3.527067      27.037
                  unskilled  |   11.05662   5.409857     4.91   0.000     4.237801    28.84722
                             |
                      parent |    1.10073    .098674     1.07   0.284     .9233691    1.312157
                     married |    .802142   .0785332    -2.25   0.024     .6620867    .9718239
              married_parent |   .8652116   .1112409    -1.13   0.260     .6724852    1.113171
                    divorced |    .875687   .0961002    -1.21   0.226     .7062132     1.08583
                     widowed |   .8815376    .260693    -0.43   0.670     .4937634    1.573848
                         age |   .9743751   .0042113    -6.01   0.000     .9661559    .9826642
                     college |    .798116   .0638187    -2.82   0.005     .6823427    .9335326
                       _cons |   .1244676   .0653263    -3.97   0.000     .0444946    .3481817
----------------------------------------------------------------------------------------------
Note: _cons estimates baseline odds.
(est2 stored)

Logistic regression                                     Number of obs = 25,015
                                                        Wald chi2(24) = 656.81
                                                        Prob > chi2   = 0.0000
Log pseudolikelihood = -1961458.1                       Pseudo R2     = 0.0681

----------------------------------------------------------------------------------------------
                             |               Robust
                  unemployed | Odds ratio   std. err.      z    P>|z|     [95% conf. interval]
-----------------------------+----------------------------------------------------------------
                         act |
        manufactures, prim.  |   .2288377   .0469364    -7.19   0.000     .1530874    .3420704
     extractive and energy.  |   .1411438   .0402988    -6.86   0.000     .0806548     .246998
         manufactures, sec.  |   .1041286   .0383744    -6.14   0.000     .0505683    .2144185
               construction  |   .3059342   .1099986    -3.29   0.001     .1512094    .6189811
      hospitality and sales  |   .3782286   .0524549    -7.01   0.000     .2882073     .496368
 Transport, storage and IT.  |   .4123971     .08191    -4.46   0.000     .2794156    .6086682
  Financial and prof. serv.  |    .253267   .0379065    -9.18   0.000     .1888771    .3396079
   Education and healthcare  |   .4119091   .0598355    -6.11   0.000     .3098507    .5475833
             Other services  |   .2918324   .0423216    -8.49   0.000     .2196302    .3877706
                             |
                         occ |
       white collar - prof.  |   2.389326   .8648131     2.41   0.016     1.175396    4.856983
white collar - tech. suport  |   3.749552   1.377719     3.60   0.000      1.82481    7.704441
       white collar - other  |   3.369193   1.214078     3.37   0.001      1.66264    6.827373
     blue collar - services  |   4.895822   1.750629     4.44   0.000     2.429162    9.867222
  blue collar - agriculture  |   3.986212   1.960803     2.81   0.005     1.520049    10.45354
     blue collar - artisans  |   9.126047   3.614499     5.58   0.000     4.199063    19.83412
       blue collar - equip.  |   10.34901   4.221303     5.73   0.000     4.652632    23.01967
                  unskilled  |    10.2468   3.680295     6.48   0.000     5.068345    20.71621
                             |
                      parent |   1.121401   .1016078     1.26   0.206     .9389344    1.339326
                     married |   .7542763   .0739916    -2.87   0.004     .6223446    .9141764
              married_parent |   .9333956   .1200602    -0.54   0.592     .7254007    1.201029
                    divorced |   .9294247   .1083263    -0.63   0.530     .7396137    1.167948
                     widowed |   1.402879   .3704162     1.28   0.200     .8361206     2.35381
                         age |   .9707251   .0043594    -6.62   0.000     .9622183    .9793072
                     college |   .8903154   .0719766    -1.44   0.151     .7598527    1.043178
                       _cons |     .17213   .0716634    -4.23   0.000     .0761155    .3892603
----------------------------------------------------------------------------------------------
Note: _cons estimates baseline odds.
(est3 stored)

Logistic regression                                     Number of obs = 24,962
                                                        Wald chi2(24) = 726.50
                                                        Prob > chi2   = 0.0000
Log pseudolikelihood = -1936453.3                       Pseudo R2     = 0.0779

----------------------------------------------------------------------------------------------
                             |               Robust
                  unemployed | Odds ratio   std. err.      z    P>|z|     [95% conf. interval]
-----------------------------+----------------------------------------------------------------
                         act |
        manufactures, prim.  |   .2376451   .0490394    -6.96   0.000     .1585909    .3561059
     extractive and energy.  |   .1486008   .0414139    -6.84   0.000     .0860593    .2565929
         manufactures, sec.  |   .2004209   .0540686    -5.96   0.000     .1181163    .3400762
               construction  |   .4137119   .1324747    -2.76   0.006     .2208691    .7749278
      hospitality and sales  |   .3701071   .0523779    -7.02   0.000     .2804559    .4884165
 Transport, storage and IT.  |   .3412068   .0700186    -5.24   0.000     .2282147    .5101427
  Financial and prof. serv.  |   .2387814   .0361623    -9.46   0.000     .1774558       .3213
   Education and healthcare  |   .3808089   .0562258    -6.54   0.000     .2851206    .5086108
             Other services  |   .2694864   .0402126    -8.79   0.000     .2011505    .3610377
                             |
                         occ |
       white collar - prof.  |   1.164542   .3867686     0.46   0.646       .60737    2.232836
white collar - tech. suport  |   2.022273   .6874433     2.07   0.038      1.03869    3.937258
       white collar - other  |   1.881207   .6201481     1.92   0.055     .9859031    3.589541
     blue collar - services  |   2.804507   .9082637     3.18   0.001     1.486577     5.29085
  blue collar - agriculture  |   .8309906   .4834392    -0.32   0.750     .2657046    2.598922
     blue collar - artisans  |   6.476101   2.333321     5.18   0.000     3.196157    13.12197
       blue collar - equip.  |   6.175726   2.257547     4.98   0.000     3.016684    12.64288
                  unskilled  |   6.762061   2.212082     5.84   0.000     3.561429    12.83908
                             |
                      parent |   1.199988   .1073413     2.04   0.042     1.007014    1.429943
                     married |   .8067156    .075881    -2.28   0.022     .6708958    .9700314
              married_parent |   .7650746   .0985147    -2.08   0.038     .5944275    .9847106
                    divorced |   .9365495   .1066501    -0.58   0.565     .7492033    1.170744
                     widowed |   .4589047    .165546    -2.16   0.031     .2262866    .9306496
                         age |   .9709735   .0041433    -6.90   0.000     .9628868    .9791282
                     college |   .9636374   .0768937    -0.46   0.643     .8241225    1.126771
                       _cons |   .2936591   .1133411    -3.17   0.001     .1378201    .6257118
----------------------------------------------------------------------------------------------
Note: _cons estimates baseline odds.
(est4 stored)

Logistic regression                                     Number of obs = 24,085
                                                        Wald chi2(24) = 623.74
                                                        Prob > chi2   = 0.0000
Log pseudolikelihood = -2096938.5                       Pseudo R2     = 0.0744

----------------------------------------------------------------------------------------------
                             |               Robust
                  unemployed | Odds ratio   std. err.      z    P>|z|     [95% conf. interval]
-----------------------------+----------------------------------------------------------------
                         act |
        manufactures, prim.  |   .3577361   .0712757    -5.16   0.000     .2420854    .5286363
     extractive and energy.  |   .3154523   .0774198    -4.70   0.000     .1949969    .5103165
         manufactures, sec.  |   .2193409   .0627777    -5.30   0.000     .1251689    .3843639
               construction  |   .5182649   .1706993    -2.00   0.046     .2717655    .9883468
      hospitality and sales  |   .6103814   .0862114    -3.50   0.000     .4627815     .805057
 Transport, storage and IT.  |   .4361431   .0912887    -3.96   0.000     .2893775    .6573447
  Financial and prof. serv.  |   .3713848   .0567624    -6.48   0.000     .2752495    .5010969
   Education and healthcare  |   .5554706    .082757    -3.95   0.000     .4148055    .7438367
             Other services  |   .3259949   .0511341    -7.15   0.000      .239715    .4433293
                             |
                         occ |
       white collar - prof.  |   1.165981   .4011798     0.45   0.655     .5940429    2.288574
white collar - tech. suport  |   2.129638   .7472281     2.15   0.031     1.070641    4.236114
       white collar - other  |   2.353983   .7998568     2.52   0.012     1.209413    4.581756
     blue collar - services  |   2.845128   .9612418     3.09   0.002       1.4673     5.51677
  blue collar - agriculture  |   1.368647   .6482175     0.66   0.508     .5409364    3.462875
     blue collar - artisans  |   4.891963   1.858759     4.18   0.000     2.323053    10.30166
       blue collar - equip.  |   7.475151   2.817296     5.34   0.000     3.571184    15.64688
                  unskilled  |   6.935149   2.341011     5.74   0.000     3.578709    13.43957
                             |
                      parent |   .9557265   .0864722    -0.50   0.617     .8004213    1.141165
                     married |   .8008011   .0803516    -2.21   0.027     .6578333    .9748402
              married_parent |   .9273398   .1221245    -0.57   0.567     .7163765    1.200429
                    divorced |   1.010203   .1188817     0.09   0.931     .8021177    1.272269
                     widowed |   1.058612   .3149327     0.19   0.848     .5908918    1.896556
                         age |   .9642005   .0043229    -8.13   0.000     .9557648    .9727106
                     college |   .8807942   .0707053    -1.58   0.114     .7525662    1.030871
                       _cons |   .3007986   .1190533    -3.04   0.002     .1384772    .6533917
----------------------------------------------------------------------------------------------
Note: _cons estimates baseline odds.
(est5 stored)

Logistic regression                                     Number of obs = 22,815
                                                        Wald chi2(24) = 536.83
                                                        Prob > chi2   = 0.0000
Log pseudolikelihood = -2336172.2                       Pseudo R2     = 0.0663

----------------------------------------------------------------------------------------------
                             |               Robust
                  unemployed | Odds ratio   std. err.      z    P>|z|     [95% conf. interval]
-----------------------------+----------------------------------------------------------------
                         act |
        manufactures, prim.  |   .4708025   .0983825    -3.60   0.000     .3125829     .709108
     extractive and energy.  |    .369389   .0999314    -3.68   0.000     .2173736    .6277128
         manufactures, sec.  |   .5808712   .1535255    -2.06   0.040     .3460234    .9751115
               construction  |   .2854496   .1124407    -3.18   0.001      .131897     .617766
      hospitality and sales  |   .7386754   .1131928    -1.98   0.048      .547038    .9974467
 Transport, storage and IT.  |   .6112658   .1232218    -2.44   0.015     .4117569    .9074428
  Financial and prof. serv.  |   .5091969   .0824733    -4.17   0.000     .3706968    .6994435
   Education and healthcare  |    .607619   .0968316    -3.13   0.002     .4446127    .8303876
             Other services  |    .633113   .1007946    -2.87   0.004     .4634106    .8649611
                             |
                         occ |
       white collar - prof.  |   .9079361   .2883455    -0.30   0.761      .487223    1.691932
white collar - tech. suport  |   1.408064   .4519567     1.07   0.286     .7505952    2.641428
       white collar - other  |   2.073374   .6416883     2.36   0.018     1.130418    3.802909
     blue collar - services  |   2.258014   .7005286     2.63   0.009     1.229275    4.147671
  blue collar - agriculture  |   .7532123   .3988489    -0.54   0.593     .2667966    2.126447
     blue collar - artisans  |   3.369892   1.175728     3.48   0.000     1.700744    6.677182
       blue collar - equip.  |   2.966582   1.020563     3.16   0.002     1.511563    5.822194
                  unskilled  |   4.258539   1.316425     4.69   0.000     2.323444    7.805291
                             |
                      parent |   .8568128   .0749246    -1.77   0.077     .7218584    1.016998
                     married |   .8613096   .0877261    -1.47   0.143     .7054442    1.051613
              married_parent |    .888416   .1165136    -0.90   0.367     .6870421    1.148813
                    divorced |   1.235683   .1348349     1.94   0.052     .9977594    1.530341
                     widowed |   1.341713   .4019334     0.98   0.326     .7458774    2.413525
                         age |   .9575858      .0043    -9.65   0.000      .949195    .9660508
                     college |   .9183331   .0708049    -1.10   0.269     .7895348    1.068143
                       _cons |   .4860608   .1830298    -1.92   0.055     .2323616    1.016756
----------------------------------------------------------------------------------------------
Note: _cons estimates baseline odds.
(est6 stored)

Logistic regression                                     Number of obs = 22,484
                                                        Wald chi2(24) = 590.03
                                                        Prob > chi2   = 0.0000
Log pseudolikelihood = -2365599.9                       Pseudo R2     = 0.0730

----------------------------------------------------------------------------------------------
                             |               Robust
                  unemployed | Odds ratio   std. err.      z    P>|z|     [95% conf. interval]
-----------------------------+----------------------------------------------------------------
                         act |
        manufactures, prim.  |   .3063077   .0651054    -5.57   0.000     .2019463    .4646007
     extractive and energy.  |   .2458582   .0645316    -5.35   0.000     .1469825     .411248
         manufactures, sec.  |   .1950926   .0581725    -5.48   0.000     .1087503    .3499865
               construction  |   .2422233   .0863332    -3.98   0.000     .1204566     .487081
      hospitality and sales  |   .4264486   .0633366    -5.74   0.000     .3187465    .5705426
 Transport, storage and IT.  |   .3372313   .0681155    -5.38   0.000     .2269856    .5010228
  Financial and prof. serv.  |   .3236264   .0506222    -7.21   0.000     .2381758    .4397342
   Education and healthcare  |   .3460415   .0533779    -6.88   0.000     .2557572    .4681968
             Other services  |   .4223491    .065383    -5.57   0.000     .3118163    .5720636
                             |
                         occ |
       white collar - prof.  |   1.378922   .4582536     0.97   0.334     .7188896    2.644949
white collar - tech. suport  |   1.823331   .6133068     1.79   0.074     .9430838    3.525177
       white collar - other  |   2.342577   .7705925     2.59   0.010     1.229392    4.463723
     blue collar - services  |   2.969733   .9617181     3.36   0.001     1.574216    5.602352
  blue collar - agriculture  |   1.012241   .5071087     0.02   0.981     .3791863    2.702189
     blue collar - artisans  |   4.566487   1.647229     4.21   0.000      2.25183    9.260379
       blue collar - equip.  |   4.764111   1.727068     4.31   0.000     2.341032    9.695188
                  unskilled  |   5.989187   1.958762     5.47   0.000     3.154879    11.36981
                             |
                      parent |   .8542153   .0776411    -1.73   0.083     .7148257    1.020786
                     married |   .7038136   .0718258    -3.44   0.001      .576223    .8596559
              married_parent |   .9435898   .1283514    -0.43   0.669      .722768    1.231878
                    divorced |   .9331711   .1079399    -0.60   0.550     .7438799     1.17063
                     widowed |   .7767527   .2614051    -0.75   0.453     .4016271    1.502251
                         age |   .9659464   .0042036    -7.96   0.000     .9577426    .9742206
                     college |   .9982948   .0781346    -0.02   0.983     .8563215    1.163806
                       _cons |   .4865004   .1877298    -1.87   0.062     .2283617    1.036437
----------------------------------------------------------------------------------------------
Note: _cons estimates baseline odds.
(est7 stored)

Logistic regression                                     Number of obs = 22,186
                                                        Wald chi2(24) = 507.18
                                                        Prob > chi2   = 0.0000
Log pseudolikelihood = -2279089.9                       Pseudo R2     = 0.0698

----------------------------------------------------------------------------------------------
                             |               Robust
                  unemployed | Odds ratio   std. err.      z    P>|z|     [95% conf. interval]
-----------------------------+----------------------------------------------------------------
                         act |
        manufactures, prim.  |   .3001186   .0655698    -5.51   0.000     .1955792    .4605355
     extractive and energy.  |   .2432726   .0666322    -5.16   0.000     .1422164    .4161372
         manufactures, sec.  |   .1798282   .0509399    -6.06   0.000     .1032138    .3133125
               construction  |   .2951469   .1177514    -3.06   0.002     .1350343    .6451078
      hospitality and sales  |   .4996603   .0751927    -4.61   0.000     .3720314    .6710735
 Transport, storage and IT.  |   .3243844   .0684407    -5.34   0.000     .2145201    .4905147
  Financial and prof. serv.  |   .3930732   .0631457    -5.81   0.000     .2869004    .5385373
   Education and healthcare  |    .362319   .0578299    -6.36   0.000     .2649906    .4953951
             Other services  |   .4069142   .0640094    -5.72   0.000     .2989544    .5538608
                             |
                         occ |
       white collar - prof.  |   .7151924    .235554    -1.02   0.309     .3750363    1.363868
white collar - tech. suport  |   1.308586   .4360859     0.81   0.420     .6809878    2.514577
       white collar - other  |   1.722586   .5555065     1.69   0.092     .9155499    3.241006
     blue collar - services  |   2.173341   .6849438     2.46   0.014     1.171833    4.030789
  blue collar - agriculture  |   .3128183   .1886069    -1.93   0.054     .0959575    1.019777
     blue collar - artisans  |   3.981711   1.415485     3.89   0.000     1.983674     7.99225
       blue collar - equip.  |   4.234983   1.559704     3.92   0.000     2.057607    8.716478
                  unskilled  |   3.921051   1.257635     4.26   0.000     2.091167    7.352181
                             |
                      parent |   .9644241   .0916262    -0.38   0.703     .8005688    1.161816
                     married |   .9408809    .101819    -0.56   0.573     .7610627    1.163185
              married_parent |   .7971458   .1128456    -1.60   0.109     .6040042    1.052048
                    divorced |   1.136373   .1305266     1.11   0.266     .9072978    1.423285
                     widowed |   1.326682   .3780615     0.99   0.321     .7589305    2.319166
                         age |   .9640688   .0044832    -7.87   0.000     .9553218     .972896
                     college |   1.075182   .0838203     0.93   0.352     .9228333    1.252683
                       _cons |   .5509558    .211159    -1.56   0.120     .2599475    1.167745
----------------------------------------------------------------------------------------------
Note: _cons estimates baseline odds.
(est8 stored)

Logistic regression                                     Number of obs = 21,370
                                                        Wald chi2(24) = 550.10
                                                        Prob > chi2   = 0.0000
Log pseudolikelihood = -2141212.3                       Pseudo R2     = 0.0782

----------------------------------------------------------------------------------------------
                             |               Robust
                  unemployed | Odds ratio   std. err.      z    P>|z|     [95% conf. interval]
-----------------------------+----------------------------------------------------------------
                         act |
        manufactures, prim.  |   .4135513   .0883214    -4.13   0.000     .2721071    .6285197
     extractive and energy.  |   .4171746   .1106706    -3.30   0.001      .248031     .701665
         manufactures, sec.  |   .2700541   .0794445    -4.45   0.000     .1517205    .4806813
               construction  |   .3970449   .1519193    -2.41   0.016     .1875637    .8404861
      hospitality and sales  |   .5455117   .0861804    -3.84   0.000     .4002492    .7434943
 Transport, storage and IT.  |   .2582871   .0593411    -5.89   0.000     .1646419    .4051959
  Financial and prof. serv.  |   .4465059   .0753585    -4.78   0.000       .32075    .6215666
   Education and healthcare  |   .4115298   .0684053    -5.34   0.000     .2971069    .5700196
             Other services  |   .5195309   .0868354    -3.92   0.000     .3744035    .7209131
                             |
                         occ |
       white collar - prof.  |   1.000742   .3690591     0.00   0.998     .4857482    2.061735
white collar - tech. suport  |   1.704852   .6288458     1.45   0.148     .8273995    3.512836
       white collar - other  |   1.796414     .64996     1.62   0.105     .8839614    3.650727
     blue collar - services  |   2.929113   1.027117     3.06   0.002     1.473179    5.823939
  blue collar - agriculture  |   .6475938   .3720892    -0.76   0.450     .2100033    1.997005
     blue collar - artisans  |    4.28307   1.690326     3.69   0.000     1.976178    9.282913
       blue collar - equip.  |   5.100411   2.019595     4.11   0.000     2.347239    11.08289
                  unskilled  |   5.616773   1.992281     4.87   0.000     2.802619    11.25667
                             |
                      parent |   .9598752    .090324    -0.44   0.663     .7982095    1.154284
                     married |   .6841553   .0725547    -3.58   0.000     .5557568    .8422182
              married_parent |   1.009549   .1425272     0.07   0.946     .7655182    1.331371
                    divorced |   .9450914   .1140808    -0.47   0.640     .7459786     1.19735
                     widowed |   .6715515   .2430716    -1.10   0.271     .3303562    1.365137
                         age |   .9683037   .0045266    -6.89   0.000     .9594722    .9772165
                     college |   .9977458   .0808976    -0.03   0.978     .8511463    1.169595
                       _cons |   .3318611   .1362626    -2.69   0.007     .1484061    .7420974
----------------------------------------------------------------------------------------------
Note: _cons estimates baseline odds.
(est9 stored)

Logistic regression                                     Number of obs = 20,118
                                                        Wald chi2(24) = 417.94
                                                        Prob > chi2   = 0.0000
Log pseudolikelihood = -1781385.7                       Pseudo R2     = 0.0689

----------------------------------------------------------------------------------------------
                             |               Robust
                  unemployed | Odds ratio   std. err.      z    P>|z|     [95% conf. interval]
-----------------------------+----------------------------------------------------------------
                         act |
        manufactures, prim.  |   .4428976   .1056149    -3.42   0.001     .2775382    .7067793
     extractive and energy.  |   .4634257   .1518378    -2.35   0.019      .243832    .8807844
         manufactures, sec.  |   .3421858   .0951814    -3.86   0.000     .1983784    .5902414
               construction  |   .3769331   .1492604    -2.46   0.014     .1734602    .8190844
      hospitality and sales  |   .6329882   .1060475    -2.73   0.006     .4558163    .8790253
 Transport, storage and IT.  |    .497735   .1198928    -2.90   0.004     .3104298    .7980552
  Financial and prof. serv.  |   .5219239   .0913747    -3.71   0.000     .3703265    .7355792
   Education and healthcare  |   .6023694   .1053978    -2.90   0.004     .4274904    .8487884
             Other services  |    .334332   .0615971    -5.95   0.000     .2329984    .4797365
                             |
                         occ |
       white collar - prof.  |   .6825259   .2517738    -1.04   0.300     .3312252    1.406419
white collar - tech. suport  |   1.302257   .4807201     0.72   0.474     .6316562    2.684803
       white collar - other  |   1.619673   .5857166     1.33   0.182     .7972792    3.290367
     blue collar - services  |   2.118153   .7432905     2.14   0.032     1.064776    4.213628
  blue collar - agriculture  |   .5051443   .3532465    -0.98   0.329     .1282837    1.989112
     blue collar - artisans  |   4.261077   1.738212     3.55   0.000     1.915538    9.478687
       blue collar - equip.  |   3.081437   1.256818     2.76   0.006     1.385402    6.853789
                  unskilled  |   4.517858   1.600639     4.26   0.000     2.256104    9.047031
                             |
                      parent |   .7782462   .0850453    -2.29   0.022     .6282019    .9641281
                     married |    .675933   .0829559    -3.19   0.001     .5314195    .8597455
              married_parent |   1.251195   .1994369     1.41   0.160     .9154736    1.710031
                    divorced |   1.040893   .1371838     0.30   0.761      .803938    1.347689
                     widowed |   .8355216   .2843758    -0.53   0.598     .4287904     1.62806
                         age |   .9738271   .0051652    -5.00   0.000      .963756    .9840034
                     college |   .8685108   .0793093    -1.54   0.123     .7261838    1.038733
                       _cons |   .2550869   .1074271    -3.24   0.001     .1117413     .582321
----------------------------------------------------------------------------------------------
Note: _cons estimates baseline odds.
(est10 stored)

Logistic regression                                     Number of obs = 19,484
                                                        Wald chi2(24) = 381.48
                                                        Prob > chi2   = 0.0000
Log pseudolikelihood = -1835703.7                       Pseudo R2     = 0.0644

----------------------------------------------------------------------------------------------
                             |               Robust
                  unemployed | Odds ratio   std. err.      z    P>|z|     [95% conf. interval]
-----------------------------+----------------------------------------------------------------
                         act |
        manufactures, prim.  |   .1922584   .0561555    -5.65   0.000     .1084585    .3408059
     extractive and energy.  |   .1951098    .067157    -4.75   0.000      .099379    .3830573
         manufactures, sec.  |   .1426001   .0538552    -5.16   0.000     .0680221    .2989438
               construction  |   .1191193    .053418    -4.74   0.000     .0494616    .2868769
      hospitality and sales  |      .3236   .0537387    -6.79   0.000     .2336973    .4480882
 Transport, storage and IT.  |   .2952254    .070901    -5.08   0.000     .1843869    .4726911
  Financial and prof. serv.  |   .2034096   .0371757    -8.71   0.000     .1421685    .2910311
   Education and healthcare  |   .3913843   .0679978    -5.40   0.000     .2784316    .5501591
             Other services  |    .235082   .0441271    -7.71   0.000     .1627201    .3396235
                             |
                         occ |
       white collar - prof.  |   2.074691   1.209905     1.25   0.211     .6615382    6.506564
white collar - tech. suport  |   3.263579   1.938144     1.99   0.046     1.019038    10.45196
       white collar - other  |   2.997244   1.757754     1.87   0.061     .9495746     9.46052
     blue collar - services  |   4.376564   2.518389     2.57   0.010     1.416869    13.51876
  blue collar - agriculture  |   1.073612   .8670344     0.09   0.930     .2205101    5.227164
     blue collar - artisans  |   7.735025   4.868352     3.25   0.001     2.252804    26.55828
       blue collar - equip.  |   6.153167   4.038519     2.77   0.006     1.699918    22.27252
                  unskilled  |   8.546108   4.956088     3.70   0.000     2.742437    26.63177
                             |
                      parent |   .7490464   .0843871    -2.56   0.010     .6006381    .9341241
                     married |   .6226834   .0757678    -3.89   0.000     .4905615    .7903893
              married_parent |   1.388531    .227342     2.00   0.045     1.007372     1.91391
                    divorced |   .8014317   .1064693    -1.67   0.096     .6177111    1.039795
                     widowed |   1.106637   .3677933     0.30   0.760     .5769075    2.122775
                         age |   .9807886   .0053297    -3.57   0.000     .9703979    .9912905
                     college |   .9182711   .0970553    -0.81   0.420     .7464563    1.129633
                       _cons |   .1713022   .1087179    -2.78   0.005     .0493791    .5942685
----------------------------------------------------------------------------------------------
Note: _cons estimates baseline odds.
(est11 stored)

Logistic regression                                     Number of obs = 19,721
                                                        Wald chi2(24) = 439.48
                                                        Prob > chi2   = 0.0000
Log pseudolikelihood = -1698597                         Pseudo R2     = 0.0764

----------------------------------------------------------------------------------------------
                             |               Robust
                  unemployed | Odds ratio   std. err.      z    P>|z|     [95% conf. interval]
-----------------------------+----------------------------------------------------------------
                         act |
        manufactures, prim.  |    .282629   .0708343    -5.04   0.000     .1729352    .4619024
     extractive and energy.  |   .1964541   .0717037    -4.46   0.000     .0960686    .4017362
         manufactures, sec.  |   .2113429   .0959124    -3.42   0.001     .0868345    .5143789
               construction  |   .2596738   .1086013    -3.22   0.001     .1144029    .5894124
      hospitality and sales  |   .4024661   .0718482    -5.10   0.000     .2836436    .5710653
 Transport, storage and IT.  |    .407599    .105755    -3.46   0.001     .2451217    .6777735
  Financial and prof. serv.  |   .3604529   .0699112    -5.26   0.000     .2464647    .5271598
   Education and healthcare  |   .4336099   .0816694    -4.44   0.000     .2997625    .6272216
             Other services  |   .3302995   .0653636    -5.60   0.000     .2241104    .4868036
                             |
                         occ |
       white collar - prof.  |   .6225536   .2685898    -1.10   0.272     .2672642    1.450149
white collar - tech. suport  |   .8318209   .3621867    -0.42   0.672     .3543272    1.952788
       white collar - other  |    1.17704    .490444     0.39   0.696     .5201353    2.663583
     blue collar - services  |   1.863024   .7704625     1.50   0.132     .8283233    4.190221
  blue collar - agriculture  |   .6691308   .4270767    -0.63   0.529     .1915255    2.337736
     blue collar - artisans  |   3.564275   1.606056     2.82   0.005     1.473742    8.620272
       blue collar - equip.  |   2.419107   1.123168     1.90   0.057     .9737565    6.009795
                  unskilled  |    4.06196   1.660115     3.43   0.001     1.823271    9.049406
                             |
                      parent |   .8296892   .1043644    -1.48   0.138      .648403    1.061661
                     married |   .9065136    .122195    -0.73   0.467     .6960415    1.180629
              married_parent |   1.018257   .1809821     0.10   0.919     .7187321    1.442605
                    divorced |   .8509315   .1158126    -1.19   0.236     .6516963    1.111077
                     widowed |   .7219422   .2850036    -0.83   0.409     .3330203    1.565071
                         age |   .9767753   .0059189    -3.88   0.000     .9652431    .9884453
                     college |   .8774934   .0867532    -1.32   0.186     .7229197    1.065118
                       _cons |   .3080992   .1569186    -2.31   0.021     .1135438    .8360217
----------------------------------------------------------------------------------------------
Note: _cons estimates baseline odds.
(est12 stored)

Logistic regression                                     Number of obs = 19,669
                                                        Wald chi2(24) = 466.71
                                                        Prob > chi2   = 0.0000
Log pseudolikelihood = -1871338.1                       Pseudo R2     = 0.0832

----------------------------------------------------------------------------------------------
                             |               Robust
                  unemployed | Odds ratio   std. err.      z    P>|z|     [95% conf. interval]
-----------------------------+----------------------------------------------------------------
                         act |
        manufactures, prim.  |   .5032727   .1203615    -2.87   0.004     .3149431    .8042196
     extractive and energy.  |   .2721329   .0865197    -4.09   0.000     .1459342    .5074637
         manufactures, sec.  |   .4409233   .1592317    -2.27   0.023     .2172534    .8948689
               construction  |   .5580111    .211533    -1.54   0.124     .2654399    1.173058
      hospitality and sales  |   .6124963   .1032076    -2.91   0.004     .4402236    .8521845
 Transport, storage and IT.  |   .6911409   .1599554    -1.60   0.110     .4391038    1.087842
  Financial and prof. serv.  |   .3678344   .0668493    -5.50   0.000     .2576067    .5252276
   Education and healthcare  |   .4715593   .0827153    -4.29   0.000     .3343712     .665034
             Other services  |   .4143144    .074643    -4.89   0.000     .2910566      .58977
                             |
                         occ |
       white collar - prof.  |   1.630418   .7310562     1.09   0.276     .6770678    3.926138
white collar - tech. suport  |   3.246017   1.469579     2.60   0.009     1.336546    7.883476
       white collar - other  |   3.563121   1.570202     2.88   0.004     1.502179    8.451611
     blue collar - services  |   5.123362   2.270196     3.69   0.000      2.14972    12.21035
  blue collar - agriculture  |   2.154665   1.389122     1.19   0.234     .6089846     7.62348
     blue collar - artisans  |   7.464586   3.686115     4.07   0.000     2.835768    19.64901
       blue collar - equip.  |   7.704036   3.670091     4.29   0.000     3.028435     19.5983
                  unskilled  |    12.1027   5.341119     5.65   0.000     5.096043    28.74295
                             |
                      parent |   .8665266   .0977012    -1.27   0.204     .6947181    1.080825
                     married |   .8562796   .1062001    -1.25   0.211      .671499    1.091908
              married_parent |   .9084648   .1467971    -0.59   0.552     .6618569    1.246959
                    divorced |   .9456717   .1254571    -0.42   0.674     .7291488    1.226492
                     widowed |   .7494986    .317084    -0.68   0.496     .3270847    1.717439
                         age |   .9806645   .0056055    -3.42   0.001     .9697393    .9917128
                     college |   .8780093    .082931    -1.38   0.168     .7296257    1.056569
                       _cons |   .0857695   .0428706    -4.91   0.000     .0322012    .2284513
----------------------------------------------------------------------------------------------
Note: _cons estimates baseline odds.
(est13 stored)

Logistic regression                                     Number of obs = 19,457
                                                        Wald chi2(24) = 370.09
                                                        Prob > chi2   = 0.0000
Log pseudolikelihood = -1616026.5                       Pseudo R2     = 0.0733

----------------------------------------------------------------------------------------------
                             |               Robust
                  unemployed | Odds ratio   std. err.      z    P>|z|     [95% conf. interval]
-----------------------------+----------------------------------------------------------------
                         act |
        manufactures, prim.  |   .3053704   .0825279    -4.39   0.000     .1797982     .518643
     extractive and energy.  |   .3943652   .1302541    -2.82   0.005     .2064225    .7534253
         manufactures, sec.  |   .4850935   .1679313    -2.09   0.037     .2461238    .9560866
               construction  |   .5288265   .2250211    -1.50   0.134     .2296773     1.21761
      hospitality and sales  |   .4522424   .0842731    -4.26   0.000     .3138732    .6516109
 Transport, storage and IT.  |   .5572528   .1404146    -2.32   0.020     .3400709    .9131351
  Financial and prof. serv.  |   .3952281   .0763118    -4.81   0.000     .2707044    .5770326
   Education and healthcare  |   .4625528   .0890588    -4.00   0.000     .3171561     .674605
             Other services  |   .4164518   .0809334    -4.51   0.000     .2845391    .6095194
                             |
                         occ |
       white collar - prof.  |   1.106563   .4457361     0.25   0.802     .5024608    2.436968
white collar - tech. suport  |   1.941114    .788066     1.63   0.102     .8759408    4.301574
       white collar - other  |   2.799151   1.091989     2.64   0.008     1.303048    6.013016
     blue collar - services  |   3.277342   1.255898     3.10   0.002      1.54645    6.945565
  blue collar - agriculture  |   1.510139   .9348987     0.67   0.506     .4488015    5.081358
     blue collar - artisans  |    6.01444    2.67447     4.03   0.000     2.515864    14.37815
       blue collar - equip.  |    3.33746   1.495011     2.69   0.007     1.387144    8.029911
                  unskilled  |   8.277336   3.199065     5.47   0.000     3.880735    17.65498
                             |
                      parent |   1.008469    .115868     0.07   0.941      .805126    1.263169
                     married |   .9179287   .1329706    -0.59   0.554     .6910419    1.219308
              married_parent |     .95963   .1696075    -0.23   0.816     .6786724    1.356899
                    divorced |   1.470699   .2075889     2.73   0.006     1.115262    1.939415
                     widowed |   .4006117   .1976057    -1.85   0.064     .1523562    1.053385
                         age |   .9783224    .006028    -3.56   0.000     .9665787    .9902087
                     college |   .8783357   .0937292    -1.22   0.224      .712569    1.082665
                       _cons |   .1116476   .0503954    -4.86   0.000     .0460929    .2704358
----------------------------------------------------------------------------------------------
Note: _cons estimates baseline odds.
(est14 stored)

Logistic regression                                     Number of obs = 19,170
                                                        Wald chi2(24) = 388.99
                                                        Prob > chi2   = 0.0000
Log pseudolikelihood = -1851264.5                       Pseudo R2     = 0.0597

----------------------------------------------------------------------------------------------
                             |               Robust
                  unemployed | Odds ratio   std. err.      z    P>|z|     [95% conf. interval]
-----------------------------+----------------------------------------------------------------
                         act |
        manufactures, prim.  |   .2687639   .0641193    -5.51   0.000     .1683833     .428986
     extractive and energy.  |   .1969053   .0617054    -5.19   0.000     .1065397     .363918
         manufactures, sec.  |   .1284526    .041574    -6.34   0.000      .068116    .2422347
               construction  |    .401156   .1377142    -2.66   0.008     .2046923    .7861858
      hospitality and sales  |   .3300242   .0594842    -6.15   0.000     .2318055    .4698595
 Transport, storage and IT.  |     .28294   .0695204    -5.14   0.000     .1748026    .4579741
  Financial and prof. serv.  |   .2092789   .0411476    -7.96   0.000     .1423526    .3076702
   Education and healthcare  |   .3681256   .0672343    -5.47   0.000     .2573552    .5265735
             Other services  |   .3258935   .0600925    -6.08   0.000     .2270492    .4677689
                             |
                         occ |
       white collar - prof.  |   1.908297   .7949631     1.55   0.121     .8434322    4.317592
white collar - tech. suport  |   2.512185   1.079805     2.14   0.032     1.081888    5.833391
       white collar - other  |   3.200547   1.336975     2.78   0.005     1.411397    7.257706
     blue collar - services  |   3.611906   1.506025     3.08   0.002     1.595212    8.178138
  blue collar - agriculture  |   1.285263   .7803234     0.41   0.679     .3910217    4.224576
     blue collar - artisans  |   8.030421   3.732044     4.48   0.000     3.229627    19.96753
       blue collar - equip.  |   7.435307   3.367133     4.43   0.000     3.060738    18.06224
                  unskilled  |    7.73902   3.232742     4.90   0.000     3.412889    17.54889
                             |
                      parent |   1.035645   .1149708     0.32   0.752     .8331354    1.287377
                     married |   .9861848   .1179455    -0.12   0.907     .7801112    1.246695
              married_parent |   .8100058   .1285576    -1.33   0.184     .5934612    1.105564
                    divorced |   .9492635   .1273001    -0.39   0.698     .7298559    1.234629
                     widowed |   .6968854   .3098102    -0.81   0.417     .2915733    1.665616
                         age |   .9728219   .0053397    -5.02   0.000     .9624124     .983344
                     college |   .9148272   .0954873    -0.85   0.394     .7455775    1.122497
                       _cons |   .2091227   .1023452    -3.20   0.001     .0801348    .5457348
----------------------------------------------------------------------------------------------
Note: _cons estimates baseline odds.
(est15 stored)

Logistic regression                                     Number of obs = 18,950
                                                        Wald chi2(24) = 465.18
                                                        Prob > chi2   = 0.0000
Log pseudolikelihood = -1830497.8                       Pseudo R2     = 0.0726

----------------------------------------------------------------------------------------------
                             |               Robust
                  unemployed | Odds ratio   std. err.      z    P>|z|     [95% conf. interval]
-----------------------------+----------------------------------------------------------------
                         act |
        manufactures, prim.  |   .3434341   .0900034    -4.08   0.000     .2054802    .5740067
     extractive and energy.  |   .1775797   .0665471    -4.61   0.000     .0851942    .3701492
         manufactures, sec.  |   .2141837   .0748022    -4.41   0.000     .1080214    .4246811
               construction  |    .315737    .118311    -3.08   0.002     .1514846    .6580857
      hospitality and sales  |   .3875589   .0708618    -5.18   0.000     .2708338    .5545907
 Transport, storage and IT.  |   .5405224   .1355794    -2.45   0.014     .3306028    .8837326
  Financial and prof. serv.  |   .3470052   .0669706    -5.48   0.000     .2377156    .5065408
   Education and healthcare  |   .4948057   .0918286    -3.79   0.000     .3439254    .7118772
             Other services  |     .31812   .0614088    -5.93   0.000     .2179103    .4644126
                             |
                         occ |
       white collar - prof.  |   1.949902   .9569087     1.36   0.174     .7452261    5.101965
white collar - tech. suport  |   3.656293   1.814718     2.61   0.009     1.382185    9.671985
       white collar - other  |   4.123839   2.014931     2.90   0.004     1.582704    10.74493
     blue collar - services  |   5.605117   2.711746     3.56   0.000     2.171575    14.46753
  blue collar - agriculture  |    1.06041   .7238368     0.09   0.932     .2782547    4.041148
     blue collar - artisans  |   8.260866   4.550971     3.83   0.000     2.806031    24.31973
       blue collar - equip.  |    7.08001   3.735537     3.71   0.000     2.517243    19.91327
                  unskilled  |    12.7424   6.203013     5.23   0.000     4.907785    33.08392
                             |
                      parent |   .9934535   .1062323    -0.06   0.951     .8056132    1.225092
                     married |   .7475591   .0942218    -2.31   0.021     .5839298    .9570406
              married_parent |   .8897081   .1431284    -0.73   0.468     .6491032    1.219499
                    divorced |   1.004389   .1354711     0.03   0.974      .771068    1.308312
                     widowed |   .6642955   .3238848    -0.84   0.402      .255475    1.727326
                         age |   .9765678   .0051455    -4.50   0.000     .9665347     .986705
                     college |   .8464581   .0899465    -1.57   0.117     .6873136    1.042452
                       _cons |   .1164449   .0629487    -3.98   0.000     .0403619    .3359463
----------------------------------------------------------------------------------------------
Note: _cons estimates baseline odds.
(est16 stored)

. esttab using "prob_unemp_stocks_w.tex", se eform label replace
(file prob_unemp_stocks_w.tex not found)
(output written to prob_unemp_stocks_w.tex)

. esttab using "prob_unemp_stocks_w_margins.tex", se margin mtitles label replace
(file prob_unemp_stocks_w_margins.tex not found)
(output written to prob_unemp_stocks_w_margins.tex)

. log close
