
. * Men
. forvalues i=186/201{ 
  2.         eststo: logistic temporary i.act i.occ public_servant parent married married_parent d
> ivorced    widowed part_time erte age college tenure if ciclo==`i'&mili==0&prime_aged&woman==0 [
> pw=factorel], vce(robust)
  3. }
note: erte != 0 predicts failure perfectly;
      erte omitted and 4 obs not used.


Logistic regression                                    Number of obs =  24,276
                                                       Wald chi2(27) = 2122.05
                                                       Prob > chi2   =  0.0000
Log pseudolikelihood = -2587934.9                      Pseudo R2     =  0.3529

----------------------------------------------------------------------------------------------
                             |               Robust
                   temporary | Odds ratio   std. err.      z    P>|z|     [95% conf. interval]
-----------------------------+----------------------------------------------------------------
                         act |
        manufactures, prim.  |   .2494042   .0443369    -7.81   0.000     .1760291    .3533647
     extractive and energy.  |   .2415985   .0410623    -8.36   0.000     .1731503    .3371052
         manufactures, sec.  |   .3384287   .0588347    -6.23   0.000      .240707    .4758232
               construction  |   .4572144   .0766467    -4.67   0.000     .3291743    .6350588
      hospitality and sales  |   .1920802   .0306675   -10.33   0.000     .1404688    .2626547
 Transport, storage and IT.  |    .187123   .0311697   -10.06   0.000     .1350019    .2593669
  Financial and prof. serv.  |   .2206254   .0368926    -9.04   0.000     .1589715    .3061906
   Education and healthcare  |   .4095012   .0775149    -4.72   0.000     .2825729    .5934443
             Other services  |   .2631278   .0501265    -7.01   0.000     .1811385    .3822281
                             |
                         occ |
       white collar - prof.  |   3.643891   .7224325     6.52   0.000     2.470628    5.374318
white collar - tech. suport  |   4.188052   .8237197     7.28   0.000      2.84836    6.157851
       white collar - other  |   4.846398   1.015922     7.53   0.000     3.213562     7.30889
     blue collar - services  |   3.977316   .7849776     7.00   0.000     2.701431    5.855801
  blue collar - agriculture  |   1.821609   .5195005     2.10   0.035     1.041605    3.185718
     blue collar - artisans  |   6.354071   1.222644     9.61   0.000     4.357773    9.264873
       blue collar - equip.  |   7.265122   1.424317    10.12   0.000     4.947275     10.6689
                  unskilled  |   15.21457   3.009649    13.76   0.000     10.32477    22.42017
                             |
              public_servant |   7.179165   .9388571    15.07   0.000     5.555943    9.276625
                      parent |   .7273785   .0667226    -3.47   0.001     .6076865    .8706454
                     married |   .7368863    .062017    -3.63   0.000     .6248311    .8690371
              married_parent |   1.238533   .1497938     1.77   0.077     .9771456    1.569841
                    divorced |   .6887612   .0813473    -3.16   0.002      .546432    .8681629
                     widowed |   .8724671   .4879826    -0.24   0.807     .2915148    2.611184
                   part_time |   2.734594    .243378    11.30   0.000     2.296869    3.255739
                        erte |          1  (omitted)
                         age |   .9973644   .0036085    -0.73   0.466      .990317    1.004462
                     college |   .8158658   .0508895    -3.26   0.001       .72198    .9219604
                      tenure |   .9757841   .0009002   -26.57   0.000     .9740213    .9775501
                       _cons |   .8117025    .216325    -0.78   0.434     .4814433    1.368512
----------------------------------------------------------------------------------------------
Note: _cons estimates baseline odds.
(est1 stored)
note: erte != 0 predicts failure perfectly;
      erte omitted and 2 obs not used.


Logistic regression                                    Number of obs =  24,161
                                                       Wald chi2(27) = 2019.41
                                                       Prob > chi2   =  0.0000
Log pseudolikelihood = -2634446.9                      Pseudo R2     =  0.3454

----------------------------------------------------------------------------------------------
                             |               Robust
                   temporary | Odds ratio   std. err.      z    P>|z|     [95% conf. interval]
-----------------------------+----------------------------------------------------------------
                         act |
        manufactures, prim.  |   .2781237   .0442173    -8.05   0.000     .2036621    .3798093
     extractive and energy.  |   .3022105   .0462895    -7.81   0.000     .2238367     .408026
         manufactures, sec.  |   .3724736   .0582246    -6.32   0.000     .2741806    .5060043
               construction  |   .5538126   .0813407    -4.02   0.000     .4152824    .7385539
      hospitality and sales  |   .2326603   .0326509   -10.39   0.000     .1767123    .3063216
 Transport, storage and IT.  |   .2170362   .0323529   -10.25   0.000      .162049     .290682
  Financial and prof. serv.  |    .267459   .0402247    -8.77   0.000     .1991774    .3591488
   Education and healthcare  |   .4616096   .0793027    -4.50   0.000     .3296414    .6464098
             Other services  |   .4081476    .069327    -5.28   0.000     .2925729    .5693777
                             |
                         occ |
       white collar - prof.  |   3.196255   .7043479     5.27   0.000     2.075224    4.922864
white collar - tech. suport  |   3.810782   .8377499     6.09   0.000     2.476788    5.863265
       white collar - other  |   4.753089   1.098211     6.75   0.000     3.022067    7.475631
     blue collar - services  |    3.92727   .8724855     6.16   0.000     2.540897    6.070079
  blue collar - agriculture  |   1.853166   .5221664     2.19   0.029     1.066772    3.219269
     blue collar - artisans  |   6.102571   1.315022     8.39   0.000     4.000279    9.309693
       blue collar - equip.  |   7.215373   1.585044     9.00   0.000     4.691052    11.09807
                  unskilled  |   14.41105   3.166603    12.14   0.000     9.368229    22.16838
                             |
              public_servant |   7.017974   .9079282    15.06   0.000     5.446158    9.043431
                      parent |   .7763444   .0703587    -2.79   0.005     .6499974    .9272509
                     married |   .7443903   .0613763    -3.58   0.000     .6333118    .8749512
              married_parent |   1.242163   .1483399     1.82   0.069     .9829416    1.569747
                    divorced |   .7906407   .0963986    -1.93   0.054     .6225821    1.004065
                     widowed |   1.363254   .5830028     0.72   0.469     .5895982    3.152083
                   part_time |   3.131027   .2710038    13.19   0.000      2.64248    3.709898
                        erte |          1  (omitted)
                         age |   .9972226    .003584    -0.77   0.439     .9902228    1.004272
                     college |   .8302572   .0522543    -2.96   0.003     .7339056    .9392585
                      tenure |   .9760891   .0008328   -28.37   0.000     .9744582    .9777226
                       _cons |   .6673238   .1809569    -1.49   0.136     .3922093    1.135417
----------------------------------------------------------------------------------------------
Note: _cons estimates baseline odds.
(est2 stored)
note: erte omitted because of collinearity.

Logistic regression                                    Number of obs =  23,923
                                                       Wald chi2(27) = 1812.60
                                                       Prob > chi2   =  0.0000
Log pseudolikelihood = -2656293.8                      Pseudo R2     =  0.3391

----------------------------------------------------------------------------------------------
                             |               Robust
                   temporary | Odds ratio   std. err.      z    P>|z|     [95% conf. interval]
-----------------------------+----------------------------------------------------------------
                         act |
        manufactures, prim.  |   .3634343   .0613523    -6.00   0.000     .2610551    .5059639
     extractive and energy.  |    .407747   .0642909    -5.69   0.000     .2993498    .5553958
         manufactures, sec.  |   .4446266   .0739723    -4.87   0.000     .3209087    .6160408
               construction  |   .6956441   .1085018    -2.33   0.020     .5124159    .9443906
      hospitality and sales  |   .3243126   .0482954    -7.56   0.000     .2422179    .4342316
 Transport, storage and IT.  |   .2885241   .0450121    -7.97   0.000     .2125141    .3917206
  Financial and prof. serv.  |   .3703234   .0584499    -6.29   0.000     .2717891    .5045803
   Education and healthcare  |   .5816065   .1035566    -3.04   0.002     .4102707     .824495
             Other services  |   .5260414    .093694    -3.61   0.000     .3710318    .7458109
                             |
                         occ |
       white collar - prof.  |    2.70098   .5934136     4.52   0.000     1.755941    4.154636
white collar - tech. suport  |   2.668207   .5865899     4.46   0.000     1.734155    4.105361
       white collar - other  |   3.905752     .90572     5.88   0.000     2.479227    6.153088
     blue collar - services  |   3.930626   .8653359     6.22   0.000     2.553101    6.051397
  blue collar - agriculture  |    1.85974   .5221297     2.21   0.027     1.072689    3.224264
     blue collar - artisans  |   5.180586   1.118532     7.62   0.000     3.393105    7.909709
       blue collar - equip.  |    5.78783   1.270349     8.00   0.000     3.764339    8.899033
                  unskilled  |   11.41556   2.524082    11.01   0.000     7.400973    17.60781
                             |
              public_servant |   6.468987      .8486    14.23   0.000     5.002371    8.365592
                      parent |   .7951783   .0710603    -2.56   0.010     .6674177    .9473955
                     married |   .7570695   .0629863    -3.35   0.001     .6431582    .8911558
              married_parent |   1.182213   .1421093     1.39   0.164     .9340626    1.496289
                    divorced |   .7713568   .0937866    -2.14   0.033        .6078    .9789262
                     widowed |   1.875824   .9252839     1.28   0.202     .7133811    4.932449
                   part_time |   2.485735   .2250555    10.06   0.000     2.081556    2.968394
                        erte |          1  (omitted)
                         age |   .9958315   .0035298    -1.18   0.239     .9889371    1.002774
                     college |   .8660727   .0547059    -2.28   0.023     .7652227     .980214
                      tenure |    .974827   .0009035   -27.51   0.000     .9730578    .9765994
                       _cons |   .6831767   .1900787    -1.37   0.171     .3960091    1.178585
----------------------------------------------------------------------------------------------
Note: _cons estimates baseline odds.
(est3 stored)

Logistic regression                                    Number of obs =  23,654
                                                       Wald chi2(28) = 1905.89
                                                       Prob > chi2   =  0.0000
Log pseudolikelihood = -2535722.6                      Pseudo R2     =  0.3606

----------------------------------------------------------------------------------------------
                             |               Robust
                   temporary | Odds ratio   std. err.      z    P>|z|     [95% conf. interval]
-----------------------------+----------------------------------------------------------------
                         act |
        manufactures, prim.  |   .3141306   .0558281    -6.52   0.000     .2217341    .4450286
     extractive and energy.  |   .3233889   .0560776    -6.51   0.000     .2302087    .4542852
         manufactures, sec.  |   .3654538   .0651463    -5.65   0.000     .2576891    .5182852
               construction  |   .5277354    .088121    -3.83   0.000     .3804372    .7320646
      hospitality and sales  |   .2431085   .0393532    -8.74   0.000     .1770157    .3338786
 Transport, storage and IT.  |   .2000118   .0339787    -9.47   0.000     .1433675    .2790362
  Financial and prof. serv.  |   .2530975    .043545    -7.99   0.000     .1806508    .3545976
   Education and healthcare  |   .4763901   .0896993    -3.94   0.000     .3293747    .6890253
             Other services  |   .3123063   .0603384    -6.02   0.000     .2138584    .4560739
                             |
                         occ |
       white collar - prof.  |   2.966236      .7058     4.57   0.000     1.860659     4.72873
white collar - tech. suport  |   2.697266   .6419004     4.17   0.000     1.691817    4.300256
       white collar - other  |   4.185015   1.040214     5.76   0.000     2.571135    6.811912
     blue collar - services  |   3.307927   .7955052     4.97   0.000     2.064692    5.299766
  blue collar - agriculture  |   1.416019   .4392671     1.12   0.262     .7709309    2.600893
     blue collar - artisans  |   5.253698   1.227447     7.10   0.000     3.323493     8.30492
       blue collar - equip.  |   5.996806   1.426753     7.53   0.000     3.761865    9.559537
                  unskilled  |   12.55095   2.997373    10.59   0.000     7.859515    20.04276
                             |
              public_servant |   6.123029   .7898239    14.05   0.000     4.755189     7.88433
                      parent |   .6688189   .0626025    -4.30   0.000     .5567173    .8034935
                     married |    .705062   .0608281    -4.05   0.000     .5953759    .8349556
              married_parent |   1.429407   .1773922     2.88   0.004     1.120779    1.823021
                    divorced |    .747515   .0936309    -2.32   0.020     .5847923    .9555164
                     widowed |   2.424081    1.69916     1.26   0.207     .6136171    9.576282
                   part_time |   2.773858   .2435806    11.62   0.000     2.335273    3.294812
                        erte |   10.34359   11.59747     2.08   0.037     1.148905    93.12326
                         age |   1.001945   .0037024     0.53   0.599     .9947147    1.009228
                     college |   .8624876   .0553235    -2.31   0.021     .7605948    .9780306
                      tenure |    .973241   .0010114   -26.10   0.000     .9712608    .9752253
                       _cons |   .7352526   .2230553    -1.01   0.311     .4057005    1.332501
----------------------------------------------------------------------------------------------
Note: _cons estimates baseline odds.
(est4 stored)

Logistic regression                                    Number of obs =  22,618
                                                       Wald chi2(28) = 1836.29
                                                       Prob > chi2   =  0.0000
Log pseudolikelihood = -2445857.1                      Pseudo R2     =  0.3577

----------------------------------------------------------------------------------------------
                             |               Robust
                   temporary | Odds ratio   std. err.      z    P>|z|     [95% conf. interval]
-----------------------------+----------------------------------------------------------------
                         act |
        manufactures, prim.  |   .3198599   .0556299    -6.55   0.000     .2274673    .4497804
     extractive and energy.  |   .3295199   .0552176    -6.62   0.000     .2372716    .4576331
         manufactures, sec.  |   .3512445   .0610036    -6.02   0.000     .2499045    .4936793
               construction  |   .5158518   .0836881    -4.08   0.000     .3753463    .7089535
      hospitality and sales  |   .2470716   .0389769    -8.86   0.000     .1813598    .3365926
 Transport, storage and IT.  |   .1945575   .0323184    -9.85   0.000     .1404924    .2694282
  Financial and prof. serv.  |   .2744841   .0458111    -7.75   0.000     .1979032     .380699
   Education and healthcare  |   .4347378   .0800782    -4.52   0.000     .3029961    .6237604
             Other services  |   .3613392   .0712781    -5.16   0.000     .2454745    .5318924
                             |
                         occ |
       white collar - prof.  |   4.097762   .9379839     6.16   0.000     2.616408    6.417828
white collar - tech. suport  |   4.036424   .9188929     6.13   0.000     2.583572    6.306277
       white collar - other  |   5.992995     1.4319     7.49   0.000     3.752038    9.572394
     blue collar - services  |    4.53465   1.036387     6.61   0.000     2.897363    7.097159
  blue collar - agriculture  |     2.1955     .63619     2.71   0.007     1.244173    3.874237
     blue collar - artisans  |   7.601943   1.688636     9.13   0.000     4.918644    11.74908
       blue collar - equip.  |     8.0769   1.832271     9.21   0.000      5.17782    12.59919
                  unskilled  |   17.05591    3.86335    12.52   0.000     10.94129    26.58773
                             |
              public_servant |   7.341355   .9830381    14.89   0.000     5.646726    9.544554
                      parent |   .6905411    .066255    -3.86   0.000     .5721629    .8334112
                     married |   .8732757   .0801616    -1.48   0.140     .7294845     1.04541
              married_parent |   1.206498   .1563704     1.45   0.148     .9358477    1.555422
                    divorced |   .9755375   .1299209    -0.19   0.852     .7514187    1.266502
                     widowed |   1.411023   .7518785     0.65   0.518     .4965495    4.009644
                   part_time |   2.862502   .2805911    10.73   0.000     2.362155    3.468831
                        erte |   .7673148   .1926406    -1.05   0.291     .4691076    1.255089
                         age |   .9976526   .0038644    -0.61   0.544     .9901073    1.005255
                     college |   .8044475   .0543145    -3.22   0.001     .7047361    .9182669
                      tenure |   .9738213   .0009784   -26.40   0.000     .9719057    .9757408
                       _cons |   .5386129   .1555251    -2.14   0.032     .3058379    .9485543
----------------------------------------------------------------------------------------------
Note: _cons estimates baseline odds.
(est5 stored)

Logistic regression                                    Number of obs =  20,488
                                                       Wald chi2(28) = 1562.53
                                                       Prob > chi2   =  0.0000
Log pseudolikelihood = -2175054.4                      Pseudo R2     =  0.3492

----------------------------------------------------------------------------------------------
                             |               Robust
                   temporary | Odds ratio   std. err.      z    P>|z|     [95% conf. interval]
-----------------------------+----------------------------------------------------------------
                         act |
        manufactures, prim.  |   .3526872   .0665182    -5.53   0.000     .2436968    .5104222
     extractive and energy.  |   .2810178   .0519812    -6.86   0.000     .1955613    .4038171
         manufactures, sec.  |   .2592793    .049786    -7.03   0.000     .1779602    .3777573
               construction  |   .4790258   .0857092    -4.11   0.000     .3373328    .6802355
      hospitality and sales  |   .2051266   .0354922    -9.16   0.000     .1461309    .2879398
 Transport, storage and IT.  |   .1876334   .0342998    -9.15   0.000      .131132    .2684797
  Financial and prof. serv.  |   .2591159   .0469406    -7.45   0.000     .1816742    .3695687
   Education and healthcare  |   .4799731    .094721    -3.72   0.000     .3260133    .7066405
             Other services  |   .2545305   .0568926    -6.12   0.000     .1642402    .3944574
                             |
                         occ |
       white collar - prof.  |   3.261642   .7258084     5.31   0.000     2.108724    5.044904
white collar - tech. suport  |   2.911111   .6525563     4.77   0.000     1.876087    4.517151
       white collar - other  |   4.846983   1.139928     6.71   0.000     3.056914    7.685279
     blue collar - services  |   3.112012   .7022072     5.03   0.000     1.999736    4.842949
  blue collar - agriculture  |   1.804205   .5281094     2.02   0.044     1.016554    3.202147
     blue collar - artisans  |   5.990478   1.291067     8.31   0.000     3.926545    9.139288
       blue collar - equip.  |   6.526805   1.439874     8.50   0.000     4.235627    10.05735
                  unskilled  |   13.62897   3.017668    11.80   0.000     8.830672    21.03451
                             |
              public_servant |   7.388992   1.013537    14.58   0.000     5.647122    9.668147
                      parent |   .8144617    .084884    -1.97   0.049      .663984    .9990418
                     married |   .9086551    .089651    -0.97   0.332     .7488876    1.102507
              married_parent |   .9406622   .1332016    -0.43   0.666     .7126891    1.241559
                    divorced |   .9717129   .1417375    -0.20   0.844     .7300939    1.293294
                     widowed |   .9271526   .5692938    -0.12   0.902     .2782872    3.088938
                   part_time |   2.437326   .2599776     8.35   0.000     1.977516     3.00405
                        erte |   1.265912   .1224397     2.44   0.015     1.047309    1.530144
                         age |   1.001621   .0042006     0.39   0.699      .993422    1.009888
                     college |   .8422595   .0627278    -2.31   0.021     .7278672    .9746298
                      tenure |   .9752705   .0010302   -23.70   0.000     .9732533    .9772918
                       _cons |   .5245387   .1530583    -2.21   0.027      .296074    .9292975
----------------------------------------------------------------------------------------------
Note: _cons estimates baseline odds.
(est6 stored)

Logistic regression                                    Number of obs =  20,746
                                                       Wald chi2(28) = 1520.90
                                                       Prob > chi2   =  0.0000
Log pseudolikelihood = -2310864.3                      Pseudo R2     =  0.3604

----------------------------------------------------------------------------------------------
                             |               Robust
                   temporary | Odds ratio   std. err.      z    P>|z|     [95% conf. interval]
-----------------------------+----------------------------------------------------------------
                         act |
        manufactures, prim.  |   .4328679   .0799764    -4.53   0.000     .3013615    .6217602
     extractive and energy.  |    .443077    .077753    -4.64   0.000     .3141281    .6249591
         manufactures, sec.  |   .4717394   .0849002    -4.17   0.000     .3315195    .6712668
               construction  |   .8631319   .1455217    -0.87   0.383     .6202502    1.201123
      hospitality and sales  |    .364705    .058932    -6.24   0.000     .2657038    .5005941
 Transport, storage and IT.  |   .3148484   .0545067    -6.68   0.000     .2242545    .4420404
  Financial and prof. serv.  |   .4188692   .0711725    -5.12   0.000     .3002243    .5844013
   Education and healthcare  |   .6593048   .1234751    -2.22   0.026     .4567437    .9516996
             Other services  |   .4751389   .1035208    -3.42   0.001     .3100025    .7282425
                             |
                         occ |
       white collar - prof.  |   2.460519   .5698251     3.89   0.000     1.562785    3.873952
white collar - tech. suport  |   2.029458   .4786358     3.00   0.003     1.278289     3.22204
       white collar - other  |   3.629989    .889008     5.26   0.000     2.246159     5.86638
     blue collar - services  |    2.93057   .6894584     4.57   0.000      1.84797    4.647393
  blue collar - agriculture  |   1.712552   .5274739     1.75   0.081     .9364177    3.131971
     blue collar - artisans  |    4.42482    1.00881     6.52   0.000     2.830291    6.917673
       blue collar - equip.  |   4.846216   1.138572     6.72   0.000     3.057884     7.68041
                  unskilled  |   10.72361   2.518783    10.10   0.000       6.7672    16.99311
                             |
              public_servant |   7.216613   .9909302    14.39   0.000     5.513824     9.44526
                      parent |   .7839589   .0773917    -2.47   0.014     .6460459    .9513124
                     married |   .8192514   .0808292    -2.02   0.043      .675205    .9940282
              married_parent |   1.049005   .1444289     0.35   0.728     .8009083    1.373955
                    divorced |   .9817425   .1278423    -0.14   0.887     .7605965    1.267188
                     widowed |   1.765528   .9564888     1.05   0.294     .6105613    5.105283
                   part_time |    2.60338   .2609531     9.55   0.000     2.139027    3.168537
                        erte |   .4198588   .1269439    -2.87   0.004     .2321365    .7593871
                         age |   .9987209   .0040293    -0.32   0.751     .9908547    1.006649
                     college |   .8655269   .0632961    -1.97   0.048     .7499495    .9989163
                      tenure |   .9733749   .0010725   -24.49   0.000     .9712751    .9754792
                       _cons |   .5964107   .1785985    -1.73   0.084     .3316259    1.072612
----------------------------------------------------------------------------------------------
Note: _cons estimates baseline odds.
(est7 stored)

Logistic regression                                    Number of obs =  20,992
                                                       Wald chi2(28) = 1589.09
                                                       Prob > chi2   =  0.0000
Log pseudolikelihood = -2310690.4                      Pseudo R2     =  0.3722

----------------------------------------------------------------------------------------------
                             |               Robust
                   temporary | Odds ratio   std. err.      z    P>|z|     [95% conf. interval]
-----------------------------+----------------------------------------------------------------
                         act |
        manufactures, prim.  |   .3130037   .0575436    -6.32   0.000     .2183041    .4487838
     extractive and energy.  |   .3233017   .0553431    -6.60   0.000     .2311525    .4521863
         manufactures, sec.  |   .3367047   .0599342    -6.12   0.000     .2375381    .4772709
               construction  |   .6097072   .1014466    -2.97   0.003     .4400413    .8447908
      hospitality and sales  |    .263883   .0417441    -8.42   0.000     .1935345    .3598028
 Transport, storage and IT.  |   .2583294   .0443593    -7.88   0.000     .1845053    .3616919
  Financial and prof. serv.  |   .3523404   .0596134    -6.17   0.000      .252898    .4908847
   Education and healthcare  |   .6048588   .1138337    -2.67   0.008     .4182722    .8746797
             Other services  |   .3300625   .0709645    -5.16   0.000     .2165635    .5030454
                             |
                         occ |
       white collar - prof.  |   3.367384   .9503305     4.30   0.000     1.936733    5.854847
white collar - tech. suport  |   2.830931   .8097109     3.64   0.000     1.616093     4.95898
       white collar - other  |   3.698794   1.102141     4.39   0.000     2.062648    6.632774
     blue collar - services  |   3.070225    .866498     3.97   0.000     1.765789    5.338283
  blue collar - agriculture  |   1.516724    .538565     1.17   0.241     .7562377     3.04197
     blue collar - artisans  |   5.374638   1.494233     6.05   0.000      3.11675    9.268224
       blue collar - equip.  |    6.57132   1.881527     6.58   0.000     3.749153    11.51787
                  unskilled  |   13.16201   3.716483     9.13   0.000     7.567864    22.89134
                             |
              public_servant |    7.77855   1.140511    13.99   0.000     5.835704    10.36821
                      parent |   .7751004   .0829528    -2.38   0.017     .6284354    .9559942
                     married |   .9123324   .0861806    -0.97   0.331     .7581358    1.097891
              married_parent |   1.017514   .1441357     0.12   0.902      .770839    1.343127
                    divorced |   .9678759   .1370187    -0.23   0.818     .7333615    1.277383
                     widowed |   1.677235   1.097848     0.79   0.429     .4649789    6.049992
                   part_time |   2.845017   .3013645     9.87   0.000     2.311637    3.501469
                        erte |   .9891732   .2530847    -0.04   0.966     .5990849    1.633264
                         age |   .9967596   .0041146    -0.79   0.432     .9887276    1.004857
                     college |   .7519913    .056903    -3.77   0.000     .6483396     .872214
                      tenure |   .9734061   .0010838   -24.21   0.000     .9712843    .9755326
                       _cons |   .6684052   .2299505    -1.17   0.242     .3405667     1.31183
----------------------------------------------------------------------------------------------
Note: _cons estimates baseline odds.
(est8 stored)

Logistic regression                                    Number of obs =  20,003
                                                       Wald chi2(28) = 1474.12
                                                       Prob > chi2   =  0.0000
Log pseudolikelihood = -2271792.5                      Pseudo R2     =  0.3618

----------------------------------------------------------------------------------------------
                             |               Robust
                   temporary | Odds ratio   std. err.      z    P>|z|     [95% conf. interval]
-----------------------------+----------------------------------------------------------------
                         act |
        manufactures, prim.  |    .277368   .0552619    -6.44   0.000     .1877007    .4098707
     extractive and energy.  |   .2577346   .0489689    -7.14   0.000     .1776016    .3740233
         manufactures, sec.  |   .3623301   .0745166    -4.94   0.000      .242129    .5422032
               construction  |   .4900815   .0909639    -3.84   0.000     .3406254    .7051143
      hospitality and sales  |   .2027312    .036532    -8.86   0.000     .1424081    .2886067
 Transport, storage and IT.  |   .2204718   .0415062    -8.03   0.000     .1524422    .3188606
  Financial and prof. serv.  |   .2440687   .0463943    -7.42   0.000     .1681551    .3542537
   Education and healthcare  |   .4767425   .1000473    -3.53   0.000      .315976     .719306
             Other services  |   .3018534   .0728076    -4.97   0.000     .1881415    .4842921
                             |
                         occ |
       white collar - prof.  |   3.860881   .8855199     5.89   0.000      2.46296     6.05223
white collar - tech. suport  |   4.026699   .9364214     5.99   0.000     2.552699    6.351829
       white collar - other  |   5.023008   1.229909     6.59   0.000     3.108443      8.1168
     blue collar - services  |   3.737133   .8809065     5.59   0.000     2.354484     5.93173
  blue collar - agriculture  |     2.8514   .9047076     3.30   0.001     1.531032    5.310458
     blue collar - artisans  |   6.569074   1.486176     8.32   0.000     4.216283    10.23478
       blue collar - equip.  |   8.287495   1.926272     9.10   0.000     5.255058     13.0698
                  unskilled  |   15.33662   3.543158    11.82   0.000     9.751695    24.12012
                             |
              public_servant |   6.794889   1.012948    12.85   0.000     5.073287     9.10071
                      parent |   .8731982   .0987924    -1.20   0.231     .6995345    1.089975
                     married |   .8692033   .0853027    -1.43   0.153     .7171093    1.053555
              married_parent |   .9322377   .1394335    -0.47   0.639     .6953663    1.249798
                    divorced |   1.080649   .1601395     0.52   0.601     .8082518     1.44485
                     widowed |   1.260935   .8896798     0.33   0.742     .3163072    5.026623
                   part_time |   2.521796   .2780682     8.39   0.000     2.031662    3.130175
                        erte |   1.201883   .4281666     0.52   0.606     .5978947    2.416016
                         age |   .9948801   .0043395    -1.18   0.239     .9864111    1.003422
                     college |   .8351851   .0648072    -2.32   0.020     .7173526    .9723728
                      tenure |   .9747606   .0011011   -22.63   0.000      .972605    .9769211
                       _cons |   .6399313   .1957467    -1.46   0.144     .3513678     1.16548
----------------------------------------------------------------------------------------------
Note: _cons estimates baseline odds.
(est9 stored)

Logistic regression                                    Number of obs =  19,635
                                                       Wald chi2(28) = 1437.35
                                                       Prob > chi2   =  0.0000
Log pseudolikelihood = -2269058.4                      Pseudo R2     =  0.3830

----------------------------------------------------------------------------------------------
                             |               Robust
                   temporary | Odds ratio   std. err.      z    P>|z|     [95% conf. interval]
-----------------------------+----------------------------------------------------------------
                         act |
        manufactures, prim.  |   .5748608   .1234933    -2.58   0.010     .3773159    .8758311
     extractive and energy.  |   .5102385   .1012723    -3.39   0.001     .3458011      .75287
         manufactures, sec.  |   .6378854   .1352621    -2.12   0.034     .4209664    .9665804
               construction  |   1.001151   .1953342     0.01   0.995     .6830017    1.467496
      hospitality and sales  |   .3946551   .0742305    -4.94   0.000     .2729704    .5705843
 Transport, storage and IT.  |   .3327115   .0656423    -5.58   0.000     .2260113     .489785
  Financial and prof. serv.  |    .410606   .0789678    -4.63   0.000      .281658    .5985887
   Education and healthcare  |   .9314549   .2111154    -0.31   0.754     .5973597    1.452405
             Other services  |   .6366985   .1837419    -1.56   0.118     .3616509    1.120929
                             |
                         occ |
       white collar - prof.  |   3.498604   .7511358     5.83   0.000     2.296918    5.328982
white collar - tech. suport  |   2.958089   .6450279     4.97   0.000      1.92931    4.535451
       white collar - other  |   4.989117   1.154458     6.95   0.000     3.170003    7.852133
     blue collar - services  |   3.071838   .6771002     5.09   0.000     1.994228    4.731749
  blue collar - agriculture  |   3.284905    1.30342     3.00   0.003     1.509294    7.149436
     blue collar - artisans  |   4.460896   .9453604     7.06   0.000     2.944652    6.757874
       blue collar - equip.  |   6.982553    1.50591     9.01   0.000     4.575491    10.65591
                  unskilled  |   14.27232   3.113966    12.18   0.000     9.306316    21.88828
                             |
              public_servant |   7.263256   1.155935    12.46   0.000     5.316968    9.921986
                      parent |   .8959543    .102426    -0.96   0.337     .7161038    1.120974
                     married |    .798915   .0879051    -2.04   0.041     .6439356    .9911943
              married_parent |   .9334183   .1457539    -0.44   0.659     .6873226    1.267629
                    divorced |   .8527628   .1302813    -1.04   0.297     .6320995    1.150459
                     widowed |   1.515655   .8303567     0.76   0.448     .5179251    4.435412
                   part_time |   2.572785   .2769807     8.78   0.000     2.083362    3.177182
                        erte |   .9971638   .4411215    -0.01   0.995     .4190012    2.373109
                         age |   .9933282   .0043862    -1.52   0.130     .9847686    1.001962
                     college |   .7235725   .0571528    -4.10   0.000     .6197952    .8447261
                      tenure |   .9714994   .0012007   -23.39   0.000     .9691489    .9738556
                       _cons |   .5564619   .1689316    -1.93   0.054     .3069208    1.008892
----------------------------------------------------------------------------------------------
Note: _cons estimates baseline odds.
(est10 stored)
note: erte != 0 predicts failure perfectly;
      erte omitted and 47 obs not used.


Logistic regression                                    Number of obs =  18,835
                                                       Wald chi2(27) = 1236.70
                                                       Prob > chi2   =  0.0000
Log pseudolikelihood = -2353043.7                      Pseudo R2     =  0.3682

----------------------------------------------------------------------------------------------
                             |               Robust
                   temporary | Odds ratio   std. err.      z    P>|z|     [95% conf. interval]
-----------------------------+----------------------------------------------------------------
                         act |
        manufactures, prim.  |   .9175035   .1866557    -0.42   0.672      .615801    1.367021
     extractive and energy.  |   .8853855   .1724496    -0.62   0.532      .604423    1.296952
         manufactures, sec.  |   .7113798   .1510432    -1.60   0.109     .4692138     1.07853
               construction  |   1.457422   .2855159     1.92   0.055     .9927294    2.139635
      hospitality and sales  |   .6201643   .1139593    -2.60   0.009     .4326064    .8890387
 Transport, storage and IT.  |   .6076172   .1152275    -2.63   0.009     .4189958    .8811512
  Financial and prof. serv.  |   .6013773   .1144882    -2.67   0.008     .4140932    .8733653
   Education and healthcare  |   1.081981   .2469086     0.35   0.730     .6917914    1.692249
             Other services  |    1.16697   .2954604     0.61   0.542     .7104729    1.916779
                             |
                         occ |
       white collar - prof.  |   3.252425   .7716549     4.97   0.000     2.042938    5.177968
white collar - tech. suport  |    2.75461   .6537617     4.27   0.000     1.729981    4.386104
       white collar - other  |   4.745591   1.211377     6.10   0.000     2.877461    7.826565
     blue collar - services  |   4.433108   1.072716     6.15   0.000       2.7589     7.12329
  blue collar - agriculture  |   4.464484   1.634809     4.09   0.000     2.178099    9.150926
     blue collar - artisans  |    4.69295   1.099106     6.60   0.000     2.965455    7.426777
       blue collar - equip.  |    6.62995   1.557943     8.05   0.000     4.183022    10.50825
                  unskilled  |   14.55991   3.481576    11.20   0.000     9.112105    23.26476
                             |
              public_servant |   7.851535   1.342427    12.05   0.000     5.615899    10.97716
                      parent |    1.01637   .1128939     0.15   0.884     .8175304     1.26357
                     married |   .9242804   .1016655    -0.72   0.474     .7450347     1.14665
              married_parent |   .7775895   .1202655    -1.63   0.104     .5742482    1.052934
                    divorced |   .9392493   .1339185    -0.44   0.660     .7102582    1.242068
                     widowed |   .9027457   .4848692    -0.19   0.849      .315051    2.586724
                   part_time |   2.053296   .2412073     6.12   0.000     1.631016    2.584907
                        erte |          1  (omitted)
                         age |   .9884342   .0045706    -2.52   0.012     .9795166    .9974331
                     college |   .7318829   .0575785    -3.97   0.000     .6273011    .8539002
                      tenure |    .972264   .0012323   -22.19   0.000     .9698518    .9746821
                       _cons |   .4135301   .1341006    -2.72   0.006     .2190168    .7807949
----------------------------------------------------------------------------------------------
Note: _cons estimates baseline odds.
(est11 stored)
note: erte != 0 predicts failure perfectly;
      erte omitted and 31 obs not used.


Logistic regression                                    Number of obs =  18,828
                                                       Wald chi2(27) = 1340.73
                                                       Prob > chi2   =  0.0000
Log pseudolikelihood = -2332836.1                      Pseudo R2     =  0.3750

----------------------------------------------------------------------------------------------
                             |               Robust
                   temporary | Odds ratio   std. err.      z    P>|z|     [95% conf. interval]
-----------------------------+----------------------------------------------------------------
                         act |
        manufactures, prim.  |    .358575   .0767036    -4.79   0.000      .235775    .5453338
     extractive and energy.  |   .4084623   .0813131    -4.50   0.000     .2765045    .6033949
         manufactures, sec.  |   .4040495   .0844483    -4.34   0.000     .2682436    .6086111
               construction  |   .5881512   .1157166    -2.70   0.007     .3999615    .8648877
      hospitality and sales  |   .3029133   .0570275    -6.34   0.000     .2094441    .4380953
 Transport, storage and IT.  |   .2922352   .0573936    -6.26   0.000      .198866    .4294421
  Financial and prof. serv.  |   .2928775   .0590196    -6.09   0.000     .1973127    .4347274
   Education and healthcare  |   .6208901   .1390827    -2.13   0.033     .4002589    .9631377
             Other services  |   .4050507     .09569    -3.83   0.000     .2549293    .6435746
                             |
                         occ |
       white collar - prof.  |   2.678231   .7493613     3.52   0.000     1.547692    4.634595
white collar - tech. suport  |    2.58981    .729745     3.38   0.001     1.490803    4.498996
       white collar - other  |   5.119872   1.514609     5.52   0.000     2.867138    9.142596
     blue collar - services  |   3.678501   1.050181     4.56   0.000     2.102132    6.436975
  blue collar - agriculture  |    1.61038   .6051108     1.27   0.205     .7710527    3.363357
     blue collar - artisans  |   4.617524   1.293497     5.46   0.000     2.666637    7.995661
       blue collar - equip.  |   7.433048   2.136171     6.98   0.000      4.23196    13.05547
                  unskilled  |   14.49002    4.14289     9.35   0.000     8.273687    25.37692
                             |
              public_servant |   6.093983   .9981669    11.03   0.000      4.42057    8.400869
                      parent |   .8235678   .0924725    -1.73   0.084     .6608822    1.026301
                     married |   .8413614   .0907908    -1.60   0.109     .6809731    1.039526
              married_parent |   .9555325   .1475202    -0.29   0.768     .7060451    1.293179
                    divorced |   .7624082   .1035682    -2.00   0.046     .5841943    .9949879
                     widowed |   2.755794     2.4993     1.12   0.264     .4658757    16.30134
                   part_time |   3.127036   .3720075     9.58   0.000     2.476679    3.948171
                        erte |          1  (omitted)
                         age |   .9926415   .0044446    -1.65   0.099     .9839683    1.001391
                     college |   .8496716   .0710075    -1.95   0.051     .7212997     1.00089
                      tenure |   .9724463   .0012929   -21.01   0.000     .9699154    .9749837
                       _cons |   .7487612   .2727896    -0.79   0.427     .3666338    1.529164
----------------------------------------------------------------------------------------------
Note: _cons estimates baseline odds.
(est12 stored)

Logistic regression                                    Number of obs =  18,782
                                                       Wald chi2(28) = 1322.36
                                                       Prob > chi2   =  0.0000
Log pseudolikelihood = -2248108.1                      Pseudo R2     =  0.3700

----------------------------------------------------------------------------------------------
                             |               Robust
                   temporary | Odds ratio   std. err.      z    P>|z|     [95% conf. interval]
-----------------------------+----------------------------------------------------------------
                         act |
        manufactures, prim.  |   .2693176   .0564803    -6.26   0.000     .1785475    .4062332
     extractive and energy.  |   .2910657   .0600419    -5.98   0.000     .1942686    .4360933
         manufactures, sec.  |   .3248877   .0674704    -5.41   0.000     .2162528    .4880955
               construction  |   .4664988   .0918402    -3.87   0.000     .3171563    .6861635
      hospitality and sales  |   .2509141   .0470493    -7.37   0.000      .173746    .3623558
 Transport, storage and IT.  |   .2338925   .0448535    -7.58   0.000     .1606134    .3406049
  Financial and prof. serv.  |   .2685683   .0529348    -6.67   0.000     .1825084    .3952087
   Education and healthcare  |    .491495   .1057317    -3.30   0.001     .3224084    .7492589
             Other services  |   .3823039   .0908721    -4.05   0.000     .2399283    .6091663
                             |
                         occ |
       white collar - prof.  |    2.70273   .7271833     3.70   0.000      1.59508     4.57955
white collar - tech. suport  |   2.443307   .6598128     3.31   0.001     1.439169    4.148052
       white collar - other  |   4.703178   1.327851     5.48   0.000     2.704402    8.179215
     blue collar - services  |   2.679955   .7324569     3.61   0.000     1.568506    4.578982
  blue collar - agriculture  |   1.614496   .5497468     1.41   0.159     .8283181    3.146856
     blue collar - artisans  |   4.026263   1.076037     5.21   0.000     2.384595    6.798132
       blue collar - equip.  |   5.502467   1.503318     6.24   0.000     3.221086     9.39967
                  unskilled  |   11.99051   3.283852     9.07   0.000     7.010004    20.50959
                             |
              public_servant |   7.474491   1.138179    13.21   0.000     5.545807    10.07392
                      parent |   .7374607   .0864123    -2.60   0.009     .5861367    .9278523
                     married |   .9210437   .1019245    -0.74   0.457     .7414547    1.144131
              married_parent |   1.112167   .1768374     0.67   0.504     .8143793    1.518844
                    divorced |   .9079674   .1264922    -0.69   0.488     .6910131    1.193038
                     widowed |   4.226465   4.368574     1.39   0.163     .5573851    32.04787
                   part_time |    2.78257   .3441724     8.27   0.000     2.183545     3.54593
                        erte |   .1991327   .2223129    -1.45   0.148     .0223283    1.775942
                         age |   .9958822    .004611    -0.89   0.373     .9868857    1.004961
                     college |   .7646708   .0639116    -3.21   0.001     .6491285    .9007792
                      tenure |   .9728835   .0011695   -22.87   0.000     .9705939    .9751785
                       _cons |   .8108526   .2916561    -0.58   0.560      .400657     1.64101
----------------------------------------------------------------------------------------------
Note: _cons estimates baseline odds.
(est13 stored)

Logistic regression                                    Number of obs =  18,642
                                                       Wald chi2(28) = 1231.11
                                                       Prob > chi2   =  0.0000
Log pseudolikelihood = -2246128.1                      Pseudo R2     =  0.3324

----------------------------------------------------------------------------------------------
                             |               Robust
                   temporary | Odds ratio   std. err.      z    P>|z|     [95% conf. interval]
-----------------------------+----------------------------------------------------------------
                         act |
        manufactures, prim.  |   .3870848   .0765907    -4.80   0.000     .2626532    .5704657
     extractive and energy.  |   .4351325   .0875441    -4.14   0.000     .2933383    .6454675
         manufactures, sec.  |   .4504325   .0883186    -4.07   0.000     .3067117    .6614989
               construction  |   .6013504   .1110712    -2.75   0.006      .418705    .8636684
      hospitality and sales  |     .35311   .0601839    -6.11   0.000     .2528317    .4931607
 Transport, storage and IT.  |   .3382936   .0606931    -6.04   0.000     .2380018    .4808475
  Financial and prof. serv.  |   .3739453   .0678167    -5.42   0.000      .262083    .5335526
   Education and healthcare  |   .8014482   .1602216    -1.11   0.268     .5416359    1.185888
             Other services  |   .6037321    .129831    -2.35   0.019     .3960916    .9202228
                             |
                         occ |
       white collar - prof.  |   3.036426   .7167087     4.71   0.000     1.911823    4.822561
white collar - tech. suport  |   2.442618   .5867314     3.72   0.000     1.525429    3.911283
       white collar - other  |   3.886204   .9915973     5.32   0.000     2.356863    6.407915
     blue collar - services  |   2.665361   .6395126     4.09   0.000     1.665418    4.265685
  blue collar - agriculture  |   3.442907   1.026546     4.15   0.000     1.919238    6.176206
     blue collar - artisans  |   4.180669   .9778659     6.12   0.000     2.643311     6.61216
       blue collar - equip.  |   5.898115   1.392178     7.52   0.000      3.71362    9.367613
                  unskilled  |   10.49078   2.487865     9.91   0.000     6.590936    16.69815
                             |
              public_servant |   7.700259   1.119554    14.04   0.000     5.790921    10.23913
                      parent |   .7637029   .0898944    -2.29   0.022     .6063603    .9618739
                     married |   .8469054    .097385    -1.45   0.148     .6760142    1.060996
              married_parent |    1.21318   .1987722     1.18   0.238     .8799559     1.67259
                    divorced |    .805673   .1234216    -1.41   0.158     .5967091    1.087815
                     widowed |   2.225667   2.320437     0.77   0.443     .2884126    17.17537
                   part_time |   2.483121    .295269     7.65   0.000     1.966895    3.134835
                        erte |   .3919197   .5480604    -0.67   0.503     .0252858    6.074589
                         age |   .9944029   .0046266    -1.21   0.228     .9853761    1.003512
                     college |   .6733032   .0581674    -4.58   0.000     .5684267    .7975297
                      tenure |   .9757873   .0011075   -21.59   0.000     .9736189    .9779604
                       _cons |    .460308   .1443632    -2.47   0.013     .2489386    .8511476
----------------------------------------------------------------------------------------------
Note: _cons estimates baseline odds.
(est14 stored)
note: erte != 0 predicts failure perfectly;
      erte omitted and 6 obs not used.


Logistic regression                                    Number of obs =  18,306
                                                       Wald chi2(27) = 1038.81
                                                       Prob > chi2   =  0.0000
Log pseudolikelihood = -2133519.4                      Pseudo R2     =  0.3150

----------------------------------------------------------------------------------------------
                             |               Robust
                   temporary | Odds ratio   std. err.      z    P>|z|     [95% conf. interval]
-----------------------------+----------------------------------------------------------------
                         act |
        manufactures, prim.  |   .3929228   .0814125    -4.51   0.000     .2617825     .589758
     extractive and energy.  |   .4727287   .0940399    -3.77   0.000     .3200976    .6981384
         manufactures, sec.  |   .3626994   .0763391    -4.82   0.000     .2400989    .5479025
               construction  |     .59037   .1089628    -2.86   0.004     .4111692    .8476722
      hospitality and sales  |   .3904235   .0684688    -5.36   0.000     .2768601    .5505689
 Transport, storage and IT.  |   .3890901   .0731647    -5.02   0.000     .2691472    .5624844
  Financial and prof. serv.  |   .3730224   .0691673    -5.32   0.000     .2593592    .5364981
   Education and healthcare  |   .8106343   .1666241    -1.02   0.307     .5418291    1.212796
             Other services  |    .759708   .1670694    -1.25   0.211     .4936928     1.16906
                             |
                         occ |
       white collar - prof.  |   2.719291     .65894     4.13   0.000     1.691188    4.372394
white collar - tech. suport  |   2.166462   .5363641     3.12   0.002     1.333565    3.519559
       white collar - other  |    3.05826   .8036468     4.25   0.000     1.827244    5.118614
     blue collar - services  |    2.55841   .6290375     3.82   0.000     1.580101    4.142433
  blue collar - agriculture  |   2.477047   .8432232     2.66   0.008      1.27108    4.827205
     blue collar - artisans  |   3.795036   .9209202     5.50   0.000     2.358628    6.106217
       blue collar - equip.  |   4.576487   1.143063     6.09   0.000     2.804973    7.466821
                  unskilled  |   8.222312   2.020257     8.57   0.000      5.07984    13.30877
                             |
              public_servant |   7.711485   1.124854    14.00   0.000      5.79396    10.26362
                      parent |   .7787171   .0928176    -2.10   0.036     .6164849    .9836418
                     married |   .7875906   .0915798    -2.05   0.040     .6270818    .9891835
              married_parent |   1.311735   .2180582     1.63   0.103     .9469896    1.816966
                    divorced |   .8207075   .1272029    -1.27   0.202     .6057023    1.112033
                     widowed |   4.202531   3.763544     1.60   0.109     .7264803    24.31073
                   part_time |   2.037523   .2342818     6.19   0.000     1.626403    2.552565
                        erte |          1  (omitted)
                         age |   .9968323   .0049261    -0.64   0.521     .9872239    1.006534
                     college |   .7796679   .0700285    -2.77   0.006     .6538168    .9297436
                      tenure |   .9750462   .0013586   -18.14   0.000     .9723869    .9777127
                       _cons |   .3832522   .1257982    -2.92   0.003     .2014129    .7292592
----------------------------------------------------------------------------------------------
Note: _cons estimates baseline odds.
(est15 stored)
note: erte != 0 predicts failure perfectly;
      erte omitted and 6 obs not used.


Logistic regression                                    Number of obs =  17,928
                                                       Wald chi2(27) = 1263.67
                                                       Prob > chi2   =  0.0000
Log pseudolikelihood = -1924656.1                      Pseudo R2     =  0.3213

----------------------------------------------------------------------------------------------
                             |               Robust
                   temporary | Odds ratio   std. err.      z    P>|z|     [95% conf. interval]
-----------------------------+----------------------------------------------------------------
                         act |
        manufactures, prim.  |   .2737042   .0565825    -6.27   0.000     .1825214    .4104396
     extractive and energy.  |   .3181267   .0638812    -5.70   0.000     .2146225    .4715472
         manufactures, sec.  |   .2090861   .0445294    -7.35   0.000     .1377348    .3173999
               construction  |   .4105546   .0744116    -4.91   0.000     .2878019    .5856636
      hospitality and sales  |   .2373742   .0422682    -8.08   0.000     .1674417    .3365142
 Transport, storage and IT.  |   .1825976   .0348798    -8.90   0.000     .1255737    .2655164
  Financial and prof. serv.  |   .2769093    .053842    -6.60   0.000     .1891606    .4053634
   Education and healthcare  |    .578305   .1199231    -2.64   0.008     .3851618    .8683017
             Other services  |   .5547501   .1248368    -2.62   0.009     .3569023    .8622743
                             |
                         occ |
       white collar - prof.  |   2.647345   .6105162     4.22   0.000     1.684656     4.16016
white collar - tech. suport  |   2.302906   .5384186     3.57   0.000     1.456349    3.641554
       white collar - other  |   2.790009   .7147964     4.00   0.000     1.688609    4.609802
     blue collar - services  |   2.475089   .5898243     3.80   0.000     1.551479    3.948533
  blue collar - agriculture  |   1.221682   .4257373     0.57   0.566     .6170599    2.418737
     blue collar - artisans  |   3.421674   .7774647     5.41   0.000      2.19195    5.341296
       blue collar - equip.  |   4.186272   .9897394     6.06   0.000     2.633796    6.653847
                  unskilled  |   7.175681   1.674586     8.44   0.000       4.5417    11.33725
                             |
              public_servant |   8.249914   1.209479    14.39   0.000     6.189549    10.99613
                      parent |   .7960321   .0995258    -1.82   0.068     .6230273    1.017077
                     married |   .6954136   .0863232    -2.93   0.003     .5452324    .8869614
              married_parent |   1.247682   .2189517     1.26   0.207     .8845638    1.759861
                    divorced |   .7953858   .1371037    -1.33   0.184     .5673525    1.115071
                     widowed |    2.36221   1.754779     1.16   0.247     .5508072    10.13065
                   part_time |   2.646302   .3113281     8.27   0.000     2.101351    3.332578
                        erte |          1  (omitted)
                         age |   1.013179   .0052561     2.52   0.012     1.002929    1.023533
                     college |   .8055447   .0754298    -2.31   0.021     .6704782    .9678202
                      tenure |   .9758473   .0012347   -19.32   0.000     .9734304    .9782702
                       _cons |   .2696955   .0864704    -4.09   0.000     .1438664    .5055778
----------------------------------------------------------------------------------------------
Note: _cons estimates baseline odds.
(est16 stored)

. esttab using "prob_temp_stocks_m.tex", se eform label replace
(file prob_temp_stocks_m.tex not found)
(output written to prob_temp_stocks_m.tex)

. esttab using "prob_temp_stocks_m_margins.tex", se margin mtitles label replace
(file prob_temp_stocks_m_margins.tex not found)
(output written to prob_temp_stocks_m_margins.tex)

. log close
