
. * Men
. forvalues i=186/201{ 
  2.         eststo: logistic ne i.act i.occ parent married married_parent divorced widowed age co
> llege if mili==0&woman==0&prime_aged&ciclo==`i' [pw=factorel], vce(robust)
  3. }

Logistic regression                                     Number of obs = 26,843
                                                        Wald chi2(24) = 924.50
                                                        Prob > chi2   = 0.0000
Log pseudolikelihood = -2591651.9                       Pseudo R2     = 0.0795

----------------------------------------------------------------------------------------------
                             |               Robust
                          ne | Odds ratio   std. err.      z    P>|z|     [95% conf. interval]
-----------------------------+----------------------------------------------------------------
                         act |
        manufactures, prim.  |   .6051723   .0949022    -3.20   0.001     .4450358    .8229304
     extractive and energy.  |   .5081242   .0733408    -4.69   0.000     .3829222     .674263
         manufactures, sec.  |   .4158922   .0662946    -5.50   0.000     .3042962    .5684144
               construction  |   .8129395   .1044954    -1.61   0.107     .6318945    1.045856
      hospitality and sales  |   .6806141   .0787527    -3.33   0.001     .5425127    .8538705
 Transport, storage and IT.  |   .4914179   .0673655    -5.18   0.000      .375634    .6428906
  Financial and prof. serv.  |   .5847808   .0803944    -3.90   0.000     .4466545    .7656221
   Education and healthcare  |    .624146   .0835175    -3.52   0.000     .4801603    .8113087
             Other services  |   1.009998   .1551747     0.06   0.948     .7473832    1.364891
                             |
                         occ |
       white collar - prof.  |    1.29708   .3357766     1.00   0.315     .7809354     2.15436
white collar - tech. suport  |   1.906892   .4815285     2.56   0.011     1.162467    3.128035
       white collar - other  |    2.51673    .656139     3.54   0.000     1.509799    4.195214
     blue collar - services  |   2.943613   .7215387     4.40   0.000     1.820682    4.759128
  blue collar - agriculture  |   1.520316   .4580736     1.39   0.164     .8422971    2.744114
     blue collar - artisans  |   2.556289   .6257695     3.83   0.000     1.582119    4.130292
       blue collar - equip.  |   2.851178   .7157119     4.17   0.000     1.743223    4.663325
                  unskilled  |   5.982854   1.462567     7.32   0.000     3.705304     9.66035
                             |
                      parent |   .6553652   .0613416    -4.51   0.000     .5455213    .7873269
                     married |   .5090318   .0437737    -7.85   0.000     .4300775    .6024806
              married_parent |   1.203015    .155258     1.43   0.152     .9341509    1.549262
                    divorced |   .9950015   .1131523    -0.04   0.965     .7962043    1.243435
                     widowed |    1.39032   .5646945     0.81   0.417     .6271757    3.082053
                         age |   .9851232   .0036403    -4.06   0.000     .9780142    .9922839
                     college |   .8016123   .0550586    -3.22   0.001     .7006478    .9171261
                       _cons |   .1756151    .050716    -6.02   0.000      .099711    .3093006
----------------------------------------------------------------------------------------------
Note: _cons estimates baseline odds.
(est1 stored)

Logistic regression                                     Number of obs = 26,512
                                                        Wald chi2(24) = 961.93
                                                        Prob > chi2   = 0.0000
Log pseudolikelihood = -2457040.4                       Pseudo R2     = 0.0881

----------------------------------------------------------------------------------------------
                             |               Robust
                          ne | Odds ratio   std. err.      z    P>|z|     [95% conf. interval]
-----------------------------+----------------------------------------------------------------
                         act |
        manufactures, prim.  |   .4702624   .0758084    -4.68   0.000     .3428647    .6449971
     extractive and energy.  |   .4031928   .0611527    -5.99   0.000     .2995092    .5427694
         manufactures, sec.  |   .3506122   .0577476    -6.36   0.000     .2538807    .4841994
               construction  |   .8350754   .1074314    -1.40   0.161     .6489625    1.074563
      hospitality and sales  |   .6361636   .0731296    -3.93   0.000     .5078316    .7969258
 Transport, storage and IT.  |   .4267007   .0590491    -6.15   0.000      .325334    .5596508
  Financial and prof. serv.  |    .461584   .0638762    -5.59   0.000     .3519309    .6054024
   Education and healthcare  |   .6865916   .0896425    -2.88   0.004     .5315746    .8868145
             Other services  |   .8991066   .1401215    -0.68   0.495     .6624536    1.220301
                             |
                         occ |
       white collar - prof.  |   1.511592    .407001     1.53   0.125      .891756    2.562261
white collar - tech. suport  |   2.128557   .5600264     2.87   0.004     1.270963     3.56482
       white collar - other  |   2.507312   .6857987     3.36   0.001     1.466858    4.285767
     blue collar - services  |   2.717086   .6897343     3.94   0.000     1.652058    4.468704
  blue collar - agriculture  |   1.698485   .5164882     1.74   0.081     .9358841    3.082489
     blue collar - artisans  |    2.76038   .7053615     3.97   0.000     1.672865    4.554879
       blue collar - equip.  |   2.695316   .7011116     3.81   0.000       1.6188    4.487724
                  unskilled  |   7.558947   1.906703     8.02   0.000     4.610524    12.39288
                             |
                      parent |   .5282715    .054745    -6.16   0.000     .4311683    .6472433
                     married |   .5550882    .050473    -6.47   0.000     .4644768    .6633764
              married_parent |   1.615753   .2263867     3.42   0.001     1.227753    2.126369
                    divorced |   .9814269   .1115556    -0.16   0.869     .7854249    1.226341
                     widowed |   1.601254   .6953111     1.08   0.278     .6836656    3.750393
                         age |   .9792965   .0037894    -5.41   0.000     .9718975    .9867518
                     college |   .8261955    .059586    -2.65   0.008     .7172876    .9516391
                       _cons |   .1967292   .0583258    -5.48   0.000     .1100289    .3517476
----------------------------------------------------------------------------------------------
Note: _cons estimates baseline odds.
(est2 stored)

Logistic regression                                     Number of obs = 26,303
                                                        Wald chi2(24) = 976.92
                                                        Prob > chi2   = 0.0000
Log pseudolikelihood = -2496182.4                       Pseudo R2     = 0.0879

----------------------------------------------------------------------------------------------
                             |               Robust
                          ne | Odds ratio   std. err.      z    P>|z|     [95% conf. interval]
-----------------------------+----------------------------------------------------------------
                         act |
        manufactures, prim.  |   .3284506   .0531162    -6.88   0.000     .2392301    .4509455
     extractive and energy.  |   .3125587   .0462483    -7.86   0.000     .2338741    .4177159
         manufactures, sec.  |   .2513832   .0427378    -8.12   0.000     .1801453     .350792
               construction  |   .6087669     .07807    -3.87   0.000      .473468    .7827291
      hospitality and sales  |    .469185   .0541854    -6.55   0.000     .3741453    .5883665
 Transport, storage and IT.  |   .3617033   .0492843    -7.46   0.000     .2769307    .4724261
  Financial and prof. serv.  |    .375569   .0516579    -7.12   0.000     .2868208    .4917777
   Education and healthcare  |   .5444573   .0717318    -4.61   0.000     .4205511    .7048697
             Other services  |   .6446715   .0969808    -2.92   0.004     .4800522     .865742
                             |
                         occ |
       white collar - prof.  |   1.743692   .4528298     2.14   0.032     1.048132    2.900837
white collar - tech. suport  |   2.117878   .5429827     2.93   0.003     1.281355    3.500519
       white collar - other  |   2.082767   .5623103     2.72   0.007     1.226963    3.535494
     blue collar - services  |   2.106569   .5218021     3.01   0.003     1.296376    3.423105
  blue collar - agriculture  |   1.296577    .381489     0.88   0.377     .7283689    2.308052
     blue collar - artisans  |   2.636312   .6552384     3.90   0.000     1.619705     4.29099
       blue collar - equip.  |   2.751083   .6999078     3.98   0.000     1.670891    4.529595
                  unskilled  |   6.491841   1.586304     7.66   0.000     4.021368    10.48002
                             |
                      parent |   .6404465   .0653633    -4.37   0.000     .5243366     .782268
                     married |   .5873212   .0523201    -5.97   0.000     .4932289    .6993634
              married_parent |    1.31103   .1796378     1.98   0.048     1.002261    1.714922
                    divorced |   .9281916   .1136178    -0.61   0.543     .7302037    1.179862
                     widowed |   1.488755   .7478323     0.79   0.428     .5562208    3.984733
                         age |   .9769502   .0036925    -6.17   0.000     .9697398    .9842142
                     college |   .7407275   .0553057    -4.02   0.000     .6398885    .8574575
                       _cons |   .3105176   .0905833    -4.01   0.000     .1752977    .5500424
----------------------------------------------------------------------------------------------
Note: _cons estimates baseline odds.
(est3 stored)

Logistic regression                                     Number of obs = 26,093
                                                        Wald chi2(24) = 925.06
                                                        Prob > chi2   = 0.0000
Log pseudolikelihood = -2530910.7                       Pseudo R2     = 0.0837

----------------------------------------------------------------------------------------------
                             |               Robust
                          ne | Odds ratio   std. err.      z    P>|z|     [95% conf. interval]
-----------------------------+----------------------------------------------------------------
                         act |
        manufactures, prim.  |   .5674061   .0927061    -3.47   0.001     .4119266    .7815706
     extractive and energy.  |   .5276484   .0780105    -4.32   0.000       .39491    .7050032
         manufactures, sec.  |   .4805774   .0789817    -4.46   0.000     .3482334     .663218
               construction  |   1.014209   .1306189     0.11   0.913     .7879558    1.305427
      hospitality and sales  |    .739486    .087047    -2.56   0.010     .5871278    .9313809
 Transport, storage and IT.  |   .5844473   .0820862    -3.82   0.000      .443806    .7696574
  Financial and prof. serv.  |     .58277   .0789503    -3.99   0.000     .4468702     .759999
   Education and healthcare  |   .7120271   .0957258    -2.53   0.012     .5470914    .9266872
             Other services  |   1.229892    .184969     1.38   0.169     .9159063    1.651517
                             |
                         occ |
       white collar - prof.  |   1.261304   .3143434     0.93   0.352     .7738962    2.055687
white collar - tech. suport  |   1.724555   .4207067     2.23   0.025     1.069118    2.781816
       white collar - other  |   2.192064   .5498767     3.13   0.002     1.340696    3.584068
     blue collar - services  |   2.774613   .6550279     4.32   0.000     1.746834    4.407103
  blue collar - agriculture  |   1.846076   .5273885     2.15   0.032     1.054575    3.231629
     blue collar - artisans  |   2.391876   .5606106     3.72   0.000     1.510891    3.786555
       blue collar - equip.  |   2.266235   .5459604     3.40   0.001     1.413323    3.633863
                  unskilled  |   6.151314   1.437629     7.77   0.000     3.890746    9.725299
                             |
                      parent |   .6778362   .0653045    -4.04   0.000     .5612003     .818713
                     married |   .5264083   .0488628    -6.91   0.000     .4388456    .6314425
              married_parent |   1.270159   .1727954     1.76   0.079     .9728785    1.658279
                    divorced |    .924775   .1066607    -0.68   0.498     .7376683    1.159341
                     widowed |   1.714301   .9169371     1.01   0.314     .6008973     4.89073
                         age |   .9786856   .0038101    -5.53   0.000     .9712464    .9861817
                     college |   .7964479   .0593526    -3.05   0.002     .6882155    .9217014
                       _cons |   .2006804   .0578481    -5.57   0.000     .1140611    .3530794
----------------------------------------------------------------------------------------------
Note: _cons estimates baseline odds.
(est4 stored)

Logistic regression                                     Number of obs = 25,283
                                                        Wald chi2(24) = 883.79
                                                        Prob > chi2   = 0.0000
Log pseudolikelihood = -2827615.5                       Pseudo R2     = 0.0793

----------------------------------------------------------------------------------------------
                             |               Robust
                          ne | Odds ratio   std. err.      z    P>|z|     [95% conf. interval]
-----------------------------+----------------------------------------------------------------
                         act |
        manufactures, prim.  |   .6362608   .1016589    -2.83   0.005     .4651939    .8702345
     extractive and energy.  |   .5324425   .0801157    -4.19   0.000     .3964549     .715075
         manufactures, sec.  |   .6365671   .1024602    -2.81   0.005      .464341    .8726727
               construction  |    1.12213   .1472587     0.88   0.380      .867638    1.451267
      hospitality and sales  |   1.034894   .1234864     0.29   0.774     .8190836    1.307566
 Transport, storage and IT.  |   .7028695   .0972978    -2.55   0.011     .5358502    .9219471
  Financial and prof. serv.  |   .7254582   .0971831    -2.40   0.017     .5579362     .943279
   Education and healthcare  |   .8262351   .1130012    -1.40   0.163     .6319576    1.080238
             Other services  |   1.790042   .2725158     3.82   0.000      1.32824    2.412404
                             |
                         occ |
       white collar - prof.  |   1.365157   .3353308     1.27   0.205     .8435241    2.209367
white collar - tech. suport  |   1.941049   .4564761     2.82   0.005      1.22422    3.077609
       white collar - other  |    2.46328   .5994151     3.70   0.000     1.528911    3.968673
     blue collar - services  |   2.672128   .6066009     4.33   0.000     1.712481    4.169547
  blue collar - agriculture  |   1.773354    .494762     2.05   0.040     1.026389     3.06393
     blue collar - artisans  |   2.441599    .555251     3.93   0.000     1.563508    3.812839
       blue collar - equip.  |   2.408329   .5619656     3.77   0.000     1.524384    3.804849
                  unskilled  |   6.087755   1.379255     7.97   0.000     3.904875    9.490896
                             |
                      parent |   .6366445   .0624509    -4.60   0.000     .5252902    .7716044
                     married |   .5185939   .0453523    -7.51   0.000     .4369057    .6155553
              married_parent |   1.251766   .1673331     1.68   0.093     .9632449    1.626709
                    divorced |   .7712769   .0890684    -2.25   0.025     .6150524    .9671826
                     widowed |   .6361561   .3366162    -0.85   0.393      .225506    1.794606
                         age |   .9896772   .0036442    -2.82   0.005     .9825604    .9968456
                     college |   .7571928   .0533826    -3.95   0.000     .6594718    .8693942
                       _cons |    .134673   .0373028    -7.24   0.000     .0782543    .2317677
----------------------------------------------------------------------------------------------
Note: _cons estimates baseline odds.
(est5 stored)

Logistic regression                                    Number of obs =  23,763
                                                       Wald chi2(24) = 1087.58
                                                       Prob > chi2   =  0.0000
Log pseudolikelihood = -3397309.2                      Pseudo R2     =  0.0916

----------------------------------------------------------------------------------------------
                             |               Robust
                          ne | Odds ratio   std. err.      z    P>|z|     [95% conf. interval]
-----------------------------+----------------------------------------------------------------
                         act |
        manufactures, prim.  |   .6695407   .0986349    -2.72   0.006     .5016263    .8936626
     extractive and energy.  |   .5822675   .0807526    -3.90   0.000     .4436826    .7641396
         manufactures, sec.  |   .5888263   .0868547    -3.59   0.000     .4409921     .786219
               construction  |   1.130414   .1414701     0.98   0.327     .8845261    1.444656
      hospitality and sales  |   .9866668   .1136258    -0.12   0.907     .7873088    1.236505
 Transport, storage and IT.  |   .7241356   .0952223    -2.45   0.014     .5596142    .9370248
  Financial and prof. serv.  |   .6510141   .0850744    -3.28   0.001     .5039129    .8410567
   Education and healthcare  |   .6013485   .0799086    -3.83   0.000     .4634645    .7802539
             Other services  |   1.865292   .2732227     4.26   0.000     1.399797    2.485584
                             |
                         occ |
       white collar - prof.  |   1.770811    .440018     2.30   0.021     1.088084    2.881921
white collar - tech. suport  |    2.05599   .4925314     3.01   0.003     1.285606    3.288018
       white collar - other  |   2.676152   .6661993     3.95   0.000     1.642909    4.359215
     blue collar - services  |   3.401758   .7948758     5.24   0.000     2.151822    5.377747
  blue collar - agriculture  |   1.410743    .411126     1.18   0.238     .7968676    2.497522
     blue collar - artisans  |   3.419572   .7871434     5.34   0.000     2.177888    5.369179
       blue collar - equip.  |   3.105065   .7286267     4.83   0.000     1.960333     4.91826
                  unskilled  |   7.648205   1.777468     8.75   0.000     4.849952    12.06095
                             |
                      parent |   .5719316   .0525979    -6.08   0.000     .4775986    .6848969
                     married |   .6041383   .0509357    -5.98   0.000     .5121185    .7126926
              married_parent |   1.452962   .1823888     2.98   0.003     1.136067    1.858253
                    divorced |   1.001326   .1087231     0.01   0.990     .8093806    1.238791
                     widowed |   .4301707   .2422703    -1.50   0.134     .1426421    1.297281
                         age |    .972196    .003449    -7.95   0.000     .9654595    .9789795
                     college |   .8300423   .0551159    -2.81   0.005     .7287512    .9454121
                       _cons |   .2921532   .0819473    -4.39   0.000     .1685984    .5062533
----------------------------------------------------------------------------------------------
Note: _cons estimates baseline odds.
(est6 stored)

Logistic regression                                     Number of obs = 23,397
                                                        Wald chi2(24) = 927.32
                                                        Prob > chi2   = 0.0000
Log pseudolikelihood = -3000745.4                       Pseudo R2     = 0.0882

----------------------------------------------------------------------------------------------
                             |               Robust
                          ne | Odds ratio   std. err.      z    P>|z|     [95% conf. interval]
-----------------------------+----------------------------------------------------------------
                         act |
        manufactures, prim.  |   .4927208   .0788466    -4.42   0.000     .3600719    .6742371
     extractive and energy.  |   .3302853   .0500526    -7.31   0.000     .2454116    .4445119
         manufactures, sec.  |   .3523512   .0581191    -6.32   0.000     .2550193    .4868312
               construction  |   .7036421   .0958208    -2.58   0.010     .5388112    .9188975
      hospitality and sales  |   .7009067   .0854943    -2.91   0.004     .5518658    .8901988
 Transport, storage and IT.  |   .5121192   .0699131    -4.90   0.000     .3918928     .669229
  Financial and prof. serv.  |   .5058016   .0705415    -4.89   0.000     .3848288    .6648029
   Education and healthcare  |   .4872804   .0670101    -5.23   0.000     .3721542     .638021
             Other services  |    1.16164   .1918013     0.91   0.364     .8404806     1.60552
                             |
                         occ |
       white collar - prof.  |   2.060009   .6387795     2.33   0.020     1.121821    3.782811
white collar - tech. suport  |   2.355691   .7080676     2.85   0.004     1.306972    4.245905
       white collar - other  |   2.669698   .8267981     3.17   0.002     1.454948    4.898656
     blue collar - services  |   3.212583   .9449468     3.97   0.000     1.805023    5.717763
  blue collar - agriculture  |   1.257567   .4437978     0.65   0.516     .6297101    2.511434
     blue collar - artisans  |   2.838877   .8249635     3.59   0.000     1.606171    5.017663
       blue collar - equip.  |   3.096483   .9108605     3.84   0.000      1.73972    5.511348
                  unskilled  |   6.887583   2.004818     6.63   0.000     3.893153    12.18519
                             |
                      parent |   .5878817   .0604367    -5.17   0.000      .480599    .7191128
                     married |   .5239155   .0496448    -6.82   0.000     .4351147    .6308393
              married_parent |    1.46097   .2063511     2.68   0.007     1.107683    1.926936
                    divorced |   .8527977   .0980723    -1.38   0.166     .6807023    1.068402
                     widowed |   1.577716   .9776866     0.74   0.462     .4683305    5.315027
                         age |   .9770741   .0038035    -5.96   0.000     .9696476    .9845574
                     college |   .7841911   .0563157    -3.39   0.001     .6812303    .9027133
                       _cons |   .3015421   .1034388    -3.49   0.000     .1539424    .5906604
----------------------------------------------------------------------------------------------
Note: _cons estimates baseline odds.
(est7 stored)

Logistic regression                                     Number of obs = 23,394
                                                        Wald chi2(24) = 868.32
                                                        Prob > chi2   = 0.0000
Log pseudolikelihood = -2842847.5                       Pseudo R2     = 0.0883

----------------------------------------------------------------------------------------------
                             |               Robust
                          ne | Odds ratio   std. err.      z    P>|z|     [95% conf. interval]
-----------------------------+----------------------------------------------------------------
                         act |
        manufactures, prim.  |   .6094139   .1037901    -2.91   0.004     .4364586     .850906
     extractive and energy.  |   .4807166   .0773493    -4.55   0.000     .3506931    .6589478
         manufactures, sec.  |   .5421941   .0915276    -3.63   0.000     .3894607    .7548243
               construction  |   .9748317   .1399345    -0.18   0.859     .7357697    1.291568
      hospitality and sales  |   .9539761   .1223391    -0.37   0.713     .7419564    1.226582
 Transport, storage and IT.  |   .6642938   .0966105    -2.81   0.005     .4995363    .8833918
  Financial and prof. serv.  |   .7414318    .105678    -2.10   0.036     .5607218    .9803812
   Education and healthcare  |   .5493622   .0814509    -4.04   0.000      .410824    .7346182
             Other services  |   1.357518   .2231653     1.86   0.063     .9835913    1.873598
                             |
                         occ |
       white collar - prof.  |   1.332157   .3985732     0.96   0.338     .7411077    2.394582
white collar - tech. suport  |   1.905888   .5441863     2.26   0.024     1.089067     3.33534
       white collar - other  |   2.371227   .6993727     2.93   0.003     1.330205    4.226954
     blue collar - services  |   3.249326   .9301656     4.12   0.000     1.854064    5.694581
  blue collar - agriculture  |   1.838152   .6050311     1.85   0.064     .9642885    3.503934
     blue collar - artisans  |     2.2702   .6355916     2.93   0.003     1.311451    3.929854
       blue collar - equip.  |     2.4018   .6816314     3.09   0.002       1.3771    4.188977
                  unskilled  |   6.219816   1.756682     6.47   0.000     3.575773    10.81895
                             |
                      parent |    .603841   .0663545    -4.59   0.000       .48684    .7489605
                     married |    .597299   .0563744    -5.46   0.000     .4964249    .7186708
              married_parent |   1.210811   .1791389     1.29   0.196     .9060274    1.618122
                    divorced |   .8706134   .1085251    -1.11   0.266      .681899    1.111554
                     widowed |   2.031614   1.169707     1.23   0.218     .6572944    6.279464
                         age |    .978865   .0038647    -5.41   0.000     .9713196     .986469
                     college |    .782599   .0597783    -3.21   0.001     .6737842    .9089872
                       _cons |   .2244262   .0756346    -4.43   0.000     .1159331      .43445
----------------------------------------------------------------------------------------------
Note: _cons estimates baseline odds.
(est8 stored)

Logistic regression                                     Number of obs = 22,474
                                                        Wald chi2(24) = 899.92
                                                        Prob > chi2   = 0.0000
Log pseudolikelihood = -2831728.3                       Pseudo R2     = 0.0983

----------------------------------------------------------------------------------------------
                             |               Robust
                          ne | Odds ratio   std. err.      z    P>|z|     [95% conf. interval]
-----------------------------+----------------------------------------------------------------
                         act |
        manufactures, prim.  |   .5847716   .1030462    -3.04   0.002     .4139909    .8260031
     extractive and energy.  |    .566652   .0946443    -3.40   0.001     .4084563    .7861171
         manufactures, sec.  |   .6163288   .1022001    -2.92   0.004     .4453133    .8530202
               construction  |   1.064627   .1508924     0.44   0.659      .806407    1.405531
      hospitality and sales  |    1.02274    .128176     0.18   0.858     .7999952    1.307504
 Transport, storage and IT.  |   .7106958   .1041374    -2.33   0.020     .5332836    .9471294
  Financial and prof. serv.  |   .7793996   .1077937    -1.80   0.072     .5943415    1.022079
   Education and healthcare  |   .5991191    .088864    -3.45   0.001     .4479806    .8012483
             Other services  |   1.290716   .2207149     1.49   0.136      .923153    1.804628
                             |
                         occ |
       white collar - prof.  |   1.152728   .2804199     0.58   0.559     .7155797    1.856929
white collar - tech. suport  |   1.344008   .3157749     1.26   0.208     .8480315     2.13006
       white collar - other  |   1.998793   .4842455     2.86   0.004      1.24322    3.213568
     blue collar - services  |   3.262879   .7453234     5.18   0.000     2.085284    5.105482
  blue collar - agriculture  |   1.276989   .3728918     0.84   0.402     .7204919    2.263317
     blue collar - artisans  |   2.058206   .4628753     3.21   0.001     1.324524    3.198289
       blue collar - equip.  |   2.410464   .5598032     3.79   0.000     1.529039    3.799992
                  unskilled  |   5.959912   1.354306     7.86   0.000     3.817827    9.303866
                             |
                      parent |   .7068196   .0752649    -3.26   0.001     .5736795    .8708591
                     married |   .5643969   .0559556    -5.77   0.000     .4647234    .6854482
              married_parent |   1.160018   .1706494     1.01   0.313     .8694506    1.547691
                    divorced |   .8480233   .1067762    -1.31   0.190     .6625694    1.085386
                     widowed |      2.136   .9054056     1.79   0.073     .9306677    4.902388
                         age |   .9773035   .0041124    -5.46   0.000     .9692765     .985397
                     college |   .7140687   .0532925    -4.51   0.000     .6168975    .8265459
                       _cons |   .2545331   .0722985    -4.82   0.000     .1458699    .4441428
----------------------------------------------------------------------------------------------
Note: _cons estimates baseline odds.
(est9 stored)

Logistic regression                                     Number of obs = 21,407
                                                        Wald chi2(24) = 647.85
                                                        Prob > chi2   = 0.0000
Log pseudolikelihood = -2272361.7                       Pseudo R2     = 0.0956

----------------------------------------------------------------------------------------------
                             |               Robust
                          ne | Odds ratio   std. err.      z    P>|z|     [95% conf. interval]
-----------------------------+----------------------------------------------------------------
                         act |
        manufactures, prim.  |   .3747161   .0808285    -4.55   0.000     .2455235    .5718889
     extractive and energy.  |   .3379628    .062707    -5.85   0.000     .2349273    .4861879
         manufactures, sec.  |     .45015   .0828629    -4.34   0.000      .313812    .6457211
               construction  |   .7426426   .1188076    -1.86   0.063     .5427566    1.016143
      hospitality and sales  |   .6124499   .0860699    -3.49   0.000     .4649947     .806665
 Transport, storage and IT.  |   .5043538   .0815849    -4.23   0.000     .3673193    .6925111
  Financial and prof. serv.  |   .4341097    .071022    -5.10   0.000     .3150211    .5982177
   Education and healthcare  |   .6226562   .0998163    -2.96   0.003     .4547729     .852515
             Other services  |    .941105    .175584    -0.33   0.745     .6528712     1.35659
                             |
                         occ |
       white collar - prof.  |   1.129403   .3414384     0.40   0.687     .6244757    2.042594
white collar - tech. suport  |   1.286891   .3719776     0.87   0.383     .7302995    2.267685
       white collar - other  |    1.78994   .5368758     1.94   0.052     .9943254     3.22217
     blue collar - services  |   2.298489   .6631398     2.88   0.004     1.305754    4.045979
  blue collar - agriculture  |   1.128811   .3974894     0.34   0.731     .5660912    2.250897
     blue collar - artisans  |   1.781337   .5022759     2.05   0.041      1.02503    3.095678
       blue collar - equip.  |    2.05028   .5847893     2.52   0.012     1.172276    3.585885
                  unskilled  |   5.308922   1.496382     5.92   0.000     3.055521    9.224175
                             |
                      parent |   .5987921   .0793044    -3.87   0.000      .461894    .7762646
                     married |   .6299516    .074143    -3.93   0.000     .5001771    .7933969
              married_parent |   1.227339   .2219734     1.13   0.257     .8610303    1.749487
                    divorced |   .9875092   .1413694    -0.09   0.930     .7459079    1.307366
                     widowed |   2.446301    1.14932     1.90   0.057     .9740895    6.143573
                         age |   .9703292   .0046411    -6.30   0.000     .9612754    .9794684
                     college |   .7779131   .0695187    -2.81   0.005     .6529245    .9268282
                       _cons |   .3690689   .1299455    -2.83   0.005     .1851005    .7358803
----------------------------------------------------------------------------------------------
Note: _cons estimates baseline odds.
(est10 stored)

Logistic regression                                     Number of obs = 20,520
                                                        Wald chi2(24) = 691.50
                                                        Prob > chi2   = 0.0000
Log pseudolikelihood = -2323732.8                       Pseudo R2     = 0.0986

----------------------------------------------------------------------------------------------
                             |               Robust
                          ne | Odds ratio   std. err.      z    P>|z|     [95% conf. interval]
-----------------------------+----------------------------------------------------------------
                         act |
        manufactures, prim.  |   .3299112   .0720423    -5.08   0.000      .215041    .5061427
     extractive and energy.  |   .1943838   .0382319    -8.33   0.000     .1322037    .2858095
         manufactures, sec.  |   .3060773   .0605377    -5.99   0.000     .2077188    .4510104
               construction  |   .6588837   .1107229    -2.48   0.013     .4739882    .9159039
      hospitality and sales  |   .4243599   .0656335    -5.54   0.000     .3133889    .5746258
 Transport, storage and IT.  |    .352374   .0629509    -5.84   0.000      .248278    .5001143
  Financial and prof. serv.  |   .3183012   .0606124    -6.01   0.000     .2191536    .4623045
   Education and healthcare  |   .5830753    .097553    -3.22   0.001     .4200608    .8093515
             Other services  |   .5891402   .1128777    -2.76   0.006     .4046977    .8576431
                             |
                         occ |
       white collar - prof.  |   1.074531   .3613658     0.21   0.831     .5558518    2.077202
white collar - tech. suport  |   1.162499     .37875     0.46   0.644     .6138549    2.201506
       white collar - other  |   1.284003   .4379709     0.73   0.464     .6579952    2.505585
     blue collar - services  |   1.181286   .3903003     0.50   0.614     .6181807    2.257327
  blue collar - agriculture  |   .7197057   .2936009    -0.81   0.420     .3235273    1.601028
     blue collar - artisans  |   1.647455   .5248866     1.57   0.117     .8823015    3.076169
       blue collar - equip.  |   2.050976   .6635245     2.22   0.026     1.087885    3.866681
                  unskilled  |    3.72553   1.198432     4.09   0.000     1.983228    6.998476
                             |
                      parent |   .6315146    .082917    -3.50   0.000      .488227    .8168551
                     married |   .4859941   .0597883    -5.87   0.000     .3818686    .6185119
              married_parent |   1.615062   .3022765     2.56   0.010     1.119122    2.330778
                    divorced |   .7636302   .1122394    -1.83   0.067     .5724958    1.018577
                     widowed |   2.892024   1.402296     2.19   0.029     1.118068     7.48059
                         age |    .965331   .0047358    -7.19   0.000     .9560935    .9746577
                     college |   .7511532   .0725744    -2.96   0.003     .6215667    .9077564
                       _cons |   .7894075   .3199865    -0.58   0.560     .3566699    1.747173
----------------------------------------------------------------------------------------------
Note: _cons estimates baseline odds.
(est11 stored)

Logistic regression                                     Number of obs = 20,530
                                                        Wald chi2(24) = 632.58
                                                        Prob > chi2   = 0.0000
Log pseudolikelihood = -2317844.6                       Pseudo R2     = 0.0961

----------------------------------------------------------------------------------------------
                             |               Robust
                          ne | Odds ratio   std. err.      z    P>|z|     [95% conf. interval]
-----------------------------+----------------------------------------------------------------
                         act |
        manufactures, prim.  |   .5863417   .1239185    -2.53   0.012     .3874863    .8872484
     extractive and energy.  |   .3563514   .0670038    -5.49   0.000      .246507    .5151429
         manufactures, sec.  |   .6032523   .1181711    -2.58   0.010     .4109198    .8856068
               construction  |   .7792299   .1338034    -1.45   0.146     .5565495    1.091007
      hospitality and sales  |   .6700898   .1008925    -2.66   0.008     .4988515    .9001082
 Transport, storage and IT.  |   .3442418   .0670855    -5.47   0.000     .2349537    .5043651
  Financial and prof. serv.  |   .5950365   .1025627    -3.01   0.003     .4244508    .8341802
   Education and healthcare  |   .7752715   .1272681    -1.55   0.121     .5619804    1.069514
             Other services  |   1.103844   .2137408     0.51   0.610     .7552431     1.61335
                             |
                         occ |
       white collar - prof.  |   .7437898   .2206985    -1.00   0.318     .4157961    1.330516
white collar - tech. suport  |   1.213695   .3489039     0.67   0.501     .6908957    2.132095
       white collar - other  |   1.454227   .4320777     1.26   0.208     .8123153    2.603394
     blue collar - services  |   1.787695   .4993855     2.08   0.038     1.033983    3.090816
  blue collar - agriculture  |   1.523699   .5246157     1.22   0.221     .7759379    2.992067
     blue collar - artisans  |   1.871401   .5195486     2.26   0.024     1.086055    3.224647
       blue collar - equip.  |   2.270865   .6499094     2.87   0.004     1.295932    3.979245
                  unskilled  |   4.242289   1.174954     5.22   0.000     2.465185    7.300472
                             |
                      parent |   .6470374   .0775556    -3.63   0.000     .5115666     .818383
                     married |   .6108666    .068767    -4.38   0.000     .4899188    .7616731
              married_parent |   1.029968   .1753288     0.17   0.862     .7377778    1.437876
                    divorced |   .9907493   .1341662    -0.07   0.945     .7597925    1.291911
                     widowed |   .9842176   .5173114    -0.03   0.976     .3513128    2.757328
                         age |   .9662032   .0045957    -7.23   0.000     .9572378    .9752527
                     college |    .777735   .0707121    -2.76   0.006     .6507885    .9294444
                       _cons |    .460736   .1637572    -2.18   0.029     .2295692    .9246783
----------------------------------------------------------------------------------------------
Note: _cons estimates baseline odds.
(est12 stored)

Logistic regression                                     Number of obs = 20,521
                                                        Wald chi2(24) = 596.88
                                                        Prob > chi2   = 0.0000
Log pseudolikelihood = -2357153                         Pseudo R2     = 0.0887

----------------------------------------------------------------------------------------------
                             |               Robust
                          ne | Odds ratio   std. err.      z    P>|z|     [95% conf. interval]
-----------------------------+----------------------------------------------------------------
                         act |
        manufactures, prim.  |   .7708028   .1541048    -1.30   0.193     .5209123     1.14057
     extractive and energy.  |     .55382   .1031017    -3.17   0.002     .3845076    .7976866
         manufactures, sec.  |   .6576528   .1370688    -2.01   0.044     .4371074    .9894757
               construction  |   1.090741   .1817346     0.52   0.602     .7868611    1.511977
      hospitality and sales  |    .981134   .1458247    -0.13   0.898     .7331879    1.312929
 Transport, storage and IT.  |   .6064803   .1101217    -2.75   0.006     .4248736    .8657124
  Financial and prof. serv.  |    .770457   .1345855    -1.49   0.135     .5470893    1.085022
   Education and healthcare  |   .8794917   .1472175    -0.77   0.443     .6335044    1.220995
             Other services  |   .9922159   .1986243    -0.04   0.969     .6702094    1.468932
                             |
                         occ |
       white collar - prof.  |   1.078907   .3460864     0.24   0.813     .5753601    2.023151
white collar - tech. suport  |   2.279279   .6968791     2.69   0.007     1.251834    4.150004
       white collar - other  |   1.980276   .6351044     2.13   0.033     1.056167    3.712948
     blue collar - services  |   3.272096   .9808029     3.95   0.000     1.818363    5.888052
  blue collar - agriculture  |   3.541891   1.258737     3.56   0.000     1.764942    7.107877
     blue collar - artisans  |   2.926291   .8695085     3.61   0.000     1.634535    5.238907
       blue collar - equip.  |    3.45329   1.053226     4.06   0.000      1.89943     6.27831
                  unskilled  |   8.065134   2.399211     7.02   0.000     4.501909    14.44862
                             |
                      parent |   .6751077   .0803674    -3.30   0.001      .534617    .8525176
                     married |   .6708726   .0708648    -3.78   0.000     .5454148    .8251885
              married_parent |   1.053628   .1729543     0.32   0.750     .7637682    1.453493
                    divorced |   .8264442   .1145474    -1.38   0.169     .6298465    1.084407
                     widowed |   .9762884   .4563819    -0.05   0.959     .3905441    2.440541
                         age |   .9780634   .0045709    -4.75   0.000     .9691456    .9870633
                     college |   .7614589   .0675606    -3.07   0.002     .6399167    .9060862
                       _cons |   .1296597   .0459824    -5.76   0.000     .0647047     .259821
----------------------------------------------------------------------------------------------
Note: _cons estimates baseline odds.
(est13 stored)

Logistic regression                                     Number of obs = 20,192
                                                        Wald chi2(24) = 540.62
                                                        Prob > chi2   = 0.0000
Log pseudolikelihood = -2242659.2                       Pseudo R2     = 0.0823

----------------------------------------------------------------------------------------------
                             |               Robust
                          ne | Odds ratio   std. err.      z    P>|z|     [95% conf. interval]
-----------------------------+----------------------------------------------------------------
                         act |
        manufactures, prim.  |   .6236173   .1172917    -2.51   0.012     .4313421    .9016014
     extractive and energy.  |   .4292947   .0823828    -4.41   0.000     .2947187    .6253216
         manufactures, sec.  |   .5680248   .1157948    -2.77   0.006     .3809302    .8470113
               construction  |   .9290418   .1509783    -0.45   0.651     .6756266    1.277508
      hospitality and sales  |   .6352926   .0974435    -2.96   0.003     .4703415    .8580927
 Transport, storage and IT.  |   .5906291    .105831    -2.94   0.003      .415713    .8391433
  Financial and prof. serv.  |   .7557161   .1297691    -1.63   0.103     .5397506    1.058094
   Education and healthcare  |    .668561   .1154255    -2.33   0.020     .4766319    .9377758
             Other services  |   .9088561   .1956995    -0.44   0.657     .5959504    1.386054
                             |
                         occ |
       white collar - prof.  |   1.940529   .6098436     2.11   0.035     1.048132    3.592729
white collar - tech. suport  |   2.421092   .7330012     2.92   0.003     1.337533    4.382461
       white collar - other  |   2.607968    .827373     3.02   0.003     1.400426    4.856734
     blue collar - services  |   3.392071   1.018773     4.07   0.000     1.882849    6.111028
  blue collar - agriculture  |   2.441219   .9008503     2.42   0.016     1.184403    5.031694
     blue collar - artisans  |   3.484049   1.013199     4.29   0.000     1.970361    6.160597
       blue collar - equip.  |   3.187887   .9509238     3.89   0.000     1.776624    5.720187
                  unskilled  |   8.457564   2.474138     7.30   0.000     4.766928    15.00555
                             |
                      parent |   .7836821   .0928356    -2.06   0.040     .6213065    .9884939
                     married |   .5813381   .0662168    -4.76   0.000     .4650219    .7267484
              married_parent |   .8257966    .140371    -1.13   0.260     .5918119    1.152292
                    divorced |   .6817873   .0982049    -2.66   0.008     .5140929    .9041829
                     widowed |   .5849816   .2893091    -1.08   0.278     .2219071    1.542103
                         age |   .9924161   .0047065    -1.61   0.108     .9832343    1.001684
                     college |   .6888115   .0652356    -3.94   0.000     .5721175    .8293074
                       _cons |   .0851039   .0307064    -6.83   0.000     .0419592    .1726123
----------------------------------------------------------------------------------------------
Note: _cons estimates baseline odds.
(est14 stored)

Logistic regression                                     Number of obs = 19,846
                                                        Wald chi2(24) = 582.20
                                                        Prob > chi2   = 0.0000
Log pseudolikelihood = -2239398.1                       Pseudo R2     = 0.0871

----------------------------------------------------------------------------------------------
                             |               Robust
                          ne | Odds ratio   std. err.      z    P>|z|     [95% conf. interval]
-----------------------------+----------------------------------------------------------------
                         act |
        manufactures, prim.  |    .445565   .0837979    -4.30   0.000     .3081943    .6441655
     extractive and energy.  |   .2502352   .0482236    -7.19   0.000     .1715184    .3650783
         manufactures, sec.  |   .3119131   .0653742    -5.56   0.000     .2068375    .4703682
               construction  |   .4642086   .0750358    -4.75   0.000     .3381605    .6372407
      hospitality and sales  |   .4338346   .0647657    -5.59   0.000     .3237809    .5812958
 Transport, storage and IT.  |   .3806556   .0662121    -5.55   0.000       .27069    .5352938
  Financial and prof. serv.  |    .305488   .0551583    -6.57   0.000     .2144386    .4351964
   Education and healthcare  |   .5137167   .0848003    -4.04   0.000     .3717183     .709959
             Other services  |   .8581025   .1651845    -0.79   0.427     .5884141    1.251397
                             |
                         occ |
       white collar - prof.  |   2.540276   1.043813     2.27   0.023     1.135318     5.68387
white collar - tech. suport  |   1.953193   .7980622     1.64   0.101     .8768993    4.350515
       white collar - other  |   3.352769   1.384752     2.93   0.003     1.492253    7.532944
     blue collar - services  |   3.150275    1.24621     2.90   0.004     1.450854     6.84027
  blue collar - agriculture  |   1.472667   .6595923     0.86   0.387     .6121533    3.542819
     blue collar - artisans  |   3.995416   1.597741     3.46   0.001     1.824618    8.748871
       blue collar - equip.  |   3.590845   1.456502     3.15   0.002     1.621571    7.951648
                  unskilled  |   7.732212   3.061119     5.17   0.000     3.558935    16.79916
                             |
                      parent |   .7986658   .0982144    -1.83   0.068     .6276106    1.016342
                     married |   .7598956   .0835329    -2.50   0.012       .61261    .9425921
              married_parent |   .8078958   .1376764    -1.25   0.211     .5784942    1.128266
                    divorced |   .9418342    .132636    -0.43   0.670     .7146642    1.241215
                     widowed |   .6982087   .3252767    -0.77   0.441     .2801776    1.739952
                         age |   .9749182    .004503    -5.50   0.000     .9661323    .9837839
                     college |   .7032809   .0658717    -3.76   0.000     .5853322    .8449971
                       _cons |   .2238175   .0976287    -3.43   0.001     .0951923    .5262429
----------------------------------------------------------------------------------------------
Note: _cons estimates baseline odds.
(est15 stored)

Logistic regression                                     Number of obs = 19,600
                                                        Wald chi2(24) = 665.58
                                                        Prob > chi2   = 0.0000
Log pseudolikelihood = -2351145.3                       Pseudo R2     = 0.0927

----------------------------------------------------------------------------------------------
                             |               Robust
                          ne | Odds ratio   std. err.      z    P>|z|     [95% conf. interval]
-----------------------------+----------------------------------------------------------------
                         act |
        manufactures, prim.  |   .3252669   .0610941    -5.98   0.000     .2250923     .470023
     extractive and energy.  |   .2680625   .0519879    -6.79   0.000     .1832966    .3920286
         manufactures, sec.  |    .361276   .0729785    -5.04   0.000     .2431614    .5367643
               construction  |   .5843394   .0923193    -3.40   0.001     .4287306    .7964266
      hospitality and sales  |   .6114526   .0868574    -3.46   0.001     .4628591    .8077497
 Transport, storage and IT.  |   .4487131   .0759898    -4.73   0.000     .3219715    .6253456
  Financial and prof. serv.  |   .3542886   .0618447    -5.94   0.000     .2516351    .4988192
   Education and healthcare  |   .5518203   .0901053    -3.64   0.000     .4006888    .7599553
             Other services  |    .806554   .1577091    -1.10   0.272     .5497867    1.183239
                             |
                         occ |
       white collar - prof.  |   1.181356   .3407046     0.58   0.563     .6712634    2.079066
white collar - tech. suport  |   1.355364   .3833788     1.07   0.282     .7785467    2.359539
       white collar - other  |   1.867786   .5479688     2.13   0.033        1.051    3.319339
     blue collar - services  |   2.331987   .6302656     3.13   0.002     1.373005    3.960775
  blue collar - agriculture  |    1.00705   .3574038     0.02   0.984     .5022944    2.019036
     blue collar - artisans  |   2.667929   .7131481     3.67   0.000     1.579955    4.505094
       blue collar - equip.  |   2.432346   .6897399     3.13   0.002     1.395244    4.240337
                  unskilled  |   5.505131   1.486803     6.32   0.000      3.24249    9.346665
                             |
                      parent |   .6323084   .0784255    -3.70   0.000     .4958542    .8063135
                     married |   .6262847   .0693388    -4.23   0.000     .5041171    .7780583
              married_parent |   1.016409   .1737395     0.10   0.924     .7270578    1.420916
                    divorced |   .7776189   .1231643    -1.59   0.112     .5700961    1.060683
                     widowed |   .4146901   .2523356    -1.45   0.148     .1258272    1.366699
                         age |   .9820807   .0045029    -3.94   0.000     .9732947    .9909459
                     college |    .784968    .070187    -2.71   0.007     .6587836     .935322
                       _cons |   .2571894   .0857622    -4.07   0.000     .1337865    .4944177
----------------------------------------------------------------------------------------------
Note: _cons estimates baseline odds.
(est16 stored)

. esttab using "prob_ne_stocks_m.tex", se eform label replace
(file prob_ne_stocks_m.tex not found)
(output written to prob_ne_stocks_m.tex)

. esttab using "prob_ne_stocks_m_margins.tex", se margin mtitles label replace
(file prob_ne_stocks_m_margins.tex not found)
(output written to prob_ne_stocks_m_margins.tex)

. log close
