(fitting base model)

Bootstrap replications (20)
----+--- 1 ---+--- 2 ---+--- 3 ---+--- 4 ---+--- 5 
....................

Simultaneous quantile regression                    Number of obs =     53,941
  bootstrap(20) SEs                                 .25 Pseudo R2 =     0.0705
                                                    .50 Pseudo R2 =     0.0924
                                                    .75 Pseudo R2 =     0.1247

------------------------------------------------------------------------------
             |              Bootstrap
  wife_ten_y | Coefficient  std. err.      t    P>|t|     [95% conf. interval]
-------------+----------------------------------------------------------------
q25          |
   hub_ten_y |   .1854998   .0141125    13.14   0.000     .1578391    .2131604
  hub_ten_y2 |   -.003025   .0005959    -5.08   0.000    -.0041929   -.0018571
         age |  -.0013457   .0661821    -0.02   0.984    -.1310632    .1283717
        age2 |   .0020234   .0010212     1.98   0.048     .0000219     .004025
   part_time |  -1.566989    .069296   -22.61   0.000     -1.70281   -1.431168
     college |   2.022628   .1052426    19.22   0.000     1.816352    2.228905
     less_hs |  -.2399224   .1081938    -2.22   0.027    -.4519832   -.0278616
     hub_age |  -.0153026   .0068841    -2.22   0.026    -.0287956   -.0018097
      hub_se |  -.0533486   .0772451    -0.69   0.490    -.2047496    .0980524
 hub_college |   .8546629   .0877824     9.74   0.000     .6826086    1.026717
 hub_less_hs |  -.5636544      .1357    -4.15   0.000    -.8296275   -.2976813
       _cons |  -.1849725   .9739779    -0.19   0.849    -2.093977    1.724032
-------------+----------------------------------------------------------------
q50          |
   hub_ten_y |   .2316305   .0126364    18.33   0.000      .206863    .2563981
  hub_ten_y2 |  -.0032212   .0005762    -5.59   0.000    -.0043505   -.0020919
         age |  -.1190651   .0678244    -1.76   0.079    -.2520014    .0138712
        age2 |   .0069433   .0010737     6.47   0.000     .0048387    .0090478
   part_time |  -1.967719   .0656204   -29.99   0.000    -2.096336   -1.839103
     college |    1.75981   .0749615    23.48   0.000     1.612885    1.906735
     less_hs |  -1.206701   .1662167    -7.26   0.000    -1.532488   -.8809152
     hub_age |  -.0044999    .008739    -0.51   0.607    -.0216284    .0126285
      hub_se |   .1332856   .0955769     1.39   0.163    -.0540459    .3206171
 hub_college |   .4711788   .0645332     7.30   0.000     .3446934    .5976643
 hub_less_hs |   -.978637   .1967394    -4.97   0.000    -1.364248   -.5930262
       _cons |    1.68713   1.173895     1.44   0.151    -.6137133    3.987974
-------------+----------------------------------------------------------------
q75          |
   hub_ten_y |   .0804342   .0160625     5.01   0.000     .0489515    .1119169
  hub_ten_y2 |   .0024548   .0006729     3.65   0.000     .0011359    .0037736
         age |    .208226   .0725748     2.87   0.004     .0659787    .3504732
        age2 |   .0049512    .001108     4.47   0.000     .0027795    .0071229
   part_time |  -1.078767    .082566   -13.07   0.000    -1.240597    -.916937
     college |   -.021936   .0841017    -0.26   0.794    -.1867761    .1429041
     less_hs |  -1.965803    .225682    -8.71   0.000    -2.408141   -1.523465
     hub_age |   .0229683   .0095078     2.42   0.016     .0043331    .0416036
      hub_se |   .1597331   .0733642     2.18   0.029     .0159386    .3035276
 hub_college |   .0730188   .0634357     1.15   0.250    -.0513157    .1973533
 hub_less_hs |  -1.619621   .2727942    -5.94   0.000      -2.1543   -1.084942
       _cons |  -2.492108   1.216653    -2.05   0.041    -4.876757   -.1074599
------------------------------------------------------------------------------
