(fitting base model)

Bootstrap replications (20)
----+--- 1 ---+--- 2 ---+--- 3 ---+--- 4 ---+--- 5 
....................

Simultaneous quantile regression                    Number of obs =     10,182
  bootstrap(20) SEs                                 .25 Pseudo R2 =     0.0455
                                                    .50 Pseudo R2 =     0.1054
                                                    .75 Pseudo R2 =     0.1402

------------------------------------------------------------------------------
             |              Bootstrap
  wife_ten_y | Coefficient  std. err.      t    P>|t|     [95% conf. interval]
-------------+----------------------------------------------------------------
q25          |
   hub_ten_y |   .1414253   .0204465     6.92   0.000     .1013462    .1815045
  hub_ten_y2 |   -.002578   .0009699    -2.66   0.008    -.0044792   -.0006768
         age |  -.0484702   .1104531    -0.44   0.661      -.26498    .1680397
        age2 |   .0027349   .0017043     1.60   0.109     -.000606    .0060757
   part_time |  -.8576668   .1219849    -7.03   0.000    -1.096781   -.6185523
     college |   1.115774   .1215716     9.18   0.000     .8774698    1.354078
     less_hs |  -.9615399   .2247687    -4.28   0.000    -1.402131    -.520949
     hub_age |   .0104104   .0111729     0.93   0.351    -.0114907    .0323116
      hub_se |   .0186463   .2092255     0.09   0.929    -.3914769    .4287695
 hub_college |   .3368076   .1071067     3.14   0.002     .1268573     .546758
 hub_less_hs |  -.5251805    .183472    -2.86   0.004    -.8848218   -.1655392
       _cons |  -.8387488   1.791476    -0.47   0.640    -4.350395    2.672898
-------------+----------------------------------------------------------------
q50          |
   hub_ten_y |   .2504683   .0364447     6.87   0.000     .1790294    .3219071
  hub_ten_y2 |  -.0022389   .0016632    -1.35   0.178    -.0054991    .0010212
         age |   -1.31297   .1942166    -6.76   0.000    -1.693673   -.9322674
        age2 |   .0270869   .0029328     9.24   0.000      .021338    .0328359
   part_time |  -1.592675   .2891012    -5.51   0.000    -2.159371    -1.02598
     college |   2.191237    .226924     9.66   0.000     1.746421    2.636052
     less_hs |   -2.28921   .5748416    -3.98   0.000    -3.416013   -1.162407
     hub_age |   .0017156   .0190277     0.09   0.928    -.0355824    .0390136
      hub_se |  -.1818823   .2629693    -0.69   0.489    -.6973539    .3335893
 hub_college |   .3124301   .2596117     1.20   0.229      -.19646    .8213202
 hub_less_hs |  -1.728321   .4116138    -4.20   0.000    -2.535165   -.9214765
       _cons |   16.78383   3.348022     5.01   0.000     10.22105    23.34662
-------------+----------------------------------------------------------------
q75          |
   hub_ten_y |   .0701041   .0340163     2.06   0.039     .0034254    .1367828
  hub_ten_y2 |   .0016699   .0013754     1.21   0.225    -.0010261     .004366
         age |   .2755592   .1460787     1.89   0.059    -.0107839    .5619023
        age2 |   .0070669   .0022442     3.15   0.002     .0026679     .011466
   part_time |  -.9445593   .2646614    -3.57   0.000    -1.463348   -.4257707
     college |  -.3211999   .2352128    -1.37   0.172    -.7822633    .1398635
     less_hs |  -3.197137    1.12675    -2.84   0.005     -5.40579   -.9884841
     hub_age |   .0748698    .025634     2.92   0.003     .0246221    .1251176
      hub_se |   .1135758   .1911814     0.59   0.552    -.2611776    .4883291
 hub_college |   -.179471   .1852797    -0.97   0.333    -.5426557    .1837137
 hub_less_hs |  -3.578946   .6368298    -5.62   0.000    -4.827258   -2.330634
       _cons |  -8.914477   2.387828    -3.73   0.000    -13.59509   -4.233863
------------------------------------------------------------------------------
