
. sqreg ten_y other_ten_y ttrend ttrend2 i.sexo1#c.ttrend i.sexo1#c.ttrend2 i.covid##i.sexo1 ///
>                 if ((mother==1&wife==1)|(father==1&husband==1))&employed&age>=30&age<35, ///
>                 q(.25 .5 .75)
(fitting base model)

Bootstrap replications (20)
----+--- 1 ---+--- 2 ---+--- 3 ---+--- 4 ---+--- 5 
....................

Simultaneous quantile regression                    Number of obs =    103,198
  bootstrap(20) SEs                                 .25 Pseudo R2 =     0.0160
                                                    .50 Pseudo R2 =     0.0274
                                                    .75 Pseudo R2 =     0.0223

---------------------------------------------------------------------------------
                |              Bootstrap
          ten_y | Coefficient  std. err.      t    P>|t|     [95% conf. interval]
----------------+----------------------------------------------------------------
q25             |
    other_ten_y |   .1015219   .0025364    40.03   0.000     .0965506    .1064932
         ttrend |   .0544554   .0063154     8.62   0.000     .0420773    .0668335
        ttrend2 |  -.0009499   .0000987    -9.63   0.000    -.0011433   -.0007565
                |
 sexo1#c.ttrend |
             1  |   .0396009   .0084358     4.69   0.000     .0230669    .0561349
                |
sexo1#c.ttrend2 |
             1  |  -.0004682   .0001401    -3.34   0.001    -.0007427   -.0001937
                |
          covid |
             1  |   .7268158   .0974762     7.46   0.000     .5357636    .9178679
             2  |    1.00192   .1450178     6.91   0.000     .7176867    1.286153
                |
        1.sexo1 |  -.8203039   .0748311   -10.96   0.000    -.9669719   -.6736359
                |
    covid#sexo1 |
           1 1  |  -.2454842   .1548986    -1.58   0.113    -.5490834    .0581151
           2 1  |   -.334182   .1827453    -1.83   0.067    -.6923604    .0239964
                |
          _cons |   .8655801   .0600381    14.42   0.000     .7479062     .983254
----------------+----------------------------------------------------------------
q50             |
    other_ten_y |    .205076   .0041057    49.95   0.000     .1970289    .2131231
         ttrend |   .0752418   .0063124    11.92   0.000     .0628695    .0876141
        ttrend2 |  -.0011285   .0001186    -9.52   0.000    -.0013609    -.000896
                |
 sexo1#c.ttrend |
             1  |   .0467615   .0074804     6.25   0.000        .0321     .061423
                |
sexo1#c.ttrend2 |
             1  |  -.0003516   .0001227    -2.87   0.004     -.000592   -.0001111
                |
          covid |
             1  |   .1992827   .1788452     1.11   0.265    -.1512514    .5498169
             2  |   .5357608   .2645301     2.03   0.043     .0172852    1.054236
                |
        1.sexo1 |  -1.379262   .1181813   -11.67   0.000    -1.610895   -1.147628
                |
    covid#sexo1 |
           1 1  |  -.5870629   .2896621    -2.03   0.043    -1.154797   -.0193291
           2 1  |  -1.320136   .3155308    -4.18   0.000    -1.938572   -.7016995
                |
          _cons |   3.335296   .0849964    39.24   0.000     3.168704    3.501888
----------------+----------------------------------------------------------------
q75             |
    other_ten_y |    .168837   .0052956    31.88   0.000     .1584578    .1792163
         ttrend |   .0204124   .0093331     2.19   0.029     .0021196    .0387052
        ttrend2 |   .0001341   .0001579     0.85   0.396    -.0001754    .0004435
                |
 sexo1#c.ttrend |
             1  |   .0344191   .0117036     2.94   0.003     .0114803     .057358
                |
sexo1#c.ttrend2 |
             1  |  -.0004568   .0002018    -2.26   0.024    -.0008523   -.0000612
                |
          covid |
             1  |  -.5545949   .3147818    -1.76   0.078    -1.171563    .0623734
             2  |  -1.136057   .3417244    -3.32   0.001    -1.805832   -.4662812
                |
        1.sexo1 |  -1.297482   .1232174   -10.53   0.000    -1.538986   -1.055977
                |
    covid#sexo1 |
           1 1  |   .2012236   .4062449     0.50   0.620    -.5950112    .9974583
           2 1  |  -.5009176   .3727582    -1.34   0.179    -1.231519    .2296837
                |
          _cons |   7.678413   .1065715    72.05   0.000     7.469534    7.887291
---------------------------------------------------------------------------------

. log close 
