
. sqreg ten_y other_ten_y ttrend ttrend2 i.sexo1#c.ttrend i.sexo1#c.ttrend2 i.covid##i.sexo1 ///
>                  part_time#i.sexo1 college#i.sexo1 less_hs#i.sexo1 ///
>                  other_se#i.sexo1 other_college#i.sexo1 other_less_hs#i.sexo1 i.age ///
>                  if ((mother_10==0&wife==1)|(father_10==0&husband==1))&employed&age3040==1, ///
>                  q(.25 .5 .75)
(fitting base model)

Bootstrap replications (20)
----+--- 1 ---+--- 2 ---+--- 3 ---+--- 4 ---+--- 5 
......convergence not achieved
x....convergence not achieved
x..........

Simultaneous quantile regression                    Number of obs =    134,841
  bootstrap(20) SEs                                 .25 Pseudo R2 =     0.0267
                                                    .50 Pseudo R2 =     0.0502
                                                    .75 Pseudo R2 =     0.0840

-------------------------------------------------------------------------------------
                    |              Bootstrap
              ten_y | Coefficient  std. err.      t    P>|t|     [95% conf. interval]
--------------------+----------------------------------------------------------------
q25                 |
        other_ten_y |   .0717881   .0039452    18.20   0.000     .0640555    .0795207
             ttrend |   .0472795   .0036857    12.83   0.000     .0400556    .0545033
            ttrend2 |  -.0008518   .0000658   -12.95   0.000    -.0009807   -.0007229
                    |
     sexo1#c.ttrend |
                 1  |   .0062442   .0056361     1.11   0.268    -.0048025    .0172908
                    |
    sexo1#c.ttrend2 |
                 1  |  -.0000489   .0000963    -0.51   0.612    -.0002376    .0001399
                    |
              covid |
                 1  |   .4190174   .0735016     5.70   0.000     .2749556    .5630792
                 2  |   .8645423   .1194464     7.24   0.000     .6304296    1.098655
                 3  |   .8869962   .1244408     7.13   0.000     .6430944    1.130898
                    |
            1.sexo1 |  -.1176405   .0692599    -1.70   0.089    -.2533887    .0181077
                    |
        covid#sexo1 |
               1 1  |  -.1814541    .088602    -2.05   0.041    -.3551124   -.0077959
               2 1  |  -.2608782   .1455817    -1.79   0.073    -.5462157    .0244592
               3 1  |  -.0850761   .2045023    -0.42   0.677    -.4858968    .3157447
                    |
    part_time#sexo1 |
               1 0  |   -1.53821   .0382368   -40.23   0.000    -1.613154   -1.463267
               1 1  |  -1.174402   .0281947   -41.65   0.000    -1.229663    -1.11914
                    |
      college#sexo1 |
               1 0  |   .3735143    .032805    11.39   0.000     .3092171    .4378116
               1 1  |   .4398979   .0382885    11.49   0.000     .3648532    .5149426
                    |
      less_hs#sexo1 |
               1 0  |  -.6252862   .0689276    -9.07   0.000     -.760383   -.4901895
               1 1  |  -.5868442   .0859853    -6.82   0.000    -.7553737   -.4183147
                    |
     other_se#sexo1 |
               1 0  |  -.0762832   .0479427    -1.59   0.112    -.1702501    .0176837
               1 1  |   .0103194   .0370677     0.28   0.781    -.0623326    .0829714
                    |
other_college#sexo1 |
               1 0  |   .4500629   .0378081    11.90   0.000     .3759597    .5241661
               1 1  |  -.0040652   .0277756    -0.15   0.884    -.0585049    .0503745
                    |
other_less_hs#sexo1 |
               1 0  |  -.3291347   .0921588    -3.57   0.000    -.5097642   -.1485052
               1 1  |  -.3226025   .0687147    -4.69   0.000    -.4572821    -.187923
                    |
             35.age |   .4561997   .0145006    31.46   0.000     .4277787    .4846206
              _cons |   .7789323   .0496829    15.68   0.000     .6815547    .8763098
--------------------+----------------------------------------------------------------
q50                 |
        other_ten_y |   .1505085   .0038588    39.00   0.000     .1429453    .1580717
             ttrend |   .0486497   .0054138     8.99   0.000     .0380386    .0592607
            ttrend2 |  -.0007387    .000104    -7.11   0.000    -.0009425    -.000535
                    |
     sexo1#c.ttrend |
                 1  |   .0119075   .0064521     1.85   0.065    -.0007384    .0245534
                    |
    sexo1#c.ttrend2 |
                 1  |    -.00011   .0001224    -0.90   0.369    -.0003499    .0001299
                    |
              covid |
                 1  |  -.2412596   .2043339    -1.18   0.238    -.6417502     .159231
                 2  |   .1146875    .204051     0.56   0.574    -.2852487    .5146237
                 3  |   .0966709   .2849144     0.34   0.734    -.4617561    .6550978
                    |
            1.sexo1 |  -.8437073   .1042199    -8.10   0.000    -1.047976   -.6394382
                    |
        covid#sexo1 |
               1 1  |  -.2929807   .2556287    -1.15   0.252    -.7940083    .2080469
               2 1  |  -.4271529   .2279091    -1.87   0.061    -.8738506    .0195448
               3 1  |   -.360815   .3591124    -1.00   0.315    -1.064669    .3430386
                    |
    part_time#sexo1 |
               1 0  |  -3.543168   .0736946   -48.08   0.000    -3.687608   -3.398727
               1 1  |  -2.390205   .0435613   -54.87   0.000    -2.475584   -2.304826
                    |
      college#sexo1 |
               1 0  |  -.0987386   .0603309    -1.64   0.102    -.2169861    .0195088
               1 1  |   .5374186   .0680614     7.90   0.000     .4040196    .6708177
                    |
      less_hs#sexo1 |
               1 0  |  -1.383341   .1543061    -8.96   0.000    -1.685778   -1.080904
               1 1  |  -.7372891   .1497562    -4.92   0.000    -1.030809   -.4437696
                    |
     other_se#sexo1 |
               1 0  |   .0698313   .1156721     0.60   0.546     -.156884    .2965465
               1 1  |  -.1056016   .0678377    -1.56   0.120    -.2385623    .0273591
                    |
other_college#sexo1 |
               1 0  |   .6218267   .0589085    10.56   0.000      .506367    .7372863
               1 1  |  -.1211389   .0512721    -2.36   0.018    -.2216313   -.0206466
                    |
other_less_hs#sexo1 |
               1 0  |  -.7635151   .1721133    -4.44   0.000    -1.100854   -.4261763
               1 1  |  -.3570566   .1303201    -2.74   0.006    -.6124817   -.1016315
                    |
             35.age |   1.676618   .0406916    41.20   0.000     1.596864    1.756373
              _cons |   3.328328   .0767161    43.39   0.000     3.177966     3.47869
--------------------+----------------------------------------------------------------
q75                 |
        other_ten_y |   .1618662   .0045399    35.65   0.000      .152968    .1707644
             ttrend |   .0005058   .0052739     0.10   0.924     -.009831    .0108427
            ttrend2 |   .0001686   .0000954     1.77   0.077    -.0000184    .0003556
                    |
     sexo1#c.ttrend |
                 1  |   .0075025   .0076836     0.98   0.329    -.0075572    .0225621
                    |
    sexo1#c.ttrend2 |
                 1  |  -.0000493   .0001362    -0.36   0.717    -.0003161    .0002176
                    |
              covid |
                 1  |  -.3098072   .2379375    -1.30   0.193    -.7761604     .156546
                 2  |  -.2962587   .2117664    -1.40   0.162     -.711317    .1187996
                 3  |  -.8517417    .293109    -2.91   0.004     -1.42623   -.2772535
                    |
            1.sexo1 |  -1.574224   .1648865    -9.55   0.000    -1.897398   -1.251049
                    |
        covid#sexo1 |
               1 1  |  -.6842193   .3228692    -2.12   0.034    -1.317037   -.0514017
               2 1  |   -.596552   .3603459    -1.66   0.098    -1.302823    .1097193
               3 1  |  -.8913296   .4390526    -2.03   0.042    -1.751865   -.0307947
                    |
    part_time#sexo1 |
               1 0  |  -4.568317   .1423907   -32.08   0.000      -4.8474   -4.289234
               1 1  |  -2.977208   .0910632   -32.69   0.000     -3.15569   -2.798725
                    |
      college#sexo1 |
               1 0  |  -1.595215     .06628   -24.07   0.000    -1.725123   -1.465308
               1 1  |  -.3686927   .0922587    -4.00   0.000    -.5495181   -.1878672
                    |
      less_hs#sexo1 |
               1 0  |  -1.527255   .2236026    -6.83   0.000    -1.965512   -1.088998
               1 1  |  -1.806247   .1418137   -12.74   0.000    -2.084199   -1.528295
                    |
     other_se#sexo1 |
               1 0  |   .2901094   .1101256     2.63   0.008     .0742654    .5059535
               1 1  |  -.0262261   .0765879    -0.34   0.732    -.1763369    .1238847
                    |
other_college#sexo1 |
               1 0  |   .2096724   .0866908     2.42   0.016     .0397601    .3795847
               1 1  |  -.4412979   .0673085    -6.56   0.000    -.5732213   -.3093745
                    |
other_less_hs#sexo1 |
               1 0  |  -1.913374   .2425269    -7.89   0.000    -2.388722   -1.438026
               1 1  |  -.2087595   .1516381    -1.38   0.169    -.5059674    .0884485
                    |
             35.age |   2.925514   .0417326    70.10   0.000     2.843719    3.007309
              _cons |   8.255078    .090737    90.98   0.000     8.077236    8.432921
-------------------------------------------------------------------------------------

. log close
