
. sqreg ten_y other_ten_y ttrend i.sexo1#c.ttrend i.covid##i.sexo1 i.age##i.sexo1 i.occgroup ///
>                  if ((mother_20==0&wife==1)|(father_20==0&husband==1))&employed&age3040==1&ciclo>=172, ///
>                  q(.25 .5 .75)
(fitting base model)

Bootstrap replications (20)
----+--- 1 ---+--- 2 ---+--- 3 ---+--- 4 ---+--- 5 
....................

Simultaneous quantile regression                    Number of obs =     45,370
  bootstrap(20) SEs                                 .25 Pseudo R2 =     0.0160
                                                    .50 Pseudo R2 =     0.0417
                                                    .75 Pseudo R2 =     0.0676

--------------------------------------------------------------------------------
               |              Bootstrap
         ten_y | Coefficient  std. err.      t    P>|t|     [95% conf. interval]
---------------+----------------------------------------------------------------
q25            |
   other_ten_y |   .0675106   .0040453    16.69   0.000     .0595816    .0754395
        ttrend |  -.0055756   .0056505    -0.99   0.324    -.0166508    .0054995
               |
sexo1#c.ttrend |
            1  |   -.019791    .007096    -2.79   0.005    -.0336993   -.0058828
               |
         covid |
            1  |   .2161442   .1194892     1.81   0.070    -.0180566     .450345
            2  |   .3726641   .1288349     2.89   0.004     .1201457    .6251826
            3  |   .2146372   .1265294     1.70   0.090    -.0333624    .4626368
               |
       1.sexo1 |   .7998798   .3821086     2.09   0.036     .0509407    1.548819
               |
   covid#sexo1 |
          1 1  |  -.0796162    .114445    -0.70   0.487    -.3039302    .1446979
          2 1  |   .0473178   .1746479     0.27   0.786    -.2949949    .3896306
          3 1  |   .2214689   .1888338     1.17   0.241    -.1486484    .5915862
               |
        35.age |   .4558971   .0482072     9.46   0.000     .3614103    .5503839
               |
     age#sexo1 |
         35 1  |   .0296364   .0791384     0.37   0.708    -.1254762     .184749
               |
      occgroup |
            2  |  -.2615029   .0571351    -4.58   0.000    -.3734886   -.1495172
            3  |  -.5885573   .0588759   -10.00   0.000    -.7039551   -.4731595
            4  |  -.6666667   .0432095   -15.43   0.000    -.7513579   -.5819754
            5  |  -1.360006     .04819   -28.22   0.000    -1.454459   -1.265553
               |
         _cons |   1.816707    .295424     6.15   0.000     1.237671    2.395742
---------------+----------------------------------------------------------------
q50            |
   other_ten_y |   .1533196    .006479    23.66   0.000     .1406206    .1660187
        ttrend |  -.0784708   .0123023    -6.38   0.000    -.1025835   -.0543581
               |
sexo1#c.ttrend |
            1  |   .0045631   .0180325     0.25   0.800    -.0307809    .0399071
               |
         covid |
            1  |   .4558665    .192629     2.37   0.018     .0783105    .8334225
            2  |   .8048283   .2506963     3.21   0.001     .3134595    1.296197
            3  |   .9092233     .23789     3.82   0.000      .442955    1.375492
               |
       1.sexo1 |   -.829041   .9877449    -0.84   0.401    -2.765037    1.106955
               |
   covid#sexo1 |
          1 1  |  -.5133186   .2266168    -2.27   0.024    -.9574913   -.0691459
          2 1  |  -.4150126   .3495469    -1.19   0.235     -1.10013    .2701051
          3 1  |   -.296501   .3782935    -0.78   0.433    -1.037962    .4449605
               |
        35.age |    1.94222   .1068107    18.18   0.000     1.732869    2.151571
               |
     age#sexo1 |
         35 1  |  -.0772303   .1626454    -0.47   0.635     -.396018    .2415574
               |
      occgroup |
            2  |  -.2337439   .0866459    -2.70   0.007    -.4035713   -.0639165
            3  |  -.7559034   .1007775    -7.50   0.000     -.953429   -.5583777
            4  |  -.6596937   .1140911    -5.78   0.000    -.8833142   -.4360733
            5  |  -2.440623   .1099036   -22.21   0.000    -2.656036    -2.22521
               |
         _cons |   8.013247   .6411589    12.50   0.000     6.756565    9.269929
---------------+----------------------------------------------------------------
q75            |
   other_ten_y |   .1562735   .0080055    19.52   0.000     .1405827    .1719643
        ttrend |  -.0059792   .0137124    -0.44   0.663    -.0328557    .0208972
               |
sexo1#c.ttrend |
            1  |  -.0086002   .0178912    -0.48   0.631    -.0436672    .0264668
               |
         covid |
            1  |   -.160843   .2904909    -0.55   0.580    -.7302099    .4085239
            2  |  -.1982526   .2665834    -0.74   0.457    -.7207603    .3242552
            3  |  -.3722758   .2803189    -1.33   0.184    -.9217053    .1771537
               |
       1.sexo1 |  -.0860909   .8769825    -0.10   0.922    -1.804991    1.632809
               |
   covid#sexo1 |
          1 1  |  -.5267587   .2801786    -1.88   0.060    -1.075913     .022396
          2 1  |   -.299793   .4860828    -0.62   0.537    -1.252523    .6529373
          3 1  |  -.6960176   .3709077    -1.88   0.061    -1.423003    .0309676
               |
        35.age |   3.321344   .1013441    32.77   0.000     3.122708     3.51998
               |
     age#sexo1 |
         35 1  |  -.2307309   .1392094    -1.66   0.097    -.5035835    .0421218
               |
      occgroup |
            2  |   .4470011   .0995742     4.49   0.000      .251834    .6421682
            3  |   .7031679   .1274179     5.52   0.000     .4534268     .952909
            4  |   1.600551     .12814    12.49   0.000     1.349394    1.851707
            5  |   -1.04071    .215806    -4.82   0.000    -1.463694   -.6177271
               |
         _cons |   7.060733   .6957918    10.15   0.000      5.69697    8.424496
--------------------------------------------------------------------------------

. log close
