(fitting base model)

Bootstrap replications (20)
----+--- 1 ---+--- 2 ---+--- 3 ---+--- 4 ---+--- 5 
....................

Simultaneous quantile regression                    Number of obs =     55,514
  bootstrap(20) SEs                                 .25 Pseudo R2 =     0.0713
                                                    .50 Pseudo R2 =     0.1017
                                                    .75 Pseudo R2 =     0.1526

------------------------------------------------------------------------------
             |              Bootstrap
  wife_ten_y | Coefficient  std. err.      t    P>|t|     [95% conf. interval]
-------------+----------------------------------------------------------------
q25          |
   hub_ten_y |   .2182605   .0134095    16.28   0.000     .1919778    .2445432
  hub_ten_y2 |  -.0053245   .0005008   -10.63   0.000    -.0063061   -.0043429
         age |  -.0454195   .0495087    -0.92   0.359    -.1424569    .0516179
        age2 |   .0026598   .0007879     3.38   0.001     .0011155    .0042042
   part_time |  -1.518453   .0469838   -32.32   0.000    -1.610541   -1.426364
     college |   1.657391    .060867    27.23   0.000     1.538091    1.776691
     less_hs |  -.7580586   .1161181    -6.53   0.000    -.9856508   -.5304664
     hub_age |  -.0118656   .0065853    -1.80   0.072    -.0247728    .0010417
      hub_se |  -.0188232   .0749868    -0.25   0.802    -.1657979    .1281515
 hub_college |   .6315982   .0678639     9.31   0.000     .4985844     .764612
 hub_less_hs |  -.5388588   .1562006    -3.45   0.001     -.845013   -.2327046
       _cons |   .5137152   .7955387     0.65   0.518    -1.045546    2.072976
-------------+----------------------------------------------------------------
q50          |
   hub_ten_y |   .3184949   .0166933    19.08   0.000      .285776    .3512139
  hub_ten_y2 |  -.0064681   .0006817    -9.49   0.000    -.0078042    -.005132
         age |  -.5211258   .0607611    -8.58   0.000     -.640218   -.4020335
        age2 |    .012968    .000962    13.48   0.000     .0110825    .0148536
   part_time |  -1.781984   .0843592   -21.12   0.000    -1.947329   -1.616639
     college |   1.819777   .0916187    19.86   0.000     1.640203     1.99935
     less_hs |  -1.770881   .2188582    -8.09   0.000    -2.199845   -1.341918
     hub_age |  -.0072447   .0090379    -0.80   0.423    -.0249591    .0104697
      hub_se |   .3266981   .0788746     4.14   0.000     .1721034    .4812928
 hub_college |   .4638044   .0754063     6.15   0.000     .3160076    .6116012
 hub_less_hs |   -.890075   .1706323    -5.22   0.000    -1.224516   -.5556345
       _cons |   7.396297   .9628621     7.68   0.000     5.509081    9.283514
-------------+----------------------------------------------------------------
q75          |
   hub_ten_y |   .1566264   .0183249     8.55   0.000     .1207095    .1925433
  hub_ten_y2 |   .0008173   .0007965     1.03   0.305    -.0007438    .0023785
         age |  -.5662048    .061552    -9.20   0.000    -.6868471   -.4455625
        age2 |     .01666   .0009336    17.85   0.000     .0148302    .0184898
   part_time |  -1.302279   .0523131   -24.89   0.000    -1.404813   -1.199745
     college |   .1865703   .1067001     1.75   0.080    -.0225626    .3957032
     less_hs |  -3.421428   .2210122   -15.48   0.000    -3.854614   -2.988243
     hub_age |   .0730673   .0083668     8.73   0.000     .0566683    .0894663
      hub_se |   .2925919   .0742516     3.94   0.000     .1470582    .4381256
 hub_college |  -.0681735    .060663    -1.12   0.261    -.1870735    .0507265
 hub_less_hs |  -.8634565   .1638309    -5.27   0.000    -1.184566   -.5423469
       _cons |   7.394834    .903586     8.18   0.000       5.6238    9.165869
------------------------------------------------------------------------------
