-----------------------------------------------------------------------------------------------------------------
      name:  <unnamed>
       log:  C:\Users\lafuentemart\Documents\TenMoCoS\results/stocks_w.log
  log type:  text
 opened on:   1 Mar 2023, 14:56:41

. tab ciclo state [fweight=facexp]

           |                               state
     ciclo |         A          D          I          P          T          U |     Total
-----------+------------------------------------------------------------------+----------
       130 | 352473770   19967306 2220287632 1015858181  485307417  212133322 |4306027628 
       131 | 347084244   19966895 2212354080 1025786556  523220374  196913722 |4325325871 
       132 | 345278435   18648997 2220691794 1028068529  550212789  178353882 |4341254426 
       133 | 348398328   19009449 2222608720 1042363557  541150189  186028444 |4359558687 
       134 | 350993960   19007155 2222372056 1053661326  534181558  194281337 |4374497392 
       135 | 359142474   20675199 2218917167 1049914350  559427734  183441395 |4391518319 
       136 | 354224791   20515976 2224880009 1062655880  571699062  176685186 |4410660904 
       137 | 355045892   22102784 2231748029 1081587767  560802741  181944107 |4433231320 
       138 | 356625046   23985396 2241892625 1114625307  531516718  186322716 |4454967808 
       139 | 359954298   26623835 2240462356 1132459964  539056290  177318866 |4475875609 
       140 | 365876117   23017573 2241561322 1142225099  544220612  180617163 |4497517886 
       141 | 362292721   23912099 2255103949 1158717704  526866368  194197822 |4521090663 
       142 | 360988914   22512664 2255730718 1168152436  510341248  219048048 |4536774028 
       143 | 360941295   23767006 2248840808 1181269433  498717069  238569163 |4552104774 
       144 | 363634959   21087567 2250824900 1174374054  496547920  260069546 |4566538946 
       145 | 357804699   21912592 2254099664 1168829530  456981368  320683009 |4580310862 
       146 | 327139996   20632466 2256769204 1177485890  403185864  401816765 |4587030185 
       147 | 323110419   23205070 2263893125 1170464537  398644606  413958198 |4593275955 
       148 | 323467790   21731607 2277487255 1157303062  407341207  412140302 |4599471223 
       149 | 316584795   23655411 2283490626 1156611915  392190801  433498968 |4606032516 
       150 | 316325096   22984069 2281686870 1150644749  375331443  461769572 |4608741799 
       151 | 313123933   24910372 2271577643 1151061279  386015071  465530575 |4612218873 
       152 | 311389420   23383551 2275962536 1149022480  398105101  458537628 |4616400716 
       153 | 312021547   24449731 2284567663 1147477263  383543537  470217393 |4622277134 
       154 | 305875209   23675797 2290021818 1135633455  377431267  492117205 |4624754751 
       155 | 304242642   28540513 2281382970 1134925298  394487947  484422132 |4628001502 
       156 | 300514511   23633620 2284143579 1124175058  400124411  499800984 |4632392163 
       157 | 300249764   27443369 2293526304 1111921106  375688680  528729690 |4637558913 
       158 | 304138959   26124686 2292353275 1099922883  346324219  566787959 |4635651981 
       159 | 301901408   26913234 2271220031 1094184193  343048797  569334368 |4606602031 
       160 | 310683822   23674420 2281858383 1085003685  347408124  582423352 |4631051786 
       161 | 305069327   26070307 2294132144 1076801152  325995386  602102987 |4630171303 
       162 | 304320568   25745014 2293865807 1066014479  306938773  627821844 |4624706485 
       163 | 308838394   29460981 2297688422 1055655606  322101511  604731907 |4618476821 
       164 | 310619732   22937834 2293318507 1049713898  339733495  594335314 |4610658780 
       165 | 304179357   27242688 2297357215 1048675367  333425253  593564371 |4604444251 
       166 | 302112856   25257002 2309275671 1045503331  322186419  593330104 |4597665383 
       167 | 303555233   30006135 2302817194 1058772736  342967140  562286033 |4600404471 
       168 | 309086165   24538247 2306691347 1061569709  355206373  542766853 |4599858694 
       169 | 308599166   28652031 2297364015 1068546062  351110817  545774656 |4600046747 
       170 | 306089609   25711765 2308697023 1074014593  339662769  544462777 |4598638536 
       171 | 310425677   30503426 2295466004 1075300763  370423944  514900998 |4597020812 
       172 | 309977336   25586448 2305415192 1078332564  390974239  485080512 |4595366291 
       173 | 310537174   30091213 2308411963 1084168559  384619004  477950740 |4595778653 
       174 | 309446427   29151266 2313215717 1090343592  374019280  479140755 |4595317037 
       175 | 311318090   32900731 2307985449 1095234057  390644565  457468372 |4595551264 
       176 | 312291391   29981968 2313442537 1095246085  415232901  432080712 |4598275594 
       177 | 312268454   33690600 2327372410 1097557358  407293039  423779912 |4601961773 
       178 | 309748270   34448505 2334510152 1104601511  395028194  425502706 |4603839338 
       179 | 312305937   36533657 2332794194 1111877557  420613965  391430014 |4605555324 
       180 | 314256117   31822515 2330948391 1123337205  435505494  373173110 |4609042832 
       181 | 307579829   33064513 2336953125 1133974587  425216348  376667232 |4613455634 
       182 | 308196080   31721469 2351251577 1135173745  412329227  379607888 |4618279986 
       183 | 308676907   39425925 2340680149 1150605925  435697873  349010070 |4624096849 
       184 | 309439411   34472290 2347219838 1158092893  450793431  332597507 |4632615370 
       185 | 311096281   35244969 2356651885 1168166647  441947422  330429230 |4643536434 
       186 | 311338260   33495634 2369747625 1178907232  423372040  335422285 |4652283076 
       187 | 311662731   40672390 2356349651 1188176562  439979277  323062772 |4659903383 
       188 | 308434357   36369419 2361372490 1194987801  447640772  321438065 |4670242904 
       189 | 312074492   38574700 2363478571 1206254151  439785049  319192824 |4679359787 
       190 | 312113873   32973190 2388021182 1208781808  414257591  331296115 |4687443759 
       191 | 308037093   34173872 2492058609 1171443034  347068020  336795753 |4689576381 
       192 | 306882075   33273091 2400390652 1188175927  389355843  372292711 |4690370299 
       193 | 310276695   34048858 2384599197 1190030314  400072834  371978284 |4691006182 
       194 | 310251332   33698052 2401687312 1193513948  383213445  365394707 |4687758796 
       195 | 316424577   35978772 2360053161 1201044015  413718187  354384177 |4681602889 
       196 | 311444994   33461271 2335158682 1218059852  440133944  341669546 |4679928289 
       197 | 321070649   37335805 2356024034 1229241647  430846637  310384291 |4684903063 
       198 | 315623554   36863184 2361735741 1246121215  409864686  317471321 |4687679701 
       199 | 316409769   51622225 2354705748 1293032230  385738297  291941515 |4693449784 
       200 | 314252193   52505676 2352819543 1336570366  351244274  298020032 |4705412084 
       201 | 309234646   59415540 2371915604 1366266996  311468409  302398187 |4720699382 
-----------+------------------------------------------------------------------+----------
     Total | 2.309e+10 2090393587  1.659e+11  8.156e+10  3.008e+10  2.786e+10 | 3.305e+11 

. log close
      name:  <unnamed>
       log:  C:\Users\lafuentemart\Documents\TenMoCoS\results/stocks_w.log
  log type:  text
 closed on:   1 Mar 2023, 14:57:03
-----------------------------------------------------------------------------------------------------------------
