-----------------------------------------------------------------------------------------------------------------
      name:  <unnamed>
       log:  C:\Users\lafuentemart\Documents\TenMoCoS\results/stocks_pt_w.log
  log type:  text
 opened on:   1 Mar 2023, 15:17:50

. tab ciclo state [fweight=facexp]

           |                                    state
     ciclo |         A          D          H          I          P          T          U |     Total
-----------+-----------------------------------------------------------------------------+----------
       130 | 352473770   19967306   83773414 2220287632  932084767  485307417  212133322 |4306027628 
       131 | 347084244   19966895   87973264 2212354080  937813292  523220374  196913722 |4325325871 
       132 | 345278435   18648997   82472452 2220691794  945596077  550212789  178353882 |4341254426 
       133 | 348398328   19009449   81923129 2222608720  960440428  541150189  186028444 |4359558687 
       134 | 350993960   19007155   84717425 2222372056  968943901  534181558  194281337 |4374497392 
       135 | 359142474   20675199   83578847 2218917167  966335503  559427734  183441395 |4391518319 
       136 | 354224791   20515976   83399766 2224880009  979256114  571699062  176685186 |4410660904 
       137 | 355045892   22102784   86346010 2231748029  995241757  560802741  181944107 |4433231320 
       138 | 356625046   23985396   98435750 2241892625 1016189557  531516718  186322716 |4454967808 
       139 | 359954298   26623835   95516329 2240462356 1036943635  539056290  177318866 |4475875609 
       140 | 365876117   23017573   93079975 2241561322 1049145124  544220612  180617163 |4497517886 
       141 | 362292721   23912099   99135291 2255103949 1059582413  526866368  194197822 |4521090663 
       142 | 360988914   22512664  104075050 2255730718 1064077386  510341248  219048048 |4536774028 
       143 | 360941295   23767006  105128089 2248840808 1076141344  498717069  238569163 |4552104774 
       144 | 363634959   21087567   98814429 2250824900 1075559625  496547920  260069546 |4566538946 
       145 | 357804699   21912592  105592796 2254099664 1063236734  456981368  320683009 |4580310862 
       146 | 327139996   20632466  111897775 2256769204 1065588115  403185864  401816765 |4587030185 
       147 | 323110419   23205070  114390387 2263893125 1056074150  398644606  413958198 |4593275955 
       148 | 323467790   21731607  111157222 2277487255 1046145840  407341207  412140302 |4599471223 
       149 | 316584795   23655411  114575216 2283490626 1042036699  392190801  433498968 |4606032516 
       150 | 316325096   22984069  115744965 2281686870 1034899784  375331443  461769572 |4608741799 
       151 | 313123933   24910372  115991049 2271577643 1035070230  386015071  465530575 |4612218873 
       152 | 311389420   23383551  112563589 2275962536 1036458891  398105101  458537628 |4616400716 
       153 | 312021547   24449731  114898404 2284567663 1032578859  383543537  470217393 |4622277134 
       154 | 305875209   23675797  115446953 2290021818 1020186502  377431267  492117205 |4624754751 
       155 | 304242642   28540513  114206925 2281382970 1020718373  394487947  484422132 |4628001502 
       156 | 300514511   23633620  109647226 2284143579 1014527832  400124411  499800984 |4632392163 
       157 | 300249764   27443369  111352429 2293526304 1000568677  375688680  528729690 |4637558913 
       158 | 304138959   26124686  112319271 2292353275  987603612  346324219  566787959 |4635651981 
       159 | 301901408   26913234  117250786 2271220031  976933407  343048797  569334368 |4606602031 
       160 | 310683822   23674420  114225367 2281858383  970778318  347408124  582423352 |4631051786 
       161 | 305069327   26070307  122550193 2294132144  954250959  325995386  602102987 |4630171303 
       162 | 304320568   25745014  127719569 2293865807  938294910  306938773  627821844 |4624706485 
       163 | 308838394   29460981  128307279 2297688422  927348327  322101511  604731907 |4618476821 
       164 | 310619732   22937834  124996248 2293318507  924717650  339733495  594335314 |4610658780 
       165 | 304179357   27242688  130171068 2297357215  918504299  333425253  593564371 |4604444251 
       166 | 302112856   25257002  132644201 2309275671  912859130  322186419  593330104 |4597665383 
       167 | 303555233   30006135  133567466 2302817194  925205270  342967140  562286033 |4600404471 
       168 | 309086165   24538247  129475037 2306691347  932094672  355206373  542766853 |4599858694 
       169 | 308599166   28652031  132952177 2297364015  935593885  351110817  545774656 |4600046747 
       170 | 306089609   25711765  135474465 2308697023  938540128  339662769  544462777 |4598638536 
       171 | 310425677   30503426  133326049 2295466004  941974714  370423944  514900998 |4597020812 
       172 | 309977336   25586448  131926071 2305415192  946406493  390974239  485080512 |4595366291 
       173 | 310537174   30091213  131968737 2308411963  952199822  384619004  477950740 |4595778653 
       174 | 309446427   29151266  131780970 2313215717  958562622  374019280  479140755 |4595317037 
       175 | 311318090   32900731  130435643 2307985449  964798414  390644565  457468372 |4595551264 
       176 | 312291391   29981968  127622287 2313442537  967623798  415232901  432080712 |4598275594 
       177 | 312268454   33690600  128333400 2327372410  969223958  407293039  423779912 |4601961773 
       178 | 309748270   34448505  135982455 2334510152  968619056  395028194  425502706 |4603839338 
       179 | 312305937   36533657  133314917 2332794194  978562640  420613965  391430014 |4605555324 
       180 | 314256117   31822515  129888518 2330948391  993448687  435505494  373173110 |4609042832 
       181 | 307579829   33064513  130635426 2336953125 1003339161  425216348  376667232 |4613455634 
       182 | 308196080   31721469  130695331 2351251577 1004478414  412329227  379607888 |4618279986 
       183 | 308676907   39425925  131448986 2340680149 1019156939  435697873  349010070 |4624096849 
       184 | 309439411   34472290  125557136 2347219838 1032535757  450793431  332597507 |4632615370 
       185 | 311096281   35244969  133179618 2356651885 1034987029  441947422  330429230 |4643536434 
       186 | 311338260   33495634  138544187 2369747625 1040363045  423372040  335422285 |4652283076 
       187 | 311662731   40672390  137195320 2356349651 1050981242  439979277  323062772 |4659903383 
       188 | 308434357   36369419  134907586 2361372490 1060080215  447640772  321438065 |4670242904 
       189 | 312074492   38574700  136210825 2363478571 1070043326  439785049  319192824 |4679359787 
       190 | 312113873   32973190  137305054 2388021182 1071476754  414257591  331296115 |4687443759 
       191 | 308037093   34173872  130759887 2492058609 1040683147  347068020  336795753 |4689576381 
       192 | 306882075   33273091  135241486 2400390652 1052934441  389355843  372292711 |4690370299 
       193 | 310276695   34048858  136028228 2384599197 1054002086  400072834  371978284 |4691006182 
       194 | 310251332   33698052  132946947 2401687312 1060567001  383213445  365394707 |4687758796 
       195 | 316424577   35978772  130781402 2360053161 1070262613  413718187  354384177 |4681602889 
       196 | 311444994   33461271  125767721 2335158682 1092292131  440133944  341669546 |4679928289 
       197 | 321070649   37335805  125349758 2356024034 1103891889  430846637  310384291 |4684903063 
       198 | 315623554   36863184  132503632 2361735741 1113617583  409864686  317471321 |4687679701 
       199 | 316409769   51622225  143517934 2354705748 1149514296  385738297  291941515 |4693449784 
       200 | 314252193   52505676  143142728 2352819543 1193427638  351244274  298020032 |4705412084 
       201 | 309234646   59415540  152502400 2371915604 1213764596  311468409  302398187 |4720699382 
-----------+-----------------------------------------------------------------------------+----------
     Total | 2.309e+10 2090393587 8616287922  1.659e+11  7.295e+10  3.008e+10  2.786e+10 | 3.305e+11 

. log close
      name:  <unnamed>
       log:  C:\Users\lafuentemart\Documents\TenMoCoS\results/stocks_pt_w.log
  log type:  text
 closed on:   1 Mar 2023, 15:17:56
-----------------------------------------------------------------------------------------------------------------
