-----------------------------------------------------------------------------------------------------------------
      name:  <unnamed>
       log:  C:\Users\lafuentemart\Documents\TenMoCoS\results/stocks.log
  log type:  text
 opened on:   1 Mar 2023, 14:56:22

. tab ciclo state

           |                               state
     ciclo |         A          D          I          P          T          U |     Total
-----------+------------------------------------------------------------------+----------
       130 |    12,935        688     85,947     33,776     15,428      7,223 |   155,997 
       131 |    12,395        729     84,601     33,648     16,000      6,645 |   154,018 
       132 |    12,000        645     82,232     32,950     16,238      5,869 |   149,934 
       133 |    12,113        662     82,677     33,364     15,925      6,161 |   150,902 
       134 |    12,534        629     85,036     34,514     16,111      6,509 |   155,333 
       135 |    13,176        714     88,109     35,779     17,467      6,348 |   161,593 
       136 |    12,855        700     86,673     35,535     17,765      5,983 |   159,511 
       137 |    12,850        734     87,923     36,284     17,233      6,019 |   161,043 
       138 |    13,252        805     89,674     37,932     16,941      6,331 |   164,935 
       139 |    13,386        894     90,078     38,767     17,459      6,090 |   166,674 
       140 |    13,415        765     89,018     38,793     17,621      6,075 |   165,687 
       141 |    13,340        788     89,632     39,214     16,749      6,537 |   166,260 
       142 |    13,344        756     90,020     39,659     16,328      7,243 |   167,350 
       143 |    13,430        825     89,941     39,966     16,028      7,908 |   168,098 
       144 |    13,375        714     88,740     39,366     15,923      8,529 |   166,647 
       145 |    13,097        754     89,183     39,044     14,419     10,202 |   166,699 
       146 |    12,017        685     89,045     39,446     12,834     12,409 |   166,436 
       147 |    11,835        788     88,974     39,224     12,554     13,024 |   166,399 
       148 |    12,774        768     93,881     40,819     13,726     13,367 |   175,335 
       149 |    12,499        838     94,462     40,799     13,098     13,986 |   175,682 
       150 |    12,292        774     94,038     40,512     12,414     15,000 |   175,030 
       151 |    12,018        853     92,032     39,815     12,606     14,996 |   172,320 
       152 |    11,888        765     91,079     39,381     13,039     14,770 |   170,922 
       153 |    11,823        811     91,399     39,126     12,563     15,210 |   170,932 
       154 |    11,678        783     91,503     39,244     12,221     16,058 |   171,487 
       155 |    11,637        924     90,954     39,065     12,610     15,776 |   170,966 
       156 |    11,485        767     89,758     38,147     12,851     15,971 |   168,979 
       157 |    11,326        846     89,327     37,177     11,818     16,667 |   167,161 
       158 |    11,586        823     91,636     37,689     11,119     18,491 |   171,344 
       159 |    11,532        871     90,987     37,520     10,980     18,984 |   170,874 
       160 |    11,585        747     90,188     36,771     11,254     19,104 |   169,649 
       161 |    11,519        829     91,451     36,455     10,506     19,768 |   170,528 
       162 |    11,490        795     91,895     36,121      9,804     20,749 |   170,854 
       163 |    11,626        950     92,247     36,210     10,377     20,499 |   171,909 
       164 |    11,630        760     91,215     35,698     11,218     20,080 |   170,601 
       165 |    11,466        892     92,078     35,673     10,897     20,028 |   171,034 
       166 |    11,318        854     92,346     35,667     10,691     20,137 |   171,013 
       167 |    11,343      1,005     91,515     35,735     11,339     19,261 |   170,198 
       168 |    11,307        822     90,212     35,323     11,771     18,389 |   167,824 
       169 |    11,349        942     90,700     35,286     11,608     18,453 |   168,338 
       170 |    11,070        835     90,749     35,508     11,061     18,313 |   167,536 
       171 |    11,102        949     89,409     35,377     11,911     17,128 |   165,876 
       172 |    10,969        772     87,726     34,928     12,486     15,894 |   162,775 
       173 |    11,007        890     88,021     35,070     12,197     15,596 |   162,781 
       174 |    10,932        853     87,627     34,904     11,671     15,478 |   161,465 
       175 |    10,953        981     87,017     34,941     12,114     14,827 |   160,833 
       176 |    10,986        893     86,321     34,812     12,997     13,948 |   159,957 
       177 |    10,877        968     86,247     34,751     12,563     13,509 |   158,915 
       178 |    10,844        974     86,877     35,285     12,129     13,605 |   159,714 
       179 |    10,879      1,081     86,353     35,558     12,899     12,614 |   159,384 
       180 |    10,838        939     85,891     35,745     13,517     11,855 |   158,785 
       181 |    10,639      1,005     86,379     36,174     13,166     11,906 |   159,269 
       182 |    10,760        937     87,469     36,629     12,892     12,188 |   160,875 
       183 |    10,831      1,150     87,298     37,263     13,638     11,326 |   161,506 
       184 |    10,811      1,012     87,344     37,376     14,112     10,708 |   161,363 
       185 |    10,942      1,065     88,451     38,025     13,844     10,692 |   163,019 
       186 |    11,016      1,040     89,570     38,623     13,357     10,930 |   164,536 
       187 |    11,100      1,225     89,434     38,720     13,841     10,444 |   164,764 
       188 |    10,875      1,068     88,503     38,538     14,154     10,227 |   163,365 
       189 |    10,854      1,123     88,516     38,838     13,617     10,204 |   163,152 
       190 |    10,513        917     87,086     37,764     12,350      9,660 |   158,290 
       191 |     9,810        896     83,054     35,058      9,900      9,267 |   147,985 
       192 |     9,732        818     80,106     35,126     11,114     10,090 |   146,986 
       193 |     9,867        922     80,011     35,310     11,329      9,857 |   147,296 
       194 |     9,422        848     78,341     34,116     10,433      9,690 |   142,850 
       195 |     9,336        913     74,464     33,170     10,684      9,059 |   137,626 
       196 |     8,863        806     70,440     31,923     11,001      8,250 |   131,283 
       197 |     9,012        952     71,871     32,194     10,727      7,663 |   132,419 
       198 |     8,814        955     71,438     32,667     10,066      7,868 |   131,808 
       199 |     8,819      1,346     70,499     33,408      9,535      7,314 |   130,921 
       200 |     8,635      1,322     69,089     33,735      8,788      7,163 |   128,732 
       201 |     8,517      1,471     69,256     34,072      7,685      7,191 |   128,192 
-----------+------------------------------------------------------------------+----------
     Total |   818,145     63,620  6,253,263  2,631,102    929,311    885,313 |11,580,754 

. log close
      name:  <unnamed>
       log:  C:\Users\lafuentemart\Documents\TenMoCoS\results/stocks.log
  log type:  text
 closed on:   1 Mar 2023, 14:56:35
-----------------------------------------------------------------------------------------------------------------
