note: public_servant != 0 predicts failure perfectly;
      public_servant omitted and 7305 obs not used.


Logistic regression                                    Number of obs =  32,446
                                                       Wald chi2(24) = 1034.98
                                                       Prob > chi2   =  0.0000
Log pseudolikelihood = -3255893.4                      Pseudo R2     =  0.0804

----------------------------------------------------------------------------------------------
                             |               Robust
                    inactive | Odds ratio   std. err.      z    P>|z|     [95% conf. interval]
-----------------------------+----------------------------------------------------------------
                         act |
        manufactures, prim.  |   .3449732    .045503    -8.07   0.000     .2663847    .4467466
     extractive and energy.  |   .1586334   .0350177    -8.34   0.000     .1029189    .2445085
         manufactures, sec.  |   .1787068   .0357735    -8.60   0.000     .1207112    .2645663
               construction  |   .3009994   .0537155    -6.73   0.000     .2121596    .4270401
      hospitality and sales  |   .3681929   .0330318   -11.14   0.000     .3088243    .4389746
 Transport, storage and IT.  |    .338656   .0556853    -6.58   0.000     .2453552     .467436
  Financial and prof. serv.  |   .2457911   .0265232   -13.00   0.000      .198936     .303682
   Education and healthcare  |   .8003395    .081447    -2.19   0.029     .6556185    .9770061
             Other services  |   .2540328   .0249214   -13.97   0.000     .2095965    .3078899
                             |
                         occ |
       white collar - prof.  |   2.698812    .549971     4.87   0.000     1.810142    4.023766
white collar - tech. suport  |   2.766348   .5264818     5.35   0.000     1.905061    4.017025
       white collar - other  |   3.582735   .6672419     6.85   0.000     2.487073    5.161084
     blue collar - services  |   4.185089   .7353003     8.15   0.000     2.965873    5.905501
  blue collar - agriculture  |   1.000587   .2611266     0.00   0.998      .599948    1.668767
     blue collar - artisans  |   5.762923   1.311442     7.70   0.000     3.689256    9.002161
       blue collar - equip.  |   7.383188   1.622767     9.10   0.000     4.799064    11.35877
                  unskilled  |   6.928444   1.244124    10.78   0.000       4.8729    9.851081
                             |
              public_servant |          1  (omitted)
                   parent_10 |   1.594276   .1980905     3.75   0.000     1.249686    2.033884
                     married |   1.447264   .1361137     3.93   0.000      1.20363    1.740213
           married_parent_10 |   1.015345   .1485014     0.10   0.917     .7622887    1.352409
                    divorced |   .9031999   .1231364    -0.75   0.455     .6914115    1.179862
                     widowed |   1.656165   .8772399     0.95   0.341     .5864591    4.677021
                         age |    .970361   .0094834    -3.08   0.002     .9519507    .9891273
                     college |   .8195251   .0562178    -2.90   0.004     .7164263    .9374605
                       _cons |   .1093575   .0413112    -5.86   0.000      .052155    .2292984
----------------------------------------------------------------------------------------------
Note: _cons estimates baseline odds.
(est1 stored)
note: public_servant != 0 predicts failure perfectly;
      public_servant omitted and 6029 obs not used.


Logistic regression                                     Number of obs = 28,580
                                                        Wald chi2(24) = 880.16
                                                        Prob > chi2   = 0.0000
Log pseudolikelihood = -2700679.8                       Pseudo R2     = 0.0800

----------------------------------------------------------------------------------------------
                             |               Robust
                    inactive | Odds ratio   std. err.      z    P>|z|     [95% conf. interval]
-----------------------------+----------------------------------------------------------------
                         act |
        manufactures, prim.  |   .3923704   .0591826    -6.20   0.000     .2919487    .5273341
     extractive and energy.  |   .3283908   .0704748    -5.19   0.000     .2156342    .5001085
         manufactures, sec.  |   .3355232   .0746794    -4.91   0.000      .216903    .5190145
               construction  |   .2109604   .0497971    -6.59   0.000     .1328236    .3350632
      hospitality and sales  |   .4357941   .0442513    -8.18   0.000     .3571486    .5317577
 Transport, storage and IT.  |   .3555419   .0664231    -5.54   0.000     .2465286      .51276
  Financial and prof. serv.  |   .2433178   .0275293   -12.49   0.000     .1949252    .3037245
   Education and healthcare  |   .9904967   .1055685    -0.09   0.929     .8037681    1.220605
             Other services  |    .238476   .0262865   -13.00   0.000     .1921407    .2959853
                             |
                         occ |
       white collar - prof.  |   1.746563   .3203365     3.04   0.002     1.219174     2.50209
white collar - tech. suport  |   1.852224   .3224452     3.54   0.000     1.316776    2.605405
       white collar - other  |   2.684433   .4472689     5.93   0.000     1.936551    3.721141
     blue collar - services  |   2.811854    .438975     6.62   0.000      2.07065    3.818377
  blue collar - agriculture  |   1.567904   .4043057     1.74   0.081     .9458568    2.599044
     blue collar - artisans  |   3.681647   .8096183     5.93   0.000      2.39253    5.665353
       blue collar - equip.  |   3.109997   .6707773     5.26   0.000     2.037836    4.746251
                  unskilled  |   4.543449   .7340007     9.37   0.000     3.310342    6.235891
                             |
              public_servant |          1  (omitted)
                   parent_10 |   2.084787   .2336717     6.55   0.000     1.673615    2.596976
                     married |   1.568468   .1549738     4.56   0.000     1.292326    1.903616
           married_parent_10 |   .8155595   .1133097    -1.47   0.142     .6211465    1.070822
                    divorced |   .8486668    .113922    -1.22   0.222     .6523414    1.104077
                     widowed |   1.203803   .4090184     0.55   0.585     .6185019    2.342986
                         age |    .978623   .0100235    -2.11   0.035     .9591732    .9984672
                     college |   .8712835   .0617626    -1.94   0.052     .7582639    1.001149
                       _cons |   .0927206   .0359731    -6.13   0.000     .0433444    .1983441
----------------------------------------------------------------------------------------------
Note: _cons estimates baseline odds.
(est2 stored)
note: public_servant != 0 predicts failure perfectly;
      public_servant omitted and 6103 obs not used.


Logistic regression                                     Number of obs = 30,468
                                                        Wald chi2(24) = 945.81
                                                        Prob > chi2   = 0.0000
Log pseudolikelihood = -2761121.1                       Pseudo R2     = 0.0732

----------------------------------------------------------------------------------------------
                             |               Robust
                    inactive | Odds ratio   std. err.      z    P>|z|     [95% conf. interval]
-----------------------------+----------------------------------------------------------------
                         act |
        manufactures, prim.  |   .2860532   .0397043    -9.02   0.000     .2179214    .3754862
     extractive and energy.  |   .2315878   .0398128    -8.51   0.000     .1653421    .3243753
         manufactures, sec.  |   .2454531   .0432666    -7.97   0.000     .1737502    .3467462
               construction  |   .2743298   .0542552    -6.54   0.000     .1861777    .4042205
      hospitality and sales  |   .3389085   .0345261   -10.62   0.000     .2775663    .4138072
 Transport, storage and IT.  |   .2885835   .0486621    -7.37   0.000     .2073664    .4016101
  Financial and prof. serv.  |   .1980769   .0216947   -14.78   0.000     .1598102    .2455065
   Education and healthcare  |   .6902595   .0731281    -3.50   0.000      .560833    .8495544
             Other services  |   .2221351   .0238239   -14.03   0.000     .1800221    .2740995
                             |
                         occ |
       white collar - prof.  |   1.594155   .3027628     2.46   0.014     1.098677    2.313083
white collar - tech. suport  |   1.673744   .3027031     2.85   0.004     1.174211     2.38579
       white collar - other  |   2.402669   .4128513     5.10   0.000     1.715662    3.364776
     blue collar - services  |   2.220792   .3662899     4.84   0.000     1.607362    3.068331
  blue collar - agriculture  |   .9628073   .2631867    -0.14   0.890     .5634567    1.645198
     blue collar - artisans  |   4.174246   .8759981     6.81   0.000     2.766603    6.298097
       blue collar - equip.  |   3.144776   .6313332     5.71   0.000     2.121806    4.660942
                  unskilled  |   3.859595   .6412525     8.13   0.000     2.786884    5.345208
                             |
              public_servant |          1  (omitted)
                   parent_10 |   2.140387   .2268039     7.18   0.000     1.738984    2.634444
                     married |   1.476015   .1396257     4.12   0.000     1.226225    1.776688
           married_parent_10 |   .7478048   .0992895    -2.19   0.029     .5764615    .9700769
                    divorced |   .6737856   .0893336    -2.98   0.003     .5195956    .8737314
                     widowed |   1.367222    .418686     1.02   0.307     .7501958    2.491745
                         age |   .9712446   .0095819    -2.96   0.003     .9526448    .9902075
                     college |   .7822018   .0540817    -3.55   0.000      .683072    .8957177
                       _cons |    .185589   .0696317    -4.49   0.000     .0889585    .3871836
----------------------------------------------------------------------------------------------
Note: _cons estimates baseline odds.
(est3 stored)
note: public_servant != 0 predicts failure perfectly;
      public_servant omitted and 6114 obs not used.


Logistic regression                                     Number of obs = 31,091
                                                        Wald chi2(24) = 839.87
                                                        Prob > chi2   = 0.0000
Log pseudolikelihood = -2702064.7                       Pseudo R2     = 0.0691

----------------------------------------------------------------------------------------------
                             |               Robust
                    inactive | Odds ratio   std. err.      z    P>|z|     [95% conf. interval]
-----------------------------+----------------------------------------------------------------
                         act |
        manufactures, prim.  |   .3318241   .0484602    -7.55   0.000     .2492281    .4417932
     extractive and energy.  |   .1855062   .0376487    -8.30   0.000     .1246253    .2761282
         manufactures, sec.  |   .3133627   .0623664    -5.83   0.000     .2121478    .4628669
               construction  |   .3490141   .0643799    -5.71   0.000     .2431243    .5010228
      hospitality and sales  |   .3278764   .0354602   -10.31   0.000     .2652477    .4052925
 Transport, storage and IT.  |   .3417711   .0534254    -6.87   0.000       .25158    .4642955
  Financial and prof. serv.  |   .2464482   .0278492   -12.39   0.000     .1974867    .3075484
   Education and healthcare  |   .7874676   .0894018    -2.10   0.035     .6303694    .9837171
             Other services  |    .222697   .0246717   -13.56   0.000      .179231    .2767042
                             |
                         occ |
       white collar - prof.  |   1.713097   .3494311     2.64   0.008     1.148569    2.555094
white collar - tech. suport  |   2.125763   .4193632     3.82   0.000     1.444085    3.129227
       white collar - other  |   3.421026   .6535801     6.44   0.000     2.352535    4.974812
     blue collar - services  |   3.131451    .600037     5.96   0.000     2.151005    4.558791
  blue collar - agriculture  |   .7886309   .2851438    -0.66   0.511     .3882455    1.601921
     blue collar - artisans  |   5.646092    1.30149     7.51   0.000     3.593652    8.870741
       blue collar - equip.  |   4.761152   1.103109     6.74   0.000     3.023413    7.497674
                  unskilled  |   5.076045   .9772934     8.44   0.000     3.480513       7.403
                             |
              public_servant |          1  (omitted)
                   parent_10 |   2.122194   .2212498     7.22   0.000     1.729987    2.603319
                     married |   1.373601   .1371512     3.18   0.001     1.129457    1.670518
           married_parent_10 |   .7944841     .10576    -1.73   0.084     .6120334    1.031324
                    divorced |   .7041164   .0949577    -2.60   0.009     .5405686    .9171453
                     widowed |   .5088408   .2120525    -1.62   0.105     .2248305    1.151618
                         age |    .982721   .0103662    -1.65   0.098     .9626123     1.00325
                     college |   .9336886   .0668027    -0.96   0.338     .8115235    1.074244
                       _cons |   .0785021   .0310877    -6.43   0.000      .036124    .1705951
----------------------------------------------------------------------------------------------
Note: _cons estimates baseline odds.
(est4 stored)
note: public_servant != 0 predicts failure perfectly;
      public_servant omitted and 6075 obs not used.


Logistic regression                                     Number of obs = 32,122
                                                        Wald chi2(24) = 674.25
                                                        Prob > chi2   = 0.0000
Log pseudolikelihood = -2671254.4                       Pseudo R2     = 0.0508

----------------------------------------------------------------------------------------------
                             |               Robust
                    inactive | Odds ratio   std. err.      z    P>|z|     [95% conf. interval]
-----------------------------+----------------------------------------------------------------
                         act |
        manufactures, prim.  |   .3563136   .0574745    -6.40   0.000     .2597352    .4888031
     extractive and energy.  |   .3072432   .0556404    -6.52   0.000     .2154436    .4381583
         manufactures, sec.  |    .269785   .0550541    -6.42   0.000      .180849    .4024571
               construction  |   .3863237   .0703832    -5.22   0.000     .2703171    .5521147
      hospitality and sales  |   .3543777   .0406892    -9.04   0.000     .2829649    .4438132
 Transport, storage and IT.  |   .3489249    .059382    -6.19   0.000     .2499595    .4870731
  Financial and prof. serv.  |   .3153765   .0379369    -9.59   0.000     .2491366    .3992281
   Education and healthcare  |   .7071335   .0821431    -2.98   0.003     .5631485    .8879325
             Other services  |   .2656513   .0322717   -10.91   0.000     .2093663    .3370676
                             |
                         occ |
       white collar - prof.  |   1.701256   .3036556     2.98   0.003     1.199056    2.413792
white collar - tech. suport  |    1.66662     .28675     2.97   0.003     1.189551    2.335016
       white collar - other  |    1.54308   .2639327     2.54   0.011     1.103561    2.157646
     blue collar - services  |   1.975326    .332374     4.05   0.000     1.420408    2.747036
  blue collar - agriculture  |   .4138211   .1562205    -2.34   0.019     .1974594    .8672563
     blue collar - artisans  |   2.582112   .5538743     4.42   0.000     1.695854    3.931529
       blue collar - equip.  |   3.209047   .6936443     5.39   0.000     2.100808    4.901913
                  unskilled  |   2.527342   .4375663     5.36   0.000     1.800085     3.54842
                             |
              public_servant |          1  (omitted)
                   parent_10 |   2.321393   .2479347     7.89   0.000     1.882941    2.861941
                     married |   1.394326   .1452424     3.19   0.001     1.136835    1.710138
           married_parent_10 |   .7039528   .0973644    -2.54   0.011     .5368007    .9231538
                    divorced |   .6811794   .0864948    -3.02   0.002     .5311016     .873666
                     widowed |   .9962358   .4256815    -0.01   0.993     .4311737    2.301823
                         age |   .9663363   .0102802    -3.22   0.001     .9463961    .9866967
                     college |   .7381644   .0517854    -4.33   0.000     .6433358     .846971
                       _cons |   .2097497   .0841535    -3.89   0.000     .0955414    .4604806
----------------------------------------------------------------------------------------------
Note: _cons estimates baseline odds.
(est5 stored)
note: public_servant != 0 predicts failure perfectly;
      public_servant omitted and 6241 obs not used.


Logistic regression                                     Number of obs = 31,882
                                                        Wald chi2(24) = 704.27
                                                        Prob > chi2   = 0.0000
Log pseudolikelihood = -2395878.3                       Pseudo R2     = 0.0580

----------------------------------------------------------------------------------------------
                             |               Robust
                    inactive | Odds ratio   std. err.      z    P>|z|     [95% conf. interval]
-----------------------------+----------------------------------------------------------------
                         act |
        manufactures, prim.  |   .2300186   .0399689    -8.46   0.000     .1636271    .3233485
     extractive and energy.  |   .2381301   .0498133    -6.86   0.000     .1580358    .3588172
         manufactures, sec.  |   .3359289   .0627748    -5.84   0.000     .2329078    .4845189
               construction  |   .3599121   .0697056    -5.28   0.000       .24623    .5260802
      hospitality and sales  |   .3098069   .0364869    -9.95   0.000     .2459475    .3902472
 Transport, storage and IT.  |   .4005625   .0688047    -5.33   0.000     .2860614    .5608946
  Financial and prof. serv.  |   .2400387    .031129   -11.00   0.000     .1861636    .3095051
   Education and healthcare  |   .5902323   .0711628    -4.37   0.000     .4660106     .747567
             Other services  |   .2101196   .0266244   -12.31   0.000     .1639119    .2693535
                             |
                         occ |
       white collar - prof.  |   1.829865   .3514672     3.15   0.002     1.255817    2.666316
white collar - tech. suport  |   1.898743   .3510621     3.47   0.001     1.321557    2.728013
       white collar - other  |   2.557113   .4636802     5.18   0.000     1.792264    3.648362
     blue collar - services  |   2.701276   .4858633     5.52   0.000     1.898752    3.842995
  blue collar - agriculture  |   .6580406   .2458532    -1.12   0.263     .3163966     1.36859
     blue collar - artisans  |   5.253899   1.150862     7.57   0.000     3.420004    8.071174
       blue collar - equip.  |   3.463447   .7894043     5.45   0.000     2.215638       5.414
                  unskilled  |   3.604798   .6601369     7.00   0.000     2.517693    5.161301
                             |
              public_servant |          1  (omitted)
                   parent_10 |   1.823595    .191255     5.73   0.000      1.48476    2.239756
                     married |   1.290403   .1384695     2.38   0.018     1.045648    1.592449
           married_parent_10 |    .977726   .1376705    -0.16   0.873     .7419287    1.288463
                    divorced |   .8631901   .1162761    -1.09   0.275     .6628958    1.124003
                     widowed |   1.393252   .4909363     0.94   0.347      .698384     2.77949
                         age |   .9779566   .0107363    -2.03   0.042     .9571387    .9992273
                     college |   .8173352   .0571303    -2.89   0.004     .7126934    .9373411
                       _cons |   .1075846   .0432697    -5.54   0.000     .0489107    .2366448
----------------------------------------------------------------------------------------------
Note: _cons estimates baseline odds.
(est6 stored)
note: public_servant != 0 predicts failure perfectly;
      public_servant omitted and 6107 obs not used.


Logistic regression                                     Number of obs = 31,172
                                                        Wald chi2(24) = 543.69
                                                        Prob > chi2   = 0.0000
Log pseudolikelihood = -2142098.3                       Pseudo R2     = 0.0509

----------------------------------------------------------------------------------------------
                             |               Robust
                    inactive | Odds ratio   std. err.      z    P>|z|     [95% conf. interval]
-----------------------------+----------------------------------------------------------------
                         act |
        manufactures, prim.  |   .3978639   .0731069    -5.02   0.000     .2775413      .57035
     extractive and energy.  |   .3548446   .0792048    -4.64   0.000     .2291088    .5495849
         manufactures, sec.  |   .3209953   .0855712    -4.26   0.000     .1903639    .5412685
               construction  |   .4779286   .1166682    -3.02   0.002     .2961927    .7711727
      hospitality and sales  |   .3748619   .0513357    -7.16   0.000     .2866177    .4902748
 Transport, storage and IT.  |   .4820666    .113434    -3.10   0.002     .3039575     .764542
  Financial and prof. serv.  |   .2817311     .04125    -8.65   0.000     .2114488    .3753743
   Education and healthcare  |   .7906225   .1072381    -1.73   0.083     .6060581    1.031393
             Other services  |   .2991621   .0412249    -8.76   0.000     .2283547    .3919253
                             |
                         occ |
       white collar - prof.  |   1.422682   .3901156     1.29   0.199      .831187    2.435101
white collar - tech. suport  |   1.362856   .3895038     1.08   0.279     .7783531    2.386289
       white collar - other  |   1.559927   .4272113     1.62   0.104     .9119876    2.668208
     blue collar - services  |   2.147626   .5830782     2.82   0.005     1.261416    3.656445
  blue collar - agriculture  |   .4907403   .2223135    -1.57   0.116     .2019498    1.192505
     blue collar - artisans  |   2.807946   .8602391     3.37   0.001     1.540336    5.118726
       blue collar - equip.  |   1.674718   .5667266     1.52   0.128     .8627684    3.250793
                  unskilled  |   2.790236    .761074     3.76   0.000     1.634799    4.762308
                             |
              public_servant |          1  (omitted)
                   parent_10 |   2.186816   .2421219     7.07   0.000     1.760225    2.716792
                     married |   1.479554   .1736356     3.34   0.001     1.175538    1.862195
           married_parent_10 |   .6813685    .101226    -2.58   0.010     .5092432    .9116726
                    divorced |   .6502776     .09078    -3.08   0.002     .4946175    .8549251
                     widowed |   .4332191   .2852406    -1.27   0.204     .1191951    1.574551
                         age |   .9835977   .0117869    -1.38   0.168      .960765    1.006973
                     college |   .7803127   .0650614    -2.98   0.003      .662669    .9188418
                       _cons |   .0818312   .0391424    -5.23   0.000     .0320452     .208966
----------------------------------------------------------------------------------------------
Note: _cons estimates baseline odds.
(est7 stored)
note: public_servant != 0 predicts failure perfectly;
      public_servant omitted and 5685 obs not used.


Logistic regression                                     Number of obs = 30,280
                                                        Wald chi2(24) = 445.08
                                                        Prob > chi2   = 0.0000
Log pseudolikelihood = -2073258.5                       Pseudo R2     = 0.0473

----------------------------------------------------------------------------------------------
                             |               Robust
                    inactive | Odds ratio   std. err.      z    P>|z|     [95% conf. interval]
-----------------------------+----------------------------------------------------------------
                         act |
        manufactures, prim.  |   .4316794   .0879008    -4.13   0.000     .2896244    .6434096
     extractive and energy.  |   .2034629   .0567716    -5.71   0.000     .1177544    .3515551
         manufactures, sec.  |   .1119387   .0349899    -7.01   0.000     .0606612    .2065616
               construction  |   .7742856   .1715193    -1.15   0.248     .5015838     1.19525
      hospitality and sales  |   .4189943   .0578951    -6.30   0.000     .3195893    .5493184
 Transport, storage and IT.  |   .2427077   .0522666    -6.57   0.000     .1591399    .3701588
  Financial and prof. serv.  |   .3421168   .0565622    -6.49   0.000     .2474258    .4730464
   Education and healthcare  |   .8923949   .1258653    -0.81   0.420     .6768646    1.176555
             Other services  |    .356652   .0514712    -7.14   0.000     .2687827    .4732472
                             |
                         occ |
       white collar - prof.  |   1.844163   .6082102     1.86   0.063     .9662082    3.519881
white collar - tech. suport  |   2.536516   .8520703     2.77   0.006     1.313109    4.899757
       white collar - other  |   1.974117   .6512001     2.06   0.039      1.03416    3.768408
     blue collar - services  |   2.430033   .7860901     2.74   0.006     1.289013    4.581069
  blue collar - agriculture  |   1.437725   .6364316     0.82   0.412     .6037792    3.423526
     blue collar - artisans  |    4.39566   1.590169     4.09   0.000     2.163189    8.932103
       blue collar - equip.  |   3.975194   1.542975     3.56   0.000     1.857649     8.50654
                  unskilled  |   3.351934   1.105459     3.67   0.000      1.75619    6.397637
                             |
              public_servant |          1  (omitted)
                   parent_10 |   2.259736   .2667003     6.91   0.000     1.793067    2.847861
                     married |   1.396696   .1696956     2.75   0.006     1.100735    1.772234
           married_parent_10 |   .7212753   .1119479    -2.11   0.035     .5320931    .9777202
                    divorced |   .5984411   .1067783    -2.88   0.004      .421836    .8489833
                     widowed |   .3750691   .2021837    -1.82   0.069     .1303962    1.078841
                         age |    .963368   .0124836    -2.88   0.004     .9392087    .9881488
                     college |   1.067302   .0880941     0.79   0.430     .9078832    1.254714
                       _cons |   .0997971   .0560871    -4.10   0.000     .0331691    .3002637
----------------------------------------------------------------------------------------------
Note: _cons estimates baseline odds.
(est8 stored)
note: public_servant != 0 predicts failure perfectly;
      public_servant omitted and 5124 obs not used.


Logistic regression                                     Number of obs = 29,206
                                                        Wald chi2(24) = 444.88
                                                        Prob > chi2   = 0.0000
Log pseudolikelihood = -1825917.1                       Pseudo R2     = 0.0525

----------------------------------------------------------------------------------------------
                             |               Robust
                    inactive | Odds ratio   std. err.      z    P>|z|     [95% conf. interval]
-----------------------------+----------------------------------------------------------------
                         act |
        manufactures, prim.  |   .2610022   .0584162    -6.00   0.000     .1683187    .4047211
     extractive and energy.  |   .1924456   .0504641    -6.28   0.000      .115107     .321747
         manufactures, sec.  |   .0857059   .0277661    -7.58   0.000       .04542    .1617237
               construction  |   .6516967   .1779482    -1.57   0.117     .3816118    1.112934
      hospitality and sales  |    .374863   .0601898    -6.11   0.000     .2736526     .513506
 Transport, storage and IT.  |   .2992283   .0680971    -5.30   0.000     .1915534    .4674289
  Financial and prof. serv.  |   .2251653   .0400727    -8.38   0.000     .1588594    .3191463
   Education and healthcare  |   .7390829   .1199089    -1.86   0.062      .537767    1.015763
             Other services  |   .2727907   .0458238    -7.73   0.000     .1962654     .379154
                             |
                         occ |
       white collar - prof.  |   2.634745   .8563443     2.98   0.003     1.393417    4.981911
white collar - tech. suport  |   3.297139     1.1121     3.54   0.000     1.702289    6.386181
       white collar - other  |   3.342779   1.099536     3.67   0.000     1.754378    6.369307
     blue collar - services  |   3.418958   1.126777     3.73   0.000     1.792114     6.52262
  blue collar - agriculture  |   1.649331   1.119185     0.74   0.461     .4362236    6.236008
     blue collar - artisans  |   8.225364   2.964496     5.85   0.000     4.058582    16.67001
       blue collar - equip.  |   7.664871   2.882278     5.42   0.000     3.667932    16.01727
                  unskilled  |   6.290949   2.094998     5.52   0.000     3.275299    12.08319
                             |
              public_servant |          1  (omitted)
                   parent_10 |   1.577323    .190575     3.77   0.000     1.244735    1.998777
                     married |   1.213579   .1608724     1.46   0.144     .9359066    1.573633
           married_parent_10 |   .9270479   .1559147    -0.45   0.652     .6667203    1.289023
                    divorced |   .5416458   .0930917    -3.57   0.000     .3867415    .7585948
                     widowed |    1.23518     .68055     0.38   0.701     .4195094    3.636794
                         age |   .9841422   .0135132    -1.16   0.244       .95801    1.010987
                     college |   1.003621   .0925428     0.04   0.969     .8376866    1.202426
                       _cons |   .0428543   .0246486    -5.48   0.000     .0138806    .1323066
----------------------------------------------------------------------------------------------
Note: _cons estimates baseline odds.
(est9 stored)
note: public_servant != 0 predicts failure perfectly;
      public_servant omitted and 4796 obs not used.


Logistic regression                                     Number of obs = 28,140
                                                        Wald chi2(24) = 352.24
                                                        Prob > chi2   = 0.0000
Log pseudolikelihood = -1814945.4                       Pseudo R2     = 0.0396

----------------------------------------------------------------------------------------------
                             |               Robust
                    inactive | Odds ratio   std. err.      z    P>|z|     [95% conf. interval]
-----------------------------+----------------------------------------------------------------
                         act |
        manufactures, prim.  |   .3605557   .0794838    -4.63   0.000     .2340596    .5554157
     extractive and energy.  |   .2597943    .069466    -5.04   0.000     .1538254    .4387642
         manufactures, sec.  |   .4445896    .160477    -2.25   0.025     .2191359    .9019968
               construction  |   .2111543   .0762619    -4.31   0.000     .1040338    .4285736
      hospitality and sales  |   .4946519   .0711958    -4.89   0.000     .3730656    .6558645
 Transport, storage and IT.  |   .3109315     .06982    -5.20   0.000     .2002288    .4828398
  Financial and prof. serv.  |   .3589196    .057526    -6.39   0.000     .2621623    .4913873
   Education and healthcare  |   .7238852   .1088321    -2.15   0.032     .5391336    .9719481
             Other services  |   .2759813    .042764    -8.31   0.000     .2036967    .3739172
                             |
                         occ |
       white collar - prof.  |   1.793475   .5516108     1.90   0.058     .9815108    3.277143
white collar - tech. suport  |   1.589702   .5082419     1.45   0.147     .8495307    2.974764
       white collar - other  |    1.87894   .5706808     2.08   0.038     1.036053    3.407564
     blue collar - services  |    1.91723   .5790361     2.16   0.031     1.060711    3.465386
  blue collar - agriculture  |   .4515343   .2601367    -1.38   0.168     .1459819    1.396634
     blue collar - artisans  |   1.796474   .6784895     1.55   0.121     .8569206    3.766183
       blue collar - equip.  |   2.526295   .9581711     2.44   0.015     1.201271    5.312844
                  unskilled  |   3.443108   1.058915     4.02   0.000     1.884373    6.291216
                             |
              public_servant |          1  (omitted)
                   parent_10 |   1.978382   .2160095     6.25   0.000     1.597245    2.450465
                     married |   1.376354    .208519     2.11   0.035     1.022756      1.8522
           married_parent_10 |   .6700263   .1198204    -2.24   0.025     .4719239    .9512872
                    divorced |   .5663164   .0951996    -3.38   0.001     .4073516    .7873157
                     widowed |   3.644497   2.103826     2.24   0.025     1.175634    11.29804
                         age |   .9737276   .0137202    -1.89   0.059     .9472044    1.000993
                     college |   .9828505   .0867465    -0.20   0.845     .8267236    1.168462
                       _cons |   .0869931   .0497157    -4.27   0.000     .0283812     .266648
----------------------------------------------------------------------------------------------
Note: _cons estimates baseline odds.
(est10 stored)
note: public_servant != 0 predicts failure perfectly;
      public_servant omitted and 4412 obs not used.


Logistic regression                                     Number of obs = 26,573
                                                        Wald chi2(24) = 339.06
                                                        Prob > chi2   = 0.0000
Log pseudolikelihood = -1696717.3                       Pseudo R2     = 0.0445

----------------------------------------------------------------------------------------------
                             |               Robust
                    inactive | Odds ratio   std. err.      z    P>|z|     [95% conf. interval]
-----------------------------+----------------------------------------------------------------
                         act |
        manufactures, prim.  |   .2547266   .0617673    -5.64   0.000     .1583693    .4097109
     extractive and energy.  |   .0505213   .0221732    -6.80   0.000     .0213743    .1194147
         manufactures, sec.  |   .1891412   .0736648    -4.28   0.000     .0881594    .4057922
               construction  |   .2841469    .100203    -3.57   0.000     .1423544    .5671721
      hospitality and sales  |   .4149016   .0673846    -5.42   0.000      .301787    .5704133
 Transport, storage and IT.  |   .3657298   .0870023    -4.23   0.000     .2294409    .5829749
  Financial and prof. serv.  |   .2723084   .0479554    -7.39   0.000     .1928229    .3845595
   Education and healthcare  |   .6284363   .1020004    -2.86   0.004     .4571979    .8638101
             Other services  |   .2822052   .0458291    -7.79   0.000     .2052735    .3879691
                             |
                         occ |
       white collar - prof.  |   3.105234   1.181621     2.98   0.003     1.472958    6.546338
white collar - tech. suport  |   3.418722   1.359051     3.09   0.002     1.568498    7.451496
       white collar - other  |   3.588337   1.372424     3.34   0.001     1.695649    7.593649
     blue collar - services  |   4.453319   1.657862     4.01   0.000     2.146853    9.237731
  blue collar - agriculture  |   3.892767   1.921185     2.75   0.006      1.47968    10.24116
     blue collar - artisans  |   5.860547   2.511667     4.13   0.000     2.530095    13.57499
       blue collar - equip.  |   9.126369   4.005957     5.04   0.000     3.860726    21.57382
                  unskilled  |   6.126761   2.324994     4.78   0.000     2.912161    12.88981
                             |
              public_servant |          1  (omitted)
                   parent_10 |   2.311681   .2551099     7.59   0.000     1.862053    2.869881
                     married |   1.366903   .2008226     2.13   0.033     1.024899    1.823033
           married_parent_10 |   .6159063   .1068162    -2.79   0.005      .438421    .8652427
                    divorced |   .5192028   .0889112    -3.83   0.000     .3711698    .7262757
                     widowed |   1.146964   .8772863     0.18   0.858     .2561449    5.135871
                         age |   .9736054   .0137532    -1.89   0.058     .9470194    1.000938
                     college |   1.069018   .1036825     0.69   0.491     .8839513    1.292832
                       _cons |   .0434054   .0261002    -5.22   0.000     .0133569    .1410525
----------------------------------------------------------------------------------------------
Note: _cons estimates baseline odds.
(est11 stored)
note: public_servant != 0 predicts failure perfectly;
      public_servant omitted and 4505 obs not used.


Logistic regression                                     Number of obs = 25,945
                                                        Wald chi2(24) = 369.55
                                                        Prob > chi2   = 0.0000
Log pseudolikelihood = -1846785.1                       Pseudo R2     = 0.0470

----------------------------------------------------------------------------------------------
                             |               Robust
                    inactive | Odds ratio   std. err.      z    P>|z|     [95% conf. interval]
-----------------------------+----------------------------------------------------------------
                         act |
        manufactures, prim.  |   .2929335   .0636419    -5.65   0.000     .1913547    .4484342
     extractive and energy.  |   .2246108    .065248    -5.14   0.000     .1271048    .3969166
         manufactures, sec.  |   .1687642   .0520954    -5.76   0.000     .0921563    .3090549
               construction  |   .3743807   .1087519    -3.38   0.001     .2118616    .6615682
      hospitality and sales  |   .3226968   .0469491    -7.77   0.000      .242635    .4291764
 Transport, storage and IT.  |   .3608381   .0748272    -4.92   0.000     .2403245    .5417845
  Financial and prof. serv.  |   .2073427   .0336227    -9.70   0.000     .1508891    .2849179
   Education and healthcare  |   .5582006   .0845604    -3.85   0.000      .414805    .7511673
             Other services  |   .2603701   .0421006    -8.32   0.000     .1896514    .3574589
                             |
                         occ |
       white collar - prof.  |   .9188928   .2516203    -0.31   0.757      .537255    1.571626
white collar - tech. suport  |   .5737444   .1681375    -1.90   0.058     .3230511     1.01898
       white collar - other  |   .9748077   .2719073    -0.09   0.927     .5642735    1.684024
     blue collar - services  |   1.080122   .2958669     0.28   0.778     .6314105     1.84771
  blue collar - agriculture  |   .3660759    .301256    -1.22   0.222     .0729607    1.836763
     blue collar - artisans  |   1.952897   .7122115     1.84   0.066     .9555438    3.991243
       blue collar - equip.  |   1.746471   .6270038     1.55   0.120     .8641115    3.529822
                  unskilled  |    1.84789   .5129137     2.21   0.027     1.072532     3.18377
                             |
              public_servant |          1  (omitted)
                   parent_10 |   1.803526   .2002248     5.31   0.000     1.450853    2.241927
                     married |   1.701567   .2184368     4.14   0.000     1.323052    2.188372
           married_parent_10 |   .6256597   .1010788    -2.90   0.004     .4558499    .8587258
                    divorced |   .7747641   .1249369    -1.58   0.114     .5648154    1.062753
                     widowed |   1.267041   .6370563     0.47   0.638     .4729491    3.394429
                         age |   .9554076   .0129068    -3.38   0.001     .9304427    .9810423
                     college |   1.124017   .0994966     1.32   0.187     .9449866    1.336966
                       _cons |   .3987042   .2066754    -1.77   0.076     .1443495    1.101251
----------------------------------------------------------------------------------------------
Note: _cons estimates baseline odds.
(est12 stored)
note: public_servant != 0 predicts failure perfectly;
      public_servant omitted and 4423 obs not used.


Logistic regression                                     Number of obs = 25,183
                                                        Wald chi2(24) = 341.07
                                                        Prob > chi2   = 0.0000
Log pseudolikelihood = -1951613.3                       Pseudo R2     = 0.0463

----------------------------------------------------------------------------------------------
                             |               Robust
                    inactive | Odds ratio   std. err.      z    P>|z|     [95% conf. interval]
-----------------------------+----------------------------------------------------------------
                         act |
        manufactures, prim.  |   .4039767   .0847166    -4.32   0.000     .2678267    .6093389
     extractive and energy.  |   .4375241   .1196457    -3.02   0.003     .2559951    .7477773
         manufactures, sec.  |   .3457544   .0960918    -3.82   0.000     .2005407    .5961191
               construction  |    .453944   .1444838    -2.48   0.013     .2432636    .8470858
      hospitality and sales  |   .6319027    .097561    -2.97   0.003     .4669078    .8552032
 Transport, storage and IT.  |   .3918132   .0916739    -4.00   0.000     .2476968    .6197802
  Financial and prof. serv.  |   .4186645   .0679383    -5.37   0.000     .3046059    .5754318
   Education and healthcare  |   .9949229   .1586437    -0.03   0.975     .7278846    1.359929
             Other services  |   .3985272   .0631827    -5.80   0.000     .2920842    .5437607
                             |
                         occ |
       white collar - prof.  |   2.322608   .7182922     2.72   0.006     1.266871    4.258135
white collar - tech. suport  |    1.47024   .4976298     1.14   0.255     .7573268    2.854257
       white collar - other  |   2.216682   .6979306     2.53   0.011     1.195912    4.108728
     blue collar - services  |   3.302144   1.013162     3.89   0.000     1.809801    6.025056
  blue collar - agriculture  |   1.926774   .9603907     1.32   0.188     .7253601    5.118089
     blue collar - artisans  |   6.754695   2.385253     5.41   0.000     3.380843    13.49542
       blue collar - equip.  |   5.508446   1.973988     4.76   0.000     2.728949    11.11892
                  unskilled  |   5.328394   1.659392     5.37   0.000     2.894086    9.810275
                             |
              public_servant |          1  (omitted)
                   parent_10 |   2.109414   .2121255     7.42   0.000     1.732064    2.568974
                     married |   1.421128   .1857233     2.69   0.007     1.099998    1.836007
           married_parent_10 |   .6226373   .0974659    -3.03   0.002     .4581318    .8462134
                    divorced |   .7827264   .1200673    -1.60   0.110     .5794805    1.057258
                     widowed |   .7335053   .3715277    -0.61   0.541     .2718074    1.979453
                         age |   .9358856   .0125582    -4.94   0.000     .9115929    .9608256
                     college |   1.071771   .0935245     0.79   0.427     .9032853    1.271684
                       _cons |   .1860049   .1019406    -3.07   0.002     .0635361    .5445378
----------------------------------------------------------------------------------------------
Note: _cons estimates baseline odds.
(est13 stored)
note: public_servant != 0 predicts failure perfectly;
      public_servant omitted and 4333 obs not used.


Logistic regression                                     Number of obs = 24,679
                                                        Wald chi2(24) = 499.84
                                                        Prob > chi2   = 0.0000
Log pseudolikelihood = -1957900.6                       Pseudo R2     = 0.0560

----------------------------------------------------------------------------------------------
                             |               Robust
                    inactive | Odds ratio   std. err.      z    P>|z|     [95% conf. interval]
-----------------------------+----------------------------------------------------------------
                         act |
        manufactures, prim.  |   .1923597   .0431957    -7.34   0.000     .1238713    .2987151
     extractive and energy.  |   .2795889   .0712647    -5.00   0.000     .1696509    .4607695
         manufactures, sec.  |   .2663751   .0687381    -5.13   0.000     .1606353    .4417191
               construction  |   .3976364   .1580308    -2.32   0.020     .1824723    .8665132
      hospitality and sales  |   .4109762    .057378    -6.37   0.000     .3125915    .5403264
 Transport, storage and IT.  |   .3000186   .0722235    -5.00   0.000     .1871709    .4809035
  Financial and prof. serv.  |   .2746011   .0443185    -8.01   0.000     .2001359    .3767728
   Education and healthcare  |    .670499   .0987118    -2.72   0.007     .5024387    .8947737
             Other services  |   .3258555   .0484884    -7.54   0.000     .2434239    .4362011
                             |
                         occ |
       white collar - prof.  |    5.11247   2.253699     3.70   0.000      2.15477       12.13
white collar - tech. suport  |   4.964326   2.251972     3.53   0.000     2.040464    12.07791
       white collar - other  |    3.74948   1.679028     2.95   0.003     1.558836    9.018653
     blue collar - services  |   7.182507   3.207465     4.42   0.000     2.993355    17.23431
  blue collar - agriculture  |   2.243268   1.315382     1.38   0.168     .7108257    7.079443
     blue collar - artisans  |   20.74063   9.784316     6.43   0.000     8.227553    52.28452
       blue collar - equip.  |   7.032925   3.430809     4.00   0.000     2.703347    18.29659
                  unskilled  |   10.51254   4.707885     5.25   0.000     4.370281    25.28748
                             |
              public_servant |          1  (omitted)
                   parent_10 |   1.762167   .1675479     5.96   0.000     1.462562    2.123146
                     married |   1.200642   .1531162     1.43   0.152     .9351066     1.54158
           married_parent_10 |   .7764165   .1165922    -1.69   0.092     .5784586    1.042119
                    divorced |   .5467376   .0902676    -3.66   0.000     .3955885    .7556388
                     widowed |   1.186395   .5983752     0.34   0.735     .4414826    3.188195
                         age |   .9522017   .0123006    -3.79   0.000     .9283957    .9766182
                     college |   .8844496   .0771296    -1.41   0.159     .7454919    1.049309
                       _cons |   .0945294   .0589253    -3.78   0.000     .0278591    .3207503
----------------------------------------------------------------------------------------------
Note: _cons estimates baseline odds.
(est14 stored)
note: public_servant != 0 predicts failure perfectly;
      public_servant omitted and 4362 obs not used.

note: widowed != 0 predicts failure perfectly;
      widowed omitted and 61 obs not used.


Logistic regression                                     Number of obs = 24,628
                                                        Wald chi2(23) = 395.96
                                                        Prob > chi2   = 0.0000
Log pseudolikelihood = -1985762                         Pseudo R2     = 0.0489

----------------------------------------------------------------------------------------------
                             |               Robust
                    inactive | Odds ratio   std. err.      z    P>|z|     [95% conf. interval]
-----------------------------+----------------------------------------------------------------
                         act |
        manufactures, prim.  |    .240875   .0499983    -6.86   0.000     .1603645    .3618055
     extractive and energy.  |   .2121614   .0597568    -5.50   0.000     .1221573    .3684794
         manufactures, sec.  |   .1187191   .0419043    -6.04   0.000     .0594391    .2371206
               construction  |   .4680222   .1623256    -2.19   0.029     .2371601    .9236157
      hospitality and sales  |   .4525034   .0636008    -5.64   0.000     .3435444    .5960201
 Transport, storage and IT.  |   .4427671   .0937094    -3.85   0.000     .2924306    .6703905
  Financial and prof. serv.  |    .284363   .0457779    -7.81   0.000     .2074164    .3898549
   Education and healthcare  |   .6778698   .1030251    -2.56   0.011     .5032428     .913093
             Other services  |   .3267748   .0495097    -7.38   0.000     .2428192    .4397584
                             |
                         occ |
       white collar - prof.  |   1.968903    .670611     1.99   0.047     1.009959    3.838351
white collar - tech. suport  |   1.813003   .6457514     1.67   0.095     .9020265    3.643994
       white collar - other  |   1.801533   .6216494     1.71   0.088     .9160534    3.542939
     blue collar - services  |   2.522766   .8536694     2.73   0.006     1.299697    4.896795
  blue collar - agriculture  |   1.961025   .9448524     1.40   0.162     .7627129    5.042029
     blue collar - artisans  |   4.673191   1.788013     4.03   0.000     2.207673    9.892186
       blue collar - equip.  |   4.426096   1.666081     3.95   0.000     2.116458    9.256183
                  unskilled  |   5.180732   1.757186     4.85   0.000     2.664913    10.07162
                             |
              public_servant |          1  (omitted)
                   parent_10 |   1.330359   .1259999     3.01   0.003     1.104971    1.601723
                     married |   1.349486   .1725911     2.34   0.019     1.050279    1.733931
           married_parent_10 |   .9256293   .1395591    -0.51   0.608     .6888102    1.243869
                    divorced |   1.080567   .1566764     0.53   0.593     .8132645    1.435725
                     widowed |          1  (omitted)
                         age |    .946451   .0123022    -4.23   0.000     .9226437    .9708727
                     college |     1.1451   .0957314     1.62   0.105     .9720352    1.348977
                       _cons |     .25062   .1380931    -2.51   0.012     .0851136    .7379597
----------------------------------------------------------------------------------------------
Note: _cons estimates baseline odds.
(est15 stored)
note: public_servant != 0 predicts failure perfectly;
      public_servant omitted and 3919 obs not used.


Logistic regression                                     Number of obs = 21,396
                                                        Wald chi2(24) = 280.32
                                                        Prob > chi2   = 0.0000
Log pseudolikelihood = -2497841.9                       Pseudo R2     = 0.0314

----------------------------------------------------------------------------------------------
                             |               Robust
                    inactive | Odds ratio   std. err.      z    P>|z|     [95% conf. interval]
-----------------------------+----------------------------------------------------------------
                         act |
        manufactures, prim.  |   .5343778   .1129485    -2.96   0.003     .3531301    .8086529
     extractive and energy.  |   .3589689   .0931869    -3.95   0.000     .2158183    .5970701
         manufactures, sec.  |   .3712818   .1037042    -3.55   0.000     .2147589    .6418833
               construction  |   .4862555   .2120331    -1.65   0.098     .2068692    1.142966
      hospitality and sales  |   .7714188   .1175881    -1.70   0.089     .5721907    1.040015
 Transport, storage and IT.  |   .6777879   .1362333    -1.93   0.053     .4570933    1.005038
  Financial and prof. serv.  |   .4608555    .077078    -4.63   0.000     .3320485    .6396289
   Education and healthcare  |   .8900719   .1432753    -0.72   0.469     .6492422    1.220235
             Other services  |   .5646501   .0902458    -3.58   0.000     .4127958    .7723667
                             |
                         occ |
       white collar - prof.  |   2.002637    .612145     2.27   0.023     1.100058    3.645764
white collar - tech. suport  |   2.709127    .846403     3.19   0.001     1.468559    4.997666
       white collar - other  |   2.808695   .8554764     3.39   0.001     1.546124    5.102286
     blue collar - services  |   3.208066   .9661566     3.87   0.000     1.777835    5.788889
  blue collar - agriculture  |   4.777877   1.964169     3.80   0.000     2.134562    10.69451
     blue collar - artisans  |   5.625379   1.955093     4.97   0.000     2.846543    11.11695
       blue collar - equip.  |   5.275734   1.825752     4.81   0.000     2.677386    10.39572
                  unskilled  |   5.669764   1.721488     5.71   0.000     3.126928    10.28045
                             |
              public_servant |          1  (omitted)
                   parent_10 |    1.36543   .1210134     3.51   0.000     1.147705    1.624458
                     married |   1.114516   .1312737     0.92   0.357     .8847633     1.40393
           married_parent_10 |   .9492675   .1357743    -0.36   0.716     .7172009    1.256425
                    divorced |    1.11876    .155993     0.80   0.421      .851237    1.470358
                     widowed |   .0596142   .0606065    -2.77   0.006     .0081279    .4372393
                         age |   .9775801   .0120415    -1.84   0.066     .9542618    1.001468
                     college |   1.093123   .0847331     1.15   0.251     .9390492    1.272476
                       _cons |   .0736934   .0391008    -4.92   0.000      .026049    .2084806
----------------------------------------------------------------------------------------------
Note: _cons estimates baseline odds.
(est16 stored)
note: public_servant != 0 predicts failure perfectly;
      public_servant omitted and 3742 obs not used.


Logistic regression                                     Number of obs = 17,577
                                                        Wald chi2(24) = 272.89
                                                        Prob > chi2   = 0.0000
Log pseudolikelihood = -1740961.7                       Pseudo R2     = 0.0485

----------------------------------------------------------------------------------------------
                             |               Robust
                    inactive | Odds ratio   std. err.      z    P>|z|     [95% conf. interval]
-----------------------------+----------------------------------------------------------------
                         act |
        manufactures, prim.  |   .3089605   .0782236    -4.64   0.000     .1881017     .507473
     extractive and energy.  |   .1109291   .0440678    -5.54   0.000     .0509209    .2416545
         manufactures, sec.  |   .1059518   .0458134    -5.19   0.000     .0453995    .2472671
               construction  |   .4666601   .1551816    -2.29   0.022     .2431895    .8954812
      hospitality and sales  |   .5126461    .088672    -3.86   0.000     .3652464    .7195307
 Transport, storage and IT.  |   .2904471   .0744434    -4.82   0.000     .1757514    .4799935
  Financial and prof. serv.  |   .2972867   .0589623    -6.12   0.000      .201536    .4385291
   Education and healthcare  |    .664447   .1193378    -2.28   0.023     .4672836    .9448006
             Other services  |   .3767442    .070969    -5.18   0.000     .2604365    .5449935
                             |
                         occ |
       white collar - prof.  |   1.647526   .4824906     1.70   0.088     .9280075    2.924914
white collar - tech. suport  |   1.263452   .4103635     0.72   0.472     .6684862     2.38795
       white collar - other  |   1.614903   .4895277     1.58   0.114      .891498    2.925313
     blue collar - services  |   1.583277   .4558608     1.60   0.111     .9004864    2.783792
  blue collar - agriculture  |   .6616526   .3378025    -0.81   0.419     .2432509    1.799722
     blue collar - artisans  |   2.824097    1.02517     2.86   0.004     1.386394     5.75271
       blue collar - equip.  |   2.099198   .8239877     1.89   0.059     .9726032    4.530763
                  unskilled  |   2.981466   .8732826     3.73   0.000     1.679228    5.293586
                             |
              public_servant |          1  (omitted)
                   parent_10 |   1.700048   .2074147     4.35   0.000     1.338475    2.159296
                     married |   1.671906    .245384     3.50   0.000     1.253955    2.229163
           married_parent_10 |   .6528599   .1214671    -2.29   0.022     .4533678     .940133
                    divorced |   .8606834   .1763897    -0.73   0.464     .5759662    1.286145
                     widowed |   .5085643   .5157003    -0.67   0.505     .0696948    3.711002
                         age |   .9775626    .015953    -1.39   0.164       .94679    1.009335
                     college |   .8256942   .0847887    -1.87   0.062      .675167    1.009781
                       _cons |   .1263564   .0783504    -3.34   0.001     .0374791    .4259961
----------------------------------------------------------------------------------------------
Note: _cons estimates baseline odds.
(est17 stored)
note: public_servant != 0 predicts failure perfectly;
      public_servant omitted and 3391 obs not used.


Logistic regression                                     Number of obs = 16,752
                                                        Wald chi2(24) = 307.80
                                                        Prob > chi2   = 0.0000
Log pseudolikelihood = -1748944.4                       Pseudo R2     = 0.0522

----------------------------------------------------------------------------------------------
                             |               Robust
                    inactive | Odds ratio   std. err.      z    P>|z|     [95% conf. interval]
-----------------------------+----------------------------------------------------------------
                         act |
        manufactures, prim.  |   .4139442   .1037554    -3.52   0.000     .2532721    .6765441
     extractive and energy.  |   .1901014   .0698513    -4.52   0.000     .0925162    .3906186
         manufactures, sec.  |   .2248424   .0760874    -4.41   0.000      .115832    .4364432
               construction  |   .2211186   .0976679    -3.42   0.001     .0930358    .5255333
      hospitality and sales  |    .476295   .0836178    -4.22   0.000     .3376293    .6719112
 Transport, storage and IT.  |   .2669695   .0705081    -5.00   0.000     .1590943    .4479904
  Financial and prof. serv.  |   .3417356   .0665019    -5.52   0.000     .2333706    .5004197
   Education and healthcare  |   .7676505   .1387619    -1.46   0.144     .5386402    1.094028
             Other services  |   .4203243   .0814858    -4.47   0.000     .2874532    .6146133
                             |
                         occ |
       white collar - prof.  |   1.948004   .6511456     1.99   0.046      1.01173    3.750723
white collar - tech. suport  |   1.793147   .6440588     1.63   0.104     .8869177     3.62534
       white collar - other  |   1.927192   .6837072     1.85   0.064     .9614914    3.862821
     blue collar - services  |   1.971991   .6892836     1.94   0.052     .9939824    3.912292
  blue collar - agriculture  |   1.175982   1.045989     0.18   0.855     .2057267    6.722182
     blue collar - artisans  |      2.886   1.208113     2.53   0.011     1.270496      6.5557
       blue collar - equip.  |    2.56923    1.10639     2.19   0.028     1.104712     5.97526
                  unskilled  |   4.225686   1.493086     4.08   0.000     2.114158    8.446118
                             |
              public_servant |          1  (omitted)
                   parent_10 |   1.725819   .1998901     4.71   0.000     1.375328     2.16563
                     married |   .9211026   .1530258    -0.49   0.621     .6651125    1.275619
           married_parent_10 |   1.166461   .2298936     0.78   0.435     .7927016    1.716447
                    divorced |   .9290364   .1906117    -0.36   0.720     .6214275    1.388913
                     widowed |   .3097373   .2349429    -1.55   0.122     .0700386    1.369776
                         age |   .9544384   .0157604    -2.82   0.005     .9240431    .9858335
                     college |   .8291394   .0937759    -1.66   0.098      .664288    1.034901
                       _cons |   .2210552   .1434071    -2.33   0.020     .0619859    .7883304
----------------------------------------------------------------------------------------------
Note: _cons estimates baseline odds.
(est18 stored)
