
. forval t=2005/2022 { 
  2. eststo: logistic permanent i.act i.occ public_servant parent_10 married married_parent_10 divorced widowed i.age college i.tenure_bin if yd==`t'&mili==0&age3035==1&w
> oman==0 [pw=factorel], vce(robust)
  3. }
note: widowed != 0 predicts failure perfectly;
      widowed omitted and 15 obs not used.

note: 30.age omitted because of collinearity.

Logistic regression                                    Number of obs =  22,163
                                                       Wald chi2(28) = 2324.03
                                                       Prob > chi2   =  0.0000
Log pseudolikelihood = -4723611.9                      Pseudo R2     =  0.1851

----------------------------------------------------------------------------------------------
                             |               Robust
                   permanent | Odds ratio   std. err.      z    P>|z|     [95% conf. interval]
-----------------------------+----------------------------------------------------------------
                         act |
        manufactures, prim.  |   5.763228   .9245113    10.92   0.000     4.208427    7.892448
     extractive and energy.  |    5.56811   .8256329    11.58   0.000     4.163826    7.445999
         manufactures, sec.  |    7.54293   1.219288    12.50   0.000      5.49473    10.35461
               construction  |   2.010775   .2909195     4.83   0.000     1.514298    2.670026
      hospitality and sales  |   3.288578   .4646706     8.43   0.000     2.493072     4.33792
 Transport, storage and IT.  |    3.71645   .5767015     8.46   0.000     2.741845    5.037486
  Financial and prof. serv.  |   4.638135   .6958523    10.23   0.000     3.456519    6.223688
   Education and healthcare  |   2.564955   .4402596     5.49   0.000     1.832213    3.590736
             Other services  |    2.21034    .352702     4.97   0.000     1.616716    3.021931
                             |
                         occ |
       white collar - prof.  |   3.808805   .3883755    13.12   0.000     3.118844    4.651403
white collar - tech. suport  |   5.098491    .497534    16.69   0.000     4.210925    6.173135
       white collar - other  |   6.374842   .7728006    15.28   0.000     5.026678    8.084584
     blue collar - services  |   8.220748   .8395849    20.63   0.000     6.729428    10.04256
  blue collar - agriculture  |   2.699245   .5899788     4.54   0.000     1.758708    4.142771
     blue collar - artisans  |    3.57577   .3285823    13.87   0.000     2.986424    4.281418
       blue collar - equip.  |   4.543288    .437937    15.70   0.000     3.761154    5.488066
                  unskilled  |    3.73118   .3735274    13.15   0.000     3.066427     4.54004
                             |
              public_servant |   1.534975   .1707494     3.85   0.000     1.234282    1.908922
                   parent_10 |   1.088329   .1145314     0.80   0.421     .8854893    1.337634
                     married |   1.248907   .0778063     3.57   0.000     1.105353    1.411106
           married_parent_10 |   .9062246   .1127298    -0.79   0.429     .7101508    1.156435
                    divorced |   .9814587   .1311535    -0.14   0.889     .7553095     1.27532
                     widowed |          1  (omitted)
                      30.age |          1  (omitted)
                     college |   1.580717   .0888041     8.15   0.000     1.415905    1.764714
                             |
                  tenure_bin |
                          2  |   4.032188   .2325606    24.17   0.000     3.601196     4.51476
                          3  |   6.472071   .3693541    32.72   0.000     5.787168    7.238031
                          4  |   6.287035   .4698096    24.60   0.000     5.430482    7.278692
                          5  |   7.029794   .7407531    18.51   0.000     5.718059    8.642444
                          6  |   2.986342   1.263254     2.59   0.010     1.303384    6.842373
                             |
                       _cons |   .0237096   .0039749   -22.32   0.000     .0170696    .0329327
----------------------------------------------------------------------------------------------
Note: _cons estimates baseline odds.
(est19 stored)
note: widowed != 0 predicts failure perfectly;
      widowed omitted and 4 obs not used.

note: 30.age omitted because of collinearity.

Logistic regression                                    Number of obs =  18,657
                                                       Wald chi2(28) = 2276.59
                                                       Prob > chi2   =  0.0000
Log pseudolikelihood = -3909852.4                      Pseudo R2     =  0.1897

----------------------------------------------------------------------------------------------
                             |               Robust
                   permanent | Odds ratio   std. err.      z    P>|z|     [95% conf. interval]
-----------------------------+----------------------------------------------------------------
                         act |
        manufactures, prim.  |    5.34304   .9649004     9.28   0.000     3.750332    7.612144
     extractive and energy.  |   5.151578   .8952493     9.43   0.000      3.66452    7.242082
         manufactures, sec.  |   4.973055   .8795551     9.07   0.000     3.516222    7.033481
               construction  |   1.772959    .299338     3.39   0.001     1.273461    2.468377
      hospitality and sales  |   3.572518   .5995199     7.59   0.000     2.571168    4.963846
 Transport, storage and IT.  |   4.071326   .7359429     7.77   0.000     2.856739    5.802313
  Financial and prof. serv.  |   3.825933   .6652097     7.72   0.000     2.721073     5.37941
   Education and healthcare  |   2.832036   .5549368     5.31   0.000     1.928884    4.158068
             Other services  |   2.545426   .5247541     4.53   0.000     1.699341     3.81277
                             |
                         occ |
       white collar - prof.  |   4.471542   .5153033    13.00   0.000     3.567502    5.604673
white collar - tech. suport  |   5.832652   .6238857    16.49   0.000     4.729528    7.193069
       white collar - other  |    7.91348   .9767241    16.76   0.000      6.21309    10.07923
     blue collar - services  |   7.528232   .8234721    18.45   0.000     6.075538    9.328274
  blue collar - agriculture  |   2.862349   .6870744     4.38   0.000      1.78814    4.581882
     blue collar - artisans  |   4.059815   .3977873    14.30   0.000     3.350458    4.919357
       blue collar - equip.  |   5.651091   .5939764    16.48   0.000     4.599006    6.943855
                  unskilled  |   4.129128   .4534028    12.91   0.000     3.329594    5.120653
                             |
              public_servant |   1.050046   .1223962     0.42   0.675     .8355833    1.319552
                   parent_10 |   1.172729   .1418374     1.32   0.188     .9252263     1.48644
                     married |   1.243493   .0749835     3.61   0.000     1.104881    1.399495
           married_parent_10 |   .8261544    .112449    -1.40   0.161     .6327075    1.078747
                    divorced |   1.173775   .1502402     1.25   0.211     .9133415    1.508469
                     widowed |          1  (omitted)
                      30.age |          1  (omitted)
                     college |   1.678005   .0891265     9.75   0.000     1.512106    1.862107
                             |
                  tenure_bin |
                          2  |   3.799054   .2156914    23.51   0.000     3.398979     4.24622
                          3  |   6.540556   .3668867    33.48   0.000      5.85959    7.300659
                          4  |   7.280735   .5178902    27.91   0.000     6.333269    8.369944
                          5  |   6.985699   .7371547    18.42   0.000     5.680521    8.590759
                          6  |    6.23424   3.574089     3.19   0.001     2.026701    19.17685
                             |
                       _cons |   .0217527    .004126   -20.18   0.000     .0149989    .0315477
----------------------------------------------------------------------------------------------
Note: _cons estimates baseline odds.
(est20 stored)
note: 30.age omitted because of collinearity.

Logistic regression                                    Number of obs =  19,851
                                                       Wald chi2(29) = 2567.26
                                                       Prob > chi2   =  0.0000
Log pseudolikelihood = -4053173                        Pseudo R2     =  0.1858

----------------------------------------------------------------------------------------------
                             |               Robust
                   permanent | Odds ratio   std. err.      z    P>|z|     [95% conf. interval]
-----------------------------+----------------------------------------------------------------
                         act |
        manufactures, prim.  |   4.297167   .6842027     9.16   0.000      3.14523       5.871
     extractive and energy.  |   5.648697    .848234    11.53   0.000     4.208506    7.581735
         manufactures, sec.  |   5.773966    .876575    11.55   0.000     4.287943    7.774983
               construction  |   1.596964   .2268524     3.30   0.001     1.208872     2.10965
      hospitality and sales  |   3.098375   .4365025     8.03   0.000       2.3508    4.083684
 Transport, storage and IT.  |   3.777979   .5835673     8.61   0.000     2.791119    5.113765
  Financial and prof. serv.  |   3.627272   .5348124     8.74   0.000     2.716922    4.842649
   Education and healthcare  |    1.96081   .3491204     3.78   0.000     1.383184    2.779657
             Other services  |   1.645193   .2819618     2.90   0.004       1.1758    2.301973
                             |
                         occ |
       white collar - prof.  |   4.193433   .4976298    12.08   0.000     3.323216    5.291525
white collar - tech. suport  |   6.684684   .7308244    17.38   0.000     5.395362    8.282115
       white collar - other  |   8.609519   1.053367    17.60   0.000     6.773843    10.94265
     blue collar - services  |   8.747569   1.014397    18.70   0.000     6.969141    10.97983
  blue collar - agriculture  |   2.828084   .5419147     5.43   0.000     1.942611    4.117169
     blue collar - artisans  |   3.961428   .3920549    13.91   0.000     3.262947     4.80943
       blue collar - equip.  |   6.025276   .6273297    17.25   0.000     4.913071     7.38926
                  unskilled  |   3.868156   .4155593    12.59   0.000     3.133709    4.774735
                             |
              public_servant |    1.54964   .1926022     3.52   0.000     1.214608    1.977084
                   parent_10 |    1.06485   .1058397     0.63   0.527     .8763626    1.293876
                     married |   1.145121   .0648516     2.39   0.017     1.024814     1.27955
           married_parent_10 |   .9995515   .1165523    -0.00   0.997      .795337    1.256201
                    divorced |   1.191114   .1461135     1.43   0.154     .9365626    1.514851
                     widowed |   .5386759   .4128213    -0.81   0.420     .1199494    2.419118
                      30.age |          1  (omitted)
                     college |   1.597265   .0833484     8.97   0.000     1.441981    1.769271
                             |
                  tenure_bin |
                          2  |   3.320559   .1739788    22.91   0.000     2.996491    3.679675
                          3  |   5.389114    .293115    30.97   0.000     4.844181    5.995348
                          4  |   6.706527   .4739249    26.93   0.000     5.839108    7.702805
                          5  |   4.831544   .5712597    13.32   0.000     3.832161    6.091554
                          6  |    5.59901   4.261471     2.26   0.024     1.259656    24.88688
                             |
                       _cons |   .0279783   .0046769   -21.39   0.000     .0201619    .0388249
----------------------------------------------------------------------------------------------
Note: _cons estimates baseline odds.
(est21 stored)
note: 30.age omitted because of collinearity.

Logistic regression                                    Number of obs =  19,025
                                                       Wald chi2(29) = 2467.48
                                                       Prob > chi2   =  0.0000
Log pseudolikelihood = -3976691.6                      Pseudo R2     =  0.1899

----------------------------------------------------------------------------------------------
                             |               Robust
                   permanent | Odds ratio   std. err.      z    P>|z|     [95% conf. interval]
-----------------------------+----------------------------------------------------------------
                         act |
        manufactures, prim.  |   8.314762   1.528646    11.52   0.000     5.799075    11.92177
     extractive and energy.  |   10.68394   1.799205    14.07   0.000     7.680453    14.86196
         manufactures, sec.  |   8.003777   1.387746    12.00   0.000     5.697814    11.24299
               construction  |   2.637807   .4240815     6.03   0.000     1.924842    3.614857
      hospitality and sales  |   5.256336   .8420266    10.36   0.000     3.839961    7.195142
 Transport, storage and IT.  |   6.534815   1.099445    11.16   0.000     4.699196    9.087471
  Financial and prof. serv.  |   5.399972   .8735873    10.42   0.000     3.932668    7.414736
   Education and healthcare  |   4.489721   .8509684     7.92   0.000     3.096601    6.509589
             Other services  |   3.014748   .6065207     5.49   0.000     2.032368    4.471978
                             |
                         occ |
       white collar - prof.  |   4.033168   .4493317    12.52   0.000     3.242013    5.017391
white collar - tech. suport  |   5.841582   .6151573    16.76   0.000     4.752184    7.180714
       white collar - other  |   12.25594   1.588887    19.33   0.000     9.505942     15.8015
     blue collar - services  |   8.086404    .894841    18.89   0.000     6.509709    10.04499
  blue collar - agriculture  |   3.348446    .648558     6.24   0.000     2.290734     4.89454
     blue collar - artisans  |   3.684764   .3518854    13.66   0.000     3.055781    4.443214
       blue collar - equip.  |   5.058524    .517304    15.85   0.000     4.139774    6.181173
                  unskilled  |   3.923204   .4170286    12.86   0.000      3.18537    4.831944
                             |
              public_servant |   .9588021    .114021    -0.35   0.724     .7594581     1.21047
                   parent_10 |   .8501587   .0817421    -1.69   0.091     .7041378    1.026461
                     married |    1.25713   .0773428     3.72   0.000     1.114324    1.418237
           married_parent_10 |   1.245931   .1445911     1.89   0.058     .9924565    1.564143
                    divorced |   1.154049   .1834942     0.90   0.368     .8450506    1.576034
                     widowed |   .5074921   .3881685    -0.89   0.375     .1133354    2.272442
                      30.age |          1  (omitted)
                     college |   1.537423   .0852222     7.76   0.000     1.379144    1.713867
                             |
                  tenure_bin |
                          2  |   3.626582    .196893    23.73   0.000     3.260501    4.033765
                          3  |   5.752805   .3215472    31.30   0.000     5.155877    6.418842
                          4  |   6.100921   .4407555    25.03   0.000     5.295429    7.028938
                          5  |   4.489642   .5449746    12.37   0.000     3.539066    5.695537
                          6  |   3.066132   1.259088     2.73   0.006      1.37104    6.856959
                             |
                       _cons |   .0185896   .0033936   -21.83   0.000      .012998    .0265865
----------------------------------------------------------------------------------------------
Note: _cons estimates baseline odds.
(est22 stored)
note: widowed != 0 predicts success perfectly;
      widowed omitted and 1 obs not used.

note: 30.age omitted because of collinearity.

Logistic regression                                    Number of obs =  17,784
                                                       Wald chi2(28) = 2426.57
                                                       Prob > chi2   =  0.0000
Log pseudolikelihood = -3453621.3                      Pseudo R2     =  0.2050

----------------------------------------------------------------------------------------------
                             |               Robust
                   permanent | Odds ratio   std. err.      z    P>|z|     [95% conf. interval]
-----------------------------+----------------------------------------------------------------
                         act |
        manufactures, prim.  |    7.27571   1.279519    11.28   0.000     5.154441    10.26997
     extractive and energy.  |   7.888398   1.295857    12.57   0.000     5.716875    10.88476
         manufactures, sec.  |   8.437024   1.463006    12.30   0.000     6.006041    11.85196
               construction  |    2.55701   .4016388     5.98   0.000     1.879451    3.478834
      hospitality and sales  |   3.841553   .5980377     8.65   0.000      2.83136    5.212169
 Transport, storage and IT.  |   6.314179   1.040951    11.18   0.000      4.57076    8.722588
  Financial and prof. serv.  |   4.844826   .7934981     9.63   0.000     3.514521    6.678673
   Education and healthcare  |   3.738451   .6780662     7.27   0.000     2.620016    5.334324
             Other services  |   2.620138   .4946092     5.10   0.000     1.809843    3.793214
                             |
                         occ |
       white collar - prof.  |   4.340453   .4883117    13.05   0.000     3.481551    5.411247
white collar - tech. suport  |   6.388876   .6852327    17.29   0.000     5.177614    7.883503
       white collar - other  |   12.32417   1.573073    19.68   0.000     9.596421    15.82728
     blue collar - services  |   12.58984   1.436803    22.19   0.000     10.06648    15.74573
  blue collar - agriculture  |   3.845739   .8658931     5.98   0.000     2.473582    5.979066
     blue collar - artisans  |    4.43771   .4279681    15.45   0.000     3.673415    5.361026
       blue collar - equip.  |   6.601751   .6945665    17.94   0.000     5.371613      8.1136
                  unskilled  |   5.196313   .5704032    15.01   0.000     4.190427    6.443656
                             |
              public_servant |   .7522393   .0854462    -2.51   0.012     .6021002     .939817
                   parent_10 |   .9890992   .0966972    -0.11   0.911     .8166273    1.197997
                     married |   1.239182   .0818064     3.25   0.001     1.088784    1.410355
           married_parent_10 |   .8652514   .1036213    -1.21   0.227     .6842323     1.09416
                    divorced |   1.077537   .1657188     0.49   0.627     .7971175    1.456605
                     widowed |          1  (omitted)
                      30.age |          1  (omitted)
                     college |   1.978924   .1129016    11.96   0.000     1.769564    2.213053
                             |
                  tenure_bin |
                          2  |   4.381026   .2572053    25.16   0.000     3.904835    4.915288
                          3  |   6.606192   .3890404    32.06   0.000     5.886047    7.414445
                          4  |    8.77175   .6925384    27.50   0.000     7.514204    10.23975
                          5  |   4.715352   .5839927    12.52   0.000     3.699078    6.010834
                          6  |   4.170409   2.051978     2.90   0.004     1.589863    10.93951
                             |
                       _cons |   .0168664   .0030958   -22.24   0.000     .0117703    .0241689
----------------------------------------------------------------------------------------------
Note: _cons estimates baseline odds.
(est23 stored)
note: widowed omitted because of collinearity.
note: 30.age omitted because of collinearity.

Logistic regression                                    Number of obs =  17,277
                                                       Wald chi2(28) = 2282.67
                                                       Prob > chi2   =  0.0000
Log pseudolikelihood = -3265383.3                      Pseudo R2     =  0.2062

----------------------------------------------------------------------------------------------
                             |               Robust
                   permanent | Odds ratio   std. err.      z    P>|z|     [95% conf. interval]
-----------------------------+----------------------------------------------------------------
                         act |
        manufactures, prim.  |   7.261113   1.166656    12.34   0.000     5.299552     9.94872
     extractive and energy.  |   6.149102   .9338424    11.96   0.000     4.566072     8.28096
         manufactures, sec.  |   7.106169   1.111154    12.54   0.000     5.230432    9.654581
               construction  |   1.998793   .2899208     4.77   0.000     1.504191    2.656029
      hospitality and sales  |   3.580896   .5046745     9.05   0.000     2.716611    4.720153
 Transport, storage and IT.  |   5.488232   .8431543    11.08   0.000     4.061279    7.416554
  Financial and prof. serv.  |   4.397527   .6422671    10.14   0.000     3.302851    5.855016
   Education and healthcare  |   3.896955   .6448977     8.22   0.000     2.817489    5.389999
             Other services  |   2.481884   .4483306     5.03   0.000     1.741885    3.536255
                             |
                         occ |
       white collar - prof.  |   4.694346   .5225162    13.89   0.000     3.774243    5.838755
white collar - tech. suport  |   6.167595   .6760413    16.60   0.000      4.97524    7.645706
       white collar - other  |   11.24748   1.456938    18.68   0.000     8.725599    14.49824
     blue collar - services  |   9.968053   1.119877    20.47   0.000     7.997988    12.42339
  blue collar - agriculture  |   2.575524   .5094038     4.78   0.000     1.747871    3.795087
     blue collar - artisans  |   5.256263    .536827    16.25   0.000      4.30272    6.421125
       blue collar - equip.  |   6.525094   .7205911    16.98   0.000     5.255153    8.101925
                  unskilled  |   4.728414   .5336879    13.76   0.000     3.790023    5.899146
                             |
              public_servant |   .8005883   .0907438    -1.96   0.050     .6411042    .9997464
                   parent_10 |   .9445692   .0845966    -0.64   0.524        .7925    1.125818
                     married |   1.237211   .0868792     3.03   0.002     1.078129    1.419766
           married_parent_10 |   .9912037   .1148873    -0.08   0.939     .7897739    1.244008
                    divorced |   1.177658   .2006991     0.96   0.337     .8432488    1.644686
                     widowed |          1  (omitted)
                      30.age |          1  (omitted)
                     college |   1.670349   .0980554     8.74   0.000     1.488808    1.874027
                             |
                  tenure_bin |
                          2  |    4.74268   .2910961    25.36   0.000     4.205124    5.348954
                          3  |   8.803032   .5714322    33.51   0.000     7.751364    9.997385
                          4  |   8.917607   .6856733    28.46   0.000     7.670074    10.36805
                          5  |   6.013168   .7212463    14.96   0.000     4.753422    7.606769
                          6  |   .6286744   .4636327    -0.63   0.529     .1481442    2.667885
                             |
                       _cons |   .0164029   .0028307   -23.82   0.000     .0116957    .0230047
----------------------------------------------------------------------------------------------
Note: _cons estimates baseline odds.
(est24 stored)
note: 30.age omitted because of collinearity.

Logistic regression                                    Number of obs =  15,719
                                                       Wald chi2(29) = 1975.90
                                                       Prob > chi2   =  0.0000
Log pseudolikelihood = -3126490.4                      Pseudo R2     =  0.1897

----------------------------------------------------------------------------------------------
                             |               Robust
                   permanent | Odds ratio   std. err.      z    P>|z|     [95% conf. interval]
-----------------------------+----------------------------------------------------------------
                         act |
        manufactures, prim.  |   6.304297   1.022176    11.36   0.000     4.587998    8.662636
     extractive and energy.  |   6.388999   .9723819    12.19   0.000     4.741144    8.609592
         manufactures, sec.  |   4.351924   .6693844     9.56   0.000     3.219253    5.883118
               construction  |   1.485376   .2163279     2.72   0.007     1.116526    1.976078
      hospitality and sales  |   3.336438   .4687075     8.58   0.000     2.533408    4.394011
 Transport, storage and IT.  |    3.56407   .5389473     8.40   0.000     2.649905    4.793605
  Financial and prof. serv.  |   3.289287   .4716632     8.30   0.000     2.483389    4.356711
   Education and healthcare  |   2.919213   .4803569     6.51   0.000     2.114464    4.030241
             Other services  |   1.599303   .2838495     2.65   0.008     1.129424     2.26467
                             |
                         occ |
       white collar - prof.  |   2.109058   .2991654     5.26   0.000     1.597157    2.785029
white collar - tech. suport  |   2.761641   .3861494     7.26   0.000     2.099651    3.632348
       white collar - other  |   4.024702   .6400221     8.76   0.000      2.94695    5.496608
     blue collar - services  |   2.599267   .3710066     6.69   0.000     1.964964    3.438327
  blue collar - agriculture  |   .9038759   .1778621    -0.51   0.608     .6146272    1.329247
     blue collar - artisans  |   1.981005   .2701227     5.01   0.000     1.516418    2.587929
       blue collar - equip.  |   2.486205   .3626778     6.24   0.000     1.867957    3.309077
                  unskilled  |   1.897134   .2804987     4.33   0.000     1.419857    2.534846
                             |
              public_servant |   .9439159   .1062675    -0.51   0.608     .7570137    1.176963
                   parent_10 |   .8933887   .0859018    -1.17   0.241     .7399376    1.078663
                     married |   1.542795   .1140793     5.86   0.000     1.334651      1.7834
           married_parent_10 |   .7911032   .0982465    -1.89   0.059     .6201876    1.009121
                    divorced |   .9656302   .1726692    -0.20   0.845     .6801476     1.37094
                     widowed |   1.533648   1.050376     0.62   0.532     .4006351    5.870871
                      30.age |          1  (omitted)
                     college |   1.277136   .0779004     4.01   0.000     1.133228     1.43932
                             |
                  tenure_bin |
                          2  |    5.19355   .3403232    25.14   0.000     4.567586    5.905299
                          3  |   8.337868   .5468052    32.34   0.000     7.332168    9.481512
                          4  |   8.477947     .66304    27.33   0.000     7.273112    9.882371
                          5  |   5.628366   .7829423    12.42   0.000     4.285235    7.392477
                          6  |   2.739639   1.728824     1.60   0.110     .7953358    9.437049
                             |
                       _cons |   .0541523   .0105389   -14.98   0.000     .0369793    .0793002
----------------------------------------------------------------------------------------------
Note: _cons estimates baseline odds.
(est25 stored)
note: 30.age omitted because of collinearity.

Logistic regression                                    Number of obs =  13,941
                                                       Wald chi2(29) = 1873.63
                                                       Prob > chi2   =  0.0000
Log pseudolikelihood = -2780405.4                      Pseudo R2     =  0.1990

----------------------------------------------------------------------------------------------
                             |               Robust
                   permanent | Odds ratio   std. err.      z    P>|z|     [95% conf. interval]
-----------------------------+----------------------------------------------------------------
                         act |
        manufactures, prim.  |   7.908099   1.356554    12.05   0.000     5.650114    11.06846
     extractive and energy.  |   5.303336   .8702407    10.17   0.000     3.844792    7.315187
         manufactures, sec.  |   5.941035   .9947492    10.64   0.000     4.278972    8.248685
               construction  |   1.694042   .2624851     3.40   0.001     1.250356    2.295168
      hospitality and sales  |   3.349175    .496595     8.15   0.000     2.504534    4.478667
 Transport, storage and IT.  |     4.9704   .7925331    10.06   0.000     3.636359    6.793849
  Financial and prof. serv.  |   4.006766   .6047513     9.20   0.000     2.980712     5.38602
   Education and healthcare  |   5.720701   1.088098     9.17   0.000     3.940466    8.305214
             Other services  |   2.029021   .3786327     3.79   0.000     1.407489    2.925015
                             |
                         occ |
       white collar - prof.  |   1.584875   .2491264     2.93   0.003     1.164648    2.156728
white collar - tech. suport  |   2.244991     .34898     5.20   0.000     1.655377    3.044616
       white collar - other  |   4.253149   .7662673     8.04   0.000     2.987818    6.054343
     blue collar - services  |   2.141486   .3456072     4.72   0.000     1.560784    2.938244
  blue collar - agriculture  |    .762147   .1690758    -1.22   0.221     .4934089    1.177255
     blue collar - artisans  |   1.419004   .2181619     2.28   0.023     1.049826    1.918006
       blue collar - equip.  |   1.574482   .2603365     2.75   0.006     1.138659    2.177116
                  unskilled  |   1.495357    .245967     2.45   0.014     1.083261    2.064223
                             |
              public_servant |   .6938202   .0981533    -2.58   0.010     .5258104    .9155133
                   parent_10 |   1.113169   .1150877     1.04   0.300     .9089865    1.363216
                     married |   1.077902   .0894524     0.90   0.366     .9160941    1.268289
           married_parent_10 |   .9041791   .1236973    -0.74   0.462     .6915201    1.182236
                    divorced |   .6930786   .1261497    -2.01   0.044     .4851234    .9901767
                     widowed |   2.110229   .9792593     1.61   0.108     .8498193    5.240017
                      30.age |          1  (omitted)
                     college |   1.241069   .0810564     3.31   0.001      1.09195    1.410553
                             |
                  tenure_bin |
                          2  |   5.299878   .3645953    24.24   0.000     4.631365    6.064887
                          3  |   9.274956   .6426666    32.14   0.000      8.09714     10.6241
                          4  |   9.478458   .8618364    24.73   0.000     7.931247    11.32749
                          5  |     6.6015    .961468    12.96   0.000     4.962155    8.782434
                          6  |   2.217837   1.758603     1.00   0.315     .4687932    10.49247
                             |
                       _cons |   .0608454   .0129206   -13.18   0.000     .0401305    .0922532
----------------------------------------------------------------------------------------------
Note: _cons estimates baseline odds.
(est26 stored)
note: widowed != 0 predicts success perfectly;
      widowed omitted and 1 obs not used.

note: 30.age omitted because of collinearity.

Logistic regression                                    Number of obs =  12,905
                                                       Wald chi2(28) = 1835.57
                                                       Prob > chi2   =  0.0000
Log pseudolikelihood = -2563013.7                      Pseudo R2     =  0.2101

----------------------------------------------------------------------------------------------
                             |               Robust
                   permanent | Odds ratio   std. err.      z    P>|z|     [95% conf. interval]
-----------------------------+----------------------------------------------------------------
                         act |
        manufactures, prim.  |   10.09111   1.845342    12.64   0.000     7.051501    14.44098
     extractive and energy.  |    6.73122   1.159698    11.07   0.000     4.802234    9.435051
         manufactures, sec.  |   9.764249   1.733366    12.84   0.000     6.894965    13.82756
               construction  |   2.445148   .4142415     5.28   0.000     1.754284    3.408084
      hospitality and sales  |   3.891332   .6093686     8.68   0.000     2.862881    5.289242
 Transport, storage and IT.  |   6.124109   1.045925    10.61   0.000     4.381953    8.558902
  Financial and prof. serv.  |   3.413049    .557403     7.52   0.000     2.478154    4.700637
   Education and healthcare  |   4.940656   .9541113     8.27   0.000     3.383806    7.213795
             Other services  |   4.566316   .9271006     7.48   0.000     3.067229    6.798071
                             |
                         occ |
       white collar - prof.  |   1.943453    .307214     4.20   0.000     1.425671    2.649287
white collar - tech. suport  |   2.417944   .3835988     5.57   0.000     1.771764    3.299792
       white collar - other  |   5.849562   1.094141     9.44   0.000     4.054235     8.43991
     blue collar - services  |   2.436998   .3865106     5.62   0.000     1.785886    3.325498
  blue collar - agriculture  |   1.342625   .3262221     1.21   0.225     .8339411    2.161593
     blue collar - artisans  |   1.741614    .271501     3.56   0.000     1.283092    2.363993
       blue collar - equip.  |   2.113396   .3500495     4.52   0.000     1.527543    2.923941
                  unskilled  |   2.843577    .478102     6.22   0.000     2.045262    3.953492
                             |
              public_servant |    1.26957    .176971     1.71   0.087     .9660599    1.668436
                   parent_10 |   1.246001   .1168159     2.35   0.019      1.03685    1.497341
                     married |   1.106163   .1004845     1.11   0.267     .9257534     1.32173
           married_parent_10 |   .7981932   .1079331    -1.67   0.096     .6123603    1.040421
                    divorced |   .4754423   .1025225    -3.45   0.001     .3115645     .725517
                     widowed |          1  (omitted)
                      30.age |          1  (omitted)
                     college |   1.327018   .0906772     4.14   0.000     1.160681    1.517193
                             |
                  tenure_bin |
                          2  |   5.676069    .428974    22.97   0.000     4.894602    6.582305
                          3  |   11.24802   .8091388    33.64   0.000     9.768862    12.95115
                          4  |   11.98938   1.102582    27.01   0.000     10.01192     14.3574
                          5  |   5.657408   .8451337    11.60   0.000     4.221438    7.581838
                          6  |   1.203099   1.176053     0.19   0.850      .177107    8.172732
                             |
                       _cons |   .0289764   .0063358   -16.20   0.000     .0188767    .0444797
----------------------------------------------------------------------------------------------
Note: _cons estimates baseline odds.
(est27 stored)
note: widowed != 0 predicts success perfectly;
      widowed omitted and 1 obs not used.

note: 30.age omitted because of collinearity.

Logistic regression                                    Number of obs =  12,692
                                                       Wald chi2(28) = 1675.31
                                                       Prob > chi2   =  0.0000
Log pseudolikelihood = -2497667.8                      Pseudo R2     =  0.2065

----------------------------------------------------------------------------------------------
                             |               Robust
                   permanent | Odds ratio   std. err.      z    P>|z|     [95% conf. interval]
-----------------------------+----------------------------------------------------------------
                         act |
        manufactures, prim.  |   7.257994   1.406916    10.23   0.000     4.963827    10.61247
     extractive and energy.  |    7.09534   1.285331    10.82   0.000     4.974814    10.11975
         manufactures, sec.  |   10.34962   1.952562    12.39   0.000     7.150497    14.98001
               construction  |   2.937146   .5209525     6.07   0.000     2.074677    4.158153
      hospitality and sales  |   4.606442    .764719     9.20   0.000     3.327032    6.377849
 Transport, storage and IT.  |   6.037205   1.068039    10.16   0.000     4.268254    8.539286
  Financial and prof. serv.  |   4.271409    .734966     8.44   0.000     3.048653    5.984589
   Education and healthcare  |   4.552489   .8917892     7.74   0.000     3.101035    6.683303
             Other services  |   4.260525   .8768556     7.04   0.000     2.846282    6.377468
                             |
                         occ |
       white collar - prof.  |   1.559864   .3412961     2.03   0.042     1.015886    2.395126
white collar - tech. suport  |   2.880135    .632031     4.82   0.000     1.873359     4.42797
       white collar - other  |   5.077907   1.203238     6.86   0.000     3.191449    8.079446
     blue collar - services  |   2.578359   .5633914     4.33   0.000     1.680155     3.95674
  blue collar - agriculture  |   1.590037   .4324766     1.71   0.088     .9330132    2.709736
     blue collar - artisans  |   1.707824   .3644496     2.51   0.012     1.124079    2.594714
       blue collar - equip.  |   1.596416   .3476366     2.15   0.032     1.041808    2.446269
                  unskilled  |   1.982967   .4392951     3.09   0.002     1.284533    3.061158
                             |
              public_servant |   .9835246   .1303705    -0.13   0.900     .7584986     1.27531
                   parent_10 |   1.131515   .1025706     1.36   0.173     .9473263    1.351514
                     married |    1.13936     .10153     1.46   0.143      .956774    1.356791
           married_parent_10 |   .8528532   .1119958    -1.21   0.225     .6593188    1.103197
                    divorced |   .6837446   .1686432    -1.54   0.123      .421646    1.108766
                     widowed |          1  (omitted)
                      30.age |          1  (omitted)
                     college |   1.218579   .0803498     3.00   0.003     1.070847     1.38669
                             |
                  tenure_bin |
                          2  |   5.391705   .4031141    22.54   0.000     4.656778    6.242618
                          3  |   10.17853   .7362052    32.08   0.000     8.833209    11.72876
                          4  |   10.30835   .9126155    26.35   0.000     8.666242    12.26161
                          5  |   7.083408    .962452    14.41   0.000     5.427326    9.244821
                          6  |   11.29177   8.973615     3.05   0.002     2.378531    53.60623
                             |
                       _cons |   .0353261   .0094497   -12.50   0.000     .0209122    .0596747
----------------------------------------------------------------------------------------------
Note: _cons estimates baseline odds.
(est28 stored)
note: 6.tenure_bin != 0 predicts success perfectly;
      6.tenure_bin omitted and 6 obs not used.

note: 30.age omitted because of collinearity.

Logistic regression                                    Number of obs =  12,062
                                                       Wald chi2(28) = 1745.34
                                                       Prob > chi2   =  0.0000
Log pseudolikelihood = -2523984                        Pseudo R2     =  0.2031

----------------------------------------------------------------------------------------------
                             |               Robust
                   permanent | Odds ratio   std. err.      z    P>|z|     [95% conf. interval]
-----------------------------+----------------------------------------------------------------
                         act |
        manufactures, prim.  |   5.260809   1.010272     8.65   0.000     3.610689     7.66505
     extractive and energy.  |    5.73378   1.010379     9.91   0.000     4.059255     8.09908
         manufactures, sec.  |   6.167408   1.121218    10.01   0.000     4.318735    8.807422
               construction  |   2.077593   .3576437     4.25   0.000     1.482626    2.911314
      hospitality and sales  |   3.934852   .6356477     8.48   0.000     2.866968    5.400501
 Transport, storage and IT.  |   4.997344   .8640461     9.31   0.000     3.560948    7.013147
  Financial and prof. serv.  |   4.010071   .6745088     8.26   0.000     2.883877    5.576058
   Education and healthcare  |    3.16951   .6234824     5.86   0.000      2.15551    4.660518
             Other services  |   2.339866   .4629919     4.30   0.000     1.587679    3.448412
                             |
                         occ |
       white collar - prof.  |   3.989101   .7607891     7.25   0.000     2.744963    5.797137
white collar - tech. suport  |   5.119188   .9814525     8.52   0.000     3.515673    7.454075
       white collar - other  |   7.917988   1.662085     9.86   0.000     5.247313    11.94793
     blue collar - services  |   4.578944   .8571206     8.13   0.000     3.172716    6.608449
  blue collar - agriculture  |   2.274166   .5713651     3.27   0.001     1.389841    3.721169
     blue collar - artisans  |   4.409223   .8210941     7.97   0.000     3.060904    6.351474
       blue collar - equip.  |   4.106779    .796952     7.28   0.000     2.807496    6.007359
                  unskilled  |    4.34192   .8456479     7.54   0.000     2.964141    6.360114
                             |
              public_servant |   .8674305   .1330902    -0.93   0.354     .6421471     1.17175
                   parent_10 |   1.281776   .1183062     2.69   0.007     1.069664     1.53595
                     married |   1.099086   .0978941     1.06   0.289     .9230306    1.308721
           married_parent_10 |   .8308145   .1112267    -1.38   0.166     .6390695     1.08009
                    divorced |   1.278912   .2391911     1.32   0.188     .8864272    1.845178
                     widowed |   .2536557   .2026331    -1.72   0.086     .0529982    1.214026
                      30.age |          1  (omitted)
                     college |   1.403311   .0935534     5.08   0.000     1.231424    1.599191
                             |
                  tenure_bin |
                          2  |   3.923759   .2734994    19.61   0.000     3.422715    4.498151
                          3  |   10.20465   .7359622    32.21   0.000     8.859504    11.75404
                          4  |   10.05234   .8345837    27.80   0.000     8.542738     11.8287
                          5  |   10.49835   1.431593    17.24   0.000     8.036147    13.71494
                          6  |          1  (empty)
                             |
                       _cons |   .0191146   .0046997   -16.10   0.000     .0118054    .0309493
----------------------------------------------------------------------------------------------
Note: _cons estimates baseline odds.
(est29 stored)
note: widowed != 0 predicts failure perfectly;
      widowed omitted and 3 obs not used.

note: 6.tenure_bin != 0 predicts failure perfectly;
      6.tenure_bin omitted and 1 obs not used.

note: 30.age omitted because of collinearity.

Logistic regression                                    Number of obs =  11,299
                                                       Wald chi2(27) = 1531.87
                                                       Prob > chi2   =  0.0000
Log pseudolikelihood = -2476509.3                      Pseudo R2     =  0.1836

----------------------------------------------------------------------------------------------
                             |               Robust
                   permanent | Odds ratio   std. err.      z    P>|z|     [95% conf. interval]
-----------------------------+----------------------------------------------------------------
                         act |
        manufactures, prim.  |   4.772532   .8576028     8.70   0.000     3.355766    6.787439
     extractive and energy.  |   5.937522   1.019434    10.37   0.000     4.240914    8.312869
         manufactures, sec.  |    6.25933   1.062419    10.81   0.000     4.487974    8.729821
               construction  |   1.622093   .2707697     2.90   0.004     1.169467    2.249901
      hospitality and sales  |   3.567856   .5531799     8.20   0.000     2.632888    4.834841
 Transport, storage and IT.  |   4.314707   .7211457     8.75   0.000     3.109455    5.987124
  Financial and prof. serv.  |    3.48472   .5592492     7.78   0.000     2.544262    4.772808
   Education and healthcare  |   2.215113     .41051     4.29   0.000     1.540455    3.185243
             Other services  |    2.80053   .5792003     4.98   0.000     1.867224    4.200337
                             |
                         occ |
       white collar - prof.  |   2.043531   .4186037     3.49   0.000     1.367786    3.053122
white collar - tech. suport  |   3.469409   .7140567     6.04   0.000     2.317743    5.193326
       white collar - other  |   4.266904   .9255301     6.69   0.000     2.789199    6.527489
     blue collar - services  |   3.011546   .6084421     5.46   0.000     2.026822    4.474693
  blue collar - agriculture  |   1.427894   .4241908     1.20   0.231     .7976749    2.556032
     blue collar - artisans  |   2.318955   .4634502     4.21   0.000     1.567391    3.430896
       blue collar - equip.  |   2.392679   .4916156     4.25   0.000     1.599525    3.579134
                  unskilled  |   2.453963   .5024988     4.38   0.000     1.642734      3.6658
                             |
              public_servant |   1.100661   .1513035     0.70   0.485     .8407021    1.441003
                   parent_10 |   1.426651   .1246743     4.07   0.000     1.202075    1.693183
                     married |   1.178383    .110127     1.76   0.079     .9811526     1.41526
           married_parent_10 |   .8049781   .1080404    -1.62   0.106      .618785    1.047197
                    divorced |   1.027648   .1975919     0.14   0.887     .7049837    1.497994
                     widowed |          1  (omitted)
                      30.age |          1  (omitted)
                     college |   1.417336   .0965507     5.12   0.000     1.240189    1.619786
                             |
                  tenure_bin |
                          2  |   3.849494   .2742104    18.92   0.000     3.347882    4.426262
                          3  |   7.477138   .5334633    28.20   0.000     6.501381    8.599341
                          4  |   8.938752   .7491646    26.13   0.000     7.584674    10.53457
                          5  |   6.241503   .9278717    12.32   0.000     4.663889    8.352763
                          6  |          1  (empty)
                             |
                       _cons |   .0408345   .0101517   -12.86   0.000     .0250849    .0664724
----------------------------------------------------------------------------------------------
Note: _cons estimates baseline odds.
(est30 stored)
note: widowed omitted because of collinearity.
note: 30.age omitted because of collinearity.

Logistic regression                                    Number of obs =  10,984
                                                       Wald chi2(28) = 1460.04
                                                       Prob > chi2   =  0.0000
Log pseudolikelihood = -2497335.9                      Pseudo R2     =  0.1568

----------------------------------------------------------------------------------------------
                             |               Robust
                   permanent | Odds ratio   std. err.      z    P>|z|     [95% conf. interval]
-----------------------------+----------------------------------------------------------------
                         act |
        manufactures, prim.  |   5.455587   .9335337     9.92   0.000     3.901108     7.62948
     extractive and energy.  |   4.974021   .8186727     9.75   0.000     3.602538    6.867626
         manufactures, sec.  |   4.465897   .7458298     8.96   0.000     3.219239    6.195325
               construction  |   1.945383   .3241122     3.99   0.000     1.403428    2.696623
      hospitality and sales  |   3.851918   .5941364     8.74   0.000     2.846977    5.211587
 Transport, storage and IT.  |   4.747605    .789198     9.37   0.000      3.42751    6.576131
  Financial and prof. serv.  |    3.19297   .5093816     7.28   0.000     2.335613    4.365047
   Education and healthcare  |   2.698962   .4916056     5.45   0.000     1.888659    3.856913
             Other services  |   2.574328   .4800982     5.07   0.000     1.786156    3.710294
                             |
                         occ |
       white collar - prof.  |   2.333564    .394542     5.01   0.000     1.675347    3.250384
white collar - tech. suport  |   3.265332   .5421143     7.13   0.000     2.358359    4.521108
       white collar - other  |   4.295578   .7778158     8.05   0.000     3.012253    6.125644
     blue collar - services  |   3.216193   .5281711     7.11   0.000     2.331072    4.437399
  blue collar - agriculture  |   1.974147   .4671323     2.87   0.004     1.241549    3.139026
     blue collar - artisans  |   2.485788   .4095956     5.53   0.000      1.79973    3.433371
       blue collar - equip.  |   2.879348   .4907389     6.21   0.000     2.061676    4.021313
                  unskilled  |    2.42494   .4186465     5.13   0.000     1.728812    3.401372
                             |
              public_servant |   .8183053   .1024863    -1.60   0.109     .6401902    1.045976
                   parent_10 |   1.261933   .1124231     2.61   0.009     1.059753    1.502686
                     married |   1.387914   .1279382     3.56   0.000     1.158507    1.662748
           married_parent_10 |   .8258604   .1108001    -1.43   0.154      .634902    1.074253
                    divorced |   1.384794   .2785006     1.62   0.106      .933678    2.053871
                     widowed |          1  (omitted)
                      30.age |          1  (omitted)
                     college |   1.581685   .1042448     6.96   0.000     1.390015    1.799784
                             |
                  tenure_bin |
                          2  |   2.974702   .1981527    16.37   0.000     2.610614    3.389567
                          3  |   5.446782   .3770264    24.49   0.000     4.755759    6.238213
                          4  |   8.823662   .7665959    25.06   0.000     7.442123    10.46167
                          5  |   5.049824   .7800283    10.48   0.000     3.730733    6.835311
                          6  |    1.67045   1.255201     0.68   0.495     .3830256     7.28516
                             |
                       _cons |   .0421346   .0091539   -14.58   0.000     .0275241    .0645007
----------------------------------------------------------------------------------------------
Note: _cons estimates baseline odds.
(est31 stored)
note: widowed != 0 predicts success perfectly;
      widowed omitted and 4 obs not used.

note: 30.age omitted because of collinearity.

Logistic regression                                    Number of obs =  11,190
                                                       Wald chi2(28) = 1592.19
                                                       Prob > chi2   =  0.0000
Log pseudolikelihood = -2432110.7                      Pseudo R2     =  0.1736

----------------------------------------------------------------------------------------------
                             |               Robust
                   permanent | Odds ratio   std. err.      z    P>|z|     [95% conf. interval]
-----------------------------+----------------------------------------------------------------
                         act |
        manufactures, prim.  |   4.612922   .8476163     8.32   0.000     3.217876    6.612762
     extractive and energy.  |   6.146287   1.058741    10.54   0.000      4.38518    8.614664
         manufactures, sec.  |   5.862277   1.031471    10.05   0.000     4.152378     8.27629
               construction  |   2.504004   .4391534     5.23   0.000     1.775624    3.531175
      hospitality and sales  |   4.691964    .749248     9.68   0.000      3.43106    6.416244
 Transport, storage and IT.  |   6.008743    1.02697    10.49   0.000     4.298358    8.399718
  Financial and prof. serv.  |   3.187162   .5351055     6.90   0.000     2.293467    4.429103
   Education and healthcare  |   4.274585    .785875     7.90   0.000     2.981275    6.128947
             Other services  |    2.05313   .3806144     3.88   0.000     1.427639    2.952666
                             |
                         occ |
       white collar - prof.  |    1.75893   .3123305     3.18   0.001     1.241944    2.491123
white collar - tech. suport  |   2.740366   .4933455     5.60   0.000     1.925606    3.899865
       white collar - other  |   4.184674   .8046831     7.44   0.000     2.870659    6.100166
     blue collar - services  |   2.026315   .3624274     3.95   0.000      1.42712    2.877088
  blue collar - agriculture  |   2.090219   .5239943     2.94   0.003     1.278807    3.416476
     blue collar - artisans  |   2.235727   .3972426     4.53   0.000     1.578258    3.167085
       blue collar - equip.  |   2.312367   .4250333     4.56   0.000     1.612866     3.31524
                  unskilled  |   1.926938   .3537473     3.57   0.000     1.344635    2.761413
                             |
              public_servant |   .4939311   .0592454    -5.88   0.000      .390452    .6248346
                   parent_10 |    1.34616   .1164141     3.44   0.001     1.136282    1.594805
                     married |     1.2791   .1207455     2.61   0.009     1.063046    1.539065
           married_parent_10 |   .6691067   .0897517    -3.00   0.003     .5144203    .8703074
                    divorced |   1.935393   .4772829     2.68   0.007     1.193593    3.138211
                     widowed |          1  (omitted)
                      30.age |          1  (omitted)
                     college |   1.490619   .1039446     5.72   0.000       1.3002    1.708925
                             |
                  tenure_bin |
                          2  |   3.632974   .2377906    19.71   0.000     3.195569     4.13025
                          3  |   6.035632   .4368838    24.84   0.000     5.237322    6.955626
                          4  |   12.50824   1.116667    28.30   0.000      10.5004    14.90002
                          5  |   5.825808   .8982066    11.43   0.000     4.306459    7.881194
                          6  |   14.45014   12.00583     3.21   0.001     2.835667    73.63575
                             |
                       _cons |   .0426967   .0100118   -13.45   0.000     .0269649    .0676067
----------------------------------------------------------------------------------------------
Note: _cons estimates baseline odds.
(est32 stored)
note: widowed != 0 predicts success perfectly;
      widowed omitted and 2 obs not used.

note: 30.age omitted because of collinearity.

Logistic regression                                    Number of obs =  11,165
                                                       Wald chi2(28) = 1441.20
                                                       Prob > chi2   =  0.0000
Log pseudolikelihood = -2451822.4                      Pseudo R2     =  0.1662

----------------------------------------------------------------------------------------------
                             |               Robust
                   permanent | Odds ratio   std. err.      z    P>|z|     [95% conf. interval]
-----------------------------+----------------------------------------------------------------
                         act |
        manufactures, prim.  |   7.077683   1.308592    10.58   0.000     4.926206     10.1688
     extractive and energy.  |   6.933369   1.212463    11.07   0.000     4.921433    9.767804
         manufactures, sec.  |   8.106161   1.454966    11.66   0.000     5.702089    11.52382
               construction  |   3.118263   .5436273     6.52   0.000     2.215732    4.388422
      hospitality and sales  |    6.24536   1.021793    11.20   0.000     4.532041    8.606393
 Transport, storage and IT.  |   7.936922   1.389084    11.84   0.000     5.632208    11.18473
  Financial and prof. serv.  |   4.423097   .7450428     8.83   0.000     3.179413    6.153271
   Education and healthcare  |   4.017796   .7637383     7.32   0.000     2.768114    5.831655
             Other services  |   3.126238   .6063948     5.88   0.000     2.137543    4.572241
                             |
                         occ |
       white collar - prof.  |   1.661533   .2967416     2.84   0.004     1.170816    2.357922
white collar - tech. suport  |    2.35537   .4259833     4.74   0.000     1.652396    3.357409
       white collar - other  |   4.465805    .881007     7.59   0.000     3.033724    6.573906
     blue collar - services  |   2.104494   .3809285     4.11   0.000     1.475958    3.000691
  blue collar - agriculture  |   1.738837   .4118294     2.34   0.020     1.093097    2.766044
     blue collar - artisans  |   1.759208   .3103002     3.20   0.001     1.245021     2.48575
       blue collar - equip.  |   1.922391   .3568779     3.52   0.000     1.336049    2.766057
                  unskilled  |   1.785968   .3290192     3.15   0.002     1.244691     2.56263
                             |
              public_servant |    .502879   .0627822    -5.51   0.000     .3937266    .6422916
                   parent_10 |   1.044378   .0836629     0.54   0.588     .8926268    1.221928
                     married |   1.157337   .1048898     1.61   0.107     .9689806    1.382306
           married_parent_10 |   .8048642   .1049515    -1.66   0.096     .6233455    1.039241
                    divorced |   1.464611   .2948408     1.90   0.058     .9871133     2.17309
                     widowed |          1  (omitted)
                      30.age |          1  (omitted)
                     college |   1.540912   .1113396     5.98   0.000     1.337438    1.775341
                             |
                  tenure_bin |
                          2  |   3.865529   .2555574    20.45   0.000      3.39574    4.400312
                          3  |   5.396879   .3935004    23.12   0.000     4.678206    6.225955
                          4  |   9.971354   .9049139    25.34   0.000      8.34654    11.91247
                          5  |   8.056301   1.285122    13.08   0.000      5.89324     11.0133
                          6  |   5.574946   5.486066     1.75   0.081     .8102325    38.35939
                             |
                       _cons |   .0436571   .0101757   -13.43   0.000     .0276474    .0689374
----------------------------------------------------------------------------------------------
Note: _cons estimates baseline odds.
(est33 stored)
note: widowed omitted because of collinearity.
note: 30.age omitted because of collinearity.

Logistic regression                                    Number of obs =   9,158
                                                       Wald chi2(28) = 1052.65
                                                       Prob > chi2   =  0.0000
Log pseudolikelihood = -2256993.8                      Pseudo R2     =  0.1598

----------------------------------------------------------------------------------------------
                             |               Robust
                   permanent | Odds ratio   std. err.      z    P>|z|     [95% conf. interval]
-----------------------------+----------------------------------------------------------------
                         act |
        manufactures, prim.  |   3.730958   .7317382     6.71   0.000     2.540256    5.479781
     extractive and energy.  |   4.915434   .9465858     8.27   0.000     3.370097    7.169375
         manufactures, sec.  |   5.333824   1.059833     8.43   0.000     3.613304     7.87359
               construction  |   2.092487   .3998268     3.86   0.000     1.438856    3.043043
      hospitality and sales  |   3.371278   .6020216     6.81   0.000     2.375704    4.784061
 Transport, storage and IT.  |   3.950804   .7299529     7.44   0.000     2.750534    5.674845
  Financial and prof. serv.  |   2.552732   .4614149     5.18   0.000     1.791215    3.638001
   Education and healthcare  |   1.861394   .3773821     3.06   0.002      1.25102     2.76957
             Other services  |   1.558615   .3335184     2.07   0.038     1.024697     2.37073
                             |
                         occ |
       white collar - prof.  |   2.762735   .6489476     4.33   0.000     1.743403    4.378049
white collar - tech. suport  |   3.930242   .9294226     5.79   0.000     2.472449    6.247571
       white collar - other  |   5.199481   1.310905     6.54   0.000     3.172146    8.522497
     blue collar - services  |   2.788122   .6320814     4.52   0.000     1.787887     4.34794
  blue collar - agriculture  |   .8889179   .2682872    -0.39   0.696     .4919917    1.606074
     blue collar - artisans  |   1.971977    .444653     3.01   0.003     1.267558    3.067862
       blue collar - equip.  |   2.188769   .5080694     3.37   0.001     1.388719    3.449734
                  unskilled  |   2.124565   .5073449     3.16   0.002     1.330465     3.39263
                             |
              public_servant |   .6537933   .0867858    -3.20   0.001     .5040229    .8480679
                   parent_10 |   1.062506    .103954     0.62   0.535     .8771036    1.287098
                     married |   1.105338   .1183546     0.94   0.350     .8960917    1.363446
           married_parent_10 |   1.007092   .1568803     0.05   0.964     .7421178    1.366676
                    divorced |   .7611986   .1893417    -1.10   0.273     .4674862    1.239445
                     widowed |          1  (omitted)
                      30.age |          1  (omitted)
                     college |   1.208434   .0973364     2.35   0.019     1.031955    1.415094
                             |
                  tenure_bin |
                          2  |   3.911703   .2899792    18.40   0.000     3.382714    4.523415
                          3  |   4.511075   .3505635    19.39   0.000     3.873751    5.253254
                          4  |   10.49152   1.162598    21.21   0.000     8.443337    13.03655
                          5  |   11.92995   2.355506    12.56   0.000     8.101651    17.56726
                          6  |   6.889149   6.734258     1.97   0.048     1.014149    46.79822
                             |
                       _cons |   .0738027   .0225731    -8.52   0.000     .0405252     .134406
----------------------------------------------------------------------------------------------
Note: _cons estimates baseline odds.
(est34 stored)
note: widowed != 0 predicts failure perfectly;
      widowed omitted and 1 obs not used.

note: 30.age omitted because of collinearity.

Logistic regression                                     Number of obs =  7,774
                                                        Wald chi2(28) = 985.43
                                                        Prob > chi2   = 0.0000
Log pseudolikelihood = -2185442.4                       Pseudo R2     = 0.1916

----------------------------------------------------------------------------------------------
                             |               Robust
                   permanent | Odds ratio   std. err.      z    P>|z|     [95% conf. interval]
-----------------------------+----------------------------------------------------------------
                         act |
        manufactures, prim.  |    2.18485   .4639998     3.68   0.000     1.440956     3.31278
     extractive and energy.  |   4.189674   .8392728     7.15   0.000     2.829229    6.204294
         manufactures, sec.  |   6.046804   1.293639     8.41   0.000     3.975776    9.196655
               construction  |   1.410876      .2971     1.63   0.102     .9337795    2.131737
      hospitality and sales  |   2.157697   .3961027     4.19   0.000      1.50567    3.092083
 Transport, storage and IT.  |   2.776468   .5415278     5.24   0.000     1.894404    4.069234
  Financial and prof. serv.  |   2.995949   .5816494     5.65   0.000     2.047754      4.3832
   Education and healthcare  |   2.064825   .4409828     3.39   0.001     1.358604    3.138149
             Other services  |   .8883233   .2127039    -0.49   0.621     .5555917    1.420321
                             |
                         occ |
       white collar - prof.  |   1.491427   .3390814     1.76   0.079     .9551646    2.328766
white collar - tech. suport  |   2.618061   .6247488     4.03   0.000     1.640051    4.179288
       white collar - other  |   4.108705   1.010655     5.74   0.000     2.537039    6.653998
     blue collar - services  |   2.072913   .4667167     3.24   0.001     1.333316     3.22277
  blue collar - agriculture  |   .4307837   .1330648    -2.73   0.006     .2351427    .7891999
     blue collar - artisans  |   1.689322   .3837843     2.31   0.021     1.082267    2.636881
       blue collar - equip.  |   1.821265   .4271975     2.56   0.011     1.150045    2.884242
                  unskilled  |    1.54582   .3602298     1.87   0.062     .9790373    2.440723
                             |
              public_servant |   .4832513   .0687818    -5.11   0.000      .365612    .6387423
                   parent_10 |   .7508516   .0809571    -2.66   0.008     .6078232    .9275363
                     married |    1.41045   .1847435     2.63   0.009     1.091103    1.823264
           married_parent_10 |   1.227511   .2235072     1.13   0.260     .8590874    1.753936
                    divorced |   .8682575   .2744143    -0.45   0.655     .4673313    1.613141
                     widowed |          1  (omitted)
                      30.age |          1  (omitted)
                     college |   1.324772   .1222135     3.05   0.002     1.105645    1.587328
                             |
                  tenure_bin |
                          2  |   4.251342   .3707025    16.60   0.000     3.583473    5.043684
                          3  |    6.07019   .5469017    20.02   0.000      5.08759    7.242565
                          4  |   12.77503   1.599851    20.34   0.000     9.994558    16.32902
                          5  |   8.443024    1.54869    11.63   0.000     5.893367    12.09574
                          6  |    .458275   .4468372    -0.80   0.424     .0677905    3.098012
                             |
                       _cons |   .1126317   .0328926    -7.48   0.000     .0635446    .1996378
----------------------------------------------------------------------------------------------
Note: _cons estimates baseline odds.
(est35 stored)
note: widowed omitted because of collinearity.
note: 30.age omitted because of collinearity.

Logistic regression                                     Number of obs =  7,432
                                                        Wald chi2(28) = 708.93
                                                        Prob > chi2   = 0.0000
Log pseudolikelihood = -2249741.2                       Pseudo R2     = 0.1296

----------------------------------------------------------------------------------------------
                             |               Robust
                   permanent | Odds ratio   std. err.      z    P>|z|     [95% conf. interval]
-----------------------------+----------------------------------------------------------------
                         act |
        manufactures, prim.  |   3.203856   .6946748     5.37   0.000      2.09465    4.900433
     extractive and energy.  |   3.346502   .6925289     5.84   0.000     2.230707    5.020416
         manufactures, sec.  |    5.60024   1.217835     7.92   0.000     3.656818    8.576497
               construction  |   1.594807   .3248948     2.29   0.022     1.069796    2.377471
      hospitality and sales  |    2.58909   .4602396     5.35   0.000     1.827412    3.668239
 Transport, storage and IT.  |   3.255003   .6486906     5.92   0.000     2.202496    4.810471
  Financial and prof. serv.  |   2.544489   .4814721     4.94   0.000     1.756042    3.686942
   Education and healthcare  |     1.5847   .3301608     2.21   0.027     1.053429    2.383904
             Other services  |   .8182739   .1785667    -0.92   0.358     .5335147    1.255021
                             |
                         occ |
       white collar - prof.  |   2.350217   .4980802     4.03   0.000     1.551363    3.560432
white collar - tech. suport  |   2.750768   .6064007     4.59   0.000       1.7857      4.2374
       white collar - other  |   5.350518   1.214735     7.39   0.000     3.428834    8.349207
     blue collar - services  |   2.675908   .5646783     4.66   0.000     1.769489    4.046637
  blue collar - agriculture  |   .6681107   .1978846    -1.36   0.173     .3738824    1.193883
     blue collar - artisans  |   2.640788   .5569005     4.60   0.000     1.746741    3.992441
       blue collar - equip.  |   2.462486   .5477141     4.05   0.000      1.59238    3.808034
                  unskilled  |   2.150745   .4676852     3.52   0.000     1.404407    3.293707
                             |
              public_servant |   .5947353   .0842872    -3.67   0.000     .4504946    .7851594
                   parent_10 |   1.011523    .114888     0.10   0.920     .8096495    1.263731
                     married |   1.288888   .1643586     1.99   0.047     1.003853    1.654856
           married_parent_10 |   .8201197   .1547785    -1.05   0.293     .5665428    1.187194
                    divorced |   .3755593   .1072786    -3.43   0.001      .214552    .6573922
                     widowed |          1  (omitted)
                      30.age |          1  (omitted)
                     college |   1.186804   .1125658     1.81   0.071     .9854722    1.429268
                             |
                  tenure_bin |
                          2  |   2.593373   .2184051    11.32   0.000      2.19877    3.058795
                          3  |   4.575642   .4412578    15.77   0.000     3.787611    5.527627
                          4  |   4.477675   .6645022    10.10   0.000     3.347583    5.989268
                          5  |   10.77888   2.645307     9.69   0.000     6.663082      17.437
                          6  |   1.003768   .8883283     0.00   0.997     .1771436     5.68776
                             |
                       _cons |   .1674894   .0442581    -6.76   0.000     .0997843    .2811334
----------------------------------------------------------------------------------------------
Note: _cons estimates baseline odds.
(est36 stored)

. log close
