note: widowed != 0 predicts failure perfectly;
      widowed omitted and 3 obs not used.

note: erte != 0 predicts success perfectly;
      erte omitted and 1 obs not used.

note: age omitted because of collinearity.

Logistic regression                                    Number of obs =  21,000
                                                       Wald chi2(25) = 1909.06
                                                       Prob > chi2   =  0.0000
Log pseudolikelihood = -4423615.9                      Pseudo R2     =  0.1670

----------------------------------------------------------------------------------------------
                             |               Robust
                   permanent | Odds ratio   std. err.      z    P>|z|     [95% conf. interval]
-----------------------------+----------------------------------------------------------------
                         act |
        manufactures, prim.  |   5.781038   .9479893    10.70   0.000     4.192023     7.97238
     extractive and energy.  |   5.095112   .7858937    10.56   0.000     3.765828    6.893615
         manufactures, sec.  |   4.753209   .7512572     9.86   0.000     3.487003    6.479203
               construction  |   2.251679   .3395565     5.38   0.000     1.675498    3.025999
      hospitality and sales  |    4.26572   .6380983     9.70   0.000      3.18173    5.719018
 Transport, storage and IT.  |   3.293678   .5297976     7.41   0.000      2.40305    4.514393
  Financial and prof. serv.  |    4.99021   .7742788    10.36   0.000     3.681686    6.763802
   Education and healthcare  |   4.303582   .7527472     8.34   0.000     3.054534    6.063387
             Other services  |   3.337957   .5988159     6.72   0.000     2.348436    4.744417
                             |
                         occ |
       white collar - prof.  |   3.702569   .5384729     9.00   0.000     2.784268    4.923743
white collar - tech. suport  |   5.195531   .7276704    11.77   0.000     3.948328    6.836702
       white collar - other  |   5.755923   .8664621    11.63   0.000      4.28529     7.73125
     blue collar - services  |   6.990168   .9715946    13.99   0.000     5.323231    9.179096
  blue collar - agriculture  |    1.52361   .3844909     1.67   0.095     .9291131    2.498497
     blue collar - artisans  |   4.504493   .6002783    11.29   0.000      3.46907    5.848963
       blue collar - equip.  |   6.032517   .8273994    13.10   0.000     4.610528    7.893079
                  unskilled  |   4.223869   .5914841    10.29   0.000     3.210063    5.557857
                             |
              public_servant |   .7768358   .0865908    -2.27   0.023     .6243802    .9665166
                    parent_5 |   .7946105    .120541    -1.52   0.130     .5902398    1.069745
                     married |   1.190574    .087061     2.39   0.017     1.031602    1.374044
            married_parent_5 |   1.200348   .2189705     1.00   0.317     .8395156     1.71627
                    divorced |   .4071934   .1307713    -2.80   0.005     .2169876    .7641287
                     widowed |          1  (omitted)
                   part_time |   .2753518   .0256699   -13.83   0.000     .2293686    .3305535
                        erte |          1  (omitted)
                         age |          1  (omitted)
                     college |   1.506163   .0754839     8.17   0.000     1.365251    1.661618
                      tenure |   1.025993   .0008014    32.85   0.000     1.024424    1.027565
                       _cons |   .0203593   .0040093   -19.77   0.000     .0138401    .0299494
----------------------------------------------------------------------------------------------
Note: _cons estimates baseline odds.
(est1 stored)
note: widowed != 0 predicts failure perfectly;
      widowed omitted and 3 obs not used.

note: erte omitted because of collinearity.
note: age omitted because of collinearity.

Logistic regression                                    Number of obs =  17,090
                                                       Wald chi2(25) = 1785.47
                                                       Prob > chi2   =  0.0000
Log pseudolikelihood = -3530971.8                      Pseudo R2     =  0.1777

----------------------------------------------------------------------------------------------
                             |               Robust
                   permanent | Odds ratio   std. err.      z    P>|z|     [95% conf. interval]
-----------------------------+----------------------------------------------------------------
                         act |
        manufactures, prim.  |   5.064677   1.016559     8.08   0.000     3.417452    7.505871
     extractive and energy.  |   3.708665   .7015349     6.93   0.000     2.559785    5.373185
         manufactures, sec.  |   4.315328   .8264388     7.63   0.000     2.964819     6.28101
               construction  |   1.624732   .3018191     2.61   0.009     1.128907    2.338329
      hospitality and sales  |   3.582349   .6621839     6.90   0.000     2.493598    5.146468
 Transport, storage and IT.  |   3.986592   .7793219     7.07   0.000     2.717716    5.847895
  Financial and prof. serv.  |   3.438804    .650029     6.53   0.000     2.374143    4.980903
   Education and healthcare  |   2.526076   .5325286     4.40   0.000       1.6711    3.818479
             Other services  |   2.262432   .4724667     3.91   0.000     1.502512    3.406693
                             |
                         occ |
       white collar - prof.  |   6.264692   1.192143     9.64   0.000     4.314395    9.096609
white collar - tech. suport  |    9.07502   1.669879    11.99   0.000     6.327315    13.01595
       white collar - other  |   8.398678   1.588717    11.25   0.000     5.796893    12.16821
     blue collar - services  |   11.24109   2.054401    13.24   0.000     7.856777     16.0832
  blue collar - agriculture  |   2.755017   .9468488     2.95   0.003     1.404695    5.403394
     blue collar - artisans  |   6.323244   1.129817    10.32   0.000     4.455023    8.974907
       blue collar - equip.  |   7.532838   1.384786    10.98   0.000     5.253873    10.80035
                  unskilled  |   4.560221   .8365852     8.27   0.000     3.182956    6.533429
                             |
              public_servant |   1.099441   .1319707     0.79   0.430     .8689573    1.391058
                    parent_5 |   .8219665   .1136991    -1.42   0.156     .6267741    1.077947
                     married |   1.176999   .0891615     2.15   0.031       1.0146    1.365392
            married_parent_5 |   1.070216   .1878181     0.39   0.699     .7587334     1.50957
                    divorced |   .8373968   .2322078    -0.64   0.522     .4862901    1.442006
                     widowed |          1  (omitted)
                   part_time |   .2976814   .0335466   -10.75   0.000     .2386862    .3712582
                        erte |          1  (omitted)
                         age |          1  (omitted)
                     college |   1.369762   .0719113     5.99   0.000     1.235827    1.518212
                      tenure |   1.027368   .0008738    31.74   0.000     1.025657    1.029082
                       _cons |   .0179044   .0045136   -15.96   0.000     .0109239    .0293455
----------------------------------------------------------------------------------------------
Note: _cons estimates baseline odds.
(est2 stored)
note: erte omitted because of collinearity.
note: age omitted because of collinearity.

Logistic regression                                    Number of obs =  17,161
                                                       Wald chi2(26) = 1648.16
                                                       Prob > chi2   =  0.0000
Log pseudolikelihood = -3548605.2                      Pseudo R2     =  0.1679

----------------------------------------------------------------------------------------------
                             |               Robust
                   permanent | Odds ratio   std. err.      z    P>|z|     [95% conf. interval]
-----------------------------+----------------------------------------------------------------
                         act |
        manufactures, prim.  |   4.014669   .7423639     7.52   0.000     2.794163    5.768301
     extractive and energy.  |    2.55882   .4262853     5.64   0.000     1.846011     3.54687
         manufactures, sec.  |   3.347675   .5651984     7.16   0.000     2.404542    4.660734
               construction  |   1.124366   .1798124     0.73   0.464      .821828    1.538278
      hospitality and sales  |   2.526943   .4038426     5.80   0.000       1.8474    3.456447
 Transport, storage and IT.  |   3.481707   .6102651     7.12   0.000     2.469424    4.908951
  Financial and prof. serv.  |    3.07773    .509719     6.79   0.000     2.224634    4.257968
   Education and healthcare  |   2.481613   .4517248     4.99   0.000     1.736965    3.545498
             Other services  |   1.386005   .2551748     1.77   0.076     .9661657    1.988282
                             |
                         occ |
       white collar - prof.  |   4.699092   .8951612     8.12   0.000     3.234915    6.825979
white collar - tech. suport  |   5.765839   1.058118     9.55   0.000     4.023965    8.261727
       white collar - other  |   6.347065   1.209673     9.70   0.000     4.368621    9.221498
     blue collar - services  |   8.642074   1.558594    11.96   0.000     6.068819    12.30642
  blue collar - agriculture  |   2.187554   .6517467     2.63   0.009     1.219992    3.922479
     blue collar - artisans  |   5.038964   .8848103     9.21   0.000     3.571706    7.108974
       blue collar - equip.  |   5.111504   .9331996     8.94   0.000     3.573931    7.310571
                  unskilled  |   4.042386   .7299159     7.74   0.000     2.837527    5.758846
                             |
              public_servant |   .9109265   .0993687    -0.86   0.392     .7355798    1.128072
                    parent_5 |   1.031553   .1256798     0.25   0.799     .8124287     1.30978
                     married |   1.012852   .0803607     0.16   0.872      .866983    1.183262
            married_parent_5 |   .8722983   .1411557    -0.84   0.399     .6352186    1.197862
                    divorced |   1.436608   .3085517     1.69   0.092     .9430162    2.188556
                     widowed |   .0679111   .0707668    -2.58   0.010     .0088094    .5235237
                   part_time |   .2888849   .0311472   -11.52   0.000     .2338564     .356862
                        erte |          1  (omitted)
                         age |          1  (omitted)
                     college |   1.449872   .0774735     6.95   0.000     1.305707    1.609953
                      tenure |   1.026137    .000905    29.26   0.000     1.024365    1.027912
                       _cons |   .0363696   .0083829   -14.38   0.000     .0231496    .0571392
----------------------------------------------------------------------------------------------
Note: _cons estimates baseline odds.
(est3 stored)
note: widowed != 0 predicts failure perfectly;
      widowed omitted and 4 obs not used.

note: erte != 0 predicts failure perfectly;
      erte omitted and 1 obs not used.

note: age omitted because of collinearity.

Logistic regression                                    Number of obs =  15,870
                                                       Wald chi2(25) = 1485.24
                                                       Prob > chi2   =  0.0000
Log pseudolikelihood = -3275069.4                      Pseudo R2     =  0.1588

----------------------------------------------------------------------------------------------
                             |               Robust
                   permanent | Odds ratio   std. err.      z    P>|z|     [95% conf. interval]
-----------------------------+----------------------------------------------------------------
                         act |
        manufactures, prim.  |   7.180619   1.633709     8.66   0.000     4.597266    11.21564
     extractive and energy.  |   7.470408   1.632376     9.20   0.000     4.867952    11.46416
         manufactures, sec.  |   5.578319   1.219371     7.86   0.000     3.634446    8.561868
               construction  |   2.564384   .5462261     4.42   0.000     1.689169    3.893078
      hospitality and sales  |   5.329617   1.136974     7.84   0.000     3.508392     8.09625
 Transport, storage and IT.  |    8.12243   1.769353     9.62   0.000     5.299856    12.44824
  Financial and prof. serv.  |   7.081996   1.516945     9.14   0.000     4.654044    10.77658
   Education and healthcare  |    4.24127   .9912198     6.18   0.000     2.682644    6.705462
             Other services  |   3.273644    .803556     4.83   0.000     2.023456     5.29626
                             |
                         occ |
       white collar - prof.  |   3.281822   .5574097     7.00   0.000     2.352559    4.578146
white collar - tech. suport  |   3.525146   .5771008     7.70   0.000     2.557567    4.858778
       white collar - other  |   3.984128    .684127     8.05   0.000      2.84558    5.578221
     blue collar - services  |   6.416426    1.05421    11.31   0.000     4.649883    8.854099
  blue collar - agriculture  |   1.664386     .46927     1.81   0.071     .9577662    2.892334
     blue collar - artisans  |   2.969197   .4689651     6.89   0.000       2.1787    4.046511
       blue collar - equip.  |    3.34341   .5444495     7.41   0.000      2.42984    4.600462
                  unskilled  |   2.524142   .4177196     5.59   0.000     1.824941    3.491234
                             |
              public_servant |   .8481249   .1021667    -1.37   0.171     .6697651    1.073982
                    parent_5 |   1.037856   .1285109     0.30   0.764     .8142132    1.322926
                     married |   1.013213   .0835173     0.16   0.873     .8620608    1.190868
            married_parent_5 |   1.026947   .1703194     0.16   0.873     .7419522    1.421412
                    divorced |   .7748668   .2285501    -0.86   0.387     .4346721    1.381314
                     widowed |          1  (omitted)
                   part_time |   .3524527   .0373534    -9.84   0.000     .2863448    .4338228
                        erte |          1  (omitted)
                         age |          1  (omitted)
                     college |   1.330867   .0771136     4.93   0.000     1.187993    1.490923
                      tenure |   1.025883   .0008842    29.65   0.000     1.024151    1.027617
                       _cons |   .0292534   .0076244   -13.55   0.000     .0175519    .0487558
----------------------------------------------------------------------------------------------
Note: _cons estimates baseline odds.
(est4 stored)
note: widowed omitted because of collinearity.
note: age omitted because of collinearity.

Logistic regression                                    Number of obs =  13,416
                                                       Wald chi2(26) = 1405.93
                                                       Prob > chi2   =  0.0000
Log pseudolikelihood = -2641803.4                      Pseudo R2     =  0.1814

----------------------------------------------------------------------------------------------
                             |               Robust
                   permanent | Odds ratio   std. err.      z    P>|z|     [95% conf. interval]
-----------------------------+----------------------------------------------------------------
                         act |
        manufactures, prim.  |   4.073346   .8451042     6.77   0.000     2.712383    6.117184
     extractive and energy.  |   6.432016   1.266503     9.45   0.000     4.372606    9.461368
         manufactures, sec.  |   4.827537   .9630123     7.89   0.000     3.265316    7.137169
               construction  |   1.720352   .3265734     2.86   0.004     1.185862    2.495746
      hospitality and sales  |   4.536467   .8523434     8.05   0.000     3.138976    6.556129
 Transport, storage and IT.  |    6.47383   1.252981     9.65   0.000     4.430114    9.460359
  Financial and prof. serv.  |    5.92479   1.131507     9.32   0.000     4.074852     8.61458
   Education and healthcare  |   3.991571   .8463709     6.53   0.000     2.634241    6.048285
             Other services  |   3.814922   .8247967     6.19   0.000     2.497201    5.827976
                             |
                         occ |
       white collar - prof.  |   4.935527   .9289188     8.48   0.000     3.412938    7.137379
white collar - tech. suport  |   5.418811   .9851975     9.29   0.000      3.79443    7.738584
       white collar - other  |   5.995831   1.158959     9.27   0.000     4.105038    8.757531
     blue collar - services  |   8.955757   1.648568    11.91   0.000     6.243295    12.84668
  blue collar - agriculture  |   3.266146   .8675925     4.46   0.000      1.94057    5.497204
     blue collar - artisans  |   5.476494   .9645598     9.65   0.000     3.877777    7.734325
       blue collar - equip.  |   7.349739   1.322029    11.09   0.000     5.166098    10.45638
                  unskilled  |   4.805217   .8833756     8.54   0.000     3.351436    6.889618
                             |
              public_servant |   .6635136   .0836175    -3.26   0.001     .5182978    .8494156
                    parent_5 |   .8425175   .1105011    -1.31   0.191     .6515367    1.089479
                     married |   1.101335   .1031273     1.03   0.303     .9166725    1.323197
            married_parent_5 |   1.167259   .2105791     0.86   0.391     .8196087    1.662372
                    divorced |   .4661761    .146467    -2.43   0.015     .2518329    .8629536
                     widowed |          1  (omitted)
                   part_time |   .3780718    .037897    -9.70   0.000     .3106361    .4601471
                        erte |    2.03186   1.522709     0.95   0.344     .4677243    8.826689
                         age |          1  (omitted)
                     college |   1.541619   .0983561     6.78   0.000      1.36041    1.746965
                      tenure |   1.027594   .0010314    27.12   0.000     1.025575    1.029617
                       _cons |   .0215793   .0055199   -15.00   0.000     .0130708    .0356264
----------------------------------------------------------------------------------------------
Note: _cons estimates baseline odds.
(est5 stored)
note: widowed != 0 predicts failure perfectly;
      widowed omitted and 2 obs not used.

note: age omitted because of collinearity.

Logistic regression                                    Number of obs =  12,094
                                                       Wald chi2(26) = 1248.75
                                                       Prob > chi2   =  0.0000
Log pseudolikelihood = -2325458.9                      Pseudo R2     =  0.2022

----------------------------------------------------------------------------------------------
                             |               Robust
                   permanent | Odds ratio   std. err.      z    P>|z|     [95% conf. interval]
-----------------------------+----------------------------------------------------------------
                         act |
        manufactures, prim.  |   7.491739   1.868127     8.08   0.000     4.595454    12.21341
     extractive and energy.  |   8.562138   1.993294     9.22   0.000     5.425249    13.51278
         manufactures, sec.  |   6.024475   1.416813     7.64   0.000     3.799591    9.552159
               construction  |    2.47156   .5639286     3.97   0.000     1.580356    3.865336
      hospitality and sales  |   6.483011   1.450245     8.36   0.000     4.181803    10.05055
 Transport, storage and IT.  |   8.381418   1.963809     9.07   0.000      5.29513    13.26656
  Financial and prof. serv.  |   7.909486    1.80878     9.04   0.000     5.052325    12.38241
   Education and healthcare  |   7.080904   1.792835     7.73   0.000     4.310926    11.63073
             Other services  |   4.882452    1.24433     6.22   0.000     2.962804    8.045872
                             |
                         occ |
       white collar - prof.  |   8.002916   1.879756     8.85   0.000     5.050272    12.68183
white collar - tech. suport  |   8.023404   1.838149     9.09   0.000      5.12094    12.57094
       white collar - other  |   13.33198   3.176461    10.87   0.000     8.357728    21.26673
     blue collar - services  |   13.20755   3.014826    11.31   0.000     8.443498    20.65961
  blue collar - agriculture  |    4.97996   1.543365     5.18   0.000     2.712849    9.141681
     blue collar - artisans  |   7.575952   1.671179     9.18   0.000     4.916666    11.67357
       blue collar - equip.  |   9.747839   2.192475    10.12   0.000     6.272734    15.14816
                  unskilled  |   7.078559   1.615824     8.57   0.000     4.525232    11.07258
                             |
              public_servant |   .5827211   .0777757    -4.05   0.000     .4485915    .7569558
                    parent_5 |   .8529059   .1421318    -0.95   0.340     .6152525    1.182358
                     married |    1.27317   .1298502     2.37   0.018     1.042492    1.554892
            married_parent_5 |   1.040016   .2283399     0.18   0.858     .6763245    1.599281
                    divorced |   1.766793   .5853473     1.72   0.086     .9229507    3.382151
                     widowed |          1  (omitted)
                   part_time |   .3564455   .0377831    -9.73   0.000     .2895784     .438753
                        erte |   2.763158   2.367538     1.19   0.236     .5153193    14.81614
                         age |          1  (omitted)
                     college |   1.448686   .1009166     5.32   0.000     1.263802    1.660618
                      tenure |   1.029709    .001144    26.35   0.000     1.027469    1.031953
                       _cons |   .0092602   .0030538   -14.20   0.000     .0048519    .0176738
----------------------------------------------------------------------------------------------
Note: _cons estimates baseline odds.
(est6 stored)
note: widowed omitted because of collinearity.
note: age omitted because of collinearity.

Logistic regression                                    Number of obs =  11,038
                                                       Wald chi2(26) = 1320.09
                                                       Prob > chi2   =  0.0000
Log pseudolikelihood = -2120847                        Pseudo R2     =  0.2162

----------------------------------------------------------------------------------------------
                             |               Robust
                   permanent | Odds ratio   std. err.      z    P>|z|     [95% conf. interval]
-----------------------------+----------------------------------------------------------------
                         act |
        manufactures, prim.  |   7.527607   1.757311     8.65   0.000     4.763706    11.89512
     extractive and energy.  |   8.155735   1.807065     9.47   0.000     5.282779     12.5911
         manufactures, sec.  |   4.670425   1.037515     6.94   0.000       3.0218    7.218503
               construction  |   2.323127   .5082942     3.85   0.000     1.512977    3.567087
      hospitality and sales  |   4.442336    .928842     7.13   0.000     2.948728    6.692494
 Transport, storage and IT.  |   7.199438   1.604121     8.86   0.000     4.652011    11.14183
  Financial and prof. serv.  |   5.844246   1.252259     8.24   0.000     3.840075    8.894412
   Education and healthcare  |   5.393331    1.29093     7.04   0.000     3.373776    8.621797
             Other services  |   2.256175   .5821485     3.15   0.002     1.360636    3.741138
                             |
                         occ |
       white collar - prof.  |   3.564984   1.202525     3.77   0.000     1.840492    6.905278
white collar - tech. suport  |   4.830697   1.629697     4.67   0.000      2.49371    9.357795
       white collar - other  |    6.61655   2.263678     5.52   0.000     3.383884    12.93742
     blue collar - services  |   7.221744   2.399414     5.95   0.000     3.765577    13.85009
  blue collar - agriculture  |   3.867632   1.561688     3.35   0.001     1.752845    8.533885
     blue collar - artisans  |    4.85871   1.600087     4.80   0.000     2.548005     9.26492
       blue collar - equip.  |    4.97604   1.667929     4.79   0.000     2.579692    9.598422
                  unskilled  |   4.061697   1.364287     4.17   0.000     2.102794    7.845458
                             |
              public_servant |   .6025493   .0888084    -3.44   0.001     .4513733    .8043579
                    parent_5 |   1.022729   .1653444     0.14   0.889     .7449842    1.404023
                     married |   1.349373   .1451722     2.79   0.005     1.092837    1.666128
            married_parent_5 |   .8256349   .1844682    -0.86   0.391     .5328532    1.279289
                    divorced |   .7172301   .2552679    -0.93   0.350     .3570336    1.440814
                     widowed |          1  (omitted)
                   part_time |    .364683   .0362056   -10.16   0.000     .3001984    .4430192
                        erte |   .5951955   .8813115    -0.35   0.726     .0326797    10.84031
                         age |          1  (omitted)
                     college |    1.39297   .1030507     4.48   0.000     1.204955    1.610323
                      tenure |   1.031519   .0011379    28.13   0.000     1.029291    1.033752
                       _cons |   .0163479   .0063322   -10.62   0.000     .0076517    .0349273
----------------------------------------------------------------------------------------------
Note: _cons estimates baseline odds.
(est7 stored)
note: widowed omitted because of collinearity.
note: age omitted because of collinearity.

Logistic regression                                    Number of obs =   9,792
                                                       Wald chi2(26) = 1057.56
                                                       Prob > chi2   =  0.0000
Log pseudolikelihood = -1866591.4                      Pseudo R2     =  0.2068

----------------------------------------------------------------------------------------------
                             |               Robust
                   permanent | Odds ratio   std. err.      z    P>|z|     [95% conf. interval]
-----------------------------+----------------------------------------------------------------
                         act |
        manufactures, prim.  |   5.631465   1.688057     5.77   0.000     3.129464    10.13381
     extractive and energy.  |   6.487438    1.88746     6.43   0.000     3.667955     11.4742
         manufactures, sec.  |   3.370086   1.010921     4.05   0.000     1.872005    6.067013
               construction  |   2.054376   .5951473     2.49   0.013     1.164365    3.624689
      hospitality and sales  |   4.658701   1.310365     5.47   0.000     2.684388    8.085082
 Transport, storage and IT.  |   5.647251    1.65455     5.91   0.000     3.180163    10.02824
  Financial and prof. serv.  |   7.138322   2.164078     6.48   0.000     3.940425    12.93151
   Education and healthcare  |   4.945708   1.542721     5.12   0.000     2.683564    9.114752
             Other services  |   3.508269   1.108785     3.97   0.000     1.888302    6.517999
                             |
                         occ |
       white collar - prof.  |   3.665127   1.271311     3.74   0.000     1.857101    7.233404
white collar - tech. suport  |   4.143477   1.447388     4.07   0.000     2.089419    8.216829
       white collar - other  |   5.739575    2.01538     4.98   0.000     2.883971    11.42269
     blue collar - services  |   4.870005   1.670693     4.61   0.000     2.486098     9.53983
  blue collar - agriculture  |   2.009421   1.201355     1.17   0.243     .6225447    6.485917
     blue collar - artisans  |   5.025621   1.736739     4.67   0.000     2.552901    9.893398
       blue collar - equip.  |   5.311334   1.878782     4.72   0.000     2.655262    10.62429
                  unskilled  |   4.269765   1.506097     4.12   0.000     2.138725    8.524185
                             |
              public_servant |   .6603688   .1022089    -2.68   0.007      .487575    .8943996
                    parent_5 |   1.078979   .1633073     0.50   0.615     .8020118    1.451595
                     married |   1.271159   .1706228     1.79   0.074     .9771163    1.653687
            married_parent_5 |   .6473224   .1517051    -1.86   0.063     .4089167    1.024723
                    divorced |   .6048389   .2416712    -1.26   0.208     .2763956    1.323574
                     widowed |          1  (omitted)
                   part_time |   .4117801   .0387257    -9.43   0.000     .3424636    .4951265
                        erte |   .5198492    .362663    -0.94   0.348     .1324502    2.040338
                         age |          1  (omitted)
                     college |    1.31316   .1078217     3.32   0.001     1.117961    1.542441
                      tenure |   1.031568   .0012348    25.96   0.000     1.029151    1.033991
                       _cons |   .0169985   .0075771    -9.14   0.000     .0070955    .0407227
----------------------------------------------------------------------------------------------
Note: _cons estimates baseline odds.
(est8 stored)
note: widowed != 0 predicts failure perfectly;
      widowed omitted and 1 obs not used.

note: age omitted because of collinearity.

Logistic regression                                     Number of obs =  9,219
                                                        Wald chi2(26) = 910.54
                                                        Prob > chi2   = 0.0000
Log pseudolikelihood = -1734361.7                       Pseudo R2     = 0.1990

----------------------------------------------------------------------------------------------
                             |               Robust
                   permanent | Odds ratio   std. err.      z    P>|z|     [95% conf. interval]
-----------------------------+----------------------------------------------------------------
                         act |
        manufactures, prim.  |   6.193679   1.691009     6.68   0.000     3.627039    10.57658
     extractive and energy.  |   5.732394   1.499368     6.68   0.000     3.433169    9.571429
         manufactures, sec.  |   4.200811   1.132161     5.33   0.000     2.476998    7.124274
               construction  |    2.35472   .6342535     3.18   0.001     1.388879    3.992214
      hospitality and sales  |   4.828942   1.216589     6.25   0.000     2.947154    7.912272
 Transport, storage and IT.  |   5.731525   1.518805     6.59   0.000     3.409644    9.634549
  Financial and prof. serv.  |   5.832296   1.545551     6.65   0.000     3.469542    9.804082
   Education and healthcare  |   5.667717   1.578715     6.23   0.000     3.283296     9.78377
             Other services  |   2.836188   .8171031     3.62   0.000     1.612519    4.988447
                             |
                         occ |
       white collar - prof.  |   2.957088   .9127553     3.51   0.000     1.614829    5.415044
white collar - tech. suport  |   3.316718   1.026025     3.88   0.000     1.808797    6.081731
       white collar - other  |   3.320206    1.03535     3.85   0.000     1.801907    6.117835
     blue collar - services  |   3.214701   .9616887     3.90   0.000     1.788548    5.778038
  blue collar - agriculture  |   1.054952   .5140819     0.11   0.913     .4059185     2.74174
     blue collar - artisans  |   3.048529   .9214798     3.69   0.000     1.685766     5.51294
       blue collar - equip.  |   2.936623   .9077198     3.49   0.000     1.602283     5.38217
                  unskilled  |   2.677207   .8250158     3.20   0.001     1.463434    4.897682
                             |
              public_servant |   .5368581   .0816934    -4.09   0.000     .3984121    .7234132
                    parent_5 |   1.074326   .1858782     0.41   0.679     .7653546    1.508029
                     married |   .9063841   .1188577    -0.75   0.454     .7009563    1.172016
            married_parent_5 |   .8866014   .2274742    -0.47   0.639     .5362122    1.465953
                    divorced |   .1723031   .1133414    -2.67   0.008     .0474647    .6254829
                     widowed |          1  (omitted)
                   part_time |    .515605   .0472173    -7.23   0.000     .4308907    .6169744
                        erte |   .3801361   .3526519    -1.04   0.297     .0616993     2.34206
                         age |          1  (omitted)
                     college |   1.143127   .0900845     1.70   0.090     .9795246    1.334055
                      tenure |   1.030762    .001218    25.64   0.000     1.028378    1.033152
                       _cons |   .0267704   .0105148    -9.22   0.000     .0123972    .0578078
----------------------------------------------------------------------------------------------
Note: _cons estimates baseline odds.
(est9 stored)
note: widowed omitted because of collinearity.
note: age omitted because of collinearity.

Logistic regression                                     Number of obs =  9,195
                                                        Wald chi2(26) = 848.37
                                                        Prob > chi2   = 0.0000
Log pseudolikelihood = -1783043.8                       Pseudo R2     = 0.1852

----------------------------------------------------------------------------------------------
                             |               Robust
                   permanent | Odds ratio   std. err.      z    P>|z|     [95% conf. interval]
-----------------------------+----------------------------------------------------------------
                         act |
        manufactures, prim.  |   3.571908   .7445184     6.11   0.000     2.373986    5.374305
     extractive and energy.  |   3.472372   .7160017     6.04   0.000     2.317976    5.201681
         manufactures, sec.  |   4.159313   .8994287     6.59   0.000     2.722412    6.354615
               construction  |   1.596277   .3494469     2.14   0.033     1.039366    2.451591
      hospitality and sales  |   4.258736   .8233346     7.49   0.000     2.915542    6.220741
 Transport, storage and IT.  |   4.425837    .920295     7.15   0.000     2.944416    6.652604
  Financial and prof. serv.  |   4.631785    .933257     7.61   0.000     3.120614    6.874748
   Education and healthcare  |   4.803874   1.076315     7.00   0.000     3.096555    7.452543
             Other services  |   1.997863   .4586882     3.01   0.003      1.27391    3.133232
                             |
                         occ |
       white collar - prof.  |   1.749012    .451678     2.16   0.030     1.054319    2.901439
white collar - tech. suport  |   2.608409   .6686253     3.74   0.000     1.578277    4.310901
       white collar - other  |   2.273115    .619979     3.01   0.003     1.331867    3.879553
     blue collar - services  |   1.891962   .4635747     2.60   0.009     1.170437    3.058275
  blue collar - agriculture  |   1.097623   .3768044     0.27   0.786     .5600715    2.151114
     blue collar - artisans  |   2.125454   .5380142     2.98   0.003      1.29416    3.490724
       blue collar - equip.  |   1.787175    .459418     2.26   0.024     1.079827    2.957878
                  unskilled  |   1.409017   .3613566     1.34   0.181     .8523477    2.329246
                             |
              public_servant |   .5616146   .0969632    -3.34   0.001     .4003849    .7877692
                    parent_5 |   1.058808   .1601698     0.38   0.706     .7871412    1.424234
                     married |   .8379669    .121676    -1.22   0.223     .6304188    1.113845
            married_parent_5 |   1.524274   .3722831     1.73   0.084     .9444277    2.460126
                    divorced |   1.379873   .7033376     0.63   0.528     .5081265    3.747198
                     widowed |          1  (omitted)
                   part_time |   .4831811    .041944    -8.38   0.000     .4075856    .5727974
                        erte |   8.184331   12.30416     1.40   0.162     .4298368    155.8342
                         age |          1  (omitted)
                     college |   1.185962   .0907026     2.23   0.026     1.020871    1.377751
                      tenure |   1.028421   .0012349    23.34   0.000     1.026003    1.030844
                       _cons |   .0537053   .0168135    -9.34   0.000     .0290758     .099198
----------------------------------------------------------------------------------------------
Note: _cons estimates baseline odds.
(est10 stored)
note: erte != 0 predicts success perfectly;
      erte omitted and 3 obs not used.

note: widowed omitted because of collinearity.
note: age omitted because of collinearity.

Logistic regression                                     Number of obs =  9,102
                                                        Wald chi2(25) = 747.39
                                                        Prob > chi2   = 0.0000
Log pseudolikelihood = -1755844.3                       Pseudo R2     = 0.1776

----------------------------------------------------------------------------------------------
                             |               Robust
                   permanent | Odds ratio   std. err.      z    P>|z|     [95% conf. interval]
-----------------------------+----------------------------------------------------------------
                         act |
        manufactures, prim.  |   6.594977   1.556032     7.99   0.000     4.153165    10.47243
     extractive and energy.  |   4.245404   .9659513     6.35   0.000      2.71798    6.631195
         manufactures, sec.  |   5.972847    1.42455     7.49   0.000     3.742537    9.532277
               construction  |   1.781699   .4648973     2.21   0.027     1.068393    2.971239
      hospitality and sales  |   5.857102    1.26837     8.16   0.000      3.83136    8.953907
 Transport, storage and IT.  |   7.391785   1.669686     8.86   0.000     4.747626    11.50859
  Financial and prof. serv.  |    5.00932   1.097186     7.36   0.000     3.260927     7.69514
   Education and healthcare  |   3.843295   .9237775     5.60   0.000     2.399431    6.156008
             Other services  |   3.245187    .797955     4.79   0.000      2.00419    5.254611
                             |
                         occ |
       white collar - prof.  |   2.146695   .5987197     2.74   0.006     1.242704    3.708284
white collar - tech. suport  |   2.424794   .6796902     3.16   0.002     1.399832    4.200237
       white collar - other  |   2.181562   .6223726     2.73   0.006     1.247183    3.815969
     blue collar - services  |   1.812768   .4970027     2.17   0.030     1.059181    3.102518
  blue collar - agriculture  |    1.23712   .4769342     0.55   0.581     .5811083    2.633704
     blue collar - artisans  |   1.890132   .5263835     2.29   0.022     1.095067    3.262448
       blue collar - equip.  |   1.842961   .5272943     2.14   0.033     1.051906    3.228907
                  unskilled  |   1.608634    .453214     1.69   0.092     .9260645    2.794303
                             |
              public_servant |   .4796171   .0763296    -4.62   0.000     .3510981    .6551803
                    parent_5 |   1.191822   .1723771     1.21   0.225     .8976345    1.582427
                     married |   1.050597   .1730984     0.30   0.765     .7606597    1.451048
            married_parent_5 |   .9845132   .2554599    -0.06   0.952     .5920429    1.637156
                    divorced |   .3425761   .1588695    -2.31   0.021     .1380425    .8501613
                     widowed |          1  (omitted)
                   part_time |   .5753642   .0467332    -6.81   0.000     .4906876    .6746533
                        erte |          1  (omitted)
                         age |          1  (omitted)
                     college |   1.074787   .0778521     1.00   0.319     .9325361    1.238737
                      tenure |   1.027567   .0015995    17.47   0.000     1.024437    1.030707
                       _cons |   .0433607   .0151683    -8.97   0.000      .021844    .0860716
----------------------------------------------------------------------------------------------
Note: _cons estimates baseline odds.
(est11 stored)
note: widowed omitted because of collinearity.
note: erte omitted because of collinearity.
note: age omitted because of collinearity.

Logistic regression                                     Number of obs =  8,900
                                                        Wald chi2(25) = 840.76
                                                        Prob > chi2   = 0.0000
Log pseudolikelihood = -1747582.2                       Pseudo R2     = 0.1928

----------------------------------------------------------------------------------------------
                             |               Robust
                   permanent | Odds ratio   std. err.      z    P>|z|     [95% conf. interval]
-----------------------------+----------------------------------------------------------------
                         act |
        manufactures, prim.  |   5.558721   1.352781     7.05   0.000     3.450046    8.956224
     extractive and energy.  |   5.425832   1.293784     7.09   0.000     3.400152    8.658336
         manufactures, sec.  |   5.501872   1.301485     7.21   0.000     3.460638    8.747114
               construction  |   2.862511   .7087668     4.25   0.000     1.761923    4.650583
      hospitality and sales  |   6.169576   1.378812     8.14   0.000     3.981291    9.560634
 Transport, storage and IT.  |   6.196065   1.422063     7.95   0.000     3.951446    9.715737
  Financial and prof. serv.  |   3.915414   .8944939     5.97   0.000     2.502171    6.126868
   Education and healthcare  |   3.904837   .9705839     5.48   0.000     2.398992      6.3559
             Other services  |   4.811554    1.22776     6.16   0.000     2.917998    7.933882
                             |
                         occ |
       white collar - prof.  |    4.31768   1.170836     5.39   0.000     2.537628    7.346373
white collar - tech. suport  |   4.106633   1.119303     5.18   0.000     2.407037    7.006306
       white collar - other  |   4.499801   1.259951     5.37   0.000     2.599295    7.789885
     blue collar - services  |   2.847987   .7581322     3.93   0.000     1.690241     4.79874
  blue collar - agriculture  |   1.959997   .7314559     1.80   0.071     .9431774    4.073027
     blue collar - artisans  |   3.183606    .859165     4.29   0.000     1.875876    5.402994
       blue collar - equip.  |    3.10711   .8499636     4.14   0.000     1.817635     5.31137
                  unskilled  |   2.903876   .7905204     3.92   0.000     1.703162    4.951082
                             |
              public_servant |   .4176574   .0665946    -5.48   0.000      .305561    .5708768
                    parent_5 |   1.195405   .1733094     1.23   0.218     .8997216    1.588261
                     married |   1.457611   .2132026     2.58   0.010     1.094303    1.941537
            married_parent_5 |   .9944351   .2549589    -0.02   0.983     .6016454    1.643661
                    divorced |   .8122029   .3805337    -0.44   0.657     .3242345    2.034557
                     widowed |          1  (omitted)
                   part_time |   .6601143   .0539609    -5.08   0.000     .5623903    .7748194
                        erte |          1  (omitted)
                         age |          1  (omitted)
                     college |   1.145473   .0892023     1.74   0.081     .9833281    1.334354
                      tenure |   1.032012    .001279    25.42   0.000     1.029508    1.034522
                       _cons |    .019582   .0067792   -11.36   0.000     .0099352    .0385958
----------------------------------------------------------------------------------------------
Note: _cons estimates baseline odds.
(est12 stored)
note: widowed omitted because of collinearity.
note: erte omitted because of collinearity.
note: age omitted because of collinearity.

Logistic regression                                     Number of obs =  8,753
                                                        Wald chi2(25) = 746.57
                                                        Prob > chi2   = 0.0000
Log pseudolikelihood = -1831372.5                       Pseudo R2     = 0.1669

----------------------------------------------------------------------------------------------
                             |               Robust
                   permanent | Odds ratio   std. err.      z    P>|z|     [95% conf. interval]
-----------------------------+----------------------------------------------------------------
                         act |
        manufactures, prim.  |   3.597414   .7700394     5.98   0.000     2.364763    5.472593
     extractive and energy.  |   3.165922   .6932047     5.26   0.000     2.061212    4.862704
         manufactures, sec.  |   3.363016   .7364771     5.54   0.000     2.189383    5.165783
               construction  |   2.268208   .5176667     3.59   0.000     1.450159    3.547727
      hospitality and sales  |   3.487479   .6971786     6.25   0.000     2.356941    5.160295
 Transport, storage and IT.  |   4.168234   .8818845     6.75   0.000     2.753348      6.3102
  Financial and prof. serv.  |   2.932237   .6101006     5.17   0.000      1.95026    4.408651
   Education and healthcare  |   2.986844   .6807743     4.80   0.000     1.910746     4.66898
             Other services  |   2.158578   .5136848     3.23   0.001     1.353955     3.44137
                             |
                         occ |
       white collar - prof.  |   2.195309   .6325092     2.73   0.006     1.248098     3.86138
white collar - tech. suport  |   2.201104   .6380361     2.72   0.006     1.247102    3.884894
       white collar - other  |    2.49233   .7369641     3.09   0.002     1.396083    4.449382
     blue collar - services  |   1.817211   .5226324     2.08   0.038     1.034186    3.193097
  blue collar - agriculture  |    .841513   .3258657    -0.45   0.656     .3939521    1.797539
     blue collar - artisans  |   1.662253   .4797709     1.76   0.078     .9440985     2.92669
       blue collar - equip.  |   1.333901   .3951254     0.97   0.331     .7464189    2.383772
                  unskilled  |   1.405621   .4127017     1.16   0.246     .7905849    2.499125
                             |
              public_servant |   .3845017   .0562493    -6.53   0.000     .2886521    .5121791
                    parent_5 |   .9165159   .1379619    -0.58   0.563     .6823541    1.231035
                     married |   1.195319   .1722748     1.24   0.216     .9011658    1.585488
            married_parent_5 |   .7428558   .1900353    -1.16   0.245     .4499379    1.226469
                    divorced |   9.621708   11.10812     1.96   0.050     1.001273    92.45955
                     widowed |          1  (omitted)
                   part_time |   .6241957   .0532137    -5.53   0.000     .5281466    .7377125
                        erte |          1  (omitted)
                         age |          1  (omitted)
                     college |   1.227154   .0903133     2.78   0.005     1.062317    1.417568
                      tenure |   1.031033   .0013855    22.74   0.000     1.028321    1.033753
                       _cons |    .063759   .0219565    -7.99   0.000     .0324651     .125218
----------------------------------------------------------------------------------------------
Note: _cons estimates baseline odds.
(est13 stored)
note: widowed omitted because of collinearity.
note: erte omitted because of collinearity.
note: age omitted because of collinearity.

Logistic regression                                     Number of obs =  9,063
                                                        Wald chi2(25) = 865.78
                                                        Prob > chi2   = 0.0000
Log pseudolikelihood = -1887281.5                       Pseudo R2     = 0.1823

----------------------------------------------------------------------------------------------
                             |               Robust
                   permanent | Odds ratio   std. err.      z    P>|z|     [95% conf. interval]
-----------------------------+----------------------------------------------------------------
                         act |
        manufactures, prim.  |   8.566575   1.940534     9.48   0.000     5.495279    13.35441
     extractive and energy.  |   7.495703   1.678457     9.00   0.000     4.832915    11.62561
         manufactures, sec.  |   5.354237   1.225502     7.33   0.000     3.418776    8.385413
               construction  |   3.035231   .7035358     4.79   0.000     1.927045    4.780702
      hospitality and sales  |   6.734698   1.444024     8.90   0.000      4.42392    10.25248
 Transport, storage and IT.  |   8.774717   1.939538     9.83   0.000     5.689655    13.53257
  Financial and prof. serv.  |   5.662584   1.252804     7.84   0.000     3.670225    8.736482
   Education and healthcare  |   3.721918   .9011266     5.43   0.000     2.315685    5.982108
             Other services  |   3.442932   .8569465     4.97   0.000     2.113801    5.607802
                             |
                         occ |
       white collar - prof.  |   2.198996   .6810874     2.54   0.011     1.198353    4.035191
white collar - tech. suport  |   1.829015   .5728595     1.93   0.054     .9899551    3.379241
       white collar - other  |   2.329534    .742473     2.65   0.008     1.247305    4.350763
     blue collar - services  |   1.647816   .5140694     1.60   0.109     .8940447    3.037094
  blue collar - agriculture  |   .9392564   .3979558    -0.15   0.882     .4093894    2.154923
     blue collar - artisans  |   1.561009   .4844365     1.44   0.151     .8496644    2.867896
       blue collar - equip.  |   1.725619   .5450065     1.73   0.084     .9291967     3.20466
                  unskilled  |   1.143189   .3603774     0.42   0.671     .6162914    2.120556
                             |
              public_servant |    .372371   .0593888    -6.19   0.000     .2724076    .5090172
                    parent_5 |   1.173344   .1971016     0.95   0.341     .8441859    1.630844
                     married |   1.404391    .236299     2.02   0.044     1.009874     1.95303
            married_parent_5 |   .5085684   .1446506    -2.38   0.017     .2912356    .8880843
                    divorced |   1.411834    .586958     0.83   0.407     .6250341    3.189065
                     widowed |          1  (omitted)
                   part_time |   .4658064   .0414555    -8.58   0.000     .3912469    .5545747
                        erte |          1  (omitted)
                         age |          1  (omitted)
                     college |   1.222472   .0888505     2.76   0.006     1.060164     1.40963
                      tenure |   1.032781    .001516    21.97   0.000     1.029814    1.035756
                       _cons |   .0431235   .0162413    -8.35   0.000     .0206126    .0902186
----------------------------------------------------------------------------------------------
Note: _cons estimates baseline odds.
(est14 stored)
note: widowed omitted because of collinearity.
note: erte omitted because of collinearity.
note: age omitted because of collinearity.

Logistic regression                                     Number of obs =  9,050
                                                        Wald chi2(25) = 896.27
                                                        Prob > chi2   = 0.0000
Log pseudolikelihood = -1940685                         Pseudo R2     = 0.1717

----------------------------------------------------------------------------------------------
                             |               Robust
                   permanent | Odds ratio   std. err.      z    P>|z|     [95% conf. interval]
-----------------------------+----------------------------------------------------------------
                         act |
        manufactures, prim.  |   2.467717   .4524141     4.93   0.000     1.722829    3.534669
     extractive and energy.  |   2.320636   .4169007     4.69   0.000     1.631884    3.300083
         manufactures, sec.  |   1.844207   .3316919     3.40   0.001     1.296331    2.623636
               construction  |   .9994689   .1870059    -0.00   0.998     .6926359    1.442227
      hospitality and sales  |   2.061657   .3352738     4.45   0.000     1.498964    2.835579
 Transport, storage and IT.  |    2.30942   .3978876     4.86   0.000     1.647595    3.237096
  Financial and prof. serv.  |   1.701409   .2953426     3.06   0.002      1.21074    2.390927
   Education and healthcare  |   1.286769   .2489893     1.30   0.193     .8806294    1.880216
             Other services  |   .9087312   .1940492    -0.45   0.654     .5979585     1.38102
                             |
                         occ |
       white collar - prof.  |   4.070947   1.466553     3.90   0.000      2.00933    8.247829
white collar - tech. suport  |   2.821104   1.024442     2.86   0.004      1.38458    5.748047
       white collar - other  |   4.961671   1.817722     4.37   0.000     2.419847    10.17344
     blue collar - services  |   2.955217   1.065447     3.01   0.003     1.457824    5.990648
  blue collar - agriculture  |   .4118917   .1961193    -1.86   0.062     .1619904    1.047313
     blue collar - artisans  |   2.430545   .8702595     2.48   0.013     1.204841    4.903175
       blue collar - equip.  |   2.210924   .7946683     2.21   0.027      1.09302    4.472184
                  unskilled  |   1.544096   .5557393     1.21   0.227      .762634    3.126311
                             |
              public_servant |   .3080951   .0495415    -7.32   0.000     .2248082    .4222381
                    parent_5 |   1.060236   .1834565     0.34   0.735     .7552943    1.488296
                     married |   .9240074   .1448871    -0.50   0.614     .6795235    1.256453
            married_parent_5 |   1.060636    .282149     0.22   0.825     .6296958    1.786495
                    divorced |   1.954268   .9634805     1.36   0.174      .743584    5.136153
                     widowed |          1  (omitted)
                   part_time |   .4328044   .0395804    -9.16   0.000     .3617831    .5177677
                        erte |          1  (omitted)
                         age |          1  (omitted)
                     college |   1.009911   .0749308     0.13   0.894     .8732287    1.167989
                      tenure |   1.033919    .001532    22.51   0.000     1.030921    1.036926
                       _cons |   .1028982   .0399299    -5.86   0.000     .0480947    .2201498
----------------------------------------------------------------------------------------------
Note: _cons estimates baseline odds.
(est15 stored)
note: widowed omitted because of collinearity.
note: age omitted because of collinearity.

Logistic regression                                     Number of obs =  7,373
                                                        Wald chi2(26) = 747.21
                                                        Prob > chi2   = 0.0000
Log pseudolikelihood = -1737155.6                       Pseudo R2     = 0.1989

----------------------------------------------------------------------------------------------
                             |               Robust
                   permanent | Odds ratio   std. err.      z    P>|z|     [95% conf. interval]
-----------------------------+----------------------------------------------------------------
                         act |
        manufactures, prim.  |   5.823498   1.477872     6.94   0.000     3.541344    9.576342
     extractive and energy.  |   5.210898   1.323958     6.50   0.000     3.166968    8.573961
         manufactures, sec.  |   5.853342   1.495936     6.91   0.000     3.547012    9.659289
               construction  |   2.608448   .6690956     3.74   0.000     1.577755    4.312456
      hospitality and sales  |   4.327178   1.021573     6.21   0.000     2.724272    6.873201
 Transport, storage and IT.  |    7.80434    1.93849     8.27   0.000     4.796334    12.69881
  Financial and prof. serv.  |   4.767043   1.169709     6.36   0.000     2.947042     7.71102
   Education and healthcare  |   2.795667   .7398548     3.88   0.000     1.664258     4.69624
             Other services  |   3.095166   .8760065     3.99   0.000     1.777352    5.390071
                             |
                         occ |
       white collar - prof.  |    2.34735   .8853166     2.26   0.024     1.120836    4.916018
white collar - tech. suport  |   2.537695   .9608268     2.46   0.014     1.208248    5.329947
       white collar - other  |   2.495162   .9655453     2.36   0.018     1.168723    5.327036
     blue collar - services  |   2.405204   .9177538     2.30   0.021     1.138568     5.08095
  blue collar - agriculture  |   .3962894   .2007357    -1.83   0.068     .1468406    1.069495
     blue collar - artisans  |   2.158568   .8135361     2.04   0.041     1.031238    4.518273
       blue collar - equip.  |    1.54504   .5913036     1.14   0.256     .7297529    3.271175
                  unskilled  |     1.4453   .5523728     0.96   0.335     .6833467    3.056856
                             |
              public_servant |   .3293626   .0586771    -6.23   0.000     .2322896     .467002
                    parent_5 |   1.320133   .2165424     1.69   0.090     .9571821    1.820711
                     married |   1.232522    .230706     1.12   0.264     .8540142    1.778789
            married_parent_5 |   .7480811   .2199862    -0.99   0.324     .4203762    1.331249
                    divorced |   1.121194   1.224877     0.10   0.917     .1317539    9.541086
                     widowed |          1  (omitted)
                   part_time |   .4580198   .0506754    -7.06   0.000     .3687289    .5689332
                        erte |   2.120166   .3545723     4.49   0.000     1.527624    2.942544
                         age |          1  (omitted)
                     college |   1.492257    .126834     4.71   0.000      1.26327    1.762753
                      tenure |   1.039111   .0020571    19.38   0.000     1.035087     1.04315
                       _cons |   .0420737   .0185978    -7.17   0.000     .0176911    .1000614
----------------------------------------------------------------------------------------------
Note: _cons estimates baseline odds.
(est16 stored)
note: widowed omitted because of collinearity.
note: age omitted because of collinearity.

Logistic regression                                     Number of obs =  6,690
                                                        Wald chi2(26) = 588.51
                                                        Prob > chi2   = 0.0000
Log pseudolikelihood = -1827179.6                       Pseudo R2     = 0.1849

----------------------------------------------------------------------------------------------
                             |               Robust
                   permanent | Odds ratio   std. err.      z    P>|z|     [95% conf. interval]
-----------------------------+----------------------------------------------------------------
                         act |
        manufactures, prim.  |   3.400584   .8578914     4.85   0.000     2.074027    5.575613
     extractive and energy.  |   3.089765   .7608363     4.58   0.000     1.906875    5.006437
         manufactures, sec.  |   2.697087    .683837     3.91   0.000     1.640876    4.433168
               construction  |   1.246603    .333038     0.83   0.409      .738455    2.104419
      hospitality and sales  |   3.472311    .791643     5.46   0.000     2.221035    5.428525
 Transport, storage and IT.  |   3.848367   .8993005     5.77   0.000     2.434247    6.083989
  Financial and prof. serv.  |   3.925766   .9253263     5.80   0.000     2.473382    6.230998
   Education and healthcare  |   2.926763    .787546     3.99   0.000       1.7272    4.959439
             Other services  |   1.545036    .428743     1.57   0.117     .8968766    2.661611
                             |
                         occ |
       white collar - prof.  |   .8446379   .3164678    -0.45   0.652     .4052691    1.760344
white collar - tech. suport  |    1.00505   .3751959     0.01   0.989     .4835318    2.089057
       white collar - other  |    .855067   .3306091    -0.40   0.686     .4007612    1.824377
     blue collar - services  |   .7638979   .2922828    -0.70   0.482     .3608679    1.617046
  blue collar - agriculture  |    .245536   .1177545    -2.93   0.003     .0959168     .628544
     blue collar - artisans  |   1.022651   .3923073     0.06   0.953     .4821598     2.16902
       blue collar - equip.  |   .5614031   .2160214    -1.50   0.134     .2640841    1.193458
                  unskilled  |   .5500006   .2115364    -1.55   0.120     .2588103    1.168813
                             |
              public_servant |   .2526236   .0504907    -6.88   0.000      .170745    .3737659
                    parent_5 |    .931629   .1853046    -0.36   0.722      .630864    1.375784
                     married |   1.160468   .2654487     0.65   0.515     .7411856    1.816935
            married_parent_5 |   1.435441   .5307617     0.98   0.328     .6954229     2.96293
                    divorced |   1.603047   1.081958     0.70   0.484     .4270093    6.018039
                     widowed |          1  (omitted)
                   part_time |   .3933462   .0447834    -8.20   0.000      .314676    .4916842
                        erte |   1.375487   .7661334     0.57   0.567     .4616845    4.097961
                         age |          1  (omitted)
                     college |   1.502683   .1442603     4.24   0.000     1.244946    1.813778
                      tenure |    1.03346   .0021506    15.82   0.000     1.029254    1.037684
                       _cons |   .1674281   .0727883    -4.11   0.000     .0714125    .3925389
----------------------------------------------------------------------------------------------
Note: _cons estimates baseline odds.
(est17 stored)
note: erte != 0 predicts success perfectly;
      erte omitted and 4 obs not used.

note: widowed omitted because of collinearity.
note: age omitted because of collinearity.

Logistic regression                                     Number of obs =  6,495
                                                        Wald chi2(25) = 557.40
                                                        Prob > chi2   = 0.0000
Log pseudolikelihood = -1978951.8                       Pseudo R2     = 0.1446

----------------------------------------------------------------------------------------------
                             |               Robust
                   permanent | Odds ratio   std. err.      z    P>|z|     [95% conf. interval]
-----------------------------+----------------------------------------------------------------
                         act |
        manufactures, prim.  |   2.845776   .6542113     4.55   0.000     1.813507    4.465624
     extractive and energy.  |   2.954717   .6733951     4.75   0.000     1.890265    4.618587
         manufactures, sec.  |   3.810284   .8945112     5.70   0.000     2.405067    6.036531
               construction  |   2.463375    .599445     3.70   0.000     1.528962    3.968848
      hospitality and sales  |   3.397904   .6928342     6.00   0.000     2.278509     5.06724
 Transport, storage and IT.  |   3.522337   .7632991     5.81   0.000     2.303421    5.386273
  Financial and prof. serv.  |   3.103178   .6539569     5.37   0.000     2.053177    4.690153
   Education and healthcare  |   1.879477   .4538873     2.61   0.009     1.170778    3.017167
             Other services  |   1.540977   .3789284     1.76   0.079     .9516659    2.495214
                             |
                         occ |
       white collar - prof.  |   1.534648   .5070397     1.30   0.195     .8031118    2.932522
white collar - tech. suport  |   1.934952   .6409355     1.99   0.046     1.010921    3.703592
       white collar - other  |   2.285869   .8003675     2.36   0.018     1.150838    4.540342
     blue collar - services  |   1.298478    .435418     0.78   0.436     .6729795    2.505346
  blue collar - agriculture  |   .2327045   .0992645    -3.42   0.001     .1008576    .5369094
     blue collar - artisans  |   1.467263   .5011157     1.12   0.262     .7512702    2.865626
       blue collar - equip.  |   1.131137    .385072     0.36   0.717     .5804183    2.204393
                  unskilled  |   .9290352   .3163197    -0.22   0.829     .4766652    1.810718
                             |
              public_servant |   .2784063   .0492508    -7.23   0.000     .1968336    .3937846
                    parent_5 |   .8394206   .1662511    -0.88   0.377     .5693709    1.237553
                     married |   .8194811   .1840963    -0.89   0.376     .5276145    1.272803
            married_parent_5 |   2.457324   .9202128     2.40   0.016     1.179523    5.119391
                    divorced |   1.447229   1.260783     0.42   0.671     .2624195    7.981392
                     widowed |          1  (omitted)
                   part_time |   .5045337   .0536406    -6.43   0.000      .409631    .6214232
                        erte |          1  (omitted)
                         age |          1  (omitted)
                     college |   1.403929   .1298326     3.67   0.000     1.171191    1.682917
                      tenure |   1.025343   .0019372    13.25   0.000     1.021553    1.029147
                       _cons |   .2102834   .0803968    -4.08   0.000     .0993959    .4448784
----------------------------------------------------------------------------------------------
Note: _cons estimates baseline odds.
(est18 stored)
