note: erte omitted because of collinearity.
note: age omitted because of collinearity.

Logistic regression                                    Number of obs =  17,571
                                                       Wald chi2(26) = 1929.69
                                                       Prob > chi2   =  0.0000
Log pseudolikelihood = -2941418.7                      Pseudo R2     =  0.2052

----------------------------------------------------------------------------------------------
                             |               Robust
                   permanent | Odds ratio   std. err.      z    P>|z|     [95% conf. interval]
-----------------------------+----------------------------------------------------------------
                         act |
        manufactures, prim.  |   18.51912   4.557154    11.86   0.000     11.43294    29.99733
     extractive and energy.  |   36.41363    9.56711    13.68   0.000     21.75826     60.9402
         manufactures, sec.  |   28.58856   7.666952    12.50   0.000      16.9011    48.35815
               construction  |   12.99152   4.174115     7.98   0.000     6.921066    24.38637
      hospitality and sales  |   13.43129   2.986647    11.68   0.000     8.686411    20.76802
 Transport, storage and IT.  |   16.36024   4.038099    11.32   0.000      10.0854    26.53913
  Financial and prof. serv.  |   17.75893   3.984223    12.82   0.000     11.44061    27.56666
   Education and healthcare  |   20.51928   4.693515    13.21   0.000     13.10572    32.12649
             Other services  |   12.02448   2.734147    10.94   0.000     7.700499    18.77647
                             |
                         occ |
       white collar - prof.  |   6.246999   .8085842    14.15   0.000     4.847252    8.050952
white collar - tech. suport  |   9.599984   1.204684    18.02   0.000       7.5068    12.27683
       white collar - other  |   14.59306   1.786662    21.89   0.000     11.47973    18.55072
     blue collar - services  |   9.311844   1.100479    18.88   0.000     7.386525      11.739
  blue collar - agriculture  |   6.263892   2.275828     5.05   0.000     3.073135    12.76753
     blue collar - artisans  |   2.637222   .5543666     4.61   0.000     1.746695    3.981774
       blue collar - equip.  |    5.62559   1.001075     9.71   0.000     3.969142    7.973328
                  unskilled  |   10.25893   1.299862    18.37   0.000     8.002951    13.15085
                             |
              public_servant |   .6641182   .0532808    -5.10   0.000     .5674862    .7772049
                   parent_15 |   .8434837   .0855216    -1.68   0.093     .6914687    1.028918
                     married |   .9211084   .0854683    -0.89   0.376      .767943    1.104822
           married_parent_15 |   1.022723   .1325199     0.17   0.862     .7933472    1.318418
                    divorced |   .8282081   .0924331    -1.69   0.091     .6654879    1.030715
                     widowed |   1.346076   .4073315     0.98   0.326     .7438583     2.43584
                   part_time |   .6106629   .0336371    -8.95   0.000     .5481695    .6802808
                        erte |          1  (omitted)
                         age |          1  (omitted)
                     college |   1.338601   .0803459     4.86   0.000     1.190036    1.505713
                      tenure |   1.013512   .0004265    31.89   0.000     1.012676    1.014348
                       _cons |   .0053865    .001375   -20.46   0.000     .0032661    .0088838
----------------------------------------------------------------------------------------------
Note: _cons estimates baseline odds.
(est1 stored)
note: erte omitted because of collinearity.
note: age omitted because of collinearity.

Logistic regression                                    Number of obs =  15,208
                                                       Wald chi2(26) = 1759.85
                                                       Prob > chi2   =  0.0000
Log pseudolikelihood = -2579598.4                      Pseudo R2     =  0.1933

----------------------------------------------------------------------------------------------
                             |               Robust
                   permanent | Odds ratio   std. err.      z    P>|z|     [95% conf. interval]
-----------------------------+----------------------------------------------------------------
                         act |
        manufactures, prim.  |   8.715872   2.237152     8.44   0.000     5.270213     14.4143
     extractive and energy.  |   25.26559   7.607159    10.73   0.000     14.00371    45.58435
         manufactures, sec.  |   14.31682   4.113027     9.26   0.000     8.152822    25.14115
               construction  |   9.294424   2.472858     8.38   0.000      5.51764    15.65639
      hospitality and sales  |   7.966412   1.843541     8.97   0.000     5.061539    12.53842
 Transport, storage and IT.  |   14.51576   3.727379    10.42   0.000     8.775396    24.01113
  Financial and prof. serv.  |   10.04252   2.335096     9.92   0.000     6.366786    15.84035
   Education and healthcare  |   12.09677   2.856782    10.56   0.000     7.614638    19.21719
             Other services  |   5.945311   1.390224     7.62   0.000     3.759529      9.4019
                             |
                         occ |
       white collar - prof.  |   4.552828   .5584583    12.36   0.000     3.579903    5.790169
white collar - tech. suport  |   7.939834    .933509    17.62   0.000     6.305699    9.997459
       white collar - other  |   11.94482   1.402562    21.12   0.000     9.489235    15.03584
     blue collar - services  |   6.849929   .7635892    17.26   0.000     5.505531    8.522616
  blue collar - agriculture  |   2.476707   .9228578     2.43   0.015     1.193175    5.140969
     blue collar - artisans  |   3.267882    .617185     6.27   0.000     2.256863    4.731814
       blue collar - equip.  |   4.266696   .7712137     8.03   0.000     2.993886    6.080622
                  unskilled  |   7.219476   .8892956    16.05   0.000     5.670934    9.190873
                             |
              public_servant |   .5232169    .041014    -8.26   0.000     .4487016    .6101069
                   parent_15 |   .7744354   .0782002    -2.53   0.011     .6353799    .9439239
                     married |   .8375111   .0756636    -1.96   0.050      .701601     .999749
           married_parent_15 |   1.146751   .1467985     1.07   0.285     .8922868    1.473783
                    divorced |   .9642343   .1039914    -0.34   0.736     .7805156    1.191197
                     widowed |   .7563482   .2074209    -1.02   0.309     .4418637    1.294659
                   part_time |    .663678   .0377478    -7.21   0.000     .5936685    .7419436
                        erte |          1  (omitted)
                         age |          1  (omitted)
                     college |   1.385013    .086456     5.22   0.000     1.225518    1.565265
                      tenure |   1.013044   .0004467    29.39   0.000     1.012169     1.01392
                       _cons |   .0121842   .0031901   -16.83   0.000     .0072934    .0203545
----------------------------------------------------------------------------------------------
Note: _cons estimates baseline odds.
(est2 stored)
note: erte != 0 predicts success perfectly;
      erte omitted and 1 obs not used.

note: age omitted because of collinearity.

Logistic regression                                    Number of obs =  16,118
                                                       Wald chi2(26) = 1657.18
                                                       Prob > chi2   =  0.0000
Log pseudolikelihood = -2748180.7                      Pseudo R2     =  0.1598

----------------------------------------------------------------------------------------------
                             |               Robust
                   permanent | Odds ratio   std. err.      z    P>|z|     [95% conf. interval]
-----------------------------+----------------------------------------------------------------
                         act |
        manufactures, prim.  |   6.387165   1.593801     7.43   0.000     3.916573    10.41622
     extractive and energy.  |   10.75914   2.810266     9.10   0.000     6.448307    17.95187
         manufactures, sec.  |   9.167227   2.636599     7.70   0.000     5.217022    16.10843
               construction  |   4.490675   1.161006     5.81   0.000     2.705481    7.453818
      hospitality and sales  |   4.260574   .9717335     6.35   0.000     2.724769    6.662029
 Transport, storage and IT.  |   6.299721     1.5749     7.36   0.000     3.859446    10.28295
  Financial and prof. serv.  |   5.875344   1.345919     7.73   0.000     3.750081    9.205043
   Education and healthcare  |   4.879295   1.142726     6.77   0.000     3.083234    7.721606
             Other services  |   3.860562    .890977     5.85   0.000     2.455852    6.068745
                             |
                         occ |
       white collar - prof.  |   4.113387   .5165814    11.26   0.000     3.215889    5.261361
white collar - tech. suport  |   7.227468   .8799593    16.25   0.000     5.693123    9.175331
       white collar - other  |   8.426751   .9965538    18.02   0.000     6.683384    10.62488
     blue collar - services  |   6.324837   .7288281    16.01   0.000     5.046184    7.927488
  blue collar - agriculture  |   .8846714   .3604631    -0.30   0.764     .3980671    1.966109
     blue collar - artisans  |   3.547119   .6271832     7.16   0.000      2.50825    5.016269
       blue collar - equip.  |   2.706887   .4859318     5.55   0.000     1.903992    3.848356
                  unskilled  |   6.517304   .8046776    15.18   0.000     5.116487    8.301642
                             |
              public_servant |    .664932   .0540716    -5.02   0.000     .5669679     .779823
                   parent_15 |   .9131322   .0861944    -0.96   0.336      .758901    1.098708
                     married |   1.164067   .1027231     1.72   0.085     .9791825     1.38386
           married_parent_15 |   .8699452   .1065675    -1.14   0.255      .684259    1.106021
                    divorced |   1.277421   .1330425     2.35   0.019     1.041555    1.566701
                     widowed |   1.638489   .4890883     1.65   0.098     .9127678    2.941216
                   part_time |   .7434858   .0405169    -5.44   0.000     .6681681    .8272935
                        erte |          1  (omitted)
                         age |          1  (omitted)
                     college |   1.607008   .0966941     7.88   0.000     1.428239    1.808152
                      tenure |   1.012597   .0004247    29.85   0.000     1.011765    1.013429
                       _cons |   .0240121   .0062242   -14.39   0.000     .0144475    .0399089
----------------------------------------------------------------------------------------------
Note: _cons estimates baseline odds.
(est3 stored)
note: erte != 0 predicts success perfectly;
      erte omitted and 1 obs not used.

note: age omitted because of collinearity.

Logistic regression                                    Number of obs =  16,282
                                                       Wald chi2(26) = 1373.96
                                                       Prob > chi2   =  0.0000
Log pseudolikelihood = -2910045.9                      Pseudo R2     =  0.1292

----------------------------------------------------------------------------------------------
                             |               Robust
                   permanent | Odds ratio   std. err.      z    P>|z|     [95% conf. interval]
-----------------------------+----------------------------------------------------------------
                         act |
        manufactures, prim.  |    8.30689   1.874455     9.38   0.000     5.337825    12.92744
     extractive and energy.  |   10.86226   2.542094    10.19   0.000     6.866153     17.1841
         manufactures, sec.  |   11.92095   3.105712     9.51   0.000     7.154035    19.86418
               construction  |   6.075591    1.41322     7.76   0.000      3.85118    9.584803
      hospitality and sales  |   5.215748   1.039953     8.28   0.000     3.528564    7.709659
 Transport, storage and IT.  |   9.937414   2.224896    10.26   0.000     6.407626    15.41167
  Financial and prof. serv.  |   6.005939   1.196421     9.00   0.000     4.064585    8.874536
   Education and healthcare  |   6.514493   1.345909     9.07   0.000     4.345307    9.766541
             Other services  |   6.161604   1.247006     8.98   0.000     4.144047    9.161421
                             |
                         occ |
       white collar - prof.  |   3.679172   .4157306    11.53   0.000     2.948275    4.591263
white collar - tech. suport  |    5.52808   .6150884    15.37   0.000     4.444924    6.875183
       white collar - other  |   7.316382    .806385    18.06   0.000     5.894948    9.080561
     blue collar - services  |   4.977494    .522247    15.30   0.000     4.052297    6.113926
  blue collar - agriculture  |   2.056691    .616183     2.41   0.016     1.143272    3.699886
     blue collar - artisans  |    2.20942   .3877137     4.52   0.000     1.566418     3.11637
       blue collar - equip.  |   2.873088   .4595157     6.60   0.000     2.099953    3.930867
                  unskilled  |   5.626985   .6429361    15.12   0.000     4.497984    7.039366
                             |
              public_servant |   .5053438    .041366    -8.34   0.000     .4304374    .5932856
                   parent_15 |   1.265255   .1198307     2.48   0.013     1.050901    1.523331
                     married |   1.170386   .1017238     1.81   0.070     .9870678    1.387749
           married_parent_15 |   .6264737   .0764581    -3.83   0.000      .493194    .7957705
                    divorced |   .8332416   .0824626    -1.84   0.065     .6863267    1.011605
                     widowed |   .9004295   .2197197    -0.43   0.667     .5581392    1.452637
                   part_time |   .7004699   .0373005    -6.69   0.000      .631048    .7775288
                        erte |          1  (omitted)
                         age |          1  (omitted)
                     college |   1.461847   .0841159     6.60   0.000      1.30594    1.636367
                      tenure |   1.011391   .0004237    27.04   0.000     1.010561    1.012221
                       _cons |   .0288171   .0065694   -15.56   0.000     .0184333    .0450502
----------------------------------------------------------------------------------------------
Note: _cons estimates baseline odds.
(est4 stored)
note: age omitted because of collinearity.

Logistic regression                                    Number of obs =  16,228
                                                       Wald chi2(27) = 1401.62
                                                       Prob > chi2   =  0.0000
Log pseudolikelihood = -2781549.4                      Pseudo R2     =  0.1380

----------------------------------------------------------------------------------------------
                             |               Robust
                   permanent | Odds ratio   std. err.      z    P>|z|     [95% conf. interval]
-----------------------------+----------------------------------------------------------------
                         act |
        manufactures, prim.  |   10.41332    2.56205     9.52   0.000     6.429295    16.86613
     extractive and energy.  |   14.07184   3.636729    10.23   0.000     8.479419    23.35262
         manufactures, sec.  |   17.28396   4.854972    10.15   0.000     9.966556    29.97376
               construction  |   7.808785   1.956234     8.20   0.000     4.779065    12.75922
      hospitality and sales  |   7.108437   1.499671     9.30   0.000     4.701059    10.74862
 Transport, storage and IT.  |   9.963267    2.34235     9.78   0.000     6.284714    15.79494
  Financial and prof. serv.  |   7.047164   1.483676     9.27   0.000     4.664516    10.64688
   Education and healthcare  |   7.510836   1.623476     9.33   0.000     4.916998    11.47299
             Other services  |   6.683038   1.420233     8.94   0.000     4.406385    10.13597
                             |
                         occ |
       white collar - prof.  |   4.165892   .4884091    12.17   0.000     3.310649     5.24207
white collar - tech. suport  |   7.244677   .8292457    17.30   0.000     5.788794    9.066714
       white collar - other  |   8.887824   1.003317    19.35   0.000     7.123708    11.08881
     blue collar - services  |   5.288696   .5674758    15.52   0.000     4.285632     6.52653
  blue collar - agriculture  |   4.805435   1.900726     3.97   0.000     2.213355    10.43312
     blue collar - artisans  |   1.725214   .3280434     2.87   0.004     1.188475    2.504356
       blue collar - equip.  |   4.005714   .7059879     7.87   0.000     2.835696    5.658484
                  unskilled  |   5.824652   .7083265    14.49   0.000     4.589408    7.392362
                             |
              public_servant |   .4806263    .038117    -9.24   0.000     .4114351    .5614534
                   parent_15 |    .833028   .0752478    -2.02   0.043     .6978629    .9943723
                     married |   .9791428   .0876823    -0.24   0.814     .8215252    1.167001
           married_parent_15 |    .931625   .1122712    -0.59   0.557     .7356342    1.179833
                    divorced |   1.380595   .1382438     3.22   0.001     1.134573    1.679964
                     widowed |    1.42114   .4302105     1.16   0.246     .7851622    2.572257
                   part_time |   .7553487   .0418092    -5.07   0.000     .6776925    .8419033
                        erte |   .8852859   1.192784    -0.09   0.928     .0631281    12.41494
                         age |          1  (omitted)
                     college |   1.258065    .075367     3.83   0.000     1.118691    1.414804
                      tenure |   1.011858   .0004581    26.04   0.000      1.01096    1.012756
                       _cons |   .0285227   .0067853   -14.95   0.000     .0178936    .0454656
----------------------------------------------------------------------------------------------
Note: _cons estimates baseline odds.
(est5 stored)
note: erte != 0 predicts success perfectly;
      erte omitted and 8 obs not used.

note: age omitted because of collinearity.

Logistic regression                                    Number of obs =  16,209
                                                       Wald chi2(26) = 1450.50
                                                       Prob > chi2   =  0.0000
Log pseudolikelihood = -2671714.5                      Pseudo R2     =  0.1598

----------------------------------------------------------------------------------------------
                             |               Robust
                   permanent | Odds ratio   std. err.      z    P>|z|     [95% conf. interval]
-----------------------------+----------------------------------------------------------------
                         act |
        manufactures, prim.  |   9.738934   2.374736     9.33   0.000     6.038859    15.70608
     extractive and energy.  |   13.54453   3.359341    10.51   0.000     8.330044    22.02321
         manufactures, sec.  |   15.33343   4.218912     9.92   0.000     8.942021    26.29317
               construction  |   6.870541   1.833622     7.22   0.000     4.072122    11.59207
      hospitality and sales  |   5.355964   1.121749     8.01   0.000     3.552734    8.074444
 Transport, storage and IT.  |   9.143112   2.177801     9.29   0.000     5.732527    14.58284
  Financial and prof. serv.  |   6.253017   1.308822     8.76   0.000     4.148816    9.424428
   Education and healthcare  |   6.485842   1.396033     8.69   0.000     4.253545    9.889667
             Other services  |   6.561595    1.38645     8.90   0.000     4.336631    9.928105
                             |
                         occ |
       white collar - prof.  |   5.578071   .6704848    14.30   0.000     4.407269    7.059901
white collar - tech. suport  |    7.13331    .826779    16.95   0.000      5.68373     8.95259
       white collar - other  |     11.129   1.283407    20.89   0.000     8.877587     13.9514
     blue collar - services  |   7.020858   .7629078    17.94   0.000     5.674088    8.687291
  blue collar - agriculture  |   3.292114   1.286122     3.05   0.002     1.530869    7.079648
     blue collar - artisans  |   3.803482   .7604112     6.68   0.000     2.570425    5.628049
       blue collar - equip.  |   4.296407   .7518566     8.33   0.000     3.048934    6.054284
                  unskilled  |   6.584599   .7917187    15.68   0.000     5.202147    8.334433
                             |
              public_servant |   .5520959   .0434337    -7.55   0.000     .4732056    .6441382
                   parent_15 |   .8255044   .0713411    -2.22   0.026     .6968793    .9778703
                     married |   .9194998   .0804848    -0.96   0.338     .7745422    1.091587
           married_parent_15 |   1.116316   .1300546     0.94   0.345     .8884217    1.402668
                    divorced |   1.208914   .1234581     1.86   0.063     .9896187    1.476804
                     widowed |   2.329787   .7584674     2.60   0.009     1.230852     4.40988
                   part_time |   .7649177   .0431094    -4.76   0.000     .6849242    .8542538
                        erte |          1  (omitted)
                         age |          1  (omitted)
                     college |   1.289919   .0775343     4.24   0.000     1.146565    1.451197
                      tenure |   1.014279    .000506    28.42   0.000     1.013288    1.015271
                       _cons |   .0229768   .0055141   -15.72   0.000     .0143553    .0367763
----------------------------------------------------------------------------------------------
Note: _cons estimates baseline odds.
(est6 stored)
note: erte != 0 predicts success perfectly;
      erte omitted and 2 obs not used.

note: age omitted because of collinearity.

Logistic regression                                    Number of obs =  16,552
                                                       Wald chi2(26) = 1618.74
                                                       Prob > chi2   =  0.0000
Log pseudolikelihood = -2752943.5                      Pseudo R2     =  0.1572

----------------------------------------------------------------------------------------------
                             |               Robust
                   permanent | Odds ratio   std. err.      z    P>|z|     [95% conf. interval]
-----------------------------+----------------------------------------------------------------
                         act |
        manufactures, prim.  |   11.77928   3.048369     9.53   0.000     7.093093    19.56149
     extractive and energy.  |   18.00486   4.839347    10.75   0.000     10.63173    30.49129
         manufactures, sec.  |   16.65702   4.600737    10.18   0.000      9.69375    28.62217
               construction  |   7.765749   2.181281     7.30   0.000     4.478099    13.46707
      hospitality and sales  |   7.056605   1.617638     8.52   0.000     4.502654    11.05918
 Transport, storage and IT.  |   10.84403   2.722727     9.49   0.000     6.629338    17.73826
  Financial and prof. serv.  |   6.898488   1.577562     8.45   0.000     4.406555    10.79962
   Education and healthcare  |   8.738623   2.051781     9.23   0.000     5.515508    13.84524
             Other services  |   6.361151   1.468011     8.02   0.000     4.046667      9.9994
                             |
                         occ |
       white collar - prof.  |   1.391036   .2053864     2.24   0.025     1.041498    1.857882
white collar - tech. suport  |    1.89241   .2930191     4.12   0.000     1.397063    2.563389
       white collar - other  |   2.586979    .390567     6.30   0.000     1.924347    3.477782
     blue collar - services  |   1.359656   .2135386     1.96   0.050      .999413     1.84975
  blue collar - agriculture  |   .6974532    .281897    -0.89   0.373     .3158464    1.540119
     blue collar - artisans  |   1.159666    .242888     0.71   0.479     .7692225    1.748293
       blue collar - equip.  |   1.098756   .2339796     0.44   0.658     .7238329    1.667878
                  unskilled  |   2.058865   .3313162     4.49   0.000     1.501934     2.82231
                             |
              public_servant |   .5196026   .0421465    -8.07   0.000     .4432287    .6091366
                   parent_15 |   1.008701   .0873213     0.10   0.920     .8512858    1.195224
                     married |   .7440004   .0629737    -3.49   0.000     .6302687    .8782551
           married_parent_15 |   1.199162   .1373851     1.59   0.113     .9579832     1.50106
                    divorced |   .9716645   .1029207    -0.27   0.786     .7895058    1.195852
                     widowed |    1.29853   .4067887     0.83   0.404     .7027439    2.399422
                   part_time |   .7685658   .0424936    -4.76   0.000     .6896339    .8565319
                        erte |          1  (omitted)
                         age |          1  (omitted)
                     college |   1.248576   .0781287     3.55   0.000     1.104464    1.411492
                      tenure |   1.016017   .0005005    32.26   0.000     1.015037    1.016999
                       _cons |   .0612458   .0168774   -10.13   0.000     .0356871    .1051091
----------------------------------------------------------------------------------------------
Note: _cons estimates baseline odds.
(est7 stored)
note: erte != 0 predicts success perfectly;
      erte omitted and 10 obs not used.

note: age omitted because of collinearity.

Logistic regression                                    Number of obs =  16,475
                                                       Wald chi2(26) = 1421.96
                                                       Prob > chi2   =  0.0000
Log pseudolikelihood = -2645784.7                      Pseudo R2     =  0.1652

----------------------------------------------------------------------------------------------
                             |               Robust
                   permanent | Odds ratio   std. err.      z    P>|z|     [95% conf. interval]
-----------------------------+----------------------------------------------------------------
                         act |
        manufactures, prim.  |   23.28454   6.452362    11.36   0.000      13.5267    40.08146
     extractive and energy.  |   39.71121   11.79562    12.39   0.000     22.18588    71.08037
         manufactures, sec.  |   41.82177   12.80068    12.20   0.000     22.95457    76.19661
               construction  |   15.61386    4.73091     9.07   0.000     8.621867     28.2761
      hospitality and sales  |   18.84546   4.812718    11.50   0.000     11.42428    31.08745
 Transport, storage and IT.  |   22.16862   6.116647    11.23   0.000     12.90862    38.07129
  Financial and prof. serv.  |   19.98686   5.096005    11.75   0.000     12.12595    32.94379
   Education and healthcare  |   23.10051   6.027282    12.03   0.000     13.85256     38.5224
             Other services  |   15.80447   4.057752    10.75   0.000     9.555128    26.14108
                             |
                         occ |
       white collar - prof.  |   1.490737   .2284967     2.60   0.009     1.103903    2.013127
white collar - tech. suport  |   1.986656    .314503     4.34   0.000     1.456702    2.709408
       white collar - other  |   2.911265   .4554269     6.83   0.000     2.142511    3.955855
     blue collar - services  |   1.456953   .2349722     2.33   0.020     1.062103    1.998592
  blue collar - agriculture  |   .6190022   .2164814    -1.37   0.170     .3118922    1.228513
     blue collar - artisans  |   .9279464   .1991021    -0.35   0.727     .6093787    1.413053
       blue collar - equip.  |   1.778141   .3654392     2.80   0.005     1.188582    2.660131
                  unskilled  |   2.161335    .357117     4.66   0.000      1.56343      2.9879
                             |
              public_servant |   .5827737    .048494    -6.49   0.000     .4950733      .68601
                   parent_15 |   1.012535   .0872573     0.14   0.885     .8551771    1.198848
                     married |   1.136936   .1052042     1.39   0.165     .9483566    1.363014
           married_parent_15 |   .8237948   .0990066    -1.61   0.107     .6509065    1.042604
                    divorced |   1.085621   .1107486     0.81   0.421     .8888808    1.325906
                     widowed |   .7843914   .3985455    -0.48   0.633      .289762    2.123363
                   part_time |   .6960172    .039307    -6.42   0.000     .6230876     .777483
                        erte |          1  (omitted)
                         age |          1  (omitted)
                     college |   1.147091   .0727443     2.16   0.030     1.013019    1.298906
                      tenure |   1.016261   .0005971    27.45   0.000     1.015091    1.017432
                       _cons |   .0223252   .0067407   -12.59   0.000     .0123535     .040346
----------------------------------------------------------------------------------------------
Note: _cons estimates baseline odds.
(est8 stored)
note: age omitted because of collinearity.

Logistic regression                                    Number of obs =  16,125
                                                       Wald chi2(27) = 1154.55
                                                       Prob > chi2   =  0.0000
Log pseudolikelihood = -2656820.1                      Pseudo R2     =  0.1350

----------------------------------------------------------------------------------------------
                             |               Robust
                   permanent | Odds ratio   std. err.      z    P>|z|     [95% conf. interval]
-----------------------------+----------------------------------------------------------------
                         act |
        manufactures, prim.  |   14.08904   4.169423     8.94   0.000     7.888278    25.16406
     extractive and energy.  |   27.86416   8.796125    10.54   0.000     15.00858    51.73117
         manufactures, sec.  |   18.40809   5.599496     9.58   0.000     10.14109    33.41434
               construction  |   10.67651   3.412258     7.41   0.000     5.706657    19.97455
      hospitality and sales  |   9.495089    2.54048     8.41   0.000     5.620228    16.04147
 Transport, storage and IT.  |   13.50814   3.870636     9.09   0.000     7.703562    23.68644
  Financial and prof. serv.  |   9.002949   2.400892     8.24   0.000     5.338112    15.18385
   Education and healthcare  |   13.16482   3.589388     9.45   0.000     7.714979    22.46441
             Other services  |   9.318759   2.513999     8.27   0.000     5.491897    15.81225
                             |
                         occ |
       white collar - prof.  |   1.758071   .2588762     3.83   0.000     1.317337    2.346259
white collar - tech. suport  |   2.526596   .3909024     5.99   0.000     1.865701    3.421602
       white collar - other  |   4.129442   .6119216     9.57   0.000      3.08856    5.521115
     blue collar - services  |   1.786572   .2734382     3.79   0.000     1.323557    2.411563
  blue collar - agriculture  |   1.363464   .4956968     0.85   0.394     .6686258    2.780378
     blue collar - artisans  |   1.339793   .3177976     1.23   0.217     .8416537    2.132759
       blue collar - equip.  |   1.860804   .3783349     3.05   0.002     1.249212    2.771821
                  unskilled  |   2.573669   .4189873     5.81   0.000     1.870592    3.541003
                             |
              public_servant |   .6091738   .0539142    -5.60   0.000     .5121612    .7245623
                   parent_15 |    .936517   .0800002    -0.77   0.443     .7921427    1.107205
                     married |   1.502839   .1412954     4.33   0.000     1.249924    1.806931
           married_parent_15 |   .7147863   .0861278    -2.79   0.005     .5644314    .9051932
                    divorced |   1.072215    .116216     0.64   0.520     .8670039    1.325997
                     widowed |    .413926   .1423892    -2.56   0.010     .2109173    .8123315
                   part_time |   .7878867   .0449346    -4.18   0.000     .7045604    .8810678
                        erte |    1.84538      2.439     0.46   0.643     .1383792     24.6094
                         age |          1  (omitted)
                     college |   1.125201   .0731012     1.82   0.069     .9906725    1.277999
                      tenure |   1.013457   .0005815    23.30   0.000     1.012318    1.014598
                       _cons |   .0379021   .0116255   -10.67   0.000     .0207768    .0691429
----------------------------------------------------------------------------------------------
Note: _cons estimates baseline odds.
(est9 stored)
note: erte != 0 predicts success perfectly;
      erte omitted and 6 obs not used.

note: age omitted because of collinearity.

Logistic regression                                    Number of obs =  15,954
                                                       Wald chi2(26) = 1551.16
                                                       Prob > chi2   =  0.0000
Log pseudolikelihood = -2566562.6                      Pseudo R2     =  0.1847

----------------------------------------------------------------------------------------------
                             |               Robust
                   permanent | Odds ratio   std. err.      z    P>|z|     [95% conf. interval]
-----------------------------+----------------------------------------------------------------
                         act |
        manufactures, prim.  |    5.71794   1.728795     5.77   0.000     3.161422    10.34181
     extractive and energy.  |   12.67975   3.935809     8.18   0.000     6.900761    23.29833
         manufactures, sec.  |   8.989532   3.065296     6.44   0.000     4.607762    17.53816
               construction  |   4.496312    1.49934     4.51   0.000     2.338917    8.643668
      hospitality and sales  |    6.03113   1.675521     6.47   0.000     3.498845    10.39615
 Transport, storage and IT.  |   8.289858   2.490269     7.04   0.000      4.60094    14.93646
  Financial and prof. serv.  |   4.997873   1.400021     5.74   0.000     2.886315    8.654196
   Education and healthcare  |    9.00661   2.553216     7.75   0.000     5.167263    15.69864
             Other services  |   7.347355   2.051986     7.14   0.000     4.250163    12.70154
                             |
                         occ |
       white collar - prof.  |   2.143734   .3295706     4.96   0.000     1.586025    2.897556
white collar - tech. suport  |   4.493077    .729058     9.26   0.000     3.269082    6.175356
       white collar - other  |   5.153827   .7855112    10.76   0.000     3.822923     6.94807
     blue collar - services  |   2.034944   .3168808     4.56   0.000     1.499698    2.761222
  blue collar - agriculture  |   .3595042   .1915133    -1.92   0.055     .1265482    1.021297
     blue collar - artisans  |   1.287707   .3031941     1.07   0.283     .8117068    2.042842
       blue collar - equip.  |   2.631524   .5565638     4.57   0.000     1.738518    3.983229
                  unskilled  |   3.144997   .5216105     6.91   0.000     2.272192    4.353068
                             |
              public_servant |   .4818182   .0418382    -8.41   0.000     .4064152    .5712109
                   parent_15 |   1.205993    .096547     2.34   0.019     1.030863    1.410875
                     married |   1.322576   .1373793     2.69   0.007     1.078957    1.621202
           married_parent_15 |   .6117489   .0763096    -3.94   0.000     .4790648    .7811818
                    divorced |   .8994453   .0919799    -1.04   0.300     .7360858    1.099059
                     widowed |    2.40047   1.231517     1.71   0.088     .8782195    6.561295
                   part_time |   .8927438   .0504389    -2.01   0.045     .7991624    .9972836
                        erte |          1  (omitted)
                         age |          1  (omitted)
                     college |   .9601144   .0621252    -0.63   0.529     .8457559    1.089936
                      tenure |   1.018145   .0005819    31.46   0.000     1.017005    1.019286
                       _cons |   .0377681   .0121452   -10.19   0.000     .0201095     .070933
----------------------------------------------------------------------------------------------
Note: _cons estimates baseline odds.
(est10 stored)
note: erte != 0 predicts success perfectly;
      erte omitted and 1 obs not used.

note: age omitted because of collinearity.

Logistic regression                                    Number of obs =  15,122
                                                       Wald chi2(26) = 1648.13
                                                       Prob > chi2   =  0.0000
Log pseudolikelihood = -2616531.9                      Pseudo R2     =  0.1889

----------------------------------------------------------------------------------------------
                             |               Robust
                   permanent | Odds ratio   std. err.      z    P>|z|     [95% conf. interval]
-----------------------------+----------------------------------------------------------------
                         act |
        manufactures, prim.  |   4.803637   1.327875     5.68   0.000     2.794291    8.257885
     extractive and energy.  |   10.62327   3.107722     8.08   0.000     5.987544    18.84812
         manufactures, sec.  |   2.964395   .8822105     3.65   0.000     1.654309    5.311969
               construction  |   3.617257   1.199792     3.88   0.000     1.888201    6.929638
      hospitality and sales  |   3.436518   .8902387     4.77   0.000     2.068296    5.709848
 Transport, storage and IT.  |   6.937045     1.9315     6.96   0.000     4.019502    11.97228
  Financial and prof. serv.  |   3.727371   .9651591     5.08   0.000      2.24385     6.19172
   Education and healthcare  |   4.476052   1.169339     5.74   0.000     2.682404     7.46906
             Other services  |   4.364393   1.134611     5.67   0.000     2.622026    7.264584
                             |
                         occ |
       white collar - prof.  |   2.276128   .3577042     5.23   0.000     1.672732    3.097184
white collar - tech. suport  |   3.609215   .6020547     7.69   0.000     2.602697    5.004977
       white collar - other  |   3.592963   .5660131     8.12   0.000     2.638517    4.892668
     blue collar - services  |   1.821307    .295315     3.70   0.000     1.325457    2.502654
  blue collar - agriculture  |   .4515492   .1909211    -1.88   0.060      .197154      1.0342
     blue collar - artisans  |   1.012099   .2278761     0.05   0.957     .6509882    1.573521
       blue collar - equip.  |   1.226261   .2576639     0.97   0.332       .81232    1.851138
                  unskilled  |   2.503312   .4392909     5.23   0.000     1.774773    3.530913
                             |
              public_servant |    .397097   .0338259   -10.84   0.000     .3360382    .4692502
                   parent_15 |    .955478   .0785183    -0.55   0.579     .8133388    1.122457
                     married |   .8968233   .0970557    -1.01   0.314     .7254182    1.108729
           married_parent_15 |   1.036022   .1341205     0.27   0.785     .8038493    1.335251
                    divorced |    1.06922   .1210338     0.59   0.554     .8564704    1.334816
                     widowed |   .8634179   .3556652    -0.36   0.721     .3851129    1.935771
                   part_time |   .8898013    .053008    -1.96   0.050     .7917436    1.000003
                        erte |          1  (omitted)
                         age |          1  (omitted)
                     college |   .9840853   .0683925    -0.23   0.817     .8587672    1.127691
                      tenure |   1.018735   .0005758    32.84   0.000     1.017607    1.019864
                       _cons |   .0718901     .02219    -8.53   0.000     .0392583    .1316454
----------------------------------------------------------------------------------------------
Note: _cons estimates baseline odds.
(est11 stored)
note: erte omitted because of collinearity.
note: age omitted because of collinearity.

Logistic regression                                    Number of obs =  15,173
                                                       Wald chi2(26) = 1671.30
                                                       Prob > chi2   =  0.0000
Log pseudolikelihood = -2609431                        Pseudo R2     =  0.1922

----------------------------------------------------------------------------------------------
                             |               Robust
                   permanent | Odds ratio   std. err.      z    P>|z|     [95% conf. interval]
-----------------------------+----------------------------------------------------------------
                         act |
        manufactures, prim.  |   9.006727   2.089921     9.47   0.000       5.7155    14.19318
     extractive and energy.  |   17.89262   4.555913    11.33   0.000     10.86267    29.47212
         manufactures, sec.  |   8.734679   2.301321     8.23   0.000     5.211723    14.63904
               construction  |   10.08596   2.948039     7.91   0.000     5.687463    17.88612
      hospitality and sales  |   7.139021   1.437602     9.76   0.000     4.810943    10.59369
 Transport, storage and IT.  |   11.56183   2.614141    10.83   0.000     7.422821    18.00877
  Financial and prof. serv.  |   6.370737   1.275131     9.25   0.000     4.303462    9.431081
   Education and healthcare  |    6.53462   1.336899     9.18   0.000     4.375981    9.758099
             Other services  |   8.474021   1.709446    10.59   0.000     5.706614    12.58348
                             |
                         occ |
       white collar - prof.  |   1.676024   .2771168     3.12   0.002     1.212107    2.317498
white collar - tech. suport  |   2.692387   .4600618     5.80   0.000     1.926143    3.763454
       white collar - other  |   2.943175   .4835562     6.57   0.000     2.132877    4.061312
     blue collar - services  |   1.867682   .3125961     3.73   0.000     1.345354    2.592803
  blue collar - agriculture  |   .3568402   .1497561    -2.46   0.014     .1567646    .8122688
     blue collar - artisans  |   1.134063   .2616108     0.55   0.586     .7215695    1.782363
       blue collar - equip.  |   1.803558   .4538415     2.34   0.019     1.101378     2.95341
                  unskilled  |   2.665869   .4676006     5.59   0.000     1.890321    3.759601
                             |
              public_servant |    .490456   .0407509    -8.57   0.000       .41675    .5771976
                   parent_15 |   .9831121   .0774673    -0.22   0.829     .8424227    1.147298
                     married |   1.009594   .0977817     0.10   0.921     .8350366     1.22064
           married_parent_15 |   .9026566   .1084024    -0.85   0.394     .7133448    1.142209
                    divorced |   .8165156   .0840474    -1.97   0.049     .6673393    .9990386
                     widowed |   .5627206   .2210447    -1.46   0.143     .2605726    1.215226
                   part_time |   .8355329   .0478705    -3.14   0.002     .7467846     .934828
                        erte |          1  (omitted)
                         age |          1  (omitted)
                     college |   1.256043   .0807335     3.55   0.000      1.10737    1.424677
                      tenure |   1.018903    .000537    35.53   0.000     1.017851    1.019956
                       _cons |   .0385213   .0100789   -12.45   0.000     .0230669    .0643301
----------------------------------------------------------------------------------------------
Note: _cons estimates baseline odds.
(est12 stored)
note: erte omitted because of collinearity.
note: age omitted because of collinearity.

Logistic regression                                    Number of obs =  15,008
                                                       Wald chi2(26) = 1605.36
                                                       Prob > chi2   =  0.0000
Log pseudolikelihood = -2587234.5                      Pseudo R2     =  0.1897

----------------------------------------------------------------------------------------------
                             |               Robust
                   permanent | Odds ratio   std. err.      z    P>|z|     [95% conf. interval]
-----------------------------+----------------------------------------------------------------
                         act |
        manufactures, prim.  |   8.099171   2.144872     7.90   0.000     4.819702    13.61009
     extractive and energy.  |   13.04726   3.748508     8.94   0.000     7.429626    22.91244
         manufactures, sec.  |   6.389755   1.734007     6.83   0.000     3.753972    10.87621
               construction  |    4.75272   1.380691     5.37   0.000      2.68945    8.398872
      hospitality and sales  |   5.596695    1.29984     7.42   0.000     3.550086    8.823164
 Transport, storage and IT.  |   8.650269   2.212753     8.43   0.000     5.239512    14.28132
  Financial and prof. serv.  |    4.86858   1.134928     6.79   0.000      3.08302    7.688262
   Education and healthcare  |   4.981051   1.183193     6.76   0.000     3.126999    7.934405
             Other services  |   6.046252   1.421195     7.66   0.000      3.81424    9.584391
                             |
                         occ |
       white collar - prof.  |   1.664642   .3056448     2.78   0.006     1.161533    2.385667
white collar - tech. suport  |   2.419096   .4625298     4.62   0.000     1.663044    3.518863
       white collar - other  |   3.230706   .5857326     6.47   0.000     2.264504     4.60916
     blue collar - services  |   1.598437   .2935873     2.55   0.011     1.115203    2.291062
  blue collar - agriculture  |   .6948303   .2605213    -0.97   0.332      .333217    1.448873
     blue collar - artisans  |   .5088201   .1276315    -2.69   0.007     .3112078    .8319133
       blue collar - equip.  |   1.222299   .2880296     0.85   0.394     .7701858    1.939811
                  unskilled  |   2.231045   .4222937     4.24   0.000     1.539545    3.233139
                             |
              public_servant |   .5102821   .0428004    -8.02   0.000     .4329274    .6014585
                   parent_15 |   1.104773   .0846099     1.30   0.193     .9507864    1.283698
                     married |   1.024089   .0959144     0.25   0.799     .8523456    1.230438
           married_parent_15 |   .8206007   .0953538    -1.70   0.089     .6534649    1.030485
                    divorced |   .9223636   .0999328    -0.75   0.456     .7458979    1.140578
                     widowed |     1.3816   .4522178     0.99   0.323     .7273969    2.624176
                   part_time |   .7666975   .0420955    -4.84   0.000     .6884762    .8538061
                        erte |          1  (omitted)
                         age |          1  (omitted)
                     college |   1.105863   .0701004     1.59   0.112     .9766606    1.252157
                      tenure |   1.017829   .0005276    34.09   0.000     1.016795    1.018864
                       _cons |   .0605284   .0174909    -9.71   0.000     .0343548    .1066428
----------------------------------------------------------------------------------------------
Note: _cons estimates baseline odds.
(est13 stored)
note: erte != 0 predicts success perfectly;
      erte omitted and 1 obs not used.

note: age omitted because of collinearity.

Logistic regression                                    Number of obs =  14,745
                                                       Wald chi2(26) = 1852.97
                                                       Prob > chi2   =  0.0000
Log pseudolikelihood = -2496097.3                      Pseudo R2     =  0.2033

----------------------------------------------------------------------------------------------
                             |               Robust
                   permanent | Odds ratio   std. err.      z    P>|z|     [95% conf. interval]
-----------------------------+----------------------------------------------------------------
                         act |
        manufactures, prim.  |   9.080927    2.50397     8.00   0.000     5.289569    15.58978
     extractive and energy.  |   14.60572   4.071414     9.62   0.000     8.457587    25.22316
         manufactures, sec.  |   12.36967   3.460318     8.99   0.000     7.148931    21.40302
               construction  |   9.368464   2.771898     7.56   0.000     5.245885    16.73085
      hospitality and sales  |   6.799631   1.596416     8.16   0.000      4.29181    10.77284
 Transport, storage and IT.  |   12.87073   3.380193     9.73   0.000     7.692285    21.53531
  Financial and prof. serv.  |   7.975445   1.892768     8.75   0.000     5.008919    12.69889
   Education and healthcare  |   8.354606   2.016452     8.80   0.000     5.205729     13.4082
             Other services  |   7.712567   1.829986     8.61   0.000     4.844306     12.2791
                             |
                         occ |
       white collar - prof.  |   1.764492   .2841765     3.53   0.000      1.28686    2.419402
white collar - tech. suport  |   1.991461    .339666     4.04   0.000     1.425574    2.781979
       white collar - other  |   3.428686   .5502939     7.68   0.000     2.503297    4.696162
     blue collar - services  |    1.66165   .2695963     3.13   0.002     1.209025    2.283724
  blue collar - agriculture  |   .6813633   .2834834    -0.92   0.356     .3014627    1.540011
     blue collar - artisans  |   .5949694   .1473218    -2.10   0.036      .366207    .9666354
       blue collar - equip.  |   .9847062   .2108071    -0.07   0.943     .6472624    1.498073
                  unskilled  |   1.998765   .3418002     4.05   0.000     1.429557    2.794615
                             |
              public_servant |   .3056212   .0262578   -13.80   0.000     .2582566    .3616726
                   parent_15 |   1.053895    .078029     0.71   0.478     .9115394    1.218482
                     married |   1.237367   .1142966     2.31   0.021     1.032458    1.482944
           married_parent_15 |   .8125844   .0919169    -1.83   0.067     .6510036     1.01427
                    divorced |   1.187358   .1204174     1.69   0.090     .9733209    1.448463
                     widowed |   1.037481    .328339     0.12   0.907     .5579485    1.929149
                   part_time |   .8182693   .0456267    -3.60   0.000     .7335559    .9127656
                        erte |          1  (omitted)
                         age |          1  (omitted)
                     college |   1.217248   .0772001     3.10   0.002     1.074965    1.378364
                      tenure |   1.017718   .0005049    35.40   0.000     1.016729    1.018708
                       _cons |   .0397644   .0112539   -11.39   0.000     .0228345    .0692464
----------------------------------------------------------------------------------------------
Note: _cons estimates baseline odds.
(est14 stored)
note: erte != 0 predicts success perfectly;
      erte omitted and 2 obs not used.

note: age omitted because of collinearity.

Logistic regression                                    Number of obs =  14,507
                                                       Wald chi2(26) = 1711.11
                                                       Prob > chi2   =  0.0000
Log pseudolikelihood = -2528160.4                      Pseudo R2     =  0.1863

----------------------------------------------------------------------------------------------
                             |               Robust
                   permanent | Odds ratio   std. err.      z    P>|z|     [95% conf. interval]
-----------------------------+----------------------------------------------------------------
                         act |
        manufactures, prim.  |   6.762161   1.802999     7.17   0.000     4.009859     11.4036
     extractive and energy.  |   7.995117   2.211069     7.52   0.000     4.649679    13.74759
         manufactures, sec.  |   5.470658   1.522005     6.11   0.000     3.171209    9.437444
               construction  |   2.946211   .8673415     3.67   0.000     1.654538    5.246274
      hospitality and sales  |   3.106545   .7258577     4.85   0.000     1.965128     4.91094
 Transport, storage and IT.  |   5.057361   1.323013     6.20   0.000     3.028645    8.444996
  Financial and prof. serv.  |   2.938698   .6946978     4.56   0.000     1.848987    4.670636
   Education and healthcare  |   3.115013   .7454696     4.75   0.000     1.948743    4.979265
             Other services  |   2.845411   .6744206     4.41   0.000     1.788105    4.527904
                             |
                         occ |
       white collar - prof.  |   .9094112   .1369872    -0.63   0.528     .6769262    1.221741
white collar - tech. suport  |   1.210056   .1974955     1.17   0.243     .8787781    1.666217
       white collar - other  |   1.793483   .2780772     3.77   0.000     1.323487    2.430384
     blue collar - services  |    .842968   .1305918    -1.10   0.270     .6222198    1.142032
  blue collar - agriculture  |    .112536   .0576783    -4.26   0.000      .041212    .3072977
     blue collar - artisans  |   .3472319   .0847823    -4.33   0.000     .2151716    .5603435
       blue collar - equip.  |   .7643471    .161949    -1.27   0.205     .5045905    1.157823
                  unskilled  |   .8492892   .1402459    -0.99   0.323     .6144604    1.173863
                             |
              public_servant |   .3452867   .0291019   -12.62   0.000     .2927102     .407307
                   parent_15 |   1.054369   .0783776     0.71   0.476     .9114178    1.219741
                     married |   1.167677   .1147871     1.58   0.115     .9630443    1.415791
           married_parent_15 |   .7899563   .0934922    -1.99   0.046     .6264155    .9961934
                    divorced |    .974347   .1007156    -0.25   0.801     .7956596    1.193164
                     widowed |   .4491975    .347639    -1.03   0.301     .0985559    2.047349
                   part_time |   .9407807   .0537069    -1.07   0.285     .8411925    1.052159
                        erte |          1  (omitted)
                         age |          1  (omitted)
                     college |   1.264218   .0847794     3.50   0.000      1.10851    1.441797
                      tenure |   1.016393    .000487    33.93   0.000     1.015439    1.017349
                       _cons |   .1917564    .053344    -5.94   0.000     .1111623    .3307823
----------------------------------------------------------------------------------------------
Note: _cons estimates baseline odds.
(est15 stored)
note: age omitted because of collinearity.

Logistic regression                                    Number of obs =  12,366
                                                       Wald chi2(27) = 1335.84
                                                       Prob > chi2   =  0.0000
Log pseudolikelihood = -2280045.2                      Pseudo R2     =  0.1860

----------------------------------------------------------------------------------------------
                             |               Robust
                   permanent | Odds ratio   std. err.      z    P>|z|     [95% conf. interval]
-----------------------------+----------------------------------------------------------------
                         act |
        manufactures, prim.  |   4.412085   1.170026     5.60   0.000     2.623714    7.419441
     extractive and energy.  |   9.677121   2.719125     8.08   0.000     5.579194    16.78498
         manufactures, sec.  |   4.947905   1.330344     5.95   0.000     2.921183    8.380771
               construction  |   4.075095   1.413702     4.05   0.000     2.064644    8.043228
      hospitality and sales  |   3.788229   .8619247     5.85   0.000     2.425296    5.917083
 Transport, storage and IT.  |   4.923646   1.258286     6.24   0.000     2.983691    8.124932
  Financial and prof. serv.  |   3.020696   .6928394     4.82   0.000     1.926956    4.735241
   Education and healthcare  |   3.485829   .8094178     5.38   0.000     2.211338    5.494866
             Other services  |   3.100355   .7236946     4.85   0.000     1.962101    4.898934
                             |
                         occ |
       white collar - prof.  |   1.052811   .1544105     0.35   0.726     .7897849    1.403433
white collar - tech. suport  |   1.657363   .2609352     3.21   0.001     1.217319    2.256477
       white collar - other  |   2.535346   .3875696     6.09   0.000     1.878958    3.421035
     blue collar - services  |   .8999735    .139915    -0.68   0.498     .6635859    1.220569
  blue collar - agriculture  |   .1320608   .0592495    -4.51   0.000     .0548125    .3181765
     blue collar - artisans  |   .6715659   .1577066    -1.70   0.090     .4238356    1.064094
       blue collar - equip.  |   1.254864    .285463     1.00   0.318     .8034535    1.959893
                  unskilled  |    1.25346   .2069907     1.37   0.171     .9068742    1.732503
                             |
              public_servant |   .3804238   .0345292   -10.65   0.000     .3184258     .454493
                   parent_15 |   .9813807   .0809398    -0.23   0.820     .8348996    1.153561
                     married |   .9090379   .0984565    -0.88   0.379     .7351733    1.124021
           married_parent_15 |   .9120646   .1196086    -0.70   0.483     .7053402    1.179377
                    divorced |   .9407545   .1241582    -0.46   0.644     .7263352    1.218472
                     widowed |   .1920418   .2027742    -1.56   0.118     .0242451    1.521133
                   part_time |   .9305749   .0603728    -1.11   0.267     .8194605    1.056756
                        erte |   2.456482   .3795227     5.82   0.000     1.814697    3.325239
                         age |          1  (omitted)
                     college |   1.154731   .0845755     1.96   0.050     1.000314    1.332984
                      tenure |   1.015954   .0005559    28.93   0.000     1.014865    1.017044
                       _cons |   .1698469   .0458009    -6.57   0.000     .1001204    .2881328
----------------------------------------------------------------------------------------------
Note: _cons estimates baseline odds.
(est16 stored)
note: age omitted because of collinearity.

Logistic regression                                    Number of obs =  11,044
                                                       Wald chi2(27) = 1279.24
                                                       Prob > chi2   =  0.0000
Log pseudolikelihood = -2287567.7                      Pseudo R2     =  0.1895

----------------------------------------------------------------------------------------------
                             |               Robust
                   permanent | Odds ratio   std. err.      z    P>|z|     [95% conf. interval]
-----------------------------+----------------------------------------------------------------
                         act |
        manufactures, prim.  |   7.018996   1.869375     7.32   0.000     4.164605    11.82977
     extractive and energy.  |   17.12118   5.101771     9.53   0.000     9.547567    30.70258
         manufactures, sec.  |   10.52616   2.977063     8.32   0.000     6.046843    18.32362
               construction  |   8.097929   2.717997     6.23   0.000     4.194458    15.63407
      hospitality and sales  |   6.148026   1.361394     8.20   0.000     3.983355    9.489041
 Transport, storage and IT.  |   6.963934    1.80026     7.51   0.000     4.195743    11.55847
  Financial and prof. serv.  |   5.282559    1.16371     7.56   0.000     3.430289    8.135009
   Education and healthcare  |   4.771735   1.081595     6.89   0.000      3.06011     7.44073
             Other services  |    5.12556   1.152918     7.27   0.000     3.298195    7.965377
                             |
                         occ |
       white collar - prof.  |   1.391459   .2436904     1.89   0.059     .9871814      1.9613
white collar - tech. suport  |   2.435171   .4600717     4.71   0.000     1.681565    3.526511
       white collar - other  |   3.274004   .5943739     6.53   0.000     2.293766    4.673145
     blue collar - services  |   1.107533   .2035556     0.56   0.578     .7725254    1.587818
  blue collar - agriculture  |   .2871197   .1349274    -2.66   0.008     .1143021    .7212265
     blue collar - artisans  |   .9725205   .2633886    -0.10   0.918     .5719619      1.6536
       blue collar - equip.  |    1.56797    .404254     1.74   0.081     .9459777     2.59893
                  unskilled  |   1.670868   .3259747     2.63   0.009     1.139931    2.449095
                             |
              public_servant |   .2852945   .0292668   -12.23   0.000     .2333315    .3488296
                   parent_15 |   .7538091   .0647019    -3.29   0.001     .6370888    .8919137
                     married |   .9280147   .1139546    -0.61   0.543      .729512    1.180531
           married_parent_15 |   1.301574   .1888027     1.82   0.069     .9794805    1.729584
                    divorced |   1.104075   .1393265     0.78   0.433     .8621506    1.413886
                     widowed |   .9529557   .3918216    -0.12   0.907     .4256855    2.133323
                   part_time |   .7470642   .0517003    -4.21   0.000     .6523051    .8555887
                        erte |   3.510868   1.526788     2.89   0.004     1.497092    8.233425
                         age |          1  (omitted)
                     college |   1.224596   .1014403     2.45   0.014     1.041077    1.440465
                      tenure |   1.014903   .0005503    27.28   0.000     1.013825    1.015982
                       _cons |   .1000219   .0276699    -8.32   0.000     .0581594    .1720167
----------------------------------------------------------------------------------------------
Note: _cons estimates baseline odds.
(est17 stored)
note: erte != 0 predicts success perfectly;
      erte omitted and 5 obs not used.

note: age omitted because of collinearity.

Logistic regression                                    Number of obs =  10,328
                                                       Wald chi2(26) = 1001.96
                                                       Prob > chi2   =  0.0000
Log pseudolikelihood = -2290035.5                      Pseudo R2     =  0.1470

----------------------------------------------------------------------------------------------
                             |               Robust
                   permanent | Odds ratio   std. err.      z    P>|z|     [95% conf. interval]
-----------------------------+----------------------------------------------------------------
                         act |
        manufactures, prim.  |   4.149238   1.137967     5.19   0.000     2.423921    7.102616
     extractive and energy.  |   5.832549   1.835657     5.60   0.000     3.147478    10.80822
         manufactures, sec.  |   5.432982    1.65313     5.56   0.000     2.992523    9.863682
               construction  |   6.887362   2.526512     5.26   0.000     3.355862    14.13519
      hospitality and sales  |   2.507958   .5775097     3.99   0.000     1.597031    3.938466
 Transport, storage and IT.  |   5.924334   1.570378     6.71   0.000     3.523785    9.960236
  Financial and prof. serv.  |    2.41736   .5630408     3.79   0.000     1.531381    3.815922
   Education and healthcare  |      2.593   .6168953     4.00   0.000     1.626653    4.133426
             Other services  |   1.894017   .4534711     2.67   0.008     1.184641    3.028176
                             |
                         occ |
       white collar - prof.  |   .9319895   .1690419    -0.39   0.698     .6531639    1.329841
white collar - tech. suport  |   1.481599   .2908524     2.00   0.045     1.008396    2.176856
       white collar - other  |   2.382865   .4637372     4.46   0.000     1.627212     3.48943
     blue collar - services  |   1.029717    .196187     0.15   0.878     .7088307    1.495868
  blue collar - agriculture  |   .4225981   .2518041    -1.45   0.148     .1314441     1.35867
     blue collar - artisans  |   .3914967   .1181181    -3.11   0.002      .216727    .7072016
       blue collar - equip.  |   1.015396   .2581052     0.06   0.952     .6169744    1.671105
                  unskilled  |   1.196031   .2432102     0.88   0.379     .8028835    1.781691
                             |
              public_servant |   .3198271   .0326172   -11.18   0.000     .2618825    .3905925
                   parent_15 |   .9065561   .0818284    -1.09   0.277     .7595611    1.081998
                     married |   1.463465   .1868966     2.98   0.003     1.139402    1.879697
           married_parent_15 |   .5315675   .0811562    -4.14   0.000     .3940965    .7169918
                    divorced |   1.104111   .1473769     0.74   0.458     .8499518    1.434271
                     widowed |   6.795752   5.450481     2.39   0.017     1.411035    32.72934
                   part_time |   1.024724    .075456     0.33   0.740     .8870098     1.18382
                        erte |          1  (omitted)
                         age |          1  (omitted)
                     college |   1.091024   .0916662     1.04   0.300     .9253749    1.286326
                      tenure |   1.012906    .000554    23.45   0.000     1.011821    1.013993
                       _cons |   .3774098   .1112882    -3.30   0.001     .2117465    .6726825
----------------------------------------------------------------------------------------------
Note: _cons estimates baseline odds.
(est18 stored)
