note: erte omitted because of collinearity.
note: age omitted because of collinearity.

Logistic regression                                    Number of obs =  17,426
                                                       Wald chi2(26) = 1607.14
                                                       Prob > chi2   =  0.0000
Log pseudolikelihood = -3453516.3                      Pseudo R2     =  0.1962

----------------------------------------------------------------------------------------------
                             |               Robust
                   permanent | Odds ratio   std. err.      z    P>|z|     [95% conf. interval]
-----------------------------+----------------------------------------------------------------
                         act |
        manufactures, prim.  |   4.715483   1.279847     5.71   0.000     2.770119    8.027012
     extractive and energy.  |   8.753518   2.436829     7.79   0.000     5.072509    15.10576
         manufactures, sec.  |   6.606456   1.864987     6.69   0.000     3.799061    11.48843
               construction  |   4.301802   1.222306     5.13   0.000     2.464856    7.507741
      hospitality and sales  |   7.857932   2.050201     7.90   0.000     4.712188     13.1037
 Transport, storage and IT.  |   4.655349   1.300495     5.51   0.000     2.692557    8.048958
  Financial and prof. serv.  |   7.497575   1.967413     7.68   0.000     4.482909    12.53954
   Education and healthcare  |   5.451866   1.454866     6.36   0.000     3.231443    9.198009
             Other services  |   8.026474   2.127458     7.86   0.000     4.774297    13.49398
                             |
                         occ |
       white collar - prof.  |   4.248044   .7752523     7.93   0.000     2.970625    6.074774
white collar - tech. suport  |   6.637249    1.18213    10.63   0.000     4.681494    9.410047
       white collar - other  |   7.296217   1.278572    11.34   0.000     5.175295    10.28633
     blue collar - services  |   5.250869   .9076281     9.59   0.000     3.741954    7.368242
  blue collar - agriculture  |   1.778912   .8014769     1.28   0.201     .7356166    4.301873
     blue collar - artisans  |   3.945334   .8512108     6.36   0.000     2.584854    6.021873
       blue collar - equip.  |   2.494081   .5751834     3.96   0.000      1.58711    3.919351
                  unskilled  |   4.302214   .7986559     7.86   0.000     2.990035    6.190242
                             |
              public_servant |   .4573181   .0403811    -8.86   0.000     .3846427    .5437249
                   parent_10 |   1.016945    .123998     0.14   0.890     .8007723    1.291475
                     married |      1.308   .0902177     3.89   0.000     1.142608    1.497333
           married_parent_10 |   .6554685   .1032412    -2.68   0.007     .4813725    .8925292
                    divorced |   1.250744   .2375532     1.18   0.239     .8619854    1.814833
                     widowed |   1.721686   1.246079     0.75   0.453     .4167665    7.112384
                   part_time |   .4454273   .0275636   -13.07   0.000     .3945513    .5028635
                        erte |          1  (omitted)
                         age |          1  (omitted)
                     college |   1.108553   .0608995     1.88   0.061     .9953939    1.234577
                      tenure |   1.037666   .0012339    31.09   0.000      1.03525    1.040087
                       _cons |   .0119261   .0037416   -14.12   0.000     .0064484    .0220571
----------------------------------------------------------------------------------------------
Note: _cons estimates baseline odds.
(est1 stored)
note: erte omitted because of collinearity.
note: age omitted because of collinearity.

Logistic regression                                    Number of obs =  14,409
                                                       Wald chi2(26) = 1239.86
                                                       Prob > chi2   =  0.0000
Log pseudolikelihood = -2903753.3                      Pseudo R2     =  0.1668

----------------------------------------------------------------------------------------------
                             |               Robust
                   permanent | Odds ratio   std. err.      z    P>|z|     [95% conf. interval]
-----------------------------+----------------------------------------------------------------
                         act |
        manufactures, prim.  |   4.187409   1.333771     4.50   0.000     2.242958    7.817531
     extractive and energy.  |   5.584544   1.801011     5.33   0.000     2.968082    10.50751
         manufactures, sec.  |    5.97206   1.971086     5.41   0.000     3.127404    11.40419
               construction  |   4.511397   1.475007     4.61   0.000     2.376893    8.562733
      hospitality and sales  |   5.489139   1.661947     5.62   0.000     3.032395    9.936251
 Transport, storage and IT.  |    4.19275   1.325425     4.53   0.000     2.256392    7.790825
  Financial and prof. serv.  |   4.795588   1.462346     5.14   0.000     2.638033    8.717732
   Education and healthcare  |   3.683758   1.131587     4.24   0.000     2.017515    6.726133
             Other services  |   3.974282   1.213875     4.52   0.000     2.184108    7.231748
                             |
                         occ |
       white collar - prof.  |   4.738664   .8961957     8.23   0.000     3.270945    6.864971
white collar - tech. suport  |   5.344044     .98502     9.09   0.000     3.723708    7.669454
       white collar - other  |    5.45673   .9889799     9.36   0.000     3.825254    7.784031
     blue collar - services  |   4.934467   .8749102     9.00   0.000     3.485918     6.98495
  blue collar - agriculture  |   1.533664    .807732     0.81   0.417     .5462981    4.305573
     blue collar - artisans  |   3.327643   .7758102     5.16   0.000     2.107107     5.25517
       blue collar - equip.  |   2.825974   .6410095     4.58   0.000     1.811724    4.408028
                  unskilled  |   4.129667    .788388     7.43   0.000     2.840623    6.003666
                             |
              public_servant |   .4056345   .0397471    -9.21   0.000     .3347555     .491521
                   parent_10 |   1.034362   .1129965     0.31   0.757     .8349972    1.281328
                     married |   1.117459   .0776693     1.60   0.110     .9751435    1.280544
           married_parent_10 |   .6719916   .0984296    -2.71   0.007     .5042948    .8954538
                    divorced |   1.220391   .2398909     1.01   0.311     .8301932    1.793985
                     widowed |   .2945559   .2360209    -1.53   0.127     .0612519    1.416498
                   part_time |    .516446   .0330994   -10.31   0.000     .4554815    .5855704
                        erte |          1  (omitted)
                         age |          1  (omitted)
                     college |   1.092812   .0636102     1.52   0.127     .9749869    1.224875
                      tenure |   1.034319   .0012353    28.25   0.000     1.031901    1.036743
                       _cons |   .0213212   .0075096   -10.93   0.000     .0106908    .0425221
----------------------------------------------------------------------------------------------
Note: _cons estimates baseline odds.
(est2 stored)
note: erte omitted because of collinearity.
note: age omitted because of collinearity.

Logistic regression                                    Number of obs =  14,748
                                                       Wald chi2(26) = 1271.23
                                                       Prob > chi2   =  0.0000
Log pseudolikelihood = -2923032.8                      Pseudo R2     =  0.1675

----------------------------------------------------------------------------------------------
                             |               Robust
                   permanent | Odds ratio   std. err.      z    P>|z|     [95% conf. interval]
-----------------------------+----------------------------------------------------------------
                         act |
        manufactures, prim.  |   4.739353   1.302981     5.66   0.000      2.76503    8.123407
     extractive and energy.  |   4.403221   1.213401     5.38   0.000     2.565689    7.556785
         manufactures, sec.  |    5.65556   1.625322     6.03   0.000     3.219981    9.933401
               construction  |   6.010893   1.706452     6.32   0.000     3.445789     10.4855
      hospitality and sales  |   5.989425   1.533552     6.99   0.000     3.626108    9.893035
 Transport, storage and IT.  |   5.903504   1.632986     6.42   0.000     3.432863    10.15227
  Financial and prof. serv.  |   6.471846   1.671703     7.23   0.000     3.900852    10.73734
   Education and healthcare  |   5.083386   1.335257     6.19   0.000     3.037857    8.506266
             Other services  |   5.651027   1.447321     6.76   0.000     3.420745    9.335424
                             |
                         occ |
       white collar - prof.  |   3.549356   .6678043     6.73   0.000     2.454696    5.132175
white collar - tech. suport  |   5.024641   .9104074     8.91   0.000     3.522711    7.166927
       white collar - other  |   5.154775   .9154872     9.23   0.000     3.639456     7.30101
     blue collar - services  |   4.621309   .7845058     9.02   0.000     3.313343    6.445603
  blue collar - agriculture  |   1.207221   .5813685     0.39   0.696     .4697517    3.102451
     blue collar - artisans  |   3.438176   .7776676     5.46   0.000     2.206978    5.356215
       blue collar - equip.  |   3.933105   .8564042     6.29   0.000     2.566805    6.026683
                  unskilled  |   3.586508   .6670503     6.87   0.000     2.490909    5.163994
                             |
              public_servant |    .353532   .0331361   -11.09   0.000     .2942027    .4248257
                   parent_10 |    1.02361   .1065837     0.22   0.823     .8346476    1.255354
                     married |   1.198157   .0857926     2.52   0.012     1.041273    1.378679
           married_parent_10 |   .6972956   .1000887    -2.51   0.012     .5263042    .9238406
                    divorced |   .6300349   .1201862    -2.42   0.015     .4334992    .9156739
                     widowed |   .2703357   .2472404    -1.43   0.153     .0450217    1.623249
                   part_time |   .4992361   .0319636   -10.85   0.000       .44036     .565984
                        erte |          1  (omitted)
                         age |          1  (omitted)
                     college |   1.172898   .0680923     2.75   0.006     1.046752    1.314245
                      tenure |   1.035541   .0012796    28.26   0.000     1.033036    1.038052
                       _cons |   .0226676   .0072503   -11.84   0.000       .01211    .0424294
----------------------------------------------------------------------------------------------
Note: _cons estimates baseline odds.
(est3 stored)
note: erte omitted because of collinearity.
note: age omitted because of collinearity.

Logistic regression                                    Number of obs =  14,131
                                                       Wald chi2(26) = 1220.16
                                                       Prob > chi2   =  0.0000
Log pseudolikelihood = -2828681.4                      Pseudo R2     =  0.1728

----------------------------------------------------------------------------------------------
                             |               Robust
                   permanent | Odds ratio   std. err.      z    P>|z|     [95% conf. interval]
-----------------------------+----------------------------------------------------------------
                         act |
        manufactures, prim.  |   6.168988   1.639925     6.84   0.000     3.663835    10.38704
     extractive and energy.  |    6.35663   1.707125     6.89   0.000     3.755171    10.76029
         manufactures, sec.  |    5.09259   1.424228     5.82   0.000     2.943649    8.810315
               construction  |   4.035054   1.106051     5.09   0.000     2.357903    6.905143
      hospitality and sales  |   5.736841   1.404204     7.14   0.000     3.550787    9.268746
 Transport, storage and IT.  |   5.541011   1.446463     6.56   0.000     3.321893    9.242563
  Financial and prof. serv.  |   5.743609   1.424035     7.05   0.000     3.532997    9.337411
   Education and healthcare  |   4.247698   1.070835     5.74   0.000     2.591598    6.962091
             Other services  |   5.570187   1.381129     6.93   0.000     3.426212    9.055769
                             |
                         occ |
       white collar - prof.  |   3.128187    .554819     6.43   0.000     2.209646    4.428563
white collar - tech. suport  |   5.317577   .9100949     9.76   0.000     3.802174    7.436962
       white collar - other  |   6.013095   1.012906    10.65   0.000     4.322283    8.365327
     blue collar - services  |   4.668666   .7605016     9.46   0.000      3.39263    6.424646
  blue collar - agriculture  |   .1768934   .1266047    -2.42   0.016     .0435007    .7193276
     blue collar - artisans  |   3.020744   .6712583     4.97   0.000     1.954174    4.669439
       blue collar - equip.  |    3.19197   .6802166     5.45   0.000     2.102159    4.846764
                  unskilled  |   4.425015   .7924721     8.30   0.000     3.115113     6.28573
                             |
              public_servant |   .3852822   .0359948   -10.21   0.000     .3208159    .4627026
                   parent_10 |   .8390581   .0897831    -1.64   0.101     .6803142    1.034843
                     married |   1.003692   .0731165     0.05   0.960     .8701466    1.157733
           married_parent_10 |   1.151004   .1673613     0.97   0.333     .8655817    1.530543
                    divorced |   1.007303   .1862908     0.04   0.969     .7010333    1.447376
                     widowed |    .764234     .41228    -0.50   0.618      .265479         2.2
                   part_time |   .4843637   .0317299   -11.07   0.000     .4260011    .5507221
                        erte |          1  (omitted)
                         age |          1  (omitted)
                     college |   1.262829    .075347     3.91   0.000      1.12346    1.419488
                      tenure |   1.036202   .0014433    25.53   0.000     1.033377    1.039035
                       _cons |   .0229491   .0067491   -12.83   0.000     .0128955    .0408408
----------------------------------------------------------------------------------------------
Note: _cons estimates baseline odds.
(est4 stored)
note: widowed != 0 predicts failure perfectly;
      widowed omitted and 1 obs not used.

note: erte != 0 predicts success perfectly;
      erte omitted and 2 obs not used.

note: age omitted because of collinearity.

Logistic regression                                    Number of obs =  13,011
                                                       Wald chi2(25) = 1198.38
                                                       Prob > chi2   =  0.0000
Log pseudolikelihood = -2477833.4                      Pseudo R2     =  0.1813

----------------------------------------------------------------------------------------------
                             |               Robust
                   permanent | Odds ratio   std. err.      z    P>|z|     [95% conf. interval]
-----------------------------+----------------------------------------------------------------
                         act |
        manufactures, prim.  |   13.87154    4.89393     7.45   0.000     6.947327    27.69693
     extractive and energy.  |   11.49446   4.075272     6.89   0.000     5.737221    23.02902
         manufactures, sec.  |   12.95469   5.053422     6.57   0.000     6.030965    27.82707
               construction  |   6.652353   2.437824     5.17   0.000     3.243721    13.64291
      hospitality and sales  |   12.55638   4.167784     7.62   0.000     6.551319    24.06578
 Transport, storage and IT.  |   10.01764   3.471894     6.65   0.000     5.078759    19.75938
  Financial and prof. serv.  |   12.28755   4.079276     7.56   0.000     6.410316    23.55325
   Education and healthcare  |   8.664393   2.920659     6.41   0.000     4.475161     16.7752
             Other services  |   8.897932   2.960483     6.57   0.000     4.635332    17.08037
                             |
                         occ |
       white collar - prof.  |   6.442619    1.45346     8.26   0.000     4.140289    10.02523
white collar - tech. suport  |   8.847172   1.950261     9.89   0.000     5.743366    13.62832
       white collar - other  |   8.521194   1.851069     9.86   0.000     5.566637    13.04391
     blue collar - services  |   6.521025   1.342556     9.11   0.000     4.355816    9.762527
  blue collar - agriculture  |   .6228334   .4136217    -0.71   0.476     .1694695    2.289034
     blue collar - artisans  |   3.365971   .9537523     4.28   0.000     1.931619    5.865425
       blue collar - equip.  |   4.861655   1.463201     5.25   0.000     2.695257    8.769367
                  unskilled  |   8.327504   1.868088     9.45   0.000     5.364966    12.92596
                             |
              public_servant |    .336217   .0329162   -11.13   0.000     .2775144     .407337
                   parent_10 |   .9506508   .0979278    -0.49   0.623     .7768508    1.163334
                     married |   1.111993   .0849931     1.39   0.165     .9572871    1.291701
           married_parent_10 |    .912443   .1329038    -0.63   0.529     .6858391    1.213918
                    divorced |   1.295749   .2797779     1.20   0.230     .8486518    1.978391
                     widowed |          1  (omitted)
                   part_time |   .4532839   .0298885   -12.00   0.000      .398331    .5158181
                        erte |          1  (omitted)
                         age |          1  (omitted)
                     college |   1.118968   .0710379     1.77   0.077     .9880504    1.267233
                      tenure |   1.036116   .0015667    23.46   0.000      1.03305    1.039192
                       _cons |   .0085238   .0033957   -11.96   0.000     .0039042    .0186093
----------------------------------------------------------------------------------------------
Note: _cons estimates baseline odds.
(est5 stored)
note: erte omitted because of collinearity.
note: age omitted because of collinearity.

Logistic regression                                    Number of obs =  12,136
                                                       Wald chi2(26) = 1177.17
                                                       Prob > chi2   =  0.0000
Log pseudolikelihood = -2195704.3                      Pseudo R2     =  0.2170

----------------------------------------------------------------------------------------------
                             |               Robust
                   permanent | Odds ratio   std. err.      z    P>|z|     [95% conf. interval]
-----------------------------+----------------------------------------------------------------
                         act |
        manufactures, prim.  |   8.168219   3.639411     4.71   0.000     3.410894     19.5608
     extractive and energy.  |   9.205998   4.160747     4.91   0.000     3.796308    22.32443
         manufactures, sec.  |   10.92087   5.160902     5.06   0.000     4.325164    27.57475
               construction  |   6.862717   3.144687     4.20   0.000     2.795451    16.84768
      hospitality and sales  |   8.084106   3.407628     4.96   0.000     3.538604    18.46852
 Transport, storage and IT.  |   6.771946   2.957231     4.38   0.000     2.877421    15.93762
  Financial and prof. serv.  |   8.486675   3.599121     5.04   0.000      3.69616    19.48607
   Education and healthcare  |   5.893291   2.524872     4.14   0.000     2.544932    13.64707
             Other services  |   9.394775   3.951448     5.33   0.000     4.119746    21.42409
                             |
                         occ |
       white collar - prof.  |   7.443477   1.880788     7.94   0.000     4.536257    12.21389
white collar - tech. suport  |   9.445559    2.33289     9.09   0.000     5.820973    15.32709
       white collar - other  |   9.151578   2.217669     9.14   0.000     5.691507    14.71515
     blue collar - services  |   9.592454   2.240009     9.68   0.000     6.069585    15.16004
  blue collar - agriculture  |   2.504936   1.914074     1.20   0.229     .5602425    11.19998
     blue collar - artisans  |   5.084225   1.702693     4.86   0.000     2.637301    9.801438
       blue collar - equip.  |   4.882859   1.482235     5.22   0.000     2.693298     8.85246
                  unskilled  |   8.281871   2.073372     8.44   0.000     5.070252    13.52781
                             |
              public_servant |   .3941792    .039547    -9.28   0.000     .3238133    .4798358
                   parent_10 |   1.104345   .1190347     0.92   0.357     .8940374    1.364124
                     married |   1.292011   .1083671     3.05   0.002     1.096155    1.522862
           married_parent_10 |   .9696119   .1523678    -0.20   0.844     .7125863    1.319345
                    divorced |   .6130722   .1187262    -2.53   0.012       .41944    .8960937
                     widowed |   .5598281    .348289    -0.93   0.351     .1653834    1.895036
                   part_time |    .491477   .0331775   -10.52   0.000     .4305684    .5610017
                        erte |          1  (omitted)
                         age |          1  (omitted)
                     college |   1.319705   .0889116     4.12   0.000     1.156457    1.505998
                      tenure |   1.043052   .0016528    26.60   0.000     1.039818    1.046297
                       _cons |   .0066356   .0032287   -10.31   0.000     .0025569    .0172208
----------------------------------------------------------------------------------------------
Note: _cons estimates baseline odds.
(est6 stored)
note: erte omitted because of collinearity.
note: age omitted because of collinearity.

Logistic regression                                    Number of obs =  10,768
                                                       Wald chi2(26) = 1222.86
                                                       Prob > chi2   =  0.0000
Log pseudolikelihood = -1970349.7                      Pseudo R2     =  0.2424

----------------------------------------------------------------------------------------------
                             |               Robust
                   permanent | Odds ratio   std. err.      z    P>|z|     [95% conf. interval]
-----------------------------+----------------------------------------------------------------
                         act |
        manufactures, prim.  |   8.678236   3.255321     5.76   0.000     4.160395    18.10208
     extractive and energy.  |   9.051823   3.371619     5.91   0.000     4.361952    18.78414
         manufactures, sec.  |   9.963346   3.869834     5.92   0.000     4.653638    21.33133
               construction  |   10.06833   3.846668     6.04   0.000     4.761574    21.28944
      hospitality and sales  |   7.167128   2.391001     5.90   0.000     3.727166    13.78198
 Transport, storage and IT.  |    6.57317    2.36081     5.24   0.000     3.251311    13.28897
  Financial and prof. serv.  |   9.137955   3.081113     6.56   0.000     4.718924    17.69518
   Education and healthcare  |   6.942727   2.372085     5.67   0.000     3.553894      13.563
             Other services  |   7.023119   2.354904     5.81   0.000      3.64012    13.55016
                             |
                         occ |
       white collar - prof.  |   1.133061   .3028824     0.47   0.640     .6709895    1.913334
white collar - tech. suport  |   1.600548   .4341006     1.73   0.083     .9406022    2.723527
       white collar - other  |   1.634641   .4386987     1.83   0.067     .9660064    2.766079
     blue collar - services  |   1.343195   .3671366     1.08   0.280     .7861032    2.295085
  blue collar - agriculture  |   .1781201   .1459579    -2.11   0.035     .0357445    .8876003
     blue collar - artisans  |   .4904683   .1916264    -1.82   0.068     .2280583    1.054814
       blue collar - equip.  |   .6098979   .1940478    -1.55   0.120     .3269152    1.137835
                  unskilled  |   1.217437   .3441669     0.70   0.486     .6995415    2.118748
                             |
              public_servant |   .2190807   .0265256   -12.54   0.000     .1727998     .277757
                   parent_10 |    1.01417   .1149605     0.12   0.901     .8121264     1.26648
                     married |   .9959214   .0978724    -0.04   0.967      .821438    1.207467
           married_parent_10 |   1.032189   .1774503     0.18   0.854      .736926    1.445756
                    divorced |    1.02603    .247902     0.11   0.915     .6389966    1.647484
                     widowed |   37.81025   44.29711     3.10   0.002     3.805161    375.7043
                   part_time |   .5076781   .0354683    -9.70   0.000      .442711     .582179
                        erte |          1  (omitted)
                         age |          1  (omitted)
                     college |   .9429307   .0744688    -0.74   0.457     .8077099    1.100789
                      tenure |   1.043704   .0015588    28.64   0.000     1.040653    1.046764
                       _cons |   .0472171   .0202215    -7.13   0.000     .0203966    .1093052
----------------------------------------------------------------------------------------------
Note: _cons estimates baseline odds.
(est7 stored)
note: widowed != 0 predicts success perfectly;
      widowed omitted and 5 obs not used.

note: erte omitted because of collinearity.
note: age omitted because of collinearity.

Logistic regression                                    Number of obs =   9,735
                                                       Wald chi2(25) = 1229.42
                                                       Prob > chi2   =  0.0000
Log pseudolikelihood = -1713822.6                      Pseudo R2     =  0.2648

----------------------------------------------------------------------------------------------
                             |               Robust
                   permanent | Odds ratio   std. err.      z    P>|z|     [95% conf. interval]
-----------------------------+----------------------------------------------------------------
                         act |
        manufactures, prim.  |   13.98617    8.95446     4.12   0.000     3.987755    49.05342
     extractive and energy.  |   32.78671   20.82344     5.50   0.000     9.442437    113.8443
         manufactures, sec.  |   21.87928   14.06494     4.80   0.000     6.206463    77.12976
               construction  |   7.621692   5.164638     3.00   0.003     2.019562    28.76376
      hospitality and sales  |   18.45232   11.34881     4.74   0.000     5.527553    61.59836
 Transport, storage and IT.  |   17.22686   10.78724     4.55   0.000     5.048872    58.77841
  Financial and prof. serv.  |   20.25129   12.45643     4.89   0.000     6.065753    67.61154
   Education and healthcare  |   16.82651   10.38134     4.58   0.000     5.021502    56.38381
             Other services  |   19.60786   12.08128     4.83   0.000     5.860938    65.59844
                             |
                         occ |
       white collar - prof.  |   .6960555   .1780003    -1.42   0.157     .4216659    1.148998
white collar - tech. suport  |   .9089305   .2389299    -0.36   0.716     .5429701    1.521547
       white collar - other  |   .9268382   .2375407    -0.30   0.767      .560852     1.53165
     blue collar - services  |   .6823977   .1759683    -1.48   0.138     .4116615    1.131188
  blue collar - agriculture  |    .952108   .7511754    -0.06   0.950     .2028253    4.469412
     blue collar - artisans  |   .4562162   .1801349    -1.99   0.047     .2104154    .9891539
       blue collar - equip.  |   .1389003   .0480819    -5.70   0.000     .0704774    .2737515
                  unskilled  |   .9813027   .2714316    -0.07   0.946     .5706343    1.687517
                             |
              public_servant |   .2147933   .0265561   -12.44   0.000     .1685706    .2736903
                   parent_10 |   .8687817   .1132241    -1.08   0.280     .6729421    1.121614
                     married |   1.474517   .1627177     3.52   0.000     1.187728    1.830554
           married_parent_10 |    .464338   .0895691    -3.98   0.000     .3181563    .6776851
                    divorced |   1.399648   .4097214     1.15   0.251     .7885789    2.484234
                     widowed |          1  (omitted)
                   part_time |   .6168059   .0444186    -6.71   0.000     .5356118    .7103082
                        erte |          1  (omitted)
                         age |          1  (omitted)
                     college |   .9649264   .0768454    -0.45   0.654     .8254782    1.127932
                      tenure |   1.048829   .0017061    29.31   0.000     1.045491    1.052179
                       _cons |   .0283568   .0189063    -5.34   0.000      .007676    .1047557
----------------------------------------------------------------------------------------------
Note: _cons estimates baseline odds.
(est8 stored)
note: age omitted because of collinearity.

Logistic regression                                     Number of obs =  8,836
                                                        Wald chi2(27) = 893.87
                                                        Prob > chi2   = 0.0000
Log pseudolikelihood = -1685724.9                       Pseudo R2     = 0.2220

----------------------------------------------------------------------------------------------
                             |               Robust
                   permanent | Odds ratio   std. err.      z    P>|z|     [95% conf. interval]
-----------------------------+----------------------------------------------------------------
                         act |
        manufactures, prim.  |   9.424843   6.231504     3.39   0.001     2.579158    34.44057
     extractive and energy.  |   17.43736   11.63125     4.29   0.000      4.71741     64.4552
         manufactures, sec.  |   14.30787   9.657212     3.94   0.000     3.811097    53.71558
               construction  |   14.82648   11.87275     3.37   0.001     3.086122    71.23003
      hospitality and sales  |   12.06306   7.737717     3.88   0.000     3.431338    42.40835
 Transport, storage and IT.  |    13.2922   8.826561     3.90   0.000     3.617134    48.84603
  Financial and prof. serv.  |    12.8599   8.341459     3.94   0.000     3.606725    45.85238
   Education and healthcare  |   11.58218   7.517145     3.77   0.000     3.245918    41.32786
             Other services  |   13.99719   8.999057     4.10   0.000     3.969973    49.35081
                             |
                         occ |
       white collar - prof.  |   1.352842   .4062468     1.01   0.314     .7509977       2.437
white collar - tech. suport  |   1.529337   .4775559     1.36   0.174     .8292853    2.820345
       white collar - other  |   1.468336   .4421316     1.28   0.202     .8138035    2.649301
     blue collar - services  |   1.381312   .4151855     1.07   0.282     .7663784    2.489661
  blue collar - agriculture  |   2.254772   1.337963     1.37   0.171      .704704     7.21437
     blue collar - artisans  |    .494694   .2449566    -1.42   0.155     .1874342    1.305643
       blue collar - equip.  |   .5704449   .2022797    -1.58   0.113     .2846936    1.143009
                  unskilled  |   1.545291   .4978229     1.35   0.177     .8218486    2.905554
                             |
              public_servant |   .2663779   .0319186   -11.04   0.000     .2106219    .3368937
                   parent_10 |   1.103446   .1265207     0.86   0.391     .8813587    1.381496
                     married |   .9727777   .1325987    -0.20   0.840     .7447094    1.270692
           married_parent_10 |   .8609068   .1764036    -0.73   0.465     .5761574    1.286385
                    divorced |    .933117   .2577493    -0.25   0.802     .5430174    1.603461
                     widowed |   2.852899   4.490178     0.67   0.505     .1304908    62.37242
                   part_time |    .624122   .0463368    -6.35   0.000      .539602    .7218807
                        erte |   .2799438   .3971078    -0.90   0.369     .0173628    4.513601
                         age |          1  (omitted)
                     college |   1.114495   .0932065     1.30   0.195     .9460004    1.313002
                      tenure |   1.040675   .0016397    25.30   0.000     1.037466    1.043894
                       _cons |   .0216414   .0152709    -5.43   0.000     .0054281    .0862826
----------------------------------------------------------------------------------------------
Note: _cons estimates baseline odds.
(est9 stored)
note: widowed != 0 predicts failure perfectly;
      widowed omitted and 1 obs not used.

note: erte != 0 predicts failure perfectly;
      erte omitted and 1 obs not used.

note: age omitted because of collinearity.

Logistic regression                                     Number of obs =  8,871
                                                        Wald chi2(25) = 902.80
                                                        Prob > chi2   = 0.0000
Log pseudolikelihood = -1619092.4                       Pseudo R2     = 0.2371

----------------------------------------------------------------------------------------------
                             |               Robust
                   permanent | Odds ratio   std. err.      z    P>|z|     [95% conf. interval]
-----------------------------+----------------------------------------------------------------
                         act |
        manufactures, prim.  |   142.7071   74.91941     9.45   0.000     51.00063    399.3149
     extractive and energy.  |   91.85546   48.86275     8.50   0.000     32.38218    260.5577
         manufactures, sec.  |   118.9244    63.6548     8.93   0.000     41.65444    339.5317
               construction  |   97.31132   55.69158     8.00   0.000     31.69699    298.7505
      hospitality and sales  |   100.3115   50.27988     9.19   0.000     37.55746    267.9198
 Transport, storage and IT.  |   86.41915   44.83468     8.60   0.000     31.26097    238.9007
  Financial and prof. serv.  |   110.2139   55.06986     9.41   0.000     41.39254    293.4612
   Education and healthcare  |   98.75115   49.50958     9.16   0.000     36.96462    263.8141
             Other services  |   115.6438   57.84943     9.50   0.000      43.3829    308.2661
                             |
                         occ |
       white collar - prof.  |   2.602527   .7629824     3.26   0.001     1.465037    4.623191
white collar - tech. suport  |   3.288105   1.006744     3.89   0.000     1.804375      5.9919
       white collar - other  |   4.045574    1.20037     4.71   0.000     2.261613    7.236722
     blue collar - services  |   2.942625   .8531642     3.72   0.000      1.66703    5.194292
  blue collar - agriculture  |   1.646545   1.053132     0.78   0.436     .4700499    5.767708
     blue collar - artisans  |   1.788607    .664713     1.56   0.118     .8633295    3.705554
       blue collar - equip.  |   1.573571    .581531     1.23   0.220      .762632    3.246815
                  unskilled  |   4.119698   1.293606     4.51   0.000       2.2263     7.62337
                             |
              public_servant |    .185065   .0256822   -12.16   0.000     .1409937    .2429121
                   parent_10 |   1.102609   .1273391     0.85   0.398     .8792594    1.382693
                     married |   1.086876   .1428202     0.63   0.526     .8400946    1.406149
           married_parent_10 |   1.053584   .2091623     0.26   0.793     .7139779    1.554725
                    divorced |   1.194237   .4325873     0.49   0.624     .5871657     2.42896
                     widowed |          1  (omitted)
                   part_time |   .6279312   .0453635    -6.44   0.000     .5450281    .7234445
                        erte |          1  (omitted)
                         age |          1  (omitted)
                     college |   1.368776   .1203797     3.57   0.000     1.152052    1.626272
                      tenure |   1.041171   .0015581    26.96   0.000     1.038122    1.044229
                       _cons |   .0009752   .0005732   -11.80   0.000     .0003082    .0030859
----------------------------------------------------------------------------------------------
Note: _cons estimates baseline odds.
(est10 stored)
note: widowed omitted because of collinearity.
note: erte omitted because of collinearity.
note: age omitted because of collinearity.

Logistic regression                                     Number of obs =  8,550
                                                        Wald chi2(25) = 885.31
                                                        Prob > chi2   = 0.0000
Log pseudolikelihood = -1622795.7                       Pseudo R2     = 0.2156

----------------------------------------------------------------------------------------------
                             |               Robust
                   permanent | Odds ratio   std. err.      z    P>|z|     [95% conf. interval]
-----------------------------+----------------------------------------------------------------
                         act |
        manufactures, prim.  |    13.7355   6.259685     5.75   0.000     5.622455    33.55543
     extractive and energy.  |   31.09744   14.58339     7.33   0.000     12.40358    77.96547
         manufactures, sec.  |   16.10291   7.756236     5.77   0.000     6.264822    41.39042
               construction  |   9.981568   5.074797     4.53   0.000     3.684967    27.03734
      hospitality and sales  |   15.18414   6.399755     6.45   0.000     6.647053    34.68578
 Transport, storage and IT.  |   11.01027   4.976781     5.31   0.000     4.539881    26.70249
  Financial and prof. serv.  |   16.80243   7.136558     6.64   0.000     7.308666    38.62834
   Education and healthcare  |   11.87837   5.069784     5.80   0.000     5.145853    27.41931
             Other services  |   14.08401   5.952863     6.26   0.000     6.151068    32.24795
                             |
                         occ |
       white collar - prof.  |   3.284301   1.051034     3.72   0.000     1.754056    6.149538
white collar - tech. suport  |   3.271496   1.072596     3.62   0.000     1.720564    6.220455
       white collar - other  |   3.943203   1.266639     4.27   0.000     2.100997    7.400702
     blue collar - services  |   3.178838   1.010855     3.64   0.000     1.704474    5.928522
  blue collar - agriculture  |   2.553354   2.694417     0.89   0.374     .3227631    20.19939
     blue collar - artisans  |   1.820057   .7844632     1.39   0.165      .782003    4.236055
       blue collar - equip.  |   1.998127   .9081374     1.52   0.128     .8198921    4.869556
                  unskilled  |   5.558203   1.834572     5.20   0.000     2.910596    10.61419
                             |
              public_servant |   .2271086   .0312923   -10.76   0.000     .1733605    .2975206
                   parent_10 |   .9789779   .1160144    -0.18   0.858     .7760697    1.234938
                     married |   1.250777   .1475196     1.90   0.058       .99263     1.57606
           married_parent_10 |   .7834428    .157391    -1.21   0.224     .5284498    1.161478
                    divorced |   .9281017   .2784575    -0.25   0.804     .5154783    1.671017
                     widowed |          1  (omitted)
                   part_time |   .6339722   .0427507    -6.76   0.000     .5554833    .7235513
                        erte |          1  (omitted)
                         age |          1  (omitted)
                     college |   1.281759   .1011375     3.15   0.002     1.098101    1.496135
                      tenure |   1.037883   .0015369    25.11   0.000     1.034875      1.0409
                       _cons |    .006715    .003549    -9.47   0.000     .0023832    .0189203
----------------------------------------------------------------------------------------------
Note: _cons estimates baseline odds.
(est11 stored)
note: widowed != 0 predicts success perfectly;
      widowed omitted and 2 obs not used.

note: erte omitted because of collinearity.
note: age omitted because of collinearity.

Logistic regression                                     Number of obs =  8,032
                                                        Wald chi2(25) = 861.88
                                                        Prob > chi2   = 0.0000
Log pseudolikelihood = -1636622.8                       Pseudo R2     = 0.2008

----------------------------------------------------------------------------------------------
                             |               Robust
                   permanent | Odds ratio   std. err.      z    P>|z|     [95% conf. interval]
-----------------------------+----------------------------------------------------------------
                         act |
        manufactures, prim.  |   5.791413   2.366005     4.30   0.000     2.600384    12.89827
     extractive and energy.  |   7.085287   3.002859     4.62   0.000     3.087482    16.25962
         manufactures, sec.  |    6.82314   2.979108     4.40   0.000     2.899573    16.05589
               construction  |   6.846632   3.217519     4.09   0.000     2.725598    17.19856
      hospitality and sales  |   6.805027   2.513444     5.19   0.000      3.29942    14.03531
 Transport, storage and IT.  |   4.887742   1.927996     4.02   0.000     2.256042    10.58935
  Financial and prof. serv.  |   5.360964   2.012851     4.47   0.000     2.568308    11.19022
   Education and healthcare  |   5.600522   2.107217     4.58   0.000     2.678926    11.70836
             Other services  |   5.523093   2.072091     4.56   0.000     2.647515    11.52196
                             |
                         occ |
       white collar - prof.  |   1.486742    .422273     1.40   0.163     .8520649    2.594172
white collar - tech. suport  |   1.833503   .5394646     2.06   0.039     1.029997    3.263829
       white collar - other  |   2.123213   .6084488     2.63   0.009     1.210779    3.723251
     blue collar - services  |   1.195842   .3408631     0.63   0.530     .6839858    2.090743
  blue collar - agriculture  |   .1565334    .118396    -2.45   0.014     .0355459    .6893251
     blue collar - artisans  |   .7145691   .2968601    -0.81   0.419      .316535     1.61312
       blue collar - equip.  |   2.199321   .8516182     2.04   0.042     1.029645    4.697749
                  unskilled  |   1.698067   .5093363     1.77   0.078     .9432709    3.056844
                             |
              public_servant |   .1501601   .0203344   -14.00   0.000      .115156    .1958045
                   parent_10 |   .9264849   .1131335    -0.63   0.532     .7292857    1.177007
                     married |   1.384541   .1704913     2.64   0.008     1.087651    1.762471
           married_parent_10 |   .7782343     .16033    -1.22   0.224     .5196941    1.165394
                    divorced |   .5887511    .193683    -1.61   0.107     .3089653    1.121899
                     widowed |          1  (omitted)
                   part_time |   .6170875   .0430711    -6.92   0.000     .5381894     .707552
                        erte |          1  (omitted)
                         age |          1  (omitted)
                     college |   1.272086   .1039014     2.95   0.003     1.083907    1.492935
                      tenure |    1.03361   .0014019    24.37   0.000     1.030866    1.036361
                       _cons |   .0418804    .019165    -6.93   0.000     .0170801     .102691
----------------------------------------------------------------------------------------------
Note: _cons estimates baseline odds.
(est12 stored)
note: erte omitted because of collinearity.
note: age omitted because of collinearity.

Logistic regression                                     Number of obs =  7,991
                                                        Wald chi2(26) = 761.37
                                                        Prob > chi2   = 0.0000
Log pseudolikelihood = -1685066.2                       Pseudo R2     = 0.1900

----------------------------------------------------------------------------------------------
                             |               Robust
                   permanent | Odds ratio   std. err.      z    P>|z|     [95% conf. interval]
-----------------------------+----------------------------------------------------------------
                         act |
        manufactures, prim.  |   4.715903   1.999923     3.66   0.000     2.053935    10.82787
     extractive and energy.  |   3.900748   1.651409     3.22   0.001     1.701318    8.943554
         manufactures, sec.  |   4.239204   1.927025     3.18   0.001     1.739208    10.33278
               construction  |   3.495502    1.65057     2.65   0.008     1.385395    8.819528
      hospitality and sales  |   5.600908   2.193949     4.40   0.000     2.599152    12.06939
 Transport, storage and IT.  |   4.744484   1.982788     3.73   0.000     2.091508    10.76263
  Financial and prof. serv.  |   5.008984   1.986628     4.06   0.000     2.302248    10.89801
   Education and healthcare  |    3.38052   1.351627     3.05   0.002     1.544007    7.401469
             Other services  |   4.110305   1.644105     3.53   0.000      1.87671     9.00225
                             |
                         occ |
       white collar - prof.  |   1.685661   .4544176     1.94   0.053     .9938134    2.859142
white collar - tech. suport  |   2.142855   .5989239     2.73   0.006     1.239035    3.705971
       white collar - other  |   2.318503   .6297549     3.10   0.002     1.361455    3.948319
     blue collar - services  |   1.206829    .317466     0.71   0.475     .7206597    2.020976
  blue collar - agriculture  |    .914848   .8370209    -0.10   0.923      .152251    5.497153
     blue collar - artisans  |   1.064672   .3883812     0.17   0.864     .5208426    2.176332
       blue collar - equip.  |   1.088805   .3984754     0.23   0.816     .5314121    2.230841
                  unskilled  |   1.529088   .4328476     1.50   0.134     .8779664    2.663096
                             |
              public_servant |   .2071937    .029321   -11.12   0.000      .157007    .2734225
                   parent_10 |   .6818978   .0865231    -3.02   0.003     .5317579     .874429
                     married |   1.336564   .1677883     2.31   0.021     1.045039    1.709413
           married_parent_10 |   1.029156   .2145913     0.14   0.890      .683905    1.548699
                    divorced |   1.150216   .4362904     0.37   0.712     .5469009    2.419079
                     widowed |   1.349663   .9884316     0.41   0.682     .3212509    5.670306
                   part_time |   .7572625   .0524155    -4.02   0.000     .6611938    .8672896
                        erte |          1  (omitted)
                         age |          1  (omitted)
                     college |   1.103033   .0899923     1.20   0.229     .9400305    1.294299
                      tenure |   1.035344   .0015344    23.44   0.000     1.032341    1.038355
                       _cons |   .0551225   .0259636    -6.15   0.000     .0218977    .1387582
----------------------------------------------------------------------------------------------
Note: _cons estimates baseline odds.
(est13 stored)
note: widowed != 0 predicts failure perfectly;
      widowed omitted and 2 obs not used.

note: erte omitted because of collinearity.
note: age omitted because of collinearity.

Logistic regression                                     Number of obs =  8,322
                                                        Wald chi2(25) = 755.06
                                                        Prob > chi2   = 0.0000
Log pseudolikelihood = -1722294.6                       Pseudo R2     = 0.1900

----------------------------------------------------------------------------------------------
                             |               Robust
                   permanent | Odds ratio   std. err.      z    P>|z|     [95% conf. interval]
-----------------------------+----------------------------------------------------------------
                         act |
        manufactures, prim.  |   3.392362   1.635598     2.53   0.011     1.318569    8.727736
     extractive and energy.  |   6.497288   3.109498     3.91   0.000     2.543084    16.59983
         manufactures, sec.  |   3.709854   1.879769     2.59   0.010      1.37422    10.01515
               construction  |   3.073433   1.627271     2.12   0.034     1.088788    8.675691
      hospitality and sales  |   5.459076    2.44697     3.79   0.000     2.267658    13.14198
 Transport, storage and IT.  |   4.766954   2.222755     3.35   0.001     1.911345    11.88893
  Financial and prof. serv.  |   6.074402   2.741017     4.00   0.000     2.508458    14.70958
   Education and healthcare  |   3.644431   1.652156     2.85   0.004     1.498817    8.861577
             Other services  |   5.354634    2.42637     3.70   0.000     2.203032    13.01484
                             |
                         occ |
       white collar - prof.  |   1.080758   .3365973     0.25   0.803     .5869829    1.989901
white collar - tech. suport  |   1.442495   .4614168     1.15   0.252     .7706143    2.700174
       white collar - other  |   1.480176   .4631258     1.25   0.210     .8016496    2.733015
     blue collar - services  |   1.058508   .3266412     0.18   0.854     .5781296    1.938043
  blue collar - agriculture  |   .1595477    .111749    -2.62   0.009     .0404296    .6296245
     blue collar - artisans  |   .5510531    .221345    -1.48   0.138      .250776     1.21088
       blue collar - equip.  |   .8945178   .3792617    -0.26   0.793     .3896662    2.053456
                  unskilled  |   .9603262   .3120733    -0.12   0.901      .507934    1.815642
                             |
              public_servant |    .231927   .0358432    -9.46   0.000     .1713178    .3139788
                   parent_10 |    .767051   .0941654    -2.16   0.031     .6030153    .9757086
                     married |   1.171758   .1517656     1.22   0.221     .9090562    1.510376
           married_parent_10 |   .9743125    .207777    -0.12   0.903     .6414684    1.479862
                    divorced |    1.33841   .4744569     0.82   0.411      .668104     2.68123
                     widowed |          1  (omitted)
                   part_time |   .5941197   .0420396    -7.36   0.000     .5171819    .6825031
                        erte |          1  (omitted)
                         age |          1  (omitted)
                     college |    1.13522   .0902664     1.60   0.111     .9713975    1.326669
                      tenure |   1.038833   .0017927    22.08   0.000     1.035325    1.042353
                       _cons |   .0732796   .0400764    -4.78   0.000     .0250879    .2140437
----------------------------------------------------------------------------------------------
Note: _cons estimates baseline odds.
(est14 stored)
note: widowed omitted because of collinearity.
note: erte omitted because of collinearity.
note: age omitted because of collinearity.

Logistic regression                                     Number of obs =  8,341
                                                        Wald chi2(25) = 580.06
                                                        Prob > chi2   = 0.0000
Log pseudolikelihood = -1776713.6                       Pseudo R2     = 0.1831

----------------------------------------------------------------------------------------------
                             |               Robust
                   permanent | Odds ratio   std. err.      z    P>|z|     [95% conf. interval]
-----------------------------+----------------------------------------------------------------
                         act |
        manufactures, prim.  |   3.594371   1.395341     3.30   0.001      1.67952    7.692382
     extractive and energy.  |   3.267541   1.279933     3.02   0.003     1.516337    7.041195
         manufactures, sec.  |   3.089228   1.255773     2.77   0.006     1.392631    6.852734
               construction  |     2.1372   1.041184     1.56   0.119     .8225526    5.552989
      hospitality and sales  |   3.243055   1.167862     3.27   0.001      1.60113    6.568738
 Transport, storage and IT.  |   3.473213   1.301947     3.32   0.001     1.665924    7.241151
  Financial and prof. serv.  |   2.984326   1.080413     3.02   0.003     1.467866    6.067449
   Education and healthcare  |   2.012915   .7314911     1.93   0.054     .9874149    4.103469
             Other services  |   3.285841   1.193835     3.27   0.001     1.612063    6.697475
                             |
                         occ |
       white collar - prof.  |   2.105852   .5548742     2.83   0.005     1.256445    3.529492
white collar - tech. suport  |   1.720768   .4727023     1.98   0.048      1.00437     2.94816
       white collar - other  |   2.057873   .5512106     2.69   0.007     1.217363    3.478698
     blue collar - services  |   1.559805   .4115286     1.69   0.092     .9300253    2.616047
  blue collar - agriculture  |   .2196228   .2205544    -1.51   0.131     .0306807    1.572134
     blue collar - artisans  |   .8110032   .2690634    -0.63   0.528     .4232751    1.553898
       blue collar - equip.  |   .7960985   .2607332    -0.70   0.486     .4189735     1.51268
                  unskilled  |    1.44156   .4088374     1.29   0.197     .8268472    2.513274
                             |
              public_servant |   .2039075   .0273838   -11.84   0.000     .1567187    .2653051
                   parent_10 |   .7861485   .0936273    -2.02   0.043     .6224863    .9928404
                     married |   .8760306   .1199969    -0.97   0.334     .6697664    1.145817
           married_parent_10 |   1.135978   .2496548     0.58   0.562     .7384156    1.747589
                    divorced |   1.448674   .5969989     0.90   0.368      .645937     3.24901
                     widowed |          1  (omitted)
                   part_time |   .6681787   .0473334    -5.69   0.000     .5815593    .7676994
                        erte |          1  (omitted)
                         age |          1  (omitted)
                     college |   1.208925   .0950545     2.41   0.016     1.036267    1.410351
                      tenure |   1.038501   .0022637    17.33   0.000     1.034074    1.042948
                       _cons |   .0892889   .0398481    -5.41   0.000     .0372324    .2141282
----------------------------------------------------------------------------------------------
Note: _cons estimates baseline odds.
(est15 stored)
note: widowed omitted because of collinearity.
note: age omitted because of collinearity.

Logistic regression                                     Number of obs =  6,695
                                                        Wald chi2(26) = 569.73
                                                        Prob > chi2   = 0.0000
Log pseudolikelihood = -1627427.8                       Pseudo R2     = 0.2088

----------------------------------------------------------------------------------------------
                             |               Robust
                   permanent | Odds ratio   std. err.      z    P>|z|     [95% conf. interval]
-----------------------------+----------------------------------------------------------------
                         act |
        manufactures, prim.  |   1.764007   .5996573     1.67   0.095     .9060297    3.434457
     extractive and energy.  |   3.083947   1.062389     3.27   0.001     1.569916    6.058113
         manufactures, sec.  |   4.208196   1.532286     3.95   0.000     2.061375    8.590826
               construction  |   1.264496   .6705139     0.44   0.658     .4472576    3.575009
      hospitality and sales  |   2.647514   .7656551     3.37   0.001      1.50201    4.666635
 Transport, storage and IT.  |   2.640427    .828715     3.09   0.002     1.427312    4.884603
  Financial and prof. serv.  |    2.55209   .7413325     3.23   0.001     1.444237     4.50976
   Education and healthcare  |    1.34583   .3971438     1.01   0.314     .7547575    2.399789
             Other services  |   1.791682   .5459948     1.91   0.056     .9859773    3.255779
                             |
                         occ |
       white collar - prof.  |    1.50141   .4822489     1.27   0.206     .8000107    2.817754
white collar - tech. suport  |   1.274189   .4222411     0.73   0.465     .6655224    2.439525
       white collar - other  |   1.120823   .3658502     0.35   0.727     .5911455      2.1251
     blue collar - services  |   1.115192   .3547948     0.34   0.732     .5977816    2.080447
  blue collar - agriculture  |   .0148102   .0172978    -3.61   0.000      .001501    .1461275
     blue collar - artisans  |   .4563268   .1936846    -1.85   0.065     .1986048    1.048485
       blue collar - equip.  |   .5057187   .2053098    -1.68   0.093     .2282135    1.120667
                  unskilled  |   .8182066   .2788066    -0.59   0.556     .4195785    1.595558
                             |
              public_servant |   .2015641   .0288469   -11.19   0.000     .1522625    .2668292
                   parent_10 |   .9121867   .1285899    -0.65   0.514     .6919756    1.202477
                     married |   1.146479   .2078298     0.75   0.451     .8036431    1.635569
           married_parent_10 |   .8544611   .2309402    -0.58   0.561     .5030755    1.451281
                    divorced |   1.618802   .4839863     1.61   0.107     .9009555    2.908603
                     widowed |          1  (omitted)
                   part_time |   .5490948   .0452117    -7.28   0.000     .4672621    .6452591
                        erte |   1.397573   .1988525     2.35   0.019     1.057456    1.847086
                         age |          1  (omitted)
                     college |   1.146827   .1079277     1.46   0.145     .9536553    1.379127
                      tenure |   1.045493   .0029119    15.97   0.000     1.039801    1.051216
                       _cons |   .1740046    .075342    -4.04   0.000     .0744733    .4065566
----------------------------------------------------------------------------------------------
Note: _cons estimates baseline odds.
(est16 stored)
note: widowed omitted because of collinearity.
note: age omitted because of collinearity.

Logistic regression                                     Number of obs =  5,984
                                                        Wald chi2(26) = 579.79
                                                        Prob > chi2   = 0.0000
Log pseudolikelihood = -1673357.4                       Pseudo R2     = 0.2238

----------------------------------------------------------------------------------------------
                             |               Robust
                   permanent | Odds ratio   std. err.      z    P>|z|     [95% conf. interval]
-----------------------------+----------------------------------------------------------------
                         act |
        manufactures, prim.  |   7.306974   3.231113     4.50   0.000     3.071425    17.38342
     extractive and energy.  |   9.551483    4.39449     4.90   0.000     3.876556    23.53399
         manufactures, sec.  |   20.02825   9.310832     6.45   0.000     8.052524    49.81427
               construction  |   14.52436   7.938836     4.90   0.000     4.975548    42.39877
      hospitality and sales  |   9.420762   3.883446     5.44   0.000     4.199543    21.13344
 Transport, storage and IT.  |   10.72439   4.590088     5.54   0.000     4.635052    24.81366
  Financial and prof. serv.  |   7.853558   3.258233     4.97   0.000     3.482776    17.70954
   Education and healthcare  |   4.503661   1.881792     3.60   0.000     1.985651    10.21477
             Other services  |   9.014898   3.866216     5.13   0.000     3.889612     20.8937
                             |
                         occ |
       white collar - prof.  |    .695416   .3231811    -0.78   0.434     .2796825    1.729116
white collar - tech. suport  |   .7406398   .3517068    -0.63   0.527     .2920101    1.878522
       white collar - other  |   .8463227   .3963647    -0.36   0.722     .3379764    2.119267
     blue collar - services  |   .5865458   .2744156    -1.14   0.254     .2344591    1.467361
  blue collar - agriculture  |   1.469214   1.473026     0.38   0.701     .2059088    10.48323
     blue collar - artisans  |   .1302367   .0805899    -3.29   0.001      .038727     .437979
       blue collar - equip.  |   .1717941   .0908626    -3.33   0.001     .0609262    .4844089
                  unskilled  |   .6375475   .3062809    -0.94   0.349     .2486515    1.634684
                             |
              public_servant |   .2202643    .037044    -9.00   0.000     .1584124    .3062662
                   parent_10 |   .8035464   .1281051    -1.37   0.170     .5879067    1.098281
                     married |    1.01754   .1956322     0.09   0.928     .6980711    1.483213
           married_parent_10 |   1.208629   .3968067     0.58   0.564     .6350877    2.300129
                    divorced |   3.402642   1.760067     2.37   0.018     1.234582    9.378055
                     widowed |          1  (omitted)
                   part_time |   .5348706    .048723    -6.87   0.000     .4474146    .6394215
                        erte |   1.856082   .9639628     1.19   0.234     .6706916    5.136552
                         age |          1  (omitted)
                     college |   1.146602   .1132859     1.38   0.166     .9447413    1.391594
                      tenure |   1.046421   .0024995    19.00   0.000     1.041533    1.051331
                       _cons |   .0798068   .0480371    -4.20   0.000     .0245294    .2596527
----------------------------------------------------------------------------------------------
Note: _cons estimates baseline odds.
(est17 stored)
note: erte != 0 predicts success perfectly;
      erte omitted and 2 obs not used.

note: widowed omitted because of collinearity.
note: age omitted because of collinearity.

Logistic regression                                     Number of obs =  5,709
                                                        Wald chi2(25) = 678.12
                                                        Prob > chi2   = 0.0000
Log pseudolikelihood = -1723022.6                       Pseudo R2     = 0.2005

----------------------------------------------------------------------------------------------
                             |               Robust
                   permanent | Odds ratio   std. err.      z    P>|z|     [95% conf. interval]
-----------------------------+----------------------------------------------------------------
                         act |
        manufactures, prim.  |    7.13652   3.249857     4.32   0.000      2.92323    17.42248
     extractive and energy.  |   7.028843   3.138846     4.37   0.000     2.929313     16.8656
         manufactures, sec.  |   8.924776   4.082237     4.79   0.000     3.641275    21.87465
               construction  |   15.39251   8.111431     5.19   0.000     5.479605    43.23837
      hospitality and sales  |   6.910565   2.714648     4.92   0.000     3.199924    14.92408
 Transport, storage and IT.  |   8.173364   3.427587     5.01   0.000     3.592861     18.5935
  Financial and prof. serv.  |   6.557734   2.593616     4.76   0.000     3.020643    14.23666
   Education and healthcare  |   4.574178   1.815763     3.83   0.000     2.100974    9.958764
             Other services  |   3.418258   1.382084     3.04   0.002     1.547546    7.550333
                             |
                         occ |
       white collar - prof.  |   .6720152   .2893517    -0.92   0.356     .2889845    1.562729
white collar - tech. suport  |   .6353537   .2788995    -1.03   0.301     .2687608    1.501984
       white collar - other  |   .9836368   .4310573    -0.04   0.970     .4166912    2.321963
     blue collar - services  |   .6140851   .2659829    -1.13   0.260     .2627494     1.43521
  blue collar - agriculture  |   .4703079   .3517371    -1.01   0.313     .1085875     2.03697
     blue collar - artisans  |   .2408906   .1249068    -2.75   0.006     .0871875    .6655576
       blue collar - equip.  |   .3100541   .1534271    -2.37   0.018     .1175518    .8177977
                  unskilled  |   .6154187   .2797037    -1.07   0.285     .2525255    1.499809
                             |
              public_servant |     .13372   .0197115   -13.65   0.000     .1001663    .1785135
                   parent_10 |   .8570707   .1340838    -0.99   0.324      .630741    1.164615
                     married |    1.89654   .4583347     2.65   0.008     1.181008    3.045586
           married_parent_10 |   .8050599   .2717559    -0.64   0.521     .4154289    1.560126
                    divorced |   2.103179   .7130266     2.19   0.028     1.082179    4.087459
                     widowed |          1  (omitted)
                   part_time |   .6972835   .0649842    -3.87   0.000     .5808721    .8370245
                        erte |          1  (omitted)
                         age |          1  (omitted)
                     college |   1.052894   .1127496     0.48   0.630     .8535588    1.298781
                      tenure |   1.039755   .0022736    17.83   0.000     1.035308    1.044221
                       _cons |   .1847661   .1074727    -2.90   0.004     .0590887    .5777498
----------------------------------------------------------------------------------------------
Note: _cons estimates baseline odds.
(est18 stored)
