note: erte != 0 predicts success perfectly;
      erte omitted and 1 obs not used.


Logistic regression                                    Number of obs =  46,251
                                                       Wald chi2(27) = 4480.33
                                                       Prob > chi2   =  0.0000
Log pseudolikelihood = -9334273.8                      Pseudo R2     =  0.1718

----------------------------------------------------------------------------------------------
                             |               Robust
                   permanent | Odds ratio   std. err.      z    P>|z|     [95% conf. interval]
-----------------------------+----------------------------------------------------------------
                         act |
        manufactures, prim.  |   6.912218   .7593111    17.60   0.000     5.573301    8.572795
     extractive and energy.  |   7.191979    .753933    18.82   0.000     5.856218    8.832418
         manufactures, sec.  |   7.998429   .8796289    18.91   0.000     6.447534    9.922378
               construction  |   2.093931   .2086831     7.42   0.000     1.722388    2.545622
      hospitality and sales  |   3.367515   .3292361    12.42   0.000     2.780283    4.078778
 Transport, storage and IT.  |   3.794841   .4000287    12.65   0.000     3.086492    4.665756
  Financial and prof. serv.  |   4.705421   .4835756    15.07   0.000     3.846986    5.755412
   Education and healthcare  |    3.19028    .370991     9.98   0.000     2.540062    4.006944
             Other services  |   3.059732   .3381225    10.12   0.000      2.46388    3.799683
                             |
                         occ |
       white collar - prof.  |   3.616598   .2592295    17.93   0.000     3.142593    4.162099
white collar - tech. suport  |   5.716989   .3910287    25.49   0.000     4.999737    6.537136
       white collar - other  |   7.720139     .65671    24.03   0.000     6.534586    9.120785
     blue collar - services  |   8.038266   .6079416    27.56   0.000     6.930829    9.322653
  blue collar - agriculture  |   2.390106   .3495942     5.96   0.000     1.794379    3.183611
     blue collar - artisans  |   3.931669   .2550282    21.11   0.000     3.462292    4.464679
       blue collar - equip.  |   5.029007   .3448764    23.55   0.000      4.39652    5.752485
                  unskilled  |   4.247477    .304286    20.19   0.000     3.691064    4.887767
                             |
              public_servant |   1.810577   .1314617     8.18   0.000      1.57041    2.087472
                   parent_15 |   1.063324   .0841101     0.78   0.438     .9106147    1.241643
                     married |   1.289633   .0609485     5.38   0.000     1.175542    1.414798
           married_parent_15 |    .895416   .0818442    -1.21   0.227      .748552    1.071094
                    divorced |   .9992118   .0986328    -0.01   0.994     .8234456    1.212496
                     widowed |   2.032187   1.346706     1.07   0.285      .554476    7.448086
                   part_time |   .3277332   .0304428   -12.01   0.000     .2731827    .3931767
                        erte |          1  (omitted)
                         age |    .971533   .0058448    -4.80   0.000     .9601446    .9830565
                     college |   1.680915   .0630733    13.84   0.000      1.56173    1.809195
                      tenure |    1.01049   .0002744    38.43   0.000     1.009953    1.011028
                       _cons |   .0812559   .0181267   -11.25   0.000     .0524767     .125818
----------------------------------------------------------------------------------------------
Note: _cons estimates baseline odds.
(est1 stored)
note: erte != 0 predicts success perfectly;
      erte omitted and 2 obs not used.


Logistic regression                                    Number of obs =  38,853
                                                       Wald chi2(27) = 4298.09
                                                       Prob > chi2   =  0.0000
Log pseudolikelihood = -7759883.5                      Pseudo R2     =  0.1768

----------------------------------------------------------------------------------------------
                             |               Robust
                   permanent | Odds ratio   std. err.      z    P>|z|     [95% conf. interval]
-----------------------------+----------------------------------------------------------------
                         act |
        manufactures, prim.  |   5.689641   .6659409    14.85   0.000     4.523311    7.156707
     extractive and energy.  |    6.21441   .6895654    16.46   0.000     4.999754    7.724159
         manufactures, sec.  |   5.333406   .6123331    14.58   0.000     4.258703    6.679313
               construction  |   1.789209   .1908014     5.46   0.000      1.45174    2.205125
      hospitality and sales  |   3.384408   .3572735    11.55   0.000     2.751858    4.162358
 Transport, storage and IT.  |   3.468412   .3918281    11.01   0.000     2.779522    4.328041
  Financial and prof. serv.  |   3.889021   .4324303    12.21   0.000     3.127469    4.836014
   Education and healthcare  |   2.970553   .3700497     8.74   0.000     2.327024    3.792047
             Other services  |   3.057697   .3857769     8.86   0.000     2.387822    3.915498
                             |
                         occ |
       white collar - prof.  |   4.489574   .3570936    18.88   0.000     3.841509    5.246967
white collar - tech. suport  |   6.440637   .4683885    25.61   0.000     5.585037     7.42731
       white collar - other  |    9.71279    .849251    26.00   0.000     8.183103    11.52842
     blue collar - services  |   7.857989   .5989226    27.05   0.000     6.767593    9.124068
  blue collar - agriculture  |   3.202145   .5352375     6.96   0.000     2.307613    4.443438
     blue collar - artisans  |   4.271723   .2901804    21.38   0.000     3.739216    4.880066
       blue collar - equip.  |   5.965523   .4314017    24.70   0.000     5.177179     6.87391
                  unskilled  |   4.578854   .3465976    20.10   0.000     3.947525    5.311152
                             |
              public_servant |   1.399539    .110175     4.27   0.000     1.199434    1.633028
                   parent_15 |   1.038929   .0801488     0.50   0.621     .8931398    1.208516
                     married |   1.169444    .054746     3.34   0.001     1.066919    1.281821
           married_parent_15 |   .9777427   .0870193    -0.25   0.800      .821235    1.164077
                    divorced |   1.189079   .0991692     2.08   0.038     1.009766    1.400235
                     widowed |   .3554036   .0947938    -3.88   0.000     .2107114    .5994538
                   part_time |   .2919661     .02906   -12.37   0.000     .2402208    .3548577
                        erte |          1  (omitted)
                         age |   .9609495   .0059893    -6.39   0.000     .9492821    .9727604
                     college |   1.763759   .0661171    15.14   0.000     1.638818    1.898225
                      tenure |   1.011395    .000297    38.58   0.000     1.010813    1.011977
                       _cons |   .1063695   .0241766    -9.86   0.000     .0681315     .166068
----------------------------------------------------------------------------------------------
Note: _cons estimates baseline odds.
(est2 stored)
note: erte omitted because of collinearity.

Logistic regression                                    Number of obs =  40,748
                                                       Wald chi2(27) = 5166.43
                                                       Prob > chi2   =  0.0000
Log pseudolikelihood = -7929512.4                      Pseudo R2     =  0.1784

----------------------------------------------------------------------------------------------
                             |               Robust
                   permanent | Odds ratio   std. err.      z    P>|z|     [95% conf. interval]
-----------------------------+----------------------------------------------------------------
                         act |
        manufactures, prim.  |   4.626598   .5031795    14.08   0.000     3.738409    5.725808
     extractive and energy.  |   5.833468   .5973312    17.22   0.000     4.772721    7.129967
         manufactures, sec.  |   5.834029   .6211562    16.57   0.000      4.73522    7.187818
               construction  |   1.540216   .1477246     4.50   0.000     1.276267    1.858753
      hospitality and sales  |   2.990188   .2865285    11.43   0.000     2.478186    3.607971
 Transport, storage and IT.  |   3.497477   .3652284    11.99   0.000     2.850146    4.291832
  Financial and prof. serv.  |   3.382665   .3382084    12.19   0.000     2.780696     4.11495
   Education and healthcare  |   2.607043   .3037235     8.22   0.000     2.074828    3.275775
             Other services  |   2.141356   .2504513     6.51   0.000      1.70268    2.693052
                             |
                         occ |
       white collar - prof.  |   4.058068   .3077108    18.47   0.000     3.497642    4.708291
white collar - tech. suport  |   6.623931   .4621747    27.10   0.000     5.777295    7.594639
       white collar - other  |   9.252133   .7852705    26.21   0.000     7.834233    10.92665
     blue collar - services  |    8.66885   .6467848    28.95   0.000     7.489506     10.0339
  blue collar - agriculture  |   2.465433   .3294189     6.75   0.000     1.897405    3.203514
     blue collar - artisans  |   4.118999    .263779    22.11   0.000     3.633131    4.669843
       blue collar - equip.  |   5.740515   .3927629    25.54   0.000     5.020097    6.564318
                  unskilled  |   3.957489    .282388    19.28   0.000     3.440979    4.551531
                             |
              public_servant |   1.450451   .1127244     4.78   0.000     1.245519    1.689101
                   parent_15 |   1.047141   .0706371     0.68   0.495      .917457    1.195157
                     married |   1.110645   .0486676     2.39   0.017      1.01924    1.210248
           married_parent_15 |   1.090485    .086767     1.09   0.276     .9330218    1.274522
                    divorced |   1.111495   .0912226     1.29   0.198     .9463407    1.305471
                     widowed |   .9126454   .4103515    -0.20   0.839     .3780746    2.203062
                   part_time |   .3710603   .0345351   -10.65   0.000     .3091875    .4453147
                        erte |          1  (omitted)
                         age |   .9810674   .0058406    -3.21   0.001     .9696864    .9925819
                     college |   1.790569   .0662282    15.75   0.000     1.665357    1.925195
                      tenure |   1.011128   .0002801    39.95   0.000     1.010579    1.011677
                       _cons |   .0695274    .015254   -12.15   0.000     .0452279    .1068822
----------------------------------------------------------------------------------------------
Note: _cons estimates baseline odds.
(est3 stored)

Logistic regression                                    Number of obs =  39,522
                                                       Wald chi2(28) = 4551.22
                                                       Prob > chi2   =  0.0000
Log pseudolikelihood = -7928986.2                      Pseudo R2     =  0.1651

----------------------------------------------------------------------------------------------
                             |               Robust
                   permanent | Odds ratio   std. err.      z    P>|z|     [95% conf. interval]
-----------------------------+----------------------------------------------------------------
                         act |
        manufactures, prim.  |   5.497615   .6774176    13.83   0.000     4.318064    6.999381
     extractive and energy.  |    8.18375   .9548576    18.02   0.000     6.510832    10.28651
         manufactures, sec.  |    6.91927   .8328873    16.07   0.000     5.465115    8.760345
               construction  |   2.254725   .2521475     7.27   0.000     1.810936    2.807269
      hospitality and sales  |    3.90029   .4353647    12.19   0.000     3.133882    4.854127
 Transport, storage and IT.  |   4.757826   .5536591    13.40   0.000     3.787528    5.976698
  Financial and prof. serv.  |   3.786082   .4299497    11.72   0.000     3.030589    4.729911
   Education and healthcare  |   3.988939   .5111844    10.80   0.000     3.102955    5.127896
             Other services  |   2.946696   .4107064     7.75   0.000     2.242312     3.87235
                             |
                         occ |
       white collar - prof.  |   3.938048   .2824053    19.11   0.000     3.421682    4.532338
white collar - tech. suport  |   5.630264   .3769709    25.81   0.000     4.937841    6.419784
       white collar - other  |   11.44703   1.005765    27.74   0.000     9.636163     13.5982
     blue collar - services  |   7.887067   .5718269    28.49   0.000     6.842296    9.091368
  blue collar - agriculture  |   2.135791   .2976635     5.44   0.000     1.625277    2.806661
     blue collar - artisans  |   3.591216   .2230836    20.58   0.000     3.179549    4.056183
       blue collar - equip.  |   5.199832   .3426256    25.02   0.000     4.569853    5.916657
                  unskilled  |   4.007832   .2831846    19.65   0.000     3.489518    4.603133
                             |
              public_servant |   1.160917   .0911456     1.90   0.057      .995341    1.354037
                   parent_15 |   .9853441   .0639775    -0.23   0.820     .8676013    1.119066
                     married |   1.216268   .0547745     4.35   0.000     1.113514    1.328504
           married_parent_15 |   1.000535   .0786688     0.01   0.995     .8576403    1.167239
                    divorced |   .8858003    .076778    -1.40   0.162     .7474062     1.04982
                     widowed |   .9017496   .5404355    -0.17   0.863     .2785767    2.918953
                   part_time |   .3419833   .0297361   -12.34   0.000     .2883974    .4055259
                        erte |   .5627564   .4029477    -0.80   0.422     .1383053    2.289824
                         age |   .9803823   .0058349    -3.33   0.001     .9690125    .9918855
                     college |   1.749622   .0658619    14.86   0.000     1.625182     1.88359
                      tenure |   1.010691   .0002816    38.16   0.000     1.010139    1.011243
                       _cons |   .0665008   .0147788   -12.20   0.000      .043019       .1028
----------------------------------------------------------------------------------------------
Note: _cons estimates baseline odds.
(est4 stored)

Logistic regression                                    Number of obs =  37,256
                                                       Wald chi2(28) = 4080.70
                                                       Prob > chi2   =  0.0000
Log pseudolikelihood = -6982994                        Pseudo R2     =  0.1771

----------------------------------------------------------------------------------------------
                             |               Robust
                   permanent | Odds ratio   std. err.      z    P>|z|     [95% conf. interval]
-----------------------------+----------------------------------------------------------------
                         act |
        manufactures, prim.  |   8.348942   1.000861    17.70   0.000     6.600706    10.56021
     extractive and energy.  |   11.10078   1.254504    21.30   0.000     8.895263    13.85314
         manufactures, sec.  |   10.12171   1.194795    19.61   0.000     8.031108    12.75651
               construction  |   3.222351   .3441191    10.96   0.000     2.613797     3.97259
      hospitality and sales  |   5.219363   .5550269    15.54   0.000     4.237413    6.428864
 Transport, storage and IT.  |   7.198074   .8047492    17.65   0.000     5.781645    8.961509
  Financial and prof. serv.  |   5.539417   .5988287    15.84   0.000     4.481738    6.846706
   Education and healthcare  |    5.63479   .6924562    14.07   0.000     4.428677    7.169377
             Other services  |   3.125341   .4114672     8.66   0.000     2.414528    4.045409
                             |
                         occ |
       white collar - prof.  |   4.478939   .3277502    20.49   0.000     3.880501    5.169667
white collar - tech. suport  |   6.691987   .4686489    27.14   0.000     5.833703    7.676547
       white collar - other  |    12.4024   1.109906    28.14   0.000     10.40712    14.78022
     blue collar - services  |   10.74004   .7974549    31.97   0.000     9.285463    12.42247
  blue collar - agriculture  |   4.360165   .6084867    10.55   0.000      3.31675    5.731827
     blue collar - artisans  |   4.625935    .298937    23.70   0.000     4.075615    5.250562
       blue collar - equip.  |   6.741854    .474127    27.14   0.000     5.873782    7.738216
                  unskilled  |   5.957958   .4413151    24.09   0.000     5.152852    6.888859
                             |
              public_servant |   .8213681   .0620508    -2.60   0.009     .7083261    .9524505
                   parent_15 |   1.039133   .0681044     0.59   0.558     .9138686    1.181568
                     married |   1.238043   .0600744     4.40   0.000     1.125725    1.361567
           married_parent_15 |   .8268956   .0667253    -2.36   0.018     .7059338    .9685842
                    divorced |    .843817   .0765758    -1.87   0.061     .7063213    1.008078
                     widowed |    .354387   .1211806    -3.03   0.002     .1813069    .6926938
                   part_time |   .3789328   .0316293   -11.63   0.000     .3217457    .4462842
                        erte |   1.556896   .7280882     0.95   0.344     .6225756    3.893384
                         age |   .9859232   .0062063    -2.25   0.024     .9738337    .9981628
                     college |   1.995877   .0801191    17.22   0.000     1.844865     2.15925
                      tenure |   1.011766   .0003129    37.82   0.000     1.011152    1.012379
                       _cons |   .0345214   .0079113   -14.69   0.000     .0220301    .0540953
----------------------------------------------------------------------------------------------
Note: _cons estimates baseline odds.
(est5 stored)

Logistic regression                                    Number of obs =  36,982
                                                       Wald chi2(28) = 4074.27
                                                       Prob > chi2   =  0.0000
Log pseudolikelihood = -6802865.6                      Pseudo R2     =  0.1821

----------------------------------------------------------------------------------------------
                             |               Robust
                   permanent | Odds ratio   std. err.      z    P>|z|     [95% conf. interval]
-----------------------------+----------------------------------------------------------------
                         act |
        manufactures, prim.  |   7.161499   .7846945    17.97   0.000     5.777457    8.877101
     extractive and energy.  |   8.188034   .8447571    20.38   0.000     6.689004      10.023
         manufactures, sec.  |   8.325099     .89107    19.80   0.000     6.749658    10.26826
               construction  |   2.433366   .2357874     9.18   0.000     2.012464    2.942299
      hospitality and sales  |   4.228834   .4008536    15.21   0.000     3.511841    5.092213
 Transport, storage and IT.  |   5.598842   .5658462    17.04   0.000     4.592737    6.825348
  Financial and prof. serv.  |   5.116581   .4984493    16.76   0.000     4.227242    6.193021
   Education and healthcare  |   5.129027    .570663    14.69   0.000     4.124099    6.378828
             Other services  |   2.965637   .3603885     8.95   0.000     2.337108      3.7632
                             |
                         occ |
       white collar - prof.  |   5.321278   .4110619    21.64   0.000     4.573637    6.191133
white collar - tech. suport  |   7.832197   .5858837    27.51   0.000     6.764098    9.068957
       white collar - other  |   11.30786   1.020901    26.87   0.000      9.47397    13.49674
     blue collar - services  |   9.990916   .7823396    29.39   0.000     8.569429     11.6482
  blue collar - agriculture  |   3.685511    .468556    10.26   0.000     2.872636    4.728408
     blue collar - artisans  |   5.117826   .3573115    23.39   0.000      4.46331    5.868321
       blue collar - equip.  |    7.77409   .5796891    27.50   0.000     6.717044    8.997481
                  unskilled  |   5.394985   .4233299    21.48   0.000     4.625927    6.291899
                             |
              public_servant |   .8789145   .0630725    -1.80   0.072     .7635947     1.01165
                   parent_15 |   .8800667   .0554408    -2.03   0.043     .7778452    .9957217
                     married |   1.206013   .0601261     3.76   0.000     1.093743    1.329808
           married_parent_15 |   1.066191   .0846073     0.81   0.419     .9126164     1.24561
                    divorced |   1.013981   .1026654     0.14   0.891     .8314689    1.236556
                     widowed |   .5295684   .2008385    -1.68   0.094     .2518282    1.113627
                   part_time |    .288502   .0238038   -15.07   0.000     .2454243    .3391409
                        erte |   1.270721   .6071098     0.50   0.616     .4981652    3.241358
                         age |   .9693802   .0062214    -4.85   0.000     .9572628     .981651
                     college |   1.717028   .0685038    13.55   0.000     1.587879    1.856682
                      tenure |    1.01182   .0003234    36.76   0.000     1.011186    1.012454
                       _cons |   .0662845   .0152135   -11.82   0.000     .0422714    .1039389
----------------------------------------------------------------------------------------------
Note: _cons estimates baseline odds.
(est6 stored)

Logistic regression                                    Number of obs =  34,795
                                                       Wald chi2(28) = 3685.95
                                                       Prob > chi2   =  0.0000
Log pseudolikelihood = -6744715.2                      Pseudo R2     =  0.1645

----------------------------------------------------------------------------------------------
                             |               Robust
                   permanent | Odds ratio   std. err.      z    P>|z|     [95% conf. interval]
-----------------------------+----------------------------------------------------------------
                         act |
        manufactures, prim.  |   5.820771   .6420849    15.97   0.000     4.689053    7.225634
     extractive and energy.  |   7.148952   .7332238    19.18   0.000     5.847092    8.740673
         manufactures, sec.  |   5.133005   .5403305    15.54   0.000     4.176084    6.309199
               construction  |   1.696753   .1651865     5.43   0.000     1.402008    2.053463
      hospitality and sales  |   3.541014   .3355047    13.34   0.000     2.940883    4.263609
 Transport, storage and IT.  |   4.023896   .4082924    13.72   0.000     3.298207    4.909255
  Financial and prof. serv.  |   3.581413   .3468778    13.17   0.000     2.962179    4.330097
   Education and healthcare  |   3.385555   .3802055    10.86   0.000     2.716677    4.219118
             Other services  |    2.27636   .2826323     6.63   0.000     1.784662    2.903527
                             |
                         occ |
       white collar - prof.  |   2.286793   .1906663     9.92   0.000     1.942031     2.69276
white collar - tech. suport  |   3.375715   .2809753    14.62   0.000     2.867587    3.973882
       white collar - other  |   4.929289   .4713646    16.68   0.000     4.086843    5.945394
     blue collar - services  |   2.669374   .2269482    11.55   0.000     2.259649    3.153392
  blue collar - agriculture  |   .9914955   .1310471    -0.06   0.948     .7652204     1.28468
     blue collar - artisans  |   2.156776   .1741448     9.52   0.000     1.841095    2.526583
       blue collar - equip.  |   3.281204   .2832278    13.77   0.000     2.770505    3.886042
                  unskilled  |   2.420926   .2179033     9.82   0.000     2.029394    2.887997
                             |
              public_servant |   1.326832   .1008924     3.72   0.000     1.143117    1.540074
                   parent_15 |   .9506779   .0597259    -0.81   0.421     .8405374    1.075251
                     married |   1.385362   .0703768     6.42   0.000      1.25407    1.530399
           married_parent_15 |   .8222181   .0657909    -2.45   0.014     .7028732    .9618273
                    divorced |    1.02337   .0980762     0.24   0.810     .8481187    1.234835
                     widowed |   1.287558   .5742084     0.57   0.571     .5372282    3.085848
                   part_time |   .2778837   .0218573   -16.28   0.000     .2381829    .3242018
                        erte |   4.612008   3.429416     2.06   0.040     1.073866    19.80752
                         age |    .946126   .0062617    -8.37   0.000     .9339325    .9584787
                     college |    1.49894   .0598136    10.14   0.000     1.386175    1.620879
                      tenure |   1.012094   .0003192    38.11   0.000     1.011468     1.01272
                       _cons |   .4273348   .1024922    -3.54   0.000     .2670642     .683787
----------------------------------------------------------------------------------------------
Note: _cons estimates baseline odds.
(est7 stored)

Logistic regression                                    Number of obs =  31,921
                                                       Wald chi2(28) = 3328.84
                                                       Prob > chi2   =  0.0000
Log pseudolikelihood = -6192459.5                      Pseudo R2     =  0.1699

----------------------------------------------------------------------------------------------
                             |               Robust
                   permanent | Odds ratio   std. err.      z    P>|z|     [95% conf. interval]
-----------------------------+----------------------------------------------------------------
                         act |
        manufactures, prim.  |   8.303153   .9949805    17.66   0.000     6.565112    10.50132
     extractive and energy.  |   8.685178   .9762594    19.23   0.000     6.967857    10.82576
         manufactures, sec.  |     8.2852   .9526818    18.39   0.000      6.61343    10.37957
               construction  |   2.079464   .2186738     6.96   0.000     1.692155    2.555422
      hospitality and sales  |    4.76018   .4807789    15.45   0.000     3.905277    5.802229
 Transport, storage and IT.  |   6.397432   .6844162    17.35   0.000     5.187303    7.889868
  Financial and prof. serv.  |   5.575459   .5619906    17.05   0.000     4.575956    6.793277
   Education and healthcare  |    6.44022   .7946314    15.10   0.000     5.056786    8.202134
             Other services  |   3.667794   .4606979    10.35   0.000     2.867402    4.691602
                             |
                         occ |
       white collar - prof.  |   2.107317   .1907788     8.23   0.000     1.764693    2.516462
white collar - tech. suport  |   3.196426   .2908968    12.77   0.000     2.674234    3.820585
       white collar - other  |   5.388688   .5916185    15.34   0.000     4.345407    6.682447
     blue collar - services  |   2.458659   .2297368     9.63   0.000     2.047209    2.952803
  blue collar - agriculture  |   1.273707   .1719798     1.79   0.073     .9775472    1.659592
     blue collar - artisans  |    1.93231   .1732459     7.35   0.000     1.620915    2.303527
       blue collar - equip.  |   2.848813   .2756768    10.82   0.000     2.356645    3.443768
                  unskilled  |   2.732174   .2682908    10.24   0.000      2.25384    3.312025
                             |
              public_servant |    1.11045   .0926707     1.26   0.209     .9428951    1.307779
                   parent_15 |   1.023471   .0673974     0.35   0.725     .8995442    1.164471
                     married |   1.255115   .0714171     3.99   0.000     1.122664    1.403194
           married_parent_15 |   .8515562   .0740378    -1.85   0.065     .7181355    1.009765
                    divorced |   .8495326   .0833715    -1.66   0.097     .7008819    1.029711
                     widowed |   1.718213   .7650529     1.22   0.224     .7179102    4.112289
                   part_time |   .3664131   .0268322   -13.71   0.000     .3174227    .4229646
                        erte |   4.164226   2.419044     2.46   0.014     1.333712    13.00189
                         age |   .9474052    .006718    -7.62   0.000     .9343292    .9606642
                     college |   1.483176   .0629877     9.28   0.000     1.364721    1.611914
                      tenure |   1.012684   .0003607    35.39   0.000     1.011977    1.013391
                       _cons |     .29934   .0762582    -4.73   0.000     .1816842    .4931876
----------------------------------------------------------------------------------------------
Note: _cons estimates baseline odds.
(est8 stored)

Logistic regression                                    Number of obs =  30,442
                                                       Wald chi2(28) = 3228.79
                                                       Prob > chi2   =  0.0000
Log pseudolikelihood = -5971903.7                      Pseudo R2     =  0.1699

----------------------------------------------------------------------------------------------
                             |               Robust
                   permanent | Odds ratio   std. err.      z    P>|z|     [95% conf. interval]
-----------------------------+----------------------------------------------------------------
                         act |
        manufactures, prim.  |   11.54088   1.529026    18.46   0.000     8.901538     14.9628
     extractive and energy.  |   9.738546   1.199568    18.48   0.000     7.649717    12.39775
         manufactures, sec.  |   11.65521   1.464886    19.54   0.000     9.110385    14.91088
               construction  |   3.129288   .3750484     9.52   0.000     2.474162    3.957882
      hospitality and sales  |    5.09162   .5774605    14.35   0.000     4.076786    6.359077
 Transport, storage and IT.  |   7.502088   .8906853    16.97   0.000     5.944608    9.467625
  Financial and prof. serv.  |   5.425153   .6244369    14.69   0.000     4.329506    6.798069
   Education and healthcare  |   7.155424   .9326131    15.10   0.000     5.542334    9.238001
             Other services  |   6.078255   .8516085    12.88   0.000     4.618695    7.999053
                             |
                         occ |
       white collar - prof.  |   1.886566   .1733593     6.91   0.000     1.575628    2.258864
white collar - tech. suport  |   2.661393   .2494021    10.45   0.000     2.214838    3.197983
       white collar - other  |   5.404497   .6048696    15.08   0.000     4.339994      6.7301
     blue collar - services  |   2.275141   .2157775     8.67   0.000     1.889205    2.739917
  blue collar - agriculture  |   1.317427   .1971278     1.84   0.065     .9825633    1.766415
     blue collar - artisans  |   1.637041   .1552249     5.20   0.000     1.359403    1.971382
       blue collar - equip.  |   2.533952   .2498504     9.43   0.000     2.088666     3.07417
                  unskilled  |   2.689381   .2749957     9.68   0.000     2.200975    3.286168
                             |
              public_servant |   1.420021   .1144799     4.35   0.000     1.212474    1.663096
                   parent_15 |   1.110803    .068121     1.71   0.087     .9850002    1.252673
                     married |   1.143378     .06682     2.29   0.022     1.019636    1.282138
           married_parent_15 |   .8220479   .0694692    -2.32   0.020     .6965692    .9701301
                    divorced |   .7411843   .0767702    -2.89   0.004     .6050073    .9080124
                     widowed |   .7778564   .3271703    -0.60   0.550     .3410985    1.773859
                   part_time |   .3972195   .0267976   -13.69   0.000     .3480215    .4533724
                        erte |   7.659975   6.062747     2.57   0.010     1.623735    36.13597
                         age |   .9655108   .0068436    -4.95   0.000     .9521903    .9790176
                     college |     1.4802   .0642181     9.04   0.000     1.359538    1.611572
                      tenure |   1.012608   .0003572    35.52   0.000     1.011908    1.013309
                       _cons |   .1427135   .0377239    -7.37   0.000     .0850089    .2395886
----------------------------------------------------------------------------------------------
Note: _cons estimates baseline odds.
(est9 stored)

Logistic regression                                    Number of obs =  30,180
                                                       Wald chi2(28) = 3133.23
                                                       Prob > chi2   =  0.0000
Log pseudolikelihood = -5989210.8                      Pseudo R2     =  0.1581

----------------------------------------------------------------------------------------------
                             |               Robust
                   permanent | Odds ratio   std. err.      z    P>|z|     [95% conf. interval]
-----------------------------+----------------------------------------------------------------
                         act |
        manufactures, prim.  |   6.890913   .8786948    15.14   0.000     5.367052    8.847442
     extractive and energy.  |   7.060711   .8499885    16.24   0.000     5.576714    8.939609
         manufactures, sec.  |   8.361843   1.040712    17.06   0.000     6.551817    10.67191
               construction  |   2.558423   .3037981     7.91   0.000     2.027202    3.228849
      hospitality and sales  |   4.073335   .4583497    12.48   0.000     3.267151    5.078449
 Transport, storage and IT.  |   5.148442   .6043499    13.96   0.000     4.090322    6.480285
  Financial and prof. serv.  |   4.127624    .474456    12.33   0.000     3.295015    5.170622
   Education and healthcare  |   4.729208     .61688    11.91   0.000     3.662328    6.106882
             Other services  |   4.486301   .6007715    11.21   0.000     3.450658     5.83277
                             |
                         occ |
       white collar - prof.  |   1.727697   .1762172     5.36   0.000     1.414649    2.110018
white collar - tech. suport  |   2.701125   .2766375     9.70   0.000     2.209878    3.301574
       white collar - other  |    4.84068   .5763714    13.24   0.000     3.833146    6.113043
     blue collar - services  |   2.322089   .2385545     8.20   0.000     1.898596    2.840044
  blue collar - agriculture  |   1.336361   .2125468     1.82   0.068     .9784554    1.825183
     blue collar - artisans  |   1.689511   .1709926     5.18   0.000     1.385519    2.060202
       blue collar - equip.  |   2.074209   .2185444     6.92   0.000     1.687204    2.549984
                  unskilled  |   2.253196   .2450417     7.47   0.000     1.820657    2.788493
                             |
              public_servant |   1.267029   .1026471     2.92   0.003     1.081004    1.485066
                   parent_15 |   1.153257   .0685113     2.40   0.016       1.0265    1.295667
                     married |   1.137487   .0663475     2.21   0.027     1.014606     1.27525
           married_parent_15 |   .8726507   .0725154    -1.64   0.101     .7414936    1.027007
                    divorced |   .8591151   .0895704    -1.46   0.145     .7003354    1.053893
                     widowed |   .1331833   .0687887    -3.90   0.000     .0483957    .3665155
                   part_time |   .4457081    .028858   -12.48   0.000      .392589    .5060143
                        erte |   5.092628   4.554153     1.82   0.069     .8825577    29.38602
                         age |    .948793    .006639    -7.51   0.000     .9358695    .9618949
                     college |   1.523982   .0633396    10.14   0.000     1.404761    1.653322
                      tenure |   1.012893    .000344    37.72   0.000     1.012219    1.013568
                       _cons |   .3308124   .0876327    -4.18   0.000     .1968327    .5559891
----------------------------------------------------------------------------------------------
Note: _cons estimates baseline odds.
(est10 stored)

Logistic regression                                    Number of obs =  29,125
                                                       Wald chi2(28) = 3060.47
                                                       Prob > chi2   =  0.0000
Log pseudolikelihood = -5953330.4                      Pseudo R2     =  0.1731

----------------------------------------------------------------------------------------------
                             |               Robust
                   permanent | Odds ratio   std. err.      z    P>|z|     [95% conf. interval]
-----------------------------+----------------------------------------------------------------
                         act |
        manufactures, prim.  |   5.424519   .6612034    13.87   0.000      4.27176    6.888355
     extractive and energy.  |   7.007784   .7943631    17.18   0.000     5.611684     8.75121
         manufactures, sec.  |   6.216098   .7346224    15.46   0.000     4.930856    7.836342
               construction  |   2.011987   .2275785     6.18   0.000     1.611925    2.511341
      hospitality and sales  |   4.000468   .4279486    12.96   0.000     3.243798    4.933644
 Transport, storage and IT.  |   6.039855   .6766003    16.05   0.000     4.849229    7.522814
  Financial and prof. serv.  |   4.388981   .4750202    13.67   0.000     3.550079     5.42612
   Education and healthcare  |   3.978725   .5046114    10.89   0.000     3.103047    5.101521
             Other services  |   3.972807   .5115343    10.71   0.000     3.086724    5.113253
                             |
                         occ |
       white collar - prof.  |    2.77427   .2919971     9.69   0.000     2.257139    3.409882
white collar - tech. suport  |   3.837016   .4014528    12.85   0.000     3.125615    4.710333
       white collar - other  |    5.62435   .6818328    14.25   0.000     4.434884    7.132839
     blue collar - services  |   3.306564   .3458278    11.43   0.000     2.693712    4.058846
  blue collar - agriculture  |    1.41573   .2157422     2.28   0.023     1.050186     1.90851
     blue collar - artisans  |   2.643266   .2714055     9.47   0.000      2.16143    3.232515
       blue collar - equip.  |   3.104242   .3337464    10.54   0.000     2.514434      3.8324
                  unskilled  |   2.943314   .3226972     9.85   0.000     2.374177    3.648885
                             |
              public_servant |   1.065424   .0951006     0.71   0.478     .8944243    1.269116
                   parent_15 |   1.183897   .0683776     2.92   0.003     1.057186    1.325794
                     married |   1.074722   .0632593     1.22   0.221     .9576209    1.206143
           married_parent_15 |    .919292   .0762636    -1.01   0.310     .7813375    1.081604
                    divorced |   .9943222   .0963306    -0.06   0.953     .8223604    1.202243
                     widowed |   .2700835   .1090334    -3.24   0.001     .1224238    .5958408
                   part_time |   .4539103    .029104   -12.32   0.000     .4003063    .5146923
                        erte |   1.687375   1.277942     0.69   0.490     .3824282    7.445146
                         age |    .970024   .0067108    -4.40   0.000     .9569599    .9832664
                     college |   1.466211   .0604133     9.29   0.000     1.352458    1.589532
                      tenure |   1.013739   .0003526    39.23   0.000     1.013048     1.01443
                       _cons |   .1081229   .0287454    -8.37   0.000     .0642124     .182061
----------------------------------------------------------------------------------------------
Note: _cons estimates baseline odds.
(est11 stored)

Logistic regression                                    Number of obs =  27,886
                                                       Wald chi2(28) = 3071.31
                                                       Prob > chi2   =  0.0000
Log pseudolikelihood = -5892122.8                      Pseudo R2     =  0.1582

----------------------------------------------------------------------------------------------
                             |               Robust
                   permanent | Odds ratio   std. err.      z    P>|z|     [95% conf. interval]
-----------------------------+----------------------------------------------------------------
                         act |
        manufactures, prim.  |   6.210085   .7341169    15.45   0.000     4.925767    7.829268
     extractive and energy.  |   7.636881   .8493368    18.28   0.000     6.141147    9.496914
         manufactures, sec.  |   6.158411    .693841    16.13   0.000     4.938188    7.680152
               construction  |   1.936938   .2132905     6.00   0.000     1.560931     2.40352
      hospitality and sales  |   4.433007   .4560758    14.47   0.000     3.623475    5.423399
 Transport, storage and IT.  |   5.244952   .5738426    15.15   0.000     4.232654    6.499355
  Financial and prof. serv.  |   4.332664   .4514607    14.07   0.000     3.532323    5.314344
   Education and healthcare  |   3.877237   .4762096    11.03   0.000     3.047727    4.932516
             Other services  |   3.883194   .5229119    10.07   0.000     2.982401    5.056058
                             |
                         occ |
       white collar - prof.  |   2.215607   .2411405     7.31   0.000     1.789989    2.742428
white collar - tech. suport  |   3.598802   .3955039    11.65   0.000     2.901429    4.463792
       white collar - other  |   5.122223   .6198566    13.50   0.000     4.040656    6.493295
     blue collar - services  |   3.050303   .3306092    10.29   0.000     2.466522    3.772255
  blue collar - agriculture  |    1.51569   .2474906     2.55   0.011     1.100579    2.087371
     blue collar - artisans  |   2.276152   .2443845     7.66   0.000     1.844208    2.809264
       blue collar - equip.  |   2.435794   .2743457     7.90   0.000       1.9533    3.037471
                  unskilled  |   2.864572   .3264802     9.23   0.000     2.291114    3.581563
                             |
              public_servant |   1.147266    .097433     1.62   0.106     .9713476    1.355044
                   parent_15 |   1.201785   .0671076     3.29   0.001     1.077199    1.340781
                     married |   1.166183    .068981     2.60   0.009     1.038525    1.309532
           married_parent_15 |   .8714703   .0712725    -1.68   0.093     .7423996    1.022981
                    divorced |   .9956442   .0970942    -0.04   0.964     .8224241    1.205348
                     widowed |   .0998991   .0566622    -4.06   0.000     .0328674    .3036395
                   part_time |   .5020174   .0318158   -10.87   0.000     .4433769    .5684136
                        erte |   .5922472   .5268693    -0.59   0.556     .1035775    3.386419
                         age |   .9806645   .0066735    -2.87   0.004     .9676715    .9938319
                     college |   1.458142    .062021     8.87   0.000     1.341512    1.584912
                      tenure |   1.012786   .0003385    38.01   0.000     1.012123    1.013449
                       _cons |   .0915005   .0240262    -9.11   0.000     .0546909    .1530846
----------------------------------------------------------------------------------------------
Note: _cons estimates baseline odds.
(est12 stored)
note: erte != 0 predicts failure perfectly;
      erte omitted and 1 obs not used.


Logistic regression                                    Number of obs =  27,376
                                                       Wald chi2(27) = 2856.39
                                                       Prob > chi2   =  0.0000
Log pseudolikelihood = -5897085.3                      Pseudo R2     =  0.1428

----------------------------------------------------------------------------------------------
                             |               Robust
                   permanent | Odds ratio   std. err.      z    P>|z|     [95% conf. interval]
-----------------------------+----------------------------------------------------------------
                         act |
        manufactures, prim.  |   4.933878   .5687795    13.85   0.000     3.936059    6.184652
     extractive and energy.  |   5.653331    .618614    15.83   0.000      4.56207    7.005625
         manufactures, sec.  |    4.43818   .4926734    13.42   0.000     3.570382    5.516899
               construction  |   1.649804   .1803808     4.58   0.000     1.331577    2.044081
      hospitality and sales  |   3.159694    .321093    11.32   0.000     2.589075    3.856074
 Transport, storage and IT.  |   4.287864   .4618265    13.52   0.000     3.471858     5.29566
  Financial and prof. serv.  |   3.124287   .3271899    10.88   0.000     2.544539    3.836125
   Education and healthcare  |   3.191362   .3821517     9.69   0.000     2.523761    4.035559
             Other services  |   1.998636   .2493793     5.55   0.000      1.56504    2.552362
                             |
                         occ |
       white collar - prof.  |   1.605134   .1598298     4.75   0.000     1.320546    1.951053
white collar - tech. suport  |   2.551539   .2559835     9.34   0.000     2.096067    3.105983
       white collar - other  |    3.41712   .3815326    11.01   0.000     2.745496    4.253042
     blue collar - services  |   2.416633   .2415112     8.83   0.000     1.986754    2.939525
  blue collar - agriculture  |   .8760695   .1361833    -0.85   0.395     .6459828    1.188109
     blue collar - artisans  |   1.741792   .1733618     5.58   0.000     1.433097    2.116981
       blue collar - equip.  |   1.957841   .2020884     6.51   0.000      1.59925    2.396837
                  unskilled  |   1.839823   .1941168     5.78   0.000     1.496122    2.262481
                             |
              public_servant |   .9727756   .0764161    -0.35   0.725      .833963    1.134693
                   parent_15 |    1.09082   .0610114     1.55   0.120     .9775613    1.217201
                     married |   1.125755   .0658104     2.03   0.043     1.003884    1.262421
           married_parent_15 |   1.052078   .0856017     0.62   0.533     .8969957    1.233972
                    divorced |    1.26223   .1348573     2.18   0.029     1.023754    1.556257
                     widowed |   .1620004   .1736436    -1.70   0.089     .0198216     1.32402
                   part_time |   .5448482   .0353929    -9.35   0.000     .4797136    .6188265
                        erte |          1  (omitted)
                         age |   .9710436   .0065937    -4.33   0.000     .9582059    .9840534
                     college |   1.561952   .0654991    10.63   0.000      1.43871    1.695751
                      tenure |   1.011705   .0003273    35.97   0.000     1.011064    1.012347
                       _cons |   .2268488   .0581708    -5.79   0.000     .1372344    .3749816
----------------------------------------------------------------------------------------------
Note: _cons estimates baseline odds.
(est13 stored)
note: erte omitted because of collinearity.

Logistic regression                                    Number of obs =  27,294
                                                       Wald chi2(27) = 2766.53
                                                       Prob > chi2   =  0.0000
Log pseudolikelihood = -5691216.6                      Pseudo R2     =  0.1500

----------------------------------------------------------------------------------------------
                             |               Robust
                   permanent | Odds ratio   std. err.      z    P>|z|     [95% conf. interval]
-----------------------------+----------------------------------------------------------------
                         act |
        manufactures, prim.  |   4.485894   .5176971    13.01   0.000     3.577796     5.62448
     extractive and energy.  |   5.260544    .583629    14.96   0.000     4.232476    6.538331
         manufactures, sec.  |   4.811442   .5376108    14.06   0.000     3.865142    5.989423
               construction  |   1.629488   .1778704     4.47   0.000     1.315637    2.018208
      hospitality and sales  |   3.369979   .3396001    12.06   0.000     2.765985    4.105865
 Transport, storage and IT.  |   4.608617   .4931638    14.28   0.000     3.736666    5.684037
  Financial and prof. serv.  |   2.821858   .3024156     9.68   0.000     2.287245    3.481429
   Education and healthcare  |   3.483106   .4086246    10.64   0.000     2.767624    4.383555
             Other services  |   2.313614   .2897009     6.70   0.000     1.810119    2.957159
                             |
                         occ |
       white collar - prof.  |   1.731423   .1858471     5.11   0.000     1.402934    2.136826
white collar - tech. suport  |   2.554695   .2758476     8.69   0.000     2.067422    3.156814
       white collar - other  |   4.119417   .5014898    11.63   0.000     3.244981    5.229491
     blue collar - services  |   2.291587   .2471002     7.69   0.000     1.855035    2.830876
  blue collar - agriculture  |   .9617148   .1586436    -0.24   0.813     .6960378      1.3288
     blue collar - artisans  |    2.04614   .2170411     6.75   0.000     1.662055    2.518983
       blue collar - equip.  |   2.032709   .2245029     6.42   0.000     1.637058    2.523983
                  unskilled  |   1.783391   .1988786     5.19   0.000     1.433254    2.219066
                             |
              public_servant |   .6738763   .0507343    -5.24   0.000     .5814275    .7810246
                   parent_15 |   1.310809   .0695085     5.10   0.000     1.181415    1.454374
                     married |   1.229582   .0736741     3.45   0.001      1.09334    1.382802
           married_parent_15 |   .7950315   .0641895    -2.84   0.004     .6786717    .9313414
                    divorced |   1.125641   .1202078     1.11   0.268     .9130603    1.387714
                     widowed |   4.867089    4.83838     1.59   0.111     .6935674    34.15466
                   part_time |   .4032982   .0269243   -13.60   0.000     .3538343    .4596769
                        erte |          1  (omitted)
                         age |   .9767151   .0067019    -3.43   0.001     .9636676    .9899392
                     college |   1.541169   .0669722     9.95   0.000     1.415341    1.678184
                      tenure |   1.012164   .0003329    36.76   0.000     1.011512    1.012817
                       _cons |   .1767608   .0457356    -6.70   0.000     .1064495    .2935136
----------------------------------------------------------------------------------------------
Note: _cons estimates baseline odds.
(est14 stored)
note: erte != 0 predicts success perfectly;
      erte omitted and 3 obs not used.


Logistic regression                                    Number of obs =  26,614
                                                       Wald chi2(27) = 2620.21
                                                       Prob > chi2   =  0.0000
Log pseudolikelihood = -5624657.9                      Pseudo R2     =  0.1407

----------------------------------------------------------------------------------------------
                             |               Robust
                   permanent | Odds ratio   std. err.      z    P>|z|     [95% conf. interval]
-----------------------------+----------------------------------------------------------------
                         act |
        manufactures, prim.  |   7.258901   .8727055    16.49   0.000     5.735017    9.187706
     extractive and energy.  |   8.924462   .9968211    19.60   0.000     7.169796    11.10855
         manufactures, sec.  |   8.181129   .9418363    18.26   0.000     6.528604    10.25194
               construction  |    2.87111    .316665     9.56   0.000     2.312958    3.563952
      hospitality and sales  |   5.194647   .5322511    16.08   0.000     4.249528    6.349966
 Transport, storage and IT.  |   6.605362   .7195234    17.33   0.000     5.335499    8.177455
  Financial and prof. serv.  |   4.810056   .5166864    14.62   0.000     3.896869    5.937238
   Education and healthcare  |   4.683614    .558564    12.95   0.000     3.707383    5.916906
             Other services  |   3.429347   .4394048     9.62   0.000     2.667758    4.408355
                             |
                         occ |
       white collar - prof.  |   2.093311   .2294393     6.74   0.000      1.68864    2.594959
white collar - tech. suport  |   3.189871   .3559004    10.40   0.000      2.56332    3.969569
       white collar - other  |   5.165726   .6341026    13.38   0.000      4.06111    6.570796
     blue collar - services  |   2.893566   .3251284     9.46   0.000     2.321615    3.606422
  blue collar - agriculture  |   1.432376   .2262325     2.28   0.023     1.051034     1.95208
     blue collar - artisans  |    1.95851   .2161665     6.09   0.000     1.577524    2.431506
       blue collar - equip.  |   2.300895   .2649076     7.24   0.000     1.836098    2.883352
                  unskilled  |   2.309442   .2666504     7.25   0.000     1.841732    2.895927
                             |
              public_servant |   .6842483   .0531667    -4.88   0.000     .5875903    .7968065
                   parent_15 |   .9942115   .0535893    -0.11   0.914     .8945362    1.104993
                     married |   1.148202    .071239     2.23   0.026     1.016732    1.296672
           married_parent_15 |   1.001928   .0835338     0.02   0.982     .8508816    1.179787
                    divorced |   1.380817   .1491584     2.99   0.003     1.117346    1.706414
                     widowed |   3.202744   2.182712     1.71   0.088     .8422041    12.17944
                   part_time |   .4616994   .0302708   -11.79   0.000     .4060235    .5250098
                        erte |          1  (omitted)
                         age |   .9905239   .0069877    -1.35   0.177     .9769226    1.004315
                     college |   1.458661   .0668881     8.23   0.000     1.333282    1.595831
                      tenure |   1.011407   .0003426    33.48   0.000     1.010736    1.012079
                       _cons |   .0774713    .020719    -9.56   0.000     .0458665    .1308539
----------------------------------------------------------------------------------------------
Note: _cons estimates baseline odds.
(est15 stored)

Logistic regression                                    Number of obs =  22,281
                                                       Wald chi2(28) = 2271.76
                                                       Prob > chi2   =  0.0000
Log pseudolikelihood = -5044858.7                      Pseudo R2     =  0.1487

----------------------------------------------------------------------------------------------
                             |               Robust
                   permanent | Odds ratio   std. err.      z    P>|z|     [95% conf. interval]
-----------------------------+----------------------------------------------------------------
                         act |
        manufactures, prim.  |   4.308134   .5660997    11.11   0.000     3.329961    5.573644
     extractive and energy.  |   6.331002   .8003649    14.60   0.000     4.941555    8.111129
         manufactures, sec.  |   6.777225   .8865657    14.63   0.000      5.24447    8.757945
               construction  |   2.137414   .2632531     6.17   0.000     1.679001    2.720986
      hospitality and sales  |   3.533826   .4097443    10.89   0.000     2.815458    4.435487
 Transport, storage and IT.  |   4.392171   .5324904    12.21   0.000     3.463242    5.570264
  Financial and prof. serv.  |   3.118985   .3692294     9.61   0.000     2.473131    3.933505
   Education and healthcare  |   2.680255   .3570258     7.40   0.000     2.064387    3.479856
             Other services  |   1.793445   .2625068     3.99   0.000     1.346162    2.389343
                             |
                         occ |
       white collar - prof.  |   2.310421   .2998379     6.45   0.000     1.791535    2.979593
white collar - tech. suport  |   3.544424   .4650477     9.64   0.000     2.740711    4.583824
       white collar - other  |   5.088164   .7445832    11.12   0.000     3.819437    6.778331
     blue collar - services  |   3.041085   .4030118     8.39   0.000     2.345445    3.943046
  blue collar - agriculture  |   .9982636   .1877936    -0.01   0.993     .6904258    1.443356
     blue collar - artisans  |   1.978408   .2573133     5.25   0.000     1.533233    2.552842
       blue collar - equip.  |   2.120256   .2840903     5.61   0.000      1.63056    2.757018
                  unskilled  |   2.386285   .3303728     6.28   0.000     1.819183    3.130172
                             |
              public_servant |    .756531   .0645249    -3.27   0.001     .6400698    .8941824
                   parent_15 |   1.044808   .0638059     0.72   0.473     .9269452    1.177657
                     married |   1.159018   .0823209     2.08   0.038     1.008399    1.332134
           married_parent_15 |   .9190683   .0879699    -0.88   0.378     .7618577     1.10872
                    divorced |   .9942939   .1199137    -0.05   0.962     .7849795    1.259422
                     widowed |   11.64966   12.85032     2.23   0.026      1.34086    101.2145
                   part_time |   .4477073   .0345426   -10.42   0.000     .3848755    .5207966
                        erte |   2.288861   .2597687     7.30   0.000     1.832375    2.859068
                         age |   .9813144   .0078025    -2.37   0.018     .9661403    .9967268
                     college |   1.416629   .0725247     6.80   0.000     1.281382    1.566151
                      tenure |    1.01273     .00039    32.85   0.000     1.011966    1.013495
                       _cons |   .1587233   .0483896    -6.04   0.000     .0873246    .2884992
----------------------------------------------------------------------------------------------
Note: _cons estimates baseline odds.
(est16 stored)

Logistic regression                                    Number of obs =  19,184
                                                       Wald chi2(28) = 1845.34
                                                       Prob > chi2   =  0.0000
Log pseudolikelihood = -4968620.4                      Pseudo R2     =  0.1544

----------------------------------------------------------------------------------------------
                             |               Robust
                   permanent | Odds ratio   std. err.      z    P>|z|     [95% conf. interval]
-----------------------------+----------------------------------------------------------------
                         act |
        manufactures, prim.  |   3.352599   .4676621     8.67   0.000     2.550618    4.406743
     extractive and energy.  |    4.74036   .6129829    12.03   0.000     3.679097    6.107753
         manufactures, sec.  |   6.338687   .8811333    13.28   0.000     4.826973    8.323842
               construction  |   1.749164   .2257898     4.33   0.000     1.358169    2.252721
      hospitality and sales  |   2.905109    .344551     8.99   0.000     2.302546    3.665358
 Transport, storage and IT.  |   3.734597   .4691204    10.49   0.000      2.91958    4.777132
  Financial and prof. serv.  |   3.332653   .4135403     9.70   0.000     2.613164     4.25024
   Education and healthcare  |   2.309427   .3222973     6.00   0.000     1.756762    3.035957
             Other services  |   1.566208   .2398735     2.93   0.003     1.160067    2.114539
                             |
                         occ |
       white collar - prof.  |   2.184773     .28243     6.05   0.000     1.695781    2.814769
white collar - tech. suport  |   3.243615   .4330441     8.81   0.000     2.496826    4.213765
       white collar - other  |   4.838374   .7002108    10.89   0.000     3.643454    6.425183
     blue collar - services  |   2.847664   .3758368     7.93   0.000     2.198601     3.68834
  blue collar - agriculture  |   .7272625   .1376999    -1.68   0.093     .5017931    1.054041
     blue collar - artisans  |    2.05709   .2696129     5.50   0.000     1.591074    2.659599
       blue collar - equip.  |   2.375349    .324229     6.34   0.000     1.817777    3.103946
                  unskilled  |   2.093508   .2882522     5.37   0.000     1.598357     2.74205
                             |
              public_servant |   .7576294   .0701193    -3.00   0.003     .6319422    .9083147
                   parent_15 |    1.03388   .0698532     0.49   0.622     .9056484    1.180269
                     married |   1.182543   .0915467     2.17   0.030     1.016064    1.376299
           married_parent_15 |   1.092908   .1150108     0.84   0.399     .8892188    1.343256
                    divorced |   1.169159   .1628155     1.12   0.262     .8898905    1.536069
                     widowed |   .7086353   .5590913    -0.44   0.662     .1509563    3.326553
                   part_time |   .4784631   .0420468    -8.39   0.000     .4027596    .5683961
                        erte |    8.58955   3.619351     5.10   0.000     3.760992    19.61727
                         age |   .9743945   .0086511    -2.92   0.003     .9575854    .9914987
                     college |   1.508788   .0865001     7.17   0.000     1.348429    1.688217
                      tenure |   1.012649   .0004264    29.85   0.000     1.011813    1.013485
                       _cons |   .2240893   .0742256    -4.52   0.000     .1170781    .4289104
----------------------------------------------------------------------------------------------
Note: _cons estimates baseline odds.
(est17 stored)

Logistic regression                                    Number of obs =  18,051
                                                       Wald chi2(28) = 1437.19
                                                       Prob > chi2   =  0.0000
Log pseudolikelihood = -4935440.5                      Pseudo R2     =  0.1148

----------------------------------------------------------------------------------------------
                             |               Robust
                   permanent | Odds ratio   std. err.      z    P>|z|     [95% conf. interval]
-----------------------------+----------------------------------------------------------------
                         act |
        manufactures, prim.  |   4.452359   .6520663    10.20   0.000     3.341398    5.932697
     extractive and energy.  |   4.015585   .5836773     9.56   0.000      3.02012    5.339167
         manufactures, sec.  |   5.885815   .8334319    12.52   0.000     4.459399    7.768493
               construction  |    1.68645   .2199229     4.01   0.000     1.306086    2.177585
      hospitality and sales  |   2.794179   .3326878     8.63   0.000     2.212617    3.528598
 Transport, storage and IT.  |   2.980561   .3813994     8.53   0.000     2.319404    3.830185
  Financial and prof. serv.  |   2.542749   .3191834     7.43   0.000     1.988176    3.252012
   Education and healthcare  |   2.055748   .2862994     5.17   0.000     1.564678    2.700939
             Other services  |   1.089277   .1646976     0.57   0.572     .8099112    1.465005
                             |
                         occ |
       white collar - prof.  |   2.554148   .3280534     7.30   0.000     1.985721    3.285292
white collar - tech. suport  |   3.179522   .4194908     8.77   0.000     2.455039      4.1178
       white collar - other  |   5.897803   .8728068    11.99   0.000     4.412882    7.882396
     blue collar - services  |   2.865364   .3744322     8.06   0.000     2.217935    3.701782
  blue collar - agriculture  |   .8707643   .1651265    -0.73   0.466     .6004596     1.26275
     blue collar - artisans  |   2.522931   .3294343     7.09   0.000     1.953255    3.258756
       blue collar - equip.  |   2.730274   .3749977     7.31   0.000     2.085909    3.573691
                  unskilled  |    2.36191   .3294132     6.16   0.000     1.796997    3.104414
                             |
              public_servant |   .7090392   .0668463    -3.65   0.000     .5894151    .8529415
                   parent_15 |   1.007332   .0685111     0.11   0.914     .8816173    1.150972
                     married |   1.198779    .098047     2.22   0.027     1.021222    1.407207
           married_parent_15 |   .7853582   .0857106    -2.21   0.027     .6341198    .9726672
                    divorced |   .7826161   .1149865    -1.67   0.095     .5867935    1.043788
                     widowed |   .3195282   .2182041    -1.67   0.095      .083797    1.218401
                   part_time |   .5021805   .0444974    -7.77   0.000     .4221203    .5974252
                        erte |   1.650573   2.088383     0.40   0.692     .1382467    19.70674
                         age |   .9624513   .0089086    -4.13   0.000     .9451482    .9800711
                     college |   1.342792   .0810066     4.89   0.000     1.193049     1.51133
                      tenure |   1.010615   .0004458    23.94   0.000     1.009741    1.011489
                       _cons |   .5729482   .1943583    -1.64   0.101     .2946908    1.113946
----------------------------------------------------------------------------------------------
Note: _cons estimates baseline odds.
(est18 stored)
