note: erte != 0 predicts success perfectly;
      erte omitted and 3 obs not used.


Logistic regression                                    Number of obs =  71,331
                                                       Wald chi2(27) = 7749.86
                                                       Prob > chi2   =  0.0000
Log pseudolikelihood = -13313470                       Pseudo R2     =  0.1838

----------------------------------------------------------------------------------------------
                             |               Robust
                   permanent | Odds ratio   std. err.      z    P>|z|     [95% conf. interval]
-----------------------------+----------------------------------------------------------------
                         act |
        manufactures, prim.  |   6.996997   .6140802    22.17   0.000     5.891248    8.310287
     extractive and energy.  |   7.901207   .6685667    24.43   0.000     6.693733    9.326496
         manufactures, sec.  |   8.044262   .7095441    23.64   0.000     6.767152    9.562389
               construction  |    2.19845    .174312     9.94   0.000     1.882027    2.568072
      hospitality and sales  |   3.382438   .2647206    15.57   0.000     2.901429    3.943189
 Transport, storage and IT.  |   3.877671   .3261929    16.11   0.000     3.288268    4.572722
  Financial and prof. serv.  |   4.755652    .391389    18.95   0.000     4.047216    5.588095
   Education and healthcare  |   3.570913     .32925    13.80   0.000     2.980545    4.278218
             Other services  |   3.436369   .3063476    13.85   0.000     2.885469    4.092449
                             |
                         occ |
       white collar - prof.  |   3.687955   .2128035    22.62   0.000     3.293589    4.129542
white collar - tech. suport  |   6.474773   .3476987    34.78   0.000     5.827933    7.193405
       white collar - other  |   9.205223   .6297486    32.45   0.000     8.050111    10.52608
     blue collar - services  |   8.603012    .505735    36.61   0.000     7.666761    9.653595
  blue collar - agriculture  |   2.504328   .2839747     8.10   0.000     2.005259    3.127606
     blue collar - artisans  |   3.984857   .2008988    27.42   0.000     3.609931    4.398722
       blue collar - equip.  |   5.723536   .3076394    32.46   0.000     5.151247    6.359403
                  unskilled  |   4.564839   .2572605    26.94   0.000     4.087468    5.097963
                             |
              public_servant |   2.121245   .1217455    13.10   0.000      1.89556      2.3738
                   parent_10 |   1.014318   .0685863     0.21   0.833     .8884183     1.15806
                     married |   1.271287   .0500657     6.09   0.000     1.176852      1.3733
           married_parent_10 |   .9891612   .0758054    -0.14   0.887     .8512053    1.149476
                    divorced |   1.114411   .0788085     1.53   0.126     .9701754    1.280089
                     widowed |   2.466061   .9705766     2.29   0.022     1.140232    5.333525
                   part_time |   .3005144   .0238587   -15.14   0.000     .2572089    .3511111
                        erte |          1  (omitted)
                         age |    .964278   .0029656   -11.83   0.000     .9584831    .9701081
                     college |   1.678286   .0522569    16.63   0.000     1.578927    1.783898
                      tenure |   1.008426   .0001788    47.32   0.000     1.008075    1.008776
                       _cons |   .1029508    .014099   -16.60   0.000     .0787151    .1346484
----------------------------------------------------------------------------------------------
Note: _cons estimates baseline odds.
(est1 stored)
note: erte != 0 predicts success perfectly;
      erte omitted and 3 obs not used.


Logistic regression                                    Number of obs =  60,044
                                                       Wald chi2(27) = 7095.52
                                                       Prob > chi2   =  0.0000
Log pseudolikelihood = -11076021                       Pseudo R2     =  0.1854

----------------------------------------------------------------------------------------------
                             |               Robust
                   permanent | Odds ratio   std. err.      z    P>|z|     [95% conf. interval]
-----------------------------+----------------------------------------------------------------
                         act |
        manufactures, prim.  |   5.984738   .5706685    18.76   0.000     4.964548    7.214572
     extractive and energy.  |   6.593456   .5938873    20.94   0.000     5.526415    7.866522
         manufactures, sec.  |   5.909908   .5584612    18.80   0.000     4.910727    7.112391
               construction  |   1.857581   .1597395     7.20   0.000     1.569459    2.198595
      hospitality and sales  |   3.311721   .2824297    14.04   0.000     2.801958    3.914225
 Transport, storage and IT.  |   3.637763   .3321398    14.14   0.000     3.041703    4.350628
  Financial and prof. serv.  |   3.867083   .3473782    15.06   0.000     3.242802    4.611546
   Education and healthcare  |   3.311636   .3331371    11.90   0.000     2.719037    4.033388
             Other services  |     3.6131    .370768    12.52   0.000     2.954825    4.418027
                             |
                         occ |
       white collar - prof.  |   4.419956   .2773447    23.68   0.000     3.908467    4.998381
white collar - tech. suport  |   7.198274   .4072952    34.88   0.000     6.442663    8.042506
       white collar - other  |    12.1123   .8592073    35.16   0.000     10.54011    13.91901
     blue collar - services  |   9.305234   .5543223    37.44   0.000     8.279809    10.45765
  blue collar - agriculture  |   3.271889   .4126521     9.40   0.000     2.555316    4.189406
     blue collar - artisans  |   4.509321   .2354447    28.85   0.000     4.070684    4.995222
       blue collar - equip.  |   6.987431    .391646    34.69   0.000      6.26048    7.798794
                  unskilled  |   5.233197   .3103184    27.91   0.000     4.658998    5.878164
                             |
              public_servant |   1.671716    .105456     8.15   0.000     1.477292    1.891726
                   parent_10 |   1.049416   .0684654     0.74   0.460     .9234511    1.192562
                     married |   1.207275   .0479078     4.75   0.000     1.116936     1.30492
           married_parent_10 |   .9731697    .072447    -0.37   0.715     .8410491    1.126045
                    divorced |   1.264285   .0810173     3.66   0.000     1.115061    1.433479
                     widowed |   .7347735   .1426051    -1.59   0.112     .5022871    1.074868
                   part_time |   .2948054   .0252642   -14.25   0.000     .2492236    .3487239
                        erte |          1  (omitted)
                         age |   .9725519   .0031082    -8.71   0.000     .9664789     .978663
                     college |   1.753132   .0558107    17.63   0.000     1.647088    1.866003
                      tenure |    1.00905   .0001929    47.12   0.000     1.008672    1.009428
                       _cons |   .0708749   .0102259   -18.35   0.000     .0534172    .0940382
----------------------------------------------------------------------------------------------
Note: _cons estimates baseline odds.
(est2 stored)
note: erte omitted because of collinearity.

Logistic regression                                    Number of obs =  62,975
                                                       Wald chi2(27) = 8047.80
                                                       Prob > chi2   =  0.0000
Log pseudolikelihood = -11494148                       Pseudo R2     =  0.1768

----------------------------------------------------------------------------------------------
                             |               Robust
                   permanent | Odds ratio   std. err.      z    P>|z|     [95% conf. interval]
-----------------------------+----------------------------------------------------------------
                         act |
        manufactures, prim.  |   5.358116    .471911    19.06   0.000     4.508617    6.367675
     extractive and energy.  |   6.291044    .521604    22.18   0.000     5.347463    7.401124
         manufactures, sec.  |   6.738354   .5892973    21.82   0.000     5.676918    7.998249
               construction  |   1.702535   .1315627     6.89   0.000     1.463254    1.980944
      hospitality and sales  |   3.055028   .2354205    14.49   0.000     2.626767    3.553111
 Transport, storage and IT.  |   3.571468   .3027002    15.02   0.000     3.024844    4.216872
  Financial and prof. serv.  |   3.719666   .3005509    16.26   0.000     3.174874    4.357942
   Education and healthcare  |   2.809177   .2644081    10.97   0.000     2.335939    3.378289
             Other services  |   2.639802   .2469431    10.38   0.000     2.197581    3.171012
                             |
                         occ |
       white collar - prof.  |   3.648773   .2217937    21.29   0.000     3.238962    4.110435
white collar - tech. suport  |   6.632057   .3590786    34.94   0.000     5.964331    7.374537
       white collar - other  |   10.05852   .6810647    34.09   0.000     8.808441    11.48601
     blue collar - services  |   9.071796    .529358    37.79   0.000     8.091405    10.17098
  blue collar - agriculture  |   2.574218   .2587735     9.41   0.000     2.113869    3.134819
     blue collar - artisans  |   4.059083   .2005409    28.36   0.000      3.68446    4.471795
       blue collar - equip.  |   6.169743   .3308525    33.93   0.000     5.554198    6.853505
                  unskilled  |   4.186463     .23292    25.74   0.000     3.753958    4.668799
                             |
              public_servant |   1.890584   .1196588    10.06   0.000     1.670021    2.140278
                   parent_10 |   .9464031   .0556265    -0.94   0.349     .8434226    1.061957
                     married |   1.126694    .042045     3.20   0.001     1.047229     1.21219
           married_parent_10 |   1.196667    .081458     2.64   0.008     1.047205    1.367462
                    divorced |   1.208029   .0747219     3.06   0.002     1.070106    1.363728
                     widowed |   1.115242   .2720871     0.45   0.655     .6913535    1.799028
                   part_time |   .3836269   .0294964   -12.46   0.000     .3299602    .4460223
                        erte |          1  (omitted)
                         age |   .9716048   .0030333    -9.23   0.000     .9656777    .9775683
                     college |   1.713939   .0529245    17.45   0.000     1.613285    1.820872
                      tenure |   1.008295   .0001815    45.88   0.000     1.007939    1.008651
                       _cons |   .1006898   .0137129   -16.86   0.000     .0771012    .1314953
----------------------------------------------------------------------------------------------
Note: _cons estimates baseline odds.
(est3 stored)

Logistic regression                                    Number of obs =  61,218
                                                       Wald chi2(28) = 7234.04
                                                       Prob > chi2   =  0.0000
Log pseudolikelihood = -11435664                       Pseudo R2     =  0.1688

----------------------------------------------------------------------------------------------
                             |               Robust
                   permanent | Odds ratio   std. err.      z    P>|z|     [95% conf. interval]
-----------------------------+----------------------------------------------------------------
                         act |
        manufactures, prim.  |   5.649274   .5435967    17.99   0.000     4.678283    6.821797
     extractive and energy.  |   8.203645   .7444218    23.19   0.000      6.86699    9.800478
         manufactures, sec.  |   7.012344   .6644264    20.56   0.000     5.823861    8.443361
               construction  |   2.270472   .1965721     9.47   0.000     1.916113    2.690365
      hospitality and sales  |   3.685885   .3171355    15.16   0.000     3.113895    4.362944
 Transport, storage and IT.  |    4.59322   .4166749    16.81   0.000     3.845036     5.48699
  Financial and prof. serv.  |   3.806543   .3343399    15.22   0.000     3.204551    4.521622
   Education and healthcare  |   4.064771   .4077409    13.98   0.000     3.339268      4.9479
             Other services  |   2.954626    .330227     9.69   0.000     2.373378    3.678222
                             |
                         occ |
       white collar - prof.  |   3.938357   .2317788    23.29   0.000       3.5093    4.419872
white collar - tech. suport  |    6.33021   .3387347    34.49   0.000     5.699931    7.030182
       white collar - other  |   13.40786   .9647468    36.08   0.000     11.64427    15.43856
     blue collar - services  |   8.677672   .5008129    37.44   0.000     7.749577    9.716916
  blue collar - agriculture  |   2.602511   .2743146     9.07   0.000     2.116766    3.199724
     blue collar - artisans  |    3.86977   .1898359    27.58   0.000     3.515026    4.260316
       blue collar - equip.  |   5.801696   .3058156    33.35   0.000     5.232232     6.43314
                  unskilled  |   4.500529     .25381    26.67   0.000     4.029578    5.026522
                             |
              public_servant |   1.468674   .0931352     6.06   0.000     1.297021    1.663045
                   parent_10 |   .9047558    .051539    -1.76   0.079     .8091762    1.011625
                     married |   1.228234   .0471041     5.36   0.000     1.139296    1.324114
           married_parent_10 |   1.091902   .0735108     1.31   0.192     .9569246    1.245918
                    divorced |   .9511488   .0614601    -0.78   0.438      .838005    1.079569
                     widowed |   .8129908   .3245626    -0.52   0.604      .371765    1.777881
                   part_time |   .3182672   .0238757   -15.26   0.000     .2747493     .368678
                        erte |   1.078125   .8329551     0.10   0.922     .2371563    4.901217
                         age |   .9730757    .003052    -8.70   0.000     .9671123    .9790759
                     college |    1.73206   .0544099    17.49   0.000     1.628635    1.842053
                      tenure |   1.008188   .0001839    44.69   0.000     1.007827    1.008548
                       _cons |   .0888863   .0125363   -17.16   0.000     .0674192    .1171889
----------------------------------------------------------------------------------------------
Note: _cons estimates baseline odds.
(est4 stored)

Logistic regression                                    Number of obs =  57,852
                                                       Wald chi2(28) = 6681.93
                                                       Prob > chi2   =  0.0000
Log pseudolikelihood = -10190722                       Pseudo R2     =  0.1772

----------------------------------------------------------------------------------------------
                             |               Robust
                   permanent | Odds ratio   std. err.      z    P>|z|     [95% conf. interval]
-----------------------------+----------------------------------------------------------------
                         act |
        manufactures, prim.  |   7.757329   .7216167    22.02   0.000     6.464429    9.308813
     extractive and energy.  |   10.77662    .948459    27.01   0.000     9.069176    12.80553
         manufactures, sec.  |   9.889674   .9102706    24.90   0.000     8.257246    11.84483
               construction  |   2.982895   .2467686    13.21   0.000     2.536413    3.507972
      hospitality and sales  |    4.84152   .3960688    19.28   0.000     4.124276    5.683498
 Transport, storage and IT.  |   6.376473   .5500475    21.48   0.000     5.384609    7.551042
  Financial and prof. serv.  |   5.377325   .4484573    20.17   0.000     4.566442      6.3322
   Education and healthcare  |   5.479068   .5286662    17.63   0.000     4.534983    6.619691
             Other services  |   2.851783   .2910813    10.27   0.000     2.334717    3.483361
                             |
                         occ |
       white collar - prof.  |   4.492145   .2651188    25.46   0.000     4.001449    5.043015
white collar - tech. suport  |   7.610385   .4220875    36.59   0.000     6.826487      8.4843
       white collar - other  |   13.91132   1.026954    35.66   0.000     12.03737    16.07701
     blue collar - services  |   11.01993   .6461114    40.93   0.000     9.823625    12.36191
  blue collar - agriculture  |   4.159692   .4346692    13.64   0.000     3.389335    5.105143
     blue collar - artisans  |   4.896857   .2478633    31.38   0.000     4.434374    5.407574
       blue collar - equip.  |    7.45477   .4106754    36.47   0.000     6.691793     8.30474
                  unskilled  |   6.407143    .380194    31.30   0.000     5.703677    7.197372
                             |
              public_servant |   1.077018   .0670845     1.19   0.234     .9532437    1.216864
                   parent_10 |   .9900475   .0554517    -0.18   0.858     .8871171    1.104921
                     married |   1.258105   .0515019     5.61   0.000     1.161106    1.363207
           married_parent_10 |   .8485524   .0573381    -2.43   0.015     .7432957    .9687143
                    divorced |    .970266   .0634912    -0.46   0.645      .853475    1.103039
                     widowed |    .498938   .1531003    -2.27   0.023     .2734345    .9104158
                   part_time |   .3539853    .025372   -14.49   0.000     .3075921    .4073759
                        erte |   1.940499   .8014878     1.61   0.108     .8636544    4.360002
                         age |   .9734253   .0032025    -8.19   0.000     .9671688    .9797224
                     college |   1.897305   .0625243    19.43   0.000     1.778634    2.023895
                      tenure |   1.008913   .0001993    44.93   0.000     1.008523    1.009304
                       _cons |   .0610172   .0086003   -19.84   0.000     .0462888     .080432
----------------------------------------------------------------------------------------------
Note: _cons estimates baseline odds.
(est5 stored)

Logistic regression                                    Number of obs =  57,473
                                                       Wald chi2(28) = 6432.44
                                                       Prob > chi2   =  0.0000
Log pseudolikelihood = -9961580.8                      Pseudo R2     =  0.1829

----------------------------------------------------------------------------------------------
                             |               Robust
                   permanent | Odds ratio   std. err.      z    P>|z|     [95% conf. interval]
-----------------------------+----------------------------------------------------------------
                         act |
        manufactures, prim.  |    7.41979   .6500549    22.88   0.000     6.249094    8.809803
     extractive and energy.  |   9.467501    .783912    27.15   0.000     8.049253    11.13564
         manufactures, sec.  |   9.134998   .7858531    25.71   0.000     7.717604    10.81271
               construction  |   2.603201   .2004933    12.42   0.000     2.238463     3.02737
      hospitality and sales  |   4.394792   .3307698    19.67   0.000     3.792045    5.093346
 Transport, storage and IT.  |   5.538431   .4454386    21.28   0.000      4.73072    6.484048
  Financial and prof. serv.  |   5.073687   .3931928    20.96   0.000     4.358715    5.905936
   Education and healthcare  |   4.849778   .4336914    17.66   0.000     4.070082    5.778838
             Other services  |   3.123675   .3009316    11.82   0.000     2.586199    3.772851
                             |
                         occ |
       white collar - prof.  |   5.204196   .3176445    27.02   0.000     4.617421    5.865537
white collar - tech. suport  |   8.049133   .4664011    35.99   0.000     7.185002    9.017193
       white collar - other  |   12.12194   .8933561    33.85   0.000     10.49158    14.00566
     blue collar - services  |   10.27437   .6240226    38.36   0.000       9.1213     11.5732
  blue collar - agriculture  |   4.036014   .3988142    14.12   0.000     3.325387    4.898501
     blue collar - artisans  |    5.05123   .2720166    30.08   0.000     4.545259    5.613525
       blue collar - equip.  |   7.980346   .4593021    36.09   0.000     7.129048      8.9333
                  unskilled  |   5.778616   .3563205    28.45   0.000     5.120792    6.520945
                             |
              public_servant |   1.191469   .0702823     2.97   0.003     1.061383    1.337498
                   parent_10 |     .86648   .0456705    -2.72   0.007     .7814359    .9607795
                     married |   1.204765   .0506056     4.43   0.000     1.109553    1.308147
           married_parent_10 |   1.041188   .0682615     0.62   0.538     .9156375    1.183955
                    divorced |   1.129977    .080567     1.71   0.087     .9826054    1.299451
                     widowed |   .6550583   .1624934    -1.71   0.088     .4028388    1.065194
                   part_time |   .2808363    .019794   -18.02   0.000     .2446013    .3224391
                        erte |   2.203345   1.067487     1.63   0.103      .852488    5.694775
                         age |   .9748428   .0032358    -7.68   0.000     .9685214    .9812055
                     college |   1.715718   .0566246    16.36   0.000     1.608249    1.830368
                      tenure |   1.008917   .0002073    43.20   0.000     1.008511    1.009324
                       _cons |   .0621986   .0087037   -19.85   0.000      .047279    .0818263
----------------------------------------------------------------------------------------------
Note: _cons estimates baseline odds.
(est6 stored)

Logistic regression                                    Number of obs =  54,666
                                                       Wald chi2(28) = 5600.19
                                                       Prob > chi2   =  0.0000
Log pseudolikelihood = -10147963                       Pseudo R2     =  0.1493

----------------------------------------------------------------------------------------------
                             |               Robust
                   permanent | Odds ratio   std. err.      z    P>|z|     [95% conf. interval]
-----------------------------+----------------------------------------------------------------
                         act |
        manufactures, prim.  |   6.156364   .5432328    20.60   0.000     5.178631    7.318696
     extractive and energy.  |    7.39696   .6103742    24.25   0.000     6.292377    8.695444
         manufactures, sec.  |   5.770664   .4889886    20.69   0.000     4.887621    6.813245
               construction  |   1.961276   .1518577     8.70   0.000     1.685124    2.282682
      hospitality and sales  |   3.491553   .2630128    16.60   0.000     3.012306    4.047047
 Transport, storage and IT.  |   4.177482   .3369839    17.72   0.000     3.566571    4.893034
  Financial and prof. serv.  |   3.617785    .278262    16.72   0.000      3.11152    4.206423
   Education and healthcare  |   3.728262   .3359508    14.60   0.000     3.124679    4.448438
             Other services  |   2.619804   .2549731     9.90   0.000     2.164838    3.170387
                             |
                         occ |
       white collar - prof.  |    2.11551   .1338643    11.84   0.000     1.868759    2.394843
white collar - tech. suport  |   3.421382   .2145955    19.61   0.000     3.025607    3.868927
       white collar - other  |   4.941972   .3724252    21.20   0.000      4.26338    5.728573
     blue collar - services  |   2.439233   .1549071    14.04   0.000     2.153756     2.76255
  blue collar - agriculture  |   1.155633   .1154349     1.45   0.148     .9501552    1.405548
     blue collar - artisans  |   2.063081   .1246353    11.99   0.000     1.832708    2.322412
       blue collar - equip.  |   3.122019   .2020497    17.59   0.000     2.750095    3.544241
                  unskilled  |   2.503358   .1715574    13.39   0.000     2.188715    2.863232
                             |
              public_servant |   1.507763   .0924436     6.70   0.000      1.33704    1.700285
                   parent_10 |   .9485261   .0505574    -0.99   0.321     .8544357    1.052978
                     married |   1.258426   .0528367     5.47   0.000     1.159015    1.366365
           married_parent_10 |   .9185995    .060899    -1.28   0.200      .806669    1.046061
                    divorced |   1.163833   .0800041     2.21   0.027     1.017132    1.331692
                     widowed |    .941776   .2776277    -0.20   0.839     .5284702     1.67832
                   part_time |   .2675294   .0175325   -20.12   0.000     .2352817    .3041971
                        erte |   6.390625   3.833278     3.09   0.002      1.97228    20.70705
                         age |   .9601943   .0032687   -11.93   0.000     .9538091    .9666222
                     college |   1.478448   .0477017    12.12   0.000     1.387849    1.574961
                      tenure |   1.008795   .0002055    43.00   0.000     1.008393    1.009198
                       _cons |   .3224115   .0467658    -7.80   0.000     .2426295    .4284276
----------------------------------------------------------------------------------------------
Note: _cons estimates baseline odds.
(est7 stored)

Logistic regression                                    Number of obs =  51,225
                                                       Wald chi2(28) = 4971.16
                                                       Prob > chi2   =  0.0000
Log pseudolikelihood = -9462859.3                      Pseudo R2     =  0.1531

----------------------------------------------------------------------------------------------
                             |               Robust
                   permanent | Odds ratio   std. err.      z    P>|z|     [95% conf. interval]
-----------------------------+----------------------------------------------------------------
                         act |
        manufactures, prim.  |   8.143514   .7785279    21.94   0.000     6.752058     9.82172
     extractive and energy.  |   9.604405   .8656619    25.10   0.000     8.049153    11.46016
         manufactures, sec.  |   8.744612   .8146178    23.28   0.000     7.285268    10.49628
               construction  |   2.362321   .2009446    10.11   0.000     1.999557    2.790899
      hospitality and sales  |    4.45277   .3618857    18.38   0.000     3.797094    5.221667
 Transport, storage and IT.  |   5.634499   .4865559    20.02   0.000     4.757201    6.673584
  Financial and prof. serv.  |   5.094391   .4171472    19.88   0.000     4.339031    5.981247
   Education and healthcare  |   6.231479   .6082875    18.74   0.000     5.146368    7.545385
             Other services  |   3.519359   .3576743    12.38   0.000     2.883736    4.295083
                             |
                         occ |
       white collar - prof.  |   1.927984   .1249567    10.13   0.000      1.69799     2.18913
white collar - tech. suport  |   3.169414   .2065083    17.70   0.000     2.789444    3.601144
       white collar - other  |   5.883055   .4847933    21.50   0.000      5.00564    6.914268
     blue collar - services  |   2.350764   .1547415    12.98   0.000     2.066226    2.674486
  blue collar - agriculture  |   1.307749   .1367961     2.56   0.010     1.065332    1.605328
     blue collar - artisans  |   1.756942   .1107259     8.94   0.000     1.552791    1.987933
       blue collar - equip.  |   2.702808   .1857814    14.47   0.000     2.362145      3.0926
                  unskilled  |   2.607927   .1872998    13.35   0.000     2.265492    3.002121
                             |
              public_servant |   1.393731   .0898201     5.15   0.000     1.228351    1.581377
                   parent_10 |   1.012618   .0556888     0.23   0.820     .9091468    1.127866
                     married |   1.176691   .0544304     3.52   0.000     1.074702    1.288358
           married_parent_10 |   .9224357    .065019    -1.15   0.252     .8034117    1.059093
                    divorced |   .9413884   .0647425    -0.88   0.380     .8226759    1.077231
                     widowed |   2.502173   .7314238     3.14   0.002     1.410906    4.437483
                   part_time |   .3511086   .0216292   -16.99   0.000     .3111754    .3961664
                        erte |   6.355299   3.616007     3.25   0.001     2.083644    19.38423
                         age |   .9581585   .0035181   -11.64   0.000      .951288    .9650787
                     college |   1.418046    .048066    10.30   0.000     1.326899    1.515453
                      tenure |   1.008755    .000223    39.43   0.000     1.008318    1.009192
                       _cons |   .2914114   .0448925    -8.00   0.000     .2154653    .3941265
----------------------------------------------------------------------------------------------
Note: _cons estimates baseline odds.
(est8 stored)

Logistic regression                                    Number of obs =  49,165
                                                       Wald chi2(28) = 5083.92
                                                       Prob > chi2   =  0.0000
Log pseudolikelihood = -9135521.1                      Pseudo R2     =  0.1598

----------------------------------------------------------------------------------------------
                             |               Robust
                   permanent | Odds ratio   std. err.      z    P>|z|     [95% conf. interval]
-----------------------------+----------------------------------------------------------------
                         act |
        manufactures, prim.  |   9.472435   .9570467    22.25   0.000     7.770708    11.54683
     extractive and energy.  |   9.437051   .8944346    23.68   0.000     7.837188    11.36351
         manufactures, sec.  |   11.38048   1.114516    24.83   0.000     9.392921    13.78862
               construction  |   2.944065   .2698927    11.78   0.000     2.459885    3.523547
      hospitality and sales  |   4.560413   .3950521    17.52   0.000     3.848288    5.404315
 Transport, storage and IT.  |   6.790333    .618394    21.03   0.000     5.680315    8.117267
  Financial and prof. serv.  |   4.914779   .4328645    18.08   0.000     4.135568    5.840806
   Education and healthcare  |   6.514168   .6568526    18.58   0.000     5.345995    7.937604
             Other services  |   5.543779   .5922459    16.03   0.000     4.496467    6.835029
                             |
                         occ |
       white collar - prof.  |   1.658968   .1098682     7.64   0.000     1.457021    1.888907
white collar - tech. suport  |    2.67716   .1789923    14.73   0.000     2.348356    3.052003
       white collar - other  |   5.616064   .4852834    19.97   0.000     4.741108    6.652491
     blue collar - services  |   2.145026   .1443644    11.34   0.000     1.879945    2.447485
  blue collar - agriculture  |   1.315838   .1458174     2.48   0.013     1.058948    1.635046
     blue collar - artisans  |   1.569664   .1049947     6.74   0.000     1.376797    1.789549
       blue collar - equip.  |   2.587387   .1822988    13.49   0.000     2.253661    2.970533
                  unskilled  |   2.613962   .1952242    12.87   0.000     2.258017    3.026018
                             |
              public_servant |   1.705791   .1083665     8.41   0.000     1.506088    1.931975
                   parent_10 |   1.137032   .0597453     2.44   0.015     1.025762    1.260373
                     married |    1.21333   .0572335     4.10   0.000     1.106184    1.330855
           married_parent_10 |   .7914999   .0547028    -3.38   0.001     .6912289    .9063165
                    divorced |   .8496802   .0599968    -2.31   0.021      .739863    .9757976
                     widowed |     1.5355   .4792731     1.37   0.169     .8328481    2.830962
                   part_time |   .3903691   .0220984   -16.62   0.000     .3493734    .4361753
                        erte |   8.733666   5.462024     3.47   0.001     2.563635    29.75343
                         age |   .9646324   .0035522    -9.78   0.000     .9576953    .9716198
                     college |   1.568666   .0536474    13.16   0.000     1.466965    1.677417
                      tenure |   1.009228   .0002271    40.83   0.000     1.008783    1.009673
                       _cons |    .195636   .0314006   -10.16   0.000     .1428323    .2679608
----------------------------------------------------------------------------------------------
Note: _cons estimates baseline odds.
(est9 stored)

Logistic regression                                    Number of obs =  48,853
                                                       Wald chi2(28) = 4949.56
                                                       Prob > chi2   =  0.0000
Log pseudolikelihood = -9328831.4                      Pseudo R2     =  0.1494

----------------------------------------------------------------------------------------------
                             |               Robust
                   permanent | Odds ratio   std. err.      z    P>|z|     [95% conf. interval]
-----------------------------+----------------------------------------------------------------
                         act |
        manufactures, prim.  |    7.02454   .6871279    19.93   0.000     5.799024    8.509047
     extractive and energy.  |   8.049337   .7386377    22.73   0.000     6.724355    9.635397
         manufactures, sec.  |   8.598926    .822604    22.49   0.000      7.12878    10.37226
               construction  |   2.712944   .2446765    11.07   0.000     2.273381    3.237498
      hospitality and sales  |   3.866411   .3298249    15.85   0.000     3.271117    4.570039
 Transport, storage and IT.  |   5.040711     .45026    18.11   0.000     4.231151    6.005168
  Financial and prof. serv.  |   4.304267   .3757649    16.72   0.000     3.627345    5.107514
   Education and healthcare  |   5.180888   .5193246    16.41   0.000     4.256778    6.305614
             Other services  |   4.164727   .4261855    13.94   0.000     3.407856    5.089696
                             |
                         occ |
       white collar - prof.  |   1.597052   .1157395     6.46   0.000     1.385581    1.840799
white collar - tech. suport  |   2.726835   .1969978    13.89   0.000     2.366817    3.141617
       white collar - other  |   5.255668    .467456    18.66   0.000     4.414884    6.256573
     blue collar - services  |   2.072963   .1497928    10.09   0.000     1.799217    2.388359
  blue collar - agriculture  |   1.185538    .139984     1.44   0.149     .9406086    1.494247
     blue collar - artisans  |   1.586244   .1132581     6.46   0.000     1.379095    1.824509
       blue collar - equip.  |   2.279697   .1721505    10.91   0.000     1.966069    2.643354
                  unskilled  |   2.302248   .1817454    10.56   0.000     1.972223    2.687498
                             |
              public_servant |   1.434292   .0922815     5.61   0.000     1.264363    1.627059
                   parent_10 |   1.157116   .0579051     2.92   0.004     1.049012     1.27636
                     married |   1.101635   .0520338     2.05   0.040     1.004229    1.208489
           married_parent_10 |   .8366718    .056354    -2.65   0.008     .7332001    .9547458
                    divorced |   .8302558   .0573619    -2.69   0.007     .7251084    .9506507
                     widowed |   .8320877   .3032171    -0.50   0.614     .4073679    1.699618
                   part_time |   .4435749   .0244084   -14.77   0.000     .3982248    .4940895
                        erte |   8.484037   7.456712     2.43   0.015     1.515208    47.50429
                         age |   .9557278   .0034071   -12.70   0.000     .9490732     .962429
                     college |   1.538917    .050616    13.11   0.000     1.442841     1.64139
                      tenure |   1.009454   .0002211    42.97   0.000     1.009021    1.009887
                       _cons |   .3366711   .0541963    -6.76   0.000     .2455737    .4615618
----------------------------------------------------------------------------------------------
Note: _cons estimates baseline odds.
(est10 stored)

Logistic regression                                    Number of obs =  47,897
                                                       Wald chi2(28) = 4916.18
                                                       Prob > chi2   =  0.0000
Log pseudolikelihood = -9519918.5                      Pseudo R2     =  0.1561

----------------------------------------------------------------------------------------------
                             |               Robust
                   permanent | Odds ratio   std. err.      z    P>|z|     [95% conf. interval]
-----------------------------+----------------------------------------------------------------
                         act |
        manufactures, prim.  |   5.303872   .5082159    17.41   0.000     4.395731    6.399632
     extractive and energy.  |    7.31895   .6514481    22.36   0.000     6.147304    8.713906
         manufactures, sec.  |   6.077268   .5584882    19.64   0.000     5.075569    7.276659
               construction  |   1.787062    .156238     6.64   0.000     1.505641    2.121084
      hospitality and sales  |   3.404134   .2812835    14.83   0.000     2.895156    4.002593
 Transport, storage and IT.  |   4.771468    .415662    17.94   0.000      4.02254    5.659833
  Financial and prof. serv.  |   3.660377   .3077234    15.43   0.000     3.104319    4.316038
   Education and healthcare  |   4.217542    .415629    14.60   0.000     3.476766    5.116151
             Other services  |   3.115928   .3154631    11.23   0.000     2.555112    3.799836
                             |
                         occ |
       white collar - prof.  |   2.216744   .1610242    10.96   0.000     1.922579    2.555917
white collar - tech. suport  |   3.583646   .2588301    17.67   0.000     3.110619    4.128606
       white collar - other  |   6.020571   .5368374    20.13   0.000     5.055201    7.170293
     blue collar - services  |   2.477727   .1773103    12.68   0.000     2.153476    2.850801
  blue collar - agriculture  |   1.329036   .1512164     2.50   0.012     1.063379    1.661061
     blue collar - artisans  |   2.239638   .1580766    11.42   0.000     1.950289    2.571916
       blue collar - equip.  |     2.7522   .2046645    13.61   0.000     2.378928    3.184041
                  unskilled  |   2.647934    .206028    12.52   0.000      2.27341    3.084158
                             |
              public_servant |   1.145996   .0781169     2.00   0.046     1.002677    1.309801
                   parent_10 |   1.205595   .0574914     3.92   0.000      1.09802     1.32371
                     married |   1.076433   .0501943     1.58   0.114     .9824159    1.179448
           married_parent_10 |   .8644107   .0565065    -2.23   0.026     .7604613    .9825691
                    divorced |   1.056311   .0715815     0.81   0.419     .9249319    1.206352
                     widowed |   1.829445   .6373628     1.73   0.083     .9242047    3.621351
                   part_time |   .4922386   .0258817   -13.48   0.000     .4440378    .5456717
                        erte |   2.330902   1.688513     1.17   0.243     .5635218    9.641336
                         age |    .961392   .0034045   -11.12   0.000     .9547424    .9680879
                     college |   1.494682   .0487514    12.32   0.000     1.402122    1.593354
                      tenure |    1.01004   .0002196    45.94   0.000      1.00961    1.010471
                       _cons |   .2339982   .0370171    -9.18   0.000     .1716159    .3190562
----------------------------------------------------------------------------------------------
Note: _cons estimates baseline odds.
(est11 stored)

Logistic regression                                    Number of obs =  46,288
                                                       Wald chi2(28) = 4856.38
                                                       Prob > chi2   =  0.0000
Log pseudolikelihood = -9503602.7                      Pseudo R2     =  0.1487

----------------------------------------------------------------------------------------------
                             |               Robust
                   permanent | Odds ratio   std. err.      z    P>|z|     [95% conf. interval]
-----------------------------+----------------------------------------------------------------
                         act |
        manufactures, prim.  |   5.469252   .4988021    18.63   0.000     4.574012     6.53971
     extractive and energy.  |   7.169998   .6099178    23.16   0.000     6.068919    8.470845
         manufactures, sec.  |    6.29237   .5445465    21.25   0.000     5.310686    7.455519
               construction  |   1.849572   .1544989     7.36   0.000     1.570249    2.178582
      hospitality and sales  |   3.851956   .3012635    17.24   0.000      3.30452    4.490081
 Transport, storage and IT.  |   4.927354   .4120495    19.07   0.000     4.182463    5.804909
  Financial and prof. serv.  |   3.864465   .3093929    16.88   0.000     3.303249     4.52103
   Education and healthcare  |   3.805923   .3550413    14.33   0.000     3.169964    4.569468
             Other services  |   3.467634   .3529295    12.22   0.000     2.840531    4.233182
                             |
                         occ |
       white collar - prof.  |    1.94837   .1437076     9.04   0.000     1.686121    2.251408
white collar - tech. suport  |   3.131081   .2328037    15.35   0.000     2.706484    3.622291
       white collar - other  |   5.462922   .4747628    19.54   0.000     4.607339    6.477387
     blue collar - services  |   2.463602   .1825464    12.17   0.000     2.130584    2.848671
  blue collar - agriculture  |   1.123255   .1339731     0.97   0.330     .8891062    1.419067
     blue collar - artisans  |    2.04359   .1493849     9.78   0.000     1.770808    2.358391
       blue collar - equip.  |   2.394105    .184517    11.33   0.000     2.058448    2.784495
                  unskilled  |   2.570105   .2033496    11.93   0.000     2.200913    3.001227
                             |
              public_servant |   1.354895    .087611     4.70   0.000     1.193616    1.537965
                   parent_10 |   1.174535   .0537022     3.52   0.000     1.073859    1.284649
                     married |   1.157244   .0540616     3.13   0.002     1.055991    1.268205
           married_parent_10 |   .8742693   .0563066    -2.09   0.037     .7705915    .9918961
                    divorced |   1.109252   .0740145     1.55   0.120     .9732716    1.264231
                     widowed |   .4861084   .1773586    -1.98   0.048     .2377764    .9937964
                   part_time |   .5185746   .0274013   -12.43   0.000     .4675565    .5751597
                        erte |   .9474857   .7261735    -0.07   0.944     .2109567    4.255513
                         age |     .96473   .0033415   -10.37   0.000      .958203    .9713016
                     college |   1.435716   .0475237    10.93   0.000     1.345528    1.531949
                      tenure |   1.009801    .000217    45.39   0.000     1.009376    1.010226
                       _cons |   .2254457   .0351474    -9.56   0.000      .166088    .3060172
----------------------------------------------------------------------------------------------
Note: _cons estimates baseline odds.
(est12 stored)

Logistic regression                                    Number of obs =  46,662
                                                       Wald chi2(28) = 4787.50
                                                       Prob > chi2   =  0.0000
Log pseudolikelihood = -9618408.3                      Pseudo R2     =  0.1373

----------------------------------------------------------------------------------------------
                             |               Robust
                   permanent | Odds ratio   std. err.      z    P>|z|     [95% conf. interval]
-----------------------------+----------------------------------------------------------------
                         act |
        manufactures, prim.  |   5.103049   .4556039    18.26   0.000     4.283846    6.078909
     extractive and energy.  |   6.618986   .5616936    22.27   0.000     5.604769    7.816733
         manufactures, sec.  |   5.185455   .4496998    18.98   0.000     4.374897    6.146188
               construction  |    1.82082   .1529064     7.14   0.000     1.544493    2.146585
      hospitality and sales  |    3.24843   .2555107    14.98   0.000     2.784331    3.789887
 Transport, storage and IT.  |   4.226942   .3514263    17.34   0.000      3.59135     4.97502
  Financial and prof. serv.  |   3.299854    .266986    14.76   0.000     2.815952     3.86691
   Education and healthcare  |   4.087583   .3808734    15.11   0.000     3.405283    4.906593
             Other services  |   2.373742    .229247     8.95   0.000      1.96439    2.868397
                             |
                         occ |
       white collar - prof.  |   1.722774   .1198263     7.82   0.000     1.503224    1.974391
white collar - tech. suport  |   2.583683   .1816539    13.50   0.000      2.25109    2.965416
       white collar - other  |   4.045695   .3265754    17.31   0.000     3.453684    4.739184
     blue collar - services  |   2.305702   .1623627    11.86   0.000     2.008461    2.646933
  blue collar - agriculture  |   .9787319   .1127591    -0.19   0.852     .7809034    1.226677
     blue collar - artisans  |   1.780907   .1231914     8.34   0.000     1.555109    2.039491
       blue collar - equip.  |   2.328493   .1686142    11.67   0.000     2.020396    2.683573
                  unskilled  |   2.034783    .151771     9.52   0.000     1.758039    2.355092
                             |
              public_servant |   1.073696   .0652026     1.17   0.242     .9532136    1.209407
                   parent_10 |   1.074288   .0485461     1.59   0.113     .9832319    1.173778
                     married |   1.224198   .0563201     4.40   0.000     1.118643    1.339713
           married_parent_10 |   .9723585   .0619279    -0.44   0.660      .858252    1.101636
                    divorced |   1.231597   .0798651     3.21   0.001     1.084603    1.398512
                     widowed |   .5920631   .1741765    -1.78   0.075     .3326264    1.053851
                   part_time |   .5601082   .0296187   -10.96   0.000     .5049637    .6212747
                        erte |    .120272   .1190918    -2.14   0.032      .017271    .8375543
                         age |   .9709847   .0032918    -8.69   0.000     .9645542    .9774581
                     college |    1.47222   .0477321    11.93   0.000     1.381577     1.56881
                      tenure |   1.009126   .0002086    43.94   0.000     1.008717    1.009535
                       _cons |   .2346384   .0359169    -9.47   0.000     .1738212    .3167346
----------------------------------------------------------------------------------------------
Note: _cons estimates baseline odds.
(est13 stored)
note: erte != 0 predicts success perfectly;
      erte omitted and 4 obs not used.


Logistic regression                                    Number of obs =  47,189
                                                       Wald chi2(27) = 4601.31
                                                       Prob > chi2   =  0.0000
Log pseudolikelihood = -9545579.6                      Pseudo R2     =  0.1343

----------------------------------------------------------------------------------------------
                             |               Robust
                   permanent | Odds ratio   std. err.      z    P>|z|     [95% conf. interval]
-----------------------------+----------------------------------------------------------------
                         act |
        manufactures, prim.  |   4.745104   .4157254    17.77   0.000     3.996416    5.634051
     extractive and energy.  |   6.558587   .5508472    22.39   0.000     5.563127    7.732174
         manufactures, sec.  |   6.025676   .5150795    21.01   0.000     5.096176    7.124709
               construction  |   1.771663   .1445842     7.01   0.000     1.509786    2.078965
      hospitality and sales  |   3.477404   .2663701    16.27   0.000     2.992629    4.040707
 Transport, storage and IT.  |     4.7444    .386171    19.13   0.000     4.044805    5.564997
  Financial and prof. serv.  |   3.311252   .2651184    14.95   0.000     2.830349    3.873865
   Education and healthcare  |    3.87985   .3522751    14.93   0.000     3.247351    4.635544
             Other services  |   2.915663   .2809279    11.11   0.000     2.413921    3.521695
                             |
                         occ |
       white collar - prof.  |   1.763647    .125085     8.00   0.000     1.534762    2.026667
white collar - tech. suport  |   2.423076    .173142    12.39   0.000     2.106416    2.787341
       white collar - other  |   3.865019   .3214934    16.25   0.000     3.283587    4.549408
     blue collar - services  |   2.251707   .1628439    11.22   0.000     1.954127    2.594603
  blue collar - agriculture  |   1.099075   .1262971     0.82   0.411     .8774331    1.376705
     blue collar - artisans  |    1.83764    .128582     8.70   0.000     1.602142    2.107755
       blue collar - equip.  |   2.223488    .163465    10.87   0.000     1.925115    2.568106
                  unskilled  |   1.919595   .1458974     8.58   0.000     1.653921    2.227945
                             |
              public_servant |   .9106329   .0550687    -1.55   0.122     .8088511    1.025222
                   parent_10 |    1.19536   .0511026     4.17   0.000     1.099282    1.299835
                     married |   1.225688   .0559358     4.46   0.000     1.120816    1.340372
           married_parent_10 |   .8500846   .0524498    -2.63   0.008     .7532575    .9593583
                    divorced |   1.087449   .0720908     1.26   0.206     .9549478    1.238334
                     widowed |   5.579255    2.53167     3.79   0.000     2.292613    13.57756
                   part_time |   .4337952   .0235985   -15.35   0.000     .3899234    .4826032
                        erte |          1  (omitted)
                         age |   .9812657   .0032962    -5.63   0.000     .9748265    .9877474
                     college |   1.428558   .0466984    10.91   0.000     1.339901    1.523081
                      tenure |   1.008933   .0002075    43.24   0.000     1.008526     1.00934
                       _cons |   .1725628   .0263136   -11.52   0.000     .1279824    .2326721
----------------------------------------------------------------------------------------------
Note: _cons estimates baseline odds.
(est14 stored)

Logistic regression                                    Number of obs =  46,829
                                                       Wald chi2(28) = 4477.41
                                                       Prob > chi2   =  0.0000
Log pseudolikelihood = -9455319.2                      Pseudo R2     =  0.1303

----------------------------------------------------------------------------------------------
                             |               Robust
                   permanent | Odds ratio   std. err.      z    P>|z|     [95% conf. interval]
-----------------------------+----------------------------------------------------------------
                         act |
        manufactures, prim.  |   6.347918   .5809653    20.19   0.000     5.305531    7.595105
     extractive and energy.  |   9.235541   .8050028    25.50   0.000     7.785178     10.9561
         manufactures, sec.  |   8.373772   .7509702    23.70   0.000     7.023997    9.982928
               construction  |   2.429771   .2053572    10.50   0.000     2.058848     2.86752
      hospitality and sales  |   4.386208   .3489548    18.58   0.000     3.752926    5.126353
 Transport, storage and IT.  |   5.764016    .485097    20.81   0.000     4.887519    6.797699
  Financial and prof. serv.  |     4.1031   .3374577    17.17   0.000      3.49225    4.820796
   Education and healthcare  |   4.288358   .3987057    15.66   0.000     3.573975    5.145536
             Other services  |   3.265636   .3211667    12.03   0.000     2.693111    3.959872
                             |
                         occ |
       white collar - prof.  |   1.928504   .1423076     8.90   0.000     1.668818      2.2286
white collar - tech. suport  |   2.970923   .2237305    14.46   0.000     2.563245    3.443441
       white collar - other  |   5.092821   .4403275    18.83   0.000     4.298957    6.033282
     blue collar - services  |   2.516052   .1913131    12.13   0.000     2.167688      2.9204
  blue collar - agriculture  |   1.600666   .1799103     4.19   0.000     1.284186    1.995139
     blue collar - artisans  |    1.76819   .1305301     7.72   0.000     1.530002    2.043458
       blue collar - equip.  |   2.306057   .1788922    10.77   0.000     1.980789    2.684738
                  unskilled  |   2.265092   .1801894    10.28   0.000     1.938082    2.647277
                             |
              public_servant |   .8918491   .0536246    -1.90   0.057     .7927036    1.003395
                   parent_10 |   .9982246   .0420368    -0.04   0.966     .9191425    1.084111
                     married |   1.167038   .0545406     3.31   0.001      1.06489    1.278984
           married_parent_10 |   1.020652   .0633197     0.33   0.742     .9037965    1.152617
                    divorced |   1.175784   .0823966     2.31   0.021      1.02489    1.348895
                     widowed |   1.509471   .6757903     0.92   0.358     .6276849    3.630009
                   part_time |   .4743085   .0254594   -13.90   0.000     .4269442    .5269273
                        erte |   1.196822   .8844808     0.24   0.808     .2811714    5.094345
                         age |   .9756181   .0033085    -7.28   0.000     .9691551    .9821242
                     college |   1.386621   .0468536     9.67   0.000     1.297765    1.481562
                      tenure |   1.008671   .0002102    41.43   0.000     1.008259    1.009084
                       _cons |   .1741585   .0267276   -11.39   0.000     .1289179    .2352751
----------------------------------------------------------------------------------------------
Note: _cons estimates baseline odds.
(est15 stored)

Logistic regression                                    Number of obs =  40,429
                                                       Wald chi2(28) = 4164.63
                                                       Prob > chi2   =  0.0000
Log pseudolikelihood = -8558763.2                      Pseudo R2     =  0.1452

----------------------------------------------------------------------------------------------
                             |               Robust
                   permanent | Odds ratio   std. err.      z    P>|z|     [95% conf. interval]
-----------------------------+----------------------------------------------------------------
                         act |
        manufactures, prim.  |   4.779938   .4736482    15.79   0.000     3.936189     5.80455
     extractive and energy.  |   6.477976   .6125688    19.76   0.000     5.382056    7.797052
         manufactures, sec.  |   6.771993   .6608031    19.60   0.000      5.59316     8.19928
               construction  |   1.775899   .1611852     6.33   0.000     1.486487    2.121659
      hospitality and sales  |   3.010313   .2561925    12.95   0.000     2.547828    3.556748
 Transport, storage and IT.  |   4.057084   .3665627    15.50   0.000     3.398654    4.843075
  Financial and prof. serv.  |   2.834259   .2480696    11.90   0.000     2.387469     3.36466
   Education and healthcare  |   2.787038   .2788254    10.25   0.000     2.290792    3.390784
             Other services  |   1.676244   .1817592     4.76   0.000     1.355312     2.07317
                             |
                         occ |
       white collar - prof.  |   2.530207   .2135159    11.00   0.000     2.144499    2.985288
white collar - tech. suport  |   4.238907   .3629649    16.87   0.000        3.584    5.013485
       white collar - other  |   6.815056   .6702404    19.51   0.000     5.620259    8.263853
     blue collar - services  |   3.402768   .2934905    14.20   0.000      2.87353    4.029479
  blue collar - agriculture  |   1.488666   .1901635     3.11   0.002     1.158948    1.912188
     blue collar - artisans  |   2.462803   .2063644    10.76   0.000     2.089803    2.902378
       blue collar - equip.  |   2.685901    .235211    11.28   0.000      2.26229    3.188833
                  unskilled  |   3.039272   .2778223    12.16   0.000     2.540742    3.635621
                             |
              public_servant |    .960172   .0633679    -0.62   0.538     .8436703    1.092761
                   parent_10 |   1.061334   .0498398     1.27   0.205     .9680108    1.163655
                     married |   1.120407   .0597199     2.13   0.033     1.009265    1.243789
           married_parent_10 |   .9591497    .067721    -0.59   0.555     .8351935    1.101503
                    divorced |   1.134932   .0883896     1.63   0.104     .9742655    1.322094
                     widowed |     .82486   .3209011    -0.49   0.621     .3847966    1.768191
                   part_time |    .467438   .0296959   -11.97   0.000     .4127129    .5294196
                        erte |   2.347525   .2177023     9.20   0.000     1.957368    2.815452
                         age |    .966658   .0036818    -8.90   0.000     .9594687    .9739011
                     college |    1.44299   .0541983     9.76   0.000     1.340579    1.553224
                      tenure |   1.009788   .0002338    42.07   0.000      1.00933    1.010246
                       _cons |   .2611823   .0452175    -7.75   0.000      .186028    .3666985
----------------------------------------------------------------------------------------------
Note: _cons estimates baseline odds.
(est16 stored)

Logistic regression                                    Number of obs =  35,434
                                                       Wald chi2(28) = 3283.96
                                                       Prob > chi2   =  0.0000
Log pseudolikelihood = -8431277.2                      Pseudo R2     =  0.1456

----------------------------------------------------------------------------------------------
                             |               Robust
                   permanent | Odds ratio   std. err.      z    P>|z|     [95% conf. interval]
-----------------------------+----------------------------------------------------------------
                         act |
        manufactures, prim.  |   4.203006   .4407871    13.69   0.000     3.422086    5.162132
     extractive and energy.  |   5.752357    .560983    17.94   0.000     4.751543    6.963971
         manufactures, sec.  |   6.121676   .6467793    17.15   0.000     4.976655    7.530142
               construction  |    1.71718   .1626532     5.71   0.000     1.426228    2.067486
      hospitality and sales  |   2.736683    .240665    11.45   0.000       2.3034    3.251468
 Transport, storage and IT.  |   3.625142   .3389058    13.78   0.000     3.018202    4.354134
  Financial and prof. serv.  |   2.859223   .2605003    11.53   0.000     2.391641    3.418219
   Education and healthcare  |    2.63851   .2756629     9.29   0.000     2.149948    3.238094
             Other services  |   1.856906   .2165763     5.31   0.000     1.477447    2.333824
                             |
                         occ |
       white collar - prof.  |   2.285853    .207832     9.09   0.000     1.912741    2.731747
white collar - tech. suport  |   3.817011   .3546779    14.42   0.000     3.181482    4.579493
       white collar - other  |   6.467961   .6868205    17.58   0.000     5.252668    7.964433
     blue collar - services  |   3.102809   .2899577    12.12   0.000      2.58351    3.726489
  blue collar - agriculture  |   .9670336   .1308031    -0.25   0.804      .741833    1.260599
     blue collar - artisans  |   2.342192   .2136734     9.33   0.000     1.958706     2.80076
       blue collar - equip.  |   2.885323   .2754356    11.10   0.000     2.392974    3.478972
                  unskilled  |   2.437499    .239345     9.07   0.000     2.010771    2.954788
                             |
              public_servant |   .8858796   .0621029    -1.73   0.084      .772152    1.016358
                   parent_10 |   1.066833   .0556609     1.24   0.215     .9631325      1.1817
                     married |   1.216421   .0720868     3.31   0.001      1.08303    1.366241
           married_parent_10 |    .988341   .0777694    -0.15   0.882     .8470879    1.153148
                    divorced |    1.04854   .0920193     0.54   0.589     .8828437    1.245334
                     widowed |   .8820883   .4071388    -0.27   0.786     .3569681     2.17969
                   part_time |   .5031395   .0348054    -9.93   0.000     .4393447    .5761976
                        erte |   7.538315   2.525781     6.03   0.000     3.909052    14.53708
                         age |   .9690763   .0041045    -7.42   0.000      .961065    .9771544
                     college |   1.471995   .0616177     9.24   0.000     1.356048    1.597856
                      tenure |   1.009763   .0002634    37.24   0.000     1.009247    1.010279
                       _cons |   .2720471   .0509726    -6.95   0.000     .1884332    .3927634
----------------------------------------------------------------------------------------------
Note: _cons estimates baseline odds.
(est17 stored)

Logistic regression                                    Number of obs =  33,492
                                                       Wald chi2(28) = 2524.58
                                                       Prob > chi2   =  0.0000
Log pseudolikelihood = -8229024.5                      Pseudo R2     =  0.1120

----------------------------------------------------------------------------------------------
                             |               Robust
                   permanent | Odds ratio   std. err.      z    P>|z|     [95% conf. interval]
-----------------------------+----------------------------------------------------------------
                         act |
        manufactures, prim.  |     5.4779   .6235885    14.94   0.000     4.382437    6.847191
     extractive and energy.  |   5.602766   .6191541    15.59   0.000      4.51167     6.95773
         manufactures, sec.  |   5.936884   .6521122    16.22   0.000     4.786983    7.363007
               construction  |   1.931129   .1899702     6.69   0.000     1.592489    2.341781
      hospitality and sales  |   2.864026   .2602308    11.58   0.000     2.396819    3.422305
 Transport, storage and IT.  |   3.503379    .343583    12.78   0.000     2.890734    4.245864
  Financial and prof. serv.  |   2.867575   .2725895    11.08   0.000     2.380127    3.454851
   Education and healthcare  |   2.490775   .2632314     8.64   0.000     2.024778    3.064021
             Other services  |    1.59739   .1839204     4.07   0.000     1.274692    2.001781
                             |
                         occ |
       white collar - prof.  |   2.848769   .2528353    11.80   0.000     2.393928     3.39003
white collar - tech. suport  |   4.245992   .3847344    15.96   0.000     3.555091    5.071162
       white collar - other  |   7.293302   .7756316    18.68   0.000     5.921071    8.983554
     blue collar - services  |   3.697624   .3346091    14.45   0.000      3.09667    4.415201
  blue collar - agriculture  |   1.209707    .160602     1.43   0.152     .9325533     1.56923
     blue collar - artisans  |   2.950712    .264567    12.07   0.000     2.475177    3.517607
       blue collar - equip.  |   3.712901   .3525821    13.81   0.000     3.082351    4.472441
                  unskilled  |   3.149953   .3130566    11.54   0.000     2.592435    3.827369
                             |
              public_servant |    .821966   .0571299    -2.82   0.005     .7172853    .9419237
                   parent_10 |   1.040363   .0543588     0.76   0.449     .9390957    1.152551
                     married |   1.200253    .073769     2.97   0.003     1.064038    1.353907
           married_parent_10 |   .8016784   .0643155    -2.76   0.006     .6850332    .9381856
                    divorced |   .9611205   .0816739    -0.47   0.641     .8136631    1.135301
                     widowed |   .3611969   .1662372    -2.21   0.027     .1465505    .8902271
                   part_time |   .5012415    .035079    -9.87   0.000     .4369949    .5749337
                        erte |   3.277578   3.591648     1.08   0.279     .3826363    28.07501
                         age |   .9780163   .0043287    -5.02   0.000     .9695689    .9865373
                     college |   1.393231   .0615705     7.50   0.000     1.277634    1.519288
                      tenure |   1.007729   .0002624    29.57   0.000     1.007215    1.008243
                       _cons |    .269516   .0520484    -6.79   0.000     .1845875    .3935201
----------------------------------------------------------------------------------------------
Note: _cons estimates baseline odds.
(est18 stored)
