note: erte != 0 predicts success perfectly;
      erte omitted and 2 obs not used.

note: age omitted because of collinearity.

Logistic regression                                    Number of obs =  25,080
                                                       Wald chi2(26) = 3674.11
                                                       Prob > chi2   =  0.0000
Log pseudolikelihood = -3890348.7                      Pseudo R2     =  0.2277

----------------------------------------------------------------------------------------------
                             |               Robust
                   permanent | Odds ratio   std. err.      z    P>|z|     [95% conf. interval]
-----------------------------+----------------------------------------------------------------
                         act |
        manufactures, prim.  |    7.64605   1.125823    13.82   0.000     5.729335    10.20399
     extractive and energy.  |   10.45196    1.53519    15.98   0.000     7.837411    13.93871
         manufactures, sec.  |   8.389279   1.252058    14.25   0.000     6.261625    11.23989
               construction  |   2.598147   .3452086     7.19   0.000     2.002474    3.371014
      hospitality and sales  |   3.413141   .4558924     9.19   0.000     2.626996    4.434544
 Transport, storage and IT.  |   4.106746   .5890734     9.85   0.000     3.100282    5.439945
  Financial and prof. serv.  |    4.76867   .6689385    11.14   0.000     3.622368     6.27772
   Education and healthcare  |    4.84394   .7584536    10.08   0.000      3.56385    6.583821
             Other services  |    4.56775    .710902     9.76   0.000     3.366864    6.196966
                             |
                         occ |
       white collar - prof.  |   3.844541   .3833285    13.51   0.000     3.162085    4.674288
white collar - tech. suport  |   8.745941   .7515814    25.24   0.000     7.390241    10.35034
       white collar - other  |   13.58564   1.586598    22.34   0.000     10.80619    17.07999
     blue collar - services  |   10.03823   .9284767    24.94   0.000     8.373871     12.0334
  blue collar - agriculture  |   2.865278   .5125291     5.88   0.000     2.017936    4.068424
     blue collar - artisans  |    3.94813   .3103724    17.47   0.000     3.384358    4.605815
       blue collar - equip.  |   7.627949   .6510145    23.81   0.000     6.452993     9.01684
                  unskilled  |   5.346869   .4834719    18.54   0.000       4.4785    6.383611
                             |
              public_servant |   2.914791   .2778431    11.22   0.000     2.418073    3.513545
                    parent_5 |   .9219955   .1311323    -0.57   0.568     .6976945    1.218407
                     married |   1.247295   .0746001     3.69   0.000     1.109326    1.402423
            married_parent_5 |   1.147683   .1707544     0.93   0.355     .8573904    1.536262
                    divorced |   1.272844   .1329622     2.31   0.021     1.037189     1.56204
                     widowed |   2.739712   .9103572     3.03   0.002     1.428452    5.254651
                   part_time |   .2635123   .0398127    -8.83   0.000     .1959735    .3543272
                        erte |          1  (omitted)
                         age |          1  (omitted)
                     college |   1.715543   .0966923     9.58   0.000     1.536122     1.91592
                      tenure |   1.006405   .0002337    27.49   0.000     1.005947    1.006863
                       _cons |   .0219519   .0034177   -24.53   0.000     .0161788     .029785
----------------------------------------------------------------------------------------------
Note: _cons estimates baseline odds.
(est1 stored)
note: erte != 0 predicts success perfectly;
      erte omitted and 1 obs not used.

note: age omitted because of collinearity.

Logistic regression                                    Number of obs =  21,191
                                                       Wald chi2(26) = 3134.64
                                                       Prob > chi2   =  0.0000
Log pseudolikelihood = -3217008.4                      Pseudo R2     =  0.2263

----------------------------------------------------------------------------------------------
                             |               Robust
                   permanent | Odds ratio   std. err.      z    P>|z|     [95% conf. interval]
-----------------------------+----------------------------------------------------------------
                         act |
        manufactures, prim.  |   7.086328   1.134415    12.23   0.000     5.177935    9.698082
     extractive and energy.  |    7.97492   1.195541    13.85   0.000     5.944571    10.69873
         manufactures, sec.  |   7.764467   1.267872    12.55   0.000     5.637904    10.69315
               construction  |   2.112014     .29677     5.32   0.000     1.603578    2.781656
      hospitality and sales  |   3.237883   .4535448     8.39   0.000     2.460535    4.260815
 Transport, storage and IT.  |   4.045239   .6105241     9.26   0.000     3.009382    5.437647
  Financial and prof. serv.  |   3.826765   .5614133     9.15   0.000      2.87048    5.101631
   Education and healthcare  |   4.224301   .7133665     8.53   0.000     3.033966    5.881648
             Other services  |   5.454366   .9497797     9.74   0.000     3.877241    7.673009
                             |
                         occ |
       white collar - prof.  |   3.802428   .3859917    13.16   0.000     3.116405    4.639466
white collar - tech. suport  |   8.332108   .7425516    23.79   0.000     6.996751    9.922324
       white collar - other  |   19.69703   2.594567    22.63   0.000     15.21519    25.49907
     blue collar - services  |    12.8637   1.258564    26.11   0.000     10.61905    15.58282
  blue collar - agriculture  |   3.424527   .6255523     6.74   0.000     2.393939    4.898782
     blue collar - artisans  |    4.50991   .3619545    18.77   0.000     3.853475    5.278169
       blue collar - equip.  |   9.402989    .834572    25.25   0.000     7.901629    11.18962
                  unskilled  |   6.534731   .6292942    19.49   0.000     5.410745    7.892205
                             |
              public_servant |   2.556934   .2772134     8.66   0.000     2.067452    3.162305
                    parent_5 |    .925343   .1170033    -0.61   0.539     .7222277    1.185581
                     married |   1.379568   .0913638     4.86   0.000     1.211633    1.570779
            married_parent_5 |   1.001262    .135178     0.01   0.993     .7684736    1.304567
                    divorced |   1.398944   .1486926     3.16   0.002     1.135865    1.722954
                     widowed |   1.547548   .4516592     1.50   0.135     .8734073    2.742024
                   part_time |   .3279314   .0565651    -6.46   0.000     .2338615    .4598406
                        erte |          1  (omitted)
                         age |          1  (omitted)
                     college |   1.805772   .1108271     9.63   0.000     1.601111    2.036593
                      tenure |   1.006658   .0002464    27.11   0.000     1.006175    1.007141
                       _cons |   .0215408   .0035506   -23.28   0.000      .015594    .0297555
----------------------------------------------------------------------------------------------
Note: _cons estimates baseline odds.
(est2 stored)
note: erte omitted because of collinearity.
note: age omitted because of collinearity.

Logistic regression                                    Number of obs =  22,227
                                                       Wald chi2(26) = 2978.86
                                                       Prob > chi2   =  0.0000
Log pseudolikelihood = -3455125.7                      Pseudo R2     =  0.1983

----------------------------------------------------------------------------------------------
                             |               Robust
                   permanent | Odds ratio   std. err.      z    P>|z|     [95% conf. interval]
-----------------------------+----------------------------------------------------------------
                         act |
        manufactures, prim.  |   7.558129   1.090336    14.02   0.000     5.696656    10.02787
     extractive and energy.  |   7.663512   1.037302    15.05   0.000     5.877771    9.991784
         manufactures, sec.  |   9.450861    1.42808    14.86   0.000     7.028293    12.70846
               construction  |   2.280625   .2846424     6.61   0.000     1.785732    2.912671
      hospitality and sales  |   3.237148   .4016624     9.47   0.000     2.538319    4.128373
 Transport, storage and IT.  |   3.778405   .5243486     9.58   0.000      2.87861    4.959456
  Financial and prof. serv.  |   4.655134   .6184276    11.58   0.000     3.587991    6.039667
   Education and healthcare  |   3.422571   .5370722     7.84   0.000     2.516409    4.655042
             Other services  |   4.312081   .6532776     9.65   0.000      3.20428    5.802878
                             |
                         occ |
       white collar - prof.  |   2.941953   .3018854    10.52   0.000     2.405972    3.597335
white collar - tech. suport  |   6.757653   .5882184    21.95   0.000     5.697748    8.014723
       white collar - other  |   12.42745   1.464939    21.38   0.000     9.863772    15.65745
     blue collar - services  |    10.0993   .9756718    23.94   0.000     8.357156    12.20461
  blue collar - agriculture  |   2.581621   .3897233     6.28   0.000     1.920412    3.470487
     blue collar - artisans  |   3.684178   .2885584    16.65   0.000     3.159885    4.295461
       blue collar - equip.  |   7.083941   .6257236    22.16   0.000     5.957834    8.422896
                  unskilled  |   4.546592   .4116907    16.72   0.000      3.80724    5.429523
                             |
              public_servant |   3.275432   .3627942    10.71   0.000     2.636256     4.06958
                    parent_5 |    .645549   .0834818    -3.38   0.001     .5010172    .8317749
                     married |   1.169249   .0734175     2.49   0.013     1.033856    1.322374
            married_parent_5 |   1.586033   .2174519     3.36   0.001     1.212296    2.074988
                    divorced |   1.276486   .1280628     2.43   0.015     1.048624    1.553862
                     widowed |   1.149393    .327204     0.49   0.625     .6578888    2.008098
                   part_time |   .3964638   .0540548    -6.79   0.000     .3034931    .5179148
                        erte |          1  (omitted)
                         age |          1  (omitted)
                     college |   1.576914   .0918524     7.82   0.000     1.406783    1.767621
                      tenure |   1.005756   .0002401    24.05   0.000     1.005286    1.006227
                       _cons |   .0332206   .0048869   -23.14   0.000     .0248996    .0443224
----------------------------------------------------------------------------------------------
Note: _cons estimates baseline odds.
(est3 stored)
note: erte != 0 predicts success perfectly;
      erte omitted and 2 obs not used.

note: age omitted because of collinearity.

Logistic regression                                    Number of obs =  21,694
                                                       Wald chi2(26) = 2887.19
                                                       Prob > chi2   =  0.0000
Log pseudolikelihood = -3424091                        Pseudo R2     =  0.1957

----------------------------------------------------------------------------------------------
                             |               Robust
                   permanent | Odds ratio   std. err.      z    P>|z|     [95% conf. interval]
-----------------------------+----------------------------------------------------------------
                         act |
        manufactures, prim.  |   6.258123   .9488345    12.10   0.000     4.649303    8.423649
     extractive and energy.  |   8.408958   1.184467    15.12   0.000     6.380341    11.08257
         manufactures, sec.  |    7.49535   1.147007    13.16   0.000     5.553071    10.11697
               construction  |   2.425462   .3247576     6.62   0.000     1.865617    3.153307
      hospitality and sales  |   3.261497   .4301567     8.96   0.000     2.518561    4.223586
 Transport, storage and IT.  |   4.227575    .598801    10.18   0.000      3.20277    5.580293
  Financial and prof. serv.  |   3.972466   .5431319    10.09   0.000     3.038648    5.193259
   Education and healthcare  |   4.422613   .6899648     9.53   0.000       3.2575    6.004454
             Other services  |   3.180318    .583506     6.31   0.000     2.219714    4.556632
                             |
                         occ |
       white collar - prof.  |   3.565886    .367052    12.35   0.000     2.914403    4.363001
white collar - tech. suport  |   8.019728   .7090693    23.55   0.000     6.743729    9.537162
       white collar - other  |   18.77935   2.371208    23.23   0.000      14.6623    24.05244
     blue collar - services  |   10.32834   1.006209    23.97   0.000     8.533059    12.50134
  blue collar - agriculture  |   3.399535   .5493786     7.57   0.000     2.476635    4.666348
     blue collar - artisans  |   4.190687   .3324161    18.06   0.000     3.587284    4.895586
       blue collar - equip.  |   6.950197     .60132    22.41   0.000     5.866141    8.234585
                  unskilled  |   5.620394   .5299719    18.31   0.000     4.672004    6.761302
                             |
              public_servant |   2.388326   .2500051     8.32   0.000     1.945322    2.932214
                    parent_5 |   .7536158   .0934319    -2.28   0.023     .5910437    .9609047
                     married |   1.223258   .0772225     3.19   0.001     1.080894    1.384373
            married_parent_5 |   1.339804   .1776459     2.21   0.027     1.033189    1.737413
                    divorced |   .9792329   .0992403    -0.21   0.836     .8028252    1.194403
                     widowed |    .643277   .2307845    -1.23   0.219     .3184328    1.299506
                   part_time |   .2665899   .0400836    -8.79   0.000     .1985454    .3579542
                        erte |          1  (omitted)
                         age |          1  (omitted)
                     college |   1.724941   .1003958     9.37   0.000     1.538978    1.933376
                      tenure |   1.005839   .0002418    24.22   0.000     1.005366    1.006314
                       _cons |    .031063   .0047992   -22.47   0.000     .0229475    .0420486
----------------------------------------------------------------------------------------------
Note: _cons estimates baseline odds.
(est4 stored)
note: age omitted because of collinearity.

Logistic regression                                    Number of obs =  20,596
                                                       Wald chi2(27) = 2818.77
                                                       Prob > chi2   =  0.0000
Log pseudolikelihood = -3116568.4                      Pseudo R2     =  0.2005

----------------------------------------------------------------------------------------------
                             |               Robust
                   permanent | Odds ratio   std. err.      z    P>|z|     [95% conf. interval]
-----------------------------+----------------------------------------------------------------
                         act |
        manufactures, prim.  |   6.729787    .999054    12.84   0.000     5.030814    9.002525
     extractive and energy.  |   10.14676   1.434854    16.39   0.000     7.690575    13.38739
         manufactures, sec.  |   9.292222   1.396924    14.83   0.000     6.920798    12.47622
               construction  |   2.580538   .3407073     7.18   0.000      1.99217    3.342674
      hospitality and sales  |   4.095871   .5284987    10.93   0.000     3.180636    5.274466
 Transport, storage and IT.  |   5.087134   .6869009    12.05   0.000     3.904252    6.628396
  Financial and prof. serv.  |   5.176346   .6792449    12.53   0.000     4.002468     6.69451
   Education and healthcare  |   5.324138   .8173189    10.89   0.000     3.940758    7.193147
             Other services  |   2.429974   .4052896     5.32   0.000     1.752394    3.369547
                             |
                         occ |
       white collar - prof.  |   4.175051   .4206695    14.18   0.000     3.426861    5.086594
white collar - tech. suport  |   9.841529   .9009044    24.98   0.000     8.225128    11.77559
       white collar - other  |   17.71382   2.305207    22.09   0.000     13.72588    22.86042
     blue collar - services  |   11.64955   1.132422    25.26   0.000     9.628667    14.09458
  blue collar - agriculture  |   3.701475   .5705108     8.49   0.000     2.736394    5.006925
     blue collar - artisans  |   5.148339   .4133169    20.41   0.000     4.398771    6.025637
       blue collar - equip.  |   8.788318   .7671736    24.90   0.000     7.406284    10.42824
                  unskilled  |   7.371633   .7366238    19.99   0.000     6.060464    8.966471
                             |
              public_servant |   1.934606   .2019812     6.32   0.000     1.576607    2.373896
                    parent_5 |   .8745845   .1051557    -1.11   0.265     .6909674    1.106996
                     married |   1.072665   .0705568     1.07   0.286     .9429192    1.220264
            married_parent_5 |   1.120188   .1455771     0.87   0.382     .8683014    1.445144
                    divorced |   1.057168   .1064737     0.55   0.581     .8677897    1.287875
                     widowed |   .6951653   .3535295    -0.71   0.475     .2565699    1.883521
                   part_time |   .3099164    .044994    -8.07   0.000     .2331665    .4119296
                        erte |   3.626659   2.847428     1.64   0.101      .778388     16.8973
                         age |          1  (omitted)
                     college |   1.770656   .1049589     9.64   0.000     1.576441    1.988798
                      tenure |   1.006225   .0002601    24.01   0.000     1.005716    1.006735
                       _cons |   .0271827   .0041828   -23.43   0.000     .0201054    .0367513
----------------------------------------------------------------------------------------------
Note: _cons estimates baseline odds.
(est5 stored)
note: erte != 0 predicts success perfectly;
      erte omitted and 22 obs not used.

note: age omitted because of collinearity.

Logistic regression                                    Number of obs =  20,469
                                                       Wald chi2(26) = 2565.96
                                                       Prob > chi2   =  0.0000
Log pseudolikelihood = -3070226                        Pseudo R2     =  0.2065

----------------------------------------------------------------------------------------------
                             |               Robust
                   permanent | Odds ratio   std. err.      z    P>|z|     [95% conf. interval]
-----------------------------+----------------------------------------------------------------
                         act |
        manufactures, prim.  |   8.282224   1.212938    14.44   0.000     6.215669    11.03586
     extractive and energy.  |   13.05804   1.825704    18.38   0.000      9.92813    17.17466
         manufactures, sec.  |   10.76969   1.604738    15.95   0.000     8.042105    14.42236
               construction  |   2.983987   .3821312     8.54   0.000     2.321622    3.835326
      hospitality and sales  |   4.622359    .581041    12.18   0.000     3.612981    5.913732
 Transport, storage and IT.  |   5.423132   .7266465    12.62   0.000     4.170591    7.051847
  Financial and prof. serv.  |   5.021273   .6464651    12.53   0.000     3.901446    6.462521
   Education and healthcare  |   4.209746   .6367345     9.50   0.000     3.129749    5.662422
             Other services  |   3.559156   .5677364     7.96   0.000     2.603563    4.865482
                             |
                         occ |
       white collar - prof.  |   5.005529   .5133708    15.70   0.000     4.094021    6.119977
white collar - tech. suport  |   8.631802   .7981548    23.31   0.000     7.201013    10.34688
       white collar - other  |   15.07364   2.028086    20.16   0.000     11.57959      19.622
     blue collar - services  |   11.59689   1.140389    24.92   0.000     9.563966    14.06194
  blue collar - agriculture  |   4.746316   .7543593     9.80   0.000     3.475924    6.481014
     blue collar - artisans  |   4.724201   .4011756    18.28   0.000     3.999862    5.579712
       blue collar - equip.  |   8.305326   .7616006    23.08   0.000      6.93907    9.940588
                  unskilled  |   6.941758   .7101993    18.94   0.000     5.680473    8.483097
                             |
              public_servant |   2.581177   .2630368     9.31   0.000     2.113857    3.151811
                    parent_5 |   .6718837   .0725168    -3.68   0.000     .5437803    .8301656
                     married |   .9748714   .0630545    -0.39   0.694     .8587995    1.106631
            married_parent_5 |   1.502331   .1786159     3.42   0.001     1.190047    1.896562
                    divorced |   1.232946   .1270093     2.03   0.042     1.007533     1.50879
                     widowed |   .6157725   .2206045    -1.35   0.176     .3051208    1.242707
                   part_time |   .2690733   .0382014    -9.25   0.000     .2037146    .3554012
                        erte |          1  (omitted)
                         age |          1  (omitted)
                     college |   1.763512   .1051888     9.51   0.000      1.56894    1.982213
                      tenure |   1.006146   .0002687    22.94   0.000     1.005619    1.006672
                       _cons |   .0273624   .0041908   -23.50   0.000     .0202668    .0369422
----------------------------------------------------------------------------------------------
Note: _cons estimates baseline odds.
(est6 stored)
note: age omitted because of collinearity.

Logistic regression                                    Number of obs =  19,871
                                                       Wald chi2(27) = 2116.39
                                                       Prob > chi2   =  0.0000
Log pseudolikelihood = -3305438.7                      Pseudo R2     =  0.1425

----------------------------------------------------------------------------------------------
                             |               Robust
                   permanent | Odds ratio   std. err.      z    P>|z|     [95% conf. interval]
-----------------------------+----------------------------------------------------------------
                         act |
        manufactures, prim.  |   7.189938   1.067159    13.29   0.000     5.375098    9.617537
     extractive and energy.  |   8.057822   1.119487    15.02   0.000     6.137038    10.57978
         manufactures, sec.  |   7.355242   1.047068    14.02   0.000     5.564456     9.72235
               construction  |   2.586603   .3324173     7.39   0.000     2.010655     3.32753
      hospitality and sales  |   3.385979   .4190087     9.86   0.000     2.656743    4.315378
 Transport, storage and IT.  |   4.756557   .6253698    11.86   0.000     3.676044    6.154668
  Financial and prof. serv.  |    3.83907   .4833653    10.68   0.000     2.999534    4.913581
   Education and healthcare  |     4.7234   .7189093    10.20   0.000       3.5051    6.365155
             Other services  |   3.783649   .5935611     8.48   0.000     2.782136    5.145687
                             |
                         occ |
       white collar - prof.  |   1.837887   .1826203     6.13   0.000     1.512654    2.233047
white collar - tech. suport  |   3.621237   .3468211    13.44   0.000     3.001469    4.368981
       white collar - other  |   5.108011   .6597282    12.63   0.000      3.96565    6.579445
     blue collar - services  |   2.225138   .2171589     8.20   0.000     1.837745    2.694193
  blue collar - agriculture  |   1.518987   .2305551     2.75   0.006     1.128124    2.045273
     blue collar - artisans  |    1.93001   .1804974     7.03   0.000     1.606771    2.318276
       blue collar - equip.  |   2.870156   .2841293    10.65   0.000     2.363967    3.484734
                  unskilled  |   2.989125   .3272262    10.00   0.000      2.41191    3.704478
                             |
              public_servant |   1.909066   .2057353     6.00   0.000     1.545571    2.358048
                    parent_5 |   1.016307   .1154225     0.14   0.887     .8134926    1.269686
                     married |   1.036694   .0673967     0.55   0.579     .9126684    1.177574
            married_parent_5 |   1.085617   .1348751     0.66   0.508     .8509907    1.384932
                    divorced |   1.264621   .1268809     2.34   0.019     1.038863    1.539439
                     widowed |   .8199054   .3104162    -0.52   0.600     .3903901    1.721982
                   part_time |   .2604809   .0323241   -10.84   0.000     .2042428     .332204
                        erte |    9.88555    10.0996     2.24   0.025     1.334653    73.22059
                         age |          1  (omitted)
                     college |   1.457707   .0816816     6.73   0.000     1.306092    1.626922
                      tenure |   1.005844   .0002652    22.10   0.000     1.005325    1.006364
                       _cons |   .0775008   .0121047   -16.37   0.000     .0570635    .1052578
----------------------------------------------------------------------------------------------
Note: _cons estimates baseline odds.
(est7 stored)
note: erte != 0 predicts success perfectly;
      erte omitted and 25 obs not used.

note: age omitted because of collinearity.

Logistic regression                                    Number of obs =  19,279
                                                       Wald chi2(26) = 1886.61
                                                       Prob > chi2   =  0.0000
Log pseudolikelihood = -3155249                        Pseudo R2     =  0.1496

----------------------------------------------------------------------------------------------
                             |               Robust
                   permanent | Odds ratio   std. err.      z    P>|z|     [95% conf. interval]
-----------------------------+----------------------------------------------------------------
                         act |
        manufactures, prim.  |   7.552107   1.190814    12.82   0.000     5.544353    10.28692
     extractive and energy.  |   10.96773   1.614371    16.27   0.000     8.219133     14.6355
         manufactures, sec.  |   9.397477   1.462229    14.40   0.000     6.927331    12.74843
               construction  |   2.806809   .3960277     7.31   0.000     2.128689    3.700952
      hospitality and sales  |   3.842411   .5139814    10.06   0.000      2.95626     4.99419
 Transport, storage and IT.  |   4.264602   .6151299    10.06   0.000     3.214404    5.657917
  Financial and prof. serv.  |   4.263139    .575969    10.73   0.000      3.27136    5.555595
   Education and healthcare  |   5.930519    .933438    11.31   0.000     4.356294    8.073617
             Other services  |   3.158462   .5523216     6.58   0.000     2.241949    4.449648
                             |
                         occ |
       white collar - prof.  |   1.744927   .1698367     5.72   0.000     1.441878    2.111671
white collar - tech. suport  |   3.272619   .3121245    12.43   0.000     2.714642    3.945285
       white collar - other  |   7.756439   1.013899    15.67   0.000      6.00338    10.02141
     blue collar - services  |   2.288831   .2176516     8.71   0.000     1.899636    2.757763
  blue collar - agriculture  |    1.30355   .2182624     1.58   0.113     .9388696    1.809882
     blue collar - artisans  |   1.525556   .1375339     4.68   0.000     1.278467      1.8204
       blue collar - equip.  |   2.561958   .2567199     9.39   0.000     2.105124    3.117929
                  unskilled  |   2.539689   .2832551     8.36   0.000     2.041009    3.160212
                             |
              public_servant |   2.104342   .2129012     7.35   0.000     1.725831    2.565869
                    parent_5 |   1.076851   .1204602     0.66   0.508     .8648435    1.340831
                     married |   .9863045   .0666628    -0.20   0.838     .8639322     1.12601
            married_parent_5 |   1.032575   .1274381     0.26   0.795     .8107149    1.315149
                    divorced |   .9965369   .0987975    -0.03   0.972      .820549     1.21027
                     widowed |   3.472232   1.360935     3.18   0.001     1.610578    7.485756
                   part_time |   .3465384   .0408515    -8.99   0.000     .2750476    .4366113
                        erte |          1  (omitted)
                         age |          1  (omitted)
                     college |   1.260149   .0711705     4.09   0.000     1.128101    1.407654
                      tenure |   1.005379   .0002737    19.71   0.000     1.004843    1.005915
                       _cons |   .0879884   .0142629   -14.99   0.000     .0640392     .120894
----------------------------------------------------------------------------------------------
Note: _cons estimates baseline odds.
(est8 stored)
note: age omitted because of collinearity.

Logistic regression                                    Number of obs =  18,723
                                                       Wald chi2(27) = 2076.95
                                                       Prob > chi2   =  0.0000
Log pseudolikelihood = -3080370                        Pseudo R2     =  0.1624

----------------------------------------------------------------------------------------------
                             |               Robust
                   permanent | Odds ratio   std. err.      z    P>|z|     [95% conf. interval]
-----------------------------+----------------------------------------------------------------
                         act |
        manufactures, prim.  |   6.868698   1.083387    12.22   0.000     5.042153    9.356919
     extractive and energy.  |    9.01002   1.356871    14.60   0.000     6.707155    12.10356
         manufactures, sec.  |   11.29162   1.793582    15.26   0.000     8.270843    15.41568
               construction  |   2.636417   .3798475     6.73   0.000     1.987812    3.496655
      hospitality and sales  |    3.83151    .520867     9.88   0.000     2.935318    5.001323
 Transport, storage and IT.  |   5.885217   .8482352    12.30   0.000     4.436893    7.806313
  Financial and prof. serv.  |   4.254818   .5895653    10.45   0.000      3.24291    5.582478
   Education and healthcare  |   5.748666   .9358487    10.74   0.000     4.178271    7.909293
             Other services  |   4.754578   .8015699     9.25   0.000     3.416714    6.616301
                             |
                         occ |
       white collar - prof.  |   1.438695   .1432598     3.65   0.000     1.183612    1.748752
white collar - tech. suport  |    3.05473   .2993896    11.39   0.000     2.520855    3.701672
       white collar - other  |   7.243125   1.079676    13.28   0.000     5.408092    9.700807
     blue collar - services  |   2.169322   .2126488     7.90   0.000      1.79013    2.628836
  blue collar - agriculture  |   1.345053   .2270771     1.76   0.079     .9661315     1.87259
     blue collar - artisans  |   1.482404   .1425013     4.10   0.000      1.22784    1.789746
       blue collar - equip.  |   2.856401   .2956034    10.14   0.000     2.332007    3.498713
                  unskilled  |   2.808678   .3195339     9.08   0.000     2.247313    3.510268
                             |
              public_servant |   2.427494   .2508528     8.58   0.000     1.982424    2.972486
                    parent_5 |    1.01074   .1100766     0.10   0.922     .8164654    1.251242
                     married |   1.154647   .0794676     2.09   0.037     1.008941    1.321394
            married_parent_5 |   1.070954    .130154     0.56   0.573     .8439633    1.358996
                    divorced |   1.025677   .1017008     0.26   0.798     .8445199    1.245694
                     widowed |   2.237917   .7980663     2.26   0.024      1.11249    4.501861
                   part_time |   .4142182   .0436529    -8.36   0.000     .3369181    .5092536
                        erte |   10.33469   10.16745     2.37   0.018     1.502691    71.07629
                         age |          1  (omitted)
                     college |   1.749257    .099908     9.79   0.000     1.564004    1.956454
                      tenure |   1.006129    .000282    21.80   0.000     1.005576    1.006681
                       _cons |    .062973   .0104396   -16.68   0.000     .0455033    .0871498
----------------------------------------------------------------------------------------------
Note: _cons estimates baseline odds.
(est9 stored)
note: erte != 0 predicts success perfectly;
      erte omitted and 13 obs not used.

note: age omitted because of collinearity.

Logistic regression                                    Number of obs =  18,660
                                                       Wald chi2(26) = 2155.61
                                                       Prob > chi2   =  0.0000
Log pseudolikelihood = -3239868                        Pseudo R2     =  0.1589

----------------------------------------------------------------------------------------------
                             |               Robust
                   permanent | Odds ratio   std. err.      z    P>|z|     [95% conf. interval]
-----------------------------+----------------------------------------------------------------
                         act |
        manufactures, prim.  |   6.808228   1.042529    12.53   0.000     5.043028    9.191295
     extractive and energy.  |   9.267498   1.312381    15.72   0.000     7.021387    12.23213
         manufactures, sec.  |   8.386987   1.246747    14.31   0.000     6.267188    11.22378
               construction  |   2.729247   .3791146     7.23   0.000     2.078759    3.583288
      hospitality and sales  |   3.206381   .4158228     8.98   0.000     2.486716     4.13432
 Transport, storage and IT.  |   4.488044   .6144198    10.97   0.000     3.431834     5.86932
  Financial and prof. serv.  |   4.215232    .562927    10.77   0.000     3.244494     5.47641
   Education and healthcare  |   5.657352   .8757006    11.20   0.000     4.176917    7.662501
             Other services  |   3.283313   .5232793     7.46   0.000     2.402436    4.487174
                             |
                         occ |
       white collar - prof.  |   1.449503   .1557509     3.45   0.001     1.174239    1.789294
white collar - tech. suport  |   2.947059      .3085    10.32   0.000     2.400405    3.618205
       white collar - other  |   6.820417    .973859    13.45   0.000     5.155507     9.02299
     blue collar - services  |    1.83516   .1888352     5.90   0.000     1.499983    2.245232
  blue collar - agriculture  |   .9094651   .1600209    -0.54   0.590     .6441939    1.283972
     blue collar - artisans  |    1.37416   .1430895     3.05   0.002     1.120477    1.685279
       blue collar - equip.  |   2.715404   .3018188     8.99   0.000     2.183851    3.376339
                  unskilled  |    2.54058   .3042226     7.79   0.000     2.009118    3.212627
                             |
              public_servant |   1.683793   .1746736     5.02   0.000        1.374    2.063435
                    parent_5 |   1.058939     .10751     0.56   0.573     .8678641    1.292082
                     married |   .9116847   .0625376    -1.35   0.178     .7969956    1.042878
            married_parent_5 |   .9517363   .1097756    -0.43   0.668     .7591665    1.193153
                    divorced |   .7528508    .069975    -3.05   0.002     .6274695     .903286
                     widowed |   1.163691   .5017741     0.35   0.725     .4998117    2.709373
                   part_time |   .4551937   .0486596    -7.36   0.000      .369151    .5612915
                        erte |          1  (omitted)
                         age |          1  (omitted)
                     college |   1.586903   .0862392     8.50   0.000     1.426568    1.765259
                      tenure |   1.006607   .0002782    23.83   0.000     1.006062    1.007153
                       _cons |   .0870327   .0144648   -14.69   0.000     .0628367    .1205456
----------------------------------------------------------------------------------------------
Note: _cons estimates baseline odds.
(est10 stored)
note: erte != 0 predicts success perfectly;
      erte omitted and 3 obs not used.

note: age omitted because of collinearity.

Logistic regression                                    Number of obs =  18,769
                                                       Wald chi2(26) = 2125.50
                                                       Prob > chi2   =  0.0000
Log pseudolikelihood = -3435463.4                      Pseudo R2     =  0.1577

----------------------------------------------------------------------------------------------
                             |               Robust
                   permanent | Odds ratio   std. err.      z    P>|z|     [95% conf. interval]
-----------------------------+----------------------------------------------------------------
                         act |
        manufactures, prim.  |   4.869804   .7733399     9.97   0.000     3.567287    6.647906
     extractive and energy.  |   7.195058   1.090129    13.02   0.000     5.346482     9.68279
         manufactures, sec.  |   5.560501   .8380406    11.38   0.000     4.138345    7.471386
               construction  |   1.336245   .1923152     2.01   0.044     1.007812    1.771711
      hospitality and sales  |   2.453171   .3324996     6.62   0.000     1.880863    3.199621
 Transport, storage and IT.  |   3.085628   .4421533     7.86   0.000     2.330082    4.086166
  Financial and prof. serv.  |   2.625437   .3646785     6.95   0.000     1.999715    3.446952
   Education and healthcare  |    4.33981   .6910082     9.22   0.000     3.176419    5.929303
             Other services  |   1.970287   .3367225     3.97   0.000      1.40948    2.754228
                             |
                         occ |
       white collar - prof.  |   1.717249   .1749296     5.31   0.000     1.406451    2.096727
white collar - tech. suport  |   3.535504   .3596218    12.42   0.000     2.896472     4.31552
       white collar - other  |   8.296119   1.143247    15.35   0.000     6.332498    10.86863
     blue collar - services  |   1.790217   .1747285     5.97   0.000     1.478519    2.167627
  blue collar - agriculture  |   1.121281   .2073354     0.62   0.536     .7804037    1.611052
     blue collar - artisans  |   1.874163   .1845941     6.38   0.000     1.545144    2.273243
       blue collar - equip.  |    2.59727   .2721945     9.11   0.000     2.115003    3.189505
                  unskilled  |   2.612944    .304883     8.23   0.000     2.078789    3.284353
                             |
              public_servant |   1.210193     .12622     1.83   0.067     .9864531    1.484679
                    parent_5 |   1.132931   .1026298     1.38   0.168      .948626    1.353045
                     married |   .9386087   .0625779    -0.95   0.342      .823634    1.069633
            married_parent_5 |   .9508898   .1006877    -0.48   0.634     .7726775    1.170205
                    divorced |   1.096311   .1049369     0.96   0.337      .908779    1.322541
                     widowed |    3.31478   1.849586     2.15   0.032     1.110452    9.894856
                   part_time |   .6387176   .0604208    -4.74   0.000     .5306251    .7688294
                        erte |          1  (omitted)
                         age |          1  (omitted)
                     college |   1.579564   .0856586     8.43   0.000     1.420291    1.756699
                      tenure |   1.007236   .0002716    26.74   0.000     1.006703    1.007768
                       _cons |   .0942402   .0158048   -14.08   0.000     .0678396    .1309149
----------------------------------------------------------------------------------------------
Note: _cons estimates baseline odds.
(est11 stored)
note: erte != 0 predicts success perfectly;
      erte omitted and 3 obs not used.

note: age omitted because of collinearity.

Logistic regression                                    Number of obs =  18,399
                                                       Wald chi2(26) = 2082.65
                                                       Prob > chi2   =  0.0000
Log pseudolikelihood = -3522609                        Pseudo R2     =  0.1536

----------------------------------------------------------------------------------------------
                             |               Robust
                   permanent | Odds ratio   std. err.      z    P>|z|     [95% conf. interval]
-----------------------------+----------------------------------------------------------------
                         act |
        manufactures, prim.  |   4.250768    .631309     9.74   0.000      3.17724    5.687021
     extractive and energy.  |   6.144458   .8302026    13.44   0.000      4.71492    8.007425
         manufactures, sec.  |   6.260033   .8737616    13.14   0.000     4.761763    8.229727
               construction  |   1.589764    .210353     3.50   0.000     1.226603    2.060446
      hospitality and sales  |   2.824628   .3506825     8.36   0.000     2.214537    3.602793
 Transport, storage and IT.  |   4.062737   .5412658    10.52   0.000     3.129073     5.27499
  Financial and prof. serv.  |   2.971973   .3831381     8.45   0.000     2.308397    3.826303
   Education and healthcare  |   3.434452   .5007276     8.46   0.000      2.58081    4.570448
             Other services  |   2.821683   .4465337     6.55   0.000     2.069212    3.847792
                             |
                         occ |
       white collar - prof.  |   1.693475   .1754123     5.09   0.000     1.382325    2.074662
white collar - tech. suport  |   2.656797   .2741981     9.47   0.000     2.170246    3.252428
       white collar - other  |   7.181947   .9691641    14.61   0.000     5.512863    9.356365
     blue collar - services  |   1.805912   .1879364     5.68   0.000       1.4727    2.214516
  blue collar - agriculture  |    .646404   .1186303    -2.38   0.017     .4511164    .9262313
     blue collar - artisans  |   1.746615   .1801729     5.41   0.000     1.426892    2.137978
       blue collar - equip.  |    2.38363   .2614069     7.92   0.000     1.922603    2.955208
                  unskilled  |   2.273451   .2619056     7.13   0.000     1.813951    2.849348
                             |
              public_servant |   1.683375    .166163     5.28   0.000     1.387268    2.042685
                    parent_5 |   .9824505   .0863185    -0.20   0.840     .8270348    1.167072
                     married |   1.007161   .0639283     0.11   0.910     .8893443    1.140585
            married_parent_5 |   1.091638   .1124266     0.85   0.395     .8921013    1.335805
                    divorced |   1.139114   .1058477     1.40   0.161     .9494511    1.366664
                     widowed |   .5967577   .2476814    -1.24   0.214     .2645519    1.346124
                   part_time |   .5639053    .054168    -5.96   0.000     .4671333    .6807246
                        erte |          1  (omitted)
                         age |          1  (omitted)
                     college |   1.397976   .0749035     6.25   0.000     1.258614     1.55277
                      tenure |   1.007412   .0002761    26.95   0.000     1.006871    1.007953
                       _cons |    .097795   .0156074   -14.57   0.000     .0715271    .1337095
----------------------------------------------------------------------------------------------
Note: _cons estimates baseline odds.
(est12 stored)
note: erte != 0 predicts success perfectly;
      erte omitted and 1 obs not used.

note: age omitted because of collinearity.

Logistic regression                                    Number of obs =  19,284
                                                       Wald chi2(26) = 2158.00
                                                       Prob > chi2   =  0.0000
Log pseudolikelihood = -3645138.4                      Pseudo R2     =  0.1446

----------------------------------------------------------------------------------------------
                             |               Robust
                   permanent | Odds ratio   std. err.      z    P>|z|     [95% conf. interval]
-----------------------------+----------------------------------------------------------------
                         act |
        manufactures, prim.  |   5.640944   .8022307    12.16   0.000     4.268719    7.454285
     extractive and energy.  |   8.770724    1.18988    16.01   0.000     6.722909    11.44231
         manufactures, sec.  |   7.295082   1.027671    14.11   0.000     5.535029    9.614805
               construction  |   2.199807   .2899117     5.98   0.000     1.699046    2.848159
      hospitality and sales  |   3.573237   .4439115    10.25   0.000     2.801013     4.55836
 Transport, storage and IT.  |   4.302014   .5617947    11.17   0.000     3.330539    5.556857
  Financial and prof. serv.  |   3.708899   .4726177    10.29   0.000     2.889204    4.761151
   Education and healthcare  |   6.657418   .9966503    12.66   0.000     4.964511    8.927609
             Other services  |   3.332474   .5190009     7.73   0.000     2.455841    4.522028
                             |
                         occ |
       white collar - prof.  |   1.832152   .1796197     6.18   0.000      1.51186    2.220298
white collar - tech. suport  |   2.467632   .2432863     9.16   0.000     2.034041    2.993652
       white collar - other  |   5.077717     .61558    13.40   0.000     4.003833    6.439632
     blue collar - services  |   1.950145    .193603     6.73   0.000     1.605324    2.369032
  blue collar - agriculture  |   1.111101   .1938879     0.60   0.546     .7892569    1.564188
     blue collar - artisans  |   1.660134   .1602211     5.25   0.000      1.37402    2.005827
       blue collar - equip.  |    2.84313   .2922661    10.16   0.000     2.324318    3.477747
                  unskilled  |   2.239625   .2379457     7.59   0.000     1.818614      2.7581
                             |
              public_servant |   1.166836   .1145241     1.57   0.116     .9626425    1.414342
                    parent_5 |     1.0379   .0875851     0.44   0.659     .8796809    1.224576
                     married |   1.370907   .0839806     5.15   0.000     1.215805    1.545795
            married_parent_5 |   .8672468   .0869542    -1.42   0.155     .7125203    1.055573
                    divorced |   1.186183   .1001077     2.02   0.043     1.005344    1.399551
                     widowed |   .7054103   .2092849    -1.18   0.239      .394369    1.261772
                   part_time |   .6227451   .0578946    -5.09   0.000     .5190113     .747212
                        erte |          1  (omitted)
                         age |          1  (omitted)
                     college |   1.361768   .0699151     6.01   0.000     1.231406    1.505931
                      tenure |    1.00704   .0002678    26.38   0.000     1.006515    1.007565
                       _cons |   .0738327   .0114331   -16.83   0.000     .0545053    .1000136
----------------------------------------------------------------------------------------------
Note: _cons estimates baseline odds.
(est13 stored)
note: erte != 0 predicts success perfectly;
      erte omitted and 4 obs not used.

note: age omitted because of collinearity.

Logistic regression                                    Number of obs =  19,895
                                                       Wald chi2(26) = 2119.54
                                                       Prob > chi2   =  0.0000
Log pseudolikelihood = -3753911.3                      Pseudo R2     =  0.1305

----------------------------------------------------------------------------------------------
                             |               Robust
                   permanent | Odds ratio   std. err.      z    P>|z|     [95% conf. interval]
-----------------------------+----------------------------------------------------------------
                         act |
        manufactures, prim.  |   5.029582   .6746566    12.04   0.000     3.866817    6.541994
     extractive and energy.  |   8.942716   1.155195    16.96   0.000     6.942463    11.51928
         manufactures, sec.  |   8.532716   1.146466    15.96   0.000     6.557206    11.10339
               construction  |    1.95475   .2404374     5.45   0.000     1.536003    2.487657
      hospitality and sales  |   3.622824   .4259937    10.95   0.000     2.877118    4.561804
 Transport, storage and IT.  |   4.726651   .5922133    12.40   0.000     3.697468    6.042304
  Financial and prof. serv.  |   4.053791   .4890957    11.60   0.000     3.200093    5.135231
   Education and healthcare  |   4.400816   .6365575    10.24   0.000     3.314445    5.843264
             Other services  |   4.004458   .6140821     9.05   0.000     2.964916     5.40848
                             |
                         occ |
       white collar - prof.  |   1.862867   .1766647     6.56   0.000     1.546886    2.243393
white collar - tech. suport  |   2.218603   .2103384     8.41   0.000     1.842383    2.671648
       white collar - other  |   3.492022    .403772    10.81   0.000     2.783909    4.380249
     blue collar - services  |   2.107898   .2066326     7.61   0.000     1.739435    2.554412
  blue collar - agriculture  |   1.183359   .1889002     1.05   0.292     .8654435    1.618058
     blue collar - artisans  |   1.485894   .1378589     4.27   0.000     1.238839    1.782219
       blue collar - equip.  |   2.588594   .2585876     9.52   0.000     2.128301    3.148435
                  unskilled  |   2.019691   .2156719     6.58   0.000     1.638286     2.48989
                             |
              public_servant |    1.33962   .1368478     2.86   0.004     1.096548    1.636573
                    parent_5 |   .9483857   .0727313    -0.69   0.490      .816031    1.102207
                     married |   1.122857    .066067     1.97   0.049     1.000556    1.260108
            married_parent_5 |    1.06778   .0986529     0.71   0.478     .8909198    1.279749
                    divorced |   1.001775   .0845932     0.02   0.983     .8489688    1.182084
                     widowed |   5.498609   2.681713     3.49   0.000     2.114051    14.30178
                   part_time |   .5024272    .048678    -7.10   0.000     .4155314    .6074946
                        erte |          1  (omitted)
                         age |          1  (omitted)
                     college |   1.333694    .067256     5.71   0.000     1.208179    1.472247
                      tenure |   1.006294   .0002575    24.52   0.000     1.005789    1.006798
                       _cons |   .1012203    .015101   -15.35   0.000     .0755575    .1355994
----------------------------------------------------------------------------------------------
Note: _cons estimates baseline odds.
(est14 stored)
note: age omitted because of collinearity.

Logistic regression                                    Number of obs =  20,212
                                                       Wald chi2(27) = 2011.98
                                                       Prob > chi2   =  0.0000
Log pseudolikelihood = -3753800.2                      Pseudo R2     =  0.1311

----------------------------------------------------------------------------------------------
                             |               Robust
                   permanent | Odds ratio   std. err.      z    P>|z|     [95% conf. interval]
-----------------------------+----------------------------------------------------------------
                         act |
        manufactures, prim.  |    5.45896   .7800576    11.88   0.000     4.125509     7.22341
     extractive and energy.  |   10.43903   1.453533    16.85   0.000     7.945817    13.71455
         manufactures, sec.  |   9.496234   1.368667    15.62   0.000      7.15929    12.59601
               construction  |   1.982351   .2626324     5.16   0.000     1.529005    2.570113
      hospitality and sales  |     3.5394   .4486859     9.97   0.000     2.760728    4.537697
 Transport, storage and IT.  |   4.820024    .641726    11.81   0.000     3.712978    6.257143
  Financial and prof. serv.  |   3.385735   .4373444     9.44   0.000     2.628458    4.361189
   Education and healthcare  |   3.756927   .5594405     8.89   0.000     2.805958     5.03019
             Other services  |   3.117808   .4778756     7.42   0.000     2.308784    4.210324
                             |
                         occ |
       white collar - prof.  |   1.788619   .1788264     5.82   0.000     1.470329    2.175811
white collar - tech. suport  |   2.716411   .2781405     9.76   0.000     2.222484    3.320108
       white collar - other  |   5.140037   .6474584    13.00   0.000     4.015556    6.579407
     blue collar - services  |   2.034377   .2120766     6.81   0.000     1.658428    2.495549
  blue collar - agriculture  |   1.791205   .2913405     3.58   0.000     1.302257    2.463733
     blue collar - artisans  |   1.519314   .1506187     4.22   0.000     1.251016    1.845153
       blue collar - equip.  |   2.403242   .2549814     8.26   0.000     1.952028    2.958756
                  unskilled  |   2.265641   .2555642     7.25   0.000      1.81625    2.826224
                             |
              public_servant |   1.285259   .1274216     2.53   0.011     1.058283    1.560916
                    parent_5 |   1.027111   .0744989     0.37   0.712     .8909996    1.184015
                     married |   1.175594   .0691073     2.75   0.006     1.047658    1.319153
            married_parent_5 |   1.034136   .0921887     0.38   0.707     .8683537    1.231568
                    divorced |   1.025308   .0938494     0.27   0.785     .8569219    1.226781
                     widowed |   1.313988   .7194135     0.50   0.618     .4493195    3.842621
                   part_time |   .5104117   .0498707    -6.88   0.000     .4214563    .6181428
                        erte |    .257123   .1941643    -1.80   0.072     .0585279    1.129585
                         age |          1  (omitted)
                     college |   1.322632   .0669702     5.52   0.000     1.197676    1.460625
                      tenure |   1.006467   .0002603    24.93   0.000     1.005957    1.006978
                       _cons |   .0924692   .0148279   -14.85   0.000     .0675309    .1266169
----------------------------------------------------------------------------------------------
Note: _cons estimates baseline odds.
(est15 stored)
note: age omitted because of collinearity.

Logistic regression                                    Number of obs =  18,148
                                                       Wald chi2(27) = 2095.56
                                                       Prob > chi2   =  0.0000
Log pseudolikelihood = -3432486.7                      Pseudo R2     =  0.1595

----------------------------------------------------------------------------------------------
                             |               Robust
                   permanent | Odds ratio   std. err.      z    P>|z|     [95% conf. interval]
-----------------------------+----------------------------------------------------------------
                         act |
        manufactures, prim.  |    5.67001   .8884619    11.07   0.000     4.170661    7.708375
     extractive and energy.  |    6.77412   .9813928    13.21   0.000     5.099599    8.998492
         manufactures, sec.  |   6.872935   1.018455    13.01   0.000     5.140535    9.189168
               construction  |   1.397356   .1903074     2.46   0.014     1.069993    1.824875
      hospitality and sales  |    2.34235   .2995917     6.65   0.000     1.822977    3.009693
 Transport, storage and IT.  |    3.66996   .5044038     9.46   0.000     2.803311    4.804537
  Financial and prof. serv.  |    2.44201   .3220676     6.77   0.000     1.885756    3.162345
   Education and healthcare  |   2.874538    .444589     6.83   0.000     2.122841    3.892411
             Other services  |   1.504198   .2458795     2.50   0.013     1.091857    2.072261
                             |
                         occ |
       white collar - prof.  |   2.565398   .2796223     8.64   0.000     2.071933    3.176389
white collar - tech. suport  |   4.941456   .5580437    14.15   0.000     3.960298    6.165695
       white collar - other  |   9.461824   1.280659    16.60   0.000     7.257125     12.3363
     blue collar - services  |   3.546904   .4047018    11.10   0.000     2.836138    4.435796
  blue collar - agriculture  |   2.094927   .3682853     4.21   0.000     1.484325    2.956712
     blue collar - artisans  |   2.905027   .3164087     9.79   0.000     2.346602    3.596343
       blue collar - equip.  |   3.407683   .3953277    10.57   0.000      2.71463    4.277674
                  unskilled  |   4.004812   .4939215    11.25   0.000     3.144863     5.09991
                             |
              public_servant |   1.294293   .1385106     2.41   0.016     1.049397    1.596339
                    parent_5 |     1.0446   .0836584     0.54   0.586     .8928536    1.222137
                     married |   1.171077   .0771028     2.40   0.016     1.029302    1.332379
            married_parent_5 |   .9010423   .0900289    -1.04   0.297     .7407919    1.095959
                    divorced |   1.240998   .1250597     2.14   0.032     1.018574    1.511993
                     widowed |   .4160772    .208377    -1.75   0.080     .1559124    1.110368
                   part_time |   .5127875   .0588482    -5.82   0.000     .4094986    .6421292
                        erte |    2.54488   .3997939     5.95   0.000     1.870449    3.462493
                         age |          1  (omitted)
                     college |   1.568297   .0882266     8.00   0.000     1.404569    1.751112
                      tenure |   1.007678    .000288    26.77   0.000     1.007114    1.008243
                       _cons |   .0718006   .0116298   -16.26   0.000     .0522703    .0986281
----------------------------------------------------------------------------------------------
Note: _cons estimates baseline odds.
(est16 stored)
note: age omitted because of collinearity.

Logistic regression                                    Number of obs =  16,250
                                                       Wald chi2(27) = 1676.71
                                                       Prob > chi2   =  0.0000
Log pseudolikelihood = -3379106.8                      Pseudo R2     =  0.1518

----------------------------------------------------------------------------------------------
                             |               Robust
                   permanent | Odds ratio   std. err.      z    P>|z|     [95% conf. interval]
-----------------------------+----------------------------------------------------------------
                         act |
        manufactures, prim.  |   6.044469   .9841509    11.05   0.000     4.393057     8.31667
     extractive and energy.  |   8.067205   1.243931    13.54   0.000     5.963088    10.91378
         manufactures, sec.  |   6.093169   1.010624    10.90   0.000     4.402115    8.433834
               construction  |    1.78992   .2559643     4.07   0.000     1.352412    2.368962
      hospitality and sales  |   2.529156   .3403661     6.89   0.000     1.942779    3.292515
 Transport, storage and IT.  |   3.624737    .520071     8.98   0.000     2.736199    4.801815
  Financial and prof. serv.  |   2.481965   .3394911     6.65   0.000     1.898304    3.245083
   Education and healthcare  |   3.287177   .5292372     7.39   0.000     2.397614    4.506786
             Other services  |   2.667202   .4945601     5.29   0.000     1.854487    3.836084
                             |
                         occ |
       white collar - prof.  |   2.343491     .29056     6.87   0.000     1.837918    2.988136
white collar - tech. suport  |   4.565552     .57308    12.10   0.000     3.569836    5.838998
       white collar - other  |   9.845706   1.560114    14.43   0.000     7.217198    13.43152
     blue collar - services  |   3.425793   .4412774     9.56   0.000     2.661446    4.409655
  blue collar - agriculture  |   1.361314   .2563409     1.64   0.101     .9411823    1.968988
     blue collar - artisans  |   2.566215   .3184655     7.59   0.000     2.012146    3.272854
       blue collar - equip.  |    3.64111   .4766275     9.87   0.000      2.81715     4.70606
                  unskilled  |   2.966099   .4142183     7.79   0.000     2.255873    3.899929
                             |
              public_servant |    1.08249   .1185357     0.72   0.469     .8734035     1.34163
                    parent_5 |   1.045426   .0956812     0.49   0.627     .8737522     1.25083
                     married |   1.112488   .0792104     1.50   0.134     .9675846    1.279093
            married_parent_5 |   1.066923   .1199571     0.58   0.565     .8559136    1.329952
                    divorced |   .9967345   .1100564    -0.03   0.976     .8027724    1.237561
                     widowed |   .8285309   .3667724    -0.42   0.671      .347937    1.972954
                   part_time |   .5729621   .0656124    -4.86   0.000      .457774    .7171346
                        erte |   6.259839   3.405899     3.37   0.001      2.15494    18.18407
                         age |          1  (omitted)
                     college |   1.471532    .090952     6.25   0.000     1.303643    1.661041
                      tenure |   1.007658    .000331    23.23   0.000     1.007009    1.008307
                       _cons |    .077579   .0136753   -14.50   0.000     .0549158     .109595
----------------------------------------------------------------------------------------------
Note: _cons estimates baseline odds.
(est17 stored)
note: erte != 0 predicts success perfectly;
      erte omitted and 12 obs not used.

note: age omitted because of collinearity.

Logistic regression                                    Number of obs =  15,429
                                                       Wald chi2(26) = 1319.30
                                                       Prob > chi2   =  0.0000
Log pseudolikelihood = -3214951.9                      Pseudo R2     =  0.1274

----------------------------------------------------------------------------------------------
                             |               Robust
                   permanent | Odds ratio   std. err.      z    P>|z|     [95% conf. interval]
-----------------------------+----------------------------------------------------------------
                         act |
        manufactures, prim.  |   8.308005   1.486085    11.84   0.000     5.851121    11.79653
     extractive and energy.  |   9.516984    1.54493    13.88   0.000     6.923416    13.08212
         manufactures, sec.  |   6.295258    1.07828    10.74   0.000     4.500036    8.806657
               construction  |   2.488668   .3762627     6.03   0.000     1.850433    3.347037
      hospitality and sales  |   2.891564    .411944     7.45   0.000     2.187092    3.822948
 Transport, storage and IT.  |   4.543954   .7018845     9.80   0.000     3.357009    6.150568
  Financial and prof. serv.  |   3.432241   .5043747     8.39   0.000      2.57331    4.577871
   Education and healthcare  |   3.422506   .5620403     7.49   0.000     2.480624    4.722018
             Other services  |   3.167427   .5646766     6.47   0.000     2.233355    4.492164
                             |
                         occ |
       white collar - prof.  |    3.09821   .3742045     9.36   0.000      2.44513    3.925724
white collar - tech. suport  |   6.403461   .7941654    14.97   0.000     5.021664    8.165483
       white collar - other  |   9.543079   1.470133    14.64   0.000     7.056007    12.90678
     blue collar - services  |   5.337043    .670128    13.34   0.000      4.17275    6.826199
  blue collar - agriculture  |   1.861179   .3501666     3.30   0.001     1.287185    2.691133
     blue collar - artisans  |   3.446398   .4188598    10.18   0.000     2.715903    4.373375
       blue collar - equip.  |   5.819754   .7654866    13.39   0.000     4.497218    7.531218
                  unskilled  |   4.940717   .7130767    11.07   0.000     3.723394    6.556031
                             |
              public_servant |   .9865774   .1020803    -0.13   0.896     .8054861    1.208382
                    parent_5 |    1.06883   .0971809     0.73   0.464     .8943661    1.277328
                     married |   1.083869   .0799115     1.09   0.275     .9380358    1.252375
            married_parent_5 |   .9562886   .1080213    -0.40   0.692     .7663695    1.193273
                    divorced |   1.042891   .1134181     0.39   0.699     .8426901    1.290655
                     widowed |   .3358058   .1990959    -1.84   0.066     .1050556    1.073389
                   part_time |   .5094665     .05781    -5.94   0.000     .4078762      .63636
                        erte |          1  (omitted)
                         age |          1  (omitted)
                     college |   1.566416   .1021244     6.88   0.000     1.378517    1.779928
                      tenure |   1.005614   .0003192    17.64   0.000     1.004989     1.00624
                       _cons |   .0747427   .0139138   -13.93   0.000     .0518934    .1076528
----------------------------------------------------------------------------------------------
Note: _cons estimates baseline odds.
(est18 stored)
