note: widowed != 0 predicts failure perfectly;
      widowed omitted and 3 obs not used.

note: erte != 0 predicts success perfectly;
      erte omitted and 1 obs not used.

note: age omitted because of collinearity.

Logistic regression                                    Number of obs =  21,000
                                                       Wald chi2(25) = 1910.31
                                                       Prob > chi2   =  0.0000
Log pseudolikelihood = -4424165.5                      Pseudo R2     =  0.1669

----------------------------------------------------------------------------------------------
                             |               Robust
                   permanent | Odds ratio   std. err.      z    P>|z|     [95% conf. interval]
-----------------------------+----------------------------------------------------------------
                         act |
        manufactures, prim.  |   5.793718   .9487958    10.73   0.000     4.203027    7.986428
     extractive and energy.  |   5.095143   .7848034    10.57   0.000     3.767437    6.890754
         manufactures, sec.  |   4.762074   .7519524     9.88   0.000     3.494521    6.489401
               construction  |   2.248287   .3386301     5.38   0.000      1.67358    3.020349
      hospitality and sales  |   4.266321   .6374705     9.71   0.000     3.183228    5.717938
 Transport, storage and IT.  |   3.295177   .5294888     7.42   0.000     2.404931     4.51497
  Financial and prof. serv.  |   4.992922   .7739801    10.37   0.000     3.684728    6.765567
   Education and healthcare  |   4.308746   .7530809     8.36   0.000     3.058991     6.06909
             Other services  |    3.33825    .598622     6.72   0.000     2.348982    4.744147
                             |
                         occ |
       white collar - prof.  |    3.70901   .5400662     9.00   0.000     2.788144     4.93402
white collar - tech. suport  |   5.204875   .7298629    11.76   0.000     3.954113    6.851277
       white collar - other  |   5.771054   .8697352    11.63   0.000     4.295103    7.754195
     blue collar - services  |   6.997069   .9738087    13.98   0.000     5.326614    9.191389
  blue collar - agriculture  |   1.525671    .384375     1.68   0.094     .9311307    2.499834
     blue collar - artisans  |   4.503689   .6010014    11.28   0.000     3.467198    5.850032
       blue collar - equip.  |   6.043046   .8299444    13.10   0.000     4.616927    7.909679
                  unskilled  |   4.225847   .5924626    10.28   0.000     3.210521    5.562269
                             |
              public_servant |   .7766546   .0865565    -2.27   0.023     .6242569    .9662568
                   parent_10 |   .8603261   .1272405    -1.02   0.309     .6438314    1.149619
                     married |   1.170805   .0850758     2.17   0.030     1.015389    1.350009
           married_parent_10 |   1.163594   .2090144     0.84   0.399     .8182796    1.654632
                    divorced |   .4063387   .1302631    -2.81   0.005     .2167764    .7616656
                     widowed |          1  (omitted)
                   part_time |   .2750065   .0256199   -13.86   0.000     .2291101    .3300971
                        erte |          1  (omitted)
                         age |          1  (omitted)
                     college |   1.510129   .0756515     8.23   0.000     1.368902    1.665927
                      tenure |   1.025991   .0008014    32.85   0.000     1.024422    1.027563
                       _cons |   .0202708   .0039922   -19.80   0.000     .0137794    .0298201
----------------------------------------------------------------------------------------------
Note: _cons estimates baseline odds.
(est1 stored)
note: widowed != 0 predicts failure perfectly;
      widowed omitted and 3 obs not used.

note: erte omitted because of collinearity.
note: age omitted because of collinearity.

Logistic regression                                    Number of obs =  17,090
                                                       Wald chi2(25) = 1785.51
                                                       Prob > chi2   =  0.0000
Log pseudolikelihood = -3531135.3                      Pseudo R2     =  0.1777

----------------------------------------------------------------------------------------------
                             |               Robust
                   permanent | Odds ratio   std. err.      z    P>|z|     [95% conf. interval]
-----------------------------+----------------------------------------------------------------
                         act |
        manufactures, prim.  |   5.061735   1.015878     8.08   0.000     3.415587    7.501247
     extractive and energy.  |   3.707308   .7010554     6.93   0.000      2.55915    5.370586
         manufactures, sec.  |   4.312158   .8255964     7.63   0.000     2.962958    6.275725
               construction  |   1.621965   .3011705     2.60   0.009     1.127167    2.333967
      hospitality and sales  |   3.580356   .6616472     6.90   0.000     2.492441    5.143132
 Transport, storage and IT.  |   3.985532   .7789155     7.07   0.000     2.717259    5.845767
  Financial and prof. serv.  |   3.437375   .6495577     6.53   0.000     2.373428    4.978262
   Education and healthcare  |   2.527774   .5327664     4.40   0.000     1.672379     3.82069
             Other services  |   2.259647   .4717724     3.90   0.000     1.500809    3.402168
                             |
                         occ |
       white collar - prof.  |   6.273139   1.194093     9.65   0.000     4.319749    9.109851
white collar - tech. suport  |   9.086562   1.672438    11.99   0.000     6.334768    13.03372
       white collar - other  |   8.407985   1.590841    11.25   0.000     5.802826    12.18272
     blue collar - services  |    11.2576   2.057634    13.25   0.000     7.868022    16.10743
  blue collar - agriculture  |   2.752737   .9461979     2.95   0.003       1.4034    5.399433
     blue collar - artisans  |   6.331453   1.131577    10.33   0.000     4.460402    8.987374
       blue collar - equip.  |   7.540017   1.386296    10.99   0.000     5.258619    10.81118
                  unskilled  |   4.567441   .8380205     8.28   0.000     3.187844    6.544084
                             |
              public_servant |   1.098224   .1318485     0.78   0.435     .8679584    1.389578
                   parent_10 |   .8214708   .1134522    -1.42   0.154     .6266627    1.076838
                     married |   1.162384   .0880363     1.99   0.047     1.002032    1.348397
           married_parent_10 |   1.104244   .1935302     0.57   0.572     .7832186     1.55685
                    divorced |   .8377055   .2323013    -0.64   0.523     .4864604    1.442564
                     widowed |          1  (omitted)
                   part_time |   .2974536   .0335218   -10.76   0.000     .2385022    .3709762
                        erte |          1  (omitted)
                         age |          1  (omitted)
                     college |   1.370363   .0719381     6.00   0.000     1.236378    1.518868
                      tenure |   1.027376    .000874    31.75   0.000     1.025664     1.02909
                       _cons |   .0178887   .0045095   -15.96   0.000     .0109145    .0293195
----------------------------------------------------------------------------------------------
Note: _cons estimates baseline odds.
(est2 stored)
note: erte omitted because of collinearity.
note: age omitted because of collinearity.

Logistic regression                                    Number of obs =  17,161
                                                       Wald chi2(26) = 1648.75
                                                       Prob > chi2   =  0.0000
Log pseudolikelihood = -3548648                        Pseudo R2     =  0.1679

----------------------------------------------------------------------------------------------
                             |               Robust
                   permanent | Odds ratio   std. err.      z    P>|z|     [95% conf. interval]
-----------------------------+----------------------------------------------------------------
                         act |
        manufactures, prim.  |   4.004192   .7395911     7.51   0.000     2.788011    5.750895
     extractive and energy.  |   2.554195   .4250919     5.63   0.000     1.843272     3.53931
         manufactures, sec.  |   3.341633   .5636767     7.15   0.000     2.400908    4.650954
               construction  |   1.118074   .1785024     0.70   0.485     .8176642    1.528855
      hospitality and sales  |   2.521258   .4025102     5.79   0.000     1.843851    3.447535
 Transport, storage and IT.  |   3.471868   .6078141     7.11   0.000     2.463455    4.893072
  Financial and prof. serv.  |   3.070715   .5081126     6.78   0.000     2.220194    4.247059
   Education and healthcare  |   2.476076   .4505858     4.98   0.000     1.733269    3.537219
             Other services  |    1.38147   .2540159     1.76   0.079     .9634476    1.980866
                             |
                         occ |
       white collar - prof.  |   4.718757   .9002531     8.13   0.000     3.246637    6.858378
white collar - tech. suport  |   5.784591   1.063009     9.55   0.000      4.03507    8.292666
       white collar - other  |   6.371776   1.215722     9.71   0.000     4.383823    9.261215
     blue collar - services  |   8.667451    1.56498    11.96   0.000      6.08415    12.34761
  blue collar - agriculture  |   2.180444   .6497665     2.62   0.009     1.215875    3.910216
     blue collar - artisans  |   5.051672   .8880616     9.21   0.000     3.579296    7.129722
       blue collar - equip.  |    5.12461   .9366118     8.94   0.000     3.581697    7.332173
                  unskilled  |   4.049304   .7323267     7.73   0.000     2.840786    5.771947
                             |
              public_servant |   .9112735   .0995038    -0.85   0.395      .735706    1.128738
                   parent_10 |   1.110663   .1349293     0.86   0.388      .875334    1.409259
                     married |   .9892488   .0779864    -0.14   0.891     .8476214     1.15454
           married_parent_10 |   .8641766   .1398786    -0.90   0.367     .6292512    1.186809
                    divorced |    1.43534   .3086984     1.68   0.093     .9416444    2.187875
                     widowed |   .0655405   .0689632    -2.59   0.010     .0083341     .515422
                   part_time |   .2893196   .0311962   -11.50   0.000     .2342049    .3574042
                        erte |          1  (omitted)
                         age |          1  (omitted)
                     college |   1.455359   .0778117     7.02   0.000     1.310569    1.616144
                      tenure |   1.026155    .000905    29.28   0.000     1.024383     1.02793
                       _cons |   .0361875   .0083426   -14.40   0.000     .0230317    .0568581
----------------------------------------------------------------------------------------------
Note: _cons estimates baseline odds.
(est3 stored)
note: widowed != 0 predicts failure perfectly;
      widowed omitted and 4 obs not used.

note: erte != 0 predicts failure perfectly;
      erte omitted and 1 obs not used.

note: age omitted because of collinearity.

Logistic regression                                    Number of obs =  15,870
                                                       Wald chi2(25) = 1485.97
                                                       Prob > chi2   =  0.0000
Log pseudolikelihood = -3274694.8                      Pseudo R2     =  0.1589

----------------------------------------------------------------------------------------------
                             |               Robust
                   permanent | Odds ratio   std. err.      z    P>|z|     [95% conf. interval]
-----------------------------+----------------------------------------------------------------
                         act |
        manufactures, prim.  |    7.18731   1.637332     8.66   0.000     4.598914    11.23253
     extractive and energy.  |   7.475255   1.635593     9.19   0.000     4.868355    11.47809
         manufactures, sec.  |   5.586715   1.222831     7.86   0.000     3.637842    8.579642
               construction  |   2.558234   .5455947     4.40   0.000     1.684242     3.88576
      hospitality and sales  |   5.330543   1.138775     7.83   0.000     3.506933    8.102433
 Transport, storage and IT.  |   8.125373   1.772172     9.61   0.000     5.298992    12.45929
  Financial and prof. serv.  |   7.080211   1.518234     9.13   0.000     4.650719    10.77885
   Education and healthcare  |   4.243779   .9931967     6.18   0.000     2.682508     6.71374
             Other services  |    3.27659     .80509     4.83   0.000     2.024294    5.303598
                             |
                         occ |
       white collar - prof.  |   3.283231   .5583169     6.99   0.000      2.35263    4.581937
white collar - tech. suport  |   3.526097   .5778986     7.69   0.000     2.557345    4.861824
       white collar - other  |   3.980869   .6835724     8.05   0.000     2.843246    5.573673
     blue collar - services  |   6.413626   1.054825    11.30   0.000     4.646326    8.853146
  blue collar - agriculture  |   1.661863   .4690254     1.80   0.072     .9557887     2.88954
     blue collar - artisans  |   2.964419   .4687313     6.87   0.000     2.174445     4.04139
       blue collar - equip.  |   3.339658   .5442412     7.40   0.000      2.42654    4.596386
                  unskilled  |   2.521267   .4175965     5.58   0.000     1.822362    3.488213
                             |
              public_servant |   .8485873    .102351    -1.36   0.173     .6699312    1.074887
                   parent_10 |    1.09386    .132834     0.74   0.460     .8621742    1.387804
                     married |   .9925464   .0818282    -0.09   0.928      .844453    1.166611
           married_parent_10 |   1.029216   .1689846     0.18   0.861     .7460188    1.419918
                    divorced |   .7747057   .2287366    -0.86   0.387     .4343245    1.381845
                     widowed |          1  (omitted)
                   part_time |   .3526377   .0373936    -9.83   0.000     .2864623    .4341002
                        erte |          1  (omitted)
                         age |          1  (omitted)
                     college |   1.335757   .0774217     4.99   0.000     1.192315    1.496456
                      tenure |   1.025903   .0008844    29.67   0.000     1.024172    1.027638
                       _cons |   .0291366   .0076045   -13.55   0.000     .0174695    .0485959
----------------------------------------------------------------------------------------------
Note: _cons estimates baseline odds.
(est4 stored)
note: widowed omitted because of collinearity.
note: age omitted because of collinearity.

Logistic regression                                    Number of obs =  13,416
                                                       Wald chi2(26) = 1407.68
                                                       Prob > chi2   =  0.0000
Log pseudolikelihood = -2641508.1                      Pseudo R2     =  0.1814

----------------------------------------------------------------------------------------------
                             |               Robust
                   permanent | Odds ratio   std. err.      z    P>|z|     [95% conf. interval]
-----------------------------+----------------------------------------------------------------
                         act |
        manufactures, prim.  |   4.077139   .8461537     6.77   0.000     2.714567    6.123654
     extractive and energy.  |   6.437151   1.267915     9.45   0.000     4.375563    9.470075
         manufactures, sec.  |   4.833113   .9644805     7.89   0.000     3.268616    7.146444
               construction  |    1.72491   .3275839     2.87   0.004     1.188808    2.502771
      hospitality and sales  |   4.543741    .853931     8.05   0.000      3.14371    6.567267
 Transport, storage and IT.  |    6.47476   1.253489     9.65   0.000     4.430311    9.462657
  Financial and prof. serv.  |   5.932762    1.13373     9.32   0.000      4.07939    8.628169
   Education and healthcare  |   3.996771   .8477122     6.53   0.000     2.637364    6.056873
             Other services  |   3.822914   .8268071     6.20   0.000      2.50207    5.841032
                             |
                         occ |
       white collar - prof.  |   4.934183   .9287218     8.48   0.000     3.411932    7.135594
white collar - tech. suport  |   5.417163   .9849806     9.29   0.000     3.793162    7.736462
       white collar - other  |   5.989381   1.157739     9.26   0.000     4.100585    8.748186
     blue collar - services  |    8.95615   1.648582    11.91   0.000     6.243649    12.84707
  blue collar - agriculture  |   3.267149   .8692389     4.45   0.000      1.93956    5.503447
     blue collar - artisans  |   5.479516   .9652256     9.66   0.000     3.879732    7.738962
       blue collar - equip.  |   7.356572   1.323359    11.09   0.000     5.170762    10.46638
                  unskilled  |   4.806832   .8837127     8.54   0.000     3.352507    6.892047
                             |
              public_servant |   .6629808   .0835329    -3.26   0.001     .5179084    .8486897
                   parent_10 |     .80344   .1053347    -1.67   0.095     .6213796    1.038843
                     married |    1.08805   .1016602     0.90   0.366     .9059794    1.306711
           married_parent_10 |   1.248601   .2251378     1.23   0.218     .8768828    1.777892
                    divorced |     .46807   .1471117    -2.42   0.016     .2528035    .8666397
                     widowed |          1  (omitted)
                   part_time |    .377592   .0378427    -9.72   0.000     .3102519    .4595483
                        erte |   2.027768   1.519303     0.94   0.345     .4669351     8.80603
                         age |          1  (omitted)
                     college |   1.539218   .0982136     6.76   0.000     1.358273    1.744268
                      tenure |   1.027582   .0010313    27.11   0.000     1.025563    1.029606
                       _cons |   .0216216   .0055311   -14.99   0.000      .013096    .0356975
----------------------------------------------------------------------------------------------
Note: _cons estimates baseline odds.
(est5 stored)
note: widowed != 0 predicts failure perfectly;
      widowed omitted and 2 obs not used.

note: age omitted because of collinearity.

Logistic regression                                    Number of obs =  12,094
                                                       Wald chi2(26) = 1250.03
                                                       Prob > chi2   =  0.0000
Log pseudolikelihood = -2325667.3                      Pseudo R2     =  0.2021

----------------------------------------------------------------------------------------------
                             |               Robust
                   permanent | Odds ratio   std. err.      z    P>|z|     [95% conf. interval]
-----------------------------+----------------------------------------------------------------
                         act |
        manufactures, prim.  |   7.476402    1.86212     8.08   0.000     4.588673    12.18143
     extractive and energy.  |   8.550826   1.988001     9.23   0.000     5.421385    13.48671
         manufactures, sec.  |   6.015013   1.412536     7.64   0.000     3.796161    9.530784
               construction  |   2.461983   .5609149     3.95   0.000     1.575271     3.84782
      hospitality and sales  |   6.468683    1.44475     8.36   0.000     4.175458    10.02138
 Transport, storage and IT.  |    8.36981   1.958754     9.08   0.000     5.290688    13.24095
  Financial and prof. serv.  |   7.894541   1.802197     9.05   0.000     5.046743    12.34931
   Education and healthcare  |   7.075546   1.789024     7.74   0.000     4.310593    11.61403
             Other services  |   4.877526   1.241498     6.23   0.000      2.96169    8.032665
                             |
                         occ |
       white collar - prof.  |   8.011886    1.88211     8.86   0.000     5.055626    12.69681
white collar - tech. suport  |   8.031389   1.840278     9.09   0.000     5.125662    12.58437
       white collar - other  |   13.36438   3.184849    10.88   0.000     8.377223    21.32051
     blue collar - services  |   13.22825   3.020512    11.31   0.000     8.455524    20.69493
  blue collar - agriculture  |   4.958079   1.533399     5.18   0.000     2.704331    9.090065
     blue collar - artisans  |   7.575644   1.671833     9.18   0.000     4.915549    11.67528
       blue collar - equip.  |   9.741245   2.192217    10.12   0.000     6.266947    15.14164
                  unskilled  |   7.082329   1.616968     8.57   0.000     4.527287    11.07935
                             |
              public_servant |   .5821952   .0777144    -4.05   0.000     .4481731    .7562954
                   parent_10 |   .9190253   .1511505    -0.51   0.608     .6657816    1.268595
                     married |   1.279425    .130534     2.42   0.016      1.04754     1.56264
           married_parent_10 |   .9643589   .2102965    -0.17   0.868     .6289531    1.478629
                    divorced |   1.742172   .5747332     1.68   0.092     .9126079    3.325813
                     widowed |          1  (omitted)
                   part_time |   .3566883   .0377696    -9.74   0.000     .2898381    .4389573
                        erte |   2.772589   2.375559     1.19   0.234     .5171003    14.86607
                         age |          1  (omitted)
                     college |   1.451231   .1010866     5.35   0.000     1.266034    1.663519
                      tenure |   1.029706    .001144    26.35   0.000     1.027466    1.031951
                       _cons |   .0092423   .0030457   -14.21   0.000     .0048448    .0176314
----------------------------------------------------------------------------------------------
Note: _cons estimates baseline odds.
(est6 stored)
note: widowed omitted because of collinearity.
note: age omitted because of collinearity.

Logistic regression                                    Number of obs =  11,038
                                                       Wald chi2(26) = 1308.18
                                                       Prob > chi2   =  0.0000
Log pseudolikelihood = -2121035.6                      Pseudo R2     =  0.2162

----------------------------------------------------------------------------------------------
                             |               Robust
                   permanent | Odds ratio   std. err.      z    P>|z|     [95% conf. interval]
-----------------------------+----------------------------------------------------------------
                         act |
        manufactures, prim.  |   7.524888   1.754169     8.66   0.000     4.765096    11.88306
     extractive and energy.  |   8.148124   1.802721     9.48   0.000     5.281225    12.57131
         manufactures, sec.  |    4.67479   1.037101     6.95   0.000     3.026379    7.221058
               construction  |   2.326712     .50827     3.87   0.000     1.516344    3.570159
      hospitality and sales  |   4.441977   .9273868     7.14   0.000     2.950287    6.687879
 Transport, storage and IT.  |   7.189956   1.599794     8.87   0.000     4.648688    11.12044
  Financial and prof. serv.  |   5.840004   1.249385     8.25   0.000      3.83982    8.882095
   Education and healthcare  |   5.395816   1.289856     7.05   0.000     3.377378    8.620544
             Other services  |   2.255324   .5814109     3.15   0.002     1.360735    3.738043
                             |
                         occ |
       white collar - prof.  |   3.566173   1.201072     3.78   0.000     1.842983    6.900547
white collar - tech. suport  |    4.83265   1.628008     4.68   0.000     2.497096    9.352666
       white collar - other  |   6.628157   2.264584     5.54   0.000     3.392894    12.94837
     blue collar - services  |   7.219307   2.395207     5.96   0.000     3.767781    13.83265
  blue collar - agriculture  |   3.848606   1.551041     3.34   0.001     1.746857    8.479094
     blue collar - artisans  |   4.862442   1.598864     4.81   0.000     2.552484    9.262874
       blue collar - equip.  |   4.967459    1.66286     4.79   0.000     2.577473    9.573585
                  unskilled  |   4.060898   1.362084     4.18   0.000     2.104344    7.836594
                             |
              public_servant |   .6026962    .088806    -3.44   0.001     .4515187    .8044909
                   parent_10 |    1.05777   .1683768     0.35   0.724      .774277    1.445062
                     married |   1.316597    .140075     2.59   0.010     1.068789    1.621861
           married_parent_10 |   .8508393   .1885728    -0.73   0.466     .5510545    1.313713
                    divorced |   .7149113   .2537534    -0.95   0.344     .3565525    1.433445
                     widowed |          1  (omitted)
                   part_time |   .3648488   .0361873   -10.17   0.000     .3003911    .4431378
                        erte |   .5968507   .8845162    -0.35   0.728     .0326895     10.8974
                         age |          1  (omitted)
                     college |   1.396417   .1033081     4.51   0.000     1.207932    1.614313
                      tenure |   1.031509   .0011386    28.11   0.000      1.02928    1.033743
                       _cons |    .016309   .0063079   -10.64   0.000      .007642    .0348055
----------------------------------------------------------------------------------------------
Note: _cons estimates baseline odds.
(est7 stored)
note: widowed omitted because of collinearity.
note: age omitted because of collinearity.

Logistic regression                                    Number of obs =   9,792
                                                       Wald chi2(26) = 1057.69
                                                       Prob > chi2   =  0.0000
Log pseudolikelihood = -1866535.4                      Pseudo R2     =  0.2068

----------------------------------------------------------------------------------------------
                             |               Robust
                   permanent | Odds ratio   std. err.      z    P>|z|     [95% conf. interval]
-----------------------------+----------------------------------------------------------------
                         act |
        manufactures, prim.  |   5.629048   1.687496     5.76   0.000     3.127942    10.13004
     extractive and energy.  |     6.4801   1.885389     6.42   0.000     3.663736    11.46144
         manufactures, sec.  |   3.368181   1.010488     4.05   0.000     1.870796    6.064073
               construction  |   2.053421   .5949127     2.48   0.013     1.163777     3.62315
      hospitality and sales  |   4.656472   1.309917     5.47   0.000     2.682901    8.081825
 Transport, storage and IT.  |   5.643375   1.653594     5.91   0.000     3.177781    10.02199
  Financial and prof. serv.  |   7.136741   2.164215     6.48   0.000     3.938885    12.93084
   Education and healthcare  |   4.944486   1.542574     5.12   0.000     2.682653    9.113346
             Other services  |   3.506082   1.108271     3.97   0.000     1.886938    6.514581
                             |
                         occ |
       white collar - prof.  |   3.664876   1.271312     3.74   0.000     1.856887    7.233246
white collar - tech. suport  |   4.145177   1.448097     4.07   0.000     2.090162    8.220651
       white collar - other  |   5.738663   2.015206     4.98   0.000     2.883369    11.42145
     blue collar - services  |   4.869414    1.67061     4.61   0.000     2.485676    9.539132
  blue collar - agriculture  |   2.007472   1.200975     1.16   0.244     .6214642    6.484596
     blue collar - artisans  |   5.023938   1.736316     4.67   0.000     2.551889    9.890695
       blue collar - equip.  |   5.313828   1.879704     4.72   0.000     2.656471    10.62943
                  unskilled  |   4.265417   1.504756     4.11   0.000     2.136359    8.516259
                             |
              public_servant |     .66039   .1022033    -2.68   0.007     .4876035    .8944049
                   parent_10 |   1.082324   .1612549     0.53   0.595     .8082342    1.449364
                     married |   1.276193   .1719409     1.81   0.070     .9800185    1.661875
           married_parent_10 |   .6413242   .1492801    -1.91   0.056     .4063915     1.01207
                    divorced |   .6044022   .2414237    -1.26   0.207     .2762614    1.322305
                     widowed |          1  (omitted)
                   part_time |   .4116192   .0387043    -9.44   0.000     .3423401    .4949183
                        erte |    .519923    .362711    -0.94   0.348     .1324708      2.0406
                         age |          1  (omitted)
                     college |    1.31295   .1078063     3.32   0.001     1.117779    1.542198
                      tenure |   1.031567   .0012351    25.96   0.000     1.029149    1.033991
                       _cons |   .0170078   .0075818    -9.14   0.000      .007099    .0407475
----------------------------------------------------------------------------------------------
Note: _cons estimates baseline odds.
(est8 stored)
note: widowed != 0 predicts failure perfectly;
      widowed omitted and 1 obs not used.

note: age omitted because of collinearity.

Logistic regression                                     Number of obs =  9,219
                                                        Wald chi2(26) = 910.95
                                                        Prob > chi2   = 0.0000
Log pseudolikelihood = -1734422.6                       Pseudo R2     = 0.1990

----------------------------------------------------------------------------------------------
                             |               Robust
                   permanent | Odds ratio   std. err.      z    P>|z|     [95% conf. interval]
-----------------------------+----------------------------------------------------------------
                         act |
        manufactures, prim.  |   6.196513   1.690266     6.69   0.000     3.630439    10.57634
     extractive and energy.  |   5.738374   1.499622     6.69   0.000     3.438289    9.577127
         manufactures, sec.  |   4.208133   1.133073     5.34   0.000     2.482543    7.133164
               construction  |   2.358098   .6345541     3.19   0.001     1.391577    3.995918
      hospitality and sales  |   4.834719   1.216951     6.26   0.000     2.951988    7.918224
 Transport, storage and IT.  |   5.731026   1.517307     6.59   0.000      3.41094    9.629211
  Financial and prof. serv.  |   5.835467   1.544792     6.66   0.000     3.473294    9.804142
   Education and healthcare  |   5.670233   1.578043     6.24   0.000     3.286313     9.78347
             Other services  |   2.839509    .817613     3.62   0.000     1.614904    4.992748
                             |
                         occ |
       white collar - prof.  |   2.959137   .9144557     3.51   0.000     1.614805    5.422631
white collar - tech. suport  |   3.318137   1.027586     3.87   0.000     1.808372    6.088366
       white collar - other  |   3.320386   1.036537     3.84   0.000     1.800801    6.122254
     blue collar - services  |   3.215838   .9630959     3.90   0.000     1.788018    5.783843
  blue collar - agriculture  |   1.061789   .5168717     0.12   0.902     .4089582     2.75675
     blue collar - artisans  |   3.050696   .9231094     3.69   0.000     1.685909    5.520315
       blue collar - equip.  |   2.939761   .9096756     3.48   0.000     1.602941    5.391464
                  unskilled  |   2.682008   .8273124     3.20   0.001     1.465184    4.909397
                             |
              public_servant |   .5374805   .0817874    -4.08   0.000     .3988752    .7242498
                   parent_10 |   1.042871   .1790931     0.24   0.807     .7448231    1.460186
                     married |   .8939021   .1167441    -0.86   0.390     .6920263    1.154669
           married_parent_10 |   .9425182    .241245    -0.23   0.817     .5707133    1.556544
                    divorced |    .172317   .1134374    -2.67   0.008     .0474216    .6261516
                     widowed |          1  (omitted)
                   part_time |   .5154363   .0471766    -7.24   0.000     .4307911    .6167133
                        erte |   .3797198   .3522089    -1.04   0.297     .0616498    2.338809
                         age |          1  (omitted)
                     college |   1.142927   .0899726     1.70   0.090     .9795141    1.333601
                      tenure |   1.030767   .0012177    25.65   0.000     1.028383    1.033157
                       _cons |    .026764   .0105143    -9.22   0.000     .0123924    .0578028
----------------------------------------------------------------------------------------------
Note: _cons estimates baseline odds.
(est9 stored)
note: widowed omitted because of collinearity.
note: age omitted because of collinearity.

Logistic regression                                     Number of obs =  9,195
                                                        Wald chi2(26) = 848.85
                                                        Prob > chi2   = 0.0000
Log pseudolikelihood = -1782842.1                       Pseudo R2     = 0.1853

----------------------------------------------------------------------------------------------
                             |               Robust
                   permanent | Odds ratio   std. err.      z    P>|z|     [95% conf. interval]
-----------------------------+----------------------------------------------------------------
                         act |
        manufactures, prim.  |   3.564051    .743483     6.09   0.000      2.36798     5.36426
     extractive and energy.  |   3.464365   .7148624     6.02   0.000     2.311961    5.191189
         manufactures, sec.  |   4.151692   .8986622     6.58   0.000     2.716293    6.345612
               construction  |   1.591881   .3489096     2.12   0.034     1.035962    2.446119
      hospitality and sales  |   4.249933   .8224839     7.48   0.000     2.908374     6.21032
 Transport, storage and IT.  |   4.415383   .9188247     7.14   0.000     2.936545    6.638963
  Financial and prof. serv.  |   4.621471    .932087     7.59   0.000     3.112466    6.862081
   Education and healthcare  |   4.793335   1.074879     6.99   0.000     3.088592    7.439007
             Other services  |   1.992654   .4579386     3.00   0.003     1.270031    3.126435
                             |
                         occ |
       white collar - prof.  |   1.747803   .4512344     2.16   0.031     1.053745    2.899006
white collar - tech. suport  |   2.607173   .6681429     3.74   0.000     1.577726    4.308322
       white collar - other  |   2.270404   .6191672     3.01   0.003     1.330363    3.874684
     blue collar - services  |   1.891147   .4632162     2.60   0.009     1.170126    3.056454
  blue collar - agriculture  |   1.093143   .3752763     0.26   0.795     .5577756    2.142372
     blue collar - artisans  |   2.124177    .537549     2.98   0.003     1.293552     3.48817
       blue collar - equip.  |   1.785234   .4588142     2.26   0.024     1.078778    2.954325
                  unskilled  |   1.406722   .3606528     1.33   0.183     .8510961    2.325079
                             |
              public_servant |   .5614479   .0969548    -3.34   0.001     .4002377    .7875914
                   parent_10 |   1.051179    .159294     0.33   0.742     .7810645    1.414707
                     married |   .8283096   .1203666    -1.30   0.195     .6230164     1.10125
           married_parent_10 |   1.569008   .3833351     1.84   0.065      .971991    2.532725
                    divorced |   1.379033   .7030162     0.63   0.528     .5077401    3.745485
                     widowed |          1  (omitted)
                   part_time |   .4832528   .0419561    -8.38   0.000     .4076364     .572896
                        erte |    8.12615   12.19214     1.40   0.163     .4293162    153.8128
                         age |          1  (omitted)
                     college |   1.185813   .0906967     2.23   0.026     1.020733    1.377591
                      tenure |   1.028424   .0012347    23.35   0.000     1.026007    1.030847
                       _cons |   .0538845   .0168726    -9.33   0.000     .0291696    .0995397
----------------------------------------------------------------------------------------------
Note: _cons estimates baseline odds.
(est10 stored)
note: erte != 0 predicts success perfectly;
      erte omitted and 3 obs not used.

note: widowed omitted because of collinearity.
note: age omitted because of collinearity.

Logistic regression                                     Number of obs =  9,102
                                                        Wald chi2(25) = 747.19
                                                        Prob > chi2   = 0.0000
Log pseudolikelihood = -1755687.9                       Pseudo R2     = 0.1777

----------------------------------------------------------------------------------------------
                             |               Robust
                   permanent | Odds ratio   std. err.      z    P>|z|     [95% conf. interval]
-----------------------------+----------------------------------------------------------------
                         act |
        manufactures, prim.  |   6.624268   1.566048     8.00   0.000      4.16778    10.52861
     extractive and energy.  |   4.261393   .9715669     6.36   0.000     2.725736    6.662226
         manufactures, sec.  |      6.006   1.435592     7.50   0.000     3.759462    9.594999
               construction  |   1.785275   .4665236     2.22   0.027     1.069722     2.97947
      hospitality and sales  |   5.885438   1.277381     8.17   0.000     3.846212    9.005843
 Transport, storage and IT.  |    7.41565   1.678401     8.85   0.000     4.758771     11.5559
  Financial and prof. serv.  |   5.025979   1.103028     7.36   0.000     3.268974    7.727339
   Education and healthcare  |   3.856259   .9285189     5.61   0.000     2.405536    6.181878
             Other services  |   3.255653   .8018837     4.79   0.000     2.009014    5.275861
                             |
                         occ |
       white collar - prof.  |   2.146315    .598421     2.74   0.006     1.242703    3.706976
white collar - tech. suport  |   2.423304   .6790854     3.16   0.002     1.399183    4.197021
       white collar - other  |   2.178085   .6211898     2.73   0.006     1.245409    3.809232
     blue collar - services  |   1.809562   .4959039     2.16   0.030     1.057559    3.096294
  blue collar - agriculture  |   1.237924   .4773576     0.55   0.580     .5813811    2.635888
     blue collar - artisans  |   1.885726   .5249517     2.28   0.023     1.092747     3.25415
       blue collar - equip.  |    1.83978   .5262198     2.13   0.033     1.050274     3.22277
                  unskilled  |   1.604581   .4518601     1.68   0.093     .9239701    2.786541
                             |
              public_servant |   .4796501   .0763458    -4.62   0.000     .3511067    .6552546
                   parent_10 |    1.20626   .1742026     1.30   0.194     .9088964    1.600913
                     married |   1.033752   .1698549     0.20   0.840     .7491281    1.426516
           married_parent_10 |   1.009285    .261637     0.04   0.972     .6072352    1.677532
                    divorced |   .3425037   .1589414    -2.31   0.021       .13793    .8504949
                     widowed |          1  (omitted)
                   part_time |   .5753641   .0467154    -6.81   0.000     .4907173    .6746121
                        erte |          1  (omitted)
                         age |          1  (omitted)
                     college |   1.075433   .0779095     1.00   0.315     .9330791    1.239506
                      tenure |   1.027573   .0015992    17.48   0.000     1.024443    1.030712
                       _cons |   .0432117   .0151244    -8.98   0.000     .0217608     .085808
----------------------------------------------------------------------------------------------
Note: _cons estimates baseline odds.
(est11 stored)
note: widowed omitted because of collinearity.
note: erte omitted because of collinearity.
note: age omitted because of collinearity.

Logistic regression                                     Number of obs =  8,900
                                                        Wald chi2(25) = 840.89
                                                        Prob > chi2   = 0.0000
Log pseudolikelihood = -1747435.9                       Pseudo R2     = 0.1929

----------------------------------------------------------------------------------------------
                             |               Robust
                   permanent | Odds ratio   std. err.      z    P>|z|     [95% conf. interval]
-----------------------------+----------------------------------------------------------------
                         act |
        manufactures, prim.  |   5.557626   1.353321     7.04   0.000     3.448386    8.957005
     extractive and energy.  |   5.426377   1.294168     7.09   0.000      3.40018    8.660002
         manufactures, sec.  |   5.505385    1.30281     7.21   0.000     3.462238    8.754241
               construction  |    2.85599   .7077019     4.24   0.000     1.757246    4.641739
      hospitality and sales  |   6.172642   1.380097     8.14   0.000     3.982511    9.567208
 Transport, storage and IT.  |   6.195301   1.422504     7.94   0.000      3.95019    9.716433
  Financial and prof. serv.  |   3.914576   .8946676     5.97   0.000     2.501177    6.126676
   Education and healthcare  |   3.903036   .9704797     5.48   0.000     2.397472    6.354064
             Other services  |    4.80928   1.227634     6.15   0.000     2.916079      7.9316
                             |
                         occ |
       white collar - prof.  |   4.322228   1.171692     5.40   0.000     2.540735    7.352853
white collar - tech. suport  |   4.109195   1.119601     5.19   0.000     2.408998     7.00934
       white collar - other  |    4.50285   1.260389     5.38   0.000     2.601527    7.793751
     blue collar - services  |   2.846948    .757458     3.93   0.000     1.690088    4.795677
  blue collar - agriculture  |   1.960056   .7316216     1.80   0.071     .9430708    4.073735
     blue collar - artisans  |   3.182427   .8584982     4.29   0.000     1.875584    5.399833
       blue collar - equip.  |    3.10731   .8497248     4.15   0.000     1.818089    5.310728
                  unskilled  |    2.89922   .7889554     3.91   0.000     1.700773    4.942149
                             |
              public_servant |   .4177959   .0666234    -5.47   0.000     .3056527    .5710842
                   parent_10 |   1.230804   .1783932     1.43   0.152     .9264357    1.635168
                     married |   1.456268   .2113373     2.59   0.010     1.095753    1.935396
           married_parent_10 |   .9729106   .2497308    -0.11   0.915     .5882785    1.609026
                    divorced |   .8069807   .3788832    -0.46   0.648     .3215274    2.025388
                     widowed |          1  (omitted)
                   part_time |   .6610183   .0539942    -5.07   0.000     .5632283    .7757869
                        erte |          1  (omitted)
                         age |          1  (omitted)
                     college |    1.14639   .0892524     1.75   0.079     .9841511    1.335373
                      tenure |   1.032009   .0012791    25.42   0.000     1.029505    1.034519
                       _cons |    .019547   .0067659   -11.37   0.000     .0099186    .0385221
----------------------------------------------------------------------------------------------
Note: _cons estimates baseline odds.
(est12 stored)
note: widowed omitted because of collinearity.
note: erte omitted because of collinearity.
note: age omitted because of collinearity.

Logistic regression                                     Number of obs =  8,753
                                                        Wald chi2(25) = 747.91
                                                        Prob > chi2   = 0.0000
Log pseudolikelihood = -1831009.4                       Pseudo R2     = 0.1671

----------------------------------------------------------------------------------------------
                             |               Robust
                   permanent | Odds ratio   std. err.      z    P>|z|     [95% conf. interval]
-----------------------------+----------------------------------------------------------------
                         act |
        manufactures, prim.  |   3.599982   .7708598     5.98   0.000     2.366103    5.477307
     extractive and energy.  |   3.163885   .6930326     5.26   0.000     2.059536      4.8604
         manufactures, sec.  |   3.363511   .7370167     5.54   0.000     2.189155    5.167842
               construction  |   2.269423   .5182374     3.59   0.000     1.450567    3.550527
      hospitality and sales  |   3.485301   .6970838     6.24   0.000     2.355018     5.15806
 Transport, storage and IT.  |   4.167099   .8819737     6.74   0.000     2.752171    6.309458
  Financial and prof. serv.  |   2.930346   .6100062     5.16   0.000     1.948612    4.406689
   Education and healthcare  |    2.98342   .6803344     4.79   0.000     1.908129    4.664671
             Other services  |   2.155024   .5129622     3.23   0.001     1.351574    3.436088
                             |
                         occ |
       white collar - prof.  |   2.186357   .6288505     2.72   0.007     1.244212    3.841915
white collar - tech. suport  |   2.194063   .6349721     2.72   0.007     1.244249    3.868929
       white collar - other  |   2.481177   .7324458     3.08   0.002     1.391177    4.425204
     blue collar - services  |   1.812707    .520446     2.07   0.038     1.032617    3.182115
  blue collar - agriculture  |   .8376257   .3241027    -0.46   0.647     .3923687    1.788157
     blue collar - artisans  |   1.655646   .4771248     1.75   0.080     .9411698    2.912508
       blue collar - equip.  |   1.329093   .3930627     0.96   0.336     .7444289    2.372945
                  unskilled  |   1.399384    .410214     1.15   0.252     .7878008    2.485749
                             |
              public_servant |   .3843435   .0562519    -6.53   0.000     .2884956    .5120354
                   parent_10 |   .9019272   .1357427    -0.69   0.493     .6715265    1.211378
                     married |   1.228181   .1784307     1.41   0.157     .9238453    1.632771
           married_parent_10 |   .7158479    .183096    -1.31   0.191     .4336153    1.181781
                    divorced |   9.607118   11.09257     1.96   0.050       .99949    92.34381
                     widowed |          1  (omitted)
                   part_time |   .6255048   .0533006    -5.51   0.000     .5292952    .7392022
                        erte |          1  (omitted)
                         age |          1  (omitted)
                     college |   1.224226   .0901092     2.75   0.006     1.059763    1.414212
                      tenure |   1.031042   .0013854    22.75   0.000      1.02833    1.033761
                       _cons |   .0641078   .0220544    -7.99   0.000     .0326648    .1258176
----------------------------------------------------------------------------------------------
Note: _cons estimates baseline odds.
(est13 stored)
note: widowed omitted because of collinearity.
note: erte omitted because of collinearity.
note: age omitted because of collinearity.

Logistic regression                                     Number of obs =  9,063
                                                        Wald chi2(25) = 865.38
                                                        Prob > chi2   = 0.0000
Log pseudolikelihood = -1887503.3                       Pseudo R2     = 0.1822

----------------------------------------------------------------------------------------------
                             |               Robust
                   permanent | Odds ratio   std. err.      z    P>|z|     [95% conf. interval]
-----------------------------+----------------------------------------------------------------
                         act |
        manufactures, prim.  |   8.574261   1.940818     9.49   0.000     5.502042    13.36194
     extractive and energy.  |   7.507253   1.679891     9.01   0.000     4.841818    11.64002
         manufactures, sec.  |   5.357928   1.225498     7.34   0.000     3.422197    8.388588
               construction  |   3.034999   .7029564     4.79   0.000     1.927552    4.778714
      hospitality and sales  |   6.742083   1.444217     8.91   0.000     4.430562    10.25957
 Transport, storage and IT.  |   8.775038   1.938169     9.83   0.000     5.691694    13.52871
  Financial and prof. serv.  |   5.665312   1.252476     7.85   0.000     3.673177    8.737876
   Education and healthcare  |   3.725629   .9014457     5.44   0.000       2.3187    5.986247
             Other services  |    3.44296   .8565357     4.97   0.000     2.114321    5.606514
                             |
                         occ |
       white collar - prof.  |   2.204534   .6836078     2.55   0.011     1.200511     4.04825
white collar - tech. suport  |   1.832985   .5747697     1.93   0.053     .9913961    3.388991
       white collar - other  |   2.335631   .7452425     2.66   0.008     1.249703    4.365176
     blue collar - services  |   1.650843   .5155949     1.61   0.108     .8950692    3.044773
  blue collar - agriculture  |   .9421272   .3994101    -0.14   0.888     .4104374     2.16258
     blue collar - artisans  |   1.562779   .4855576     1.44   0.151     .8500179    2.873208
       blue collar - equip.  |    1.72919   .5467804     1.73   0.083     .9304384    3.213644
                  unskilled  |   1.147517    .362192     0.44   0.663     .6181492    2.130222
                             |
              public_servant |   .3724389   .0593895    -6.19   0.000     .2724718    .5090828
                   parent_10 |   1.182728   .1969351     1.01   0.314     .8533983    1.639146
                     married |   1.382605   .2328238     1.92   0.054     .9939397    1.923252
           married_parent_10 |   .5242325   .1487175    -2.28   0.023     .3006422    .9141091
                    divorced |    1.41101   .5869364     0.83   0.408     .6243908    3.188626
                     widowed |          1  (omitted)
                   part_time |   .4662515   .0414743    -8.58   0.000      .391655    .5550559
                        erte |          1  (omitted)
                         age |          1  (omitted)
                     college |   1.223671   .0889752     2.78   0.006     1.061139    1.411097
                      tenure |   1.032775   .0015154    21.98   0.000     1.029809    1.035749
                       _cons |   .0429594   .0161879    -8.35   0.000     .0205263    .0899097
----------------------------------------------------------------------------------------------
Note: _cons estimates baseline odds.
(est14 stored)
note: widowed omitted because of collinearity.
note: erte omitted because of collinearity.
note: age omitted because of collinearity.

Logistic regression                                     Number of obs =  9,050
                                                        Wald chi2(25) = 899.09
                                                        Prob > chi2   = 0.0000
Log pseudolikelihood = -1940735.7                       Pseudo R2     = 0.1716

----------------------------------------------------------------------------------------------
                             |               Robust
                   permanent | Odds ratio   std. err.      z    P>|z|     [95% conf. interval]
-----------------------------+----------------------------------------------------------------
                         act |
        manufactures, prim.  |   2.460486   .4516528     4.90   0.000     1.717008    3.525896
     extractive and energy.  |    2.31805   .4167379     4.68   0.000      1.62965    3.297247
         manufactures, sec.  |   1.840642   .3312077     3.39   0.001     1.293608    2.619001
               construction  |   .9983407   .1868666    -0.01   0.993     .6917566    1.440802
      hospitality and sales  |   2.057951   .3347261     4.44   0.000     1.496191     2.83063
 Transport, storage and IT.  |   2.306102   .3974425     4.85   0.000      1.64505    3.232792
  Financial and prof. serv.  |   1.699212   .2950191     3.05   0.002     1.209097    2.387999
   Education and healthcare  |   1.285143   .2488097     1.30   0.195     .8793359    1.878227
             Other services  |   .9077654   .1938553    -0.45   0.650     .5973071    1.379588
                             |
                         occ |
       white collar - prof.  |   4.057877   1.460325     3.89   0.000      2.00435    8.215317
white collar - tech. suport  |   2.812975   1.020572     2.85   0.004     1.381474    5.727818
       white collar - other  |   4.942701   1.808877     4.37   0.000     2.412408    10.12693
     blue collar - services  |   2.949435   1.062487     3.00   0.003     1.455818    5.975452
  blue collar - agriculture  |   .4101339   .1953396    -1.87   0.061      .161255    1.043129
     blue collar - artisans  |   2.426362   .8679386     2.48   0.013     1.203568    4.891483
       blue collar - equip.  |   2.204154   .7916343     2.20   0.028     1.090255    4.456109
                  unskilled  |   1.540349   .5538032     1.20   0.230     .7613525    3.116395
                             |
              public_servant |   .3078522    .049501    -7.33   0.000      .224633    .4219014
                   parent_10 |   1.017472   .1765588     0.10   0.920     .7241289    1.429647
                     married |   .9265225   .1463271    -0.48   0.629     .6798678    1.262663
           married_parent_10 |   1.092796   .2908614     0.33   0.739     .6486059    1.841183
                    divorced |   1.983689   .9816648     1.38   0.166     .7520402    5.232464
                     widowed |          1  (omitted)
                   part_time |   .4323541   .0395441    -9.17   0.000     .3613987    .5172404
                        erte |          1  (omitted)
                         age |          1  (omitted)
                     college |   1.007851   .0748756     0.11   0.916     .8712815    1.165827
                      tenure |   1.033929   .0015306    22.54   0.000     1.030933    1.036933
                       _cons |   .1035945   .0401562    -5.85   0.000     .0484603    .2214558
----------------------------------------------------------------------------------------------
Note: _cons estimates baseline odds.
(est15 stored)
note: widowed omitted because of collinearity.
note: age omitted because of collinearity.

Logistic regression                                     Number of obs =  7,373
                                                        Wald chi2(26) = 746.46
                                                        Prob > chi2   = 0.0000
Log pseudolikelihood = -1737207.2                       Pseudo R2     = 0.1989

----------------------------------------------------------------------------------------------
                             |               Robust
                   permanent | Odds ratio   std. err.      z    P>|z|     [95% conf. interval]
-----------------------------+----------------------------------------------------------------
                         act |
        manufactures, prim.  |   5.809277   1.473499     6.94   0.000     3.533607    9.550495
     extractive and energy.  |   5.183152   1.316563     6.48   0.000     3.150518    8.527192
         manufactures, sec.  |   5.867899   1.498679     6.93   0.000     3.556994    9.680151
               construction  |   2.603397   .6675284     3.73   0.000     1.575022    4.303226
      hospitality and sales  |   4.326572   1.021076     6.21   0.000     2.724329    6.871134
 Transport, storage and IT.  |   7.808865   1.938982     8.28   0.000     4.799877    12.70415
  Financial and prof. serv.  |     4.7484   1.164977     6.35   0.000     2.935707    7.680367
   Education and healthcare  |   2.795394   .7397295     3.88   0.000     1.664157    4.695607
             Other services  |   3.092413   .8751631     3.99   0.000     1.775843    5.385058
                             |
                         occ |
       white collar - prof.  |   2.320923   .8702053     2.25   0.025     1.113042    4.839602
white collar - tech. suport  |   2.507485   .9437961     2.44   0.015     1.199094    5.243525
       white collar - other  |   2.467533   .9495784     2.35   0.019     1.160635    5.246021
     blue collar - services  |   2.379684    .902755     2.29   0.022     1.131379    5.005303
  blue collar - agriculture  |   .3928349   .1986679    -1.85   0.065     .1457918    1.058491
     blue collar - artisans  |     2.1295   .7982211     2.02   0.044     1.021442    4.439579
       blue collar - equip.  |   1.523652   .5798093     1.11   0.268     .7227206    3.212191
                  unskilled  |   1.427663   .5426222     0.94   0.349     .6778025    3.007101
                             |
              public_servant |   .3291225   .0586375    -6.24   0.000     .2321158    .4666706
                   parent_10 |   1.251548    .200026     1.40   0.160     .9149684    1.711942
                     married |   1.113124   .2080526     0.57   0.566     .7716966    1.605612
           married_parent_10 |   .9723491   .2851169    -0.10   0.924     .5473041    1.727491
                    divorced |   1.145677    1.23544     0.13   0.900     .1384109    9.483188
                     widowed |          1  (omitted)
                   part_time |   .4577125   .0506956    -7.06   0.000     .3683961    .5686835
                        erte |    2.12482   .3562039     4.50   0.000     1.529773    2.951326
                         age |          1  (omitted)
                     college |   1.495461   .1270461     4.74   0.000     1.266082    1.766398
                      tenure |   1.039081   .0020533    19.40   0.000     1.035065    1.043114
                       _cons |   .0426809   .0187826    -7.17   0.000     .0180154    .1011167
----------------------------------------------------------------------------------------------
Note: _cons estimates baseline odds.
(est16 stored)
note: widowed omitted because of collinearity.
note: age omitted because of collinearity.

Logistic regression                                     Number of obs =  6,690
                                                        Wald chi2(26) = 588.39
                                                        Prob > chi2   = 0.0000
Log pseudolikelihood = -1826812.7                       Pseudo R2     = 0.1850

----------------------------------------------------------------------------------------------
                             |               Robust
                   permanent | Odds ratio   std. err.      z    P>|z|     [95% conf. interval]
-----------------------------+----------------------------------------------------------------
                         act |
        manufactures, prim.  |   3.398795   .8572704     4.85   0.000     2.073139    5.572135
     extractive and energy.  |   3.085604   .7598283     4.58   0.000     1.904286    4.999748
         manufactures, sec.  |   2.684575   .6807363     3.89   0.000     1.633178    4.412832
               construction  |   1.254124   .3344915     0.85   0.396     .7435565    2.115277
      hospitality and sales  |   3.478089   .7920685     5.47   0.000     2.225849    5.434825
 Transport, storage and IT.  |   3.849401   .8992943     5.77   0.000     2.435208    6.084855
  Financial and prof. serv.  |   3.931201   .9263561     5.81   0.000     2.477116    6.238843
   Education and healthcare  |   2.925568   .7869293     3.99   0.000     1.726836    4.956434
             Other services  |   1.549855   .4301509     1.58   0.114     .8995936    2.670151
                             |
                         occ |
       white collar - prof.  |   .8453256   .3168088    -0.45   0.654     .4055207    1.762118
white collar - tech. suport  |   1.006184   .3757285     0.02   0.987      .483974    2.091859
       white collar - other  |   .8542806   .3303806    -0.41   0.684     .4003231    1.823015
     blue collar - services  |   .7655877   .2930118    -0.70   0.485     .3615899    1.620965
  blue collar - agriculture  |    .244755   .1173043    -2.94   0.003     .0956696    .6261651
     blue collar - artisans  |   1.028386   .3945977     0.07   0.942     .4847805     2.18156
       blue collar - equip.  |   .5647282    .217335    -1.48   0.138     .2656168    1.200669
                  unskilled  |   .5522573   .2124015    -1.54   0.123     .2598749    1.173596
                             |
              public_servant |    .252612   .0504758    -6.89   0.000      .170754    .3737121
                   parent_10 |   .8202062   .1566651    -1.04   0.299      .564076    1.192637
                     married |    1.15173    .263965     0.62   0.538     .7349604    1.804836
           married_parent_10 |   1.630442   .5954105     1.34   0.181      .797004    3.335417
                    divorced |   1.664272   1.103073     0.77   0.442     .4539955    6.100946
                     widowed |          1  (omitted)
                   part_time |   .3923977   .0446679    -8.22   0.000     .3139289    .4904802
                        erte |   1.376172    .770223     0.57   0.568     .4594816    4.121711
                         age |          1  (omitted)
                     college |   1.493566   .1435964     4.17   0.000     1.237049    1.803274
                      tenure |    1.03345   .0021517    15.80   0.000     1.029242    1.037676
                       _cons |   .1683838   .0732425    -4.10   0.000     .0717878    .3949574
----------------------------------------------------------------------------------------------
Note: _cons estimates baseline odds.
(est17 stored)
note: erte != 0 predicts success perfectly;
      erte omitted and 4 obs not used.

note: widowed omitted because of collinearity.
note: age omitted because of collinearity.

Logistic regression                                     Number of obs =  6,495
                                                        Wald chi2(25) = 557.34
                                                        Prob > chi2   = 0.0000
Log pseudolikelihood = -1978821.1                       Pseudo R2     = 0.1446

----------------------------------------------------------------------------------------------
                             |               Robust
                   permanent | Odds ratio   std. err.      z    P>|z|     [95% conf. interval]
-----------------------------+----------------------------------------------------------------
                         act |
        manufactures, prim.  |   2.841805   .6531469     4.54   0.000     1.811165    4.458927
     extractive and energy.  |   2.948745   .6717223     4.75   0.000     1.886836    4.608296
         manufactures, sec.  |   3.804615   .8927549     5.69   0.000     2.402015    6.026228
               construction  |   2.455594   .5974125     3.69   0.000     1.524302    3.955873
      hospitality and sales  |   3.386637   .6904624     5.98   0.000     2.271051     5.05022
 Transport, storage and IT.  |   3.515899   .7614833     5.81   0.000      2.29975    5.375167
  Financial and prof. serv.  |   3.094959   .6520056     5.36   0.000     2.048023    4.677082
   Education and healthcare  |   1.873208   .4522396     2.60   0.009     1.167037    3.006682
             Other services  |   1.530551   .3754828     1.73   0.083     .9462954    2.475535
                             |
                         occ |
       white collar - prof.  |    1.53357   .5069909     1.29   0.196     .8022326    2.931613
white collar - tech. suport  |   1.934163   .6410542     1.99   0.047      1.01012    3.703507
       white collar - other  |   2.284739   .8004495     2.36   0.018     1.149798    4.539957
     blue collar - services  |     1.2968   .4350554     0.77   0.439     .6719066    2.502865
  blue collar - agriculture  |    .231982   .0990272    -3.42   0.001     .1004843     .535563
     blue collar - artisans  |   1.465126   .5007675     1.12   0.264      .749793    2.862914
       blue collar - equip.  |   1.129854   .3848702     0.36   0.720      .579524     2.20279
                  unskilled  |   .9276528    .316089    -0.22   0.826     .4757146    1.808941
                             |
              public_servant |   .2787874   .0493378    -7.22   0.000      .197076    .3943779
                   parent_10 |   .8456555   .1668612    -0.85   0.396      .574431    1.244942
                     married |    .804837   .1839479    -0.95   0.342     .5142369    1.259658
           married_parent_10 |     2.4701   .9202772     2.43   0.015     1.190105    5.126771
                    divorced |   1.440091   1.256472     0.42   0.676     .2604479    7.962674
                     widowed |          1  (omitted)
                   part_time |   .5054819   .0537625    -6.41   0.000     .4103673     .622642
                        erte |          1  (omitted)
                         age |          1  (omitted)
                     college |   1.405454   .1299849     3.68   0.000     1.172445    1.684771
                      tenure |   1.025388   .0019382    13.26   0.000     1.021596    1.029193
                       _cons |   .2106269   .0805581    -4.07   0.000     .0995305    .4457295
----------------------------------------------------------------------------------------------
Note: _cons estimates baseline odds.
(est18 stored)
